[2025-02-11T15:41:09.477+0000] {taskinstance.py:1103} INFO - Dependencies all met for dep_context=non-requeueable deps ti=<TaskInstance: DAG_ETL_daily_jobs.silver_job manual__2025-02-11T15:38:25.393934+00:00 [queued]>
[2025-02-11T15:41:09.497+0000] {taskinstance.py:1103} INFO - Dependencies all met for dep_context=requeueable deps ti=<TaskInstance: DAG_ETL_daily_jobs.silver_job manual__2025-02-11T15:38:25.393934+00:00 [queued]>
[2025-02-11T15:41:09.498+0000] {taskinstance.py:1308} INFO - Starting attempt 1 of 2
[2025-02-11T15:41:09.521+0000] {taskinstance.py:1327} INFO - Executing <Task(SparkSubmitOperator): silver_job> on 2025-02-11 15:38:25.393934+00:00
[2025-02-11T15:41:09.528+0000] {standard_task_runner.py:57} INFO - Started process 1203 to run task
[2025-02-11T15:41:09.537+0000] {standard_task_runner.py:84} INFO - Running: ['***', 'tasks', 'run', 'DAG_ETL_daily_jobs', 'silver_job', 'manual__2025-02-11T15:38:25.393934+00:00', '--job-id', '13', '--raw', '--subdir', 'DAGS_FOLDER/dag_ETL.py', '--cfg-path', '/tmp/tmp4yll60tr']
[2025-02-11T15:41:09.539+0000] {standard_task_runner.py:85} INFO - Job 13: Subtask silver_job
[2025-02-11T15:41:09.667+0000] {task_command.py:410} INFO - Running <TaskInstance: DAG_ETL_daily_jobs.silver_job manual__2025-02-11T15:38:25.393934+00:00 [running]> on host 1921aa867cda
[2025-02-11T15:41:09.862+0000] {taskinstance.py:1545} INFO - Exporting env vars: AIRFLOW_CTX_DAG_OWNER='saadelbekkali' AIRFLOW_CTX_DAG_ID='DAG_ETL_daily_jobs' AIRFLOW_CTX_TASK_ID='silver_job' AIRFLOW_CTX_EXECUTION_DATE='2025-02-11T15:38:25.393934+00:00' AIRFLOW_CTX_TRY_NUMBER='1' AIRFLOW_CTX_DAG_RUN_ID='manual__2025-02-11T15:38:25.393934+00:00'
[2025-02-11T15:41:09.883+0000] {base.py:73} INFO - Using connection ID 'spark_default' for task execution.
[2025-02-11T15:41:09.910+0000] {spark_submit.py:340} INFO - Spark-Submit cmd: spark-submit --master spark://spark:7077 --conf spark.jars.packages=com.typesafe:config:1.4.2,com.lihaoyi:requests_2.12:0.8.0,io.circe:circe-core_2.12:0.14.1,io.circe:circe-parser_2.12:0.14.1,io.circe:circe-generic_2.12:0.14.1,org.apache.hadoop:hadoop-aws:3.3.1,com.amazonaws:aws-java-sdk-bundle:1.12.539,org.apache.iceberg:iceberg-spark-runtime-3.4_2.12:1.3.1 --conf spark.driver.extraClassPath=/opt/***/jars/* --conf spark.executor.extraClassPath=/opt/***/jars/* --conf spark.hadoop.fs.s3a.endpoint=http://minio:9000 --conf spark.hadoop.fs.s3a.access.key=minio --conf spark.hadoop.fs.s3a.secret.key=****** --conf spark.hadoop.fs.s3a.path.style.access=true --conf spark.hadoop.fs.s3a.impl=org.apache.hadoop.fs.s3a.S3AFileSystem --conf spark.hadoop.fs.s3a.aws.credentials.provider=org.apache.hadoop.fs.s3a.SimpleAWSCredentialsProvider --conf spark.driver.userClassPathFirst=true --conf spark.executor.userClassPathFirst=true --conf spark.sql.extensions=org.apache.iceberg.spark.extensions.IcebergSparkSessionExtensions --conf spark.sql.catalog.silver_catalog=org.apache.iceberg.spark.SparkCatalog --conf spark.sql.catalog.silver_catalog.type=hadoop --conf spark.sql.catalog.silver_catalog.warehouse=s3a://silver/ --conf spark.sql.catalog.gold_catalog=org.apache.iceberg.spark.SparkCatalog --conf spark.sql.catalog.gold_catalog.type=hadoop --conf spark.sql.catalog.gold_catalog.warehouse=s3a://gold/ --packages com.typesafe:config:1.4.2,com.lihaoyi:requests_2.12:0.8.0,io.circe:circe-core_2.12:0.14.1,io.circe:circe-parser_2.12:0.14.1,io.circe:circe-generic_2.12:0.14.1,org.apache.hadoop:hadoop-aws:3.3.1,com.amazonaws:aws-java-sdk-bundle:1.12.539,org.apache.iceberg:iceberg-spark-runtime-3.4_2.12:1.3.1 --name arrow-spark --class com.Main --verbose /opt/***/jars/scala-maven-project-2.0-SNAPSHOT.jar silver
[2025-02-11T15:41:15.997+0000] {spark_submit.py:491} INFO - Using properties file: null
[2025-02-11T15:41:16.349+0000] {spark_submit.py:491} INFO - Parsed arguments:
[2025-02-11T15:41:16.349+0000] {spark_submit.py:491} INFO - master                  spark://spark:7077
[2025-02-11T15:41:16.350+0000] {spark_submit.py:491} INFO - remote                  null
[2025-02-11T15:41:16.350+0000] {spark_submit.py:491} INFO - deployMode              null
[2025-02-11T15:41:16.356+0000] {spark_submit.py:491} INFO - executorMemory          null
[2025-02-11T15:41:16.357+0000] {spark_submit.py:491} INFO - executorCores           null
[2025-02-11T15:41:16.357+0000] {spark_submit.py:491} INFO - totalExecutorCores      null
[2025-02-11T15:41:16.358+0000] {spark_submit.py:491} INFO - propertiesFile          null
[2025-02-11T15:41:16.358+0000] {spark_submit.py:491} INFO - driverMemory            null
[2025-02-11T15:41:16.358+0000] {spark_submit.py:491} INFO - driverCores             null
[2025-02-11T15:41:16.359+0000] {spark_submit.py:491} INFO - driverExtraClassPath    /opt/***/jars/*
[2025-02-11T15:41:16.359+0000] {spark_submit.py:491} INFO - driverExtraLibraryPath  null
[2025-02-11T15:41:16.360+0000] {spark_submit.py:491} INFO - driverExtraJavaOptions  null
[2025-02-11T15:41:16.360+0000] {spark_submit.py:491} INFO - supervise               false
[2025-02-11T15:41:16.361+0000] {spark_submit.py:491} INFO - queue                   null
[2025-02-11T15:41:16.361+0000] {spark_submit.py:491} INFO - numExecutors            null
[2025-02-11T15:41:16.361+0000] {spark_submit.py:491} INFO - files                   null
[2025-02-11T15:41:16.363+0000] {spark_submit.py:491} INFO - pyFiles                 null
[2025-02-11T15:41:16.363+0000] {spark_submit.py:491} INFO - archives                null
[2025-02-11T15:41:16.363+0000] {spark_submit.py:491} INFO - mainClass               com.Main
[2025-02-11T15:41:16.364+0000] {spark_submit.py:491} INFO - primaryResource         file:/opt/***/jars/scala-maven-project-2.0-SNAPSHOT.jar
[2025-02-11T15:41:16.364+0000] {spark_submit.py:491} INFO - name                    arrow-spark
[2025-02-11T15:41:16.365+0000] {spark_submit.py:491} INFO - childArgs               [silver]
[2025-02-11T15:41:16.365+0000] {spark_submit.py:491} INFO - jars                    null
[2025-02-11T15:41:16.366+0000] {spark_submit.py:491} INFO - packages                com.typesafe:config:1.4.2,com.lihaoyi:requests_2.12:0.8.0,io.circe:circe-core_2.12:0.14.1,io.circe:circe-parser_2.12:0.14.1,io.circe:circe-generic_2.12:0.14.1,org.apache.hadoop:hadoop-aws:3.3.1,com.amazonaws:aws-java-sdk-bundle:1.12.539,org.apache.iceberg:iceberg-spark-runtime-3.4_2.12:1.3.1
[2025-02-11T15:41:16.366+0000] {spark_submit.py:491} INFO - packagesExclusions      null
[2025-02-11T15:41:16.367+0000] {spark_submit.py:491} INFO - repositories            null
[2025-02-11T15:41:16.367+0000] {spark_submit.py:491} INFO - verbose                 true
[2025-02-11T15:41:16.367+0000] {spark_submit.py:491} INFO - 
[2025-02-11T15:41:16.368+0000] {spark_submit.py:491} INFO - Spark properties used, including those specified through
[2025-02-11T15:41:16.369+0000] {spark_submit.py:491} INFO - --conf and those from the properties file null:
[2025-02-11T15:41:16.369+0000] {spark_submit.py:491} INFO - (spark.driver.extraClassPath,/opt/***/jars/*)
[2025-02-11T15:41:16.369+0000] {spark_submit.py:491} INFO - (spark.driver.userClassPathFirst,true)
[2025-02-11T15:41:16.370+0000] {spark_submit.py:491} INFO - (spark.executor.extraClassPath,/opt/***/jars/*)
[2025-02-11T15:41:16.371+0000] {spark_submit.py:491} INFO - (spark.executor.userClassPathFirst,true)
[2025-02-11T15:41:16.371+0000] {spark_submit.py:491} INFO - (spark.hadoop.fs.s3a.access.key,*********(redacted))
[2025-02-11T15:41:16.372+0000] {spark_submit.py:491} INFO - (spark.hadoop.fs.s3a.aws.credentials.provider,org.apache.hadoop.fs.s3a.SimpleAWSCredentialsProvider)
[2025-02-11T15:41:16.372+0000] {spark_submit.py:491} INFO - (spark.hadoop.fs.s3a.endpoint,http://minio:9000)
[2025-02-11T15:41:16.373+0000] {spark_submit.py:491} INFO - (spark.hadoop.fs.s3a.impl,org.apache.hadoop.fs.s3a.S3AFileSystem)
[2025-02-11T15:41:16.373+0000] {spark_submit.py:491} INFO - (spark.hadoop.fs.s3a.path.style.access,true)
[2025-02-11T15:41:16.374+0000] {spark_submit.py:491} INFO - (spark.hadoop.fs.s3a.secret.key,*********(redacted))
[2025-02-11T15:41:16.374+0000] {spark_submit.py:491} INFO - (spark.jars.packages,com.typesafe:config:1.4.2,com.lihaoyi:requests_2.12:0.8.0,io.circe:circe-core_2.12:0.14.1,io.circe:circe-parser_2.12:0.14.1,io.circe:circe-generic_2.12:0.14.1,org.apache.hadoop:hadoop-aws:3.3.1,com.amazonaws:aws-java-sdk-bundle:1.12.539,org.apache.iceberg:iceberg-spark-runtime-3.4_2.12:1.3.1)
[2025-02-11T15:41:16.375+0000] {spark_submit.py:491} INFO - (spark.sql.catalog.gold_catalog,org.apache.iceberg.spark.SparkCatalog)
[2025-02-11T15:41:16.375+0000] {spark_submit.py:491} INFO - (spark.sql.catalog.gold_catalog.type,hadoop)
[2025-02-11T15:41:16.376+0000] {spark_submit.py:491} INFO - (spark.sql.catalog.gold_catalog.warehouse,s3a://gold/)
[2025-02-11T15:41:16.376+0000] {spark_submit.py:491} INFO - (spark.sql.catalog.silver_catalog,org.apache.iceberg.spark.SparkCatalog)
[2025-02-11T15:41:16.377+0000] {spark_submit.py:491} INFO - (spark.sql.catalog.silver_catalog.type,hadoop)
[2025-02-11T15:41:16.377+0000] {spark_submit.py:491} INFO - (spark.sql.catalog.silver_catalog.warehouse,s3a://silver/)
[2025-02-11T15:41:16.377+0000] {spark_submit.py:491} INFO - (spark.sql.extensions,org.apache.iceberg.spark.extensions.IcebergSparkSessionExtensions)
[2025-02-11T15:41:16.378+0000] {spark_submit.py:491} INFO - 
[2025-02-11T15:41:16.378+0000] {spark_submit.py:491} INFO - 
[2025-02-11T15:41:16.638+0000] {spark_submit.py:491} INFO - :: loading settings :: url = jar:file:/opt/spark-3.4.0-bin-hadoop3/jars/ivy-2.5.1.jar!/org/apache/ivy/core/settings/ivysettings.xml
[2025-02-11T15:41:17.009+0000] {spark_submit.py:491} INFO - Ivy Default Cache set to: /home/***/.ivy2/cache
[2025-02-11T15:41:17.010+0000] {spark_submit.py:491} INFO - The jars for the packages stored in: /home/***/.ivy2/jars
[2025-02-11T15:41:17.020+0000] {spark_submit.py:491} INFO - com.typesafe#config added as a dependency
[2025-02-11T15:41:17.020+0000] {spark_submit.py:491} INFO - com.lihaoyi#requests_2.12 added as a dependency
[2025-02-11T15:41:17.021+0000] {spark_submit.py:491} INFO - io.circe#circe-core_2.12 added as a dependency
[2025-02-11T15:41:17.022+0000] {spark_submit.py:491} INFO - io.circe#circe-parser_2.12 added as a dependency
[2025-02-11T15:41:17.031+0000] {spark_submit.py:491} INFO - io.circe#circe-generic_2.12 added as a dependency
[2025-02-11T15:41:17.032+0000] {spark_submit.py:491} INFO - org.apache.hadoop#hadoop-aws added as a dependency
[2025-02-11T15:41:17.033+0000] {spark_submit.py:491} INFO - com.amazonaws#aws-java-sdk-bundle added as a dependency
[2025-02-11T15:41:17.034+0000] {spark_submit.py:491} INFO - org.apache.iceberg#iceberg-spark-runtime-3.4_2.12 added as a dependency
[2025-02-11T15:41:17.035+0000] {spark_submit.py:491} INFO - :: resolving dependencies :: org.apache.spark#spark-submit-parent-1800002b-8244-442e-b809-ba1422159ced;1.0
[2025-02-11T15:41:17.035+0000] {spark_submit.py:491} INFO - confs: [default]
[2025-02-11T15:41:17.623+0000] {spark_submit.py:491} INFO - found com.typesafe#config;1.4.2 in central
[2025-02-11T15:41:17.812+0000] {spark_submit.py:491} INFO - found com.lihaoyi#requests_2.12;0.8.0 in central
[2025-02-11T15:41:17.938+0000] {spark_submit.py:491} INFO - found com.lihaoyi#geny_2.12;1.0.0 in central
[2025-02-11T15:41:18.028+0000] {spark_submit.py:491} INFO - found io.circe#circe-core_2.12;0.14.1 in central
[2025-02-11T15:41:18.132+0000] {spark_submit.py:491} INFO - found io.circe#circe-numbers_2.12;0.14.1 in central
[2025-02-11T15:41:18.251+0000] {spark_submit.py:491} INFO - found org.typelevel#cats-core_2.12;2.6.1 in central
[2025-02-11T15:41:18.338+0000] {spark_submit.py:491} INFO - found org.typelevel#cats-kernel_2.12;2.6.1 in central
[2025-02-11T15:41:18.384+0000] {spark_submit.py:491} INFO - found org.typelevel#simulacrum-scalafix-annotations_2.12;0.5.4 in central
[2025-02-11T15:41:18.476+0000] {spark_submit.py:491} INFO - found io.circe#circe-parser_2.12;0.14.1 in central
[2025-02-11T15:41:18.500+0000] {spark_submit.py:491} INFO - found io.circe#circe-jawn_2.12;0.14.1 in central
[2025-02-11T15:41:18.553+0000] {spark_submit.py:491} INFO - found org.typelevel#jawn-parser_2.12;1.1.2 in central
[2025-02-11T15:41:18.623+0000] {spark_submit.py:491} INFO - found io.circe#circe-generic_2.12;0.14.1 in central
[2025-02-11T15:41:18.698+0000] {spark_submit.py:491} INFO - found com.chuusai#shapeless_2.12;2.3.7 in central
[2025-02-11T15:41:18.984+0000] {spark_submit.py:491} INFO - found org.apache.hadoop#hadoop-aws;3.3.1 in central
[2025-02-11T15:41:19.091+0000] {spark_submit.py:491} INFO - found org.wildfly.openssl#wildfly-openssl;1.0.7.Final in central
[2025-02-11T15:41:19.110+0000] {spark_submit.py:491} INFO - found com.amazonaws#aws-java-sdk-bundle;1.12.539 in central
[2025-02-11T15:41:19.173+0000] {spark_submit.py:491} INFO - found org.apache.iceberg#iceberg-spark-runtime-3.4_2.12;1.3.1 in central
[2025-02-11T15:41:19.281+0000] {spark_submit.py:491} INFO - :: resolution report :: resolve 2191ms :: artifacts dl 67ms
[2025-02-11T15:41:19.282+0000] {spark_submit.py:491} INFO - :: modules in use:
[2025-02-11T15:41:19.283+0000] {spark_submit.py:491} INFO - com.amazonaws#aws-java-sdk-bundle;1.12.539 from central in [default]
[2025-02-11T15:41:19.283+0000] {spark_submit.py:491} INFO - com.chuusai#shapeless_2.12;2.3.7 from central in [default]
[2025-02-11T15:41:19.284+0000] {spark_submit.py:491} INFO - com.lihaoyi#geny_2.12;1.0.0 from central in [default]
[2025-02-11T15:41:19.284+0000] {spark_submit.py:491} INFO - com.lihaoyi#requests_2.12;0.8.0 from central in [default]
[2025-02-11T15:41:19.285+0000] {spark_submit.py:491} INFO - com.typesafe#config;1.4.2 from central in [default]
[2025-02-11T15:41:19.286+0000] {spark_submit.py:491} INFO - io.circe#circe-core_2.12;0.14.1 from central in [default]
[2025-02-11T15:41:19.286+0000] {spark_submit.py:491} INFO - io.circe#circe-generic_2.12;0.14.1 from central in [default]
[2025-02-11T15:41:19.287+0000] {spark_submit.py:491} INFO - io.circe#circe-jawn_2.12;0.14.1 from central in [default]
[2025-02-11T15:41:19.287+0000] {spark_submit.py:491} INFO - io.circe#circe-numbers_2.12;0.14.1 from central in [default]
[2025-02-11T15:41:19.288+0000] {spark_submit.py:491} INFO - io.circe#circe-parser_2.12;0.14.1 from central in [default]
[2025-02-11T15:41:19.288+0000] {spark_submit.py:491} INFO - org.apache.hadoop#hadoop-aws;3.3.1 from central in [default]
[2025-02-11T15:41:19.288+0000] {spark_submit.py:491} INFO - org.apache.iceberg#iceberg-spark-runtime-3.4_2.12;1.3.1 from central in [default]
[2025-02-11T15:41:19.289+0000] {spark_submit.py:491} INFO - org.typelevel#cats-core_2.12;2.6.1 from central in [default]
[2025-02-11T15:41:19.289+0000] {spark_submit.py:491} INFO - org.typelevel#cats-kernel_2.12;2.6.1 from central in [default]
[2025-02-11T15:41:19.290+0000] {spark_submit.py:491} INFO - org.typelevel#jawn-parser_2.12;1.1.2 from central in [default]
[2025-02-11T15:41:19.290+0000] {spark_submit.py:491} INFO - org.typelevel#simulacrum-scalafix-annotations_2.12;0.5.4 from central in [default]
[2025-02-11T15:41:19.291+0000] {spark_submit.py:491} INFO - org.wildfly.openssl#wildfly-openssl;1.0.7.Final from central in [default]
[2025-02-11T15:41:19.291+0000] {spark_submit.py:491} INFO - :: evicted modules:
[2025-02-11T15:41:19.292+0000] {spark_submit.py:491} INFO - com.amazonaws#aws-java-sdk-bundle;1.11.901 by [com.amazonaws#aws-java-sdk-bundle;1.12.539] in [default]
[2025-02-11T15:41:19.292+0000] {spark_submit.py:491} INFO - ---------------------------------------------------------------------
[2025-02-11T15:41:19.293+0000] {spark_submit.py:491} INFO - |                  |            modules            ||   artifacts   |
[2025-02-11T15:41:19.294+0000] {spark_submit.py:491} INFO - |       conf       | number| search|dwnlded|evicted|| number|dwnlded|
[2025-02-11T15:41:19.295+0000] {spark_submit.py:491} INFO - ---------------------------------------------------------------------
[2025-02-11T15:41:19.295+0000] {spark_submit.py:491} INFO - |      default     |   18  |   0   |   0   |   1   ||   17  |   0   |
[2025-02-11T15:41:19.296+0000] {spark_submit.py:491} INFO - ---------------------------------------------------------------------
[2025-02-11T15:41:19.297+0000] {spark_submit.py:491} INFO - :: retrieving :: org.apache.spark#spark-submit-parent-1800002b-8244-442e-b809-ba1422159ced
[2025-02-11T15:41:19.323+0000] {spark_submit.py:491} INFO - confs: [default]
[2025-02-11T15:41:19.348+0000] {spark_submit.py:491} INFO - 0 artifacts copied, 17 already retrieved (0kB/51ms)
[2025-02-11T15:41:19.974+0000] {spark_submit.py:491} INFO - 25/02/11 15:41:19 WARN NativeCodeLoader: Unable to load native-hadoop library for your platform... using builtin-java classes where applicable
[2025-02-11T15:41:20.577+0000] {spark_submit.py:491} INFO - Main class:
[2025-02-11T15:41:20.578+0000] {spark_submit.py:491} INFO - com.Main
[2025-02-11T15:41:20.579+0000] {spark_submit.py:491} INFO - Arguments:
[2025-02-11T15:41:20.579+0000] {spark_submit.py:491} INFO - silver
[2025-02-11T15:41:20.586+0000] {spark_submit.py:491} INFO - Spark config:
[2025-02-11T15:41:20.587+0000] {spark_submit.py:491} INFO - (spark.app.name,arrow-spark)
[2025-02-11T15:41:20.590+0000] {spark_submit.py:491} INFO - (spark.app.submitTime,1739288480537)
[2025-02-11T15:41:20.590+0000] {spark_submit.py:491} INFO - (spark.driver.extraClassPath,/opt/***/jars/*)
[2025-02-11T15:41:20.592+0000] {spark_submit.py:491} INFO - (spark.driver.userClassPathFirst,true)
[2025-02-11T15:41:20.593+0000] {spark_submit.py:491} INFO - (spark.executor.extraClassPath,/opt/***/jars/*)
[2025-02-11T15:41:20.593+0000] {spark_submit.py:491} INFO - (spark.executor.userClassPathFirst,true)
[2025-02-11T15:41:20.595+0000] {spark_submit.py:491} INFO - (spark.hadoop.fs.s3a.access.key,*********(redacted))
[2025-02-11T15:41:20.596+0000] {spark_submit.py:491} INFO - (spark.hadoop.fs.s3a.aws.credentials.provider,org.apache.hadoop.fs.s3a.SimpleAWSCredentialsProvider)
[2025-02-11T15:41:20.597+0000] {spark_submit.py:491} INFO - (spark.hadoop.fs.s3a.endpoint,http://minio:9000)
[2025-02-11T15:41:20.598+0000] {spark_submit.py:491} INFO - (spark.hadoop.fs.s3a.impl,org.apache.hadoop.fs.s3a.S3AFileSystem)
[2025-02-11T15:41:20.598+0000] {spark_submit.py:491} INFO - (spark.hadoop.fs.s3a.path.style.access,true)
[2025-02-11T15:41:20.601+0000] {spark_submit.py:491} INFO - (spark.hadoop.fs.s3a.secret.key,*********(redacted))
[2025-02-11T15:41:20.602+0000] {spark_submit.py:491} INFO - (spark.jars,file:///home/***/.ivy2/jars/com.typesafe_config-1.4.2.jar,file:///home/***/.ivy2/jars/com.lihaoyi_requests_2.12-0.8.0.jar,file:///home/***/.ivy2/jars/io.circe_circe-core_2.12-0.14.1.jar,file:///home/***/.ivy2/jars/io.circe_circe-parser_2.12-0.14.1.jar,file:///home/***/.ivy2/jars/io.circe_circe-generic_2.12-0.14.1.jar,file:///home/***/.ivy2/jars/org.apache.hadoop_hadoop-aws-3.3.1.jar,file:///home/***/.ivy2/jars/com.amazonaws_aws-java-sdk-bundle-1.12.539.jar,file:///home/***/.ivy2/jars/org.apache.iceberg_iceberg-spark-runtime-3.4_2.12-1.3.1.jar,file:///home/***/.ivy2/jars/com.lihaoyi_geny_2.12-1.0.0.jar,file:///home/***/.ivy2/jars/io.circe_circe-numbers_2.12-0.14.1.jar,file:///home/***/.ivy2/jars/org.typelevel_cats-core_2.12-2.6.1.jar,file:///home/***/.ivy2/jars/org.typelevel_cats-kernel_2.12-2.6.1.jar,file:///home/***/.ivy2/jars/org.typelevel_simulacrum-scalafix-annotations_2.12-0.5.4.jar,file:///home/***/.ivy2/jars/io.circe_circe-jawn_2.12-0.14.1.jar,file:///home/***/.ivy2/jars/org.typelevel_jawn-parser_2.12-1.1.2.jar,file:///home/***/.ivy2/jars/com.chuusai_shapeless_2.12-2.3.7.jar,file:///home/***/.ivy2/jars/org.wildfly.openssl_wildfly-openssl-1.0.7.Final.jar,file:/opt/***/jars/scala-maven-project-2.0-SNAPSHOT.jar)
[2025-02-11T15:41:20.606+0000] {spark_submit.py:491} INFO - (spark.jars.packages,com.typesafe:config:1.4.2,com.lihaoyi:requests_2.12:0.8.0,io.circe:circe-core_2.12:0.14.1,io.circe:circe-parser_2.12:0.14.1,io.circe:circe-generic_2.12:0.14.1,org.apache.hadoop:hadoop-aws:3.3.1,com.amazonaws:aws-java-sdk-bundle:1.12.539,org.apache.iceberg:iceberg-spark-runtime-3.4_2.12:1.3.1)
[2025-02-11T15:41:20.607+0000] {spark_submit.py:491} INFO - (spark.master,spark://spark:7077)
[2025-02-11T15:41:20.609+0000] {spark_submit.py:491} INFO - (spark.repl.local.jars,file:///home/***/.ivy2/jars/com.typesafe_config-1.4.2.jar,file:///home/***/.ivy2/jars/com.lihaoyi_requests_2.12-0.8.0.jar,file:///home/***/.ivy2/jars/io.circe_circe-core_2.12-0.14.1.jar,file:///home/***/.ivy2/jars/io.circe_circe-parser_2.12-0.14.1.jar,file:///home/***/.ivy2/jars/io.circe_circe-generic_2.12-0.14.1.jar,file:///home/***/.ivy2/jars/org.apache.hadoop_hadoop-aws-3.3.1.jar,file:///home/***/.ivy2/jars/com.amazonaws_aws-java-sdk-bundle-1.12.539.jar,file:///home/***/.ivy2/jars/org.apache.iceberg_iceberg-spark-runtime-3.4_2.12-1.3.1.jar,file:///home/***/.ivy2/jars/com.lihaoyi_geny_2.12-1.0.0.jar,file:///home/***/.ivy2/jars/io.circe_circe-numbers_2.12-0.14.1.jar,file:///home/***/.ivy2/jars/org.typelevel_cats-core_2.12-2.6.1.jar,file:///home/***/.ivy2/jars/org.typelevel_cats-kernel_2.12-2.6.1.jar,file:///home/***/.ivy2/jars/org.typelevel_simulacrum-scalafix-annotations_2.12-0.5.4.jar,file:///home/***/.ivy2/jars/io.circe_circe-jawn_2.12-0.14.1.jar,file:///home/***/.ivy2/jars/org.typelevel_jawn-parser_2.12-1.1.2.jar,file:///home/***/.ivy2/jars/com.chuusai_shapeless_2.12-2.3.7.jar,file:///home/***/.ivy2/jars/org.wildfly.openssl_wildfly-openssl-1.0.7.Final.jar)
[2025-02-11T15:41:20.610+0000] {spark_submit.py:491} INFO - (spark.sql.catalog.gold_catalog,org.apache.iceberg.spark.SparkCatalog)
[2025-02-11T15:41:20.611+0000] {spark_submit.py:491} INFO - (spark.sql.catalog.gold_catalog.type,hadoop)
[2025-02-11T15:41:20.612+0000] {spark_submit.py:491} INFO - (spark.sql.catalog.gold_catalog.warehouse,s3a://gold/)
[2025-02-11T15:41:20.614+0000] {spark_submit.py:491} INFO - (spark.sql.catalog.silver_catalog,org.apache.iceberg.spark.SparkCatalog)
[2025-02-11T15:41:20.615+0000] {spark_submit.py:491} INFO - (spark.sql.catalog.silver_catalog.type,hadoop)
[2025-02-11T15:41:20.616+0000] {spark_submit.py:491} INFO - (spark.sql.catalog.silver_catalog.warehouse,s3a://silver/)
[2025-02-11T15:41:20.617+0000] {spark_submit.py:491} INFO - (spark.sql.extensions,org.apache.iceberg.spark.extensions.IcebergSparkSessionExtensions)
[2025-02-11T15:41:20.618+0000] {spark_submit.py:491} INFO - (spark.submit.deployMode,client)
[2025-02-11T15:41:20.618+0000] {spark_submit.py:491} INFO - (spark.submit.pyFiles,)
[2025-02-11T15:41:20.619+0000] {spark_submit.py:491} INFO - Classpath elements:
[2025-02-11T15:41:20.619+0000] {spark_submit.py:491} INFO - file:/opt/***/jars/scala-maven-project-2.0-SNAPSHOT.jar
[2025-02-11T15:41:20.620+0000] {spark_submit.py:491} INFO - file:///home/***/.ivy2/jars/com.typesafe_config-1.4.2.jar
[2025-02-11T15:41:20.620+0000] {spark_submit.py:491} INFO - file:///home/***/.ivy2/jars/com.lihaoyi_requests_2.12-0.8.0.jar
[2025-02-11T15:41:20.621+0000] {spark_submit.py:491} INFO - file:///home/***/.ivy2/jars/io.circe_circe-core_2.12-0.14.1.jar
[2025-02-11T15:41:20.621+0000] {spark_submit.py:491} INFO - file:///home/***/.ivy2/jars/io.circe_circe-parser_2.12-0.14.1.jar
[2025-02-11T15:41:20.622+0000] {spark_submit.py:491} INFO - file:///home/***/.ivy2/jars/io.circe_circe-generic_2.12-0.14.1.jar
[2025-02-11T15:41:20.622+0000] {spark_submit.py:491} INFO - file:///home/***/.ivy2/jars/org.apache.hadoop_hadoop-aws-3.3.1.jar
[2025-02-11T15:41:20.623+0000] {spark_submit.py:491} INFO - file:///home/***/.ivy2/jars/com.amazonaws_aws-java-sdk-bundle-1.12.539.jar
[2025-02-11T15:41:20.624+0000] {spark_submit.py:491} INFO - file:///home/***/.ivy2/jars/org.apache.iceberg_iceberg-spark-runtime-3.4_2.12-1.3.1.jar
[2025-02-11T15:41:20.624+0000] {spark_submit.py:491} INFO - file:///home/***/.ivy2/jars/com.lihaoyi_geny_2.12-1.0.0.jar
[2025-02-11T15:41:20.625+0000] {spark_submit.py:491} INFO - file:///home/***/.ivy2/jars/io.circe_circe-numbers_2.12-0.14.1.jar
[2025-02-11T15:41:20.627+0000] {spark_submit.py:491} INFO - file:///home/***/.ivy2/jars/org.typelevel_cats-core_2.12-2.6.1.jar
[2025-02-11T15:41:20.632+0000] {spark_submit.py:491} INFO - file:///home/***/.ivy2/jars/org.typelevel_cats-kernel_2.12-2.6.1.jar
[2025-02-11T15:41:20.633+0000] {spark_submit.py:491} INFO - file:///home/***/.ivy2/jars/org.typelevel_simulacrum-scalafix-annotations_2.12-0.5.4.jar
[2025-02-11T15:41:20.634+0000] {spark_submit.py:491} INFO - file:///home/***/.ivy2/jars/io.circe_circe-jawn_2.12-0.14.1.jar
[2025-02-11T15:41:20.636+0000] {spark_submit.py:491} INFO - file:///home/***/.ivy2/jars/org.typelevel_jawn-parser_2.12-1.1.2.jar
[2025-02-11T15:41:20.637+0000] {spark_submit.py:491} INFO - file:///home/***/.ivy2/jars/com.chuusai_shapeless_2.12-2.3.7.jar
[2025-02-11T15:41:20.637+0000] {spark_submit.py:491} INFO - file:///home/***/.ivy2/jars/org.wildfly.openssl_wildfly-openssl-1.0.7.Final.jar
[2025-02-11T15:41:20.637+0000] {spark_submit.py:491} INFO - 
[2025-02-11T15:41:20.644+0000] {spark_submit.py:491} INFO - 
[2025-02-11T15:41:21.518+0000] {spark_submit.py:491} INFO - Starting data ingestion process (Silver)...
[2025-02-11T15:41:21.605+0000] {spark_submit.py:491} INFO - 25/02/11 15:41:21 INFO SparkContext: Running Spark version 3.4.0
[2025-02-11T15:41:21.651+0000] {spark_submit.py:491} INFO - 25/02/11 15:41:21 INFO ResourceUtils: ==============================================================
[2025-02-11T15:41:21.651+0000] {spark_submit.py:491} INFO - 25/02/11 15:41:21 INFO ResourceUtils: No custom resources configured for spark.driver.
[2025-02-11T15:41:21.652+0000] {spark_submit.py:491} INFO - 25/02/11 15:41:21 INFO ResourceUtils: ==============================================================
[2025-02-11T15:41:21.652+0000] {spark_submit.py:491} INFO - 25/02/11 15:41:21 INFO SparkContext: Submitted application: Silver Process
[2025-02-11T15:41:21.729+0000] {spark_submit.py:491} INFO - 25/02/11 15:41:21 INFO ResourceProfile: Default ResourceProfile created, executor resources: Map(memory -> name: memory, amount: 1024, script: , vendor: , offHeap -> name: offHeap, amount: 0, script: , vendor: ), task resources: Map(cpus -> name: cpus, amount: 1.0)
[2025-02-11T15:41:21.753+0000] {spark_submit.py:491} INFO - 25/02/11 15:41:21 INFO ResourceProfile: Limiting resource is cpu
[2025-02-11T15:41:21.754+0000] {spark_submit.py:491} INFO - 25/02/11 15:41:21 INFO ResourceProfileManager: Added ResourceProfile id: 0
[2025-02-11T15:41:21.889+0000] {spark_submit.py:491} INFO - 25/02/11 15:41:21 INFO SecurityManager: Changing view acls to: ***
[2025-02-11T15:41:21.892+0000] {spark_submit.py:491} INFO - 25/02/11 15:41:21 INFO SecurityManager: Changing modify acls to: ***
[2025-02-11T15:41:21.895+0000] {spark_submit.py:491} INFO - 25/02/11 15:41:21 INFO SecurityManager: Changing view acls groups to:
[2025-02-11T15:41:21.897+0000] {spark_submit.py:491} INFO - 25/02/11 15:41:21 INFO SecurityManager: Changing modify acls groups to:
[2025-02-11T15:41:21.898+0000] {spark_submit.py:491} INFO - 25/02/11 15:41:21 INFO SecurityManager: SecurityManager: authentication disabled; ui acls disabled; users with view permissions: ***; groups with view permissions: EMPTY; users with modify permissions: ***; groups with modify permissions: EMPTY
[2025-02-11T15:41:22.756+0000] {spark_submit.py:491} INFO - 25/02/11 15:41:22 INFO Utils: Successfully started service 'sparkDriver' on port 34739.
[2025-02-11T15:41:22.839+0000] {spark_submit.py:491} INFO - 25/02/11 15:41:22 INFO SparkEnv: Registering MapOutputTracker
[2025-02-11T15:41:22.902+0000] {spark_submit.py:491} INFO - 25/02/11 15:41:22 INFO SparkEnv: Registering BlockManagerMaster
[2025-02-11T15:41:22.941+0000] {spark_submit.py:491} INFO - 25/02/11 15:41:22 INFO BlockManagerMasterEndpoint: Using org.apache.spark.storage.DefaultTopologyMapper for getting topology information
[2025-02-11T15:41:22.947+0000] {spark_submit.py:491} INFO - 25/02/11 15:41:22 INFO BlockManagerMasterEndpoint: BlockManagerMasterEndpoint up
[2025-02-11T15:41:22.953+0000] {spark_submit.py:491} INFO - 25/02/11 15:41:22 INFO SparkEnv: Registering BlockManagerMasterHeartbeat
[2025-02-11T15:41:23.002+0000] {spark_submit.py:491} INFO - 25/02/11 15:41:23 INFO DiskBlockManager: Created local directory at /tmp/blockmgr-507bb188-4eb8-44d8-92fc-1f797ac3ee54
[2025-02-11T15:41:23.055+0000] {spark_submit.py:491} INFO - 25/02/11 15:41:23 INFO MemoryStore: MemoryStore started with capacity 434.4 MiB
[2025-02-11T15:41:23.153+0000] {spark_submit.py:491} INFO - 25/02/11 15:41:23 INFO SparkEnv: Registering OutputCommitCoordinator
[2025-02-11T15:41:23.643+0000] {spark_submit.py:491} INFO - 25/02/11 15:41:23 INFO JettyUtils: Start Jetty 0.0.0.0:4040 for SparkUI
[2025-02-11T15:41:23.830+0000] {spark_submit.py:491} INFO - 25/02/11 15:41:23 INFO Utils: Successfully started service 'SparkUI' on port 4040.
[2025-02-11T15:41:23.929+0000] {spark_submit.py:491} INFO - 25/02/11 15:41:23 INFO SparkContext: Added JAR file:///home/***/.ivy2/jars/com.typesafe_config-1.4.2.jar at spark://1921aa867cda:34739/jars/com.typesafe_config-1.4.2.jar with timestamp 1739288481582
[2025-02-11T15:41:23.930+0000] {spark_submit.py:491} INFO - 25/02/11 15:41:23 INFO SparkContext: Added JAR file:///home/***/.ivy2/jars/com.lihaoyi_requests_2.12-0.8.0.jar at spark://1921aa867cda:34739/jars/com.lihaoyi_requests_2.12-0.8.0.jar with timestamp 1739288481582
[2025-02-11T15:41:23.930+0000] {spark_submit.py:491} INFO - 25/02/11 15:41:23 INFO SparkContext: Added JAR file:///home/***/.ivy2/jars/io.circe_circe-core_2.12-0.14.1.jar at spark://1921aa867cda:34739/jars/io.circe_circe-core_2.12-0.14.1.jar with timestamp 1739288481582
[2025-02-11T15:41:23.931+0000] {spark_submit.py:491} INFO - 25/02/11 15:41:23 INFO SparkContext: Added JAR file:///home/***/.ivy2/jars/io.circe_circe-parser_2.12-0.14.1.jar at spark://1921aa867cda:34739/jars/io.circe_circe-parser_2.12-0.14.1.jar with timestamp 1739288481582
[2025-02-11T15:41:23.936+0000] {spark_submit.py:491} INFO - 25/02/11 15:41:23 INFO SparkContext: Added JAR file:///home/***/.ivy2/jars/io.circe_circe-generic_2.12-0.14.1.jar at spark://1921aa867cda:34739/jars/io.circe_circe-generic_2.12-0.14.1.jar with timestamp 1739288481582
[2025-02-11T15:41:23.936+0000] {spark_submit.py:491} INFO - 25/02/11 15:41:23 INFO SparkContext: Added JAR file:///home/***/.ivy2/jars/org.apache.hadoop_hadoop-aws-3.3.1.jar at spark://1921aa867cda:34739/jars/org.apache.hadoop_hadoop-aws-3.3.1.jar with timestamp 1739288481582
[2025-02-11T15:41:23.940+0000] {spark_submit.py:491} INFO - 25/02/11 15:41:23 INFO SparkContext: Added JAR file:///home/***/.ivy2/jars/com.amazonaws_aws-java-sdk-bundle-1.12.539.jar at spark://1921aa867cda:34739/jars/com.amazonaws_aws-java-sdk-bundle-1.12.539.jar with timestamp 1739288481582
[2025-02-11T15:41:23.942+0000] {spark_submit.py:491} INFO - 25/02/11 15:41:23 INFO SparkContext: Added JAR file:///home/***/.ivy2/jars/org.apache.iceberg_iceberg-spark-runtime-3.4_2.12-1.3.1.jar at spark://1921aa867cda:34739/jars/org.apache.iceberg_iceberg-spark-runtime-3.4_2.12-1.3.1.jar with timestamp 1739288481582
[2025-02-11T15:41:23.942+0000] {spark_submit.py:491} INFO - 25/02/11 15:41:23 INFO SparkContext: Added JAR file:///home/***/.ivy2/jars/com.lihaoyi_geny_2.12-1.0.0.jar at spark://1921aa867cda:34739/jars/com.lihaoyi_geny_2.12-1.0.0.jar with timestamp 1739288481582
[2025-02-11T15:41:23.943+0000] {spark_submit.py:491} INFO - 25/02/11 15:41:23 INFO SparkContext: Added JAR file:///home/***/.ivy2/jars/io.circe_circe-numbers_2.12-0.14.1.jar at spark://1921aa867cda:34739/jars/io.circe_circe-numbers_2.12-0.14.1.jar with timestamp 1739288481582
[2025-02-11T15:41:23.943+0000] {spark_submit.py:491} INFO - 25/02/11 15:41:23 INFO SparkContext: Added JAR file:///home/***/.ivy2/jars/org.typelevel_cats-core_2.12-2.6.1.jar at spark://1921aa867cda:34739/jars/org.typelevel_cats-core_2.12-2.6.1.jar with timestamp 1739288481582
[2025-02-11T15:41:23.944+0000] {spark_submit.py:491} INFO - 25/02/11 15:41:23 INFO SparkContext: Added JAR file:///home/***/.ivy2/jars/org.typelevel_cats-kernel_2.12-2.6.1.jar at spark://1921aa867cda:34739/jars/org.typelevel_cats-kernel_2.12-2.6.1.jar with timestamp 1739288481582
[2025-02-11T15:41:23.945+0000] {spark_submit.py:491} INFO - 25/02/11 15:41:23 INFO SparkContext: Added JAR file:///home/***/.ivy2/jars/org.typelevel_simulacrum-scalafix-annotations_2.12-0.5.4.jar at spark://1921aa867cda:34739/jars/org.typelevel_simulacrum-scalafix-annotations_2.12-0.5.4.jar with timestamp 1739288481582
[2025-02-11T15:41:23.945+0000] {spark_submit.py:491} INFO - 25/02/11 15:41:23 INFO SparkContext: Added JAR file:///home/***/.ivy2/jars/io.circe_circe-jawn_2.12-0.14.1.jar at spark://1921aa867cda:34739/jars/io.circe_circe-jawn_2.12-0.14.1.jar with timestamp 1739288481582
[2025-02-11T15:41:23.946+0000] {spark_submit.py:491} INFO - 25/02/11 15:41:23 INFO SparkContext: Added JAR file:///home/***/.ivy2/jars/org.typelevel_jawn-parser_2.12-1.1.2.jar at spark://1921aa867cda:34739/jars/org.typelevel_jawn-parser_2.12-1.1.2.jar with timestamp 1739288481582
[2025-02-11T15:41:23.946+0000] {spark_submit.py:491} INFO - 25/02/11 15:41:23 INFO SparkContext: Added JAR file:///home/***/.ivy2/jars/com.chuusai_shapeless_2.12-2.3.7.jar at spark://1921aa867cda:34739/jars/com.chuusai_shapeless_2.12-2.3.7.jar with timestamp 1739288481582
[2025-02-11T15:41:23.947+0000] {spark_submit.py:491} INFO - 25/02/11 15:41:23 INFO SparkContext: Added JAR file:///home/***/.ivy2/jars/org.wildfly.openssl_wildfly-openssl-1.0.7.Final.jar at spark://1921aa867cda:34739/jars/org.wildfly.openssl_wildfly-openssl-1.0.7.Final.jar with timestamp 1739288481582
[2025-02-11T15:41:23.947+0000] {spark_submit.py:491} INFO - 25/02/11 15:41:23 INFO SparkContext: Added JAR file:/opt/***/jars/scala-maven-project-2.0-SNAPSHOT.jar at spark://1921aa867cda:34739/jars/scala-maven-project-2.0-SNAPSHOT.jar with timestamp 1739288481582
[2025-02-11T15:41:24.281+0000] {spark_submit.py:491} INFO - 25/02/11 15:41:24 INFO StandaloneAppClient$ClientEndpoint: Connecting to master spark://spark:7077...
[2025-02-11T15:41:24.422+0000] {spark_submit.py:491} INFO - 25/02/11 15:41:24 INFO TransportClientFactory: Successfully created connection to spark/172.19.0.4:7077 after 64 ms (0 ms spent in bootstraps)
[2025-02-11T15:41:25.078+0000] {spark_submit.py:491} INFO - 25/02/11 15:41:25 INFO StandaloneSchedulerBackend: Connected to Spark cluster with app ID app-20250211154124-0004
[2025-02-11T15:41:25.084+0000] {spark_submit.py:491} INFO - 25/02/11 15:41:25 INFO StandaloneAppClient$ClientEndpoint: Executor added: app-20250211154124-0004/0 on worker-20250211151700-172.19.0.5-35911 (172.19.0.5:35911) with 2 core(s)
[2025-02-11T15:41:25.103+0000] {spark_submit.py:491} INFO - 25/02/11 15:41:25 INFO StandaloneSchedulerBackend: Granted executor ID app-20250211154124-0004/0 on hostPort 172.19.0.5:35911 with 2 core(s), 1024.0 MiB RAM
[2025-02-11T15:41:25.124+0000] {spark_submit.py:491} INFO - 25/02/11 15:41:25 INFO Utils: Successfully started service 'org.apache.spark.network.netty.NettyBlockTransferService' on port 35565.
[2025-02-11T15:41:25.127+0000] {spark_submit.py:491} INFO - 25/02/11 15:41:25 INFO NettyBlockTransferService: Server created on 1921aa867cda:35565
[2025-02-11T15:41:25.132+0000] {spark_submit.py:491} INFO - 25/02/11 15:41:25 INFO BlockManager: Using org.apache.spark.storage.RandomBlockReplicationPolicy for block replication policy
[2025-02-11T15:41:25.147+0000] {spark_submit.py:491} INFO - 25/02/11 15:41:25 INFO BlockManagerMaster: Registering BlockManager BlockManagerId(driver, 1921aa867cda, 35565, None)
[2025-02-11T15:41:25.158+0000] {spark_submit.py:491} INFO - 25/02/11 15:41:25 INFO BlockManagerMasterEndpoint: Registering block manager 1921aa867cda:35565 with 434.4 MiB RAM, BlockManagerId(driver, 1921aa867cda, 35565, None)
[2025-02-11T15:41:25.167+0000] {spark_submit.py:491} INFO - 25/02/11 15:41:25 INFO BlockManagerMaster: Registered BlockManager BlockManagerId(driver, 1921aa867cda, 35565, None)
[2025-02-11T15:41:25.171+0000] {spark_submit.py:491} INFO - 25/02/11 15:41:25 INFO BlockManager: Initialized BlockManager: BlockManagerId(driver, 1921aa867cda, 35565, None)
[2025-02-11T15:41:25.758+0000] {spark_submit.py:491} INFO - 25/02/11 15:41:25 INFO StandaloneAppClient$ClientEndpoint: Executor updated: app-20250211154124-0004/0 is now RUNNING
[2025-02-11T15:41:26.355+0000] {spark_submit.py:491} INFO - 25/02/11 15:41:26 INFO StandaloneSchedulerBackend: SchedulerBackend is ready for scheduling beginning after reached minRegisteredResourcesRatio: 0.0
[2025-02-11T15:41:26.770+0000] {spark_submit.py:491} INFO - 25/02/11 15:41:26 INFO SharedState: Setting hive.metastore.warehouse.dir ('null') to the value of spark.sql.warehouse.dir.
[2025-02-11T15:41:26.778+0000] {spark_submit.py:491} INFO - 25/02/11 15:41:26 INFO SharedState: Warehouse path is 'file:/opt/***/spark-warehouse'.
[2025-02-11T15:41:34.915+0000] {spark_submit.py:491} INFO - 25/02/11 15:41:34 WARN MetricsConfig: Cannot locate configuration: tried hadoop-metrics2-s3a-file-system.properties,hadoop-metrics2.properties
[2025-02-11T15:41:34.943+0000] {spark_submit.py:491} INFO - 25/02/11 15:41:34 INFO MetricsSystemImpl: Scheduled Metric snapshot period at 10 second(s).
[2025-02-11T15:41:34.970+0000] {spark_submit.py:491} INFO - 25/02/11 15:41:34 INFO MetricsSystemImpl: s3a-file-system metrics system started
[2025-02-11T15:41:40.807+0000] {spark_submit.py:491} INFO - 25/02/11 15:41:40 INFO StandaloneSchedulerBackend$StandaloneDriverEndpoint: Registered executor NettyRpcEndpointRef(spark-client://Executor) (172.19.0.5:56722) with ID 0,  ResourceProfileId 0
[2025-02-11T15:41:41.420+0000] {spark_submit.py:491} INFO - 25/02/11 15:41:41 INFO BlockManagerMasterEndpoint: Registering block manager 172.19.0.5:45411 with 434.4 MiB RAM, BlockManagerId(0, 172.19.0.5, 45411, None)
[2025-02-11T15:41:50.266+0000] {spark_submit.py:491} INFO - Reading Product Data from Bronze layer
[2025-02-11T15:41:50.269+0000] {spark_submit.py:491} INFO - Reading data from: s3a://bronze/Products/Products_20250211
[2025-02-11T15:41:51.912+0000] {spark_submit.py:491} INFO - 25/02/11 15:41:51 INFO InMemoryFileIndex: It took 1081 ms to list leaf files for 1 paths.
[2025-02-11T15:41:52.654+0000] {spark_submit.py:491} INFO - 25/02/11 15:41:52 INFO InMemoryFileIndex: It took 53 ms to list leaf files for 1 paths.
[2025-02-11T15:41:54.322+0000] {spark_submit.py:491} INFO - 25/02/11 15:41:54 INFO FileSourceStrategy: Pushed Filters:
[2025-02-11T15:41:54.383+0000] {spark_submit.py:491} INFO - 25/02/11 15:41:54 INFO FileSourceStrategy: Post-Scan Filters:
[2025-02-11T15:41:55.295+0000] {spark_submit.py:491} INFO - 25/02/11 15:41:55 INFO MemoryStore: Block broadcast_0 stored as values in memory (estimated size 208.0 KiB, free 434.2 MiB)
[2025-02-11T15:41:55.609+0000] {spark_submit.py:491} INFO - 25/02/11 15:41:55 INFO MemoryStore: Block broadcast_0_piece0 stored as bytes in memory (estimated size 37.0 KiB, free 434.2 MiB)
[2025-02-11T15:41:55.631+0000] {spark_submit.py:491} INFO - 25/02/11 15:41:55 INFO BlockManagerInfo: Added broadcast_0_piece0 in memory on 1921aa867cda:35565 (size: 37.0 KiB, free: 434.4 MiB)
[2025-02-11T15:41:55.656+0000] {spark_submit.py:491} INFO - 25/02/11 15:41:55 INFO SparkContext: Created broadcast 0 from json at ReaderBase.scala:37
[2025-02-11T15:41:55.756+0000] {spark_submit.py:491} INFO - 25/02/11 15:41:55 INFO FileSourceScanExec: Planning scan with bin packing, max size: 4194304 bytes, open cost is considered as scanning 4194304 bytes.
[2025-02-11T15:41:56.376+0000] {spark_submit.py:491} INFO - 25/02/11 15:41:56 INFO SparkContext: Starting job: json at ReaderBase.scala:37
[2025-02-11T15:41:56.405+0000] {spark_submit.py:491} INFO - 25/02/11 15:41:56 INFO DAGScheduler: Got job 0 (json at ReaderBase.scala:37) with 1 output partitions
[2025-02-11T15:41:56.406+0000] {spark_submit.py:491} INFO - 25/02/11 15:41:56 INFO DAGScheduler: Final stage: ResultStage 0 (json at ReaderBase.scala:37)
[2025-02-11T15:41:56.406+0000] {spark_submit.py:491} INFO - 25/02/11 15:41:56 INFO DAGScheduler: Parents of final stage: List()
[2025-02-11T15:41:56.409+0000] {spark_submit.py:491} INFO - 25/02/11 15:41:56 INFO DAGScheduler: Missing parents: List()
[2025-02-11T15:41:56.421+0000] {spark_submit.py:491} INFO - 25/02/11 15:41:56 INFO DAGScheduler: Submitting ResultStage 0 (MapPartitionsRDD[3] at json at ReaderBase.scala:37), which has no missing parents
[2025-02-11T15:41:56.621+0000] {spark_submit.py:491} INFO - 25/02/11 15:41:56 INFO MemoryStore: Block broadcast_1 stored as values in memory (estimated size 20.5 KiB, free 434.1 MiB)
[2025-02-11T15:41:56.641+0000] {spark_submit.py:491} INFO - 25/02/11 15:41:56 INFO MemoryStore: Block broadcast_1_piece0 stored as bytes in memory (estimated size 8.9 KiB, free 434.1 MiB)
[2025-02-11T15:41:56.642+0000] {spark_submit.py:491} INFO - 25/02/11 15:41:56 INFO BlockManagerInfo: Added broadcast_1_piece0 in memory on 1921aa867cda:35565 (size: 8.9 KiB, free: 434.4 MiB)
[2025-02-11T15:41:56.644+0000] {spark_submit.py:491} INFO - 25/02/11 15:41:56 INFO SparkContext: Created broadcast 1 from broadcast at DAGScheduler.scala:1535
[2025-02-11T15:41:56.733+0000] {spark_submit.py:491} INFO - 25/02/11 15:41:56 INFO DAGScheduler: Submitting 1 missing tasks from ResultStage 0 (MapPartitionsRDD[3] at json at ReaderBase.scala:37) (first 15 tasks are for partitions Vector(0))
[2025-02-11T15:41:56.735+0000] {spark_submit.py:491} INFO - 25/02/11 15:41:56 INFO TaskSchedulerImpl: Adding task set 0.0 with 1 tasks resource profile 0
[2025-02-11T15:41:59.946+0000] {spark_submit.py:491} INFO - 25/02/11 15:41:59 INFO TaskSetManager: Starting task 0.0 in stage 0.0 (TID 0) (172.19.0.5, executor 0, partition 0, PROCESS_LOCAL, 7981 bytes)
[2025-02-11T15:42:01.419+0000] {spark_submit.py:491} INFO - 25/02/11 15:42:01 INFO BlockManagerInfo: Added broadcast_1_piece0 in memory on 172.19.0.5:45411 (size: 8.9 KiB, free: 434.4 MiB)
[2025-02-11T15:42:04.471+0000] {spark_submit.py:491} INFO - 25/02/11 15:42:04 INFO BlockManagerInfo: Added broadcast_0_piece0 in memory on 172.19.0.5:45411 (size: 37.0 KiB, free: 434.4 MiB)
[2025-02-11T15:42:07.720+0000] {spark_submit.py:491} INFO - 25/02/11 15:42:07 INFO TaskSetManager: Finished task 0.0 in stage 0.0 (TID 0) in 7863 ms on 172.19.0.5 (executor 0) (1/1)
[2025-02-11T15:42:07.723+0000] {spark_submit.py:491} INFO - 25/02/11 15:42:07 INFO TaskSchedulerImpl: Removed TaskSet 0.0, whose tasks have all completed, from pool
[2025-02-11T15:42:07.739+0000] {spark_submit.py:491} INFO - 25/02/11 15:42:07 INFO DAGScheduler: ResultStage 0 (json at ReaderBase.scala:37) finished in 11.281 s
[2025-02-11T15:42:07.746+0000] {spark_submit.py:491} INFO - 25/02/11 15:42:07 INFO DAGScheduler: Job 0 is finished. Cancelling potential speculative or zombie tasks for this job
[2025-02-11T15:42:07.747+0000] {spark_submit.py:491} INFO - 25/02/11 15:42:07 INFO TaskSchedulerImpl: Killing all running tasks in stage 0: Stage finished
[2025-02-11T15:42:07.751+0000] {spark_submit.py:491} INFO - 25/02/11 15:42:07 INFO DAGScheduler: Job 0 finished: json at ReaderBase.scala:37, took 11.374293 s
[2025-02-11T15:42:08.261+0000] {spark_submit.py:491} INFO - Reading User Data from Bronze layer
[2025-02-11T15:42:08.267+0000] {spark_submit.py:491} INFO - Reading data from: s3a://bronze/Users/Users_20250211
[2025-02-11T15:42:08.755+0000] {spark_submit.py:491} INFO - 25/02/11 15:42:08 INFO InMemoryFileIndex: It took 54 ms to list leaf files for 1 paths.
[2025-02-11T15:42:08.868+0000] {spark_submit.py:491} INFO - 25/02/11 15:42:08 INFO InMemoryFileIndex: It took 41 ms to list leaf files for 1 paths.
[2025-02-11T15:42:09.274+0000] {spark_submit.py:491} INFO - 25/02/11 15:42:09 INFO FileSourceStrategy: Pushed Filters:
[2025-02-11T15:42:09.277+0000] {spark_submit.py:491} INFO - 25/02/11 15:42:09 INFO FileSourceStrategy: Post-Scan Filters:
[2025-02-11T15:42:09.294+0000] {spark_submit.py:491} INFO - 25/02/11 15:42:09 INFO MemoryStore: Block broadcast_2 stored as values in memory (estimated size 208.0 KiB, free 433.9 MiB)
[2025-02-11T15:42:09.393+0000] {spark_submit.py:491} INFO - 25/02/11 15:42:09 INFO MemoryStore: Block broadcast_2_piece0 stored as bytes in memory (estimated size 37.0 KiB, free 433.9 MiB)
[2025-02-11T15:42:09.407+0000] {spark_submit.py:491} INFO - 25/02/11 15:42:09 INFO BlockManagerInfo: Added broadcast_2_piece0 in memory on 1921aa867cda:35565 (size: 37.0 KiB, free: 434.3 MiB)
[2025-02-11T15:42:09.411+0000] {spark_submit.py:491} INFO - 25/02/11 15:42:09 INFO BlockManagerInfo: Removed broadcast_0_piece0 on 1921aa867cda:35565 in memory (size: 37.0 KiB, free: 434.4 MiB)
[2025-02-11T15:42:09.412+0000] {spark_submit.py:491} INFO - 25/02/11 15:42:09 INFO SparkContext: Created broadcast 2 from json at ReaderBase.scala:37
[2025-02-11T15:42:09.412+0000] {spark_submit.py:491} INFO - 25/02/11 15:42:09 INFO FileSourceScanExec: Planning scan with bin packing, max size: 4194304 bytes, open cost is considered as scanning 4194304 bytes.
[2025-02-11T15:42:09.424+0000] {spark_submit.py:491} INFO - 25/02/11 15:42:09 INFO BlockManagerInfo: Removed broadcast_0_piece0 on 172.19.0.5:45411 in memory (size: 37.0 KiB, free: 434.4 MiB)
[2025-02-11T15:42:09.460+0000] {spark_submit.py:491} INFO - 25/02/11 15:42:09 INFO BlockManagerInfo: Removed broadcast_1_piece0 on 1921aa867cda:35565 in memory (size: 8.9 KiB, free: 434.4 MiB)
[2025-02-11T15:42:09.466+0000] {spark_submit.py:491} INFO - 25/02/11 15:42:09 INFO BlockManagerInfo: Removed broadcast_1_piece0 on 172.19.0.5:45411 in memory (size: 8.9 KiB, free: 434.4 MiB)
[2025-02-11T15:42:09.556+0000] {spark_submit.py:491} INFO - 25/02/11 15:42:09 INFO SparkContext: Starting job: json at ReaderBase.scala:37
[2025-02-11T15:42:09.587+0000] {spark_submit.py:491} INFO - 25/02/11 15:42:09 INFO DAGScheduler: Got job 1 (json at ReaderBase.scala:37) with 1 output partitions
[2025-02-11T15:42:09.627+0000] {spark_submit.py:491} INFO - 25/02/11 15:42:09 INFO DAGScheduler: Final stage: ResultStage 1 (json at ReaderBase.scala:37)
[2025-02-11T15:42:09.628+0000] {spark_submit.py:491} INFO - 25/02/11 15:42:09 INFO DAGScheduler: Parents of final stage: List()
[2025-02-11T15:42:09.629+0000] {spark_submit.py:491} INFO - 25/02/11 15:42:09 INFO DAGScheduler: Missing parents: List()
[2025-02-11T15:42:09.630+0000] {spark_submit.py:491} INFO - 25/02/11 15:42:09 INFO DAGScheduler: Submitting ResultStage 1 (MapPartitionsRDD[7] at json at ReaderBase.scala:37), which has no missing parents
[2025-02-11T15:42:09.637+0000] {spark_submit.py:491} INFO - 25/02/11 15:42:09 INFO MemoryStore: Block broadcast_3 stored as values in memory (estimated size 20.5 KiB, free 434.1 MiB)
[2025-02-11T15:42:09.697+0000] {spark_submit.py:491} INFO - 25/02/11 15:42:09 INFO MemoryStore: Block broadcast_3_piece0 stored as bytes in memory (estimated size 8.9 KiB, free 434.1 MiB)
[2025-02-11T15:42:09.698+0000] {spark_submit.py:491} INFO - 25/02/11 15:42:09 INFO BlockManagerInfo: Added broadcast_3_piece0 in memory on 1921aa867cda:35565 (size: 8.9 KiB, free: 434.4 MiB)
[2025-02-11T15:42:09.699+0000] {spark_submit.py:491} INFO - 25/02/11 15:42:09 INFO SparkContext: Created broadcast 3 from broadcast at DAGScheduler.scala:1535
[2025-02-11T15:42:09.706+0000] {spark_submit.py:491} INFO - 25/02/11 15:42:09 INFO DAGScheduler: Submitting 1 missing tasks from ResultStage 1 (MapPartitionsRDD[7] at json at ReaderBase.scala:37) (first 15 tasks are for partitions Vector(0))
[2025-02-11T15:42:09.719+0000] {spark_submit.py:491} INFO - 25/02/11 15:42:09 INFO TaskSchedulerImpl: Adding task set 1.0 with 1 tasks resource profile 0
[2025-02-11T15:42:09.953+0000] {spark_submit.py:491} INFO - 25/02/11 15:42:09 INFO TaskSetManager: Starting task 0.0 in stage 1.0 (TID 1) (172.19.0.5, executor 0, partition 0, PROCESS_LOCAL, 7975 bytes)
[2025-02-11T15:42:10.183+0000] {spark_submit.py:491} INFO - 25/02/11 15:42:10 INFO BlockManagerInfo: Added broadcast_3_piece0 in memory on 172.19.0.5:45411 (size: 8.9 KiB, free: 434.4 MiB)
[2025-02-11T15:42:10.363+0000] {spark_submit.py:491} INFO - 25/02/11 15:42:10 INFO BlockManagerInfo: Added broadcast_2_piece0 in memory on 172.19.0.5:45411 (size: 37.0 KiB, free: 434.4 MiB)
[2025-02-11T15:42:10.697+0000] {spark_submit.py:491} INFO - 25/02/11 15:42:10 INFO TaskSetManager: Finished task 0.0 in stage 1.0 (TID 1) in 773 ms on 172.19.0.5 (executor 0) (1/1)
[2025-02-11T15:42:10.710+0000] {spark_submit.py:491} INFO - 25/02/11 15:42:10 INFO TaskSchedulerImpl: Removed TaskSet 1.0, whose tasks have all completed, from pool
[2025-02-11T15:42:10.712+0000] {spark_submit.py:491} INFO - 25/02/11 15:42:10 INFO DAGScheduler: ResultStage 1 (json at ReaderBase.scala:37) finished in 1.076 s
[2025-02-11T15:42:10.713+0000] {spark_submit.py:491} INFO - 25/02/11 15:42:10 INFO DAGScheduler: Job 1 is finished. Cancelling potential speculative or zombie tasks for this job
[2025-02-11T15:42:10.713+0000] {spark_submit.py:491} INFO - 25/02/11 15:42:10 INFO TaskSchedulerImpl: Killing all running tasks in stage 1: Stage finished
[2025-02-11T15:42:10.714+0000] {spark_submit.py:491} INFO - 25/02/11 15:42:10 INFO DAGScheduler: Job 1 finished: json at ReaderBase.scala:37, took 1.154162 s
[2025-02-11T15:42:10.803+0000] {spark_submit.py:491} INFO - Processing Product Data for Silver layer
[2025-02-11T15:42:10.811+0000] {spark_submit.py:491} INFO - Starting Product processing
[2025-02-11T15:42:11.356+0000] {spark_submit.py:491} INFO - Writing Processed Product Data to Silver layer
[2025-02-11T15:42:11.361+0000] {spark_submit.py:491} INFO - Starting to write silver_catalog.products
[2025-02-11T15:42:12.567+0000] {spark_submit.py:491} INFO - 25/02/11 15:42:12 INFO FileSourceStrategy: Pushed Filters:
[2025-02-11T15:42:12.568+0000] {spark_submit.py:491} INFO - 25/02/11 15:42:12 INFO FileSourceStrategy: Post-Scan Filters:
[2025-02-11T15:42:13.566+0000] {spark_submit.py:491} INFO - 25/02/11 15:42:13 INFO BlockManagerInfo: Removed broadcast_3_piece0 on 1921aa867cda:35565 in memory (size: 8.9 KiB, free: 434.4 MiB)
[2025-02-11T15:42:13.567+0000] {spark_submit.py:491} INFO - 25/02/11 15:42:13 INFO BlockManagerInfo: Removed broadcast_3_piece0 on 172.19.0.5:45411 in memory (size: 8.9 KiB, free: 434.4 MiB)
[2025-02-11T15:42:13.719+0000] {spark_submit.py:491} INFO - 25/02/11 15:42:13 INFO BlockManagerInfo: Removed broadcast_2_piece0 on 1921aa867cda:35565 in memory (size: 37.0 KiB, free: 434.4 MiB)
[2025-02-11T15:42:13.732+0000] {spark_submit.py:491} INFO - 25/02/11 15:42:13 INFO BlockManagerInfo: Removed broadcast_2_piece0 on 172.19.0.5:45411 in memory (size: 37.0 KiB, free: 434.4 MiB)
[2025-02-11T15:42:15.025+0000] {spark_submit.py:491} INFO - 25/02/11 15:42:15 INFO CodeGenerator: Code generated in 1147.630531 ms
[2025-02-11T15:42:15.050+0000] {spark_submit.py:491} INFO - 25/02/11 15:42:15 INFO MemoryStore: Block broadcast_4 stored as values in memory (estimated size 208.6 KiB, free 434.2 MiB)
[2025-02-11T15:42:15.153+0000] {spark_submit.py:491} INFO - 25/02/11 15:42:15 INFO MemoryStore: Block broadcast_4_piece0 stored as bytes in memory (estimated size 37.2 KiB, free 434.2 MiB)
[2025-02-11T15:42:15.155+0000] {spark_submit.py:491} INFO - 25/02/11 15:42:15 INFO BlockManagerInfo: Added broadcast_4_piece0 in memory on 1921aa867cda:35565 (size: 37.2 KiB, free: 434.4 MiB)
[2025-02-11T15:42:15.185+0000] {spark_submit.py:491} INFO - 25/02/11 15:42:15 INFO SparkContext: Created broadcast 4 from save at WriterIcebergBase.scala:33
[2025-02-11T15:42:15.186+0000] {spark_submit.py:491} INFO - 25/02/11 15:42:15 INFO FileSourceScanExec: Planning scan with bin packing, max size: 4194304 bytes, open cost is considered as scanning 4194304 bytes.
[2025-02-11T15:42:15.276+0000] {spark_submit.py:491} INFO - 25/02/11 15:42:15 INFO DAGScheduler: Registering RDD 11 (save at WriterIcebergBase.scala:33) as input to shuffle 0
[2025-02-11T15:42:15.286+0000] {spark_submit.py:491} INFO - 25/02/11 15:42:15 INFO DAGScheduler: Got map stage job 2 (save at WriterIcebergBase.scala:33) with 1 output partitions
[2025-02-11T15:42:15.287+0000] {spark_submit.py:491} INFO - 25/02/11 15:42:15 INFO DAGScheduler: Final stage: ShuffleMapStage 2 (save at WriterIcebergBase.scala:33)
[2025-02-11T15:42:15.287+0000] {spark_submit.py:491} INFO - 25/02/11 15:42:15 INFO DAGScheduler: Parents of final stage: List()
[2025-02-11T15:42:15.289+0000] {spark_submit.py:491} INFO - 25/02/11 15:42:15 INFO DAGScheduler: Missing parents: List()
[2025-02-11T15:42:15.292+0000] {spark_submit.py:491} INFO - 25/02/11 15:42:15 INFO DAGScheduler: Submitting ShuffleMapStage 2 (MapPartitionsRDD[11] at save at WriterIcebergBase.scala:33), which has no missing parents
[2025-02-11T15:42:15.339+0000] {spark_submit.py:491} INFO - 25/02/11 15:42:15 INFO MemoryStore: Block broadcast_5 stored as values in memory (estimated size 23.9 KiB, free 434.1 MiB)
[2025-02-11T15:42:15.356+0000] {spark_submit.py:491} INFO - 25/02/11 15:42:15 INFO MemoryStore: Block broadcast_5_piece0 stored as bytes in memory (estimated size 10.6 KiB, free 434.1 MiB)
[2025-02-11T15:42:15.360+0000] {spark_submit.py:491} INFO - 25/02/11 15:42:15 INFO BlockManagerInfo: Added broadcast_5_piece0 in memory on 1921aa867cda:35565 (size: 10.6 KiB, free: 434.4 MiB)
[2025-02-11T15:42:15.362+0000] {spark_submit.py:491} INFO - 25/02/11 15:42:15 INFO SparkContext: Created broadcast 5 from broadcast at DAGScheduler.scala:1535
[2025-02-11T15:42:15.364+0000] {spark_submit.py:491} INFO - 25/02/11 15:42:15 INFO DAGScheduler: Submitting 1 missing tasks from ShuffleMapStage 2 (MapPartitionsRDD[11] at save at WriterIcebergBase.scala:33) (first 15 tasks are for partitions Vector(0))
[2025-02-11T15:42:15.365+0000] {spark_submit.py:491} INFO - 25/02/11 15:42:15 INFO TaskSchedulerImpl: Adding task set 2.0 with 1 tasks resource profile 0
[2025-02-11T15:42:15.368+0000] {spark_submit.py:491} INFO - 25/02/11 15:42:15 INFO TaskSetManager: Starting task 0.0 in stage 2.0 (TID 2) (172.19.0.5, executor 0, partition 0, PROCESS_LOCAL, 7970 bytes)
[2025-02-11T15:42:15.426+0000] {spark_submit.py:491} INFO - 25/02/11 15:42:15 INFO BlockManagerInfo: Added broadcast_5_piece0 in memory on 172.19.0.5:45411 (size: 10.6 KiB, free: 434.4 MiB)
[2025-02-11T15:42:16.391+0000] {spark_submit.py:491} INFO - 25/02/11 15:42:16 INFO BlockManagerInfo: Added broadcast_4_piece0 in memory on 172.19.0.5:45411 (size: 37.2 KiB, free: 434.4 MiB)
[2025-02-11T15:42:16.928+0000] {spark_submit.py:491} INFO - 25/02/11 15:42:16 INFO TaskSetManager: Finished task 0.0 in stage 2.0 (TID 2) in 1562 ms on 172.19.0.5 (executor 0) (1/1)
[2025-02-11T15:42:16.929+0000] {spark_submit.py:491} INFO - 25/02/11 15:42:16 INFO TaskSchedulerImpl: Removed TaskSet 2.0, whose tasks have all completed, from pool
[2025-02-11T15:42:16.937+0000] {spark_submit.py:491} INFO - 25/02/11 15:42:16 INFO DAGScheduler: ShuffleMapStage 2 (save at WriterIcebergBase.scala:33) finished in 1.640 s
[2025-02-11T15:42:16.938+0000] {spark_submit.py:491} INFO - 25/02/11 15:42:16 INFO DAGScheduler: looking for newly runnable stages
[2025-02-11T15:42:16.942+0000] {spark_submit.py:491} INFO - 25/02/11 15:42:16 INFO DAGScheduler: running: Set()
[2025-02-11T15:42:16.942+0000] {spark_submit.py:491} INFO - 25/02/11 15:42:16 INFO DAGScheduler: waiting: Set()
[2025-02-11T15:42:16.943+0000] {spark_submit.py:491} INFO - 25/02/11 15:42:16 INFO DAGScheduler: failed: Set()
[2025-02-11T15:42:17.024+0000] {spark_submit.py:491} INFO - 25/02/11 15:42:17 INFO ShufflePartitionsUtil: For shuffle(0), advisory target size: 67108864, actual target size 1048576, minimum partition size: 1048576
[2025-02-11T15:42:17.170+0000] {spark_submit.py:491} INFO - 25/02/11 15:42:17 INFO CodeGenerator: Code generated in 63.509486 ms
[2025-02-11T15:42:17.411+0000] {spark_submit.py:491} INFO - 25/02/11 15:42:17 INFO MemoryStore: Block broadcast_6 stored as values in memory (estimated size 32.0 KiB, free 434.1 MiB)
[2025-02-11T15:42:17.464+0000] {spark_submit.py:491} INFO - 25/02/11 15:42:17 INFO BlockManagerInfo: Removed broadcast_5_piece0 on 1921aa867cda:35565 in memory (size: 10.6 KiB, free: 434.4 MiB)
[2025-02-11T15:42:17.508+0000] {spark_submit.py:491} INFO - 25/02/11 15:42:17 INFO MemoryStore: Block broadcast_6_piece0 stored as bytes in memory (estimated size 30.9 KiB, free 434.1 MiB)
[2025-02-11T15:42:17.516+0000] {spark_submit.py:491} INFO - 25/02/11 15:42:17 INFO BlockManagerInfo: Removed broadcast_5_piece0 on 172.19.0.5:45411 in memory (size: 10.6 KiB, free: 434.4 MiB)
[2025-02-11T15:42:17.518+0000] {spark_submit.py:491} INFO - 25/02/11 15:42:17 INFO BlockManagerInfo: Added broadcast_6_piece0 in memory on 1921aa867cda:35565 (size: 30.9 KiB, free: 434.3 MiB)
[2025-02-11T15:42:17.524+0000] {spark_submit.py:491} INFO - 25/02/11 15:42:17 INFO SparkContext: Created broadcast 6 from broadcast at SparkWrite.java:180
[2025-02-11T15:42:17.604+0000] {spark_submit.py:491} INFO - 25/02/11 15:42:17 INFO OverwriteByExpressionExec: Start processing data source write support: IcebergBatchWrite(table=silver_catalog.products, format=PARQUET). The input RDD has 1 partitions.
[2025-02-11T15:42:17.622+0000] {spark_submit.py:491} INFO - 25/02/11 15:42:17 INFO SparkContext: Starting job: save at WriterIcebergBase.scala:33
[2025-02-11T15:42:17.628+0000] {spark_submit.py:491} INFO - 25/02/11 15:42:17 INFO DAGScheduler: Got job 3 (save at WriterIcebergBase.scala:33) with 1 output partitions
[2025-02-11T15:42:17.633+0000] {spark_submit.py:491} INFO - 25/02/11 15:42:17 INFO DAGScheduler: Final stage: ResultStage 4 (save at WriterIcebergBase.scala:33)
[2025-02-11T15:42:17.634+0000] {spark_submit.py:491} INFO - 25/02/11 15:42:17 INFO DAGScheduler: Parents of final stage: List(ShuffleMapStage 3)
[2025-02-11T15:42:17.635+0000] {spark_submit.py:491} INFO - 25/02/11 15:42:17 INFO DAGScheduler: Missing parents: List()
[2025-02-11T15:42:17.639+0000] {spark_submit.py:491} INFO - 25/02/11 15:42:17 INFO DAGScheduler: Submitting ResultStage 4 (MapPartitionsRDD[13] at save at WriterIcebergBase.scala:33), which has no missing parents
[2025-02-11T15:42:17.657+0000] {spark_submit.py:491} INFO - 25/02/11 15:42:17 INFO MemoryStore: Block broadcast_7 stored as values in memory (estimated size 38.9 KiB, free 434.1 MiB)
[2025-02-11T15:42:17.671+0000] {spark_submit.py:491} INFO - 25/02/11 15:42:17 INFO MemoryStore: Block broadcast_7_piece0 stored as bytes in memory (estimated size 18.6 KiB, free 434.0 MiB)
[2025-02-11T15:42:17.675+0000] {spark_submit.py:491} INFO - 25/02/11 15:42:17 INFO BlockManagerInfo: Added broadcast_7_piece0 in memory on 1921aa867cda:35565 (size: 18.6 KiB, free: 434.3 MiB)
[2025-02-11T15:42:17.676+0000] {spark_submit.py:491} INFO - 25/02/11 15:42:17 INFO SparkContext: Created broadcast 7 from broadcast at DAGScheduler.scala:1535
[2025-02-11T15:42:17.677+0000] {spark_submit.py:491} INFO - 25/02/11 15:42:17 INFO DAGScheduler: Submitting 1 missing tasks from ResultStage 4 (MapPartitionsRDD[13] at save at WriterIcebergBase.scala:33) (first 15 tasks are for partitions Vector(0))
[2025-02-11T15:42:17.678+0000] {spark_submit.py:491} INFO - 25/02/11 15:42:17 INFO TaskSchedulerImpl: Adding task set 4.0 with 1 tasks resource profile 0
[2025-02-11T15:42:17.688+0000] {spark_submit.py:491} INFO - 25/02/11 15:42:17 INFO TaskSetManager: Starting task 0.0 in stage 4.0 (TID 3) (172.19.0.5, executor 0, partition 0, NODE_LOCAL, 7367 bytes)
[2025-02-11T15:42:17.727+0000] {spark_submit.py:491} INFO - 25/02/11 15:42:17 INFO BlockManagerInfo: Added broadcast_7_piece0 in memory on 172.19.0.5:45411 (size: 18.6 KiB, free: 434.3 MiB)
[2025-02-11T15:42:18.113+0000] {spark_submit.py:491} INFO - 25/02/11 15:42:18 INFO MapOutputTrackerMasterEndpoint: Asked to send map output locations for shuffle 0 to 172.19.0.5:56722
[2025-02-11T15:42:18.622+0000] {spark_submit.py:491} INFO - 25/02/11 15:42:18 INFO BlockManagerInfo: Added broadcast_6_piece0 in memory on 172.19.0.5:45411 (size: 30.9 KiB, free: 434.3 MiB)
[2025-02-11T15:42:27.864+0000] {spark_submit.py:491} INFO - 25/02/11 15:42:27 INFO TaskSetManager: Finished task 0.0 in stage 4.0 (TID 3) in 10168 ms on 172.19.0.5 (executor 0) (1/1)
[2025-02-11T15:42:27.876+0000] {spark_submit.py:491} INFO - 25/02/11 15:42:27 INFO TaskSchedulerImpl: Removed TaskSet 4.0, whose tasks have all completed, from pool
[2025-02-11T15:42:27.877+0000] {spark_submit.py:491} INFO - 25/02/11 15:42:27 INFO DAGScheduler: ResultStage 4 (save at WriterIcebergBase.scala:33) finished in 10.217 s
[2025-02-11T15:42:27.878+0000] {spark_submit.py:491} INFO - 25/02/11 15:42:27 INFO DAGScheduler: Job 3 is finished. Cancelling potential speculative or zombie tasks for this job
[2025-02-11T15:42:27.878+0000] {spark_submit.py:491} INFO - 25/02/11 15:42:27 INFO TaskSchedulerImpl: Killing all running tasks in stage 4: Stage finished
[2025-02-11T15:42:27.879+0000] {spark_submit.py:491} INFO - 25/02/11 15:42:27 INFO DAGScheduler: Job 3 finished: save at WriterIcebergBase.scala:33, took 10.252884 s
[2025-02-11T15:42:27.884+0000] {spark_submit.py:491} INFO - 25/02/11 15:42:27 INFO OverwriteByExpressionExec: Data source write support IcebergBatchWrite(table=silver_catalog.products, format=PARQUET) is committing.
[2025-02-11T15:42:29.855+0000] {spark_submit.py:491} INFO - 25/02/11 15:42:29 INFO BlockManagerInfo: Removed broadcast_7_piece0 on 1921aa867cda:35565 in memory (size: 18.6 KiB, free: 434.3 MiB)
[2025-02-11T15:42:29.868+0000] {spark_submit.py:491} INFO - 25/02/11 15:42:29 INFO BlockManagerInfo: Removed broadcast_7_piece0 on 172.19.0.5:45411 in memory (size: 18.6 KiB, free: 434.3 MiB)
[2025-02-11T15:42:32.074+0000] {spark_submit.py:491} INFO - 25/02/11 15:42:32 INFO OverwriteByExpressionExec: Data source write support IcebergBatchWrite(table=silver_catalog.products, format=PARQUET) committed.
[2025-02-11T15:42:32.082+0000] {spark_submit.py:491} INFO - Data written successfully to Iceberg table in MinIO: s3a://silver/Products/Products
[2025-02-11T15:42:32.084+0000] {spark_submit.py:491} INFO - Processing User Data for Silver layer
[2025-02-11T15:42:32.088+0000] {spark_submit.py:491} INFO - Starting Product processing
[2025-02-11T15:42:32.571+0000] {spark_submit.py:491} INFO - Writing Processed User Data to Silver layer
[2025-02-11T15:42:32.584+0000] {spark_submit.py:491} INFO - Starting to write silver_catalog.users
[2025-02-11T15:42:33.169+0000] {spark_submit.py:491} INFO - 25/02/11 15:42:33 INFO FileSourceStrategy: Pushed Filters:
[2025-02-11T15:42:33.171+0000] {spark_submit.py:491} INFO - 25/02/11 15:42:33 INFO FileSourceStrategy: Post-Scan Filters:
[2025-02-11T15:42:33.432+0000] {spark_submit.py:491} INFO - 25/02/11 15:42:33 INFO CodeGenerator: Code generated in 106.255787 ms
[2025-02-11T15:42:33.445+0000] {spark_submit.py:491} INFO - 25/02/11 15:42:33 INFO MemoryStore: Block broadcast_8 stored as values in memory (estimated size 208.6 KiB, free 433.9 MiB)
[2025-02-11T15:42:33.576+0000] {spark_submit.py:491} INFO - 25/02/11 15:42:33 INFO MemoryStore: Block broadcast_8_piece0 stored as bytes in memory (estimated size 37.2 KiB, free 433.9 MiB)
[2025-02-11T15:42:33.582+0000] {spark_submit.py:491} INFO - 25/02/11 15:42:33 INFO BlockManagerInfo: Added broadcast_8_piece0 in memory on 1921aa867cda:35565 (size: 37.2 KiB, free: 434.3 MiB)
[2025-02-11T15:42:33.586+0000] {spark_submit.py:491} INFO - 25/02/11 15:42:33 INFO SparkContext: Created broadcast 8 from save at WriterIcebergBase.scala:33
[2025-02-11T15:42:33.610+0000] {spark_submit.py:491} INFO - 25/02/11 15:42:33 INFO FileSourceScanExec: Planning scan with bin packing, max size: 4194304 bytes, open cost is considered as scanning 4194304 bytes.
[2025-02-11T15:42:33.675+0000] {spark_submit.py:491} INFO - 25/02/11 15:42:33 INFO BlockManagerInfo: Removed broadcast_6_piece0 on 1921aa867cda:35565 in memory (size: 30.9 KiB, free: 434.3 MiB)
[2025-02-11T15:42:33.688+0000] {spark_submit.py:491} INFO - 25/02/11 15:42:33 INFO DAGScheduler: Registering RDD 17 (save at WriterIcebergBase.scala:33) as input to shuffle 1
[2025-02-11T15:42:33.689+0000] {spark_submit.py:491} INFO - 25/02/11 15:42:33 INFO DAGScheduler: Got map stage job 4 (save at WriterIcebergBase.scala:33) with 1 output partitions
[2025-02-11T15:42:33.702+0000] {spark_submit.py:491} INFO - 25/02/11 15:42:33 INFO DAGScheduler: Final stage: ShuffleMapStage 5 (save at WriterIcebergBase.scala:33)
[2025-02-11T15:42:33.709+0000] {spark_submit.py:491} INFO - 25/02/11 15:42:33 INFO DAGScheduler: Parents of final stage: List()
[2025-02-11T15:42:33.711+0000] {spark_submit.py:491} INFO - 25/02/11 15:42:33 INFO DAGScheduler: Missing parents: List()
[2025-02-11T15:42:33.712+0000] {spark_submit.py:491} INFO - 25/02/11 15:42:33 INFO BlockManagerInfo: Removed broadcast_6_piece0 on 172.19.0.5:45411 in memory (size: 30.9 KiB, free: 434.4 MiB)
[2025-02-11T15:42:33.713+0000] {spark_submit.py:491} INFO - 25/02/11 15:42:33 INFO DAGScheduler: Submitting ShuffleMapStage 5 (MapPartitionsRDD[17] at save at WriterIcebergBase.scala:33), which has no missing parents
[2025-02-11T15:42:33.725+0000] {spark_submit.py:491} INFO - 25/02/11 15:42:33 INFO MemoryStore: Block broadcast_9 stored as values in memory (estimated size 21.4 KiB, free 433.9 MiB)
[2025-02-11T15:42:33.781+0000] {spark_submit.py:491} INFO - 25/02/11 15:42:33 INFO MemoryStore: Block broadcast_9_piece0 stored as bytes in memory (estimated size 9.6 KiB, free 433.9 MiB)
[2025-02-11T15:42:33.785+0000] {spark_submit.py:491} INFO - 25/02/11 15:42:33 INFO BlockManagerInfo: Added broadcast_9_piece0 in memory on 1921aa867cda:35565 (size: 9.6 KiB, free: 434.3 MiB)
[2025-02-11T15:42:33.785+0000] {spark_submit.py:491} INFO - 25/02/11 15:42:33 INFO SparkContext: Created broadcast 9 from broadcast at DAGScheduler.scala:1535
[2025-02-11T15:42:33.787+0000] {spark_submit.py:491} INFO - 25/02/11 15:42:33 INFO DAGScheduler: Submitting 1 missing tasks from ShuffleMapStage 5 (MapPartitionsRDD[17] at save at WriterIcebergBase.scala:33) (first 15 tasks are for partitions Vector(0))
[2025-02-11T15:42:33.787+0000] {spark_submit.py:491} INFO - 25/02/11 15:42:33 INFO TaskSchedulerImpl: Adding task set 5.0 with 1 tasks resource profile 0
[2025-02-11T15:42:33.793+0000] {spark_submit.py:491} INFO - 25/02/11 15:42:33 INFO TaskSetManager: Starting task 0.0 in stage 5.0 (TID 4) (172.19.0.5, executor 0, partition 0, PROCESS_LOCAL, 7964 bytes)
[2025-02-11T15:42:33.866+0000] {spark_submit.py:491} INFO - 25/02/11 15:42:33 INFO BlockManagerInfo: Added broadcast_9_piece0 in memory on 172.19.0.5:45411 (size: 9.6 KiB, free: 434.4 MiB)
[2025-02-11T15:42:34.178+0000] {spark_submit.py:491} INFO - 25/02/11 15:42:34 INFO BlockManagerInfo: Added broadcast_8_piece0 in memory on 172.19.0.5:45411 (size: 37.2 KiB, free: 434.3 MiB)
[2025-02-11T15:42:34.395+0000] {spark_submit.py:491} INFO - 25/02/11 15:42:34 INFO TaskSetManager: Finished task 0.0 in stage 5.0 (TID 4) in 604 ms on 172.19.0.5 (executor 0) (1/1)
[2025-02-11T15:42:34.396+0000] {spark_submit.py:491} INFO - 25/02/11 15:42:34 INFO TaskSchedulerImpl: Removed TaskSet 5.0, whose tasks have all completed, from pool
[2025-02-11T15:42:34.400+0000] {spark_submit.py:491} INFO - 25/02/11 15:42:34 INFO DAGScheduler: ShuffleMapStage 5 (save at WriterIcebergBase.scala:33) finished in 0.706 s
[2025-02-11T15:42:34.400+0000] {spark_submit.py:491} INFO - 25/02/11 15:42:34 INFO DAGScheduler: looking for newly runnable stages
[2025-02-11T15:42:34.401+0000] {spark_submit.py:491} INFO - 25/02/11 15:42:34 INFO DAGScheduler: running: Set()
[2025-02-11T15:42:34.402+0000] {spark_submit.py:491} INFO - 25/02/11 15:42:34 INFO DAGScheduler: waiting: Set()
[2025-02-11T15:42:34.402+0000] {spark_submit.py:491} INFO - 25/02/11 15:42:34 INFO DAGScheduler: failed: Set()
[2025-02-11T15:42:34.410+0000] {spark_submit.py:491} INFO - 25/02/11 15:42:34 INFO ShufflePartitionsUtil: For shuffle(1), advisory target size: 67108864, actual target size 1048576, minimum partition size: 1048576
[2025-02-11T15:42:34.457+0000] {spark_submit.py:491} INFO - 25/02/11 15:42:34 INFO MemoryStore: Block broadcast_10 stored as values in memory (estimated size 32.0 KiB, free 433.9 MiB)
[2025-02-11T15:42:34.482+0000] {spark_submit.py:491} INFO - 25/02/11 15:42:34 INFO MemoryStore: Block broadcast_10_piece0 stored as bytes in memory (estimated size 30.8 KiB, free 433.8 MiB)
[2025-02-11T15:42:34.487+0000] {spark_submit.py:491} INFO - 25/02/11 15:42:34 INFO BlockManagerInfo: Added broadcast_10_piece0 in memory on 1921aa867cda:35565 (size: 30.8 KiB, free: 434.3 MiB)
[2025-02-11T15:42:34.489+0000] {spark_submit.py:491} INFO - 25/02/11 15:42:34 INFO SparkContext: Created broadcast 10 from broadcast at SparkWrite.java:180
[2025-02-11T15:42:34.491+0000] {spark_submit.py:491} INFO - 25/02/11 15:42:34 INFO BlockManagerInfo: Removed broadcast_9_piece0 on 172.19.0.5:45411 in memory (size: 9.6 KiB, free: 434.3 MiB)
[2025-02-11T15:42:34.493+0000] {spark_submit.py:491} INFO - 25/02/11 15:42:34 INFO BlockManagerInfo: Removed broadcast_9_piece0 on 1921aa867cda:35565 in memory (size: 9.6 KiB, free: 434.3 MiB)
[2025-02-11T15:42:34.496+0000] {spark_submit.py:491} INFO - 25/02/11 15:42:34 INFO OverwriteByExpressionExec: Start processing data source write support: IcebergBatchWrite(table=silver_catalog.users, format=PARQUET). The input RDD has 1 partitions.
[2025-02-11T15:42:34.497+0000] {spark_submit.py:491} INFO - 25/02/11 15:42:34 INFO SparkContext: Starting job: save at WriterIcebergBase.scala:33
[2025-02-11T15:42:34.500+0000] {spark_submit.py:491} INFO - 25/02/11 15:42:34 INFO DAGScheduler: Got job 5 (save at WriterIcebergBase.scala:33) with 1 output partitions
[2025-02-11T15:42:34.501+0000] {spark_submit.py:491} INFO - 25/02/11 15:42:34 INFO DAGScheduler: Final stage: ResultStage 7 (save at WriterIcebergBase.scala:33)
[2025-02-11T15:42:34.503+0000] {spark_submit.py:491} INFO - 25/02/11 15:42:34 INFO DAGScheduler: Parents of final stage: List(ShuffleMapStage 6)
[2025-02-11T15:42:34.503+0000] {spark_submit.py:491} INFO - 25/02/11 15:42:34 INFO DAGScheduler: Missing parents: List()
[2025-02-11T15:42:34.507+0000] {spark_submit.py:491} INFO - 25/02/11 15:42:34 INFO DAGScheduler: Submitting ResultStage 7 (MapPartitionsRDD[19] at save at WriterIcebergBase.scala:33), which has no missing parents
[2025-02-11T15:42:34.535+0000] {spark_submit.py:491} INFO - 25/02/11 15:42:34 INFO MemoryStore: Block broadcast_11 stored as values in memory (estimated size 37.1 KiB, free 433.8 MiB)
[2025-02-11T15:42:34.536+0000] {spark_submit.py:491} INFO - 25/02/11 15:42:34 INFO MemoryStore: Block broadcast_11_piece0 stored as bytes in memory (estimated size 18.0 KiB, free 433.8 MiB)
[2025-02-11T15:42:34.540+0000] {spark_submit.py:491} INFO - 25/02/11 15:42:34 INFO BlockManagerInfo: Added broadcast_11_piece0 in memory on 1921aa867cda:35565 (size: 18.0 KiB, free: 434.3 MiB)
[2025-02-11T15:42:34.540+0000] {spark_submit.py:491} INFO - 25/02/11 15:42:34 INFO SparkContext: Created broadcast 11 from broadcast at DAGScheduler.scala:1535
[2025-02-11T15:42:34.549+0000] {spark_submit.py:491} INFO - 25/02/11 15:42:34 INFO DAGScheduler: Submitting 1 missing tasks from ResultStage 7 (MapPartitionsRDD[19] at save at WriterIcebergBase.scala:33) (first 15 tasks are for partitions Vector(0))
[2025-02-11T15:42:34.549+0000] {spark_submit.py:491} INFO - 25/02/11 15:42:34 INFO TaskSchedulerImpl: Adding task set 7.0 with 1 tasks resource profile 0
[2025-02-11T15:42:34.553+0000] {spark_submit.py:491} INFO - 25/02/11 15:42:34 INFO TaskSetManager: Starting task 0.0 in stage 7.0 (TID 5) (172.19.0.5, executor 0, partition 0, NODE_LOCAL, 7367 bytes)
[2025-02-11T15:42:34.640+0000] {spark_submit.py:491} INFO - 25/02/11 15:42:34 INFO BlockManagerInfo: Added broadcast_11_piece0 in memory on 172.19.0.5:45411 (size: 18.0 KiB, free: 434.3 MiB)
[2025-02-11T15:42:34.676+0000] {spark_submit.py:491} INFO - 25/02/11 15:42:34 INFO BlockManagerInfo: Removed broadcast_4_piece0 on 172.19.0.5:45411 in memory (size: 37.2 KiB, free: 434.3 MiB)
[2025-02-11T15:42:34.692+0000] {spark_submit.py:491} INFO - 25/02/11 15:42:34 INFO MapOutputTrackerMasterEndpoint: Asked to send map output locations for shuffle 1 to 172.19.0.5:56722
[2025-02-11T15:42:34.733+0000] {spark_submit.py:491} INFO - 25/02/11 15:42:34 INFO BlockManagerInfo: Removed broadcast_4_piece0 on 1921aa867cda:35565 in memory (size: 37.2 KiB, free: 434.3 MiB)
[2025-02-11T15:42:34.750+0000] {spark_submit.py:491} INFO - 25/02/11 15:42:34 INFO BlockManagerInfo: Added broadcast_10_piece0 in memory on 172.19.0.5:45411 (size: 30.8 KiB, free: 434.3 MiB)
[2025-02-11T15:42:34.931+0000] {spark_submit.py:491} INFO - 25/02/11 15:42:34 INFO TaskSetManager: Finished task 0.0 in stage 7.0 (TID 5) in 380 ms on 172.19.0.5 (executor 0) (1/1)
[2025-02-11T15:42:34.938+0000] {spark_submit.py:491} INFO - 25/02/11 15:42:34 INFO TaskSchedulerImpl: Removed TaskSet 7.0, whose tasks have all completed, from pool
[2025-02-11T15:42:34.942+0000] {spark_submit.py:491} INFO - 25/02/11 15:42:34 INFO DAGScheduler: ResultStage 7 (save at WriterIcebergBase.scala:33) finished in 0.409 s
[2025-02-11T15:42:34.949+0000] {spark_submit.py:491} INFO - 25/02/11 15:42:34 INFO DAGScheduler: Job 5 is finished. Cancelling potential speculative or zombie tasks for this job
[2025-02-11T15:42:34.953+0000] {spark_submit.py:491} INFO - 25/02/11 15:42:34 INFO TaskSchedulerImpl: Killing all running tasks in stage 7: Stage finished
[2025-02-11T15:42:34.955+0000] {spark_submit.py:491} INFO - 25/02/11 15:42:34 INFO DAGScheduler: Job 5 finished: save at WriterIcebergBase.scala:33, took 0.440028 s
[2025-02-11T15:42:34.957+0000] {spark_submit.py:491} INFO - 25/02/11 15:42:34 INFO OverwriteByExpressionExec: Data source write support IcebergBatchWrite(table=silver_catalog.users, format=PARQUET) is committing.
[2025-02-11T15:42:36.001+0000] {spark_submit.py:491} INFO - 25/02/11 15:42:35 INFO BlockManagerInfo: Removed broadcast_11_piece0 on 1921aa867cda:35565 in memory (size: 18.0 KiB, free: 434.3 MiB)
[2025-02-11T15:42:36.002+0000] {spark_submit.py:491} INFO - 25/02/11 15:42:35 INFO BlockManagerInfo: Removed broadcast_11_piece0 on 172.19.0.5:45411 in memory (size: 18.0 KiB, free: 434.3 MiB)
[2025-02-11T15:42:36.059+0000] {spark_submit.py:491} INFO - 25/02/11 15:42:36 INFO OverwriteByExpressionExec: Data source write support IcebergBatchWrite(table=silver_catalog.users, format=PARQUET) committed.
[2025-02-11T15:42:36.063+0000] {spark_submit.py:491} INFO - Data written successfully to Iceberg table in MinIO: s3a://silver/Users/Users
[2025-02-11T15:42:36.065+0000] {spark_submit.py:491} INFO - Silver layer processing completed successfully.
[2025-02-11T15:42:36.087+0000] {spark_submit.py:491} INFO - 25/02/11 15:42:36 INFO SparkContext: Invoking stop() from shutdown hook
[2025-02-11T15:42:36.087+0000] {spark_submit.py:491} INFO - 25/02/11 15:42:36 INFO SparkContext: SparkContext is stopping with exitCode 0.
[2025-02-11T15:42:36.136+0000] {spark_submit.py:491} INFO - 25/02/11 15:42:36 INFO SparkUI: Stopped Spark web UI at http://1921aa867cda:4040
[2025-02-11T15:42:36.147+0000] {spark_submit.py:491} INFO - 25/02/11 15:42:36 INFO StandaloneSchedulerBackend: Shutting down all executors
[2025-02-11T15:42:36.149+0000] {spark_submit.py:491} INFO - 25/02/11 15:42:36 INFO StandaloneSchedulerBackend$StandaloneDriverEndpoint: Asking each executor to shut down
[2025-02-11T15:42:36.227+0000] {spark_submit.py:491} INFO - 25/02/11 15:42:36 INFO MapOutputTrackerMasterEndpoint: MapOutputTrackerMasterEndpoint stopped!
[2025-02-11T15:42:36.357+0000] {spark_submit.py:491} INFO - 25/02/11 15:42:36 INFO MemoryStore: MemoryStore cleared
[2025-02-11T15:42:36.371+0000] {spark_submit.py:491} INFO - 25/02/11 15:42:36 INFO BlockManager: BlockManager stopped
[2025-02-11T15:42:36.390+0000] {spark_submit.py:491} INFO - 25/02/11 15:42:36 INFO BlockManagerMaster: BlockManagerMaster stopped
[2025-02-11T15:42:36.406+0000] {spark_submit.py:491} INFO - 25/02/11 15:42:36 INFO OutputCommitCoordinator$OutputCommitCoordinatorEndpoint: OutputCommitCoordinator stopped!
[2025-02-11T15:42:36.619+0000] {spark_submit.py:491} INFO - 25/02/11 15:42:36 INFO SparkContext: Successfully stopped SparkContext
[2025-02-11T15:42:36.620+0000] {spark_submit.py:491} INFO - 25/02/11 15:42:36 INFO ShutdownHookManager: Shutdown hook called
[2025-02-11T15:42:36.620+0000] {spark_submit.py:491} INFO - 25/02/11 15:42:36 INFO ShutdownHookManager: Deleting directory /tmp/spark-c5fe998b-f0d1-43c9-bb70-6cd46c306e5b
[2025-02-11T15:42:36.647+0000] {spark_submit.py:491} INFO - 25/02/11 15:42:36 INFO ShutdownHookManager: Deleting directory /tmp/spark-0ac59431-3814-4b2f-aaa2-a1353d5e079d
[2025-02-11T15:42:36.707+0000] {spark_submit.py:491} INFO - 25/02/11 15:42:36 INFO MetricsSystemImpl: Stopping s3a-file-system metrics system...
[2025-02-11T15:42:36.709+0000] {spark_submit.py:491} INFO - 25/02/11 15:42:36 INFO MetricsSystemImpl: s3a-file-system metrics system stopped.
[2025-02-11T15:42:36.709+0000] {spark_submit.py:491} INFO - 25/02/11 15:42:36 INFO MetricsSystemImpl: s3a-file-system metrics system shutdown complete.
[2025-02-11T15:42:37.653+0000] {taskinstance.py:1345} INFO - Marking task as SUCCESS. dag_id=DAG_ETL_daily_jobs, task_id=silver_job, execution_date=20250211T153825, start_date=20250211T154109, end_date=20250211T154237
[2025-02-11T15:42:37.775+0000] {local_task_job_runner.py:225} INFO - Task exited with return code 0
[2025-02-11T15:42:37.967+0000] {taskinstance.py:2653} INFO - 1 downstream tasks scheduled from follow-on schedule check
