[2025-01-31T10:58:57.999+0000] {taskinstance.py:1103} INFO - Dependencies all met for dep_context=non-requeueable deps ti=<TaskInstance: spark_minio_job_read.spark_minio_task manual__2025-01-31T10:52:29.694899+00:00 [queued]>
[2025-01-31T10:58:58.014+0000] {taskinstance.py:1103} INFO - Dependencies all met for dep_context=requeueable deps ti=<TaskInstance: spark_minio_job_read.spark_minio_task manual__2025-01-31T10:52:29.694899+00:00 [queued]>
[2025-01-31T10:58:58.015+0000] {taskinstance.py:1308} INFO - Starting attempt 2 of 2
[2025-01-31T10:58:58.038+0000] {taskinstance.py:1327} INFO - Executing <Task(SparkSubmitOperator): spark_minio_task> on 2025-01-31 10:52:29.694899+00:00
[2025-01-31T10:58:58.047+0000] {standard_task_runner.py:57} INFO - Started process 1063 to run task
[2025-01-31T10:58:58.068+0000] {standard_task_runner.py:84} INFO - Running: ['***', 'tasks', 'run', 'spark_minio_job_read', 'spark_minio_task', 'manual__2025-01-31T10:52:29.694899+00:00', '--job-id', '6', '--raw', '--subdir', 'DAGS_FOLDER/spark_test_readingMinio_dag.py', '--cfg-path', '/tmp/tmp9o21i5ih']
[2025-01-31T10:58:58.073+0000] {standard_task_runner.py:85} INFO - Job 6: Subtask spark_minio_task
[2025-01-31T10:58:58.284+0000] {task_command.py:410} INFO - Running <TaskInstance: spark_minio_job_read.spark_minio_task manual__2025-01-31T10:52:29.694899+00:00 [running]> on host e056d9101b78
[2025-01-31T10:58:58.589+0000] {taskinstance.py:1545} INFO - Exporting env vars: AIRFLOW_CTX_DAG_OWNER='***' AIRFLOW_CTX_DAG_ID='spark_minio_job_read' AIRFLOW_CTX_TASK_ID='spark_minio_task' AIRFLOW_CTX_EXECUTION_DATE='2025-01-31T10:52:29.694899+00:00' AIRFLOW_CTX_TRY_NUMBER='2' AIRFLOW_CTX_DAG_RUN_ID='manual__2025-01-31T10:52:29.694899+00:00'
[2025-01-31T10:58:58.613+0000] {base.py:73} INFO - Using connection ID 'spark_default' for task execution.
[2025-01-31T10:58:58.621+0000] {spark_submit.py:340} INFO - Spark-Submit cmd: spark-submit --master spark://spark:7077 --conf spark.driver.extraClassPath=/opt/***/jars/* --conf spark.executor.extraClassPath=/opt/***/jars/* --conf spark.hadoop.fs.s3a.endpoint=http://minio:9000 --conf spark.hadoop.fs.s3a.access.key=minio --conf spark.hadoop.fs.s3a.secret.key=****** --conf spark.hadoop.fs.s3a.path.style.access=true --conf spark.hadoop.fs.s3a.impl=org.apache.hadoop.fs.s3a.S3AFileSystem --conf spark.hadoop.fs.s3a.aws.credentials.provider=org.apache.hadoop.fs.s3a.SimpleAWSCredentialsProvider --packages org.apache.hadoop:hadoop-aws:3.3.4,com.amazonaws:aws-java-sdk-bundle:1.11.1026 --name arrow-spark --verbose /opt/***/dags/spark_test_readingMinio.py
[2025-01-31T10:59:05.685+0000] {spark_submit.py:491} INFO - Using properties file: null
[2025-01-31T10:59:06.311+0000] {spark_submit.py:491} INFO - Parsed arguments:
[2025-01-31T10:59:06.312+0000] {spark_submit.py:491} INFO - master                  spark://spark:7077
[2025-01-31T10:59:06.312+0000] {spark_submit.py:491} INFO - remote                  null
[2025-01-31T10:59:06.313+0000] {spark_submit.py:491} INFO - deployMode              null
[2025-01-31T10:59:06.313+0000] {spark_submit.py:491} INFO - executorMemory          null
[2025-01-31T10:59:06.314+0000] {spark_submit.py:491} INFO - executorCores           null
[2025-01-31T10:59:06.314+0000] {spark_submit.py:491} INFO - totalExecutorCores      null
[2025-01-31T10:59:06.315+0000] {spark_submit.py:491} INFO - propertiesFile          null
[2025-01-31T10:59:06.315+0000] {spark_submit.py:491} INFO - driverMemory            null
[2025-01-31T10:59:06.316+0000] {spark_submit.py:491} INFO - driverCores             null
[2025-01-31T10:59:06.318+0000] {spark_submit.py:491} INFO - driverExtraClassPath    /opt/***/jars/*
[2025-01-31T10:59:06.319+0000] {spark_submit.py:491} INFO - driverExtraLibraryPath  null
[2025-01-31T10:59:06.319+0000] {spark_submit.py:491} INFO - driverExtraJavaOptions  null
[2025-01-31T10:59:06.321+0000] {spark_submit.py:491} INFO - supervise               false
[2025-01-31T10:59:06.322+0000] {spark_submit.py:491} INFO - queue                   null
[2025-01-31T10:59:06.322+0000] {spark_submit.py:491} INFO - numExecutors            null
[2025-01-31T10:59:06.323+0000] {spark_submit.py:491} INFO - files                   null
[2025-01-31T10:59:06.325+0000] {spark_submit.py:491} INFO - pyFiles                 null
[2025-01-31T10:59:06.326+0000] {spark_submit.py:491} INFO - archives                null
[2025-01-31T10:59:06.328+0000] {spark_submit.py:491} INFO - mainClass               null
[2025-01-31T10:59:06.328+0000] {spark_submit.py:491} INFO - primaryResource         file:/opt/***/dags/spark_test_readingMinio.py
[2025-01-31T10:59:06.329+0000] {spark_submit.py:491} INFO - name                    arrow-spark
[2025-01-31T10:59:06.330+0000] {spark_submit.py:491} INFO - childArgs               []
[2025-01-31T10:59:06.331+0000] {spark_submit.py:491} INFO - jars                    null
[2025-01-31T10:59:06.332+0000] {spark_submit.py:491} INFO - packages                org.apache.hadoop:hadoop-aws:3.3.4,com.amazonaws:aws-java-sdk-bundle:1.11.1026
[2025-01-31T10:59:06.333+0000] {spark_submit.py:491} INFO - packagesExclusions      null
[2025-01-31T10:59:06.333+0000] {spark_submit.py:491} INFO - repositories            null
[2025-01-31T10:59:06.334+0000] {spark_submit.py:491} INFO - verbose                 true
[2025-01-31T10:59:06.335+0000] {spark_submit.py:491} INFO - 
[2025-01-31T10:59:06.336+0000] {spark_submit.py:491} INFO - Spark properties used, including those specified through
[2025-01-31T10:59:06.336+0000] {spark_submit.py:491} INFO - --conf and those from the properties file null:
[2025-01-31T10:59:06.336+0000] {spark_submit.py:491} INFO - (spark.driver.extraClassPath,/opt/***/jars/*)
[2025-01-31T10:59:06.337+0000] {spark_submit.py:491} INFO - (spark.executor.extraClassPath,/opt/***/jars/*)
[2025-01-31T10:59:06.340+0000] {spark_submit.py:491} INFO - (spark.hadoop.fs.s3a.access.key,*********(redacted))
[2025-01-31T10:59:06.341+0000] {spark_submit.py:491} INFO - (spark.hadoop.fs.s3a.aws.credentials.provider,org.apache.hadoop.fs.s3a.SimpleAWSCredentialsProvider)
[2025-01-31T10:59:06.341+0000] {spark_submit.py:491} INFO - (spark.hadoop.fs.s3a.endpoint,http://minio:9000)
[2025-01-31T10:59:06.342+0000] {spark_submit.py:491} INFO - (spark.hadoop.fs.s3a.impl,org.apache.hadoop.fs.s3a.S3AFileSystem)
[2025-01-31T10:59:06.342+0000] {spark_submit.py:491} INFO - (spark.hadoop.fs.s3a.path.style.access,true)
[2025-01-31T10:59:06.342+0000] {spark_submit.py:491} INFO - (spark.hadoop.fs.s3a.secret.key,*********(redacted))
[2025-01-31T10:59:06.343+0000] {spark_submit.py:491} INFO - 
[2025-01-31T10:59:06.343+0000] {spark_submit.py:491} INFO - 
[2025-01-31T10:59:06.673+0000] {spark_submit.py:491} INFO - :: loading settings :: url = jar:file:/opt/spark-3.4.0-bin-hadoop3/jars/ivy-2.5.1.jar!/org/apache/ivy/core/settings/ivysettings.xml
[2025-01-31T10:59:06.940+0000] {spark_submit.py:491} INFO - Ivy Default Cache set to: /home/***/.ivy2/cache
[2025-01-31T10:59:06.941+0000] {spark_submit.py:491} INFO - The jars for the packages stored in: /home/***/.ivy2/jars
[2025-01-31T10:59:06.950+0000] {spark_submit.py:491} INFO - org.apache.hadoop#hadoop-aws added as a dependency
[2025-01-31T10:59:06.953+0000] {spark_submit.py:491} INFO - com.amazonaws#aws-java-sdk-bundle added as a dependency
[2025-01-31T10:59:06.954+0000] {spark_submit.py:491} INFO - :: resolving dependencies :: org.apache.spark#spark-submit-parent-c459adf6-2fc9-4fa9-b7d0-3c538ba73948;1.0
[2025-01-31T10:59:06.954+0000] {spark_submit.py:491} INFO - confs: [default]
[2025-01-31T10:59:07.537+0000] {spark_submit.py:491} INFO - found org.apache.hadoop#hadoop-aws;3.3.4 in central
[2025-01-31T10:59:07.603+0000] {spark_submit.py:491} INFO - found com.amazonaws#aws-java-sdk-bundle;1.12.262 in central
[2025-01-31T10:59:07.670+0000] {spark_submit.py:491} INFO - found org.wildfly.openssl#wildfly-openssl;1.0.7.Final in central
[2025-01-31T10:59:07.710+0000] {spark_submit.py:491} INFO - :: resolution report :: resolve 743ms :: artifacts dl 15ms
[2025-01-31T10:59:07.712+0000] {spark_submit.py:491} INFO - :: modules in use:
[2025-01-31T10:59:07.713+0000] {spark_submit.py:491} INFO - com.amazonaws#aws-java-sdk-bundle;1.12.262 from central in [default]
[2025-01-31T10:59:07.714+0000] {spark_submit.py:491} INFO - org.apache.hadoop#hadoop-aws;3.3.4 from central in [default]
[2025-01-31T10:59:07.715+0000] {spark_submit.py:491} INFO - org.wildfly.openssl#wildfly-openssl;1.0.7.Final from central in [default]
[2025-01-31T10:59:07.716+0000] {spark_submit.py:491} INFO - :: evicted modules:
[2025-01-31T10:59:07.716+0000] {spark_submit.py:491} INFO - com.amazonaws#aws-java-sdk-bundle;1.11.1026 by [com.amazonaws#aws-java-sdk-bundle;1.12.262] in [default]
[2025-01-31T10:59:07.719+0000] {spark_submit.py:491} INFO - ---------------------------------------------------------------------
[2025-01-31T10:59:07.720+0000] {spark_submit.py:491} INFO - |                  |            modules            ||   artifacts   |
[2025-01-31T10:59:07.720+0000] {spark_submit.py:491} INFO - |       conf       | number| search|dwnlded|evicted|| number|dwnlded|
[2025-01-31T10:59:07.722+0000] {spark_submit.py:491} INFO - ---------------------------------------------------------------------
[2025-01-31T10:59:07.724+0000] {spark_submit.py:491} INFO - |      default     |   4   |   0   |   0   |   1   ||   3   |   0   |
[2025-01-31T10:59:07.724+0000] {spark_submit.py:491} INFO - ---------------------------------------------------------------------
[2025-01-31T10:59:07.725+0000] {spark_submit.py:491} INFO - :: retrieving :: org.apache.spark#spark-submit-parent-c459adf6-2fc9-4fa9-b7d0-3c538ba73948
[2025-01-31T10:59:07.725+0000] {spark_submit.py:491} INFO - confs: [default]
[2025-01-31T10:59:07.736+0000] {spark_submit.py:491} INFO - 0 artifacts copied, 3 already retrieved (0kB/11ms)
[2025-01-31T10:59:08.246+0000] {spark_submit.py:491} INFO - 25/01/31 10:59:08 WARN NativeCodeLoader: Unable to load native-hadoop library for your platform... using builtin-java classes where applicable
[2025-01-31T10:59:08.972+0000] {spark_submit.py:491} INFO - Main class:
[2025-01-31T10:59:08.975+0000] {spark_submit.py:491} INFO - org.apache.spark.deploy.PythonRunner
[2025-01-31T10:59:08.976+0000] {spark_submit.py:491} INFO - Arguments:
[2025-01-31T10:59:08.977+0000] {spark_submit.py:491} INFO - file:/opt/***/dags/spark_test_readingMinio.py
[2025-01-31T10:59:08.978+0000] {spark_submit.py:491} INFO - file:///home/***/.ivy2/jars/org.apache.hadoop_hadoop-aws-3.3.4.jar,file:///home/***/.ivy2/jars/com.amazonaws_aws-java-sdk-bundle-1.12.262.jar,file:///home/***/.ivy2/jars/org.wildfly.openssl_wildfly-openssl-1.0.7.Final.jar
[2025-01-31T10:59:08.986+0000] {spark_submit.py:491} INFO - Spark config:
[2025-01-31T10:59:08.987+0000] {spark_submit.py:491} INFO - (spark.app.name,arrow-spark)
[2025-01-31T10:59:08.987+0000] {spark_submit.py:491} INFO - (spark.app.submitTime,1738321148918)
[2025-01-31T10:59:08.988+0000] {spark_submit.py:491} INFO - (spark.driver.extraClassPath,/opt/***/jars/*)
[2025-01-31T10:59:08.989+0000] {spark_submit.py:491} INFO - (spark.executor.extraClassPath,/opt/***/jars/*)
[2025-01-31T10:59:08.989+0000] {spark_submit.py:491} INFO - (spark.files,file:///home/***/.ivy2/jars/org.apache.hadoop_hadoop-aws-3.3.4.jar,file:///home/***/.ivy2/jars/com.amazonaws_aws-java-sdk-bundle-1.12.262.jar,file:///home/***/.ivy2/jars/org.wildfly.openssl_wildfly-openssl-1.0.7.Final.jar)
[2025-01-31T10:59:08.991+0000] {spark_submit.py:491} INFO - (spark.hadoop.fs.s3a.access.key,*********(redacted))
[2025-01-31T10:59:08.991+0000] {spark_submit.py:491} INFO - (spark.hadoop.fs.s3a.aws.credentials.provider,org.apache.hadoop.fs.s3a.SimpleAWSCredentialsProvider)
[2025-01-31T10:59:08.992+0000] {spark_submit.py:491} INFO - (spark.hadoop.fs.s3a.endpoint,http://minio:9000)
[2025-01-31T10:59:08.993+0000] {spark_submit.py:491} INFO - (spark.hadoop.fs.s3a.impl,org.apache.hadoop.fs.s3a.S3AFileSystem)
[2025-01-31T10:59:08.994+0000] {spark_submit.py:491} INFO - (spark.hadoop.fs.s3a.path.style.access,true)
[2025-01-31T10:59:08.994+0000] {spark_submit.py:491} INFO - (spark.hadoop.fs.s3a.secret.key,*********(redacted))
[2025-01-31T10:59:08.995+0000] {spark_submit.py:491} INFO - (spark.jars,file:///home/***/.ivy2/jars/org.apache.hadoop_hadoop-aws-3.3.4.jar,file:///home/***/.ivy2/jars/com.amazonaws_aws-java-sdk-bundle-1.12.262.jar,file:///home/***/.ivy2/jars/org.wildfly.openssl_wildfly-openssl-1.0.7.Final.jar)
[2025-01-31T10:59:08.996+0000] {spark_submit.py:491} INFO - (spark.master,spark://spark:7077)
[2025-01-31T10:59:08.996+0000] {spark_submit.py:491} INFO - (spark.repl.local.jars,file:///home/***/.ivy2/jars/org.apache.hadoop_hadoop-aws-3.3.4.jar,file:///home/***/.ivy2/jars/com.amazonaws_aws-java-sdk-bundle-1.12.262.jar,file:///home/***/.ivy2/jars/org.wildfly.openssl_wildfly-openssl-1.0.7.Final.jar)
[2025-01-31T10:59:08.998+0000] {spark_submit.py:491} INFO - (spark.submit.deployMode,client)
[2025-01-31T10:59:08.999+0000] {spark_submit.py:491} INFO - (spark.submit.pyFiles,/home/***/.ivy2/jars/org.apache.hadoop_hadoop-aws-3.3.4.jar,/home/***/.ivy2/jars/com.amazonaws_aws-java-sdk-bundle-1.12.262.jar,/home/***/.ivy2/jars/org.wildfly.openssl_wildfly-openssl-1.0.7.Final.jar)
[2025-01-31T10:59:08.999+0000] {spark_submit.py:491} INFO - Classpath elements:
[2025-01-31T10:59:09.001+0000] {spark_submit.py:491} INFO - file:///home/***/.ivy2/jars/org.apache.hadoop_hadoop-aws-3.3.4.jar
[2025-01-31T10:59:09.002+0000] {spark_submit.py:491} INFO - file:///home/***/.ivy2/jars/com.amazonaws_aws-java-sdk-bundle-1.12.262.jar
[2025-01-31T10:59:09.003+0000] {spark_submit.py:491} INFO - file:///home/***/.ivy2/jars/org.wildfly.openssl_wildfly-openssl-1.0.7.Final.jar
[2025-01-31T10:59:09.006+0000] {spark_submit.py:491} INFO - 
[2025-01-31T10:59:09.006+0000] {spark_submit.py:491} INFO - 
[2025-01-31T10:59:13.304+0000] {spark_submit.py:491} INFO - 25/01/31 10:59:13 INFO SparkContext: Running Spark version 3.4.0
[2025-01-31T10:59:13.501+0000] {spark_submit.py:491} INFO - 25/01/31 10:59:13 INFO ResourceUtils: ==============================================================
[2025-01-31T10:59:13.502+0000] {spark_submit.py:491} INFO - 25/01/31 10:59:13 INFO ResourceUtils: No custom resources configured for spark.driver.
[2025-01-31T10:59:13.504+0000] {spark_submit.py:491} INFO - 25/01/31 10:59:13 INFO ResourceUtils: ==============================================================
[2025-01-31T10:59:13.506+0000] {spark_submit.py:491} INFO - 25/01/31 10:59:13 INFO SparkContext: Submitted application: ReadFromMinIO
[2025-01-31T10:59:13.636+0000] {spark_submit.py:491} INFO - 25/01/31 10:59:13 INFO ResourceProfile: Default ResourceProfile created, executor resources: Map(memory -> name: memory, amount: 1024, script: , vendor: , offHeap -> name: offHeap, amount: 0, script: , vendor: ), task resources: Map(cpus -> name: cpus, amount: 1.0)
[2025-01-31T10:59:13.675+0000] {spark_submit.py:491} INFO - 25/01/31 10:59:13 INFO ResourceProfile: Limiting resource is cpu
[2025-01-31T10:59:13.677+0000] {spark_submit.py:491} INFO - 25/01/31 10:59:13 INFO ResourceProfileManager: Added ResourceProfile id: 0
[2025-01-31T10:59:13.913+0000] {spark_submit.py:491} INFO - 25/01/31 10:59:13 INFO SecurityManager: Changing view acls to: ***
[2025-01-31T10:59:13.916+0000] {spark_submit.py:491} INFO - 25/01/31 10:59:13 INFO SecurityManager: Changing modify acls to: ***
[2025-01-31T10:59:13.917+0000] {spark_submit.py:491} INFO - 25/01/31 10:59:13 INFO SecurityManager: Changing view acls groups to:
[2025-01-31T10:59:13.919+0000] {spark_submit.py:491} INFO - 25/01/31 10:59:13 INFO SecurityManager: Changing modify acls groups to:
[2025-01-31T10:59:13.920+0000] {spark_submit.py:491} INFO - 25/01/31 10:59:13 INFO SecurityManager: SecurityManager: authentication disabled; ui acls disabled; users with view permissions: ***; groups with view permissions: EMPTY; users with modify permissions: ***; groups with modify permissions: EMPTY
[2025-01-31T10:59:15.114+0000] {spark_submit.py:491} INFO - 25/01/31 10:59:15 INFO Utils: Successfully started service 'sparkDriver' on port 45413.
[2025-01-31T10:59:15.194+0000] {spark_submit.py:491} INFO - 25/01/31 10:59:15 INFO SparkEnv: Registering MapOutputTracker
[2025-01-31T10:59:15.270+0000] {spark_submit.py:491} INFO - 25/01/31 10:59:15 INFO SparkEnv: Registering BlockManagerMaster
[2025-01-31T10:59:15.299+0000] {spark_submit.py:491} INFO - 25/01/31 10:59:15 INFO BlockManagerMasterEndpoint: Using org.apache.spark.storage.DefaultTopologyMapper for getting topology information
[2025-01-31T10:59:15.300+0000] {spark_submit.py:491} INFO - 25/01/31 10:59:15 INFO BlockManagerMasterEndpoint: BlockManagerMasterEndpoint up
[2025-01-31T10:59:15.306+0000] {spark_submit.py:491} INFO - 25/01/31 10:59:15 INFO SparkEnv: Registering BlockManagerMasterHeartbeat
[2025-01-31T10:59:15.341+0000] {spark_submit.py:491} INFO - 25/01/31 10:59:15 INFO DiskBlockManager: Created local directory at /tmp/blockmgr-211fa5ed-d0d0-48c6-801f-b904d86c255d
[2025-01-31T10:59:15.366+0000] {spark_submit.py:491} INFO - 25/01/31 10:59:15 INFO MemoryStore: MemoryStore started with capacity 434.4 MiB
[2025-01-31T10:59:15.388+0000] {spark_submit.py:491} INFO - 25/01/31 10:59:15 INFO SparkEnv: Registering OutputCommitCoordinator
[2025-01-31T10:59:15.807+0000] {spark_submit.py:491} INFO - 25/01/31 10:59:15 INFO JettyUtils: Start Jetty 0.0.0.0:4040 for SparkUI
[2025-01-31T10:59:16.005+0000] {spark_submit.py:491} INFO - 25/01/31 10:59:16 INFO Utils: Successfully started service 'SparkUI' on port 4040.
[2025-01-31T10:59:16.060+0000] {spark_submit.py:491} INFO - 25/01/31 10:59:16 INFO SparkContext: Added JAR file:///home/***/.ivy2/jars/org.apache.hadoop_hadoop-aws-3.3.4.jar at spark://e056d9101b78:45413/jars/org.apache.hadoop_hadoop-aws-3.3.4.jar with timestamp 1738321153257
[2025-01-31T10:59:16.062+0000] {spark_submit.py:491} INFO - 25/01/31 10:59:16 INFO SparkContext: Added JAR file:///home/***/.ivy2/jars/com.amazonaws_aws-java-sdk-bundle-1.12.262.jar at spark://e056d9101b78:45413/jars/com.amazonaws_aws-java-sdk-bundle-1.12.262.jar with timestamp 1738321153257
[2025-01-31T10:59:16.063+0000] {spark_submit.py:491} INFO - 25/01/31 10:59:16 INFO SparkContext: Added JAR file:///home/***/.ivy2/jars/org.wildfly.openssl_wildfly-openssl-1.0.7.Final.jar at spark://e056d9101b78:45413/jars/org.wildfly.openssl_wildfly-openssl-1.0.7.Final.jar with timestamp 1738321153257
[2025-01-31T10:59:16.065+0000] {spark_submit.py:491} INFO - 25/01/31 10:59:16 INFO SparkContext: Added file file:///home/***/.ivy2/jars/org.apache.hadoop_hadoop-aws-3.3.4.jar at spark://e056d9101b78:45413/files/org.apache.hadoop_hadoop-aws-3.3.4.jar with timestamp 1738321153257
[2025-01-31T10:59:16.068+0000] {spark_submit.py:491} INFO - 25/01/31 10:59:16 INFO Utils: Copying /home/***/.ivy2/jars/org.apache.hadoop_hadoop-aws-3.3.4.jar to /tmp/spark-806c0a0f-f570-4ceb-9efa-bb8572b4eaa7/userFiles-0cb72605-64ee-4488-b51c-ba4f06fffd15/org.apache.hadoop_hadoop-aws-3.3.4.jar
[2025-01-31T10:59:16.139+0000] {spark_submit.py:491} INFO - 25/01/31 10:59:16 INFO SparkContext: Added file file:///home/***/.ivy2/jars/com.amazonaws_aws-java-sdk-bundle-1.12.262.jar at spark://e056d9101b78:45413/files/com.amazonaws_aws-java-sdk-bundle-1.12.262.jar with timestamp 1738321153257
[2025-01-31T10:59:16.140+0000] {spark_submit.py:491} INFO - 25/01/31 10:59:16 INFO Utils: Copying /home/***/.ivy2/jars/com.amazonaws_aws-java-sdk-bundle-1.12.262.jar to /tmp/spark-806c0a0f-f570-4ceb-9efa-bb8572b4eaa7/userFiles-0cb72605-64ee-4488-b51c-ba4f06fffd15/com.amazonaws_aws-java-sdk-bundle-1.12.262.jar
[2025-01-31T10:59:26.196+0000] {spark_submit.py:491} INFO - 25/01/31 10:59:26 INFO SparkContext: Added file file:///home/***/.ivy2/jars/org.wildfly.openssl_wildfly-openssl-1.0.7.Final.jar at spark://e056d9101b78:45413/files/org.wildfly.openssl_wildfly-openssl-1.0.7.Final.jar with timestamp 1738321153257
[2025-01-31T10:59:26.209+0000] {spark_submit.py:491} INFO - 25/01/31 10:59:26 INFO Utils: Copying /home/***/.ivy2/jars/org.wildfly.openssl_wildfly-openssl-1.0.7.Final.jar to /tmp/spark-806c0a0f-f570-4ceb-9efa-bb8572b4eaa7/userFiles-0cb72605-64ee-4488-b51c-ba4f06fffd15/org.wildfly.openssl_wildfly-openssl-1.0.7.Final.jar
[2025-01-31T10:59:26.631+0000] {spark_submit.py:491} INFO - 25/01/31 10:59:26 INFO StandaloneAppClient$ClientEndpoint: Connecting to master spark://spark:7077...
[2025-01-31T10:59:26.767+0000] {spark_submit.py:491} INFO - 25/01/31 10:59:26 INFO TransportClientFactory: Successfully created connection to spark/172.18.0.3:7077 after 82 ms (0 ms spent in bootstraps)
[2025-01-31T10:59:27.898+0000] {spark_submit.py:491} INFO - 25/01/31 10:59:27 INFO StandaloneSchedulerBackend: Connected to Spark cluster with app ID app-20250131105927-0003
[2025-01-31T10:59:27.902+0000] {spark_submit.py:491} INFO - 25/01/31 10:59:27 INFO StandaloneAppClient$ClientEndpoint: Executor added: app-20250131105927-0003/0 on worker-20250131102625-172.18.0.5-42127 (172.18.0.5:42127) with 2 core(s)
[2025-01-31T10:59:27.907+0000] {spark_submit.py:491} INFO - 25/01/31 10:59:27 INFO StandaloneSchedulerBackend: Granted executor ID app-20250131105927-0003/0 on hostPort 172.18.0.5:42127 with 2 core(s), 1024.0 MiB RAM
[2025-01-31T10:59:27.919+0000] {spark_submit.py:491} INFO - 25/01/31 10:59:27 INFO Utils: Successfully started service 'org.apache.spark.network.netty.NettyBlockTransferService' on port 41329.
[2025-01-31T10:59:27.921+0000] {spark_submit.py:491} INFO - 25/01/31 10:59:27 INFO NettyBlockTransferService: Server created on e056d9101b78:41329
[2025-01-31T10:59:27.924+0000] {spark_submit.py:491} INFO - 25/01/31 10:59:27 INFO BlockManager: Using org.apache.spark.storage.RandomBlockReplicationPolicy for block replication policy
[2025-01-31T10:59:27.946+0000] {spark_submit.py:491} INFO - 25/01/31 10:59:27 INFO BlockManagerMaster: Registering BlockManager BlockManagerId(driver, e056d9101b78, 41329, None)
[2025-01-31T10:59:27.956+0000] {spark_submit.py:491} INFO - 25/01/31 10:59:27 INFO BlockManagerMasterEndpoint: Registering block manager e056d9101b78:41329 with 434.4 MiB RAM, BlockManagerId(driver, e056d9101b78, 41329, None)
[2025-01-31T10:59:27.964+0000] {spark_submit.py:491} INFO - 25/01/31 10:59:27 INFO BlockManagerMaster: Registered BlockManager BlockManagerId(driver, e056d9101b78, 41329, None)
[2025-01-31T10:59:27.969+0000] {spark_submit.py:491} INFO - 25/01/31 10:59:27 INFO BlockManager: Initialized BlockManager: BlockManagerId(driver, e056d9101b78, 41329, None)
[2025-01-31T10:59:28.857+0000] {spark_submit.py:491} INFO - 25/01/31 10:59:28 INFO StandaloneSchedulerBackend: SchedulerBackend is ready for scheduling beginning after reached minRegisteredResourcesRatio: 0.0
[2025-01-31T10:59:29.779+0000] {spark_submit.py:491} INFO - Reading JSON from MinIO...
[2025-01-31T10:59:29.801+0000] {spark_submit.py:491} INFO - 25/01/31 10:59:29 INFO SharedState: Setting hive.metastore.warehouse.dir ('null') to the value of spark.sql.warehouse.dir.
[2025-01-31T10:59:29.981+0000] {spark_submit.py:491} INFO - 25/01/31 10:59:29 INFO SharedState: Warehouse path is 'file:/opt/***/spark-warehouse'.
[2025-01-31T10:59:31.372+0000] {spark_submit.py:491} INFO - 25/01/31 10:59:31 INFO StandaloneAppClient$ClientEndpoint: Executor updated: app-20250131105927-0003/0 is now RUNNING
[2025-01-31T10:59:35.257+0000] {spark_submit.py:491} INFO - 25/01/31 10:59:35 WARN MetricsConfig: Cannot locate configuration: tried hadoop-metrics2-s3a-file-system.properties,hadoop-metrics2.properties
[2025-01-31T10:59:35.296+0000] {spark_submit.py:491} INFO - 25/01/31 10:59:35 INFO MetricsSystemImpl: Scheduled Metric snapshot period at 10 second(s).
[2025-01-31T10:59:35.298+0000] {spark_submit.py:491} INFO - 25/01/31 10:59:35 INFO MetricsSystemImpl: s3a-file-system metrics system started
[2025-01-31T10:59:37.901+0000] {spark_submit.py:491} INFO - 25/01/31 10:59:37 INFO InMemoryFileIndex: It took 144 ms to list leaf files for 1 paths.
[2025-01-31T10:59:38.342+0000] {spark_submit.py:491} INFO - 25/01/31 10:59:38 INFO MemoryStore: Block broadcast_0 stored as values in memory (estimated size 203.8 KiB, free 434.2 MiB)
[2025-01-31T10:59:38.674+0000] {spark_submit.py:491} INFO - 25/01/31 10:59:38 INFO MemoryStore: Block broadcast_0_piece0 stored as bytes in memory (estimated size 35.3 KiB, free 434.2 MiB)
[2025-01-31T10:59:38.685+0000] {spark_submit.py:491} INFO - 25/01/31 10:59:38 INFO BlockManagerInfo: Added broadcast_0_piece0 in memory on e056d9101b78:41329 (size: 35.3 KiB, free: 434.4 MiB)
[2025-01-31T10:59:38.691+0000] {spark_submit.py:491} INFO - 25/01/31 10:59:38 INFO SparkContext: Created broadcast 0 from load at NativeMethodAccessorImpl.java:0
[2025-01-31T10:59:40.433+0000] {spark_submit.py:491} INFO - 25/01/31 10:59:40 INFO FileInputFormat: Total input files to process : 1
[2025-01-31T10:59:40.464+0000] {spark_submit.py:491} INFO - 25/01/31 10:59:40 INFO FileInputFormat: Total input files to process : 1
[2025-01-31T10:59:40.486+0000] {spark_submit.py:491} INFO - 25/01/31 10:59:40 INFO SparkContext: Starting job: load at NativeMethodAccessorImpl.java:0
[2025-01-31T10:59:40.533+0000] {spark_submit.py:491} INFO - 25/01/31 10:59:40 INFO DAGScheduler: Got job 0 (load at NativeMethodAccessorImpl.java:0) with 1 output partitions
[2025-01-31T10:59:40.534+0000] {spark_submit.py:491} INFO - 25/01/31 10:59:40 INFO DAGScheduler: Final stage: ResultStage 0 (load at NativeMethodAccessorImpl.java:0)
[2025-01-31T10:59:40.535+0000] {spark_submit.py:491} INFO - 25/01/31 10:59:40 INFO DAGScheduler: Parents of final stage: List()
[2025-01-31T10:59:40.539+0000] {spark_submit.py:491} INFO - 25/01/31 10:59:40 INFO DAGScheduler: Missing parents: List()
[2025-01-31T10:59:40.548+0000] {spark_submit.py:491} INFO - 25/01/31 10:59:40 INFO DAGScheduler: Submitting ResultStage 0 (MapPartitionsRDD[2] at load at NativeMethodAccessorImpl.java:0), which has no missing parents
[2025-01-31T10:59:40.687+0000] {spark_submit.py:491} INFO - 25/01/31 10:59:40 INFO MemoryStore: Block broadcast_1 stored as values in memory (estimated size 9.2 KiB, free 434.2 MiB)
[2025-01-31T10:59:40.693+0000] {spark_submit.py:491} INFO - 25/01/31 10:59:40 INFO MemoryStore: Block broadcast_1_piece0 stored as bytes in memory (estimated size 4.9 KiB, free 434.2 MiB)
[2025-01-31T10:59:40.696+0000] {spark_submit.py:491} INFO - 25/01/31 10:59:40 INFO BlockManagerInfo: Added broadcast_1_piece0 in memory on e056d9101b78:41329 (size: 4.9 KiB, free: 434.4 MiB)
[2025-01-31T10:59:40.700+0000] {spark_submit.py:491} INFO - 25/01/31 10:59:40 INFO SparkContext: Created broadcast 1 from broadcast at DAGScheduler.scala:1535
[2025-01-31T10:59:40.944+0000] {spark_submit.py:491} INFO - 25/01/31 10:59:40 INFO DAGScheduler: Submitting 1 missing tasks from ResultStage 0 (MapPartitionsRDD[2] at load at NativeMethodAccessorImpl.java:0) (first 15 tasks are for partitions Vector(0))
[2025-01-31T10:59:40.954+0000] {spark_submit.py:491} INFO - 25/01/31 10:59:40 INFO TaskSchedulerImpl: Adding task set 0.0 with 1 tasks resource profile 0
[2025-01-31T10:59:45.631+0000] {spark_submit.py:491} INFO - 25/01/31 10:59:45 INFO StandaloneSchedulerBackend$StandaloneDriverEndpoint: Registered executor NettyRpcEndpointRef(spark-client://Executor) (172.18.0.5:50696) with ID 0,  ResourceProfileId 0
[2025-01-31T10:59:46.425+0000] {spark_submit.py:491} INFO - 25/01/31 10:59:46 INFO BlockManagerMasterEndpoint: Registering block manager 172.18.0.5:34507 with 434.4 MiB RAM, BlockManagerId(0, 172.18.0.5, 34507, None)
[2025-01-31T11:00:14.957+0000] {spark_submit.py:491} INFO - 25/01/31 11:00:14 INFO TaskSetManager: Starting task 0.0 in stage 0.0 (TID 0) (172.18.0.5, executor 0, partition 0, PROCESS_LOCAL, 7550 bytes)
[2025-01-31T11:00:15.958+0000] {spark_submit.py:491} INFO - 25/01/31 11:00:15 INFO BlockManagerInfo: Added broadcast_1_piece0 in memory on 172.18.0.5:34507 (size: 4.9 KiB, free: 434.4 MiB)
[2025-01-31T11:00:16.751+0000] {spark_submit.py:491} INFO - 25/01/31 11:00:16 INFO BlockManagerInfo: Added broadcast_0_piece0 in memory on 172.18.0.5:34507 (size: 35.3 KiB, free: 434.4 MiB)
[2025-01-31T11:00:19.645+0000] {spark_submit.py:491} INFO - 25/01/31 11:00:19 INFO TaskSetManager: Finished task 0.0 in stage 0.0 (TID 0) in 4995 ms on 172.18.0.5 (executor 0) (1/1)
[2025-01-31T11:00:19.652+0000] {spark_submit.py:491} INFO - 25/01/31 11:00:19 INFO TaskSchedulerImpl: Removed TaskSet 0.0, whose tasks have all completed, from pool
[2025-01-31T11:00:19.682+0000] {spark_submit.py:491} INFO - 25/01/31 11:00:19 INFO DAGScheduler: ResultStage 0 (load at NativeMethodAccessorImpl.java:0) finished in 39.082 s
[2025-01-31T11:00:19.689+0000] {spark_submit.py:491} INFO - 25/01/31 11:00:19 INFO DAGScheduler: Job 0 is finished. Cancelling potential speculative or zombie tasks for this job
[2025-01-31T11:00:19.690+0000] {spark_submit.py:491} INFO - 25/01/31 11:00:19 INFO TaskSchedulerImpl: Killing all running tasks in stage 0: Stage finished
[2025-01-31T11:00:19.724+0000] {spark_submit.py:491} INFO - 25/01/31 11:00:19 INFO DAGScheduler: Job 0 finished: load at NativeMethodAccessorImpl.java:0, took 39.209251 s
[2025-01-31T11:00:22.015+0000] {spark_submit.py:491} INFO - 25/01/31 11:00:22 INFO BlockManagerInfo: Removed broadcast_1_piece0 on 172.18.0.5:34507 in memory (size: 4.9 KiB, free: 434.4 MiB)
[2025-01-31T11:00:22.021+0000] {spark_submit.py:491} INFO - 25/01/31 11:00:22 INFO BlockManagerInfo: Removed broadcast_1_piece0 on e056d9101b78:41329 in memory (size: 4.9 KiB, free: 434.4 MiB)
[2025-01-31T11:00:22.052+0000] {spark_submit.py:491} INFO - 25/01/31 11:00:22 INFO BlockManagerInfo: Removed broadcast_0_piece0 on e056d9101b78:41329 in memory (size: 35.3 KiB, free: 434.4 MiB)
[2025-01-31T11:00:22.057+0000] {spark_submit.py:491} INFO - 25/01/31 11:00:22 INFO BlockManagerInfo: Removed broadcast_0_piece0 on 172.18.0.5:34507 in memory (size: 35.3 KiB, free: 434.4 MiB)
[2025-01-31T11:00:28.792+0000] {spark_submit.py:491} INFO - DataFrame loaded successfully:
[2025-01-31T11:00:33.370+0000] {spark_submit.py:491} INFO - 25/01/31 11:00:33 INFO FileSourceStrategy: Pushed Filters:
[2025-01-31T11:00:33.545+0000] {spark_submit.py:491} INFO - 25/01/31 11:00:33 INFO FileSourceStrategy: Post-Scan Filters:
[2025-01-31T11:00:36.918+0000] {spark_submit.py:491} INFO - 25/01/31 11:00:36 INFO CodeGenerator: Code generated in 2408.922884 ms
[2025-01-31T11:00:36.950+0000] {spark_submit.py:491} INFO - 25/01/31 11:00:36 INFO MemoryStore: Block broadcast_2 stored as values in memory (estimated size 203.2 KiB, free 434.2 MiB)
[2025-01-31T11:00:37.178+0000] {spark_submit.py:491} INFO - 25/01/31 11:00:37 INFO MemoryStore: Block broadcast_2_piece0 stored as bytes in memory (estimated size 35.2 KiB, free 434.2 MiB)
[2025-01-31T11:00:37.182+0000] {spark_submit.py:491} INFO - 25/01/31 11:00:37 INFO BlockManagerInfo: Added broadcast_2_piece0 in memory on e056d9101b78:41329 (size: 35.2 KiB, free: 434.4 MiB)
[2025-01-31T11:00:37.186+0000] {spark_submit.py:491} INFO - 25/01/31 11:00:37 INFO SparkContext: Created broadcast 2 from showString at NativeMethodAccessorImpl.java:0
[2025-01-31T11:00:37.261+0000] {spark_submit.py:491} INFO - 25/01/31 11:00:37 INFO FileSourceScanExec: Planning scan with bin packing, max size: 4194304 bytes, open cost is considered as scanning 4194304 bytes.
[2025-01-31T11:00:37.404+0000] {spark_submit.py:491} INFO - 25/01/31 11:00:37 INFO SparkContext: Starting job: showString at NativeMethodAccessorImpl.java:0
[2025-01-31T11:00:37.414+0000] {spark_submit.py:491} INFO - 25/01/31 11:00:37 INFO DAGScheduler: Got job 1 (showString at NativeMethodAccessorImpl.java:0) with 1 output partitions
[2025-01-31T11:00:37.416+0000] {spark_submit.py:491} INFO - 25/01/31 11:00:37 INFO DAGScheduler: Final stage: ResultStage 1 (showString at NativeMethodAccessorImpl.java:0)
[2025-01-31T11:00:37.417+0000] {spark_submit.py:491} INFO - 25/01/31 11:00:37 INFO DAGScheduler: Parents of final stage: List()
[2025-01-31T11:00:37.420+0000] {spark_submit.py:491} INFO - 25/01/31 11:00:37 INFO DAGScheduler: Missing parents: List()
[2025-01-31T11:00:37.422+0000] {spark_submit.py:491} INFO - 25/01/31 11:00:37 INFO DAGScheduler: Submitting ResultStage 1 (MapPartitionsRDD[6] at showString at NativeMethodAccessorImpl.java:0), which has no missing parents
[2025-01-31T11:00:37.507+0000] {spark_submit.py:491} INFO - 25/01/31 11:00:37 INFO MemoryStore: Block broadcast_3 stored as values in memory (estimated size 20.8 KiB, free 434.1 MiB)
[2025-01-31T11:00:37.577+0000] {spark_submit.py:491} INFO - 25/01/31 11:00:37 INFO MemoryStore: Block broadcast_3_piece0 stored as bytes in memory (estimated size 8.7 KiB, free 434.1 MiB)
[2025-01-31T11:00:37.580+0000] {spark_submit.py:491} INFO - 25/01/31 11:00:37 INFO BlockManagerInfo: Added broadcast_3_piece0 in memory on e056d9101b78:41329 (size: 8.7 KiB, free: 434.4 MiB)
[2025-01-31T11:00:37.608+0000] {spark_submit.py:491} INFO - 25/01/31 11:00:37 INFO SparkContext: Created broadcast 3 from broadcast at DAGScheduler.scala:1535
[2025-01-31T11:00:37.630+0000] {spark_submit.py:491} INFO - 25/01/31 11:00:37 INFO DAGScheduler: Submitting 1 missing tasks from ResultStage 1 (MapPartitionsRDD[6] at showString at NativeMethodAccessorImpl.java:0) (first 15 tasks are for partitions Vector(0))
[2025-01-31T11:00:37.640+0000] {spark_submit.py:491} INFO - 25/01/31 11:00:37 INFO TaskSchedulerImpl: Adding task set 1.0 with 1 tasks resource profile 0
[2025-01-31T11:00:37.641+0000] {spark_submit.py:491} INFO - 25/01/31 11:00:37 INFO TaskSetManager: Starting task 0.0 in stage 1.0 (TID 1) (172.18.0.5, executor 0, partition 0, PROCESS_LOCAL, 7975 bytes)
[2025-01-31T11:00:39.042+0000] {spark_submit.py:491} INFO - 25/01/31 11:00:39 INFO BlockManagerInfo: Added broadcast_3_piece0 in memory on 172.18.0.5:34507 (size: 8.7 KiB, free: 434.4 MiB)
[2025-01-31T11:00:46.713+0000] {spark_submit.py:491} INFO - 25/01/31 11:00:46 INFO BlockManagerInfo: Added broadcast_2_piece0 in memory on 172.18.0.5:34507 (size: 35.2 KiB, free: 434.4 MiB)
[2025-01-31T11:00:47.524+0000] {spark_submit.py:491} INFO - 25/01/31 11:00:47 INFO TaskSetManager: Finished task 0.0 in stage 1.0 (TID 1) in 9926 ms on 172.18.0.5 (executor 0) (1/1)
[2025-01-31T11:00:47.528+0000] {spark_submit.py:491} INFO - 25/01/31 11:00:47 INFO TaskSchedulerImpl: Removed TaskSet 1.0, whose tasks have all completed, from pool
[2025-01-31T11:00:47.533+0000] {spark_submit.py:491} INFO - 25/01/31 11:00:47 INFO DAGScheduler: ResultStage 1 (showString at NativeMethodAccessorImpl.java:0) finished in 10.086 s
[2025-01-31T11:00:47.534+0000] {spark_submit.py:491} INFO - 25/01/31 11:00:47 INFO DAGScheduler: Job 1 is finished. Cancelling potential speculative or zombie tasks for this job
[2025-01-31T11:00:47.535+0000] {spark_submit.py:491} INFO - 25/01/31 11:00:47 INFO TaskSchedulerImpl: Killing all running tasks in stage 1: Stage finished
[2025-01-31T11:00:47.543+0000] {spark_submit.py:491} INFO - 25/01/31 11:00:47 INFO DAGScheduler: Job 1 finished: showString at NativeMethodAccessorImpl.java:0, took 10.131332 s
[2025-01-31T11:00:47.781+0000] {spark_submit.py:491} INFO - 25/01/31 11:00:47 INFO CodeGenerator: Code generated in 109.665797 ms
[2025-01-31T11:00:47.864+0000] {spark_submit.py:491} INFO - +---+-----------------------------------------------------------+--------------+---+-----------+--------+--------------+--------+
[2025-01-31T11:00:47.867+0000] {spark_submit.py:491} INFO - |__v|address                                                    |email         |id |name       |password|phone         |username|
[2025-01-31T11:00:47.868+0000] {spark_submit.py:491} INFO - +---+-----------------------------------------------------------+--------------+---+-----------+--------+--------------+--------+
[2025-01-31T11:00:47.870+0000] {spark_submit.py:491} INFO - |0  |{kilcoole, {-37.3159, 81.1496}, 7682, new road, 12926-3874}|john@gmail.com|1  |{john, doe}|m38rmF$ |1-570-236-7033|johnd   |
[2025-01-31T11:00:47.871+0000] {spark_submit.py:491} INFO - +---+-----------------------------------------------------------+--------------+---+-----------+--------+--------------+--------+
[2025-01-31T11:00:47.872+0000] {spark_submit.py:491} INFO - 
[2025-01-31T11:00:47.873+0000] {spark_submit.py:491} INFO - Reading JSON from MinIO...
[2025-01-31T11:00:48.832+0000] {spark_submit.py:491} INFO - 25/01/31 11:00:48 INFO InMemoryFileIndex: It took 46 ms to list leaf files for 1 paths.
[2025-01-31T11:00:48.884+0000] {spark_submit.py:491} INFO - 25/01/31 11:00:48 INFO MemoryStore: Block broadcast_4 stored as values in memory (estimated size 203.8 KiB, free 433.9 MiB)
[2025-01-31T11:00:49.452+0000] {spark_submit.py:491} INFO - 25/01/31 11:00:49 INFO MemoryStore: Block broadcast_4_piece0 stored as bytes in memory (estimated size 35.4 KiB, free 433.9 MiB)
[2025-01-31T11:00:49.457+0000] {spark_submit.py:491} INFO - 25/01/31 11:00:49 INFO BlockManagerInfo: Added broadcast_4_piece0 in memory on e056d9101b78:41329 (size: 35.4 KiB, free: 434.3 MiB)
[2025-01-31T11:00:49.462+0000] {spark_submit.py:491} INFO - 25/01/31 11:00:49 INFO SparkContext: Created broadcast 4 from load at NativeMethodAccessorImpl.java:0
[2025-01-31T11:00:49.465+0000] {spark_submit.py:491} INFO - 25/01/31 11:00:49 INFO BlockManagerInfo: Removed broadcast_3_piece0 on e056d9101b78:41329 in memory (size: 8.7 KiB, free: 434.3 MiB)
[2025-01-31T11:00:49.467+0000] {spark_submit.py:491} INFO - 25/01/31 11:00:49 INFO BlockManagerInfo: Removed broadcast_3_piece0 on 172.18.0.5:34507 in memory (size: 8.7 KiB, free: 434.4 MiB)
[2025-01-31T11:00:49.511+0000] {spark_submit.py:491} INFO - 25/01/31 11:00:49 INFO FileInputFormat: Total input files to process : 1
[2025-01-31T11:00:49.549+0000] {spark_submit.py:491} INFO - 25/01/31 11:00:49 INFO FileInputFormat: Total input files to process : 1
[2025-01-31T11:00:49.904+0000] {spark_submit.py:491} INFO - 25/01/31 11:00:49 INFO SparkContext: Starting job: load at NativeMethodAccessorImpl.java:0
[2025-01-31T11:00:49.912+0000] {spark_submit.py:491} INFO - 25/01/31 11:00:49 INFO DAGScheduler: Got job 2 (load at NativeMethodAccessorImpl.java:0) with 1 output partitions
[2025-01-31T11:00:49.913+0000] {spark_submit.py:491} INFO - 25/01/31 11:00:49 INFO DAGScheduler: Final stage: ResultStage 2 (load at NativeMethodAccessorImpl.java:0)
[2025-01-31T11:00:49.915+0000] {spark_submit.py:491} INFO - 25/01/31 11:00:49 INFO DAGScheduler: Parents of final stage: List()
[2025-01-31T11:00:49.920+0000] {spark_submit.py:491} INFO - 25/01/31 11:00:49 INFO DAGScheduler: Missing parents: List()
[2025-01-31T11:00:49.924+0000] {spark_submit.py:491} INFO - 25/01/31 11:00:49 INFO DAGScheduler: Submitting ResultStage 2 (MapPartitionsRDD[9] at load at NativeMethodAccessorImpl.java:0), which has no missing parents
[2025-01-31T11:00:49.947+0000] {spark_submit.py:491} INFO - 25/01/31 11:00:49 INFO MemoryStore: Block broadcast_5 stored as values in memory (estimated size 9.2 KiB, free 433.9 MiB)
[2025-01-31T11:00:50.238+0000] {spark_submit.py:491} INFO - 25/01/31 11:00:50 INFO MemoryStore: Block broadcast_5_piece0 stored as bytes in memory (estimated size 4.9 KiB, free 433.9 MiB)
[2025-01-31T11:00:50.249+0000] {spark_submit.py:491} INFO - 25/01/31 11:00:50 INFO BlockManagerInfo: Added broadcast_5_piece0 in memory on e056d9101b78:41329 (size: 4.9 KiB, free: 434.3 MiB)
[2025-01-31T11:00:50.253+0000] {spark_submit.py:491} INFO - 25/01/31 11:00:50 INFO SparkContext: Created broadcast 5 from broadcast at DAGScheduler.scala:1535
[2025-01-31T11:00:50.264+0000] {spark_submit.py:491} INFO - 25/01/31 11:00:50 INFO DAGScheduler: Submitting 1 missing tasks from ResultStage 2 (MapPartitionsRDD[9] at load at NativeMethodAccessorImpl.java:0) (first 15 tasks are for partitions Vector(0))
[2025-01-31T11:00:50.266+0000] {spark_submit.py:491} INFO - 25/01/31 11:00:50 INFO TaskSchedulerImpl: Adding task set 2.0 with 1 tasks resource profile 0
[2025-01-31T11:00:50.273+0000] {spark_submit.py:491} INFO - 25/01/31 11:00:50 INFO TaskSetManager: Starting task 0.0 in stage 2.0 (TID 2) (172.18.0.5, executor 0, partition 0, PROCESS_LOCAL, 7560 bytes)
[2025-01-31T11:00:50.367+0000] {spark_submit.py:491} INFO - 25/01/31 11:00:50 INFO BlockManagerInfo: Added broadcast_5_piece0 in memory on 172.18.0.5:34507 (size: 4.9 KiB, free: 434.4 MiB)
[2025-01-31T11:00:50.448+0000] {spark_submit.py:491} INFO - 25/01/31 11:00:50 INFO BlockManagerInfo: Added broadcast_4_piece0 in memory on 172.18.0.5:34507 (size: 35.4 KiB, free: 434.3 MiB)
[2025-01-31T11:00:50.873+0000] {spark_submit.py:491} INFO - 25/01/31 11:00:50 INFO TaskSetManager: Finished task 0.0 in stage 2.0 (TID 2) in 602 ms on 172.18.0.5 (executor 0) (1/1)
[2025-01-31T11:00:50.876+0000] {spark_submit.py:491} INFO - 25/01/31 11:00:50 INFO TaskSchedulerImpl: Removed TaskSet 2.0, whose tasks have all completed, from pool
[2025-01-31T11:00:50.879+0000] {spark_submit.py:491} INFO - 25/01/31 11:00:50 INFO DAGScheduler: ResultStage 2 (load at NativeMethodAccessorImpl.java:0) finished in 0.956 s
[2025-01-31T11:00:50.880+0000] {spark_submit.py:491} INFO - 25/01/31 11:00:50 INFO DAGScheduler: Job 2 is finished. Cancelling potential speculative or zombie tasks for this job
[2025-01-31T11:00:50.881+0000] {spark_submit.py:491} INFO - 25/01/31 11:00:50 INFO TaskSchedulerImpl: Killing all running tasks in stage 2: Stage finished
[2025-01-31T11:00:50.883+0000] {spark_submit.py:491} INFO - 25/01/31 11:00:50 INFO DAGScheduler: Job 2 finished: load at NativeMethodAccessorImpl.java:0, took 0.976319 s
[2025-01-31T11:00:51.340+0000] {spark_submit.py:491} INFO - SECOND  DataFrame loaded successfully:
[2025-01-31T11:00:52.113+0000] {spark_submit.py:491} INFO - 25/01/31 11:00:51 INFO FileSourceStrategy: Pushed Filters:
[2025-01-31T11:00:52.126+0000] {spark_submit.py:491} INFO - 25/01/31 11:00:52 INFO FileSourceStrategy: Post-Scan Filters:
[2025-01-31T11:00:52.186+0000] {spark_submit.py:491} INFO - 25/01/31 11:00:52 INFO MemoryStore: Block broadcast_6 stored as values in memory (estimated size 203.2 KiB, free 433.7 MiB)
[2025-01-31T11:00:52.244+0000] {spark_submit.py:491} INFO - 25/01/31 11:00:52 INFO BlockManagerInfo: Removed broadcast_4_piece0 on e056d9101b78:41329 in memory (size: 35.4 KiB, free: 434.4 MiB)
[2025-01-31T11:00:52.260+0000] {spark_submit.py:491} INFO - 25/01/31 11:00:52 INFO BlockManagerInfo: Removed broadcast_4_piece0 on 172.18.0.5:34507 in memory (size: 35.4 KiB, free: 434.4 MiB)
[2025-01-31T11:00:52.265+0000] {spark_submit.py:491} INFO - 25/01/31 11:00:52 INFO MemoryStore: Block broadcast_6_piece0 stored as bytes in memory (estimated size 35.2 KiB, free 433.9 MiB)
[2025-01-31T11:00:52.272+0000] {spark_submit.py:491} INFO - 25/01/31 11:00:52 INFO BlockManagerInfo: Added broadcast_6_piece0 in memory on e056d9101b78:41329 (size: 35.2 KiB, free: 434.3 MiB)
[2025-01-31T11:00:52.278+0000] {spark_submit.py:491} INFO - 25/01/31 11:00:52 INFO SparkContext: Created broadcast 6 from showString at NativeMethodAccessorImpl.java:0
[2025-01-31T11:00:52.411+0000] {spark_submit.py:491} INFO - 25/01/31 11:00:52 INFO BlockManagerInfo: Removed broadcast_5_piece0 on e056d9101b78:41329 in memory (size: 4.9 KiB, free: 434.3 MiB)
[2025-01-31T11:00:52.416+0000] {spark_submit.py:491} INFO - 25/01/31 11:00:52 INFO BlockManagerInfo: Removed broadcast_5_piece0 on 172.18.0.5:34507 in memory (size: 4.9 KiB, free: 434.4 MiB)
[2025-01-31T11:00:54.679+0000] {spark_submit.py:491} INFO - Traceback (most recent call last):
[2025-01-31T11:00:54.683+0000] {spark_submit.py:491} INFO - File "/opt/***/dags/spark_test_readingMinio.py", line 44, in <module>
[2025-01-31T11:00:54.699+0000] {spark_submit.py:491} INFO - main()
[2025-01-31T11:00:54.700+0000] {spark_submit.py:491} INFO - File "/opt/***/dags/spark_test_readingMinio.py", line 37, in main
[2025-01-31T11:00:54.701+0000] {spark_submit.py:491} INFO - df1.show(truncate=False)
[2025-01-31T11:00:54.707+0000] {spark_submit.py:491} INFO - File "/opt/spark/python/lib/pyspark.zip/pyspark/sql/dataframe.py", line 912, in show
[2025-01-31T11:00:54.722+0000] {spark_submit.py:491} INFO - File "/opt/spark/python/lib/py4j-0.10.9.7-src.zip/py4j/java_gateway.py", line 1322, in __call__
[2025-01-31T11:00:54.727+0000] {spark_submit.py:491} INFO - File "/opt/spark/python/lib/pyspark.zip/pyspark/errors/exceptions/captured.py", line 175, in deco
[2025-01-31T11:00:54.800+0000] {spark_submit.py:491} INFO - pyspark.errors.exceptions.captured.AnalysisException: Since Spark 2.3, the queries from raw JSON/CSV files are disallowed when the
[2025-01-31T11:00:54.807+0000] {spark_submit.py:491} INFO - referenced columns only include the internal corrupt record column
[2025-01-31T11:00:54.808+0000] {spark_submit.py:491} INFO - (named _corrupt_record by default). For example:
[2025-01-31T11:00:54.809+0000] {spark_submit.py:491} INFO - spark.read.schema(schema).csv(file).filter($"_corrupt_record".isNotNull).count()
[2025-01-31T11:00:54.809+0000] {spark_submit.py:491} INFO - and spark.read.schema(schema).csv(file).select("_corrupt_record").show().
[2025-01-31T11:00:54.810+0000] {spark_submit.py:491} INFO - Instead, you can cache or save the parsed results and then send the same query.
[2025-01-31T11:00:54.811+0000] {spark_submit.py:491} INFO - For example, val df = spark.read.schema(schema).csv(file).cache() and then
[2025-01-31T11:00:54.813+0000] {spark_submit.py:491} INFO - df.filter($"_corrupt_record".isNotNull).count().
[2025-01-31T11:00:57.922+0000] {spark_submit.py:491} INFO - 25/01/31 11:00:57 INFO SparkContext: Invoking stop() from shutdown hook
[2025-01-31T11:00:57.925+0000] {spark_submit.py:491} INFO - 25/01/31 11:00:57 INFO SparkContext: SparkContext is stopping with exitCode 0.
[2025-01-31T11:00:58.201+0000] {spark_submit.py:491} INFO - 25/01/31 11:00:58 INFO SparkUI: Stopped Spark web UI at http://e056d9101b78:4040
[2025-01-31T11:00:58.241+0000] {spark_submit.py:491} INFO - 25/01/31 11:00:58 INFO StandaloneSchedulerBackend: Shutting down all executors
[2025-01-31T11:00:58.245+0000] {spark_submit.py:491} INFO - 25/01/31 11:00:58 INFO StandaloneSchedulerBackend$StandaloneDriverEndpoint: Asking each executor to shut down
[2025-01-31T11:00:58.927+0000] {spark_submit.py:491} INFO - 25/01/31 11:00:58 INFO MapOutputTrackerMasterEndpoint: MapOutputTrackerMasterEndpoint stopped!
[2025-01-31T11:00:59.471+0000] {spark_submit.py:491} INFO - 25/01/31 11:00:59 INFO MemoryStore: MemoryStore cleared
[2025-01-31T11:00:59.474+0000] {spark_submit.py:491} INFO - 25/01/31 11:00:59 INFO BlockManager: BlockManager stopped
[2025-01-31T11:00:59.514+0000] {spark_submit.py:491} INFO - 25/01/31 11:00:59 INFO BlockManagerMaster: BlockManagerMaster stopped
[2025-01-31T11:00:59.593+0000] {spark_submit.py:491} INFO - 25/01/31 11:00:59 INFO OutputCommitCoordinator$OutputCommitCoordinatorEndpoint: OutputCommitCoordinator stopped!
[2025-01-31T11:00:59.922+0000] {spark_submit.py:491} INFO - 25/01/31 11:00:59 INFO SparkContext: Successfully stopped SparkContext
[2025-01-31T11:00:59.923+0000] {spark_submit.py:491} INFO - 25/01/31 11:00:59 INFO ShutdownHookManager: Shutdown hook called
[2025-01-31T11:00:59.948+0000] {spark_submit.py:491} INFO - 25/01/31 11:00:59 INFO ShutdownHookManager: Deleting directory /tmp/spark-1f549d3e-2af6-4d51-975a-d93e3f3838d0
[2025-01-31T11:01:00.053+0000] {spark_submit.py:491} INFO - 25/01/31 11:01:00 INFO ShutdownHookManager: Deleting directory /tmp/spark-806c0a0f-f570-4ceb-9efa-bb8572b4eaa7
[2025-01-31T11:01:00.094+0000] {spark_submit.py:491} INFO - 25/01/31 11:01:00 INFO ShutdownHookManager: Deleting directory /tmp/spark-806c0a0f-f570-4ceb-9efa-bb8572b4eaa7/pyspark-23b9ea9a-0ac6-450a-8e19-e1e0ef343d8b
[2025-01-31T11:01:00.190+0000] {spark_submit.py:491} INFO - 25/01/31 11:01:00 INFO MetricsSystemImpl: Stopping s3a-file-system metrics system...
[2025-01-31T11:01:00.192+0000] {spark_submit.py:491} INFO - 25/01/31 11:01:00 INFO MetricsSystemImpl: s3a-file-system metrics system stopped.
[2025-01-31T11:01:00.194+0000] {spark_submit.py:491} INFO - 25/01/31 11:01:00 INFO MetricsSystemImpl: s3a-file-system metrics system shutdown complete.
[2025-01-31T11:01:02.025+0000] {taskinstance.py:1824} ERROR - Task failed with exception
Traceback (most recent call last):
  File "/home/airflow/.local/lib/python3.9/site-packages/airflow/providers/apache/spark/operators/spark_submit.py", line 156, in execute
    self._hook.submit(self._application)
  File "/home/airflow/.local/lib/python3.9/site-packages/airflow/providers/apache/spark/hooks/spark_submit.py", line 422, in submit
    raise AirflowException(
airflow.exceptions.AirflowException: Cannot execute: spark-submit --master spark://spark:7077 --conf spark.driver.extraClassPath=/opt/***/jars/* --conf spark.executor.extraClassPath=/opt/***/jars/* --conf spark.hadoop.fs.s3a.endpoint=http://minio:9000 --conf spark.hadoop.fs.s3a.access.key=minio --conf spark.hadoop.fs.s3a.secret.key=****** --conf spark.hadoop.fs.s3a.path.style.access=true --conf spark.hadoop.fs.s3a.impl=org.apache.hadoop.fs.s3a.S3AFileSystem --conf spark.hadoop.fs.s3a.aws.credentials.provider=org.apache.hadoop.fs.s3a.SimpleAWSCredentialsProvider --packages org.apache.hadoop:hadoop-aws:3.3.4,com.amazonaws:aws-java-sdk-bundle:1.11.1026 --name arrow-spark --verbose /opt/***/dags/spark_test_readingMinio.py. Error code is: 1.
[2025-01-31T11:01:02.190+0000] {taskinstance.py:1345} INFO - Marking task as FAILED. dag_id=spark_minio_job_read, task_id=spark_minio_task, execution_date=20250131T105229, start_date=20250131T105857, end_date=20250131T110102
[2025-01-31T11:01:02.482+0000] {standard_task_runner.py:104} ERROR - Failed to execute job 6 for task spark_minio_task (Cannot execute: spark-submit --master spark://spark:7077 --conf spark.driver.extraClassPath=/opt/***/jars/* --conf spark.executor.extraClassPath=/opt/***/jars/* --conf spark.hadoop.fs.s3a.endpoint=http://minio:9000 --conf spark.hadoop.fs.s3a.access.key=minio --conf spark.hadoop.fs.s3a.secret.key=****** --conf spark.hadoop.fs.s3a.path.style.access=true --conf spark.hadoop.fs.s3a.impl=org.apache.hadoop.fs.s3a.S3AFileSystem --conf spark.hadoop.fs.s3a.aws.credentials.provider=org.apache.hadoop.fs.s3a.SimpleAWSCredentialsProvider --packages org.apache.hadoop:hadoop-aws:3.3.4,com.amazonaws:aws-java-sdk-bundle:1.11.1026 --name arrow-spark --verbose /opt/***/dags/spark_test_readingMinio.py. Error code is: 1.; 1063)
[2025-01-31T11:01:02.680+0000] {local_task_job_runner.py:225} INFO - Task exited with return code 1
[2025-01-31T11:01:03.173+0000] {taskinstance.py:2653} INFO - 0 downstream tasks scheduled from follow-on schedule check
