[2025-01-31T10:52:40.171+0000] {taskinstance.py:1103} INFO - Dependencies all met for dep_context=non-requeueable deps ti=<TaskInstance: spark_minio_job_read.spark_minio_task manual__2025-01-31T10:52:29.694899+00:00 [queued]>
[2025-01-31T10:52:40.187+0000] {taskinstance.py:1103} INFO - Dependencies all met for dep_context=requeueable deps ti=<TaskInstance: spark_minio_job_read.spark_minio_task manual__2025-01-31T10:52:29.694899+00:00 [queued]>
[2025-01-31T10:52:40.187+0000] {taskinstance.py:1308} INFO - Starting attempt 1 of 2
[2025-01-31T10:52:40.209+0000] {taskinstance.py:1327} INFO - Executing <Task(SparkSubmitOperator): spark_minio_task> on 2025-01-31 10:52:29.694899+00:00
[2025-01-31T10:52:40.221+0000] {standard_task_runner.py:57} INFO - Started process 788 to run task
[2025-01-31T10:52:40.271+0000] {standard_task_runner.py:84} INFO - Running: ['***', 'tasks', 'run', 'spark_minio_job_read', 'spark_minio_task', 'manual__2025-01-31T10:52:29.694899+00:00', '--job-id', '5', '--raw', '--subdir', 'DAGS_FOLDER/spark_test_readingMinio_dag.py', '--cfg-path', '/tmp/tmp2blqe2s3']
[2025-01-31T10:52:40.277+0000] {standard_task_runner.py:85} INFO - Job 5: Subtask spark_minio_task
[2025-01-31T10:52:40.542+0000] {task_command.py:410} INFO - Running <TaskInstance: spark_minio_job_read.spark_minio_task manual__2025-01-31T10:52:29.694899+00:00 [running]> on host e056d9101b78
[2025-01-31T10:52:40.701+0000] {taskinstance.py:1545} INFO - Exporting env vars: AIRFLOW_CTX_DAG_OWNER='***' AIRFLOW_CTX_DAG_ID='spark_minio_job_read' AIRFLOW_CTX_TASK_ID='spark_minio_task' AIRFLOW_CTX_EXECUTION_DATE='2025-01-31T10:52:29.694899+00:00' AIRFLOW_CTX_TRY_NUMBER='1' AIRFLOW_CTX_DAG_RUN_ID='manual__2025-01-31T10:52:29.694899+00:00'
[2025-01-31T10:52:40.724+0000] {base.py:73} INFO - Using connection ID 'spark_default' for task execution.
[2025-01-31T10:52:40.730+0000] {spark_submit.py:340} INFO - Spark-Submit cmd: spark-submit --master spark://spark:7077 --conf spark.driver.extraClassPath=/opt/***/jars/* --conf spark.executor.extraClassPath=/opt/***/jars/* --conf spark.hadoop.fs.s3a.endpoint=http://minio:9000 --conf spark.hadoop.fs.s3a.access.key=minio --conf spark.hadoop.fs.s3a.secret.key=****** --conf spark.hadoop.fs.s3a.path.style.access=true --conf spark.hadoop.fs.s3a.impl=org.apache.hadoop.fs.s3a.S3AFileSystem --conf spark.hadoop.fs.s3a.aws.credentials.provider=org.apache.hadoop.fs.s3a.SimpleAWSCredentialsProvider --packages org.apache.hadoop:hadoop-aws:3.3.4,com.amazonaws:aws-java-sdk-bundle:1.11.1026 --name arrow-spark --verbose /opt/***/dags/spark_test_readingMinio.py
[2025-01-31T10:52:45.625+0000] {spark_submit.py:491} INFO - Using properties file: null
[2025-01-31T10:52:45.848+0000] {spark_submit.py:491} INFO - Parsed arguments:
[2025-01-31T10:52:45.848+0000] {spark_submit.py:491} INFO - master                  spark://spark:7077
[2025-01-31T10:52:45.849+0000] {spark_submit.py:491} INFO - remote                  null
[2025-01-31T10:52:45.849+0000] {spark_submit.py:491} INFO - deployMode              null
[2025-01-31T10:52:45.850+0000] {spark_submit.py:491} INFO - executorMemory          null
[2025-01-31T10:52:45.850+0000] {spark_submit.py:491} INFO - executorCores           null
[2025-01-31T10:52:45.851+0000] {spark_submit.py:491} INFO - totalExecutorCores      null
[2025-01-31T10:52:45.851+0000] {spark_submit.py:491} INFO - propertiesFile          null
[2025-01-31T10:52:45.851+0000] {spark_submit.py:491} INFO - driverMemory            null
[2025-01-31T10:52:45.852+0000] {spark_submit.py:491} INFO - driverCores             null
[2025-01-31T10:52:45.852+0000] {spark_submit.py:491} INFO - driverExtraClassPath    /opt/***/jars/*
[2025-01-31T10:52:45.854+0000] {spark_submit.py:491} INFO - driverExtraLibraryPath  null
[2025-01-31T10:52:45.854+0000] {spark_submit.py:491} INFO - driverExtraJavaOptions  null
[2025-01-31T10:52:45.855+0000] {spark_submit.py:491} INFO - supervise               false
[2025-01-31T10:52:45.856+0000] {spark_submit.py:491} INFO - queue                   null
[2025-01-31T10:52:45.856+0000] {spark_submit.py:491} INFO - numExecutors            null
[2025-01-31T10:52:45.857+0000] {spark_submit.py:491} INFO - files                   null
[2025-01-31T10:52:45.857+0000] {spark_submit.py:491} INFO - pyFiles                 null
[2025-01-31T10:52:45.858+0000] {spark_submit.py:491} INFO - archives                null
[2025-01-31T10:52:45.858+0000] {spark_submit.py:491} INFO - mainClass               null
[2025-01-31T10:52:45.859+0000] {spark_submit.py:491} INFO - primaryResource         file:/opt/***/dags/spark_test_readingMinio.py
[2025-01-31T10:52:45.860+0000] {spark_submit.py:491} INFO - name                    arrow-spark
[2025-01-31T10:52:45.860+0000] {spark_submit.py:491} INFO - childArgs               []
[2025-01-31T10:52:45.861+0000] {spark_submit.py:491} INFO - jars                    null
[2025-01-31T10:52:45.861+0000] {spark_submit.py:491} INFO - packages                org.apache.hadoop:hadoop-aws:3.3.4,com.amazonaws:aws-java-sdk-bundle:1.11.1026
[2025-01-31T10:52:45.862+0000] {spark_submit.py:491} INFO - packagesExclusions      null
[2025-01-31T10:52:45.862+0000] {spark_submit.py:491} INFO - repositories            null
[2025-01-31T10:52:45.863+0000] {spark_submit.py:491} INFO - verbose                 true
[2025-01-31T10:52:45.864+0000] {spark_submit.py:491} INFO - 
[2025-01-31T10:52:45.864+0000] {spark_submit.py:491} INFO - Spark properties used, including those specified through
[2025-01-31T10:52:45.865+0000] {spark_submit.py:491} INFO - --conf and those from the properties file null:
[2025-01-31T10:52:45.866+0000] {spark_submit.py:491} INFO - (spark.driver.extraClassPath,/opt/***/jars/*)
[2025-01-31T10:52:45.866+0000] {spark_submit.py:491} INFO - (spark.executor.extraClassPath,/opt/***/jars/*)
[2025-01-31T10:52:45.867+0000] {spark_submit.py:491} INFO - (spark.hadoop.fs.s3a.access.key,*********(redacted))
[2025-01-31T10:52:45.867+0000] {spark_submit.py:491} INFO - (spark.hadoop.fs.s3a.aws.credentials.provider,org.apache.hadoop.fs.s3a.SimpleAWSCredentialsProvider)
[2025-01-31T10:52:45.868+0000] {spark_submit.py:491} INFO - (spark.hadoop.fs.s3a.endpoint,http://minio:9000)
[2025-01-31T10:52:45.868+0000] {spark_submit.py:491} INFO - (spark.hadoop.fs.s3a.impl,org.apache.hadoop.fs.s3a.S3AFileSystem)
[2025-01-31T10:52:45.869+0000] {spark_submit.py:491} INFO - (spark.hadoop.fs.s3a.path.style.access,true)
[2025-01-31T10:52:45.870+0000] {spark_submit.py:491} INFO - (spark.hadoop.fs.s3a.secret.key,*********(redacted))
[2025-01-31T10:52:45.870+0000] {spark_submit.py:491} INFO - 
[2025-01-31T10:52:45.871+0000] {spark_submit.py:491} INFO - 
[2025-01-31T10:52:46.288+0000] {spark_submit.py:491} INFO - :: loading settings :: url = jar:file:/opt/spark-3.4.0-bin-hadoop3/jars/ivy-2.5.1.jar!/org/apache/ivy/core/settings/ivysettings.xml
[2025-01-31T10:52:46.575+0000] {spark_submit.py:491} INFO - Ivy Default Cache set to: /home/***/.ivy2/cache
[2025-01-31T10:52:46.576+0000] {spark_submit.py:491} INFO - The jars for the packages stored in: /home/***/.ivy2/jars
[2025-01-31T10:52:46.611+0000] {spark_submit.py:491} INFO - org.apache.hadoop#hadoop-aws added as a dependency
[2025-01-31T10:52:46.612+0000] {spark_submit.py:491} INFO - com.amazonaws#aws-java-sdk-bundle added as a dependency
[2025-01-31T10:52:46.617+0000] {spark_submit.py:491} INFO - :: resolving dependencies :: org.apache.spark#spark-submit-parent-c7463a1d-9eab-43ee-9082-62c01ef8d3ff;1.0
[2025-01-31T10:52:46.617+0000] {spark_submit.py:491} INFO - confs: [default]
[2025-01-31T10:52:47.401+0000] {spark_submit.py:491} INFO - found org.apache.hadoop#hadoop-aws;3.3.4 in central
[2025-01-31T10:52:47.507+0000] {spark_submit.py:491} INFO - found com.amazonaws#aws-java-sdk-bundle;1.12.262 in central
[2025-01-31T10:52:47.562+0000] {spark_submit.py:491} INFO - found org.wildfly.openssl#wildfly-openssl;1.0.7.Final in central
[2025-01-31T10:52:47.612+0000] {spark_submit.py:491} INFO - :: resolution report :: resolve 976ms :: artifacts dl 19ms
[2025-01-31T10:52:47.612+0000] {spark_submit.py:491} INFO - :: modules in use:
[2025-01-31T10:52:47.613+0000] {spark_submit.py:491} INFO - com.amazonaws#aws-java-sdk-bundle;1.12.262 from central in [default]
[2025-01-31T10:52:47.614+0000] {spark_submit.py:491} INFO - org.apache.hadoop#hadoop-aws;3.3.4 from central in [default]
[2025-01-31T10:52:47.614+0000] {spark_submit.py:491} INFO - org.wildfly.openssl#wildfly-openssl;1.0.7.Final from central in [default]
[2025-01-31T10:52:47.614+0000] {spark_submit.py:491} INFO - :: evicted modules:
[2025-01-31T10:52:47.615+0000] {spark_submit.py:491} INFO - com.amazonaws#aws-java-sdk-bundle;1.11.1026 by [com.amazonaws#aws-java-sdk-bundle;1.12.262] in [default]
[2025-01-31T10:52:47.615+0000] {spark_submit.py:491} INFO - ---------------------------------------------------------------------
[2025-01-31T10:52:47.616+0000] {spark_submit.py:491} INFO - |                  |            modules            ||   artifacts   |
[2025-01-31T10:52:47.616+0000] {spark_submit.py:491} INFO - |       conf       | number| search|dwnlded|evicted|| number|dwnlded|
[2025-01-31T10:52:47.617+0000] {spark_submit.py:491} INFO - ---------------------------------------------------------------------
[2025-01-31T10:52:47.617+0000] {spark_submit.py:491} INFO - |      default     |   4   |   0   |   0   |   1   ||   3   |   0   |
[2025-01-31T10:52:47.618+0000] {spark_submit.py:491} INFO - ---------------------------------------------------------------------
[2025-01-31T10:52:47.622+0000] {spark_submit.py:491} INFO - :: retrieving :: org.apache.spark#spark-submit-parent-c7463a1d-9eab-43ee-9082-62c01ef8d3ff
[2025-01-31T10:52:47.630+0000] {spark_submit.py:491} INFO - confs: [default]
[2025-01-31T10:52:47.643+0000] {spark_submit.py:491} INFO - 0 artifacts copied, 3 already retrieved (0kB/20ms)
[2025-01-31T10:52:48.236+0000] {spark_submit.py:491} INFO - 25/01/31 10:52:48 WARN NativeCodeLoader: Unable to load native-hadoop library for your platform... using builtin-java classes where applicable
[2025-01-31T10:52:48.744+0000] {spark_submit.py:491} INFO - Main class:
[2025-01-31T10:52:48.745+0000] {spark_submit.py:491} INFO - org.apache.spark.deploy.PythonRunner
[2025-01-31T10:52:48.746+0000] {spark_submit.py:491} INFO - Arguments:
[2025-01-31T10:52:48.746+0000] {spark_submit.py:491} INFO - file:/opt/***/dags/spark_test_readingMinio.py
[2025-01-31T10:52:48.747+0000] {spark_submit.py:491} INFO - file:///home/***/.ivy2/jars/org.apache.hadoop_hadoop-aws-3.3.4.jar,file:///home/***/.ivy2/jars/com.amazonaws_aws-java-sdk-bundle-1.12.262.jar,file:///home/***/.ivy2/jars/org.wildfly.openssl_wildfly-openssl-1.0.7.Final.jar
[2025-01-31T10:52:48.752+0000] {spark_submit.py:491} INFO - Spark config:
[2025-01-31T10:52:48.753+0000] {spark_submit.py:491} INFO - (spark.app.name,arrow-spark)
[2025-01-31T10:52:48.754+0000] {spark_submit.py:491} INFO - (spark.app.submitTime,1738320768694)
[2025-01-31T10:52:48.754+0000] {spark_submit.py:491} INFO - (spark.driver.extraClassPath,/opt/***/jars/*)
[2025-01-31T10:52:48.755+0000] {spark_submit.py:491} INFO - (spark.executor.extraClassPath,/opt/***/jars/*)
[2025-01-31T10:52:48.756+0000] {spark_submit.py:491} INFO - (spark.files,file:///home/***/.ivy2/jars/org.apache.hadoop_hadoop-aws-3.3.4.jar,file:///home/***/.ivy2/jars/com.amazonaws_aws-java-sdk-bundle-1.12.262.jar,file:///home/***/.ivy2/jars/org.wildfly.openssl_wildfly-openssl-1.0.7.Final.jar)
[2025-01-31T10:52:48.756+0000] {spark_submit.py:491} INFO - (spark.hadoop.fs.s3a.access.key,*********(redacted))
[2025-01-31T10:52:48.757+0000] {spark_submit.py:491} INFO - (spark.hadoop.fs.s3a.aws.credentials.provider,org.apache.hadoop.fs.s3a.SimpleAWSCredentialsProvider)
[2025-01-31T10:52:48.758+0000] {spark_submit.py:491} INFO - (spark.hadoop.fs.s3a.endpoint,http://minio:9000)
[2025-01-31T10:52:48.758+0000] {spark_submit.py:491} INFO - (spark.hadoop.fs.s3a.impl,org.apache.hadoop.fs.s3a.S3AFileSystem)
[2025-01-31T10:52:48.758+0000] {spark_submit.py:491} INFO - (spark.hadoop.fs.s3a.path.style.access,true)
[2025-01-31T10:52:48.759+0000] {spark_submit.py:491} INFO - (spark.hadoop.fs.s3a.secret.key,*********(redacted))
[2025-01-31T10:52:48.759+0000] {spark_submit.py:491} INFO - (spark.jars,file:///home/***/.ivy2/jars/org.apache.hadoop_hadoop-aws-3.3.4.jar,file:///home/***/.ivy2/jars/com.amazonaws_aws-java-sdk-bundle-1.12.262.jar,file:///home/***/.ivy2/jars/org.wildfly.openssl_wildfly-openssl-1.0.7.Final.jar)
[2025-01-31T10:52:48.760+0000] {spark_submit.py:491} INFO - (spark.master,spark://spark:7077)
[2025-01-31T10:52:48.760+0000] {spark_submit.py:491} INFO - (spark.repl.local.jars,file:///home/***/.ivy2/jars/org.apache.hadoop_hadoop-aws-3.3.4.jar,file:///home/***/.ivy2/jars/com.amazonaws_aws-java-sdk-bundle-1.12.262.jar,file:///home/***/.ivy2/jars/org.wildfly.openssl_wildfly-openssl-1.0.7.Final.jar)
[2025-01-31T10:52:48.761+0000] {spark_submit.py:491} INFO - (spark.submit.deployMode,client)
[2025-01-31T10:52:48.761+0000] {spark_submit.py:491} INFO - (spark.submit.pyFiles,/home/***/.ivy2/jars/org.apache.hadoop_hadoop-aws-3.3.4.jar,/home/***/.ivy2/jars/com.amazonaws_aws-java-sdk-bundle-1.12.262.jar,/home/***/.ivy2/jars/org.wildfly.openssl_wildfly-openssl-1.0.7.Final.jar)
[2025-01-31T10:52:48.762+0000] {spark_submit.py:491} INFO - Classpath elements:
[2025-01-31T10:52:48.762+0000] {spark_submit.py:491} INFO - file:///home/***/.ivy2/jars/org.apache.hadoop_hadoop-aws-3.3.4.jar
[2025-01-31T10:52:48.763+0000] {spark_submit.py:491} INFO - file:///home/***/.ivy2/jars/com.amazonaws_aws-java-sdk-bundle-1.12.262.jar
[2025-01-31T10:52:48.764+0000] {spark_submit.py:491} INFO - file:///home/***/.ivy2/jars/org.wildfly.openssl_wildfly-openssl-1.0.7.Final.jar
[2025-01-31T10:52:48.764+0000] {spark_submit.py:491} INFO - 
[2025-01-31T10:52:48.765+0000] {spark_submit.py:491} INFO - 
[2025-01-31T10:52:51.741+0000] {spark_submit.py:491} INFO - 25/01/31 10:52:51 INFO SparkContext: Running Spark version 3.4.0
[2025-01-31T10:52:51.786+0000] {spark_submit.py:491} INFO - 25/01/31 10:52:51 INFO ResourceUtils: ==============================================================
[2025-01-31T10:52:51.791+0000] {spark_submit.py:491} INFO - 25/01/31 10:52:51 INFO ResourceUtils: No custom resources configured for spark.driver.
[2025-01-31T10:52:51.791+0000] {spark_submit.py:491} INFO - 25/01/31 10:52:51 INFO ResourceUtils: ==============================================================
[2025-01-31T10:52:51.792+0000] {spark_submit.py:491} INFO - 25/01/31 10:52:51 INFO SparkContext: Submitted application: ReadFromMinIO
[2025-01-31T10:52:51.872+0000] {spark_submit.py:491} INFO - 25/01/31 10:52:51 INFO ResourceProfile: Default ResourceProfile created, executor resources: Map(memory -> name: memory, amount: 1024, script: , vendor: , offHeap -> name: offHeap, amount: 0, script: , vendor: ), task resources: Map(cpus -> name: cpus, amount: 1.0)
[2025-01-31T10:52:51.903+0000] {spark_submit.py:491} INFO - 25/01/31 10:52:51 INFO ResourceProfile: Limiting resource is cpu
[2025-01-31T10:52:51.905+0000] {spark_submit.py:491} INFO - 25/01/31 10:52:51 INFO ResourceProfileManager: Added ResourceProfile id: 0
[2025-01-31T10:52:52.103+0000] {spark_submit.py:491} INFO - 25/01/31 10:52:52 INFO SecurityManager: Changing view acls to: ***
[2025-01-31T10:52:52.105+0000] {spark_submit.py:491} INFO - 25/01/31 10:52:52 INFO SecurityManager: Changing modify acls to: ***
[2025-01-31T10:52:52.109+0000] {spark_submit.py:491} INFO - 25/01/31 10:52:52 INFO SecurityManager: Changing view acls groups to:
[2025-01-31T10:52:52.113+0000] {spark_submit.py:491} INFO - 25/01/31 10:52:52 INFO SecurityManager: Changing modify acls groups to:
[2025-01-31T10:52:52.114+0000] {spark_submit.py:491} INFO - 25/01/31 10:52:52 INFO SecurityManager: SecurityManager: authentication disabled; ui acls disabled; users with view permissions: ***; groups with view permissions: EMPTY; users with modify permissions: ***; groups with modify permissions: EMPTY
[2025-01-31T10:52:52.956+0000] {spark_submit.py:491} INFO - 25/01/31 10:52:52 INFO Utils: Successfully started service 'sparkDriver' on port 39575.
[2025-01-31T10:52:53.025+0000] {spark_submit.py:491} INFO - 25/01/31 10:52:53 INFO SparkEnv: Registering MapOutputTracker
[2025-01-31T10:52:53.129+0000] {spark_submit.py:491} INFO - 25/01/31 10:52:53 INFO SparkEnv: Registering BlockManagerMaster
[2025-01-31T10:52:53.189+0000] {spark_submit.py:491} INFO - 25/01/31 10:52:53 INFO BlockManagerMasterEndpoint: Using org.apache.spark.storage.DefaultTopologyMapper for getting topology information
[2025-01-31T10:52:53.190+0000] {spark_submit.py:491} INFO - 25/01/31 10:52:53 INFO BlockManagerMasterEndpoint: BlockManagerMasterEndpoint up
[2025-01-31T10:52:53.204+0000] {spark_submit.py:491} INFO - 25/01/31 10:52:53 INFO SparkEnv: Registering BlockManagerMasterHeartbeat
[2025-01-31T10:52:53.271+0000] {spark_submit.py:491} INFO - 25/01/31 10:52:53 INFO DiskBlockManager: Created local directory at /tmp/blockmgr-71491796-7e79-4af3-a31b-ae2da5214164
[2025-01-31T10:52:53.312+0000] {spark_submit.py:491} INFO - 25/01/31 10:52:53 INFO MemoryStore: MemoryStore started with capacity 434.4 MiB
[2025-01-31T10:52:53.348+0000] {spark_submit.py:491} INFO - 25/01/31 10:52:53 INFO SparkEnv: Registering OutputCommitCoordinator
[2025-01-31T10:52:53.605+0000] {spark_submit.py:491} INFO - 25/01/31 10:52:53 INFO JettyUtils: Start Jetty 0.0.0.0:4040 for SparkUI
[2025-01-31T10:52:53.760+0000] {spark_submit.py:491} INFO - 25/01/31 10:52:53 INFO Utils: Successfully started service 'SparkUI' on port 4040.
[2025-01-31T10:52:53.824+0000] {spark_submit.py:491} INFO - 25/01/31 10:52:53 INFO SparkContext: Added JAR file:///home/***/.ivy2/jars/org.apache.hadoop_hadoop-aws-3.3.4.jar at spark://e056d9101b78:39575/jars/org.apache.hadoop_hadoop-aws-3.3.4.jar with timestamp 1738320771716
[2025-01-31T10:52:53.825+0000] {spark_submit.py:491} INFO - 25/01/31 10:52:53 INFO SparkContext: Added JAR file:///home/***/.ivy2/jars/com.amazonaws_aws-java-sdk-bundle-1.12.262.jar at spark://e056d9101b78:39575/jars/com.amazonaws_aws-java-sdk-bundle-1.12.262.jar with timestamp 1738320771716
[2025-01-31T10:52:53.825+0000] {spark_submit.py:491} INFO - 25/01/31 10:52:53 INFO SparkContext: Added JAR file:///home/***/.ivy2/jars/org.wildfly.openssl_wildfly-openssl-1.0.7.Final.jar at spark://e056d9101b78:39575/jars/org.wildfly.openssl_wildfly-openssl-1.0.7.Final.jar with timestamp 1738320771716
[2025-01-31T10:52:53.828+0000] {spark_submit.py:491} INFO - 25/01/31 10:52:53 INFO SparkContext: Added file file:///home/***/.ivy2/jars/org.apache.hadoop_hadoop-aws-3.3.4.jar at spark://e056d9101b78:39575/files/org.apache.hadoop_hadoop-aws-3.3.4.jar with timestamp 1738320771716
[2025-01-31T10:52:53.831+0000] {spark_submit.py:491} INFO - 25/01/31 10:52:53 INFO Utils: Copying /home/***/.ivy2/jars/org.apache.hadoop_hadoop-aws-3.3.4.jar to /tmp/spark-b6af41af-65da-4929-bbae-0bc95f5c61c0/userFiles-8e186608-61f4-48e4-ac0a-9b412614cba1/org.apache.hadoop_hadoop-aws-3.3.4.jar
[2025-01-31T10:52:53.929+0000] {spark_submit.py:491} INFO - 25/01/31 10:52:53 INFO SparkContext: Added file file:///home/***/.ivy2/jars/com.amazonaws_aws-java-sdk-bundle-1.12.262.jar at spark://e056d9101b78:39575/files/com.amazonaws_aws-java-sdk-bundle-1.12.262.jar with timestamp 1738320771716
[2025-01-31T10:52:53.930+0000] {spark_submit.py:491} INFO - 25/01/31 10:52:53 INFO Utils: Copying /home/***/.ivy2/jars/com.amazonaws_aws-java-sdk-bundle-1.12.262.jar to /tmp/spark-b6af41af-65da-4929-bbae-0bc95f5c61c0/userFiles-8e186608-61f4-48e4-ac0a-9b412614cba1/com.amazonaws_aws-java-sdk-bundle-1.12.262.jar
[2025-01-31T10:52:59.941+0000] {spark_submit.py:491} INFO - 25/01/31 10:52:59 INFO SparkContext: Added file file:///home/***/.ivy2/jars/org.wildfly.openssl_wildfly-openssl-1.0.7.Final.jar at spark://e056d9101b78:39575/files/org.wildfly.openssl_wildfly-openssl-1.0.7.Final.jar with timestamp 1738320771716
[2025-01-31T10:52:59.944+0000] {spark_submit.py:491} INFO - 25/01/31 10:52:59 INFO Utils: Copying /home/***/.ivy2/jars/org.wildfly.openssl_wildfly-openssl-1.0.7.Final.jar to /tmp/spark-b6af41af-65da-4929-bbae-0bc95f5c61c0/userFiles-8e186608-61f4-48e4-ac0a-9b412614cba1/org.wildfly.openssl_wildfly-openssl-1.0.7.Final.jar
[2025-01-31T10:53:00.275+0000] {spark_submit.py:491} INFO - 25/01/31 10:53:00 INFO StandaloneAppClient$ClientEndpoint: Connecting to master spark://spark:7077...
[2025-01-31T10:53:00.550+0000] {spark_submit.py:491} INFO - 25/01/31 10:53:00 INFO TransportClientFactory: Successfully created connection to spark/172.18.0.3:7077 after 227 ms (0 ms spent in bootstraps)
[2025-01-31T10:53:00.898+0000] {spark_submit.py:491} INFO - 25/01/31 10:53:00 INFO StandaloneSchedulerBackend: Connected to Spark cluster with app ID app-20250131105300-0002
[2025-01-31T10:53:00.904+0000] {spark_submit.py:491} INFO - 25/01/31 10:53:00 INFO StandaloneAppClient$ClientEndpoint: Executor added: app-20250131105300-0002/0 on worker-20250131102625-172.18.0.5-42127 (172.18.0.5:42127) with 2 core(s)
[2025-01-31T10:53:00.908+0000] {spark_submit.py:491} INFO - 25/01/31 10:53:00 INFO StandaloneSchedulerBackend: Granted executor ID app-20250131105300-0002/0 on hostPort 172.18.0.5:42127 with 2 core(s), 1024.0 MiB RAM
[2025-01-31T10:53:00.913+0000] {spark_submit.py:491} INFO - 25/01/31 10:53:00 INFO Utils: Successfully started service 'org.apache.spark.network.netty.NettyBlockTransferService' on port 43097.
[2025-01-31T10:53:00.914+0000] {spark_submit.py:491} INFO - 25/01/31 10:53:00 INFO NettyBlockTransferService: Server created on e056d9101b78:43097
[2025-01-31T10:53:00.917+0000] {spark_submit.py:491} INFO - 25/01/31 10:53:00 INFO BlockManager: Using org.apache.spark.storage.RandomBlockReplicationPolicy for block replication policy
[2025-01-31T10:53:00.929+0000] {spark_submit.py:491} INFO - 25/01/31 10:53:00 INFO BlockManagerMaster: Registering BlockManager BlockManagerId(driver, e056d9101b78, 43097, None)
[2025-01-31T10:53:00.934+0000] {spark_submit.py:491} INFO - 25/01/31 10:53:00 INFO BlockManagerMasterEndpoint: Registering block manager e056d9101b78:43097 with 434.4 MiB RAM, BlockManagerId(driver, e056d9101b78, 43097, None)
[2025-01-31T10:53:00.939+0000] {spark_submit.py:491} INFO - 25/01/31 10:53:00 INFO BlockManagerMaster: Registered BlockManager BlockManagerId(driver, e056d9101b78, 43097, None)
[2025-01-31T10:53:00.940+0000] {spark_submit.py:491} INFO - 25/01/31 10:53:00 INFO BlockManager: Initialized BlockManager: BlockManagerId(driver, e056d9101b78, 43097, None)
[2025-01-31T10:53:01.237+0000] {spark_submit.py:491} INFO - 25/01/31 10:53:01 INFO StandaloneAppClient$ClientEndpoint: Executor updated: app-20250131105300-0002/0 is now RUNNING
[2025-01-31T10:53:01.334+0000] {spark_submit.py:491} INFO - 25/01/31 10:53:01 INFO StandaloneSchedulerBackend: SchedulerBackend is ready for scheduling beginning after reached minRegisteredResourcesRatio: 0.0
[2025-01-31T10:53:01.818+0000] {spark_submit.py:491} INFO - Reading JSON from MinIO...
[2025-01-31T10:53:01.845+0000] {spark_submit.py:491} INFO - 25/01/31 10:53:01 INFO SharedState: Setting hive.metastore.warehouse.dir ('null') to the value of spark.sql.warehouse.dir.
[2025-01-31T10:53:01.854+0000] {spark_submit.py:491} INFO - 25/01/31 10:53:01 INFO SharedState: Warehouse path is 'file:/opt/***/spark-warehouse'.
[2025-01-31T10:53:04.115+0000] {spark_submit.py:491} INFO - 25/01/31 10:53:04 WARN MetricsConfig: Cannot locate configuration: tried hadoop-metrics2-s3a-file-system.properties,hadoop-metrics2.properties
[2025-01-31T10:53:04.139+0000] {spark_submit.py:491} INFO - 25/01/31 10:53:04 INFO MetricsSystemImpl: Scheduled Metric snapshot period at 10 second(s).
[2025-01-31T10:53:04.140+0000] {spark_submit.py:491} INFO - 25/01/31 10:53:04 INFO MetricsSystemImpl: s3a-file-system metrics system started
[2025-01-31T10:53:06.725+0000] {spark_submit.py:491} INFO - 25/01/31 10:53:06 INFO InMemoryFileIndex: It took 271 ms to list leaf files for 1 paths.
[2025-01-31T10:53:07.079+0000] {spark_submit.py:491} INFO - 25/01/31 10:53:07 INFO MemoryStore: Block broadcast_0 stored as values in memory (estimated size 203.8 KiB, free 434.2 MiB)
[2025-01-31T10:53:07.284+0000] {spark_submit.py:491} INFO - 25/01/31 10:53:07 INFO MemoryStore: Block broadcast_0_piece0 stored as bytes in memory (estimated size 35.3 KiB, free 434.2 MiB)
[2025-01-31T10:53:07.290+0000] {spark_submit.py:491} INFO - 25/01/31 10:53:07 INFO BlockManagerInfo: Added broadcast_0_piece0 in memory on e056d9101b78:43097 (size: 35.3 KiB, free: 434.4 MiB)
[2025-01-31T10:53:07.298+0000] {spark_submit.py:491} INFO - 25/01/31 10:53:07 INFO SparkContext: Created broadcast 0 from load at NativeMethodAccessorImpl.java:0
[2025-01-31T10:53:08.561+0000] {spark_submit.py:491} INFO - 25/01/31 10:53:08 INFO FileInputFormat: Total input files to process : 1
[2025-01-31T10:53:08.575+0000] {spark_submit.py:491} INFO - 25/01/31 10:53:08 INFO FileInputFormat: Total input files to process : 1
[2025-01-31T10:53:08.600+0000] {spark_submit.py:491} INFO - 25/01/31 10:53:08 INFO SparkContext: Starting job: load at NativeMethodAccessorImpl.java:0
[2025-01-31T10:53:08.629+0000] {spark_submit.py:491} INFO - 25/01/31 10:53:08 INFO DAGScheduler: Got job 0 (load at NativeMethodAccessorImpl.java:0) with 1 output partitions
[2025-01-31T10:53:08.631+0000] {spark_submit.py:491} INFO - 25/01/31 10:53:08 INFO DAGScheduler: Final stage: ResultStage 0 (load at NativeMethodAccessorImpl.java:0)
[2025-01-31T10:53:08.633+0000] {spark_submit.py:491} INFO - 25/01/31 10:53:08 INFO DAGScheduler: Parents of final stage: List()
[2025-01-31T10:53:08.635+0000] {spark_submit.py:491} INFO - 25/01/31 10:53:08 INFO DAGScheduler: Missing parents: List()
[2025-01-31T10:53:08.644+0000] {spark_submit.py:491} INFO - 25/01/31 10:53:08 INFO DAGScheduler: Submitting ResultStage 0 (MapPartitionsRDD[2] at load at NativeMethodAccessorImpl.java:0), which has no missing parents
[2025-01-31T10:53:09.381+0000] {spark_submit.py:491} INFO - 25/01/31 10:53:09 INFO MemoryStore: Block broadcast_1 stored as values in memory (estimated size 9.2 KiB, free 434.2 MiB)
[2025-01-31T10:53:09.390+0000] {spark_submit.py:491} INFO - 25/01/31 10:53:09 INFO MemoryStore: Block broadcast_1_piece0 stored as bytes in memory (estimated size 4.9 KiB, free 434.2 MiB)
[2025-01-31T10:53:09.396+0000] {spark_submit.py:491} INFO - 25/01/31 10:53:09 INFO BlockManagerInfo: Added broadcast_1_piece0 in memory on e056d9101b78:43097 (size: 4.9 KiB, free: 434.4 MiB)
[2025-01-31T10:53:09.414+0000] {spark_submit.py:491} INFO - 25/01/31 10:53:09 INFO SparkContext: Created broadcast 1 from broadcast at DAGScheduler.scala:1535
[2025-01-31T10:53:09.489+0000] {spark_submit.py:491} INFO - 25/01/31 10:53:09 INFO DAGScheduler: Submitting 1 missing tasks from ResultStage 0 (MapPartitionsRDD[2] at load at NativeMethodAccessorImpl.java:0) (first 15 tasks are for partitions Vector(0))
[2025-01-31T10:53:09.493+0000] {spark_submit.py:491} INFO - 25/01/31 10:53:09 INFO TaskSchedulerImpl: Adding task set 0.0 with 1 tasks resource profile 0
[2025-01-31T10:53:11.440+0000] {spark_submit.py:491} INFO - 25/01/31 10:53:11 INFO StandaloneSchedulerBackend$StandaloneDriverEndpoint: Registered executor NettyRpcEndpointRef(spark-client://Executor) (172.18.0.5:50886) with ID 0,  ResourceProfileId 0
[2025-01-31T10:53:11.827+0000] {spark_submit.py:491} INFO - 25/01/31 10:53:11 INFO BlockManagerMasterEndpoint: Registering block manager 172.18.0.5:33927 with 434.4 MiB RAM, BlockManagerId(0, 172.18.0.5, 33927, None)
[2025-01-31T10:53:27.236+0000] {spark_submit.py:491} INFO - 25/01/31 10:53:27 INFO TaskSetManager: Starting task 0.0 in stage 0.0 (TID 0) (172.18.0.5, executor 0, partition 0, PROCESS_LOCAL, 7550 bytes)
[2025-01-31T10:53:28.146+0000] {spark_submit.py:491} INFO - 25/01/31 10:53:28 INFO BlockManagerInfo: Added broadcast_1_piece0 in memory on 172.18.0.5:33927 (size: 4.9 KiB, free: 434.4 MiB)
[2025-01-31T10:53:28.707+0000] {spark_submit.py:491} INFO - 25/01/31 10:53:28 INFO BlockManagerInfo: Added broadcast_0_piece0 in memory on 172.18.0.5:33927 (size: 35.3 KiB, free: 434.4 MiB)
[2025-01-31T10:53:36.383+0000] {spark_submit.py:491} INFO - 25/01/31 10:53:36 INFO TaskSetManager: Finished task 0.0 in stage 0.0 (TID 0) in 9201 ms on 172.18.0.5 (executor 0) (1/1)
[2025-01-31T10:53:36.394+0000] {spark_submit.py:491} INFO - 25/01/31 10:53:36 INFO TaskSchedulerImpl: Removed TaskSet 0.0, whose tasks have all completed, from pool
[2025-01-31T10:53:36.455+0000] {spark_submit.py:491} INFO - 25/01/31 10:53:36 INFO DAGScheduler: ResultStage 0 (load at NativeMethodAccessorImpl.java:0) finished in 27.668 s
[2025-01-31T10:53:36.465+0000] {spark_submit.py:491} INFO - 25/01/31 10:53:36 INFO DAGScheduler: Job 0 is finished. Cancelling potential speculative or zombie tasks for this job
[2025-01-31T10:53:36.467+0000] {spark_submit.py:491} INFO - 25/01/31 10:53:36 INFO TaskSchedulerImpl: Killing all running tasks in stage 0: Stage finished
[2025-01-31T10:53:36.511+0000] {spark_submit.py:491} INFO - 25/01/31 10:53:36 INFO DAGScheduler: Job 0 finished: load at NativeMethodAccessorImpl.java:0, took 28.016398 s
[2025-01-31T10:53:37.662+0000] {spark_submit.py:491} INFO - 25/01/31 10:53:37 INFO BlockManagerInfo: Removed broadcast_1_piece0 on e056d9101b78:43097 in memory (size: 4.9 KiB, free: 434.4 MiB)
[2025-01-31T10:53:37.668+0000] {spark_submit.py:491} INFO - 25/01/31 10:53:37 INFO BlockManagerInfo: Removed broadcast_1_piece0 on 172.18.0.5:33927 in memory (size: 4.9 KiB, free: 434.4 MiB)
[2025-01-31T10:53:37.733+0000] {spark_submit.py:491} INFO - 25/01/31 10:53:37 INFO BlockManagerInfo: Removed broadcast_0_piece0 on e056d9101b78:43097 in memory (size: 35.3 KiB, free: 434.4 MiB)
[2025-01-31T10:53:37.746+0000] {spark_submit.py:491} INFO - 25/01/31 10:53:37 INFO BlockManagerInfo: Removed broadcast_0_piece0 on 172.18.0.5:33927 in memory (size: 35.3 KiB, free: 434.4 MiB)
[2025-01-31T10:53:42.581+0000] {spark_submit.py:491} INFO - DataFrame loaded successfully:
[2025-01-31T10:53:43.481+0000] {spark_submit.py:491} INFO - 25/01/31 10:53:43 INFO FileSourceStrategy: Pushed Filters:
[2025-01-31T10:53:43.483+0000] {spark_submit.py:491} INFO - 25/01/31 10:53:43 INFO FileSourceStrategy: Post-Scan Filters:
[2025-01-31T10:53:44.303+0000] {spark_submit.py:491} INFO - 25/01/31 10:53:44 INFO CodeGenerator: Code generated in 482.518365 ms
[2025-01-31T10:53:44.318+0000] {spark_submit.py:491} INFO - 25/01/31 10:53:44 INFO MemoryStore: Block broadcast_2 stored as values in memory (estimated size 203.2 KiB, free 434.2 MiB)
[2025-01-31T10:53:44.478+0000] {spark_submit.py:491} INFO - 25/01/31 10:53:44 INFO MemoryStore: Block broadcast_2_piece0 stored as bytes in memory (estimated size 35.2 KiB, free 434.2 MiB)
[2025-01-31T10:53:44.483+0000] {spark_submit.py:491} INFO - 25/01/31 10:53:44 INFO BlockManagerInfo: Added broadcast_2_piece0 in memory on e056d9101b78:43097 (size: 35.2 KiB, free: 434.4 MiB)
[2025-01-31T10:53:44.488+0000] {spark_submit.py:491} INFO - 25/01/31 10:53:44 INFO SparkContext: Created broadcast 2 from showString at NativeMethodAccessorImpl.java:0
[2025-01-31T10:53:44.526+0000] {spark_submit.py:491} INFO - 25/01/31 10:53:44 INFO FileSourceScanExec: Planning scan with bin packing, max size: 4194304 bytes, open cost is considered as scanning 4194304 bytes.
[2025-01-31T10:53:44.592+0000] {spark_submit.py:491} INFO - 25/01/31 10:53:44 INFO SparkContext: Starting job: showString at NativeMethodAccessorImpl.java:0
[2025-01-31T10:53:44.596+0000] {spark_submit.py:491} INFO - 25/01/31 10:53:44 INFO DAGScheduler: Got job 1 (showString at NativeMethodAccessorImpl.java:0) with 1 output partitions
[2025-01-31T10:53:44.596+0000] {spark_submit.py:491} INFO - 25/01/31 10:53:44 INFO DAGScheduler: Final stage: ResultStage 1 (showString at NativeMethodAccessorImpl.java:0)
[2025-01-31T10:53:44.597+0000] {spark_submit.py:491} INFO - 25/01/31 10:53:44 INFO DAGScheduler: Parents of final stage: List()
[2025-01-31T10:53:44.597+0000] {spark_submit.py:491} INFO - 25/01/31 10:53:44 INFO DAGScheduler: Missing parents: List()
[2025-01-31T10:53:44.601+0000] {spark_submit.py:491} INFO - 25/01/31 10:53:44 INFO DAGScheduler: Submitting ResultStage 1 (MapPartitionsRDD[6] at showString at NativeMethodAccessorImpl.java:0), which has no missing parents
[2025-01-31T10:53:44.633+0000] {spark_submit.py:491} INFO - 25/01/31 10:53:44 INFO MemoryStore: Block broadcast_3 stored as values in memory (estimated size 20.8 KiB, free 434.1 MiB)
[2025-01-31T10:53:44.656+0000] {spark_submit.py:491} INFO - 25/01/31 10:53:44 INFO MemoryStore: Block broadcast_3_piece0 stored as bytes in memory (estimated size 8.7 KiB, free 434.1 MiB)
[2025-01-31T10:53:44.658+0000] {spark_submit.py:491} INFO - 25/01/31 10:53:44 INFO BlockManagerInfo: Added broadcast_3_piece0 in memory on e056d9101b78:43097 (size: 8.7 KiB, free: 434.4 MiB)
[2025-01-31T10:53:44.659+0000] {spark_submit.py:491} INFO - 25/01/31 10:53:44 INFO SparkContext: Created broadcast 3 from broadcast at DAGScheduler.scala:1535
[2025-01-31T10:53:44.661+0000] {spark_submit.py:491} INFO - 25/01/31 10:53:44 INFO DAGScheduler: Submitting 1 missing tasks from ResultStage 1 (MapPartitionsRDD[6] at showString at NativeMethodAccessorImpl.java:0) (first 15 tasks are for partitions Vector(0))
[2025-01-31T10:53:44.662+0000] {spark_submit.py:491} INFO - 25/01/31 10:53:44 INFO TaskSchedulerImpl: Adding task set 1.0 with 1 tasks resource profile 0
[2025-01-31T10:53:44.671+0000] {spark_submit.py:491} INFO - 25/01/31 10:53:44 INFO TaskSetManager: Starting task 0.0 in stage 1.0 (TID 1) (172.18.0.5, executor 0, partition 0, PROCESS_LOCAL, 7975 bytes)
[2025-01-31T10:53:44.764+0000] {spark_submit.py:491} INFO - 25/01/31 10:53:44 INFO BlockManagerInfo: Added broadcast_3_piece0 in memory on 172.18.0.5:33927 (size: 8.7 KiB, free: 434.4 MiB)
[2025-01-31T10:53:45.818+0000] {spark_submit.py:491} INFO - 25/01/31 10:53:45 INFO BlockManagerInfo: Added broadcast_2_piece0 in memory on 172.18.0.5:33927 (size: 35.2 KiB, free: 434.4 MiB)
[2025-01-31T10:53:45.951+0000] {spark_submit.py:491} INFO - 25/01/31 10:53:45 INFO TaskSetManager: Finished task 0.0 in stage 1.0 (TID 1) in 1286 ms on 172.18.0.5 (executor 0) (1/1)
[2025-01-31T10:53:45.951+0000] {spark_submit.py:491} INFO - 25/01/31 10:53:45 INFO TaskSchedulerImpl: Removed TaskSet 1.0, whose tasks have all completed, from pool
[2025-01-31T10:53:45.952+0000] {spark_submit.py:491} INFO - 25/01/31 10:53:45 INFO DAGScheduler: ResultStage 1 (showString at NativeMethodAccessorImpl.java:0) finished in 1.350 s
[2025-01-31T10:53:45.953+0000] {spark_submit.py:491} INFO - 25/01/31 10:53:45 INFO DAGScheduler: Job 1 is finished. Cancelling potential speculative or zombie tasks for this job
[2025-01-31T10:53:45.954+0000] {spark_submit.py:491} INFO - 25/01/31 10:53:45 INFO TaskSchedulerImpl: Killing all running tasks in stage 1: Stage finished
[2025-01-31T10:53:45.954+0000] {spark_submit.py:491} INFO - 25/01/31 10:53:45 INFO DAGScheduler: Job 1 finished: showString at NativeMethodAccessorImpl.java:0, took 1.361037 s
[2025-01-31T10:53:46.054+0000] {spark_submit.py:491} INFO - 25/01/31 10:53:46 INFO CodeGenerator: Code generated in 43.291887 ms
[2025-01-31T10:53:46.068+0000] {spark_submit.py:491} INFO - +---+-----------------------------------------------------------+--------------+---+-----------+--------+--------------+--------+
[2025-01-31T10:53:46.069+0000] {spark_submit.py:491} INFO - |__v|address                                                    |email         |id |name       |password|phone         |username|
[2025-01-31T10:53:46.069+0000] {spark_submit.py:491} INFO - +---+-----------------------------------------------------------+--------------+---+-----------+--------+--------------+--------+
[2025-01-31T10:53:46.070+0000] {spark_submit.py:491} INFO - |0  |{kilcoole, {-37.3159, 81.1496}, 7682, new road, 12926-3874}|john@gmail.com|1  |{john, doe}|m38rmF$ |1-570-236-7033|johnd   |
[2025-01-31T10:53:46.070+0000] {spark_submit.py:491} INFO - +---+-----------------------------------------------------------+--------------+---+-----------+--------+--------------+--------+
[2025-01-31T10:53:46.071+0000] {spark_submit.py:491} INFO - 
[2025-01-31T10:53:46.071+0000] {spark_submit.py:491} INFO - Reading JSON from MinIO...
[2025-01-31T10:53:46.169+0000] {spark_submit.py:491} INFO - 25/01/31 10:53:46 INFO InMemoryFileIndex: It took 16 ms to list leaf files for 1 paths.
[2025-01-31T10:53:46.177+0000] {spark_submit.py:491} INFO - 25/01/31 10:53:46 INFO MemoryStore: Block broadcast_4 stored as values in memory (estimated size 203.8 KiB, free 433.9 MiB)
[2025-01-31T10:53:46.206+0000] {spark_submit.py:491} INFO - 25/01/31 10:53:46 INFO MemoryStore: Block broadcast_4_piece0 stored as bytes in memory (estimated size 35.4 KiB, free 433.9 MiB)
[2025-01-31T10:53:46.208+0000] {spark_submit.py:491} INFO - 25/01/31 10:53:46 INFO BlockManagerInfo: Added broadcast_4_piece0 in memory on e056d9101b78:43097 (size: 35.4 KiB, free: 434.3 MiB)
[2025-01-31T10:53:46.209+0000] {spark_submit.py:491} INFO - 25/01/31 10:53:46 INFO SparkContext: Created broadcast 4 from load at NativeMethodAccessorImpl.java:0
[2025-01-31T10:53:46.228+0000] {spark_submit.py:491} INFO - 25/01/31 10:53:46 INFO FileInputFormat: Total input files to process : 1
[2025-01-31T10:53:46.235+0000] {spark_submit.py:491} INFO - 25/01/31 10:53:46 INFO FileInputFormat: Total input files to process : 1
[2025-01-31T10:53:46.246+0000] {spark_submit.py:491} INFO - 25/01/31 10:53:46 INFO SparkContext: Starting job: load at NativeMethodAccessorImpl.java:0
[2025-01-31T10:53:46.247+0000] {spark_submit.py:491} INFO - 25/01/31 10:53:46 INFO DAGScheduler: Got job 2 (load at NativeMethodAccessorImpl.java:0) with 1 output partitions
[2025-01-31T10:53:46.249+0000] {spark_submit.py:491} INFO - 25/01/31 10:53:46 INFO DAGScheduler: Final stage: ResultStage 2 (load at NativeMethodAccessorImpl.java:0)
[2025-01-31T10:53:46.250+0000] {spark_submit.py:491} INFO - 25/01/31 10:53:46 INFO DAGScheduler: Parents of final stage: List()
[2025-01-31T10:53:46.250+0000] {spark_submit.py:491} INFO - 25/01/31 10:53:46 INFO DAGScheduler: Missing parents: List()
[2025-01-31T10:53:46.251+0000] {spark_submit.py:491} INFO - 25/01/31 10:53:46 INFO DAGScheduler: Submitting ResultStage 2 (MapPartitionsRDD[9] at load at NativeMethodAccessorImpl.java:0), which has no missing parents
[2025-01-31T10:53:46.254+0000] {spark_submit.py:491} INFO - 25/01/31 10:53:46 INFO MemoryStore: Block broadcast_5 stored as values in memory (estimated size 9.2 KiB, free 433.9 MiB)
[2025-01-31T10:53:46.270+0000] {spark_submit.py:491} INFO - 25/01/31 10:53:46 INFO MemoryStore: Block broadcast_5_piece0 stored as bytes in memory (estimated size 4.9 KiB, free 433.9 MiB)
[2025-01-31T10:53:46.272+0000] {spark_submit.py:491} INFO - 25/01/31 10:53:46 INFO BlockManagerInfo: Added broadcast_5_piece0 in memory on e056d9101b78:43097 (size: 4.9 KiB, free: 434.3 MiB)
[2025-01-31T10:53:46.273+0000] {spark_submit.py:491} INFO - 25/01/31 10:53:46 INFO SparkContext: Created broadcast 5 from broadcast at DAGScheduler.scala:1535
[2025-01-31T10:53:46.274+0000] {spark_submit.py:491} INFO - 25/01/31 10:53:46 INFO DAGScheduler: Submitting 1 missing tasks from ResultStage 2 (MapPartitionsRDD[9] at load at NativeMethodAccessorImpl.java:0) (first 15 tasks are for partitions Vector(0))
[2025-01-31T10:53:46.274+0000] {spark_submit.py:491} INFO - 25/01/31 10:53:46 INFO TaskSchedulerImpl: Adding task set 2.0 with 1 tasks resource profile 0
[2025-01-31T10:53:46.276+0000] {spark_submit.py:491} INFO - 25/01/31 10:53:46 INFO TaskSetManager: Starting task 0.0 in stage 2.0 (TID 2) (172.18.0.5, executor 0, partition 0, PROCESS_LOCAL, 7560 bytes)
[2025-01-31T10:53:46.295+0000] {spark_submit.py:491} INFO - 25/01/31 10:53:46 INFO BlockManagerInfo: Added broadcast_5_piece0 in memory on 172.18.0.5:33927 (size: 4.9 KiB, free: 434.4 MiB)
[2025-01-31T10:53:46.315+0000] {spark_submit.py:491} INFO - 25/01/31 10:53:46 INFO BlockManagerInfo: Added broadcast_4_piece0 in memory on 172.18.0.5:33927 (size: 35.4 KiB, free: 434.3 MiB)
[2025-01-31T10:53:46.421+0000] {spark_submit.py:491} INFO - 25/01/31 10:53:46 INFO TaskSetManager: Finished task 0.0 in stage 2.0 (TID 2) in 145 ms on 172.18.0.5 (executor 0) (1/1)
[2025-01-31T10:53:46.421+0000] {spark_submit.py:491} INFO - 25/01/31 10:53:46 INFO TaskSchedulerImpl: Removed TaskSet 2.0, whose tasks have all completed, from pool
[2025-01-31T10:53:46.426+0000] {spark_submit.py:491} INFO - 25/01/31 10:53:46 INFO DAGScheduler: ResultStage 2 (load at NativeMethodAccessorImpl.java:0) finished in 0.172 s
[2025-01-31T10:53:46.426+0000] {spark_submit.py:491} INFO - 25/01/31 10:53:46 INFO DAGScheduler: Job 2 is finished. Cancelling potential speculative or zombie tasks for this job
[2025-01-31T10:53:46.427+0000] {spark_submit.py:491} INFO - 25/01/31 10:53:46 INFO TaskSchedulerImpl: Killing all running tasks in stage 2: Stage finished
[2025-01-31T10:53:46.427+0000] {spark_submit.py:491} INFO - 25/01/31 10:53:46 INFO DAGScheduler: Job 2 finished: load at NativeMethodAccessorImpl.java:0, took 0.177209 s
[2025-01-31T10:53:46.430+0000] {spark_submit.py:491} INFO - SECOND  DataFrame loaded successfully:
[2025-01-31T10:53:46.455+0000] {spark_submit.py:491} INFO - 25/01/31 10:53:46 INFO FileSourceStrategy: Pushed Filters:
[2025-01-31T10:53:46.455+0000] {spark_submit.py:491} INFO - 25/01/31 10:53:46 INFO FileSourceStrategy: Post-Scan Filters:
[2025-01-31T10:53:46.476+0000] {spark_submit.py:491} INFO - 25/01/31 10:53:46 INFO MemoryStore: Block broadcast_6 stored as values in memory (estimated size 203.2 KiB, free 433.7 MiB)
[2025-01-31T10:53:46.513+0000] {spark_submit.py:491} INFO - 25/01/31 10:53:46 INFO MemoryStore: Block broadcast_6_piece0 stored as bytes in memory (estimated size 35.2 KiB, free 433.7 MiB)
[2025-01-31T10:53:46.516+0000] {spark_submit.py:491} INFO - 25/01/31 10:53:46 INFO BlockManagerInfo: Added broadcast_6_piece0 in memory on e056d9101b78:43097 (size: 35.2 KiB, free: 434.3 MiB)
[2025-01-31T10:53:46.518+0000] {spark_submit.py:491} INFO - 25/01/31 10:53:46 INFO SparkContext: Created broadcast 6 from showString at NativeMethodAccessorImpl.java:0
[2025-01-31T10:53:46.809+0000] {spark_submit.py:491} INFO - Traceback (most recent call last):
[2025-01-31T10:53:46.810+0000] {spark_submit.py:491} INFO - File "/opt/***/dags/spark_test_readingMinio.py", line 44, in <module>
[2025-01-31T10:53:46.815+0000] {spark_submit.py:491} INFO - main()
[2025-01-31T10:53:46.815+0000] {spark_submit.py:491} INFO - File "/opt/***/dags/spark_test_readingMinio.py", line 37, in main
[2025-01-31T10:53:46.816+0000] {spark_submit.py:491} INFO - df1.show(truncate=False)
[2025-01-31T10:53:46.816+0000] {spark_submit.py:491} INFO - File "/opt/spark/python/lib/pyspark.zip/pyspark/sql/dataframe.py", line 912, in show
[2025-01-31T10:53:46.826+0000] {spark_submit.py:491} INFO - File "/opt/spark/python/lib/py4j-0.10.9.7-src.zip/py4j/java_gateway.py", line 1322, in __call__
[2025-01-31T10:53:46.828+0000] {spark_submit.py:491} INFO - File "/opt/spark/python/lib/pyspark.zip/pyspark/errors/exceptions/captured.py", line 175, in deco
[2025-01-31T10:53:46.840+0000] {spark_submit.py:491} INFO - pyspark.errors.exceptions.captured.AnalysisException: Since Spark 2.3, the queries from raw JSON/CSV files are disallowed when the
[2025-01-31T10:53:46.841+0000] {spark_submit.py:491} INFO - referenced columns only include the internal corrupt record column
[2025-01-31T10:53:46.841+0000] {spark_submit.py:491} INFO - (named _corrupt_record by default). For example:
[2025-01-31T10:53:46.842+0000] {spark_submit.py:491} INFO - spark.read.schema(schema).csv(file).filter($"_corrupt_record".isNotNull).count()
[2025-01-31T10:53:46.842+0000] {spark_submit.py:491} INFO - and spark.read.schema(schema).csv(file).select("_corrupt_record").show().
[2025-01-31T10:53:46.843+0000] {spark_submit.py:491} INFO - Instead, you can cache or save the parsed results and then send the same query.
[2025-01-31T10:53:46.843+0000] {spark_submit.py:491} INFO - For example, val df = spark.read.schema(schema).csv(file).cache() and then
[2025-01-31T10:53:46.844+0000] {spark_submit.py:491} INFO - df.filter($"_corrupt_record".isNotNull).count().
[2025-01-31T10:53:47.068+0000] {spark_submit.py:491} INFO - 25/01/31 10:53:47 INFO SparkContext: Invoking stop() from shutdown hook
[2025-01-31T10:53:47.069+0000] {spark_submit.py:491} INFO - 25/01/31 10:53:47 INFO SparkContext: SparkContext is stopping with exitCode 0.
[2025-01-31T10:53:47.095+0000] {spark_submit.py:491} INFO - 25/01/31 10:53:47 INFO SparkUI: Stopped Spark web UI at http://e056d9101b78:4040
[2025-01-31T10:53:47.102+0000] {spark_submit.py:491} INFO - 25/01/31 10:53:47 INFO StandaloneSchedulerBackend: Shutting down all executors
[2025-01-31T10:53:47.102+0000] {spark_submit.py:491} INFO - 25/01/31 10:53:47 INFO StandaloneSchedulerBackend$StandaloneDriverEndpoint: Asking each executor to shut down
[2025-01-31T10:53:47.141+0000] {spark_submit.py:491} INFO - 25/01/31 10:53:47 INFO MapOutputTrackerMasterEndpoint: MapOutputTrackerMasterEndpoint stopped!
[2025-01-31T10:53:47.205+0000] {spark_submit.py:491} INFO - 25/01/31 10:53:47 INFO MemoryStore: MemoryStore cleared
[2025-01-31T10:53:47.207+0000] {spark_submit.py:491} INFO - 25/01/31 10:53:47 INFO BlockManager: BlockManager stopped
[2025-01-31T10:53:47.216+0000] {spark_submit.py:491} INFO - 25/01/31 10:53:47 INFO BlockManagerMaster: BlockManagerMaster stopped
[2025-01-31T10:53:47.226+0000] {spark_submit.py:491} INFO - 25/01/31 10:53:47 INFO OutputCommitCoordinator$OutputCommitCoordinatorEndpoint: OutputCommitCoordinator stopped!
[2025-01-31T10:53:47.274+0000] {spark_submit.py:491} INFO - 25/01/31 10:53:47 INFO SparkContext: Successfully stopped SparkContext
[2025-01-31T10:53:47.275+0000] {spark_submit.py:491} INFO - 25/01/31 10:53:47 INFO ShutdownHookManager: Shutdown hook called
[2025-01-31T10:53:47.280+0000] {spark_submit.py:491} INFO - 25/01/31 10:53:47 INFO ShutdownHookManager: Deleting directory /tmp/spark-b6af41af-65da-4929-bbae-0bc95f5c61c0/pyspark-95eab68f-2ef1-488d-9e3a-682ecf95d7e2
[2025-01-31T10:53:47.294+0000] {spark_submit.py:491} INFO - 25/01/31 10:53:47 INFO ShutdownHookManager: Deleting directory /tmp/spark-b6af41af-65da-4929-bbae-0bc95f5c61c0
[2025-01-31T10:53:47.306+0000] {spark_submit.py:491} INFO - 25/01/31 10:53:47 INFO ShutdownHookManager: Deleting directory /tmp/spark-1990d126-b5ff-4c2a-81e0-bf1d6da26a4d
[2025-01-31T10:53:47.332+0000] {spark_submit.py:491} INFO - 25/01/31 10:53:47 INFO MetricsSystemImpl: Stopping s3a-file-system metrics system...
[2025-01-31T10:53:47.334+0000] {spark_submit.py:491} INFO - 25/01/31 10:53:47 INFO MetricsSystemImpl: s3a-file-system metrics system stopped.
[2025-01-31T10:53:47.335+0000] {spark_submit.py:491} INFO - 25/01/31 10:53:47 INFO MetricsSystemImpl: s3a-file-system metrics system shutdown complete.
[2025-01-31T10:53:47.817+0000] {taskinstance.py:1824} ERROR - Task failed with exception
Traceback (most recent call last):
  File "/home/airflow/.local/lib/python3.9/site-packages/airflow/providers/apache/spark/operators/spark_submit.py", line 156, in execute
    self._hook.submit(self._application)
  File "/home/airflow/.local/lib/python3.9/site-packages/airflow/providers/apache/spark/hooks/spark_submit.py", line 422, in submit
    raise AirflowException(
airflow.exceptions.AirflowException: Cannot execute: spark-submit --master spark://spark:7077 --conf spark.driver.extraClassPath=/opt/***/jars/* --conf spark.executor.extraClassPath=/opt/***/jars/* --conf spark.hadoop.fs.s3a.endpoint=http://minio:9000 --conf spark.hadoop.fs.s3a.access.key=minio --conf spark.hadoop.fs.s3a.secret.key=****** --conf spark.hadoop.fs.s3a.path.style.access=true --conf spark.hadoop.fs.s3a.impl=org.apache.hadoop.fs.s3a.S3AFileSystem --conf spark.hadoop.fs.s3a.aws.credentials.provider=org.apache.hadoop.fs.s3a.SimpleAWSCredentialsProvider --packages org.apache.hadoop:hadoop-aws:3.3.4,com.amazonaws:aws-java-sdk-bundle:1.11.1026 --name arrow-spark --verbose /opt/***/dags/spark_test_readingMinio.py. Error code is: 1.
[2025-01-31T10:53:47.849+0000] {taskinstance.py:1345} INFO - Marking task as UP_FOR_RETRY. dag_id=spark_minio_job_read, task_id=spark_minio_task, execution_date=20250131T105229, start_date=20250131T105240, end_date=20250131T105347
[2025-01-31T10:53:47.926+0000] {standard_task_runner.py:104} ERROR - Failed to execute job 5 for task spark_minio_task (Cannot execute: spark-submit --master spark://spark:7077 --conf spark.driver.extraClassPath=/opt/***/jars/* --conf spark.executor.extraClassPath=/opt/***/jars/* --conf spark.hadoop.fs.s3a.endpoint=http://minio:9000 --conf spark.hadoop.fs.s3a.access.key=minio --conf spark.hadoop.fs.s3a.secret.key=****** --conf spark.hadoop.fs.s3a.path.style.access=true --conf spark.hadoop.fs.s3a.impl=org.apache.hadoop.fs.s3a.S3AFileSystem --conf spark.hadoop.fs.s3a.aws.credentials.provider=org.apache.hadoop.fs.s3a.SimpleAWSCredentialsProvider --packages org.apache.hadoop:hadoop-aws:3.3.4,com.amazonaws:aws-java-sdk-bundle:1.11.1026 --name arrow-spark --verbose /opt/***/dags/spark_test_readingMinio.py. Error code is: 1.; 788)
[2025-01-31T10:53:47.949+0000] {local_task_job_runner.py:225} INFO - Task exited with return code 1
[2025-01-31T10:53:48.047+0000] {taskinstance.py:2653} INFO - 0 downstream tasks scheduled from follow-on schedule check
