[2025-02-03T15:57:56.049+0000] {taskinstance.py:1103} INFO - Dependencies all met for dep_context=non-requeueable deps ti=<TaskInstance: spark_minio_job_read.spark_minio_task manual__2025-02-03T15:57:44.561054+00:00 [queued]>
[2025-02-03T15:57:56.062+0000] {taskinstance.py:1103} INFO - Dependencies all met for dep_context=requeueable deps ti=<TaskInstance: spark_minio_job_read.spark_minio_task manual__2025-02-03T15:57:44.561054+00:00 [queued]>
[2025-02-03T15:57:56.062+0000] {taskinstance.py:1308} INFO - Starting attempt 1 of 2
[2025-02-03T15:57:56.081+0000] {taskinstance.py:1327} INFO - Executing <Task(SparkSubmitOperator): spark_minio_task> on 2025-02-03 15:57:44.561054+00:00
[2025-02-03T15:57:56.107+0000] {standard_task_runner.py:84} INFO - Running: ['***', 'tasks', 'run', 'spark_minio_job_read', 'spark_minio_task', 'manual__2025-02-03T15:57:44.561054+00:00', '--job-id', '46', '--raw', '--subdir', 'DAGS_FOLDER/spark_test_readingMinio_dag.py', '--cfg-path', '/tmp/tmpk_kromgp']
[2025-02-03T15:57:56.108+0000] {standard_task_runner.py:85} INFO - Job 46: Subtask spark_minio_task
[2025-02-03T15:57:56.089+0000] {standard_task_runner.py:57} INFO - Started process 343 to run task
[2025-02-03T15:57:56.339+0000] {task_command.py:410} INFO - Running <TaskInstance: spark_minio_job_read.spark_minio_task manual__2025-02-03T15:57:44.561054+00:00 [running]> on host a11cc94a71da
[2025-02-03T15:57:56.641+0000] {taskinstance.py:1545} INFO - Exporting env vars: AIRFLOW_CTX_DAG_OWNER='***' AIRFLOW_CTX_DAG_ID='spark_minio_job_read' AIRFLOW_CTX_TASK_ID='spark_minio_task' AIRFLOW_CTX_EXECUTION_DATE='2025-02-03T15:57:44.561054+00:00' AIRFLOW_CTX_TRY_NUMBER='1' AIRFLOW_CTX_DAG_RUN_ID='manual__2025-02-03T15:57:44.561054+00:00'
[2025-02-03T15:57:56.668+0000] {base.py:73} INFO - Using connection ID 'spark_default' for task execution.
[2025-02-03T15:57:56.672+0000] {spark_submit.py:340} INFO - Spark-Submit cmd: spark-submit --master spark://spark:7077 --conf spark.driver.extraClassPath=/opt/***/jars/* --conf spark.executor.extraClassPath=/opt/***/jars/* --conf spark.hadoop.fs.s3a.endpoint=http://minio:9000 --conf spark.hadoop.fs.s3a.access.key=minio --conf spark.hadoop.fs.s3a.secret.key=****** --conf spark.hadoop.fs.s3a.path.style.access=true --conf spark.hadoop.fs.s3a.impl=org.apache.hadoop.fs.s3a.S3AFileSystem --conf spark.hadoop.fs.s3a.aws.credentials.provider=org.apache.hadoop.fs.s3a.SimpleAWSCredentialsProvider --packages org.apache.hadoop:hadoop-aws:3.3.4,com.amazonaws:aws-java-sdk-bundle:1.11.1026 --name arrow-spark --verbose /opt/***/dags/spark_test_readingMinio.py
[2025-02-03T15:58:03.687+0000] {spark_submit.py:491} INFO - Using properties file: null
[2025-02-03T15:58:04.321+0000] {spark_submit.py:491} INFO - Parsed arguments:
[2025-02-03T15:58:04.323+0000] {spark_submit.py:491} INFO - master                  spark://spark:7077
[2025-02-03T15:58:04.326+0000] {spark_submit.py:491} INFO - remote                  null
[2025-02-03T15:58:04.327+0000] {spark_submit.py:491} INFO - deployMode              null
[2025-02-03T15:58:04.329+0000] {spark_submit.py:491} INFO - executorMemory          null
[2025-02-03T15:58:04.330+0000] {spark_submit.py:491} INFO - executorCores           null
[2025-02-03T15:58:04.330+0000] {spark_submit.py:491} INFO - totalExecutorCores      null
[2025-02-03T15:58:04.331+0000] {spark_submit.py:491} INFO - propertiesFile          null
[2025-02-03T15:58:04.331+0000] {spark_submit.py:491} INFO - driverMemory            null
[2025-02-03T15:58:04.332+0000] {spark_submit.py:491} INFO - driverCores             null
[2025-02-03T15:58:04.332+0000] {spark_submit.py:491} INFO - driverExtraClassPath    /opt/***/jars/*
[2025-02-03T15:58:04.334+0000] {spark_submit.py:491} INFO - driverExtraLibraryPath  null
[2025-02-03T15:58:04.335+0000] {spark_submit.py:491} INFO - driverExtraJavaOptions  null
[2025-02-03T15:58:04.336+0000] {spark_submit.py:491} INFO - supervise               false
[2025-02-03T15:58:04.337+0000] {spark_submit.py:491} INFO - queue                   null
[2025-02-03T15:58:04.337+0000] {spark_submit.py:491} INFO - numExecutors            null
[2025-02-03T15:58:04.338+0000] {spark_submit.py:491} INFO - files                   null
[2025-02-03T15:58:04.339+0000] {spark_submit.py:491} INFO - pyFiles                 null
[2025-02-03T15:58:04.339+0000] {spark_submit.py:491} INFO - archives                null
[2025-02-03T15:58:04.340+0000] {spark_submit.py:491} INFO - mainClass               null
[2025-02-03T15:58:04.341+0000] {spark_submit.py:491} INFO - primaryResource         file:/opt/***/dags/spark_test_readingMinio.py
[2025-02-03T15:58:04.342+0000] {spark_submit.py:491} INFO - name                    arrow-spark
[2025-02-03T15:58:04.343+0000] {spark_submit.py:491} INFO - childArgs               []
[2025-02-03T15:58:04.345+0000] {spark_submit.py:491} INFO - jars                    null
[2025-02-03T15:58:04.348+0000] {spark_submit.py:491} INFO - packages                org.apache.hadoop:hadoop-aws:3.3.4,com.amazonaws:aws-java-sdk-bundle:1.11.1026
[2025-02-03T15:58:04.349+0000] {spark_submit.py:491} INFO - packagesExclusions      null
[2025-02-03T15:58:04.350+0000] {spark_submit.py:491} INFO - repositories            null
[2025-02-03T15:58:04.351+0000] {spark_submit.py:491} INFO - verbose                 true
[2025-02-03T15:58:04.352+0000] {spark_submit.py:491} INFO - 
[2025-02-03T15:58:04.353+0000] {spark_submit.py:491} INFO - Spark properties used, including those specified through
[2025-02-03T15:58:04.358+0000] {spark_submit.py:491} INFO - --conf and those from the properties file null:
[2025-02-03T15:58:04.359+0000] {spark_submit.py:491} INFO - (spark.driver.extraClassPath,/opt/***/jars/*)
[2025-02-03T15:58:04.361+0000] {spark_submit.py:491} INFO - (spark.executor.extraClassPath,/opt/***/jars/*)
[2025-02-03T15:58:04.362+0000] {spark_submit.py:491} INFO - (spark.hadoop.fs.s3a.access.key,*********(redacted))
[2025-02-03T15:58:04.364+0000] {spark_submit.py:491} INFO - (spark.hadoop.fs.s3a.aws.credentials.provider,org.apache.hadoop.fs.s3a.SimpleAWSCredentialsProvider)
[2025-02-03T15:58:04.365+0000] {spark_submit.py:491} INFO - (spark.hadoop.fs.s3a.endpoint,http://minio:9000)
[2025-02-03T15:58:04.365+0000] {spark_submit.py:491} INFO - (spark.hadoop.fs.s3a.impl,org.apache.hadoop.fs.s3a.S3AFileSystem)
[2025-02-03T15:58:04.366+0000] {spark_submit.py:491} INFO - (spark.hadoop.fs.s3a.path.style.access,true)
[2025-02-03T15:58:04.367+0000] {spark_submit.py:491} INFO - (spark.hadoop.fs.s3a.secret.key,*********(redacted))
[2025-02-03T15:58:04.367+0000] {spark_submit.py:491} INFO - 
[2025-02-03T15:58:04.368+0000] {spark_submit.py:491} INFO - 
[2025-02-03T15:58:04.879+0000] {spark_submit.py:491} INFO - :: loading settings :: url = jar:file:/opt/spark-3.4.0-bin-hadoop3/jars/ivy-2.5.1.jar!/org/apache/ivy/core/settings/ivysettings.xml
[2025-02-03T15:58:05.092+0000] {spark_submit.py:491} INFO - Ivy Default Cache set to: /home/***/.ivy2/cache
[2025-02-03T15:58:05.093+0000] {spark_submit.py:491} INFO - The jars for the packages stored in: /home/***/.ivy2/jars
[2025-02-03T15:58:05.100+0000] {spark_submit.py:491} INFO - org.apache.hadoop#hadoop-aws added as a dependency
[2025-02-03T15:58:05.101+0000] {spark_submit.py:491} INFO - com.amazonaws#aws-java-sdk-bundle added as a dependency
[2025-02-03T15:58:05.102+0000] {spark_submit.py:491} INFO - :: resolving dependencies :: org.apache.spark#spark-submit-parent-cfb29de7-5334-4334-b109-09dbe8298db3;1.0
[2025-02-03T15:58:05.102+0000] {spark_submit.py:491} INFO - confs: [default]
[2025-02-03T15:58:08.165+0000] {spark_submit.py:491} INFO - found org.apache.hadoop#hadoop-aws;3.3.4 in central
[2025-02-03T15:58:08.941+0000] {spark_submit.py:491} INFO - found com.amazonaws#aws-java-sdk-bundle;1.12.262 in central
[2025-02-03T15:58:09.167+0000] {spark_submit.py:491} INFO - found org.wildfly.openssl#wildfly-openssl;1.0.7.Final in central
[2025-02-03T15:58:09.238+0000] {spark_submit.py:491} INFO - downloading https://repo1.maven.org/maven2/org/apache/hadoop/hadoop-aws/3.3.4/hadoop-aws-3.3.4.jar ...
[2025-02-03T15:58:09.795+0000] {spark_submit.py:491} INFO - [SUCCESSFUL ] org.apache.hadoop#hadoop-aws;3.3.4!hadoop-aws.jar (596ms)
[2025-02-03T15:58:09.819+0000] {spark_submit.py:491} INFO - downloading https://repo1.maven.org/maven2/com/amazonaws/aws-java-sdk-bundle/1.12.262/aws-java-sdk-bundle-1.12.262.jar ...
[2025-02-03T15:58:30.879+0000] {spark_submit.py:491} INFO - [SUCCESSFUL ] com.amazonaws#aws-java-sdk-bundle;1.12.262!aws-java-sdk-bundle.jar (20950ms)
[2025-02-03T15:58:30.914+0000] {spark_submit.py:491} INFO - :: resolution report :: resolve 4092ms :: artifacts dl 21717ms
[2025-02-03T15:58:30.916+0000] {spark_submit.py:491} INFO - :: modules in use:
[2025-02-03T15:58:30.918+0000] {spark_submit.py:491} INFO - com.amazonaws#aws-java-sdk-bundle;1.12.262 from central in [default]
[2025-02-03T15:58:30.920+0000] {spark_submit.py:491} INFO - org.apache.hadoop#hadoop-aws;3.3.4 from central in [default]
[2025-02-03T15:58:30.921+0000] {spark_submit.py:491} INFO - org.wildfly.openssl#wildfly-openssl;1.0.7.Final from central in [default]
[2025-02-03T15:58:30.922+0000] {spark_submit.py:491} INFO - :: evicted modules:
[2025-02-03T15:58:30.922+0000] {spark_submit.py:491} INFO - com.amazonaws#aws-java-sdk-bundle;1.11.1026 by [com.amazonaws#aws-java-sdk-bundle;1.12.262] in [default]
[2025-02-03T15:58:30.923+0000] {spark_submit.py:491} INFO - ---------------------------------------------------------------------
[2025-02-03T15:58:30.924+0000] {spark_submit.py:491} INFO - |                  |            modules            ||   artifacts   |
[2025-02-03T15:58:30.926+0000] {spark_submit.py:491} INFO - |       conf       | number| search|dwnlded|evicted|| number|dwnlded|
[2025-02-03T15:58:30.928+0000] {spark_submit.py:491} INFO - ---------------------------------------------------------------------
[2025-02-03T15:58:30.929+0000] {spark_submit.py:491} INFO - |      default     |   4   |   2   |   2   |   1   ||   3   |   2   |
[2025-02-03T15:58:30.931+0000] {spark_submit.py:491} INFO - ---------------------------------------------------------------------
[2025-02-03T15:58:30.987+0000] {spark_submit.py:491} INFO - :: retrieving :: org.apache.spark#spark-submit-parent-cfb29de7-5334-4334-b109-09dbe8298db3
[2025-02-03T15:58:30.989+0000] {spark_submit.py:491} INFO - confs: [default]
[2025-02-03T15:58:42.469+0000] {spark_submit.py:491} INFO - 2 artifacts copied, 1 already retrieved (275007kB/11421ms)
[2025-02-03T15:58:45.474+0000] {spark_submit.py:491} INFO - 25/02/03 15:58:45 WARN NativeCodeLoader: Unable to load native-hadoop library for your platform... using builtin-java classes where applicable
[2025-02-03T15:58:46.730+0000] {spark_submit.py:491} INFO - Main class:
[2025-02-03T15:58:46.732+0000] {spark_submit.py:491} INFO - org.apache.spark.deploy.PythonRunner
[2025-02-03T15:58:46.736+0000] {spark_submit.py:491} INFO - Arguments:
[2025-02-03T15:58:46.736+0000] {spark_submit.py:491} INFO - file:/opt/***/dags/spark_test_readingMinio.py
[2025-02-03T15:58:46.738+0000] {spark_submit.py:491} INFO - file:///home/***/.ivy2/jars/org.apache.hadoop_hadoop-aws-3.3.4.jar,file:///home/***/.ivy2/jars/com.amazonaws_aws-java-sdk-bundle-1.12.262.jar,file:///home/***/.ivy2/jars/org.wildfly.openssl_wildfly-openssl-1.0.7.Final.jar
[2025-02-03T15:58:46.740+0000] {spark_submit.py:491} INFO - Spark config:
[2025-02-03T15:58:46.740+0000] {spark_submit.py:491} INFO - (spark.app.name,arrow-spark)
[2025-02-03T15:58:46.741+0000] {spark_submit.py:491} INFO - (spark.app.submitTime,1738598326679)
[2025-02-03T15:58:46.742+0000] {spark_submit.py:491} INFO - (spark.driver.extraClassPath,/opt/***/jars/*)
[2025-02-03T15:58:46.742+0000] {spark_submit.py:491} INFO - (spark.executor.extraClassPath,/opt/***/jars/*)
[2025-02-03T15:58:46.743+0000] {spark_submit.py:491} INFO - (spark.files,file:///home/***/.ivy2/jars/org.apache.hadoop_hadoop-aws-3.3.4.jar,file:///home/***/.ivy2/jars/com.amazonaws_aws-java-sdk-bundle-1.12.262.jar,file:///home/***/.ivy2/jars/org.wildfly.openssl_wildfly-openssl-1.0.7.Final.jar)
[2025-02-03T15:58:46.744+0000] {spark_submit.py:491} INFO - (spark.hadoop.fs.s3a.access.key,*********(redacted))
[2025-02-03T15:58:46.745+0000] {spark_submit.py:491} INFO - (spark.hadoop.fs.s3a.aws.credentials.provider,org.apache.hadoop.fs.s3a.SimpleAWSCredentialsProvider)
[2025-02-03T15:58:46.746+0000] {spark_submit.py:491} INFO - (spark.hadoop.fs.s3a.endpoint,http://minio:9000)
[2025-02-03T15:58:46.747+0000] {spark_submit.py:491} INFO - (spark.hadoop.fs.s3a.impl,org.apache.hadoop.fs.s3a.S3AFileSystem)
[2025-02-03T15:58:46.747+0000] {spark_submit.py:491} INFO - (spark.hadoop.fs.s3a.path.style.access,true)
[2025-02-03T15:58:46.747+0000] {spark_submit.py:491} INFO - (spark.hadoop.fs.s3a.secret.key,*********(redacted))
[2025-02-03T15:58:46.748+0000] {spark_submit.py:491} INFO - (spark.jars,file:///home/***/.ivy2/jars/org.apache.hadoop_hadoop-aws-3.3.4.jar,file:///home/***/.ivy2/jars/com.amazonaws_aws-java-sdk-bundle-1.12.262.jar,file:///home/***/.ivy2/jars/org.wildfly.openssl_wildfly-openssl-1.0.7.Final.jar)
[2025-02-03T15:58:46.748+0000] {spark_submit.py:491} INFO - (spark.master,spark://spark:7077)
[2025-02-03T15:58:46.749+0000] {spark_submit.py:491} INFO - (spark.repl.local.jars,file:///home/***/.ivy2/jars/org.apache.hadoop_hadoop-aws-3.3.4.jar,file:///home/***/.ivy2/jars/com.amazonaws_aws-java-sdk-bundle-1.12.262.jar,file:///home/***/.ivy2/jars/org.wildfly.openssl_wildfly-openssl-1.0.7.Final.jar)
[2025-02-03T15:58:46.750+0000] {spark_submit.py:491} INFO - (spark.submit.deployMode,client)
[2025-02-03T15:58:46.750+0000] {spark_submit.py:491} INFO - (spark.submit.pyFiles,/home/***/.ivy2/jars/org.apache.hadoop_hadoop-aws-3.3.4.jar,/home/***/.ivy2/jars/com.amazonaws_aws-java-sdk-bundle-1.12.262.jar,/home/***/.ivy2/jars/org.wildfly.openssl_wildfly-openssl-1.0.7.Final.jar)
[2025-02-03T15:58:46.751+0000] {spark_submit.py:491} INFO - Classpath elements:
[2025-02-03T15:58:46.753+0000] {spark_submit.py:491} INFO - file:///home/***/.ivy2/jars/org.apache.hadoop_hadoop-aws-3.3.4.jar
[2025-02-03T15:58:46.754+0000] {spark_submit.py:491} INFO - file:///home/***/.ivy2/jars/com.amazonaws_aws-java-sdk-bundle-1.12.262.jar
[2025-02-03T15:58:46.756+0000] {spark_submit.py:491} INFO - file:///home/***/.ivy2/jars/org.wildfly.openssl_wildfly-openssl-1.0.7.Final.jar
[2025-02-03T15:58:46.757+0000] {spark_submit.py:491} INFO - 
[2025-02-03T15:58:46.761+0000] {spark_submit.py:491} INFO - 
[2025-02-03T15:58:50.149+0000] {spark_submit.py:491} INFO - 25/02/03 15:58:50 INFO SparkContext: Running Spark version 3.4.0
[2025-02-03T15:58:50.230+0000] {spark_submit.py:491} INFO - 25/02/03 15:58:50 INFO ResourceUtils: ==============================================================
[2025-02-03T15:58:50.231+0000] {spark_submit.py:491} INFO - 25/02/03 15:58:50 INFO ResourceUtils: No custom resources configured for spark.driver.
[2025-02-03T15:58:50.231+0000] {spark_submit.py:491} INFO - 25/02/03 15:58:50 INFO ResourceUtils: ==============================================================
[2025-02-03T15:58:50.232+0000] {spark_submit.py:491} INFO - 25/02/03 15:58:50 INFO SparkContext: Submitted application: ReadFromMinIO
[2025-02-03T15:58:50.292+0000] {spark_submit.py:491} INFO - 25/02/03 15:58:50 INFO ResourceProfile: Default ResourceProfile created, executor resources: Map(memory -> name: memory, amount: 1024, script: , vendor: , offHeap -> name: offHeap, amount: 0, script: , vendor: ), task resources: Map(cpus -> name: cpus, amount: 1.0)
[2025-02-03T15:58:50.380+0000] {spark_submit.py:491} INFO - 25/02/03 15:58:50 INFO ResourceProfile: Limiting resource is cpu
[2025-02-03T15:58:50.381+0000] {spark_submit.py:491} INFO - 25/02/03 15:58:50 INFO ResourceProfileManager: Added ResourceProfile id: 0
[2025-02-03T15:58:50.535+0000] {spark_submit.py:491} INFO - 25/02/03 15:58:50 INFO SecurityManager: Changing view acls to: ***
[2025-02-03T15:58:50.536+0000] {spark_submit.py:491} INFO - 25/02/03 15:58:50 INFO SecurityManager: Changing modify acls to: ***
[2025-02-03T15:58:50.536+0000] {spark_submit.py:491} INFO - 25/02/03 15:58:50 INFO SecurityManager: Changing view acls groups to:
[2025-02-03T15:58:50.537+0000] {spark_submit.py:491} INFO - 25/02/03 15:58:50 INFO SecurityManager: Changing modify acls groups to:
[2025-02-03T15:58:50.538+0000] {spark_submit.py:491} INFO - 25/02/03 15:58:50 INFO SecurityManager: SecurityManager: authentication disabled; ui acls disabled; users with view permissions: ***; groups with view permissions: EMPTY; users with modify permissions: ***; groups with modify permissions: EMPTY
[2025-02-03T15:58:51.248+0000] {spark_submit.py:491} INFO - 25/02/03 15:58:51 INFO Utils: Successfully started service 'sparkDriver' on port 33405.
[2025-02-03T15:58:51.400+0000] {spark_submit.py:491} INFO - 25/02/03 15:58:51 INFO SparkEnv: Registering MapOutputTracker
[2025-02-03T15:58:51.553+0000] {spark_submit.py:491} INFO - 25/02/03 15:58:51 INFO SparkEnv: Registering BlockManagerMaster
[2025-02-03T15:58:51.637+0000] {spark_submit.py:491} INFO - 25/02/03 15:58:51 INFO BlockManagerMasterEndpoint: Using org.apache.spark.storage.DefaultTopologyMapper for getting topology information
[2025-02-03T15:58:51.640+0000] {spark_submit.py:491} INFO - 25/02/03 15:58:51 INFO BlockManagerMasterEndpoint: BlockManagerMasterEndpoint up
[2025-02-03T15:58:51.652+0000] {spark_submit.py:491} INFO - 25/02/03 15:58:51 INFO SparkEnv: Registering BlockManagerMasterHeartbeat
[2025-02-03T15:58:51.829+0000] {spark_submit.py:491} INFO - 25/02/03 15:58:51 INFO DiskBlockManager: Created local directory at /tmp/blockmgr-8adc7015-0e4a-46d1-a2ba-7e45488712fc
[2025-02-03T15:58:51.978+0000] {spark_submit.py:491} INFO - 25/02/03 15:58:51 INFO MemoryStore: MemoryStore started with capacity 434.4 MiB
[2025-02-03T15:58:52.094+0000] {spark_submit.py:491} INFO - 25/02/03 15:58:52 INFO SparkEnv: Registering OutputCommitCoordinator
[2025-02-03T15:58:52.548+0000] {spark_submit.py:491} INFO - 25/02/03 15:58:52 INFO JettyUtils: Start Jetty 0.0.0.0:4040 for SparkUI
[2025-02-03T15:58:52.832+0000] {spark_submit.py:491} INFO - 25/02/03 15:58:52 INFO Utils: Successfully started service 'SparkUI' on port 4040.
[2025-02-03T15:58:52.937+0000] {spark_submit.py:491} INFO - 25/02/03 15:58:52 INFO SparkContext: Added JAR file:///home/***/.ivy2/jars/org.apache.hadoop_hadoop-aws-3.3.4.jar at spark://a11cc94a71da:33405/jars/org.apache.hadoop_hadoop-aws-3.3.4.jar with timestamp 1738598330105
[2025-02-03T15:58:52.938+0000] {spark_submit.py:491} INFO - 25/02/03 15:58:52 INFO SparkContext: Added JAR file:///home/***/.ivy2/jars/com.amazonaws_aws-java-sdk-bundle-1.12.262.jar at spark://a11cc94a71da:33405/jars/com.amazonaws_aws-java-sdk-bundle-1.12.262.jar with timestamp 1738598330105
[2025-02-03T15:58:52.938+0000] {spark_submit.py:491} INFO - 25/02/03 15:58:52 INFO SparkContext: Added JAR file:///home/***/.ivy2/jars/org.wildfly.openssl_wildfly-openssl-1.0.7.Final.jar at spark://a11cc94a71da:33405/jars/org.wildfly.openssl_wildfly-openssl-1.0.7.Final.jar with timestamp 1738598330105
[2025-02-03T15:58:52.941+0000] {spark_submit.py:491} INFO - 25/02/03 15:58:52 INFO SparkContext: Added file file:///home/***/.ivy2/jars/org.apache.hadoop_hadoop-aws-3.3.4.jar at spark://a11cc94a71da:33405/files/org.apache.hadoop_hadoop-aws-3.3.4.jar with timestamp 1738598330105
[2025-02-03T15:58:52.944+0000] {spark_submit.py:491} INFO - 25/02/03 15:58:52 INFO Utils: Copying /home/***/.ivy2/jars/org.apache.hadoop_hadoop-aws-3.3.4.jar to /tmp/spark-7b7a1b27-0a3c-4c01-931a-68349ab3aa30/userFiles-fa6ae450-fdcb-43d3-916d-ad7a0ab4cecb/org.apache.hadoop_hadoop-aws-3.3.4.jar
[2025-02-03T15:58:53.027+0000] {spark_submit.py:491} INFO - 25/02/03 15:58:53 INFO SparkContext: Added file file:///home/***/.ivy2/jars/com.amazonaws_aws-java-sdk-bundle-1.12.262.jar at spark://a11cc94a71da:33405/files/com.amazonaws_aws-java-sdk-bundle-1.12.262.jar with timestamp 1738598330105
[2025-02-03T15:58:53.028+0000] {spark_submit.py:491} INFO - 25/02/03 15:58:53 INFO Utils: Copying /home/***/.ivy2/jars/com.amazonaws_aws-java-sdk-bundle-1.12.262.jar to /tmp/spark-7b7a1b27-0a3c-4c01-931a-68349ab3aa30/userFiles-fa6ae450-fdcb-43d3-916d-ad7a0ab4cecb/com.amazonaws_aws-java-sdk-bundle-1.12.262.jar
[2025-02-03T15:59:00.299+0000] {spark_submit.py:491} INFO - 25/02/03 15:59:00 INFO SparkContext: Added file file:///home/***/.ivy2/jars/org.wildfly.openssl_wildfly-openssl-1.0.7.Final.jar at spark://a11cc94a71da:33405/files/org.wildfly.openssl_wildfly-openssl-1.0.7.Final.jar with timestamp 1738598330105
[2025-02-03T15:59:00.307+0000] {spark_submit.py:491} INFO - 25/02/03 15:59:00 INFO Utils: Copying /home/***/.ivy2/jars/org.wildfly.openssl_wildfly-openssl-1.0.7.Final.jar to /tmp/spark-7b7a1b27-0a3c-4c01-931a-68349ab3aa30/userFiles-fa6ae450-fdcb-43d3-916d-ad7a0ab4cecb/org.wildfly.openssl_wildfly-openssl-1.0.7.Final.jar
[2025-02-03T15:59:01.069+0000] {spark_submit.py:491} INFO - 25/02/03 15:59:01 INFO StandaloneAppClient$ClientEndpoint: Connecting to master spark://spark:7077...
[2025-02-03T15:59:01.212+0000] {spark_submit.py:491} INFO - 25/02/03 15:59:01 INFO TransportClientFactory: Successfully created connection to spark/172.18.0.2:7077 after 78 ms (0 ms spent in bootstraps)
[2025-02-03T15:59:02.059+0000] {spark_submit.py:491} INFO - 25/02/03 15:59:02 INFO StandaloneSchedulerBackend: Connected to Spark cluster with app ID app-20250203155901-0001
[2025-02-03T15:59:02.094+0000] {spark_submit.py:491} INFO - 25/02/03 15:59:02 INFO StandaloneAppClient$ClientEndpoint: Executor added: app-20250203155901-0001/0 on worker-20250203154614-172.18.0.5-40851 (172.18.0.5:40851) with 2 core(s)
[2025-02-03T15:59:02.101+0000] {spark_submit.py:491} INFO - 25/02/03 15:59:02 INFO StandaloneSchedulerBackend: Granted executor ID app-20250203155901-0001/0 on hostPort 172.18.0.5:40851 with 2 core(s), 1024.0 MiB RAM
[2025-02-03T15:59:02.128+0000] {spark_submit.py:491} INFO - 25/02/03 15:59:02 INFO Utils: Successfully started service 'org.apache.spark.network.netty.NettyBlockTransferService' on port 39435.
[2025-02-03T15:59:02.129+0000] {spark_submit.py:491} INFO - 25/02/03 15:59:02 INFO NettyBlockTransferService: Server created on a11cc94a71da:39435
[2025-02-03T15:59:02.133+0000] {spark_submit.py:491} INFO - 25/02/03 15:59:02 INFO BlockManager: Using org.apache.spark.storage.RandomBlockReplicationPolicy for block replication policy
[2025-02-03T15:59:02.154+0000] {spark_submit.py:491} INFO - 25/02/03 15:59:02 INFO BlockManagerMaster: Registering BlockManager BlockManagerId(driver, a11cc94a71da, 39435, None)
[2025-02-03T15:59:02.162+0000] {spark_submit.py:491} INFO - 25/02/03 15:59:02 INFO BlockManagerMasterEndpoint: Registering block manager a11cc94a71da:39435 with 434.4 MiB RAM, BlockManagerId(driver, a11cc94a71da, 39435, None)
[2025-02-03T15:59:02.170+0000] {spark_submit.py:491} INFO - 25/02/03 15:59:02 INFO BlockManagerMaster: Registered BlockManager BlockManagerId(driver, a11cc94a71da, 39435, None)
[2025-02-03T15:59:02.176+0000] {spark_submit.py:491} INFO - 25/02/03 15:59:02 INFO BlockManager: Initialized BlockManager: BlockManagerId(driver, a11cc94a71da, 39435, None)
[2025-02-03T15:59:02.825+0000] {spark_submit.py:491} INFO - 25/02/03 15:59:02 INFO StandaloneSchedulerBackend: SchedulerBackend is ready for scheduling beginning after reached minRegisteredResourcesRatio: 0.0
[2025-02-03T15:59:02.838+0000] {spark_submit.py:491} INFO - 25/02/03 15:59:02 INFO StandaloneAppClient$ClientEndpoint: Executor updated: app-20250203155901-0001/0 is now RUNNING
[2025-02-03T15:59:03.924+0000] {spark_submit.py:491} INFO - Reading JSON from MinIO...
[2025-02-03T15:59:03.965+0000] {spark_submit.py:491} INFO - 25/02/03 15:59:03 INFO SharedState: Setting hive.metastore.warehouse.dir ('null') to the value of spark.sql.warehouse.dir.
[2025-02-03T15:59:03.976+0000] {spark_submit.py:491} INFO - 25/02/03 15:59:03 INFO SharedState: Warehouse path is 'file:/opt/***/spark-warehouse'.
[2025-02-03T15:59:09.941+0000] {spark_submit.py:491} INFO - 25/02/03 15:59:09 WARN MetricsConfig: Cannot locate configuration: tried hadoop-metrics2-s3a-file-system.properties,hadoop-metrics2.properties
[2025-02-03T15:59:10.099+0000] {spark_submit.py:491} INFO - 25/02/03 15:59:10 INFO MetricsSystemImpl: Scheduled Metric snapshot period at 10 second(s).
[2025-02-03T15:59:10.100+0000] {spark_submit.py:491} INFO - 25/02/03 15:59:10 INFO MetricsSystemImpl: s3a-file-system metrics system started
[2025-02-03T15:59:13.973+0000] {spark_submit.py:491} INFO - 25/02/03 15:59:13 INFO InMemoryFileIndex: It took 192 ms to list leaf files for 1 paths.
[2025-02-03T15:59:14.268+0000] {spark_submit.py:491} INFO - 25/02/03 15:59:14 INFO InMemoryFileIndex: It took 69 ms to list leaf files for 1 paths.
[2025-02-03T15:59:20.873+0000] {spark_submit.py:491} INFO - 25/02/03 15:59:20 INFO StandaloneSchedulerBackend$StandaloneDriverEndpoint: Registered executor NettyRpcEndpointRef(spark-client://Executor) (172.18.0.5:40736) with ID 0,  ResourceProfileId 0
[2025-02-03T15:59:21.215+0000] {spark_submit.py:491} INFO - 25/02/03 15:59:21 INFO BlockManagerMasterEndpoint: Registering block manager 172.18.0.5:41537 with 434.4 MiB RAM, BlockManagerId(0, 172.18.0.5, 41537, None)
[2025-02-03T15:59:31.880+0000] {spark_submit.py:491} INFO - 25/02/03 15:59:31 INFO FileSourceStrategy: Pushed Filters:
[2025-02-03T15:59:32.440+0000] {spark_submit.py:491} INFO - 25/02/03 15:59:32 INFO FileSourceStrategy: Post-Scan Filters:
[2025-02-03T15:59:37.667+0000] {spark_submit.py:491} INFO - 25/02/03 15:59:37 INFO MemoryStore: Block broadcast_0 stored as values in memory (estimated size 203.1 KiB, free 434.2 MiB)
[2025-02-03T15:59:39.821+0000] {spark_submit.py:491} INFO - 25/02/03 15:59:39 INFO MemoryStore: Block broadcast_0_piece0 stored as bytes in memory (estimated size 35.3 KiB, free 434.2 MiB)
[2025-02-03T15:59:39.903+0000] {spark_submit.py:491} INFO - 25/02/03 15:59:39 INFO BlockManagerInfo: Added broadcast_0_piece0 in memory on a11cc94a71da:39435 (size: 35.3 KiB, free: 434.4 MiB)
[2025-02-03T15:59:40.011+0000] {spark_submit.py:491} INFO - 25/02/03 15:59:40 INFO SparkContext: Created broadcast 0 from load at NativeMethodAccessorImpl.java:0
[2025-02-03T15:59:40.190+0000] {spark_submit.py:491} INFO - 25/02/03 15:59:40 INFO FileSourceScanExec: Planning scan with bin packing, max size: 4194304 bytes, open cost is considered as scanning 4194304 bytes.
[2025-02-03T15:59:41.872+0000] {spark_submit.py:491} INFO - 25/02/03 15:59:41 INFO SparkContext: Starting job: load at NativeMethodAccessorImpl.java:0
[2025-02-03T15:59:42.010+0000] {spark_submit.py:491} INFO - 25/02/03 15:59:42 INFO DAGScheduler: Got job 0 (load at NativeMethodAccessorImpl.java:0) with 1 output partitions
[2025-02-03T15:59:42.011+0000] {spark_submit.py:491} INFO - 25/02/03 15:59:42 INFO DAGScheduler: Final stage: ResultStage 0 (load at NativeMethodAccessorImpl.java:0)
[2025-02-03T15:59:42.012+0000] {spark_submit.py:491} INFO - 25/02/03 15:59:42 INFO DAGScheduler: Parents of final stage: List()
[2025-02-03T15:59:42.020+0000] {spark_submit.py:491} INFO - 25/02/03 15:59:42 INFO DAGScheduler: Missing parents: List()
[2025-02-03T15:59:42.032+0000] {spark_submit.py:491} INFO - 25/02/03 15:59:42 INFO DAGScheduler: Submitting ResultStage 0 (MapPartitionsRDD[3] at load at NativeMethodAccessorImpl.java:0), which has no missing parents
[2025-02-03T15:59:42.626+0000] {spark_submit.py:491} INFO - 25/02/03 15:59:42 INFO MemoryStore: Block broadcast_1 stored as values in memory (estimated size 16.9 KiB, free 434.2 MiB)
[2025-02-03T15:59:42.795+0000] {spark_submit.py:491} INFO - 25/02/03 15:59:42 INFO MemoryStore: Block broadcast_1_piece0 stored as bytes in memory (estimated size 7.8 KiB, free 434.1 MiB)
[2025-02-03T15:59:42.815+0000] {spark_submit.py:491} INFO - 25/02/03 15:59:42 INFO BlockManagerInfo: Added broadcast_1_piece0 in memory on a11cc94a71da:39435 (size: 7.8 KiB, free: 434.4 MiB)
[2025-02-03T15:59:42.873+0000] {spark_submit.py:491} INFO - 25/02/03 15:59:42 INFO SparkContext: Created broadcast 1 from broadcast at DAGScheduler.scala:1535
[2025-02-03T15:59:43.325+0000] {spark_submit.py:491} INFO - 25/02/03 15:59:43 INFO DAGScheduler: Submitting 1 missing tasks from ResultStage 0 (MapPartitionsRDD[3] at load at NativeMethodAccessorImpl.java:0) (first 15 tasks are for partitions Vector(0))
[2025-02-03T15:59:43.542+0000] {spark_submit.py:491} INFO - 25/02/03 15:59:43 INFO TaskSchedulerImpl: Adding task set 0.0 with 1 tasks resource profile 0
[2025-02-03T16:00:06.089+0000] {spark_submit.py:491} INFO - 25/02/03 16:00:06 INFO TaskSetManager: Starting task 0.0 in stage 0.0 (TID 0) (172.18.0.5, executor 0, partition 0, PROCESS_LOCAL, 7975 bytes)
[2025-02-03T16:00:07.417+0000] {spark_submit.py:491} INFO - 25/02/03 16:00:07 INFO BlockManagerInfo: Added broadcast_1_piece0 in memory on 172.18.0.5:41537 (size: 7.8 KiB, free: 434.4 MiB)
[2025-02-03T16:00:11.040+0000] {spark_submit.py:491} INFO - 25/02/03 16:00:11 INFO BlockManagerInfo: Added broadcast_0_piece0 in memory on 172.18.0.5:41537 (size: 35.3 KiB, free: 434.4 MiB)
[2025-02-03T16:00:14.820+0000] {spark_submit.py:491} INFO - 25/02/03 16:00:14 INFO TaskSetManager: Finished task 0.0 in stage 0.0 (TID 0) in 8838 ms on 172.18.0.5 (executor 0) (1/1)
[2025-02-03T16:00:14.826+0000] {spark_submit.py:491} INFO - 25/02/03 16:00:14 INFO TaskSchedulerImpl: Removed TaskSet 0.0, whose tasks have all completed, from pool
[2025-02-03T16:00:14.841+0000] {spark_submit.py:491} INFO - 25/02/03 16:00:14 INFO DAGScheduler: ResultStage 0 (load at NativeMethodAccessorImpl.java:0) finished in 32.720 s
[2025-02-03T16:00:14.848+0000] {spark_submit.py:491} INFO - 25/02/03 16:00:14 INFO DAGScheduler: Job 0 is finished. Cancelling potential speculative or zombie tasks for this job
[2025-02-03T16:00:14.852+0000] {spark_submit.py:491} INFO - 25/02/03 16:00:14 INFO TaskSchedulerImpl: Killing all running tasks in stage 0: Stage finished
[2025-02-03T16:00:14.863+0000] {spark_submit.py:491} INFO - 25/02/03 16:00:14 INFO DAGScheduler: Job 0 finished: load at NativeMethodAccessorImpl.java:0, took 32.976359 s
[2025-02-03T16:00:15.711+0000] {spark_submit.py:491} INFO - DataFrame loaded successfully:
[2025-02-03T16:00:16.445+0000] {spark_submit.py:491} INFO - 25/02/03 16:00:16 INFO FileSourceStrategy: Pushed Filters:
[2025-02-03T16:00:16.448+0000] {spark_submit.py:491} INFO - 25/02/03 16:00:16 INFO FileSourceStrategy: Post-Scan Filters:
[2025-02-03T16:00:17.517+0000] {spark_submit.py:491} INFO - 25/02/03 16:00:17 INFO BlockManagerInfo: Removed broadcast_1_piece0 on a11cc94a71da:39435 in memory (size: 7.8 KiB, free: 434.4 MiB)
[2025-02-03T16:00:17.585+0000] {spark_submit.py:491} INFO - 25/02/03 16:00:17 INFO BlockManagerInfo: Removed broadcast_1_piece0 on 172.18.0.5:41537 in memory (size: 7.8 KiB, free: 434.4 MiB)
[2025-02-03T16:00:17.742+0000] {spark_submit.py:491} INFO - 25/02/03 16:00:17 INFO BlockManagerInfo: Removed broadcast_0_piece0 on a11cc94a71da:39435 in memory (size: 35.3 KiB, free: 434.4 MiB)
[2025-02-03T16:00:17.748+0000] {spark_submit.py:491} INFO - 25/02/03 16:00:17 INFO BlockManagerInfo: Removed broadcast_0_piece0 on 172.18.0.5:41537 in memory (size: 35.3 KiB, free: 434.4 MiB)
[2025-02-03T16:00:18.468+0000] {spark_submit.py:491} INFO - 25/02/03 16:00:18 INFO CodeGenerator: Code generated in 1262.429578 ms
[2025-02-03T16:00:18.488+0000] {spark_submit.py:491} INFO - 25/02/03 16:00:18 INFO MemoryStore: Block broadcast_2 stored as values in memory (estimated size 203.0 KiB, free 434.2 MiB)
[2025-02-03T16:00:18.623+0000] {spark_submit.py:491} INFO - 25/02/03 16:00:18 INFO MemoryStore: Block broadcast_2_piece0 stored as bytes in memory (estimated size 35.2 KiB, free 434.2 MiB)
[2025-02-03T16:00:18.627+0000] {spark_submit.py:491} INFO - 25/02/03 16:00:18 INFO BlockManagerInfo: Added broadcast_2_piece0 in memory on a11cc94a71da:39435 (size: 35.2 KiB, free: 434.4 MiB)
[2025-02-03T16:00:18.630+0000] {spark_submit.py:491} INFO - 25/02/03 16:00:18 INFO SparkContext: Created broadcast 2 from showString at NativeMethodAccessorImpl.java:0
[2025-02-03T16:00:18.684+0000] {spark_submit.py:491} INFO - 25/02/03 16:00:18 INFO FileSourceScanExec: Planning scan with bin packing, max size: 4194304 bytes, open cost is considered as scanning 4194304 bytes.
[2025-02-03T16:00:18.742+0000] {spark_submit.py:491} INFO - 25/02/03 16:00:18 INFO SparkContext: Starting job: showString at NativeMethodAccessorImpl.java:0
[2025-02-03T16:00:18.744+0000] {spark_submit.py:491} INFO - 25/02/03 16:00:18 INFO DAGScheduler: Got job 1 (showString at NativeMethodAccessorImpl.java:0) with 1 output partitions
[2025-02-03T16:00:18.745+0000] {spark_submit.py:491} INFO - 25/02/03 16:00:18 INFO DAGScheduler: Final stage: ResultStage 1 (showString at NativeMethodAccessorImpl.java:0)
[2025-02-03T16:00:18.746+0000] {spark_submit.py:491} INFO - 25/02/03 16:00:18 INFO DAGScheduler: Parents of final stage: List()
[2025-02-03T16:00:18.746+0000] {spark_submit.py:491} INFO - 25/02/03 16:00:18 INFO DAGScheduler: Missing parents: List()
[2025-02-03T16:00:18.748+0000] {spark_submit.py:491} INFO - 25/02/03 16:00:18 INFO DAGScheduler: Submitting ResultStage 1 (MapPartitionsRDD[7] at showString at NativeMethodAccessorImpl.java:0), which has no missing parents
[2025-02-03T16:00:18.772+0000] {spark_submit.py:491} INFO - 25/02/03 16:00:18 INFO MemoryStore: Block broadcast_3 stored as values in memory (estimated size 20.8 KiB, free 434.1 MiB)
[2025-02-03T16:00:18.793+0000] {spark_submit.py:491} INFO - 25/02/03 16:00:18 INFO MemoryStore: Block broadcast_3_piece0 stored as bytes in memory (estimated size 8.7 KiB, free 434.1 MiB)
[2025-02-03T16:00:18.795+0000] {spark_submit.py:491} INFO - 25/02/03 16:00:18 INFO BlockManagerInfo: Added broadcast_3_piece0 in memory on a11cc94a71da:39435 (size: 8.7 KiB, free: 434.4 MiB)
[2025-02-03T16:00:18.795+0000] {spark_submit.py:491} INFO - 25/02/03 16:00:18 INFO SparkContext: Created broadcast 3 from broadcast at DAGScheduler.scala:1535
[2025-02-03T16:00:18.798+0000] {spark_submit.py:491} INFO - 25/02/03 16:00:18 INFO DAGScheduler: Submitting 1 missing tasks from ResultStage 1 (MapPartitionsRDD[7] at showString at NativeMethodAccessorImpl.java:0) (first 15 tasks are for partitions Vector(0))
[2025-02-03T16:00:18.799+0000] {spark_submit.py:491} INFO - 25/02/03 16:00:18 INFO TaskSchedulerImpl: Adding task set 1.0 with 1 tasks resource profile 0
[2025-02-03T16:00:18.802+0000] {spark_submit.py:491} INFO - 25/02/03 16:00:18 INFO TaskSetManager: Starting task 0.0 in stage 1.0 (TID 1) (172.18.0.5, executor 0, partition 0, PROCESS_LOCAL, 7975 bytes)
[2025-02-03T16:00:18.894+0000] {spark_submit.py:491} INFO - 25/02/03 16:00:18 INFO BlockManagerInfo: Added broadcast_3_piece0 in memory on 172.18.0.5:41537 (size: 8.7 KiB, free: 434.4 MiB)
[2025-02-03T16:00:19.384+0000] {spark_submit.py:491} INFO - 25/02/03 16:00:19 INFO BlockManagerInfo: Added broadcast_2_piece0 in memory on 172.18.0.5:41537 (size: 35.2 KiB, free: 434.4 MiB)
[2025-02-03T16:00:20.076+0000] {spark_submit.py:491} INFO - 25/02/03 16:00:20 INFO TaskSetManager: Finished task 0.0 in stage 1.0 (TID 1) in 1274 ms on 172.18.0.5 (executor 0) (1/1)
[2025-02-03T16:00:20.078+0000] {spark_submit.py:491} INFO - 25/02/03 16:00:20 INFO TaskSchedulerImpl: Removed TaskSet 1.0, whose tasks have all completed, from pool
[2025-02-03T16:00:20.081+0000] {spark_submit.py:491} INFO - 25/02/03 16:00:20 INFO DAGScheduler: ResultStage 1 (showString at NativeMethodAccessorImpl.java:0) finished in 1.329 s
[2025-02-03T16:00:20.084+0000] {spark_submit.py:491} INFO - 25/02/03 16:00:20 INFO DAGScheduler: Job 1 is finished. Cancelling potential speculative or zombie tasks for this job
[2025-02-03T16:00:20.085+0000] {spark_submit.py:491} INFO - 25/02/03 16:00:20 INFO TaskSchedulerImpl: Killing all running tasks in stage 1: Stage finished
[2025-02-03T16:00:20.087+0000] {spark_submit.py:491} INFO - 25/02/03 16:00:20 INFO DAGScheduler: Job 1 finished: showString at NativeMethodAccessorImpl.java:0, took 1.343147 s
[2025-02-03T16:00:20.272+0000] {spark_submit.py:491} INFO - 25/02/03 16:00:20 INFO CodeGenerator: Code generated in 96.998931 ms
[2025-02-03T16:00:20.308+0000] {spark_submit.py:491} INFO - +---+----------------------------------------------------------------------+------------------+---+------------------+------------+--------------+---------+
[2025-02-03T16:00:20.309+0000] {spark_submit.py:491} INFO - |__v|address                                                               |email             |id |name              |password    |phone         |username |
[2025-02-03T16:00:20.310+0000] {spark_submit.py:491} INFO - +---+----------------------------------------------------------------------+------------------+---+------------------+------------+--------------+---------+
[2025-02-03T16:00:20.314+0000] {spark_submit.py:491} INFO - |0  |{kilcoole, {-37.3159, 81.1496}, 7682, new road, 12926-3874}           |john@gmail.com    |1  |{john, doe}       |m38rmF$     |1-570-236-7033|johnd    |
[2025-02-03T16:00:20.316+0000] {spark_submit.py:491} INFO - |0  |{kilcoole, {-37.3159, 81.1496}, 7267, Lovers Ln, 12926-3874}          |morrison@gmail.com|2  |{david, morrison} |83r5^_      |1-570-236-7033|mor_2314 |
[2025-02-03T16:00:20.317+0000] {spark_submit.py:491} INFO - |0  |{Cullman, {40.3467, -30.1310}, 86, Frances Ct, 29567-1452}            |kevin@gmail.com   |3  |{kevin, ryan}     |kev02937@   |1-567-094-1345|kevinryan|
[2025-02-03T16:00:20.318+0000] {spark_submit.py:491} INFO - |0  |{San Antonio, {50.3467, -20.1310}, 6454, Hunters Creek Dr, 98234-1734}|don@gmail.com     |4  |{don, romer}      |ewedon      |1-765-789-6734|donero   |
[2025-02-03T16:00:20.318+0000] {spark_submit.py:491} INFO - |0  |{san Antonio, {40.3467, -40.1310}, 245, adams St, 80796-1234}         |derek@gmail.com   |5  |{derek, powell}   |jklg*_56    |1-956-001-1945|derek    |
[2025-02-03T16:00:20.319+0000] {spark_submit.py:491} INFO - |0  |{el paso, {20.1677, -10.6789}, 124, prospect st, 12346-0456}          |david_r@gmail.com |6  |{david, russell}  |3478*#54    |1-678-345-9856|david_r  |
[2025-02-03T16:00:20.319+0000] {spark_submit.py:491} INFO - |0  |{fresno, {10.3456, 20.6419}, 1342, saddle st, 96378-0245}             |miriam@gmail.com  |7  |{miriam, snyder}  |f238&@*$    |1-123-943-0563|snyder   |
[2025-02-03T16:00:20.320+0000] {spark_submit.py:491} INFO - |0  |{mesa, {50.3456, 10.6419}, 1342, vally view ln, 96378-0245}           |william@gmail.com |8  |{william, hopkins}|William56$hj|1-478-001-0890|hopkins  |
[2025-02-03T16:00:20.322+0000] {spark_submit.py:491} INFO - |0  |{miami, {40.12456, 20.5419}, 345, avondale ave, 96378-0245}           |kate@gmail.com    |9  |{kate, hale}      |kfejk@*_    |1-678-456-1934|kate_h   |
[2025-02-03T16:00:20.323+0000] {spark_submit.py:491} INFO - |0  |{fort wayne, {30.24788, -20.545419}, 526, oak lawn ave, 10256-4532}   |jimmie@gmail.com  |10 |{jimmie, klein}   |klein*#%*   |1-104-001-4567|jimmie_k |
[2025-02-03T16:00:20.323+0000] {spark_submit.py:491} INFO - +---+----------------------------------------------------------------------+------------------+---+------------------+------------+--------------+---------+
[2025-02-03T16:00:20.325+0000] {spark_submit.py:491} INFO - 
[2025-02-03T16:00:20.328+0000] {spark_submit.py:491} INFO - Schema of the DataFrame:
[2025-02-03T16:00:20.329+0000] {spark_submit.py:491} INFO - root
[2025-02-03T16:00:20.331+0000] {spark_submit.py:491} INFO - |-- __v: long (nullable = true)
[2025-02-03T16:00:20.334+0000] {spark_submit.py:491} INFO - |-- address: struct (nullable = true)
[2025-02-03T16:00:20.334+0000] {spark_submit.py:491} INFO - |    |-- city: string (nullable = true)
[2025-02-03T16:00:20.335+0000] {spark_submit.py:491} INFO - |    |-- geolocation: struct (nullable = true)
[2025-02-03T16:00:20.336+0000] {spark_submit.py:491} INFO - |    |    |-- lat: string (nullable = true)
[2025-02-03T16:00:20.337+0000] {spark_submit.py:491} INFO - |    |    |-- long: string (nullable = true)
[2025-02-03T16:00:20.337+0000] {spark_submit.py:491} INFO - |    |-- number: long (nullable = true)
[2025-02-03T16:00:20.338+0000] {spark_submit.py:491} INFO - |    |-- street: string (nullable = true)
[2025-02-03T16:00:20.338+0000] {spark_submit.py:491} INFO - |    |-- zipcode: string (nullable = true)
[2025-02-03T16:00:20.339+0000] {spark_submit.py:491} INFO - |-- email: string (nullable = true)
[2025-02-03T16:00:20.339+0000] {spark_submit.py:491} INFO - |-- id: long (nullable = true)
[2025-02-03T16:00:20.340+0000] {spark_submit.py:491} INFO - |-- name: struct (nullable = true)
[2025-02-03T16:00:20.341+0000] {spark_submit.py:491} INFO - |    |-- firstname: string (nullable = true)
[2025-02-03T16:00:20.341+0000] {spark_submit.py:491} INFO - |    |-- lastname: string (nullable = true)
[2025-02-03T16:00:20.342+0000] {spark_submit.py:491} INFO - |-- password: string (nullable = true)
[2025-02-03T16:00:20.343+0000] {spark_submit.py:491} INFO - |-- phone: string (nullable = true)
[2025-02-03T16:00:20.344+0000] {spark_submit.py:491} INFO - |-- username: string (nullable = true)
[2025-02-03T16:00:20.344+0000] {spark_submit.py:491} INFO - 
[2025-02-03T16:00:20.344+0000] {spark_submit.py:491} INFO - 25/02/03 16:00:20 INFO SparkContext: SparkContext is stopping with exitCode 0.
[2025-02-03T16:00:20.388+0000] {spark_submit.py:491} INFO - 25/02/03 16:00:20 INFO SparkUI: Stopped Spark web UI at http://a11cc94a71da:4040
[2025-02-03T16:00:20.400+0000] {spark_submit.py:491} INFO - 25/02/03 16:00:20 INFO StandaloneSchedulerBackend: Shutting down all executors
[2025-02-03T16:00:20.404+0000] {spark_submit.py:491} INFO - 25/02/03 16:00:20 INFO StandaloneSchedulerBackend$StandaloneDriverEndpoint: Asking each executor to shut down
[2025-02-03T16:00:20.490+0000] {spark_submit.py:491} INFO - 25/02/03 16:00:20 INFO MapOutputTrackerMasterEndpoint: MapOutputTrackerMasterEndpoint stopped!
[2025-02-03T16:00:20.578+0000] {spark_submit.py:491} INFO - 25/02/03 16:00:20 INFO MemoryStore: MemoryStore cleared
[2025-02-03T16:00:20.582+0000] {spark_submit.py:491} INFO - 25/02/03 16:00:20 INFO BlockManager: BlockManager stopped
[2025-02-03T16:00:20.591+0000] {spark_submit.py:491} INFO - 25/02/03 16:00:20 INFO BlockManagerMaster: BlockManagerMaster stopped
[2025-02-03T16:00:20.599+0000] {spark_submit.py:491} INFO - 25/02/03 16:00:20 INFO OutputCommitCoordinator$OutputCommitCoordinatorEndpoint: OutputCommitCoordinator stopped!
[2025-02-03T16:00:20.714+0000] {spark_submit.py:491} INFO - 25/02/03 16:00:20 INFO SparkContext: Successfully stopped SparkContext
[2025-02-03T16:00:22.248+0000] {spark_submit.py:491} INFO - 25/02/03 16:00:22 INFO ShutdownHookManager: Shutdown hook called
[2025-02-03T16:00:22.256+0000] {spark_submit.py:491} INFO - 25/02/03 16:00:22 INFO ShutdownHookManager: Deleting directory /tmp/spark-7b7a1b27-0a3c-4c01-931a-68349ab3aa30
[2025-02-03T16:00:22.278+0000] {spark_submit.py:491} INFO - 25/02/03 16:00:22 INFO ShutdownHookManager: Deleting directory /tmp/spark-7b7a1b27-0a3c-4c01-931a-68349ab3aa30/pyspark-e45597c0-bd3b-435a-a6db-5039702459eb
[2025-02-03T16:00:22.301+0000] {spark_submit.py:491} INFO - 25/02/03 16:00:22 INFO ShutdownHookManager: Deleting directory /tmp/spark-347d957f-c240-4c59-89d4-583450d0c782
[2025-02-03T16:00:22.359+0000] {spark_submit.py:491} INFO - 25/02/03 16:00:22 INFO MetricsSystemImpl: Stopping s3a-file-system metrics system...
[2025-02-03T16:00:22.361+0000] {spark_submit.py:491} INFO - 25/02/03 16:00:22 INFO MetricsSystemImpl: s3a-file-system metrics system stopped.
[2025-02-03T16:00:22.362+0000] {spark_submit.py:491} INFO - 25/02/03 16:00:22 INFO MetricsSystemImpl: s3a-file-system metrics system shutdown complete.
[2025-02-03T16:00:23.597+0000] {taskinstance.py:1345} INFO - Marking task as SUCCESS. dag_id=spark_minio_job_read, task_id=spark_minio_task, execution_date=20250203T155744, start_date=20250203T155756, end_date=20250203T160023
[2025-02-03T16:00:24.038+0000] {local_task_job_runner.py:225} INFO - Task exited with return code 0
[2025-02-03T16:00:24.248+0000] {taskinstance.py:2653} INFO - 0 downstream tasks scheduled from follow-on schedule check
