[2025-02-10T09:43:37.379+0000] {processor.py:157} INFO - Started process (PID=25) to work on /opt/airflow/dags/dag_ETL_gold.py
[2025-02-10T09:43:37.381+0000] {processor.py:826} INFO - Processing file /opt/airflow/dags/dag_ETL_gold.py for tasks to queue
[2025-02-10T09:43:37.382+0000] {logging_mixin.py:150} INFO - [2025-02-10T09:43:37.382+0000] {dagbag.py:541} INFO - Filling up the DagBag from /opt/airflow/dags/dag_ETL_gold.py
[2025-02-10T09:43:37.409+0000] {processor.py:836} INFO - DAG(s) dict_keys(['DAG_ETL_gold']) retrieved from /opt/airflow/dags/dag_ETL_gold.py
[2025-02-10T09:43:37.631+0000] {logging_mixin.py:150} INFO - [2025-02-10T09:43:37.631+0000] {manager.py:504} INFO - Created Permission View: can read on DAG:DAG_ETL_gold
[2025-02-10T09:43:37.651+0000] {logging_mixin.py:150} INFO - [2025-02-10T09:43:37.650+0000] {manager.py:504} INFO - Created Permission View: can edit on DAG:DAG_ETL_gold
[2025-02-10T09:43:37.661+0000] {logging_mixin.py:150} INFO - [2025-02-10T09:43:37.661+0000] {manager.py:504} INFO - Created Permission View: can delete on DAG:DAG_ETL_gold
[2025-02-10T09:43:37.694+0000] {logging_mixin.py:150} INFO - [2025-02-10T09:43:37.694+0000] {dag.py:2742} INFO - Sync 1 DAGs
[2025-02-10T09:43:37.724+0000] {logging_mixin.py:150} INFO - [2025-02-10T09:43:37.723+0000] {dag.py:2763} INFO - Creating ORM DAG for DAG_ETL_gold
[2025-02-10T09:43:37.752+0000] {logging_mixin.py:150} INFO - [2025-02-10T09:43:37.752+0000] {dag.py:3504} INFO - Setting next_dagrun for DAG_ETL_gold to None, run_after=None
[2025-02-10T09:43:37.783+0000] {processor.py:179} INFO - Processing /opt/airflow/dags/dag_ETL_gold.py took 0.412 seconds
[2025-02-10T09:44:08.510+0000] {processor.py:157} INFO - Started process (PID=83) to work on /opt/airflow/dags/dag_ETL_gold.py
[2025-02-10T09:44:08.514+0000] {processor.py:826} INFO - Processing file /opt/airflow/dags/dag_ETL_gold.py for tasks to queue
[2025-02-10T09:44:08.515+0000] {logging_mixin.py:150} INFO - [2025-02-10T09:44:08.515+0000] {dagbag.py:541} INFO - Filling up the DagBag from /opt/airflow/dags/dag_ETL_gold.py
[2025-02-10T09:44:08.548+0000] {processor.py:836} INFO - DAG(s) dict_keys(['DAG_ETL_gold']) retrieved from /opt/airflow/dags/dag_ETL_gold.py
[2025-02-10T09:44:08.626+0000] {logging_mixin.py:150} INFO - [2025-02-10T09:44:08.625+0000] {dag.py:2742} INFO - Sync 1 DAGs
[2025-02-10T09:44:08.678+0000] {logging_mixin.py:150} INFO - [2025-02-10T09:44:08.678+0000] {dag.py:3504} INFO - Setting next_dagrun for DAG_ETL_gold to None, run_after=None
[2025-02-10T09:44:08.713+0000] {processor.py:179} INFO - Processing /opt/airflow/dags/dag_ETL_gold.py took 0.212 seconds
[2025-02-10T09:44:39.013+0000] {processor.py:157} INFO - Started process (PID=95) to work on /opt/airflow/dags/dag_ETL_gold.py
[2025-02-10T09:44:39.015+0000] {processor.py:826} INFO - Processing file /opt/airflow/dags/dag_ETL_gold.py for tasks to queue
[2025-02-10T09:44:39.017+0000] {logging_mixin.py:150} INFO - [2025-02-10T09:44:39.017+0000] {dagbag.py:541} INFO - Filling up the DagBag from /opt/airflow/dags/dag_ETL_gold.py
[2025-02-10T09:44:39.042+0000] {processor.py:836} INFO - DAG(s) dict_keys(['DAG_ETL_gold']) retrieved from /opt/airflow/dags/dag_ETL_gold.py
[2025-02-10T09:44:39.135+0000] {logging_mixin.py:150} INFO - [2025-02-10T09:44:39.134+0000] {dag.py:2742} INFO - Sync 1 DAGs
[2025-02-10T09:44:39.242+0000] {logging_mixin.py:150} INFO - [2025-02-10T09:44:39.242+0000] {dag.py:3504} INFO - Setting next_dagrun for DAG_ETL_gold to None, run_after=None
[2025-02-10T09:44:39.290+0000] {processor.py:179} INFO - Processing /opt/airflow/dags/dag_ETL_gold.py took 0.286 seconds
[2025-02-10T09:45:09.845+0000] {processor.py:157} INFO - Started process (PID=115) to work on /opt/airflow/dags/dag_ETL_gold.py
[2025-02-10T09:45:09.847+0000] {processor.py:826} INFO - Processing file /opt/airflow/dags/dag_ETL_gold.py for tasks to queue
[2025-02-10T09:45:09.848+0000] {logging_mixin.py:150} INFO - [2025-02-10T09:45:09.848+0000] {dagbag.py:541} INFO - Filling up the DagBag from /opt/airflow/dags/dag_ETL_gold.py
[2025-02-10T09:45:09.874+0000] {processor.py:836} INFO - DAG(s) dict_keys(['DAG_ETL_gold']) retrieved from /opt/airflow/dags/dag_ETL_gold.py
[2025-02-10T09:45:09.925+0000] {logging_mixin.py:150} INFO - [2025-02-10T09:45:09.925+0000] {dag.py:2742} INFO - Sync 1 DAGs
[2025-02-10T09:45:09.974+0000] {logging_mixin.py:150} INFO - [2025-02-10T09:45:09.973+0000] {dag.py:3504} INFO - Setting next_dagrun for DAG_ETL_gold to None, run_after=None
[2025-02-10T09:45:10.006+0000] {processor.py:179} INFO - Processing /opt/airflow/dags/dag_ETL_gold.py took 0.165 seconds
[2025-02-10T09:45:40.393+0000] {processor.py:157} INFO - Started process (PID=126) to work on /opt/airflow/dags/dag_ETL_gold.py
[2025-02-10T09:45:40.394+0000] {processor.py:826} INFO - Processing file /opt/airflow/dags/dag_ETL_gold.py for tasks to queue
[2025-02-10T09:45:40.395+0000] {logging_mixin.py:150} INFO - [2025-02-10T09:45:40.395+0000] {dagbag.py:541} INFO - Filling up the DagBag from /opt/airflow/dags/dag_ETL_gold.py
[2025-02-10T09:45:40.416+0000] {processor.py:836} INFO - DAG(s) dict_keys(['DAG_ETL_gold']) retrieved from /opt/airflow/dags/dag_ETL_gold.py
[2025-02-10T09:45:40.458+0000] {logging_mixin.py:150} INFO - [2025-02-10T09:45:40.457+0000] {dag.py:2742} INFO - Sync 1 DAGs
[2025-02-10T09:45:40.494+0000] {logging_mixin.py:150} INFO - [2025-02-10T09:45:40.493+0000] {dag.py:3504} INFO - Setting next_dagrun for DAG_ETL_gold to None, run_after=None
[2025-02-10T09:45:40.521+0000] {processor.py:179} INFO - Processing /opt/airflow/dags/dag_ETL_gold.py took 0.133 seconds
[2025-02-10T09:46:11.530+0000] {processor.py:157} INFO - Started process (PID=137) to work on /opt/airflow/dags/dag_ETL_gold.py
[2025-02-10T09:46:11.531+0000] {processor.py:826} INFO - Processing file /opt/airflow/dags/dag_ETL_gold.py for tasks to queue
[2025-02-10T09:46:11.533+0000] {logging_mixin.py:150} INFO - [2025-02-10T09:46:11.533+0000] {dagbag.py:541} INFO - Filling up the DagBag from /opt/airflow/dags/dag_ETL_gold.py
[2025-02-10T09:46:11.558+0000] {processor.py:836} INFO - DAG(s) dict_keys(['DAG_ETL_gold']) retrieved from /opt/airflow/dags/dag_ETL_gold.py
[2025-02-10T09:46:11.618+0000] {logging_mixin.py:150} INFO - [2025-02-10T09:46:11.617+0000] {dag.py:2742} INFO - Sync 1 DAGs
[2025-02-10T09:46:11.667+0000] {logging_mixin.py:150} INFO - [2025-02-10T09:46:11.667+0000] {dag.py:3504} INFO - Setting next_dagrun for DAG_ETL_gold to None, run_after=None
[2025-02-10T09:46:11.699+0000] {processor.py:179} INFO - Processing /opt/airflow/dags/dag_ETL_gold.py took 0.175 seconds
[2025-02-10T09:46:41.750+0000] {processor.py:157} INFO - Started process (PID=149) to work on /opt/airflow/dags/dag_ETL_gold.py
[2025-02-10T09:46:41.751+0000] {processor.py:826} INFO - Processing file /opt/airflow/dags/dag_ETL_gold.py for tasks to queue
[2025-02-10T09:46:41.753+0000] {logging_mixin.py:150} INFO - [2025-02-10T09:46:41.753+0000] {dagbag.py:541} INFO - Filling up the DagBag from /opt/airflow/dags/dag_ETL_gold.py
[2025-02-10T09:46:41.772+0000] {processor.py:836} INFO - DAG(s) dict_keys(['DAG_ETL_gold']) retrieved from /opt/airflow/dags/dag_ETL_gold.py
[2025-02-10T09:46:41.817+0000] {logging_mixin.py:150} INFO - [2025-02-10T09:46:41.817+0000] {dag.py:2742} INFO - Sync 1 DAGs
[2025-02-10T09:46:41.846+0000] {logging_mixin.py:150} INFO - [2025-02-10T09:46:41.846+0000] {dag.py:3504} INFO - Setting next_dagrun for DAG_ETL_gold to None, run_after=None
[2025-02-10T09:46:41.875+0000] {processor.py:179} INFO - Processing /opt/airflow/dags/dag_ETL_gold.py took 0.130 seconds
[2025-02-10T09:47:12.277+0000] {processor.py:157} INFO - Started process (PID=248) to work on /opt/airflow/dags/dag_ETL_gold.py
[2025-02-10T09:47:12.279+0000] {processor.py:826} INFO - Processing file /opt/airflow/dags/dag_ETL_gold.py for tasks to queue
[2025-02-10T09:47:12.280+0000] {logging_mixin.py:150} INFO - [2025-02-10T09:47:12.280+0000] {dagbag.py:541} INFO - Filling up the DagBag from /opt/airflow/dags/dag_ETL_gold.py
[2025-02-10T09:47:12.297+0000] {processor.py:836} INFO - DAG(s) dict_keys(['DAG_ETL_gold']) retrieved from /opt/airflow/dags/dag_ETL_gold.py
[2025-02-10T09:47:12.346+0000] {logging_mixin.py:150} INFO - [2025-02-10T09:47:12.345+0000] {dag.py:2742} INFO - Sync 1 DAGs
[2025-02-10T09:47:12.393+0000] {logging_mixin.py:150} INFO - [2025-02-10T09:47:12.393+0000] {dag.py:3504} INFO - Setting next_dagrun for DAG_ETL_gold to None, run_after=None
[2025-02-10T09:47:12.431+0000] {processor.py:179} INFO - Processing /opt/airflow/dags/dag_ETL_gold.py took 0.158 seconds
[2025-02-10T09:47:42.965+0000] {processor.py:157} INFO - Started process (PID=267) to work on /opt/airflow/dags/dag_ETL_gold.py
[2025-02-10T09:47:42.966+0000] {processor.py:826} INFO - Processing file /opt/airflow/dags/dag_ETL_gold.py for tasks to queue
[2025-02-10T09:47:42.968+0000] {logging_mixin.py:150} INFO - [2025-02-10T09:47:42.967+0000] {dagbag.py:541} INFO - Filling up the DagBag from /opt/airflow/dags/dag_ETL_gold.py
[2025-02-10T09:47:42.983+0000] {processor.py:836} INFO - DAG(s) dict_keys(['DAG_ETL_gold']) retrieved from /opt/airflow/dags/dag_ETL_gold.py
[2025-02-10T09:47:43.027+0000] {logging_mixin.py:150} INFO - [2025-02-10T09:47:43.027+0000] {dag.py:2742} INFO - Sync 1 DAGs
[2025-02-10T09:47:43.060+0000] {logging_mixin.py:150} INFO - [2025-02-10T09:47:43.060+0000] {dag.py:3504} INFO - Setting next_dagrun for DAG_ETL_gold to None, run_after=None
[2025-02-10T09:47:43.085+0000] {processor.py:179} INFO - Processing /opt/airflow/dags/dag_ETL_gold.py took 0.125 seconds
[2025-02-10T09:48:13.429+0000] {processor.py:157} INFO - Started process (PID=278) to work on /opt/airflow/dags/dag_ETL_gold.py
[2025-02-10T09:48:13.430+0000] {processor.py:826} INFO - Processing file /opt/airflow/dags/dag_ETL_gold.py for tasks to queue
[2025-02-10T09:48:13.432+0000] {logging_mixin.py:150} INFO - [2025-02-10T09:48:13.431+0000] {dagbag.py:541} INFO - Filling up the DagBag from /opt/airflow/dags/dag_ETL_gold.py
[2025-02-10T09:48:13.447+0000] {processor.py:836} INFO - DAG(s) dict_keys(['DAG_ETL_gold']) retrieved from /opt/airflow/dags/dag_ETL_gold.py
[2025-02-10T09:48:13.486+0000] {logging_mixin.py:150} INFO - [2025-02-10T09:48:13.486+0000] {dag.py:2742} INFO - Sync 1 DAGs
[2025-02-10T09:48:13.531+0000] {logging_mixin.py:150} INFO - [2025-02-10T09:48:13.530+0000] {dag.py:3504} INFO - Setting next_dagrun for DAG_ETL_gold to None, run_after=None
[2025-02-10T09:48:13.570+0000] {processor.py:179} INFO - Processing /opt/airflow/dags/dag_ETL_gold.py took 0.145 seconds
[2025-02-10T09:48:43.943+0000] {processor.py:157} INFO - Started process (PID=290) to work on /opt/airflow/dags/dag_ETL_gold.py
[2025-02-10T09:48:43.944+0000] {processor.py:826} INFO - Processing file /opt/airflow/dags/dag_ETL_gold.py for tasks to queue
[2025-02-10T09:48:43.946+0000] {logging_mixin.py:150} INFO - [2025-02-10T09:48:43.946+0000] {dagbag.py:541} INFO - Filling up the DagBag from /opt/airflow/dags/dag_ETL_gold.py
[2025-02-10T09:48:43.974+0000] {processor.py:836} INFO - DAG(s) dict_keys(['DAG_ETL_gold']) retrieved from /opt/airflow/dags/dag_ETL_gold.py
[2025-02-10T09:48:44.013+0000] {logging_mixin.py:150} INFO - [2025-02-10T09:48:44.012+0000] {dag.py:2742} INFO - Sync 1 DAGs
[2025-02-10T09:48:44.041+0000] {logging_mixin.py:150} INFO - [2025-02-10T09:48:44.041+0000] {dag.py:3504} INFO - Setting next_dagrun for DAG_ETL_gold to None, run_after=None
[2025-02-10T09:48:44.072+0000] {processor.py:179} INFO - Processing /opt/airflow/dags/dag_ETL_gold.py took 0.134 seconds
[2025-02-10T09:49:15.090+0000] {processor.py:157} INFO - Started process (PID=301) to work on /opt/airflow/dags/dag_ETL_gold.py
[2025-02-10T09:49:15.093+0000] {processor.py:826} INFO - Processing file /opt/airflow/dags/dag_ETL_gold.py for tasks to queue
[2025-02-10T09:49:15.094+0000] {logging_mixin.py:150} INFO - [2025-02-10T09:49:15.094+0000] {dagbag.py:541} INFO - Filling up the DagBag from /opt/airflow/dags/dag_ETL_gold.py
[2025-02-10T09:49:15.119+0000] {processor.py:836} INFO - DAG(s) dict_keys(['DAG_ETL_gold']) retrieved from /opt/airflow/dags/dag_ETL_gold.py
[2025-02-10T09:49:15.176+0000] {logging_mixin.py:150} INFO - [2025-02-10T09:49:15.176+0000] {dag.py:2742} INFO - Sync 1 DAGs
[2025-02-10T09:49:15.207+0000] {logging_mixin.py:150} INFO - [2025-02-10T09:49:15.207+0000] {dag.py:3504} INFO - Setting next_dagrun for DAG_ETL_gold to None, run_after=None
[2025-02-10T09:49:15.232+0000] {processor.py:179} INFO - Processing /opt/airflow/dags/dag_ETL_gold.py took 0.147 seconds
[2025-02-10T09:49:45.939+0000] {processor.py:157} INFO - Started process (PID=312) to work on /opt/airflow/dags/dag_ETL_gold.py
[2025-02-10T09:49:45.942+0000] {processor.py:826} INFO - Processing file /opt/airflow/dags/dag_ETL_gold.py for tasks to queue
[2025-02-10T09:49:45.944+0000] {logging_mixin.py:150} INFO - [2025-02-10T09:49:45.943+0000] {dagbag.py:541} INFO - Filling up the DagBag from /opt/airflow/dags/dag_ETL_gold.py
[2025-02-10T09:49:45.970+0000] {processor.py:836} INFO - DAG(s) dict_keys(['DAG_ETL_gold']) retrieved from /opt/airflow/dags/dag_ETL_gold.py
[2025-02-10T09:49:46.035+0000] {logging_mixin.py:150} INFO - [2025-02-10T09:49:46.035+0000] {dag.py:2742} INFO - Sync 1 DAGs
[2025-02-10T09:49:46.109+0000] {logging_mixin.py:150} INFO - [2025-02-10T09:49:46.108+0000] {dag.py:3504} INFO - Setting next_dagrun for DAG_ETL_gold to None, run_after=None
[2025-02-10T09:49:46.151+0000] {processor.py:179} INFO - Processing /opt/airflow/dags/dag_ETL_gold.py took 0.218 seconds
[2025-02-10T09:50:16.366+0000] {processor.py:157} INFO - Started process (PID=323) to work on /opt/airflow/dags/dag_ETL_gold.py
[2025-02-10T09:50:16.369+0000] {processor.py:826} INFO - Processing file /opt/airflow/dags/dag_ETL_gold.py for tasks to queue
[2025-02-10T09:50:16.371+0000] {logging_mixin.py:150} INFO - [2025-02-10T09:50:16.371+0000] {dagbag.py:541} INFO - Filling up the DagBag from /opt/airflow/dags/dag_ETL_gold.py
[2025-02-10T09:50:16.394+0000] {processor.py:836} INFO - DAG(s) dict_keys(['DAG_ETL_gold']) retrieved from /opt/airflow/dags/dag_ETL_gold.py
[2025-02-10T09:50:16.435+0000] {logging_mixin.py:150} INFO - [2025-02-10T09:50:16.435+0000] {dag.py:2742} INFO - Sync 1 DAGs
[2025-02-10T09:50:16.468+0000] {logging_mixin.py:150} INFO - [2025-02-10T09:50:16.468+0000] {dag.py:3504} INFO - Setting next_dagrun for DAG_ETL_gold to None, run_after=None
[2025-02-10T09:50:16.489+0000] {processor.py:179} INFO - Processing /opt/airflow/dags/dag_ETL_gold.py took 0.128 seconds
[2025-02-10T09:50:46.627+0000] {processor.py:157} INFO - Started process (PID=382) to work on /opt/airflow/dags/dag_ETL_gold.py
[2025-02-10T09:50:46.631+0000] {processor.py:826} INFO - Processing file /opt/airflow/dags/dag_ETL_gold.py for tasks to queue
[2025-02-10T09:50:46.632+0000] {logging_mixin.py:150} INFO - [2025-02-10T09:50:46.632+0000] {dagbag.py:541} INFO - Filling up the DagBag from /opt/airflow/dags/dag_ETL_gold.py
[2025-02-10T09:50:46.648+0000] {processor.py:836} INFO - DAG(s) dict_keys(['DAG_ETL_gold']) retrieved from /opt/airflow/dags/dag_ETL_gold.py
[2025-02-10T09:50:46.695+0000] {logging_mixin.py:150} INFO - [2025-02-10T09:50:46.695+0000] {dag.py:2742} INFO - Sync 1 DAGs
[2025-02-10T09:50:46.734+0000] {logging_mixin.py:150} INFO - [2025-02-10T09:50:46.734+0000] {dag.py:3504} INFO - Setting next_dagrun for DAG_ETL_gold to None, run_after=None
[2025-02-10T09:50:46.759+0000] {processor.py:179} INFO - Processing /opt/airflow/dags/dag_ETL_gold.py took 0.138 seconds
[2025-02-10T09:51:17.194+0000] {processor.py:157} INFO - Started process (PID=393) to work on /opt/airflow/dags/dag_ETL_gold.py
[2025-02-10T09:51:17.196+0000] {processor.py:826} INFO - Processing file /opt/airflow/dags/dag_ETL_gold.py for tasks to queue
[2025-02-10T09:51:17.198+0000] {logging_mixin.py:150} INFO - [2025-02-10T09:51:17.198+0000] {dagbag.py:541} INFO - Filling up the DagBag from /opt/airflow/dags/dag_ETL_gold.py
[2025-02-10T09:51:17.230+0000] {processor.py:836} INFO - DAG(s) dict_keys(['DAG_ETL_gold']) retrieved from /opt/airflow/dags/dag_ETL_gold.py
[2025-02-10T09:51:17.316+0000] {logging_mixin.py:150} INFO - [2025-02-10T09:51:17.315+0000] {dag.py:2742} INFO - Sync 1 DAGs
[2025-02-10T09:51:17.364+0000] {logging_mixin.py:150} INFO - [2025-02-10T09:51:17.364+0000] {dag.py:3504} INFO - Setting next_dagrun for DAG_ETL_gold to None, run_after=None
[2025-02-10T09:51:17.406+0000] {processor.py:179} INFO - Processing /opt/airflow/dags/dag_ETL_gold.py took 0.218 seconds
[2025-02-10T09:51:47.617+0000] {processor.py:157} INFO - Started process (PID=404) to work on /opt/airflow/dags/dag_ETL_gold.py
[2025-02-10T09:51:47.619+0000] {processor.py:826} INFO - Processing file /opt/airflow/dags/dag_ETL_gold.py for tasks to queue
[2025-02-10T09:51:47.621+0000] {logging_mixin.py:150} INFO - [2025-02-10T09:51:47.621+0000] {dagbag.py:541} INFO - Filling up the DagBag from /opt/airflow/dags/dag_ETL_gold.py
[2025-02-10T09:51:47.636+0000] {processor.py:836} INFO - DAG(s) dict_keys(['DAG_ETL_gold']) retrieved from /opt/airflow/dags/dag_ETL_gold.py
[2025-02-10T09:51:47.685+0000] {logging_mixin.py:150} INFO - [2025-02-10T09:51:47.685+0000] {dag.py:2742} INFO - Sync 1 DAGs
[2025-02-10T09:51:47.719+0000] {logging_mixin.py:150} INFO - [2025-02-10T09:51:47.719+0000] {dag.py:3504} INFO - Setting next_dagrun for DAG_ETL_gold to None, run_after=None
[2025-02-10T09:51:47.749+0000] {processor.py:179} INFO - Processing /opt/airflow/dags/dag_ETL_gold.py took 0.137 seconds
[2025-02-10T09:52:17.909+0000] {processor.py:157} INFO - Started process (PID=415) to work on /opt/airflow/dags/dag_ETL_gold.py
[2025-02-10T09:52:17.910+0000] {processor.py:826} INFO - Processing file /opt/airflow/dags/dag_ETL_gold.py for tasks to queue
[2025-02-10T09:52:17.912+0000] {logging_mixin.py:150} INFO - [2025-02-10T09:52:17.911+0000] {dagbag.py:541} INFO - Filling up the DagBag from /opt/airflow/dags/dag_ETL_gold.py
[2025-02-10T09:52:17.939+0000] {processor.py:836} INFO - DAG(s) dict_keys(['DAG_ETL_gold']) retrieved from /opt/airflow/dags/dag_ETL_gold.py
[2025-02-10T09:52:17.987+0000] {logging_mixin.py:150} INFO - [2025-02-10T09:52:17.987+0000] {dag.py:2742} INFO - Sync 1 DAGs
[2025-02-10T09:52:18.027+0000] {logging_mixin.py:150} INFO - [2025-02-10T09:52:18.026+0000] {dag.py:3504} INFO - Setting next_dagrun for DAG_ETL_gold to None, run_after=None
[2025-02-10T09:52:18.066+0000] {processor.py:179} INFO - Processing /opt/airflow/dags/dag_ETL_gold.py took 0.162 seconds
[2025-02-10T09:52:48.202+0000] {processor.py:157} INFO - Started process (PID=426) to work on /opt/airflow/dags/dag_ETL_gold.py
[2025-02-10T09:52:48.206+0000] {processor.py:826} INFO - Processing file /opt/airflow/dags/dag_ETL_gold.py for tasks to queue
[2025-02-10T09:52:48.208+0000] {logging_mixin.py:150} INFO - [2025-02-10T09:52:48.207+0000] {dagbag.py:541} INFO - Filling up the DagBag from /opt/airflow/dags/dag_ETL_gold.py
[2025-02-10T09:52:48.248+0000] {processor.py:836} INFO - DAG(s) dict_keys(['DAG_ETL_gold']) retrieved from /opt/airflow/dags/dag_ETL_gold.py
[2025-02-10T09:52:48.330+0000] {logging_mixin.py:150} INFO - [2025-02-10T09:52:48.329+0000] {dag.py:2742} INFO - Sync 1 DAGs
[2025-02-10T09:52:48.381+0000] {logging_mixin.py:150} INFO - [2025-02-10T09:52:48.381+0000] {dag.py:3504} INFO - Setting next_dagrun for DAG_ETL_gold to None, run_after=None
[2025-02-10T09:52:48.417+0000] {processor.py:179} INFO - Processing /opt/airflow/dags/dag_ETL_gold.py took 0.225 seconds
[2025-02-10T09:53:18.905+0000] {processor.py:157} INFO - Started process (PID=437) to work on /opt/airflow/dags/dag_ETL_gold.py
[2025-02-10T09:53:18.907+0000] {processor.py:826} INFO - Processing file /opt/airflow/dags/dag_ETL_gold.py for tasks to queue
[2025-02-10T09:53:18.909+0000] {logging_mixin.py:150} INFO - [2025-02-10T09:53:18.908+0000] {dagbag.py:541} INFO - Filling up the DagBag from /opt/airflow/dags/dag_ETL_gold.py
[2025-02-10T09:53:18.941+0000] {processor.py:836} INFO - DAG(s) dict_keys(['DAG_ETL_gold']) retrieved from /opt/airflow/dags/dag_ETL_gold.py
[2025-02-10T09:53:19.011+0000] {logging_mixin.py:150} INFO - [2025-02-10T09:53:19.010+0000] {dag.py:2742} INFO - Sync 1 DAGs
[2025-02-10T09:53:19.071+0000] {logging_mixin.py:150} INFO - [2025-02-10T09:53:19.070+0000] {dag.py:3504} INFO - Setting next_dagrun for DAG_ETL_gold to None, run_after=None
[2025-02-10T09:53:19.097+0000] {processor.py:179} INFO - Processing /opt/airflow/dags/dag_ETL_gold.py took 0.199 seconds
[2025-02-10T09:53:49.431+0000] {processor.py:157} INFO - Started process (PID=448) to work on /opt/airflow/dags/dag_ETL_gold.py
[2025-02-10T09:53:49.435+0000] {processor.py:826} INFO - Processing file /opt/airflow/dags/dag_ETL_gold.py for tasks to queue
[2025-02-10T09:53:49.437+0000] {logging_mixin.py:150} INFO - [2025-02-10T09:53:49.436+0000] {dagbag.py:541} INFO - Filling up the DagBag from /opt/airflow/dags/dag_ETL_gold.py
[2025-02-10T09:53:49.453+0000] {processor.py:836} INFO - DAG(s) dict_keys(['DAG_ETL_gold']) retrieved from /opt/airflow/dags/dag_ETL_gold.py
[2025-02-10T09:53:49.499+0000] {logging_mixin.py:150} INFO - [2025-02-10T09:53:49.499+0000] {dag.py:2742} INFO - Sync 1 DAGs
[2025-02-10T09:53:49.535+0000] {logging_mixin.py:150} INFO - [2025-02-10T09:53:49.535+0000] {dag.py:3504} INFO - Setting next_dagrun for DAG_ETL_gold to None, run_after=None
[2025-02-10T09:53:49.564+0000] {processor.py:179} INFO - Processing /opt/airflow/dags/dag_ETL_gold.py took 0.137 seconds
[2025-02-10T09:54:20.210+0000] {processor.py:157} INFO - Started process (PID=459) to work on /opt/airflow/dags/dag_ETL_gold.py
[2025-02-10T09:54:20.211+0000] {processor.py:826} INFO - Processing file /opt/airflow/dags/dag_ETL_gold.py for tasks to queue
[2025-02-10T09:54:20.213+0000] {logging_mixin.py:150} INFO - [2025-02-10T09:54:20.212+0000] {dagbag.py:541} INFO - Filling up the DagBag from /opt/airflow/dags/dag_ETL_gold.py
[2025-02-10T09:54:20.235+0000] {processor.py:836} INFO - DAG(s) dict_keys(['DAG_ETL_gold']) retrieved from /opt/airflow/dags/dag_ETL_gold.py
[2025-02-10T09:54:20.283+0000] {logging_mixin.py:150} INFO - [2025-02-10T09:54:20.283+0000] {dag.py:2742} INFO - Sync 1 DAGs
[2025-02-10T09:54:20.314+0000] {logging_mixin.py:150} INFO - [2025-02-10T09:54:20.313+0000] {dag.py:3504} INFO - Setting next_dagrun for DAG_ETL_gold to None, run_after=None
[2025-02-10T09:54:20.341+0000] {processor.py:179} INFO - Processing /opt/airflow/dags/dag_ETL_gold.py took 0.137 seconds
[2025-02-10T09:54:50.521+0000] {processor.py:157} INFO - Started process (PID=470) to work on /opt/airflow/dags/dag_ETL_gold.py
[2025-02-10T09:54:50.523+0000] {processor.py:826} INFO - Processing file /opt/airflow/dags/dag_ETL_gold.py for tasks to queue
[2025-02-10T09:54:50.525+0000] {logging_mixin.py:150} INFO - [2025-02-10T09:54:50.524+0000] {dagbag.py:541} INFO - Filling up the DagBag from /opt/airflow/dags/dag_ETL_gold.py
[2025-02-10T09:54:50.544+0000] {processor.py:836} INFO - DAG(s) dict_keys(['DAG_ETL_gold']) retrieved from /opt/airflow/dags/dag_ETL_gold.py
[2025-02-10T09:54:50.619+0000] {logging_mixin.py:150} INFO - [2025-02-10T09:54:50.619+0000] {dag.py:2742} INFO - Sync 1 DAGs
[2025-02-10T09:54:50.654+0000] {logging_mixin.py:150} INFO - [2025-02-10T09:54:50.654+0000] {dag.py:3504} INFO - Setting next_dagrun for DAG_ETL_gold to None, run_after=None
[2025-02-10T09:54:50.693+0000] {processor.py:179} INFO - Processing /opt/airflow/dags/dag_ETL_gold.py took 0.179 seconds
[2025-02-10T09:55:22.198+0000] {processor.py:157} INFO - Started process (PID=481) to work on /opt/airflow/dags/dag_ETL_gold.py
[2025-02-10T09:55:22.200+0000] {processor.py:826} INFO - Processing file /opt/airflow/dags/dag_ETL_gold.py for tasks to queue
[2025-02-10T09:55:22.202+0000] {logging_mixin.py:150} INFO - [2025-02-10T09:55:22.202+0000] {dagbag.py:541} INFO - Filling up the DagBag from /opt/airflow/dags/dag_ETL_gold.py
[2025-02-10T09:55:22.224+0000] {processor.py:836} INFO - DAG(s) dict_keys(['DAG_ETL_gold']) retrieved from /opt/airflow/dags/dag_ETL_gold.py
[2025-02-10T09:55:22.293+0000] {logging_mixin.py:150} INFO - [2025-02-10T09:55:22.293+0000] {dag.py:2742} INFO - Sync 1 DAGs
[2025-02-10T09:55:22.329+0000] {logging_mixin.py:150} INFO - [2025-02-10T09:55:22.329+0000] {dag.py:3504} INFO - Setting next_dagrun for DAG_ETL_gold to None, run_after=None
[2025-02-10T09:55:22.354+0000] {processor.py:179} INFO - Processing /opt/airflow/dags/dag_ETL_gold.py took 0.163 seconds
[2025-02-10T09:55:53.776+0000] {processor.py:157} INFO - Started process (PID=493) to work on /opt/airflow/dags/dag_ETL_gold.py
[2025-02-10T09:55:53.785+0000] {processor.py:826} INFO - Processing file /opt/airflow/dags/dag_ETL_gold.py for tasks to queue
[2025-02-10T09:55:53.789+0000] {logging_mixin.py:150} INFO - [2025-02-10T09:55:53.788+0000] {dagbag.py:541} INFO - Filling up the DagBag from /opt/airflow/dags/dag_ETL_gold.py
[2025-02-10T09:55:53.841+0000] {processor.py:836} INFO - DAG(s) dict_keys(['DAG_ETL_gold']) retrieved from /opt/airflow/dags/dag_ETL_gold.py
[2025-02-10T09:55:53.946+0000] {logging_mixin.py:150} INFO - [2025-02-10T09:55:53.945+0000] {dag.py:2742} INFO - Sync 1 DAGs
[2025-02-10T09:55:54.156+0000] {logging_mixin.py:150} INFO - [2025-02-10T09:55:54.156+0000] {dag.py:3504} INFO - Setting next_dagrun for DAG_ETL_gold to None, run_after=None
[2025-02-10T09:55:54.265+0000] {processor.py:179} INFO - Processing /opt/airflow/dags/dag_ETL_gold.py took 0.498 seconds
[2025-02-10T09:56:24.857+0000] {processor.py:157} INFO - Started process (PID=551) to work on /opt/airflow/dags/dag_ETL_gold.py
[2025-02-10T09:56:24.860+0000] {processor.py:826} INFO - Processing file /opt/airflow/dags/dag_ETL_gold.py for tasks to queue
[2025-02-10T09:56:24.862+0000] {logging_mixin.py:150} INFO - [2025-02-10T09:56:24.862+0000] {dagbag.py:541} INFO - Filling up the DagBag from /opt/airflow/dags/dag_ETL_gold.py
[2025-02-10T09:56:24.891+0000] {processor.py:836} INFO - DAG(s) dict_keys(['DAG_ETL_gold']) retrieved from /opt/airflow/dags/dag_ETL_gold.py
[2025-02-10T09:56:24.991+0000] {logging_mixin.py:150} INFO - [2025-02-10T09:56:24.991+0000] {dag.py:2742} INFO - Sync 1 DAGs
[2025-02-10T09:56:25.055+0000] {logging_mixin.py:150} INFO - [2025-02-10T09:56:25.055+0000] {dag.py:3504} INFO - Setting next_dagrun for DAG_ETL_gold to None, run_after=None
[2025-02-10T09:56:25.112+0000] {processor.py:179} INFO - Processing /opt/airflow/dags/dag_ETL_gold.py took 0.263 seconds
[2025-02-10T09:56:55.275+0000] {processor.py:157} INFO - Started process (PID=562) to work on /opt/airflow/dags/dag_ETL_gold.py
[2025-02-10T09:56:55.278+0000] {processor.py:826} INFO - Processing file /opt/airflow/dags/dag_ETL_gold.py for tasks to queue
[2025-02-10T09:56:55.281+0000] {logging_mixin.py:150} INFO - [2025-02-10T09:56:55.281+0000] {dagbag.py:541} INFO - Filling up the DagBag from /opt/airflow/dags/dag_ETL_gold.py
[2025-02-10T09:56:55.307+0000] {processor.py:836} INFO - DAG(s) dict_keys(['DAG_ETL_gold']) retrieved from /opt/airflow/dags/dag_ETL_gold.py
[2025-02-10T09:56:55.355+0000] {logging_mixin.py:150} INFO - [2025-02-10T09:56:55.354+0000] {dag.py:2742} INFO - Sync 1 DAGs
[2025-02-10T09:56:55.394+0000] {logging_mixin.py:150} INFO - [2025-02-10T09:56:55.394+0000] {dag.py:3504} INFO - Setting next_dagrun for DAG_ETL_gold to None, run_after=None
[2025-02-10T09:56:55.427+0000] {processor.py:179} INFO - Processing /opt/airflow/dags/dag_ETL_gold.py took 0.158 seconds
[2025-02-10T09:57:25.805+0000] {processor.py:157} INFO - Started process (PID=573) to work on /opt/airflow/dags/dag_ETL_gold.py
[2025-02-10T09:57:25.808+0000] {processor.py:826} INFO - Processing file /opt/airflow/dags/dag_ETL_gold.py for tasks to queue
[2025-02-10T09:57:25.810+0000] {logging_mixin.py:150} INFO - [2025-02-10T09:57:25.809+0000] {dagbag.py:541} INFO - Filling up the DagBag from /opt/airflow/dags/dag_ETL_gold.py
[2025-02-10T09:57:25.841+0000] {processor.py:836} INFO - DAG(s) dict_keys(['DAG_ETL_gold']) retrieved from /opt/airflow/dags/dag_ETL_gold.py
[2025-02-10T09:57:25.908+0000] {logging_mixin.py:150} INFO - [2025-02-10T09:57:25.908+0000] {dag.py:2742} INFO - Sync 1 DAGs
[2025-02-10T09:57:25.956+0000] {logging_mixin.py:150} INFO - [2025-02-10T09:57:25.956+0000] {dag.py:3504} INFO - Setting next_dagrun for DAG_ETL_gold to None, run_after=None
[2025-02-10T09:57:25.996+0000] {processor.py:179} INFO - Processing /opt/airflow/dags/dag_ETL_gold.py took 0.203 seconds
[2025-02-10T09:57:56.264+0000] {processor.py:157} INFO - Started process (PID=584) to work on /opt/airflow/dags/dag_ETL_gold.py
[2025-02-10T09:57:56.267+0000] {processor.py:826} INFO - Processing file /opt/airflow/dags/dag_ETL_gold.py for tasks to queue
[2025-02-10T09:57:56.270+0000] {logging_mixin.py:150} INFO - [2025-02-10T09:57:56.269+0000] {dagbag.py:541} INFO - Filling up the DagBag from /opt/airflow/dags/dag_ETL_gold.py
[2025-02-10T09:57:56.291+0000] {processor.py:836} INFO - DAG(s) dict_keys(['DAG_ETL_gold']) retrieved from /opt/airflow/dags/dag_ETL_gold.py
[2025-02-10T09:57:56.342+0000] {logging_mixin.py:150} INFO - [2025-02-10T09:57:56.342+0000] {dag.py:2742} INFO - Sync 1 DAGs
[2025-02-10T09:57:56.380+0000] {logging_mixin.py:150} INFO - [2025-02-10T09:57:56.380+0000] {dag.py:3504} INFO - Setting next_dagrun for DAG_ETL_gold to None, run_after=None
[2025-02-10T09:57:56.410+0000] {processor.py:179} INFO - Processing /opt/airflow/dags/dag_ETL_gold.py took 0.152 seconds
[2025-02-10T09:58:27.221+0000] {processor.py:157} INFO - Started process (PID=594) to work on /opt/airflow/dags/dag_ETL_gold.py
[2025-02-10T09:58:27.224+0000] {processor.py:826} INFO - Processing file /opt/airflow/dags/dag_ETL_gold.py for tasks to queue
[2025-02-10T09:58:27.226+0000] {logging_mixin.py:150} INFO - [2025-02-10T09:58:27.225+0000] {dagbag.py:541} INFO - Filling up the DagBag from /opt/airflow/dags/dag_ETL_gold.py
[2025-02-10T09:58:27.250+0000] {processor.py:836} INFO - DAG(s) dict_keys(['DAG_ETL_gold']) retrieved from /opt/airflow/dags/dag_ETL_gold.py
[2025-02-10T09:58:27.318+0000] {logging_mixin.py:150} INFO - [2025-02-10T09:58:27.317+0000] {dag.py:2742} INFO - Sync 1 DAGs
[2025-02-10T09:58:27.368+0000] {logging_mixin.py:150} INFO - [2025-02-10T09:58:27.368+0000] {dag.py:3504} INFO - Setting next_dagrun for DAG_ETL_gold to None, run_after=None
[2025-02-10T09:58:27.407+0000] {processor.py:179} INFO - Processing /opt/airflow/dags/dag_ETL_gold.py took 0.193 seconds
[2025-02-10T09:58:57.911+0000] {processor.py:157} INFO - Started process (PID=605) to work on /opt/airflow/dags/dag_ETL_gold.py
[2025-02-10T09:58:57.914+0000] {processor.py:826} INFO - Processing file /opt/airflow/dags/dag_ETL_gold.py for tasks to queue
[2025-02-10T09:58:57.916+0000] {logging_mixin.py:150} INFO - [2025-02-10T09:58:57.916+0000] {dagbag.py:541} INFO - Filling up the DagBag from /opt/airflow/dags/dag_ETL_gold.py
[2025-02-10T09:58:57.935+0000] {processor.py:836} INFO - DAG(s) dict_keys(['DAG_ETL_gold']) retrieved from /opt/airflow/dags/dag_ETL_gold.py
[2025-02-10T09:58:57.988+0000] {logging_mixin.py:150} INFO - [2025-02-10T09:58:57.987+0000] {dag.py:2742} INFO - Sync 1 DAGs
[2025-02-10T09:58:58.031+0000] {logging_mixin.py:150} INFO - [2025-02-10T09:58:58.030+0000] {dag.py:3504} INFO - Setting next_dagrun for DAG_ETL_gold to None, run_after=None
[2025-02-10T09:58:58.084+0000] {processor.py:179} INFO - Processing /opt/airflow/dags/dag_ETL_gold.py took 0.179 seconds
[2025-02-10T09:59:28.196+0000] {processor.py:157} INFO - Started process (PID=616) to work on /opt/airflow/dags/dag_ETL_gold.py
[2025-02-10T09:59:28.199+0000] {processor.py:826} INFO - Processing file /opt/airflow/dags/dag_ETL_gold.py for tasks to queue
[2025-02-10T09:59:28.202+0000] {logging_mixin.py:150} INFO - [2025-02-10T09:59:28.201+0000] {dagbag.py:541} INFO - Filling up the DagBag from /opt/airflow/dags/dag_ETL_gold.py
[2025-02-10T09:59:28.228+0000] {processor.py:836} INFO - DAG(s) dict_keys(['DAG_ETL_gold']) retrieved from /opt/airflow/dags/dag_ETL_gold.py
[2025-02-10T09:59:28.290+0000] {logging_mixin.py:150} INFO - [2025-02-10T09:59:28.290+0000] {dag.py:2742} INFO - Sync 1 DAGs
[2025-02-10T09:59:28.349+0000] {logging_mixin.py:150} INFO - [2025-02-10T09:59:28.348+0000] {dag.py:3504} INFO - Setting next_dagrun for DAG_ETL_gold to None, run_after=None
[2025-02-10T09:59:28.393+0000] {processor.py:179} INFO - Processing /opt/airflow/dags/dag_ETL_gold.py took 0.202 seconds
[2025-02-10T09:59:59.970+0000] {processor.py:157} INFO - Started process (PID=675) to work on /opt/airflow/dags/dag_ETL_gold.py
[2025-02-10T09:59:59.974+0000] {processor.py:826} INFO - Processing file /opt/airflow/dags/dag_ETL_gold.py for tasks to queue
[2025-02-10T09:59:59.979+0000] {logging_mixin.py:150} INFO - [2025-02-10T09:59:59.978+0000] {dagbag.py:541} INFO - Filling up the DagBag from /opt/airflow/dags/dag_ETL_gold.py
[2025-02-10T10:00:00.098+0000] {processor.py:836} INFO - DAG(s) dict_keys(['DAG_ETL_gold']) retrieved from /opt/airflow/dags/dag_ETL_gold.py
[2025-02-10T10:00:00.271+0000] {logging_mixin.py:150} INFO - [2025-02-10T10:00:00.270+0000] {dag.py:2742} INFO - Sync 1 DAGs
[2025-02-10T10:00:00.393+0000] {logging_mixin.py:150} INFO - [2025-02-10T10:00:00.393+0000] {dag.py:3504} INFO - Setting next_dagrun for DAG_ETL_gold to None, run_after=None
[2025-02-10T10:00:00.445+0000] {processor.py:179} INFO - Processing /opt/airflow/dags/dag_ETL_gold.py took 0.486 seconds
[2025-02-10T10:00:31.316+0000] {processor.py:157} INFO - Started process (PID=686) to work on /opt/airflow/dags/dag_ETL_gold.py
[2025-02-10T10:00:31.318+0000] {processor.py:826} INFO - Processing file /opt/airflow/dags/dag_ETL_gold.py for tasks to queue
[2025-02-10T10:00:31.319+0000] {logging_mixin.py:150} INFO - [2025-02-10T10:00:31.319+0000] {dagbag.py:541} INFO - Filling up the DagBag from /opt/airflow/dags/dag_ETL_gold.py
[2025-02-10T10:00:31.343+0000] {processor.py:836} INFO - DAG(s) dict_keys(['DAG_ETL_gold']) retrieved from /opt/airflow/dags/dag_ETL_gold.py
[2025-02-10T10:00:31.392+0000] {logging_mixin.py:150} INFO - [2025-02-10T10:00:31.391+0000] {dag.py:2742} INFO - Sync 1 DAGs
[2025-02-10T10:00:31.427+0000] {logging_mixin.py:150} INFO - [2025-02-10T10:00:31.427+0000] {dag.py:3504} INFO - Setting next_dagrun for DAG_ETL_gold to None, run_after=None
[2025-02-10T10:00:31.451+0000] {processor.py:179} INFO - Processing /opt/airflow/dags/dag_ETL_gold.py took 0.141 seconds
[2025-02-10T10:01:01.821+0000] {processor.py:157} INFO - Started process (PID=697) to work on /opt/airflow/dags/dag_ETL_gold.py
[2025-02-10T10:01:01.823+0000] {processor.py:826} INFO - Processing file /opt/airflow/dags/dag_ETL_gold.py for tasks to queue
[2025-02-10T10:01:01.825+0000] {logging_mixin.py:150} INFO - [2025-02-10T10:01:01.824+0000] {dagbag.py:541} INFO - Filling up the DagBag from /opt/airflow/dags/dag_ETL_gold.py
[2025-02-10T10:01:01.845+0000] {processor.py:836} INFO - DAG(s) dict_keys(['DAG_ETL_gold']) retrieved from /opt/airflow/dags/dag_ETL_gold.py
[2025-02-10T10:01:01.891+0000] {logging_mixin.py:150} INFO - [2025-02-10T10:01:01.891+0000] {dag.py:2742} INFO - Sync 1 DAGs
[2025-02-10T10:01:01.925+0000] {logging_mixin.py:150} INFO - [2025-02-10T10:01:01.925+0000] {dag.py:3504} INFO - Setting next_dagrun for DAG_ETL_gold to None, run_after=None
[2025-02-10T10:01:01.961+0000] {processor.py:179} INFO - Processing /opt/airflow/dags/dag_ETL_gold.py took 0.149 seconds
[2025-02-10T10:01:32.007+0000] {processor.py:157} INFO - Started process (PID=709) to work on /opt/airflow/dags/dag_ETL_gold.py
[2025-02-10T10:01:32.011+0000] {processor.py:826} INFO - Processing file /opt/airflow/dags/dag_ETL_gold.py for tasks to queue
[2025-02-10T10:01:32.014+0000] {logging_mixin.py:150} INFO - [2025-02-10T10:01:32.013+0000] {dagbag.py:541} INFO - Filling up the DagBag from /opt/airflow/dags/dag_ETL_gold.py
[2025-02-10T10:01:32.041+0000] {processor.py:836} INFO - DAG(s) dict_keys(['DAG_ETL_gold']) retrieved from /opt/airflow/dags/dag_ETL_gold.py
[2025-02-10T10:01:32.105+0000] {logging_mixin.py:150} INFO - [2025-02-10T10:01:32.105+0000] {dag.py:2742} INFO - Sync 1 DAGs
[2025-02-10T10:01:32.148+0000] {logging_mixin.py:150} INFO - [2025-02-10T10:01:32.148+0000] {dag.py:3504} INFO - Setting next_dagrun for DAG_ETL_gold to None, run_after=None
[2025-02-10T10:01:32.187+0000] {processor.py:179} INFO - Processing /opt/airflow/dags/dag_ETL_gold.py took 0.187 seconds
[2025-02-10T10:02:04.561+0000] {processor.py:157} INFO - Started process (PID=816) to work on /opt/airflow/dags/dag_ETL_gold.py
[2025-02-10T10:02:04.565+0000] {processor.py:826} INFO - Processing file /opt/airflow/dags/dag_ETL_gold.py for tasks to queue
[2025-02-10T10:02:04.568+0000] {logging_mixin.py:150} INFO - [2025-02-10T10:02:04.567+0000] {dagbag.py:541} INFO - Filling up the DagBag from /opt/airflow/dags/dag_ETL_gold.py
[2025-02-10T10:02:04.624+0000] {processor.py:836} INFO - DAG(s) dict_keys(['DAG_ETL_gold']) retrieved from /opt/airflow/dags/dag_ETL_gold.py
[2025-02-10T10:02:04.933+0000] {logging_mixin.py:150} INFO - [2025-02-10T10:02:04.932+0000] {dag.py:2742} INFO - Sync 1 DAGs
[2025-02-10T10:02:05.114+0000] {logging_mixin.py:150} INFO - [2025-02-10T10:02:05.113+0000] {dag.py:3504} INFO - Setting next_dagrun for DAG_ETL_gold to None, run_after=None
[2025-02-10T10:02:05.208+0000] {processor.py:179} INFO - Processing /opt/airflow/dags/dag_ETL_gold.py took 0.658 seconds
[2025-02-10T10:02:41.792+0000] {processor.py:157} INFO - Started process (PID=833) to work on /opt/airflow/dags/dag_ETL_gold.py
[2025-02-10T10:02:41.794+0000] {processor.py:826} INFO - Processing file /opt/airflow/dags/dag_ETL_gold.py for tasks to queue
[2025-02-10T10:02:41.797+0000] {logging_mixin.py:150} INFO - [2025-02-10T10:02:41.796+0000] {dagbag.py:541} INFO - Filling up the DagBag from /opt/airflow/dags/dag_ETL_gold.py
[2025-02-10T10:02:41.842+0000] {processor.py:836} INFO - DAG(s) dict_keys(['DAG_ETL_gold']) retrieved from /opt/airflow/dags/dag_ETL_gold.py
[2025-02-10T10:02:41.955+0000] {logging_mixin.py:150} INFO - [2025-02-10T10:02:41.954+0000] {dag.py:2742} INFO - Sync 1 DAGs
[2025-02-10T10:02:42.031+0000] {logging_mixin.py:150} INFO - [2025-02-10T10:02:42.031+0000] {dag.py:3504} INFO - Setting next_dagrun for DAG_ETL_gold to None, run_after=None
[2025-02-10T10:02:42.085+0000] {processor.py:179} INFO - Processing /opt/airflow/dags/dag_ETL_gold.py took 0.298 seconds
[2025-02-10T10:03:12.749+0000] {processor.py:157} INFO - Started process (PID=963) to work on /opt/airflow/dags/dag_ETL_gold.py
[2025-02-10T10:03:12.750+0000] {processor.py:826} INFO - Processing file /opt/airflow/dags/dag_ETL_gold.py for tasks to queue
[2025-02-10T10:03:12.752+0000] {logging_mixin.py:150} INFO - [2025-02-10T10:03:12.751+0000] {dagbag.py:541} INFO - Filling up the DagBag from /opt/airflow/dags/dag_ETL_gold.py
[2025-02-10T10:03:12.775+0000] {processor.py:836} INFO - DAG(s) dict_keys(['DAG_ETL_gold']) retrieved from /opt/airflow/dags/dag_ETL_gold.py
[2025-02-10T10:03:12.821+0000] {logging_mixin.py:150} INFO - [2025-02-10T10:03:12.821+0000] {dag.py:2742} INFO - Sync 1 DAGs
[2025-02-10T10:03:12.853+0000] {logging_mixin.py:150} INFO - [2025-02-10T10:03:12.853+0000] {dag.py:3504} INFO - Setting next_dagrun for DAG_ETL_gold to None, run_after=None
[2025-02-10T10:03:12.914+0000] {processor.py:179} INFO - Processing /opt/airflow/dags/dag_ETL_gold.py took 0.172 seconds
[2025-02-10T10:03:45.865+0000] {processor.py:157} INFO - Started process (PID=1062) to work on /opt/airflow/dags/dag_ETL_gold.py
[2025-02-10T10:03:45.866+0000] {processor.py:826} INFO - Processing file /opt/airflow/dags/dag_ETL_gold.py for tasks to queue
[2025-02-10T10:03:45.868+0000] {logging_mixin.py:150} INFO - [2025-02-10T10:03:45.868+0000] {dagbag.py:541} INFO - Filling up the DagBag from /opt/airflow/dags/dag_ETL_gold.py
[2025-02-10T10:03:45.892+0000] {processor.py:836} INFO - DAG(s) dict_keys(['DAG_ETL_gold']) retrieved from /opt/airflow/dags/dag_ETL_gold.py
[2025-02-10T10:03:45.951+0000] {logging_mixin.py:150} INFO - [2025-02-10T10:03:45.951+0000] {dag.py:2742} INFO - Sync 1 DAGs
[2025-02-10T10:03:46.024+0000] {logging_mixin.py:150} INFO - [2025-02-10T10:03:46.024+0000] {dag.py:3504} INFO - Setting next_dagrun for DAG_ETL_gold to None, run_after=None
[2025-02-10T10:03:46.164+0000] {processor.py:179} INFO - Processing /opt/airflow/dags/dag_ETL_gold.py took 0.308 seconds
[2025-02-10T10:04:16.780+0000] {processor.py:157} INFO - Started process (PID=1277) to work on /opt/airflow/dags/dag_ETL_gold.py
[2025-02-10T10:04:16.782+0000] {processor.py:826} INFO - Processing file /opt/airflow/dags/dag_ETL_gold.py for tasks to queue
[2025-02-10T10:04:16.783+0000] {logging_mixin.py:150} INFO - [2025-02-10T10:04:16.782+0000] {dagbag.py:541} INFO - Filling up the DagBag from /opt/airflow/dags/dag_ETL_gold.py
[2025-02-10T10:04:16.812+0000] {processor.py:836} INFO - DAG(s) dict_keys(['DAG_ETL_gold']) retrieved from /opt/airflow/dags/dag_ETL_gold.py
[2025-02-10T10:04:16.869+0000] {logging_mixin.py:150} INFO - [2025-02-10T10:04:16.869+0000] {dag.py:2742} INFO - Sync 1 DAGs
[2025-02-10T10:04:16.904+0000] {logging_mixin.py:150} INFO - [2025-02-10T10:04:16.904+0000] {dag.py:3504} INFO - Setting next_dagrun for DAG_ETL_gold to None, run_after=None
[2025-02-10T10:04:16.949+0000] {processor.py:179} INFO - Processing /opt/airflow/dags/dag_ETL_gold.py took 0.177 seconds
[2025-02-10T10:04:47.816+0000] {processor.py:157} INFO - Started process (PID=1361) to work on /opt/airflow/dags/dag_ETL_gold.py
[2025-02-10T10:04:47.818+0000] {processor.py:826} INFO - Processing file /opt/airflow/dags/dag_ETL_gold.py for tasks to queue
[2025-02-10T10:04:47.820+0000] {logging_mixin.py:150} INFO - [2025-02-10T10:04:47.819+0000] {dagbag.py:541} INFO - Filling up the DagBag from /opt/airflow/dags/dag_ETL_gold.py
[2025-02-10T10:04:48.180+0000] {processor.py:836} INFO - DAG(s) dict_keys(['DAG_ETL_gold']) retrieved from /opt/airflow/dags/dag_ETL_gold.py
[2025-02-10T10:04:48.597+0000] {logging_mixin.py:150} INFO - [2025-02-10T10:04:48.596+0000] {dag.py:2742} INFO - Sync 1 DAGs
[2025-02-10T10:04:48.703+0000] {logging_mixin.py:150} INFO - [2025-02-10T10:04:48.703+0000] {dag.py:3504} INFO - Setting next_dagrun for DAG_ETL_gold to None, run_after=None
[2025-02-10T10:04:48.762+0000] {processor.py:179} INFO - Processing /opt/airflow/dags/dag_ETL_gold.py took 0.953 seconds
[2025-02-10T10:05:18.903+0000] {processor.py:157} INFO - Started process (PID=1609) to work on /opt/airflow/dags/dag_ETL_gold.py
[2025-02-10T10:05:18.905+0000] {processor.py:826} INFO - Processing file /opt/airflow/dags/dag_ETL_gold.py for tasks to queue
[2025-02-10T10:05:18.907+0000] {logging_mixin.py:150} INFO - [2025-02-10T10:05:18.906+0000] {dagbag.py:541} INFO - Filling up the DagBag from /opt/airflow/dags/dag_ETL_gold.py
[2025-02-10T10:05:18.928+0000] {processor.py:836} INFO - DAG(s) dict_keys(['DAG_ETL_gold']) retrieved from /opt/airflow/dags/dag_ETL_gold.py
[2025-02-10T10:05:18.974+0000] {logging_mixin.py:150} INFO - [2025-02-10T10:05:18.973+0000] {dag.py:2742} INFO - Sync 1 DAGs
[2025-02-10T10:05:19.005+0000] {logging_mixin.py:150} INFO - [2025-02-10T10:05:19.005+0000] {dag.py:3504} INFO - Setting next_dagrun for DAG_ETL_gold to None, run_after=None
[2025-02-10T10:05:19.032+0000] {processor.py:179} INFO - Processing /opt/airflow/dags/dag_ETL_gold.py took 0.136 seconds
[2025-02-10T10:05:49.348+0000] {processor.py:157} INFO - Started process (PID=1621) to work on /opt/airflow/dags/dag_ETL_gold.py
[2025-02-10T10:05:49.352+0000] {processor.py:826} INFO - Processing file /opt/airflow/dags/dag_ETL_gold.py for tasks to queue
[2025-02-10T10:05:49.354+0000] {logging_mixin.py:150} INFO - [2025-02-10T10:05:49.353+0000] {dagbag.py:541} INFO - Filling up the DagBag from /opt/airflow/dags/dag_ETL_gold.py
[2025-02-10T10:05:49.379+0000] {processor.py:836} INFO - DAG(s) dict_keys(['DAG_ETL_gold']) retrieved from /opt/airflow/dags/dag_ETL_gold.py
[2025-02-10T10:05:49.536+0000] {logging_mixin.py:150} INFO - [2025-02-10T10:05:49.535+0000] {dag.py:2742} INFO - Sync 1 DAGs
[2025-02-10T10:05:49.627+0000] {logging_mixin.py:150} INFO - [2025-02-10T10:05:49.627+0000] {dag.py:3504} INFO - Setting next_dagrun for DAG_ETL_gold to None, run_after=None
[2025-02-10T10:05:49.695+0000] {processor.py:179} INFO - Processing /opt/airflow/dags/dag_ETL_gold.py took 0.368 seconds
[2025-02-10T10:06:20.392+0000] {processor.py:157} INFO - Started process (PID=1630) to work on /opt/airflow/dags/dag_ETL_gold.py
[2025-02-10T10:06:20.394+0000] {processor.py:826} INFO - Processing file /opt/airflow/dags/dag_ETL_gold.py for tasks to queue
[2025-02-10T10:06:20.396+0000] {logging_mixin.py:150} INFO - [2025-02-10T10:06:20.395+0000] {dagbag.py:541} INFO - Filling up the DagBag from /opt/airflow/dags/dag_ETL_gold.py
[2025-02-10T10:06:20.429+0000] {processor.py:836} INFO - DAG(s) dict_keys(['DAG_ETL_gold']) retrieved from /opt/airflow/dags/dag_ETL_gold.py
[2025-02-10T10:06:20.491+0000] {logging_mixin.py:150} INFO - [2025-02-10T10:06:20.491+0000] {dag.py:2742} INFO - Sync 1 DAGs
[2025-02-10T10:06:20.522+0000] {logging_mixin.py:150} INFO - [2025-02-10T10:06:20.522+0000] {dag.py:3504} INFO - Setting next_dagrun for DAG_ETL_gold to None, run_after=None
[2025-02-10T10:06:20.551+0000] {processor.py:179} INFO - Processing /opt/airflow/dags/dag_ETL_gold.py took 0.163 seconds
[2025-02-10T10:06:51.155+0000] {processor.py:157} INFO - Started process (PID=1637) to work on /opt/airflow/dags/dag_ETL_gold.py
[2025-02-10T10:06:51.161+0000] {processor.py:826} INFO - Processing file /opt/airflow/dags/dag_ETL_gold.py for tasks to queue
[2025-02-10T10:06:51.164+0000] {logging_mixin.py:150} INFO - [2025-02-10T10:06:51.163+0000] {dagbag.py:541} INFO - Filling up the DagBag from /opt/airflow/dags/dag_ETL_gold.py
[2025-02-10T10:06:51.196+0000] {processor.py:836} INFO - DAG(s) dict_keys(['DAG_ETL_gold']) retrieved from /opt/airflow/dags/dag_ETL_gold.py
[2025-02-10T10:06:51.280+0000] {logging_mixin.py:150} INFO - [2025-02-10T10:06:51.279+0000] {dag.py:2742} INFO - Sync 1 DAGs
[2025-02-10T10:06:51.328+0000] {logging_mixin.py:150} INFO - [2025-02-10T10:06:51.328+0000] {dag.py:3504} INFO - Setting next_dagrun for DAG_ETL_gold to None, run_after=None
[2025-02-10T10:06:51.376+0000] {processor.py:179} INFO - Processing /opt/airflow/dags/dag_ETL_gold.py took 0.230 seconds
[2025-02-10T10:07:21.863+0000] {processor.py:157} INFO - Started process (PID=1642) to work on /opt/airflow/dags/dag_ETL_gold.py
[2025-02-10T10:07:21.866+0000] {processor.py:826} INFO - Processing file /opt/airflow/dags/dag_ETL_gold.py for tasks to queue
[2025-02-10T10:07:21.867+0000] {logging_mixin.py:150} INFO - [2025-02-10T10:07:21.867+0000] {dagbag.py:541} INFO - Filling up the DagBag from /opt/airflow/dags/dag_ETL_gold.py
[2025-02-10T10:07:21.892+0000] {processor.py:836} INFO - DAG(s) dict_keys(['DAG_ETL_gold']) retrieved from /opt/airflow/dags/dag_ETL_gold.py
[2025-02-10T10:07:22.053+0000] {logging_mixin.py:150} INFO - [2025-02-10T10:07:22.052+0000] {dag.py:2742} INFO - Sync 1 DAGs
[2025-02-10T10:07:22.213+0000] {logging_mixin.py:150} INFO - [2025-02-10T10:07:22.212+0000] {dag.py:3504} INFO - Setting next_dagrun for DAG_ETL_gold to None, run_after=None
[2025-02-10T10:07:22.249+0000] {processor.py:179} INFO - Processing /opt/airflow/dags/dag_ETL_gold.py took 0.392 seconds
