[2025-02-10T09:58:36.047+0000] {processor.py:157} INFO - Started process (PID=598) to work on /opt/airflow/dags/dag_ETL_final_prueba.py
[2025-02-10T09:58:36.048+0000] {processor.py:826} INFO - Processing file /opt/airflow/dags/dag_ETL_final_prueba.py for tasks to queue
[2025-02-10T09:58:36.049+0000] {logging_mixin.py:150} INFO - [2025-02-10T09:58:36.049+0000] {dagbag.py:541} INFO - Filling up the DagBag from /opt/airflow/dags/dag_ETL_final_prueba.py
[2025-02-10T09:58:36.079+0000] {processor.py:836} INFO - DAG(s) dict_keys(['DAG_ETL_daily_jobs_v2']) retrieved from /opt/airflow/dags/dag_ETL_final_prueba.py
[2025-02-10T09:58:36.249+0000] {logging_mixin.py:150} INFO - [2025-02-10T09:58:36.249+0000] {manager.py:504} INFO - Created Permission View: can read on DAG:DAG_ETL_daily_jobs_v2
[2025-02-10T09:58:36.268+0000] {logging_mixin.py:150} INFO - [2025-02-10T09:58:36.267+0000] {manager.py:504} INFO - Created Permission View: can edit on DAG:DAG_ETL_daily_jobs_v2
[2025-02-10T09:58:36.279+0000] {logging_mixin.py:150} INFO - [2025-02-10T09:58:36.279+0000] {manager.py:504} INFO - Created Permission View: can delete on DAG:DAG_ETL_daily_jobs_v2
[2025-02-10T09:58:36.297+0000] {logging_mixin.py:150} INFO - [2025-02-10T09:58:36.296+0000] {dag.py:2742} INFO - Sync 1 DAGs
[2025-02-10T09:58:36.312+0000] {logging_mixin.py:150} INFO - [2025-02-10T09:58:36.311+0000] {dag.py:2763} INFO - Creating ORM DAG for DAG_ETL_daily_jobs_v2
[2025-02-10T09:58:36.332+0000] {logging_mixin.py:150} INFO - [2025-02-10T09:58:36.331+0000] {dag.py:3504} INFO - Setting next_dagrun for DAG_ETL_daily_jobs_v2 to 2025-02-09T09:00:00+00:00, run_after=2025-02-10T09:00:00+00:00
[2025-02-10T09:58:36.362+0000] {processor.py:179} INFO - Processing /opt/airflow/dags/dag_ETL_final_prueba.py took 0.319 seconds
[2025-02-10T09:59:06.593+0000] {processor.py:157} INFO - Started process (PID=609) to work on /opt/airflow/dags/dag_ETL_final_prueba.py
[2025-02-10T09:59:06.594+0000] {processor.py:826} INFO - Processing file /opt/airflow/dags/dag_ETL_final_prueba.py for tasks to queue
[2025-02-10T09:59:06.595+0000] {logging_mixin.py:150} INFO - [2025-02-10T09:59:06.595+0000] {dagbag.py:541} INFO - Filling up the DagBag from /opt/airflow/dags/dag_ETL_final_prueba.py
[2025-02-10T09:59:06.624+0000] {processor.py:836} INFO - DAG(s) dict_keys(['DAG_ETL_daily_jobs_v2']) retrieved from /opt/airflow/dags/dag_ETL_final_prueba.py
[2025-02-10T09:59:06.680+0000] {logging_mixin.py:150} INFO - [2025-02-10T09:59:06.679+0000] {dag.py:2742} INFO - Sync 1 DAGs
[2025-02-10T09:59:06.723+0000] {logging_mixin.py:150} INFO - [2025-02-10T09:59:06.722+0000] {dag.py:3504} INFO - Setting next_dagrun for DAG_ETL_daily_jobs_v2 to 2025-02-09T09:00:00+00:00, run_after=2025-02-10T09:00:00+00:00
[2025-02-10T09:59:06.756+0000] {processor.py:179} INFO - Processing /opt/airflow/dags/dag_ETL_final_prueba.py took 0.169 seconds
[2025-02-10T09:59:36.900+0000] {processor.py:157} INFO - Started process (PID=620) to work on /opt/airflow/dags/dag_ETL_final_prueba.py
[2025-02-10T09:59:36.902+0000] {processor.py:826} INFO - Processing file /opt/airflow/dags/dag_ETL_final_prueba.py for tasks to queue
[2025-02-10T09:59:36.904+0000] {logging_mixin.py:150} INFO - [2025-02-10T09:59:36.904+0000] {dagbag.py:541} INFO - Filling up the DagBag from /opt/airflow/dags/dag_ETL_final_prueba.py
[2025-02-10T09:59:36.960+0000] {processor.py:836} INFO - DAG(s) dict_keys(['DAG_ETL_daily_jobs_v2']) retrieved from /opt/airflow/dags/dag_ETL_final_prueba.py
[2025-02-10T09:59:37.071+0000] {logging_mixin.py:150} INFO - [2025-02-10T09:59:37.070+0000] {dag.py:2742} INFO - Sync 1 DAGs
[2025-02-10T09:59:37.226+0000] {logging_mixin.py:150} INFO - [2025-02-10T09:59:37.225+0000] {dag.py:3504} INFO - Setting next_dagrun for DAG_ETL_daily_jobs_v2 to 2025-02-09T09:00:00+00:00, run_after=2025-02-10T09:00:00+00:00
[2025-02-10T09:59:37.285+0000] {processor.py:179} INFO - Processing /opt/airflow/dags/dag_ETL_final_prueba.py took 0.393 seconds
[2025-02-10T10:00:07.447+0000] {processor.py:157} INFO - Started process (PID=679) to work on /opt/airflow/dags/dag_ETL_final_prueba.py
[2025-02-10T10:00:07.449+0000] {processor.py:826} INFO - Processing file /opt/airflow/dags/dag_ETL_final_prueba.py for tasks to queue
[2025-02-10T10:00:07.451+0000] {logging_mixin.py:150} INFO - [2025-02-10T10:00:07.450+0000] {dagbag.py:541} INFO - Filling up the DagBag from /opt/airflow/dags/dag_ETL_final_prueba.py
[2025-02-10T10:00:07.499+0000] {processor.py:836} INFO - DAG(s) dict_keys(['DAG_ETL_daily_jobs_v2']) retrieved from /opt/airflow/dags/dag_ETL_final_prueba.py
[2025-02-10T10:00:07.551+0000] {logging_mixin.py:150} INFO - [2025-02-10T10:00:07.551+0000] {dag.py:2742} INFO - Sync 1 DAGs
[2025-02-10T10:00:07.597+0000] {logging_mixin.py:150} INFO - [2025-02-10T10:00:07.597+0000] {dag.py:3504} INFO - Setting next_dagrun for DAG_ETL_daily_jobs_v2 to 2025-02-10T09:00:00+00:00, run_after=2025-02-11T09:00:00+00:00
[2025-02-10T10:00:07.640+0000] {processor.py:179} INFO - Processing /opt/airflow/dags/dag_ETL_final_prueba.py took 0.199 seconds
[2025-02-10T10:00:37.814+0000] {processor.py:157} INFO - Started process (PID=690) to work on /opt/airflow/dags/dag_ETL_final_prueba.py
[2025-02-10T10:00:37.818+0000] {processor.py:826} INFO - Processing file /opt/airflow/dags/dag_ETL_final_prueba.py for tasks to queue
[2025-02-10T10:00:37.822+0000] {logging_mixin.py:150} INFO - [2025-02-10T10:00:37.819+0000] {dagbag.py:541} INFO - Filling up the DagBag from /opt/airflow/dags/dag_ETL_final_prueba.py
[2025-02-10T10:00:37.849+0000] {processor.py:836} INFO - DAG(s) dict_keys(['DAG_ETL_daily_jobs_v2']) retrieved from /opt/airflow/dags/dag_ETL_final_prueba.py
[2025-02-10T10:00:37.896+0000] {logging_mixin.py:150} INFO - [2025-02-10T10:00:37.896+0000] {dag.py:2742} INFO - Sync 1 DAGs
[2025-02-10T10:00:37.940+0000] {logging_mixin.py:150} INFO - [2025-02-10T10:00:37.940+0000] {dag.py:3504} INFO - Setting next_dagrun for DAG_ETL_daily_jobs_v2 to 2025-02-10T09:00:00+00:00, run_after=2025-02-11T09:00:00+00:00
[2025-02-10T10:00:37.968+0000] {processor.py:179} INFO - Processing /opt/airflow/dags/dag_ETL_final_prueba.py took 0.162 seconds
[2025-02-10T10:01:08.212+0000] {processor.py:157} INFO - Started process (PID=701) to work on /opt/airflow/dags/dag_ETL_final_prueba.py
[2025-02-10T10:01:08.214+0000] {processor.py:826} INFO - Processing file /opt/airflow/dags/dag_ETL_final_prueba.py for tasks to queue
[2025-02-10T10:01:08.216+0000] {logging_mixin.py:150} INFO - [2025-02-10T10:01:08.216+0000] {dagbag.py:541} INFO - Filling up the DagBag from /opt/airflow/dags/dag_ETL_final_prueba.py
[2025-02-10T10:01:08.235+0000] {processor.py:836} INFO - DAG(s) dict_keys(['DAG_ETL_daily_jobs_v2']) retrieved from /opt/airflow/dags/dag_ETL_final_prueba.py
[2025-02-10T10:01:08.291+0000] {logging_mixin.py:150} INFO - [2025-02-10T10:01:08.290+0000] {dag.py:2742} INFO - Sync 1 DAGs
[2025-02-10T10:01:08.349+0000] {logging_mixin.py:150} INFO - [2025-02-10T10:01:08.348+0000] {dag.py:3504} INFO - Setting next_dagrun for DAG_ETL_daily_jobs_v2 to 2025-02-10T09:00:00+00:00, run_after=2025-02-11T09:00:00+00:00
[2025-02-10T10:01:08.381+0000] {processor.py:179} INFO - Processing /opt/airflow/dags/dag_ETL_final_prueba.py took 0.178 seconds
[2025-02-10T10:01:28.685+0000] {processor.py:157} INFO - Started process (PID=703) to work on /opt/airflow/dags/dag_ETL_final_prueba.py
[2025-02-10T10:01:28.687+0000] {processor.py:826} INFO - Processing file /opt/airflow/dags/dag_ETL_final_prueba.py for tasks to queue
[2025-02-10T10:01:28.688+0000] {logging_mixin.py:150} INFO - [2025-02-10T10:01:28.688+0000] {dagbag.py:541} INFO - Filling up the DagBag from /opt/airflow/dags/dag_ETL_final_prueba.py
[2025-02-10T10:01:28.716+0000] {processor.py:836} INFO - DAG(s) dict_keys(['DAG_ETL_daily_jobs_v2']) retrieved from /opt/airflow/dags/dag_ETL_final_prueba.py
[2025-02-10T10:01:29.057+0000] {logging_mixin.py:150} INFO - [2025-02-10T10:01:29.056+0000] {dag.py:2742} INFO - Sync 1 DAGs
[2025-02-10T10:01:29.098+0000] {logging_mixin.py:150} INFO - [2025-02-10T10:01:29.097+0000] {dag.py:3504} INFO - Setting next_dagrun for DAG_ETL_daily_jobs_v2 to 2025-02-10T09:00:00+00:00, run_after=2025-02-11T09:00:00+00:00
[2025-02-10T10:01:29.146+0000] {processor.py:179} INFO - Processing /opt/airflow/dags/dag_ETL_final_prueba.py took 0.467 seconds
[2025-02-10T10:01:59.911+0000] {processor.py:157} INFO - Started process (PID=809) to work on /opt/airflow/dags/dag_ETL_final_prueba.py
[2025-02-10T10:01:59.940+0000] {processor.py:826} INFO - Processing file /opt/airflow/dags/dag_ETL_final_prueba.py for tasks to queue
[2025-02-10T10:01:59.952+0000] {logging_mixin.py:150} INFO - [2025-02-10T10:01:59.946+0000] {dagbag.py:541} INFO - Filling up the DagBag from /opt/airflow/dags/dag_ETL_final_prueba.py
[2025-02-10T10:02:00.649+0000] {processor.py:836} INFO - DAG(s) dict_keys(['DAG_ETL_daily_jobs_v2']) retrieved from /opt/airflow/dags/dag_ETL_final_prueba.py
[2025-02-10T10:02:01.437+0000] {logging_mixin.py:150} INFO - [2025-02-10T10:02:01.435+0000] {dag.py:2742} INFO - Sync 1 DAGs
[2025-02-10T10:02:01.803+0000] {logging_mixin.py:150} INFO - [2025-02-10T10:02:01.802+0000] {dag.py:3504} INFO - Setting next_dagrun for DAG_ETL_daily_jobs_v2 to 2025-02-10T09:00:00+00:00, run_after=2025-02-11T09:00:00+00:00
[2025-02-10T10:02:01.921+0000] {processor.py:179} INFO - Processing /opt/airflow/dags/dag_ETL_final_prueba.py took 2.102 seconds
[2025-02-10T10:02:34.573+0000] {processor.py:157} INFO - Started process (PID=827) to work on /opt/airflow/dags/dag_ETL_final_prueba.py
[2025-02-10T10:02:34.601+0000] {processor.py:826} INFO - Processing file /opt/airflow/dags/dag_ETL_final_prueba.py for tasks to queue
[2025-02-10T10:02:34.647+0000] {logging_mixin.py:150} INFO - [2025-02-10T10:02:34.619+0000] {dagbag.py:541} INFO - Filling up the DagBag from /opt/airflow/dags/dag_ETL_final_prueba.py
[2025-02-10T10:02:37.139+0000] {processor.py:836} INFO - DAG(s) dict_keys(['DAG_ETL_daily_jobs_v2']) retrieved from /opt/airflow/dags/dag_ETL_final_prueba.py
[2025-02-10T10:02:38.586+0000] {logging_mixin.py:150} INFO - [2025-02-10T10:02:38.583+0000] {dag.py:2742} INFO - Sync 1 DAGs
[2025-02-10T10:02:39.341+0000] {logging_mixin.py:150} INFO - [2025-02-10T10:02:39.323+0000] {dag.py:3504} INFO - Setting next_dagrun for DAG_ETL_daily_jobs_v2 to 2025-02-10T09:00:00+00:00, run_after=2025-02-11T09:00:00+00:00
[2025-02-10T10:02:39.704+0000] {processor.py:179} INFO - Processing /opt/airflow/dags/dag_ETL_final_prueba.py took 5.379 seconds
[2025-02-10T10:03:09.985+0000] {processor.py:157} INFO - Started process (PID=919) to work on /opt/airflow/dags/dag_ETL_final_prueba.py
[2025-02-10T10:03:09.992+0000] {processor.py:826} INFO - Processing file /opt/airflow/dags/dag_ETL_final_prueba.py for tasks to queue
[2025-02-10T10:03:09.996+0000] {logging_mixin.py:150} INFO - [2025-02-10T10:03:09.995+0000] {dagbag.py:541} INFO - Filling up the DagBag from /opt/airflow/dags/dag_ETL_final_prueba.py
[2025-02-10T10:03:10.033+0000] {processor.py:836} INFO - DAG(s) dict_keys(['DAG_ETL_daily_jobs_v2']) retrieved from /opt/airflow/dags/dag_ETL_final_prueba.py
[2025-02-10T10:03:10.125+0000] {logging_mixin.py:150} INFO - [2025-02-10T10:03:10.125+0000] {dag.py:2742} INFO - Sync 1 DAGs
[2025-02-10T10:03:10.191+0000] {logging_mixin.py:150} INFO - [2025-02-10T10:03:10.186+0000] {dag.py:3504} INFO - Setting next_dagrun for DAG_ETL_daily_jobs_v2 to 2025-02-10T09:00:00+00:00, run_after=2025-02-11T09:00:00+00:00
[2025-02-10T10:03:10.239+0000] {processor.py:179} INFO - Processing /opt/airflow/dags/dag_ETL_final_prueba.py took 0.274 seconds
[2025-02-10T10:03:40.756+0000] {processor.py:157} INFO - Started process (PID=1056) to work on /opt/airflow/dags/dag_ETL_final_prueba.py
[2025-02-10T10:03:40.761+0000] {processor.py:826} INFO - Processing file /opt/airflow/dags/dag_ETL_final_prueba.py for tasks to queue
[2025-02-10T10:03:41.165+0000] {logging_mixin.py:150} INFO - [2025-02-10T10:03:40.780+0000] {dagbag.py:541} INFO - Filling up the DagBag from /opt/airflow/dags/dag_ETL_final_prueba.py
[2025-02-10T10:03:41.921+0000] {processor.py:836} INFO - DAG(s) dict_keys(['DAG_ETL_daily_jobs_v2']) retrieved from /opt/airflow/dags/dag_ETL_final_prueba.py
[2025-02-10T10:03:43.094+0000] {logging_mixin.py:150} INFO - [2025-02-10T10:03:43.090+0000] {dag.py:2742} INFO - Sync 1 DAGs
[2025-02-10T10:03:43.539+0000] {logging_mixin.py:150} INFO - [2025-02-10T10:03:43.535+0000] {dag.py:3504} INFO - Setting next_dagrun for DAG_ETL_daily_jobs_v2 to 2025-02-10T09:00:00+00:00, run_after=2025-02-11T09:00:00+00:00
[2025-02-10T10:03:43.892+0000] {processor.py:179} INFO - Processing /opt/airflow/dags/dag_ETL_final_prueba.py took 3.199 seconds
[2025-02-10T10:04:14.042+0000] {processor.py:157} INFO - Started process (PID=1266) to work on /opt/airflow/dags/dag_ETL_final_prueba.py
[2025-02-10T10:04:14.047+0000] {processor.py:826} INFO - Processing file /opt/airflow/dags/dag_ETL_final_prueba.py for tasks to queue
[2025-02-10T10:04:14.050+0000] {logging_mixin.py:150} INFO - [2025-02-10T10:04:14.049+0000] {dagbag.py:541} INFO - Filling up the DagBag from /opt/airflow/dags/dag_ETL_final_prueba.py
[2025-02-10T10:04:14.092+0000] {processor.py:836} INFO - DAG(s) dict_keys(['DAG_ETL_daily_jobs_v2']) retrieved from /opt/airflow/dags/dag_ETL_final_prueba.py
[2025-02-10T10:04:14.178+0000] {logging_mixin.py:150} INFO - [2025-02-10T10:04:14.178+0000] {dag.py:2742} INFO - Sync 1 DAGs
[2025-02-10T10:04:14.226+0000] {logging_mixin.py:150} INFO - [2025-02-10T10:04:14.226+0000] {dag.py:3504} INFO - Setting next_dagrun for DAG_ETL_daily_jobs_v2 to 2025-02-10T09:00:00+00:00, run_after=2025-02-11T09:00:00+00:00
[2025-02-10T10:04:14.264+0000] {processor.py:179} INFO - Processing /opt/airflow/dags/dag_ETL_final_prueba.py took 0.233 seconds
[2025-02-10T10:04:44.631+0000] {processor.py:157} INFO - Started process (PID=1354) to work on /opt/airflow/dags/dag_ETL_final_prueba.py
[2025-02-10T10:04:44.637+0000] {processor.py:826} INFO - Processing file /opt/airflow/dags/dag_ETL_final_prueba.py for tasks to queue
[2025-02-10T10:04:44.642+0000] {logging_mixin.py:150} INFO - [2025-02-10T10:04:44.641+0000] {dagbag.py:541} INFO - Filling up the DagBag from /opt/airflow/dags/dag_ETL_final_prueba.py
[2025-02-10T10:04:44.713+0000] {processor.py:836} INFO - DAG(s) dict_keys(['DAG_ETL_daily_jobs_v2']) retrieved from /opt/airflow/dags/dag_ETL_final_prueba.py
[2025-02-10T10:04:45.027+0000] {logging_mixin.py:150} INFO - [2025-02-10T10:04:45.027+0000] {dag.py:2742} INFO - Sync 1 DAGs
[2025-02-10T10:04:45.154+0000] {logging_mixin.py:150} INFO - [2025-02-10T10:04:45.153+0000] {dag.py:3504} INFO - Setting next_dagrun for DAG_ETL_daily_jobs_v2 to 2025-02-10T09:00:00+00:00, run_after=2025-02-11T09:00:00+00:00
[2025-02-10T10:04:45.214+0000] {processor.py:179} INFO - Processing /opt/airflow/dags/dag_ETL_final_prueba.py took 0.611 seconds
[2025-02-10T10:05:15.451+0000] {processor.py:157} INFO - Started process (PID=1604) to work on /opt/airflow/dags/dag_ETL_final_prueba.py
[2025-02-10T10:05:15.453+0000] {processor.py:826} INFO - Processing file /opt/airflow/dags/dag_ETL_final_prueba.py for tasks to queue
[2025-02-10T10:05:15.459+0000] {logging_mixin.py:150} INFO - [2025-02-10T10:05:15.457+0000] {dagbag.py:541} INFO - Filling up the DagBag from /opt/airflow/dags/dag_ETL_final_prueba.py
[2025-02-10T10:05:15.531+0000] {processor.py:836} INFO - DAG(s) dict_keys(['DAG_ETL_daily_jobs_v2']) retrieved from /opt/airflow/dags/dag_ETL_final_prueba.py
[2025-02-10T10:05:15.632+0000] {logging_mixin.py:150} INFO - [2025-02-10T10:05:15.632+0000] {dag.py:2742} INFO - Sync 1 DAGs
[2025-02-10T10:05:15.713+0000] {logging_mixin.py:150} INFO - [2025-02-10T10:05:15.713+0000] {dag.py:3504} INFO - Setting next_dagrun for DAG_ETL_daily_jobs_v2 to 2025-02-10T09:00:00+00:00, run_after=2025-02-11T09:00:00+00:00
[2025-02-10T10:05:15.770+0000] {processor.py:179} INFO - Processing /opt/airflow/dags/dag_ETL_final_prueba.py took 0.328 seconds
[2025-02-10T10:05:46.871+0000] {processor.py:157} INFO - Started process (PID=1615) to work on /opt/airflow/dags/dag_ETL_final_prueba.py
[2025-02-10T10:05:46.929+0000] {processor.py:826} INFO - Processing file /opt/airflow/dags/dag_ETL_final_prueba.py for tasks to queue
[2025-02-10T10:05:46.945+0000] {logging_mixin.py:150} INFO - [2025-02-10T10:05:46.939+0000] {dagbag.py:541} INFO - Filling up the DagBag from /opt/airflow/dags/dag_ETL_final_prueba.py
[2025-02-10T10:05:47.460+0000] {processor.py:836} INFO - DAG(s) dict_keys(['DAG_ETL_daily_jobs_v2']) retrieved from /opt/airflow/dags/dag_ETL_final_prueba.py
[2025-02-10T10:05:47.814+0000] {logging_mixin.py:150} INFO - [2025-02-10T10:05:47.813+0000] {dag.py:2742} INFO - Sync 1 DAGs
[2025-02-10T10:05:48.010+0000] {logging_mixin.py:150} INFO - [2025-02-10T10:05:48.009+0000] {dag.py:3504} INFO - Setting next_dagrun for DAG_ETL_daily_jobs_v2 to 2025-02-10T09:00:00+00:00, run_after=2025-02-11T09:00:00+00:00
[2025-02-10T10:05:48.199+0000] {processor.py:179} INFO - Processing /opt/airflow/dags/dag_ETL_final_prueba.py took 1.430 seconds
[2025-02-10T10:06:18.913+0000] {processor.py:157} INFO - Started process (PID=1626) to work on /opt/airflow/dags/dag_ETL_final_prueba.py
[2025-02-10T10:06:18.918+0000] {processor.py:826} INFO - Processing file /opt/airflow/dags/dag_ETL_final_prueba.py for tasks to queue
[2025-02-10T10:06:18.919+0000] {logging_mixin.py:150} INFO - [2025-02-10T10:06:18.919+0000] {dagbag.py:541} INFO - Filling up the DagBag from /opt/airflow/dags/dag_ETL_final_prueba.py
[2025-02-10T10:06:18.949+0000] {processor.py:836} INFO - DAG(s) dict_keys(['DAG_ETL_daily_jobs_v2']) retrieved from /opt/airflow/dags/dag_ETL_final_prueba.py
[2025-02-10T10:06:19.059+0000] {logging_mixin.py:150} INFO - [2025-02-10T10:06:19.059+0000] {dag.py:2742} INFO - Sync 1 DAGs
[2025-02-10T10:06:19.100+0000] {logging_mixin.py:150} INFO - [2025-02-10T10:06:19.100+0000] {dag.py:3504} INFO - Setting next_dagrun for DAG_ETL_daily_jobs_v2 to 2025-02-10T09:00:00+00:00, run_after=2025-02-11T09:00:00+00:00
[2025-02-10T10:06:19.133+0000] {processor.py:179} INFO - Processing /opt/airflow/dags/dag_ETL_final_prueba.py took 0.272 seconds
[2025-02-10T10:06:49.842+0000] {processor.py:157} INFO - Started process (PID=1635) to work on /opt/airflow/dags/dag_ETL_final_prueba.py
[2025-02-10T10:06:49.844+0000] {processor.py:826} INFO - Processing file /opt/airflow/dags/dag_ETL_final_prueba.py for tasks to queue
[2025-02-10T10:06:49.846+0000] {logging_mixin.py:150} INFO - [2025-02-10T10:06:49.846+0000] {dagbag.py:541} INFO - Filling up the DagBag from /opt/airflow/dags/dag_ETL_final_prueba.py
[2025-02-10T10:06:49.900+0000] {processor.py:836} INFO - DAG(s) dict_keys(['DAG_ETL_daily_jobs_v2']) retrieved from /opt/airflow/dags/dag_ETL_final_prueba.py
[2025-02-10T10:06:50.033+0000] {logging_mixin.py:150} INFO - [2025-02-10T10:06:50.033+0000] {dag.py:2742} INFO - Sync 1 DAGs
[2025-02-10T10:06:50.096+0000] {logging_mixin.py:150} INFO - [2025-02-10T10:06:50.096+0000] {dag.py:3504} INFO - Setting next_dagrun for DAG_ETL_daily_jobs_v2 to 2025-02-10T09:00:00+00:00, run_after=2025-02-11T09:00:00+00:00
[2025-02-10T10:06:50.130+0000] {processor.py:179} INFO - Processing /opt/airflow/dags/dag_ETL_final_prueba.py took 0.296 seconds
[2025-02-10T10:07:20.700+0000] {processor.py:157} INFO - Started process (PID=1640) to work on /opt/airflow/dags/dag_ETL_final_prueba.py
[2025-02-10T10:07:20.703+0000] {processor.py:826} INFO - Processing file /opt/airflow/dags/dag_ETL_final_prueba.py for tasks to queue
[2025-02-10T10:07:20.705+0000] {logging_mixin.py:150} INFO - [2025-02-10T10:07:20.705+0000] {dagbag.py:541} INFO - Filling up the DagBag from /opt/airflow/dags/dag_ETL_final_prueba.py
[2025-02-10T10:07:20.739+0000] {processor.py:836} INFO - DAG(s) dict_keys(['DAG_ETL_daily_jobs_v2']) retrieved from /opt/airflow/dags/dag_ETL_final_prueba.py
[2025-02-10T10:07:20.797+0000] {logging_mixin.py:150} INFO - [2025-02-10T10:07:20.797+0000] {dag.py:2742} INFO - Sync 1 DAGs
[2025-02-10T10:07:20.844+0000] {logging_mixin.py:150} INFO - [2025-02-10T10:07:20.843+0000] {dag.py:3504} INFO - Setting next_dagrun for DAG_ETL_daily_jobs_v2 to 2025-02-10T09:00:00+00:00, run_after=2025-02-11T09:00:00+00:00
[2025-02-10T10:07:20.866+0000] {processor.py:179} INFO - Processing /opt/airflow/dags/dag_ETL_final_prueba.py took 0.175 seconds
[2025-02-10T10:07:51.045+0000] {processor.py:157} INFO - Started process (PID=1645) to work on /opt/airflow/dags/dag_ETL_final_prueba.py
[2025-02-10T10:07:51.065+0000] {processor.py:826} INFO - Processing file /opt/airflow/dags/dag_ETL_final_prueba.py for tasks to queue
[2025-02-10T10:07:51.066+0000] {logging_mixin.py:150} INFO - [2025-02-10T10:07:51.066+0000] {dagbag.py:541} INFO - Filling up the DagBag from /opt/airflow/dags/dag_ETL_final_prueba.py
[2025-02-10T10:07:51.095+0000] {processor.py:836} INFO - DAG(s) dict_keys(['DAG_ETL_daily_jobs_v2']) retrieved from /opt/airflow/dags/dag_ETL_final_prueba.py
[2025-02-10T10:07:51.154+0000] {logging_mixin.py:150} INFO - [2025-02-10T10:07:51.154+0000] {dag.py:2742} INFO - Sync 1 DAGs
[2025-02-10T10:07:51.198+0000] {logging_mixin.py:150} INFO - [2025-02-10T10:07:51.198+0000] {dag.py:3504} INFO - Setting next_dagrun for DAG_ETL_daily_jobs_v2 to 2025-02-10T09:00:00+00:00, run_after=2025-02-11T09:00:00+00:00
[2025-02-10T10:07:51.224+0000] {processor.py:179} INFO - Processing /opt/airflow/dags/dag_ETL_final_prueba.py took 0.234 seconds
[2025-02-10T10:08:21.577+0000] {processor.py:157} INFO - Started process (PID=1647) to work on /opt/airflow/dags/dag_ETL_final_prueba.py
[2025-02-10T10:08:21.628+0000] {processor.py:826} INFO - Processing file /opt/airflow/dags/dag_ETL_final_prueba.py for tasks to queue
[2025-02-10T10:08:21.634+0000] {logging_mixin.py:150} INFO - [2025-02-10T10:08:21.632+0000] {dagbag.py:541} INFO - Filling up the DagBag from /opt/airflow/dags/dag_ETL_final_prueba.py
[2025-02-10T10:08:21.692+0000] {processor.py:836} INFO - DAG(s) dict_keys(['DAG_ETL_daily_jobs_v2']) retrieved from /opt/airflow/dags/dag_ETL_final_prueba.py
[2025-02-10T10:08:21.799+0000] {logging_mixin.py:150} INFO - [2025-02-10T10:08:21.799+0000] {dag.py:2742} INFO - Sync 1 DAGs
[2025-02-10T10:08:21.901+0000] {logging_mixin.py:150} INFO - [2025-02-10T10:08:21.900+0000] {dag.py:3504} INFO - Setting next_dagrun for DAG_ETL_daily_jobs_v2 to 2025-02-10T09:00:00+00:00, run_after=2025-02-11T09:00:00+00:00
[2025-02-10T10:08:21.929+0000] {processor.py:179} INFO - Processing /opt/airflow/dags/dag_ETL_final_prueba.py took 0.366 seconds
[2025-02-10T10:08:52.377+0000] {processor.py:157} INFO - Started process (PID=1649) to work on /opt/airflow/dags/dag_ETL_final_prueba.py
[2025-02-10T10:08:52.385+0000] {processor.py:826} INFO - Processing file /opt/airflow/dags/dag_ETL_final_prueba.py for tasks to queue
[2025-02-10T10:08:52.389+0000] {logging_mixin.py:150} INFO - [2025-02-10T10:08:52.389+0000] {dagbag.py:541} INFO - Filling up the DagBag from /opt/airflow/dags/dag_ETL_final_prueba.py
[2025-02-10T10:08:52.512+0000] {processor.py:836} INFO - DAG(s) dict_keys(['DAG_ETL_daily_jobs_v2']) retrieved from /opt/airflow/dags/dag_ETL_final_prueba.py
[2025-02-10T10:08:52.562+0000] {logging_mixin.py:150} INFO - [2025-02-10T10:08:52.562+0000] {dag.py:2742} INFO - Sync 1 DAGs
[2025-02-10T10:08:52.600+0000] {logging_mixin.py:150} INFO - [2025-02-10T10:08:52.600+0000] {dag.py:3504} INFO - Setting next_dagrun for DAG_ETL_daily_jobs_v2 to 2025-02-10T09:00:00+00:00, run_after=2025-02-11T09:00:00+00:00
[2025-02-10T10:08:52.620+0000] {processor.py:179} INFO - Processing /opt/airflow/dags/dag_ETL_final_prueba.py took 0.256 seconds
[2025-02-10T10:09:22.971+0000] {processor.py:157} INFO - Started process (PID=1651) to work on /opt/airflow/dags/dag_ETL_final_prueba.py
[2025-02-10T10:09:22.974+0000] {processor.py:826} INFO - Processing file /opt/airflow/dags/dag_ETL_final_prueba.py for tasks to queue
[2025-02-10T10:09:22.977+0000] {logging_mixin.py:150} INFO - [2025-02-10T10:09:22.976+0000] {dagbag.py:541} INFO - Filling up the DagBag from /opt/airflow/dags/dag_ETL_final_prueba.py
[2025-02-10T10:09:23.042+0000] {processor.py:836} INFO - DAG(s) dict_keys(['DAG_ETL_daily_jobs_v2']) retrieved from /opt/airflow/dags/dag_ETL_final_prueba.py
[2025-02-10T10:09:23.120+0000] {logging_mixin.py:150} INFO - [2025-02-10T10:09:23.120+0000] {dag.py:2742} INFO - Sync 1 DAGs
[2025-02-10T10:09:23.177+0000] {logging_mixin.py:150} INFO - [2025-02-10T10:09:23.176+0000] {dag.py:3504} INFO - Setting next_dagrun for DAG_ETL_daily_jobs_v2 to 2025-02-10T09:00:00+00:00, run_after=2025-02-11T09:00:00+00:00
[2025-02-10T10:09:23.274+0000] {processor.py:179} INFO - Processing /opt/airflow/dags/dag_ETL_final_prueba.py took 0.314 seconds
[2025-02-10T10:09:53.500+0000] {processor.py:157} INFO - Started process (PID=1653) to work on /opt/airflow/dags/dag_ETL_final_prueba.py
[2025-02-10T10:09:53.503+0000] {processor.py:826} INFO - Processing file /opt/airflow/dags/dag_ETL_final_prueba.py for tasks to queue
[2025-02-10T10:09:53.504+0000] {logging_mixin.py:150} INFO - [2025-02-10T10:09:53.504+0000] {dagbag.py:541} INFO - Filling up the DagBag from /opt/airflow/dags/dag_ETL_final_prueba.py
[2025-02-10T10:09:53.526+0000] {processor.py:836} INFO - DAG(s) dict_keys(['DAG_ETL_daily_jobs_v2']) retrieved from /opt/airflow/dags/dag_ETL_final_prueba.py
[2025-02-10T10:09:53.574+0000] {logging_mixin.py:150} INFO - [2025-02-10T10:09:53.574+0000] {dag.py:2742} INFO - Sync 1 DAGs
[2025-02-10T10:09:53.625+0000] {logging_mixin.py:150} INFO - [2025-02-10T10:09:53.624+0000] {dag.py:3504} INFO - Setting next_dagrun for DAG_ETL_daily_jobs_v2 to 2025-02-10T09:00:00+00:00, run_after=2025-02-11T09:00:00+00:00
[2025-02-10T10:09:53.655+0000] {processor.py:179} INFO - Processing /opt/airflow/dags/dag_ETL_final_prueba.py took 0.175 seconds
[2025-02-10T10:10:23.785+0000] {processor.py:157} INFO - Started process (PID=1655) to work on /opt/airflow/dags/dag_ETL_final_prueba.py
[2025-02-10T10:10:23.788+0000] {processor.py:826} INFO - Processing file /opt/airflow/dags/dag_ETL_final_prueba.py for tasks to queue
[2025-02-10T10:10:23.790+0000] {logging_mixin.py:150} INFO - [2025-02-10T10:10:23.790+0000] {dagbag.py:541} INFO - Filling up the DagBag from /opt/airflow/dags/dag_ETL_final_prueba.py
[2025-02-10T10:10:23.818+0000] {processor.py:836} INFO - DAG(s) dict_keys(['DAG_ETL_daily_jobs_v2']) retrieved from /opt/airflow/dags/dag_ETL_final_prueba.py
[2025-02-10T10:10:23.874+0000] {logging_mixin.py:150} INFO - [2025-02-10T10:10:23.874+0000] {dag.py:2742} INFO - Sync 1 DAGs
[2025-02-10T10:10:23.922+0000] {logging_mixin.py:150} INFO - [2025-02-10T10:10:23.922+0000] {dag.py:3504} INFO - Setting next_dagrun for DAG_ETL_daily_jobs_v2 to 2025-02-10T09:00:00+00:00, run_after=2025-02-11T09:00:00+00:00
[2025-02-10T10:10:23.955+0000] {processor.py:179} INFO - Processing /opt/airflow/dags/dag_ETL_final_prueba.py took 0.178 seconds
[2025-02-10T10:10:54.294+0000] {processor.py:157} INFO - Started process (PID=1657) to work on /opt/airflow/dags/dag_ETL_final_prueba.py
[2025-02-10T10:10:54.297+0000] {processor.py:826} INFO - Processing file /opt/airflow/dags/dag_ETL_final_prueba.py for tasks to queue
[2025-02-10T10:10:54.299+0000] {logging_mixin.py:150} INFO - [2025-02-10T10:10:54.299+0000] {dagbag.py:541} INFO - Filling up the DagBag from /opt/airflow/dags/dag_ETL_final_prueba.py
[2025-02-10T10:10:54.333+0000] {processor.py:836} INFO - DAG(s) dict_keys(['DAG_ETL_daily_jobs_v2']) retrieved from /opt/airflow/dags/dag_ETL_final_prueba.py
[2025-02-10T10:10:54.395+0000] {logging_mixin.py:150} INFO - [2025-02-10T10:10:54.394+0000] {dag.py:2742} INFO - Sync 1 DAGs
[2025-02-10T10:10:54.445+0000] {logging_mixin.py:150} INFO - [2025-02-10T10:10:54.445+0000] {dag.py:3504} INFO - Setting next_dagrun for DAG_ETL_daily_jobs_v2 to 2025-02-10T09:00:00+00:00, run_after=2025-02-11T09:00:00+00:00
[2025-02-10T10:10:54.483+0000] {processor.py:179} INFO - Processing /opt/airflow/dags/dag_ETL_final_prueba.py took 0.200 seconds
[2025-02-10T10:11:24.779+0000] {processor.py:157} INFO - Started process (PID=1659) to work on /opt/airflow/dags/dag_ETL_final_prueba.py
[2025-02-10T10:11:24.785+0000] {processor.py:826} INFO - Processing file /opt/airflow/dags/dag_ETL_final_prueba.py for tasks to queue
[2025-02-10T10:11:24.787+0000] {logging_mixin.py:150} INFO - [2025-02-10T10:11:24.786+0000] {dagbag.py:541} INFO - Filling up the DagBag from /opt/airflow/dags/dag_ETL_final_prueba.py
[2025-02-10T10:11:24.807+0000] {processor.py:836} INFO - DAG(s) dict_keys(['DAG_ETL_daily_jobs_v2']) retrieved from /opt/airflow/dags/dag_ETL_final_prueba.py
[2025-02-10T10:11:24.854+0000] {logging_mixin.py:150} INFO - [2025-02-10T10:11:24.854+0000] {dag.py:2742} INFO - Sync 1 DAGs
[2025-02-10T10:11:24.896+0000] {logging_mixin.py:150} INFO - [2025-02-10T10:11:24.896+0000] {dag.py:3504} INFO - Setting next_dagrun for DAG_ETL_daily_jobs_v2 to 2025-02-10T09:00:00+00:00, run_after=2025-02-11T09:00:00+00:00
[2025-02-10T10:11:24.929+0000] {processor.py:179} INFO - Processing /opt/airflow/dags/dag_ETL_final_prueba.py took 0.164 seconds
[2025-02-10T10:11:55.135+0000] {processor.py:157} INFO - Started process (PID=1661) to work on /opt/airflow/dags/dag_ETL_final_prueba.py
[2025-02-10T10:11:55.145+0000] {processor.py:826} INFO - Processing file /opt/airflow/dags/dag_ETL_final_prueba.py for tasks to queue
[2025-02-10T10:11:55.148+0000] {logging_mixin.py:150} INFO - [2025-02-10T10:11:55.147+0000] {dagbag.py:541} INFO - Filling up the DagBag from /opt/airflow/dags/dag_ETL_final_prueba.py
[2025-02-10T10:11:55.177+0000] {processor.py:836} INFO - DAG(s) dict_keys(['DAG_ETL_daily_jobs_v2']) retrieved from /opt/airflow/dags/dag_ETL_final_prueba.py
[2025-02-10T10:11:55.238+0000] {logging_mixin.py:150} INFO - [2025-02-10T10:11:55.238+0000] {dag.py:2742} INFO - Sync 1 DAGs
[2025-02-10T10:11:55.278+0000] {logging_mixin.py:150} INFO - [2025-02-10T10:11:55.277+0000] {dag.py:3504} INFO - Setting next_dagrun for DAG_ETL_daily_jobs_v2 to 2025-02-10T09:00:00+00:00, run_after=2025-02-11T09:00:00+00:00
[2025-02-10T10:11:55.307+0000] {processor.py:179} INFO - Processing /opt/airflow/dags/dag_ETL_final_prueba.py took 0.179 seconds
[2025-02-10T10:12:25.459+0000] {processor.py:157} INFO - Started process (PID=1663) to work on /opt/airflow/dags/dag_ETL_final_prueba.py
[2025-02-10T10:12:25.462+0000] {processor.py:826} INFO - Processing file /opt/airflow/dags/dag_ETL_final_prueba.py for tasks to queue
[2025-02-10T10:12:25.465+0000] {logging_mixin.py:150} INFO - [2025-02-10T10:12:25.464+0000] {dagbag.py:541} INFO - Filling up the DagBag from /opt/airflow/dags/dag_ETL_final_prueba.py
[2025-02-10T10:12:25.494+0000] {processor.py:836} INFO - DAG(s) dict_keys(['DAG_ETL_daily_jobs_v2']) retrieved from /opt/airflow/dags/dag_ETL_final_prueba.py
[2025-02-10T10:12:25.556+0000] {logging_mixin.py:150} INFO - [2025-02-10T10:12:25.555+0000] {dag.py:2742} INFO - Sync 1 DAGs
[2025-02-10T10:12:25.617+0000] {logging_mixin.py:150} INFO - [2025-02-10T10:12:25.617+0000] {dag.py:3504} INFO - Setting next_dagrun for DAG_ETL_daily_jobs_v2 to 2025-02-10T09:00:00+00:00, run_after=2025-02-11T09:00:00+00:00
[2025-02-10T10:12:25.667+0000] {processor.py:179} INFO - Processing /opt/airflow/dags/dag_ETL_final_prueba.py took 0.217 seconds
[2025-02-10T10:12:56.013+0000] {processor.py:157} INFO - Started process (PID=1665) to work on /opt/airflow/dags/dag_ETL_final_prueba.py
[2025-02-10T10:12:56.015+0000] {processor.py:826} INFO - Processing file /opt/airflow/dags/dag_ETL_final_prueba.py for tasks to queue
[2025-02-10T10:12:56.017+0000] {logging_mixin.py:150} INFO - [2025-02-10T10:12:56.017+0000] {dagbag.py:541} INFO - Filling up the DagBag from /opt/airflow/dags/dag_ETL_final_prueba.py
[2025-02-10T10:12:56.038+0000] {processor.py:836} INFO - DAG(s) dict_keys(['DAG_ETL_daily_jobs_v2']) retrieved from /opt/airflow/dags/dag_ETL_final_prueba.py
[2025-02-10T10:12:56.082+0000] {logging_mixin.py:150} INFO - [2025-02-10T10:12:56.081+0000] {dag.py:2742} INFO - Sync 1 DAGs
[2025-02-10T10:12:56.120+0000] {logging_mixin.py:150} INFO - [2025-02-10T10:12:56.120+0000] {dag.py:3504} INFO - Setting next_dagrun for DAG_ETL_daily_jobs_v2 to 2025-02-10T09:00:00+00:00, run_after=2025-02-11T09:00:00+00:00
[2025-02-10T10:12:56.142+0000] {processor.py:179} INFO - Processing /opt/airflow/dags/dag_ETL_final_prueba.py took 0.136 seconds
[2025-02-10T10:13:26.473+0000] {processor.py:157} INFO - Started process (PID=1667) to work on /opt/airflow/dags/dag_ETL_final_prueba.py
[2025-02-10T10:13:26.479+0000] {processor.py:826} INFO - Processing file /opt/airflow/dags/dag_ETL_final_prueba.py for tasks to queue
[2025-02-10T10:13:26.480+0000] {logging_mixin.py:150} INFO - [2025-02-10T10:13:26.480+0000] {dagbag.py:541} INFO - Filling up the DagBag from /opt/airflow/dags/dag_ETL_final_prueba.py
[2025-02-10T10:13:26.510+0000] {processor.py:836} INFO - DAG(s) dict_keys(['DAG_ETL_daily_jobs_v2']) retrieved from /opt/airflow/dags/dag_ETL_final_prueba.py
[2025-02-10T10:13:26.553+0000] {logging_mixin.py:150} INFO - [2025-02-10T10:13:26.552+0000] {dag.py:2742} INFO - Sync 1 DAGs
[2025-02-10T10:13:26.590+0000] {logging_mixin.py:150} INFO - [2025-02-10T10:13:26.589+0000] {dag.py:3504} INFO - Setting next_dagrun for DAG_ETL_daily_jobs_v2 to 2025-02-10T09:00:00+00:00, run_after=2025-02-11T09:00:00+00:00
[2025-02-10T10:13:26.621+0000] {processor.py:179} INFO - Processing /opt/airflow/dags/dag_ETL_final_prueba.py took 0.154 seconds
[2025-02-10T10:13:56.980+0000] {processor.py:157} INFO - Started process (PID=1669) to work on /opt/airflow/dags/dag_ETL_final_prueba.py
[2025-02-10T10:13:56.984+0000] {processor.py:826} INFO - Processing file /opt/airflow/dags/dag_ETL_final_prueba.py for tasks to queue
[2025-02-10T10:13:56.986+0000] {logging_mixin.py:150} INFO - [2025-02-10T10:13:56.985+0000] {dagbag.py:541} INFO - Filling up the DagBag from /opt/airflow/dags/dag_ETL_final_prueba.py
[2025-02-10T10:13:57.009+0000] {processor.py:836} INFO - DAG(s) dict_keys(['DAG_ETL_daily_jobs_v2']) retrieved from /opt/airflow/dags/dag_ETL_final_prueba.py
[2025-02-10T10:13:57.064+0000] {logging_mixin.py:150} INFO - [2025-02-10T10:13:57.063+0000] {dag.py:2742} INFO - Sync 1 DAGs
[2025-02-10T10:13:57.102+0000] {logging_mixin.py:150} INFO - [2025-02-10T10:13:57.102+0000] {dag.py:3504} INFO - Setting next_dagrun for DAG_ETL_daily_jobs_v2 to 2025-02-10T09:00:00+00:00, run_after=2025-02-11T09:00:00+00:00
[2025-02-10T10:13:57.131+0000] {processor.py:179} INFO - Processing /opt/airflow/dags/dag_ETL_final_prueba.py took 0.156 seconds
[2025-02-10T10:14:27.434+0000] {processor.py:157} INFO - Started process (PID=1671) to work on /opt/airflow/dags/dag_ETL_final_prueba.py
[2025-02-10T10:14:27.437+0000] {processor.py:826} INFO - Processing file /opt/airflow/dags/dag_ETL_final_prueba.py for tasks to queue
[2025-02-10T10:14:27.440+0000] {logging_mixin.py:150} INFO - [2025-02-10T10:14:27.439+0000] {dagbag.py:541} INFO - Filling up the DagBag from /opt/airflow/dags/dag_ETL_final_prueba.py
[2025-02-10T10:14:27.467+0000] {processor.py:836} INFO - DAG(s) dict_keys(['DAG_ETL_daily_jobs_v2']) retrieved from /opt/airflow/dags/dag_ETL_final_prueba.py
[2025-02-10T10:14:27.513+0000] {logging_mixin.py:150} INFO - [2025-02-10T10:14:27.513+0000] {dag.py:2742} INFO - Sync 1 DAGs
[2025-02-10T10:14:27.555+0000] {logging_mixin.py:150} INFO - [2025-02-10T10:14:27.555+0000] {dag.py:3504} INFO - Setting next_dagrun for DAG_ETL_daily_jobs_v2 to 2025-02-10T09:00:00+00:00, run_after=2025-02-11T09:00:00+00:00
[2025-02-10T10:14:27.584+0000] {processor.py:179} INFO - Processing /opt/airflow/dags/dag_ETL_final_prueba.py took 0.157 seconds
[2025-02-10T10:14:57.769+0000] {processor.py:157} INFO - Started process (PID=1673) to work on /opt/airflow/dags/dag_ETL_final_prueba.py
[2025-02-10T10:14:57.770+0000] {processor.py:826} INFO - Processing file /opt/airflow/dags/dag_ETL_final_prueba.py for tasks to queue
[2025-02-10T10:14:57.771+0000] {logging_mixin.py:150} INFO - [2025-02-10T10:14:57.771+0000] {dagbag.py:541} INFO - Filling up the DagBag from /opt/airflow/dags/dag_ETL_final_prueba.py
[2025-02-10T10:14:57.790+0000] {processor.py:836} INFO - DAG(s) dict_keys(['DAG_ETL_daily_jobs_v2']) retrieved from /opt/airflow/dags/dag_ETL_final_prueba.py
[2025-02-10T10:14:57.842+0000] {logging_mixin.py:150} INFO - [2025-02-10T10:14:57.841+0000] {dag.py:2742} INFO - Sync 1 DAGs
[2025-02-10T10:14:57.887+0000] {logging_mixin.py:150} INFO - [2025-02-10T10:14:57.887+0000] {dag.py:3504} INFO - Setting next_dagrun for DAG_ETL_daily_jobs_v2 to 2025-02-10T09:00:00+00:00, run_after=2025-02-11T09:00:00+00:00
[2025-02-10T10:14:57.942+0000] {processor.py:179} INFO - Processing /opt/airflow/dags/dag_ETL_final_prueba.py took 0.180 seconds
[2025-02-10T10:15:28.098+0000] {processor.py:157} INFO - Started process (PID=1675) to work on /opt/airflow/dags/dag_ETL_final_prueba.py
[2025-02-10T10:15:28.100+0000] {processor.py:826} INFO - Processing file /opt/airflow/dags/dag_ETL_final_prueba.py for tasks to queue
[2025-02-10T10:15:28.102+0000] {logging_mixin.py:150} INFO - [2025-02-10T10:15:28.101+0000] {dagbag.py:541} INFO - Filling up the DagBag from /opt/airflow/dags/dag_ETL_final_prueba.py
[2025-02-10T10:15:28.128+0000] {processor.py:836} INFO - DAG(s) dict_keys(['DAG_ETL_daily_jobs_v2']) retrieved from /opt/airflow/dags/dag_ETL_final_prueba.py
[2025-02-10T10:15:28.180+0000] {logging_mixin.py:150} INFO - [2025-02-10T10:15:28.179+0000] {dag.py:2742} INFO - Sync 1 DAGs
[2025-02-10T10:15:28.227+0000] {logging_mixin.py:150} INFO - [2025-02-10T10:15:28.227+0000] {dag.py:3504} INFO - Setting next_dagrun for DAG_ETL_daily_jobs_v2 to 2025-02-10T09:00:00+00:00, run_after=2025-02-11T09:00:00+00:00
[2025-02-10T10:15:28.253+0000] {processor.py:179} INFO - Processing /opt/airflow/dags/dag_ETL_final_prueba.py took 0.159 seconds
[2025-02-10T10:15:58.576+0000] {processor.py:157} INFO - Started process (PID=1677) to work on /opt/airflow/dags/dag_ETL_final_prueba.py
[2025-02-10T10:15:58.577+0000] {processor.py:826} INFO - Processing file /opt/airflow/dags/dag_ETL_final_prueba.py for tasks to queue
[2025-02-10T10:15:58.578+0000] {logging_mixin.py:150} INFO - [2025-02-10T10:15:58.578+0000] {dagbag.py:541} INFO - Filling up the DagBag from /opt/airflow/dags/dag_ETL_final_prueba.py
[2025-02-10T10:15:58.599+0000] {processor.py:836} INFO - DAG(s) dict_keys(['DAG_ETL_daily_jobs_v2']) retrieved from /opt/airflow/dags/dag_ETL_final_prueba.py
[2025-02-10T10:15:58.637+0000] {logging_mixin.py:150} INFO - [2025-02-10T10:15:58.637+0000] {dag.py:2742} INFO - Sync 1 DAGs
[2025-02-10T10:15:58.671+0000] {logging_mixin.py:150} INFO - [2025-02-10T10:15:58.671+0000] {dag.py:3504} INFO - Setting next_dagrun for DAG_ETL_daily_jobs_v2 to 2025-02-10T09:00:00+00:00, run_after=2025-02-11T09:00:00+00:00
[2025-02-10T10:15:58.695+0000] {processor.py:179} INFO - Processing /opt/airflow/dags/dag_ETL_final_prueba.py took 0.127 seconds
[2025-02-10T10:16:28.985+0000] {processor.py:157} INFO - Started process (PID=1679) to work on /opt/airflow/dags/dag_ETL_final_prueba.py
[2025-02-10T10:16:28.987+0000] {processor.py:826} INFO - Processing file /opt/airflow/dags/dag_ETL_final_prueba.py for tasks to queue
[2025-02-10T10:16:28.989+0000] {logging_mixin.py:150} INFO - [2025-02-10T10:16:28.988+0000] {dagbag.py:541} INFO - Filling up the DagBag from /opt/airflow/dags/dag_ETL_final_prueba.py
[2025-02-10T10:16:29.008+0000] {processor.py:836} INFO - DAG(s) dict_keys(['DAG_ETL_daily_jobs_v2']) retrieved from /opt/airflow/dags/dag_ETL_final_prueba.py
[2025-02-10T10:16:29.049+0000] {logging_mixin.py:150} INFO - [2025-02-10T10:16:29.049+0000] {dag.py:2742} INFO - Sync 1 DAGs
[2025-02-10T10:16:29.085+0000] {logging_mixin.py:150} INFO - [2025-02-10T10:16:29.085+0000] {dag.py:3504} INFO - Setting next_dagrun for DAG_ETL_daily_jobs_v2 to 2025-02-10T09:00:00+00:00, run_after=2025-02-11T09:00:00+00:00
[2025-02-10T10:16:29.109+0000] {processor.py:179} INFO - Processing /opt/airflow/dags/dag_ETL_final_prueba.py took 0.128 seconds
[2025-02-10T10:16:59.387+0000] {processor.py:157} INFO - Started process (PID=1681) to work on /opt/airflow/dags/dag_ETL_final_prueba.py
[2025-02-10T10:16:59.388+0000] {processor.py:826} INFO - Processing file /opt/airflow/dags/dag_ETL_final_prueba.py for tasks to queue
[2025-02-10T10:16:59.389+0000] {logging_mixin.py:150} INFO - [2025-02-10T10:16:59.389+0000] {dagbag.py:541} INFO - Filling up the DagBag from /opt/airflow/dags/dag_ETL_final_prueba.py
[2025-02-10T10:16:59.408+0000] {processor.py:836} INFO - DAG(s) dict_keys(['DAG_ETL_daily_jobs_v2']) retrieved from /opt/airflow/dags/dag_ETL_final_prueba.py
[2025-02-10T10:16:59.445+0000] {logging_mixin.py:150} INFO - [2025-02-10T10:16:59.445+0000] {dag.py:2742} INFO - Sync 1 DAGs
[2025-02-10T10:16:59.483+0000] {logging_mixin.py:150} INFO - [2025-02-10T10:16:59.483+0000] {dag.py:3504} INFO - Setting next_dagrun for DAG_ETL_daily_jobs_v2 to 2025-02-10T09:00:00+00:00, run_after=2025-02-11T09:00:00+00:00
[2025-02-10T10:16:59.510+0000] {processor.py:179} INFO - Processing /opt/airflow/dags/dag_ETL_final_prueba.py took 0.127 seconds
[2025-02-10T10:17:29.866+0000] {processor.py:157} INFO - Started process (PID=1683) to work on /opt/airflow/dags/dag_ETL_final_prueba.py
[2025-02-10T10:17:29.868+0000] {processor.py:826} INFO - Processing file /opt/airflow/dags/dag_ETL_final_prueba.py for tasks to queue
[2025-02-10T10:17:29.871+0000] {logging_mixin.py:150} INFO - [2025-02-10T10:17:29.870+0000] {dagbag.py:541} INFO - Filling up the DagBag from /opt/airflow/dags/dag_ETL_final_prueba.py
[2025-02-10T10:17:29.913+0000] {processor.py:836} INFO - DAG(s) dict_keys(['DAG_ETL_daily_jobs_v2']) retrieved from /opt/airflow/dags/dag_ETL_final_prueba.py
[2025-02-10T10:17:29.978+0000] {logging_mixin.py:150} INFO - [2025-02-10T10:17:29.978+0000] {dag.py:2742} INFO - Sync 1 DAGs
[2025-02-10T10:17:30.034+0000] {logging_mixin.py:150} INFO - [2025-02-10T10:17:30.034+0000] {dag.py:3504} INFO - Setting next_dagrun for DAG_ETL_daily_jobs_v2 to 2025-02-10T09:00:00+00:00, run_after=2025-02-11T09:00:00+00:00
[2025-02-10T10:17:30.068+0000] {processor.py:179} INFO - Processing /opt/airflow/dags/dag_ETL_final_prueba.py took 0.210 seconds
[2025-02-10T10:18:00.166+0000] {processor.py:157} INFO - Started process (PID=1685) to work on /opt/airflow/dags/dag_ETL_final_prueba.py
[2025-02-10T10:18:00.171+0000] {processor.py:826} INFO - Processing file /opt/airflow/dags/dag_ETL_final_prueba.py for tasks to queue
[2025-02-10T10:18:00.174+0000] {logging_mixin.py:150} INFO - [2025-02-10T10:18:00.173+0000] {dagbag.py:541} INFO - Filling up the DagBag from /opt/airflow/dags/dag_ETL_final_prueba.py
[2025-02-10T10:18:00.197+0000] {processor.py:836} INFO - DAG(s) dict_keys(['DAG_ETL_daily_jobs_v2']) retrieved from /opt/airflow/dags/dag_ETL_final_prueba.py
[2025-02-10T10:18:00.243+0000] {logging_mixin.py:150} INFO - [2025-02-10T10:18:00.243+0000] {dag.py:2742} INFO - Sync 1 DAGs
[2025-02-10T10:18:00.279+0000] {logging_mixin.py:150} INFO - [2025-02-10T10:18:00.279+0000] {dag.py:3504} INFO - Setting next_dagrun for DAG_ETL_daily_jobs_v2 to 2025-02-10T09:00:00+00:00, run_after=2025-02-11T09:00:00+00:00
[2025-02-10T10:18:00.301+0000] {processor.py:179} INFO - Processing /opt/airflow/dags/dag_ETL_final_prueba.py took 0.140 seconds
[2025-02-10T10:18:30.596+0000] {processor.py:157} INFO - Started process (PID=1687) to work on /opt/airflow/dags/dag_ETL_final_prueba.py
[2025-02-10T10:18:30.598+0000] {processor.py:826} INFO - Processing file /opt/airflow/dags/dag_ETL_final_prueba.py for tasks to queue
[2025-02-10T10:18:30.601+0000] {logging_mixin.py:150} INFO - [2025-02-10T10:18:30.600+0000] {dagbag.py:541} INFO - Filling up the DagBag from /opt/airflow/dags/dag_ETL_final_prueba.py
[2025-02-10T10:18:30.630+0000] {processor.py:836} INFO - DAG(s) dict_keys(['DAG_ETL_daily_jobs_v2']) retrieved from /opt/airflow/dags/dag_ETL_final_prueba.py
[2025-02-10T10:18:30.678+0000] {logging_mixin.py:150} INFO - [2025-02-10T10:18:30.678+0000] {dag.py:2742} INFO - Sync 1 DAGs
[2025-02-10T10:18:30.721+0000] {logging_mixin.py:150} INFO - [2025-02-10T10:18:30.721+0000] {dag.py:3504} INFO - Setting next_dagrun for DAG_ETL_daily_jobs_v2 to 2025-02-10T09:00:00+00:00, run_after=2025-02-11T09:00:00+00:00
[2025-02-10T10:18:30.754+0000] {processor.py:179} INFO - Processing /opt/airflow/dags/dag_ETL_final_prueba.py took 0.164 seconds
[2025-02-10T10:19:00.878+0000] {processor.py:157} INFO - Started process (PID=1689) to work on /opt/airflow/dags/dag_ETL_final_prueba.py
[2025-02-10T10:19:00.891+0000] {processor.py:826} INFO - Processing file /opt/airflow/dags/dag_ETL_final_prueba.py for tasks to queue
[2025-02-10T10:19:00.892+0000] {logging_mixin.py:150} INFO - [2025-02-10T10:19:00.892+0000] {dagbag.py:541} INFO - Filling up the DagBag from /opt/airflow/dags/dag_ETL_final_prueba.py
[2025-02-10T10:19:00.921+0000] {processor.py:836} INFO - DAG(s) dict_keys(['DAG_ETL_daily_jobs_v2']) retrieved from /opt/airflow/dags/dag_ETL_final_prueba.py
[2025-02-10T10:19:00.965+0000] {logging_mixin.py:150} INFO - [2025-02-10T10:19:00.964+0000] {dag.py:2742} INFO - Sync 1 DAGs
[2025-02-10T10:19:01.004+0000] {logging_mixin.py:150} INFO - [2025-02-10T10:19:01.004+0000] {dag.py:3504} INFO - Setting next_dagrun for DAG_ETL_daily_jobs_v2 to 2025-02-10T09:00:00+00:00, run_after=2025-02-11T09:00:00+00:00
[2025-02-10T10:19:01.044+0000] {processor.py:179} INFO - Processing /opt/airflow/dags/dag_ETL_final_prueba.py took 0.173 seconds
[2025-02-10T10:19:31.312+0000] {processor.py:157} INFO - Started process (PID=1691) to work on /opt/airflow/dags/dag_ETL_final_prueba.py
[2025-02-10T10:19:31.314+0000] {processor.py:826} INFO - Processing file /opt/airflow/dags/dag_ETL_final_prueba.py for tasks to queue
[2025-02-10T10:19:31.316+0000] {logging_mixin.py:150} INFO - [2025-02-10T10:19:31.315+0000] {dagbag.py:541} INFO - Filling up the DagBag from /opt/airflow/dags/dag_ETL_final_prueba.py
[2025-02-10T10:19:31.339+0000] {processor.py:836} INFO - DAG(s) dict_keys(['DAG_ETL_daily_jobs_v2']) retrieved from /opt/airflow/dags/dag_ETL_final_prueba.py
[2025-02-10T10:19:31.376+0000] {logging_mixin.py:150} INFO - [2025-02-10T10:19:31.375+0000] {dag.py:2742} INFO - Sync 1 DAGs
[2025-02-10T10:19:31.411+0000] {logging_mixin.py:150} INFO - [2025-02-10T10:19:31.411+0000] {dag.py:3504} INFO - Setting next_dagrun for DAG_ETL_daily_jobs_v2 to 2025-02-10T09:00:00+00:00, run_after=2025-02-11T09:00:00+00:00
[2025-02-10T10:19:31.435+0000] {processor.py:179} INFO - Processing /opt/airflow/dags/dag_ETL_final_prueba.py took 0.127 seconds
[2025-02-10T10:20:01.728+0000] {processor.py:157} INFO - Started process (PID=1693) to work on /opt/airflow/dags/dag_ETL_final_prueba.py
[2025-02-10T10:20:01.730+0000] {processor.py:826} INFO - Processing file /opt/airflow/dags/dag_ETL_final_prueba.py for tasks to queue
[2025-02-10T10:20:01.733+0000] {logging_mixin.py:150} INFO - [2025-02-10T10:20:01.732+0000] {dagbag.py:541} INFO - Filling up the DagBag from /opt/airflow/dags/dag_ETL_final_prueba.py
[2025-02-10T10:20:01.762+0000] {processor.py:836} INFO - DAG(s) dict_keys(['DAG_ETL_daily_jobs_v2']) retrieved from /opt/airflow/dags/dag_ETL_final_prueba.py
[2025-02-10T10:20:01.822+0000] {logging_mixin.py:150} INFO - [2025-02-10T10:20:01.821+0000] {dag.py:2742} INFO - Sync 1 DAGs
[2025-02-10T10:20:01.872+0000] {logging_mixin.py:150} INFO - [2025-02-10T10:20:01.871+0000] {dag.py:3504} INFO - Setting next_dagrun for DAG_ETL_daily_jobs_v2 to 2025-02-10T09:00:00+00:00, run_after=2025-02-11T09:00:00+00:00
[2025-02-10T10:20:01.900+0000] {processor.py:179} INFO - Processing /opt/airflow/dags/dag_ETL_final_prueba.py took 0.181 seconds
[2025-02-10T10:20:31.953+0000] {processor.py:157} INFO - Started process (PID=1695) to work on /opt/airflow/dags/dag_ETL_final_prueba.py
[2025-02-10T10:20:31.955+0000] {processor.py:826} INFO - Processing file /opt/airflow/dags/dag_ETL_final_prueba.py for tasks to queue
[2025-02-10T10:20:31.957+0000] {logging_mixin.py:150} INFO - [2025-02-10T10:20:31.956+0000] {dagbag.py:541} INFO - Filling up the DagBag from /opt/airflow/dags/dag_ETL_final_prueba.py
[2025-02-10T10:20:31.981+0000] {processor.py:836} INFO - DAG(s) dict_keys(['DAG_ETL_daily_jobs_v2']) retrieved from /opt/airflow/dags/dag_ETL_final_prueba.py
[2025-02-10T10:20:32.025+0000] {logging_mixin.py:150} INFO - [2025-02-10T10:20:32.024+0000] {dag.py:2742} INFO - Sync 1 DAGs
[2025-02-10T10:20:32.059+0000] {logging_mixin.py:150} INFO - [2025-02-10T10:20:32.058+0000] {dag.py:3504} INFO - Setting next_dagrun for DAG_ETL_daily_jobs_v2 to 2025-02-10T09:00:00+00:00, run_after=2025-02-11T09:00:00+00:00
[2025-02-10T10:20:32.083+0000] {processor.py:179} INFO - Processing /opt/airflow/dags/dag_ETL_final_prueba.py took 0.143 seconds
[2025-02-10T10:21:02.617+0000] {processor.py:157} INFO - Started process (PID=1697) to work on /opt/airflow/dags/dag_ETL_final_prueba.py
[2025-02-10T10:21:02.620+0000] {processor.py:826} INFO - Processing file /opt/airflow/dags/dag_ETL_final_prueba.py for tasks to queue
[2025-02-10T10:21:02.622+0000] {logging_mixin.py:150} INFO - [2025-02-10T10:21:02.621+0000] {dagbag.py:541} INFO - Filling up the DagBag from /opt/airflow/dags/dag_ETL_final_prueba.py
[2025-02-10T10:21:02.651+0000] {processor.py:836} INFO - DAG(s) dict_keys(['DAG_ETL_daily_jobs_v2']) retrieved from /opt/airflow/dags/dag_ETL_final_prueba.py
[2025-02-10T10:21:02.705+0000] {logging_mixin.py:150} INFO - [2025-02-10T10:21:02.705+0000] {dag.py:2742} INFO - Sync 1 DAGs
[2025-02-10T10:21:02.746+0000] {logging_mixin.py:150} INFO - [2025-02-10T10:21:02.746+0000] {dag.py:3504} INFO - Setting next_dagrun for DAG_ETL_daily_jobs_v2 to 2025-02-10T09:00:00+00:00, run_after=2025-02-11T09:00:00+00:00
[2025-02-10T10:21:02.779+0000] {processor.py:179} INFO - Processing /opt/airflow/dags/dag_ETL_final_prueba.py took 0.171 seconds
[2025-02-10T10:21:42.545+0000] {processor.py:157} INFO - Started process (PID=1699) to work on /opt/airflow/dags/dag_ETL_final_prueba.py
[2025-02-10T10:21:42.600+0000] {processor.py:826} INFO - Processing file /opt/airflow/dags/dag_ETL_final_prueba.py for tasks to queue
[2025-02-10T10:21:42.607+0000] {logging_mixin.py:150} INFO - [2025-02-10T10:21:42.603+0000] {dagbag.py:541} INFO - Filling up the DagBag from /opt/airflow/dags/dag_ETL_final_prueba.py
[2025-02-10T10:21:42.682+0000] {processor.py:836} INFO - DAG(s) dict_keys(['DAG_ETL_daily_jobs_v2']) retrieved from /opt/airflow/dags/dag_ETL_final_prueba.py
[2025-02-10T10:21:42.968+0000] {logging_mixin.py:150} INFO - [2025-02-10T10:21:42.967+0000] {dag.py:2742} INFO - Sync 1 DAGs
[2025-02-10T10:21:43.092+0000] {logging_mixin.py:150} INFO - [2025-02-10T10:21:43.092+0000] {dag.py:3504} INFO - Setting next_dagrun for DAG_ETL_daily_jobs_v2 to 2025-02-10T09:00:00+00:00, run_after=2025-02-11T09:00:00+00:00
[2025-02-10T10:21:43.181+0000] {processor.py:179} INFO - Processing /opt/airflow/dags/dag_ETL_final_prueba.py took 0.680 seconds
[2025-02-10T10:31:55.927+0000] {processor.py:157} INFO - Started process (PID=1701) to work on /opt/airflow/dags/dag_ETL_final_prueba.py
[2025-02-10T10:31:55.932+0000] {processor.py:826} INFO - Processing file /opt/airflow/dags/dag_ETL_final_prueba.py for tasks to queue
[2025-02-10T10:31:55.938+0000] {logging_mixin.py:150} INFO - [2025-02-10T10:31:55.936+0000] {dagbag.py:541} INFO - Filling up the DagBag from /opt/airflow/dags/dag_ETL_final_prueba.py
[2025-02-10T10:31:56.035+0000] {processor.py:836} INFO - DAG(s) dict_keys(['DAG_ETL_daily_jobs_v2']) retrieved from /opt/airflow/dags/dag_ETL_final_prueba.py
[2025-02-10T10:31:56.318+0000] {logging_mixin.py:150} INFO - [2025-02-10T10:31:56.317+0000] {dag.py:2742} INFO - Sync 1 DAGs
[2025-02-10T10:31:56.773+0000] {logging_mixin.py:150} INFO - [2025-02-10T10:31:56.773+0000] {dag.py:3504} INFO - Setting next_dagrun for DAG_ETL_daily_jobs_v2 to 2025-02-10T09:00:00+00:00, run_after=2025-02-11T09:00:00+00:00
[2025-02-10T10:31:58.710+0000] {processor.py:179} INFO - Processing /opt/airflow/dags/dag_ETL_final_prueba.py took 2.797 seconds
[2025-02-10T10:32:29.440+0000] {processor.py:157} INFO - Started process (PID=1705) to work on /opt/airflow/dags/dag_ETL_final_prueba.py
[2025-02-10T10:32:29.442+0000] {processor.py:826} INFO - Processing file /opt/airflow/dags/dag_ETL_final_prueba.py for tasks to queue
[2025-02-10T10:32:29.443+0000] {logging_mixin.py:150} INFO - [2025-02-10T10:32:29.443+0000] {dagbag.py:541} INFO - Filling up the DagBag from /opt/airflow/dags/dag_ETL_final_prueba.py
[2025-02-10T10:32:29.468+0000] {processor.py:836} INFO - DAG(s) dict_keys(['DAG_ETL_daily_jobs_v2']) retrieved from /opt/airflow/dags/dag_ETL_final_prueba.py
[2025-02-10T10:32:29.516+0000] {logging_mixin.py:150} INFO - [2025-02-10T10:32:29.516+0000] {dag.py:2742} INFO - Sync 1 DAGs
[2025-02-10T10:32:29.555+0000] {logging_mixin.py:150} INFO - [2025-02-10T10:32:29.555+0000] {dag.py:3504} INFO - Setting next_dagrun for DAG_ETL_daily_jobs_v2 to 2025-02-10T09:00:00+00:00, run_after=2025-02-11T09:00:00+00:00
[2025-02-10T10:32:29.582+0000] {processor.py:179} INFO - Processing /opt/airflow/dags/dag_ETL_final_prueba.py took 0.149 seconds
[2025-02-10T10:32:59.879+0000] {processor.py:157} INFO - Started process (PID=1707) to work on /opt/airflow/dags/dag_ETL_final_prueba.py
[2025-02-10T10:32:59.885+0000] {processor.py:826} INFO - Processing file /opt/airflow/dags/dag_ETL_final_prueba.py for tasks to queue
[2025-02-10T10:32:59.890+0000] {logging_mixin.py:150} INFO - [2025-02-10T10:32:59.889+0000] {dagbag.py:541} INFO - Filling up the DagBag from /opt/airflow/dags/dag_ETL_final_prueba.py
[2025-02-10T10:32:59.944+0000] {processor.py:836} INFO - DAG(s) dict_keys(['DAG_ETL_daily_jobs_v2']) retrieved from /opt/airflow/dags/dag_ETL_final_prueba.py
[2025-02-10T10:33:00.060+0000] {logging_mixin.py:150} INFO - [2025-02-10T10:33:00.059+0000] {dag.py:2742} INFO - Sync 1 DAGs
[2025-02-10T10:33:00.189+0000] {logging_mixin.py:150} INFO - [2025-02-10T10:33:00.189+0000] {dag.py:3504} INFO - Setting next_dagrun for DAG_ETL_daily_jobs_v2 to 2025-02-10T09:00:00+00:00, run_after=2025-02-11T09:00:00+00:00
[2025-02-10T10:33:00.252+0000] {processor.py:179} INFO - Processing /opt/airflow/dags/dag_ETL_final_prueba.py took 0.397 seconds
[2025-02-10T10:33:30.671+0000] {processor.py:157} INFO - Started process (PID=1709) to work on /opt/airflow/dags/dag_ETL_final_prueba.py
[2025-02-10T10:33:30.673+0000] {processor.py:826} INFO - Processing file /opt/airflow/dags/dag_ETL_final_prueba.py for tasks to queue
[2025-02-10T10:33:30.674+0000] {logging_mixin.py:150} INFO - [2025-02-10T10:33:30.674+0000] {dagbag.py:541} INFO - Filling up the DagBag from /opt/airflow/dags/dag_ETL_final_prueba.py
[2025-02-10T10:33:30.706+0000] {processor.py:836} INFO - DAG(s) dict_keys(['DAG_ETL_daily_jobs_v2']) retrieved from /opt/airflow/dags/dag_ETL_final_prueba.py
[2025-02-10T10:33:30.778+0000] {logging_mixin.py:150} INFO - [2025-02-10T10:33:30.777+0000] {dag.py:2742} INFO - Sync 1 DAGs
[2025-02-10T10:33:30.843+0000] {logging_mixin.py:150} INFO - [2025-02-10T10:33:30.842+0000] {dag.py:3504} INFO - Setting next_dagrun for DAG_ETL_daily_jobs_v2 to 2025-02-10T09:00:00+00:00, run_after=2025-02-11T09:00:00+00:00
[2025-02-10T10:33:30.886+0000] {processor.py:179} INFO - Processing /opt/airflow/dags/dag_ETL_final_prueba.py took 0.221 seconds
[2025-02-10T10:34:01.154+0000] {processor.py:157} INFO - Started process (PID=1711) to work on /opt/airflow/dags/dag_ETL_final_prueba.py
[2025-02-10T10:34:01.156+0000] {processor.py:826} INFO - Processing file /opt/airflow/dags/dag_ETL_final_prueba.py for tasks to queue
[2025-02-10T10:34:01.157+0000] {logging_mixin.py:150} INFO - [2025-02-10T10:34:01.157+0000] {dagbag.py:541} INFO - Filling up the DagBag from /opt/airflow/dags/dag_ETL_final_prueba.py
[2025-02-10T10:34:01.178+0000] {processor.py:836} INFO - DAG(s) dict_keys(['DAG_ETL_daily_jobs_v2']) retrieved from /opt/airflow/dags/dag_ETL_final_prueba.py
[2025-02-10T10:34:01.214+0000] {logging_mixin.py:150} INFO - [2025-02-10T10:34:01.214+0000] {dag.py:2742} INFO - Sync 1 DAGs
[2025-02-10T10:34:01.267+0000] {logging_mixin.py:150} INFO - [2025-02-10T10:34:01.266+0000] {dag.py:3504} INFO - Setting next_dagrun for DAG_ETL_daily_jobs_v2 to 2025-02-10T09:00:00+00:00, run_after=2025-02-11T09:00:00+00:00
[2025-02-10T10:34:01.308+0000] {processor.py:179} INFO - Processing /opt/airflow/dags/dag_ETL_final_prueba.py took 0.158 seconds
[2025-02-10T10:34:31.673+0000] {processor.py:157} INFO - Started process (PID=1713) to work on /opt/airflow/dags/dag_ETL_final_prueba.py
[2025-02-10T10:34:31.676+0000] {processor.py:826} INFO - Processing file /opt/airflow/dags/dag_ETL_final_prueba.py for tasks to queue
[2025-02-10T10:34:31.679+0000] {logging_mixin.py:150} INFO - [2025-02-10T10:34:31.678+0000] {dagbag.py:541} INFO - Filling up the DagBag from /opt/airflow/dags/dag_ETL_final_prueba.py
[2025-02-10T10:34:31.718+0000] {processor.py:836} INFO - DAG(s) dict_keys(['DAG_ETL_daily_jobs_v2']) retrieved from /opt/airflow/dags/dag_ETL_final_prueba.py
[2025-02-10T10:34:31.797+0000] {logging_mixin.py:150} INFO - [2025-02-10T10:34:31.797+0000] {dag.py:2742} INFO - Sync 1 DAGs
[2025-02-10T10:34:31.913+0000] {logging_mixin.py:150} INFO - [2025-02-10T10:34:31.912+0000] {dag.py:3504} INFO - Setting next_dagrun for DAG_ETL_daily_jobs_v2 to 2025-02-10T09:00:00+00:00, run_after=2025-02-11T09:00:00+00:00
[2025-02-10T10:34:31.985+0000] {processor.py:179} INFO - Processing /opt/airflow/dags/dag_ETL_final_prueba.py took 0.324 seconds
[2025-02-10T10:35:02.238+0000] {processor.py:157} INFO - Started process (PID=1715) to work on /opt/airflow/dags/dag_ETL_final_prueba.py
[2025-02-10T10:35:02.241+0000] {processor.py:826} INFO - Processing file /opt/airflow/dags/dag_ETL_final_prueba.py for tasks to queue
[2025-02-10T10:35:02.243+0000] {logging_mixin.py:150} INFO - [2025-02-10T10:35:02.242+0000] {dagbag.py:541} INFO - Filling up the DagBag from /opt/airflow/dags/dag_ETL_final_prueba.py
[2025-02-10T10:35:02.265+0000] {processor.py:836} INFO - DAG(s) dict_keys(['DAG_ETL_daily_jobs_v2']) retrieved from /opt/airflow/dags/dag_ETL_final_prueba.py
[2025-02-10T10:35:02.321+0000] {logging_mixin.py:150} INFO - [2025-02-10T10:35:02.320+0000] {dag.py:2742} INFO - Sync 1 DAGs
[2025-02-10T10:35:02.372+0000] {logging_mixin.py:150} INFO - [2025-02-10T10:35:02.372+0000] {dag.py:3504} INFO - Setting next_dagrun for DAG_ETL_daily_jobs_v2 to 2025-02-10T09:00:00+00:00, run_after=2025-02-11T09:00:00+00:00
[2025-02-10T10:35:02.409+0000] {processor.py:179} INFO - Processing /opt/airflow/dags/dag_ETL_final_prueba.py took 0.178 seconds
[2025-02-10T10:35:32.680+0000] {processor.py:157} INFO - Started process (PID=1716) to work on /opt/airflow/dags/dag_ETL_final_prueba.py
[2025-02-10T10:35:32.682+0000] {processor.py:826} INFO - Processing file /opt/airflow/dags/dag_ETL_final_prueba.py for tasks to queue
[2025-02-10T10:35:32.685+0000] {logging_mixin.py:150} INFO - [2025-02-10T10:35:32.684+0000] {dagbag.py:541} INFO - Filling up the DagBag from /opt/airflow/dags/dag_ETL_final_prueba.py
[2025-02-10T10:35:32.712+0000] {processor.py:836} INFO - DAG(s) dict_keys(['DAG_ETL_daily_jobs_v2']) retrieved from /opt/airflow/dags/dag_ETL_final_prueba.py
[2025-02-10T10:35:32.858+0000] {logging_mixin.py:150} INFO - [2025-02-10T10:35:32.858+0000] {dag.py:2742} INFO - Sync 1 DAGs
[2025-02-10T10:35:32.969+0000] {logging_mixin.py:150} INFO - [2025-02-10T10:35:32.968+0000] {dag.py:3504} INFO - Setting next_dagrun for DAG_ETL_daily_jobs_v2 to 2025-02-10T09:00:00+00:00, run_after=2025-02-11T09:00:00+00:00
[2025-02-10T10:35:33.044+0000] {processor.py:179} INFO - Processing /opt/airflow/dags/dag_ETL_final_prueba.py took 0.374 seconds
[2025-02-10T10:36:03.331+0000] {processor.py:157} INFO - Started process (PID=1718) to work on /opt/airflow/dags/dag_ETL_final_prueba.py
[2025-02-10T10:36:03.333+0000] {processor.py:826} INFO - Processing file /opt/airflow/dags/dag_ETL_final_prueba.py for tasks to queue
[2025-02-10T10:36:03.335+0000] {logging_mixin.py:150} INFO - [2025-02-10T10:36:03.335+0000] {dagbag.py:541} INFO - Filling up the DagBag from /opt/airflow/dags/dag_ETL_final_prueba.py
[2025-02-10T10:36:03.407+0000] {processor.py:836} INFO - DAG(s) dict_keys(['DAG_ETL_daily_jobs_v2']) retrieved from /opt/airflow/dags/dag_ETL_final_prueba.py
[2025-02-10T10:36:03.481+0000] {logging_mixin.py:150} INFO - [2025-02-10T10:36:03.481+0000] {dag.py:2742} INFO - Sync 1 DAGs
[2025-02-10T10:36:03.571+0000] {logging_mixin.py:150} INFO - [2025-02-10T10:36:03.570+0000] {dag.py:3504} INFO - Setting next_dagrun for DAG_ETL_daily_jobs_v2 to 2025-02-10T09:00:00+00:00, run_after=2025-02-11T09:00:00+00:00
[2025-02-10T10:36:03.618+0000] {processor.py:179} INFO - Processing /opt/airflow/dags/dag_ETL_final_prueba.py took 0.295 seconds
[2025-02-10T10:36:33.850+0000] {processor.py:157} INFO - Started process (PID=1720) to work on /opt/airflow/dags/dag_ETL_final_prueba.py
[2025-02-10T10:36:33.852+0000] {processor.py:826} INFO - Processing file /opt/airflow/dags/dag_ETL_final_prueba.py for tasks to queue
[2025-02-10T10:36:33.854+0000] {logging_mixin.py:150} INFO - [2025-02-10T10:36:33.854+0000] {dagbag.py:541} INFO - Filling up the DagBag from /opt/airflow/dags/dag_ETL_final_prueba.py
[2025-02-10T10:36:33.883+0000] {processor.py:836} INFO - DAG(s) dict_keys(['DAG_ETL_daily_jobs_v2']) retrieved from /opt/airflow/dags/dag_ETL_final_prueba.py
[2025-02-10T10:36:33.937+0000] {logging_mixin.py:150} INFO - [2025-02-10T10:36:33.936+0000] {dag.py:2742} INFO - Sync 1 DAGs
[2025-02-10T10:36:33.980+0000] {logging_mixin.py:150} INFO - [2025-02-10T10:36:33.979+0000] {dag.py:3504} INFO - Setting next_dagrun for DAG_ETL_daily_jobs_v2 to 2025-02-10T09:00:00+00:00, run_after=2025-02-11T09:00:00+00:00
[2025-02-10T10:36:34.009+0000] {processor.py:179} INFO - Processing /opt/airflow/dags/dag_ETL_final_prueba.py took 0.165 seconds
[2025-02-10T10:37:04.358+0000] {processor.py:157} INFO - Started process (PID=1722) to work on /opt/airflow/dags/dag_ETL_final_prueba.py
[2025-02-10T10:37:04.359+0000] {processor.py:826} INFO - Processing file /opt/airflow/dags/dag_ETL_final_prueba.py for tasks to queue
[2025-02-10T10:37:04.361+0000] {logging_mixin.py:150} INFO - [2025-02-10T10:37:04.361+0000] {dagbag.py:541} INFO - Filling up the DagBag from /opt/airflow/dags/dag_ETL_final_prueba.py
[2025-02-10T10:37:04.398+0000] {processor.py:836} INFO - DAG(s) dict_keys(['DAG_ETL_daily_jobs_v2']) retrieved from /opt/airflow/dags/dag_ETL_final_prueba.py
[2025-02-10T10:37:04.455+0000] {logging_mixin.py:150} INFO - [2025-02-10T10:37:04.455+0000] {dag.py:2742} INFO - Sync 1 DAGs
[2025-02-10T10:37:04.502+0000] {logging_mixin.py:150} INFO - [2025-02-10T10:37:04.501+0000] {dag.py:3504} INFO - Setting next_dagrun for DAG_ETL_daily_jobs_v2 to 2025-02-10T09:00:00+00:00, run_after=2025-02-11T09:00:00+00:00
[2025-02-10T10:37:04.541+0000] {processor.py:179} INFO - Processing /opt/airflow/dags/dag_ETL_final_prueba.py took 0.188 seconds
[2025-02-10T10:37:34.865+0000] {processor.py:157} INFO - Started process (PID=1724) to work on /opt/airflow/dags/dag_ETL_final_prueba.py
[2025-02-10T10:37:34.883+0000] {processor.py:826} INFO - Processing file /opt/airflow/dags/dag_ETL_final_prueba.py for tasks to queue
[2025-02-10T10:37:34.885+0000] {logging_mixin.py:150} INFO - [2025-02-10T10:37:34.884+0000] {dagbag.py:541} INFO - Filling up the DagBag from /opt/airflow/dags/dag_ETL_final_prueba.py
[2025-02-10T10:37:34.915+0000] {processor.py:836} INFO - DAG(s) dict_keys(['DAG_ETL_daily_jobs_v2']) retrieved from /opt/airflow/dags/dag_ETL_final_prueba.py
[2025-02-10T10:37:34.980+0000] {logging_mixin.py:150} INFO - [2025-02-10T10:37:34.980+0000] {dag.py:2742} INFO - Sync 1 DAGs
[2025-02-10T10:37:35.038+0000] {logging_mixin.py:150} INFO - [2025-02-10T10:37:35.038+0000] {dag.py:3504} INFO - Setting next_dagrun for DAG_ETL_daily_jobs_v2 to 2025-02-10T09:00:00+00:00, run_after=2025-02-11T09:00:00+00:00
[2025-02-10T10:37:35.109+0000] {processor.py:179} INFO - Processing /opt/airflow/dags/dag_ETL_final_prueba.py took 0.251 seconds
[2025-02-10T10:38:05.441+0000] {processor.py:157} INFO - Started process (PID=1726) to work on /opt/airflow/dags/dag_ETL_final_prueba.py
[2025-02-10T10:38:05.453+0000] {processor.py:826} INFO - Processing file /opt/airflow/dags/dag_ETL_final_prueba.py for tasks to queue
[2025-02-10T10:38:05.455+0000] {logging_mixin.py:150} INFO - [2025-02-10T10:38:05.454+0000] {dagbag.py:541} INFO - Filling up the DagBag from /opt/airflow/dags/dag_ETL_final_prueba.py
[2025-02-10T10:38:05.481+0000] {processor.py:836} INFO - DAG(s) dict_keys(['DAG_ETL_daily_jobs_v2']) retrieved from /opt/airflow/dags/dag_ETL_final_prueba.py
[2025-02-10T10:38:05.532+0000] {logging_mixin.py:150} INFO - [2025-02-10T10:38:05.531+0000] {dag.py:2742} INFO - Sync 1 DAGs
[2025-02-10T10:38:05.572+0000] {logging_mixin.py:150} INFO - [2025-02-10T10:38:05.572+0000] {dag.py:3504} INFO - Setting next_dagrun for DAG_ETL_daily_jobs_v2 to 2025-02-10T09:00:00+00:00, run_after=2025-02-11T09:00:00+00:00
[2025-02-10T10:38:05.606+0000] {processor.py:179} INFO - Processing /opt/airflow/dags/dag_ETL_final_prueba.py took 0.171 seconds
[2025-02-10T10:38:35.900+0000] {processor.py:157} INFO - Started process (PID=1728) to work on /opt/airflow/dags/dag_ETL_final_prueba.py
[2025-02-10T10:38:35.902+0000] {processor.py:826} INFO - Processing file /opt/airflow/dags/dag_ETL_final_prueba.py for tasks to queue
[2025-02-10T10:38:35.904+0000] {logging_mixin.py:150} INFO - [2025-02-10T10:38:35.903+0000] {dagbag.py:541} INFO - Filling up the DagBag from /opt/airflow/dags/dag_ETL_final_prueba.py
[2025-02-10T10:38:35.933+0000] {processor.py:836} INFO - DAG(s) dict_keys(['DAG_ETL_daily_jobs_v2']) retrieved from /opt/airflow/dags/dag_ETL_final_prueba.py
[2025-02-10T10:38:35.981+0000] {logging_mixin.py:150} INFO - [2025-02-10T10:38:35.980+0000] {dag.py:2742} INFO - Sync 1 DAGs
[2025-02-10T10:38:36.026+0000] {logging_mixin.py:150} INFO - [2025-02-10T10:38:36.025+0000] {dag.py:3504} INFO - Setting next_dagrun for DAG_ETL_daily_jobs_v2 to 2025-02-10T09:00:00+00:00, run_after=2025-02-11T09:00:00+00:00
[2025-02-10T10:38:36.060+0000] {processor.py:179} INFO - Processing /opt/airflow/dags/dag_ETL_final_prueba.py took 0.173 seconds
[2025-02-10T10:39:06.167+0000] {processor.py:157} INFO - Started process (PID=1730) to work on /opt/airflow/dags/dag_ETL_final_prueba.py
[2025-02-10T10:39:06.169+0000] {processor.py:826} INFO - Processing file /opt/airflow/dags/dag_ETL_final_prueba.py for tasks to queue
[2025-02-10T10:39:06.171+0000] {logging_mixin.py:150} INFO - [2025-02-10T10:39:06.170+0000] {dagbag.py:541} INFO - Filling up the DagBag from /opt/airflow/dags/dag_ETL_final_prueba.py
[2025-02-10T10:39:06.203+0000] {processor.py:836} INFO - DAG(s) dict_keys(['DAG_ETL_daily_jobs_v2']) retrieved from /opt/airflow/dags/dag_ETL_final_prueba.py
[2025-02-10T10:39:06.266+0000] {logging_mixin.py:150} INFO - [2025-02-10T10:39:06.266+0000] {dag.py:2742} INFO - Sync 1 DAGs
[2025-02-10T10:39:06.328+0000] {logging_mixin.py:150} INFO - [2025-02-10T10:39:06.328+0000] {dag.py:3504} INFO - Setting next_dagrun for DAG_ETL_daily_jobs_v2 to 2025-02-10T09:00:00+00:00, run_after=2025-02-11T09:00:00+00:00
[2025-02-10T10:39:06.367+0000] {processor.py:179} INFO - Processing /opt/airflow/dags/dag_ETL_final_prueba.py took 0.205 seconds
[2025-02-10T10:39:36.513+0000] {processor.py:157} INFO - Started process (PID=1732) to work on /opt/airflow/dags/dag_ETL_final_prueba.py
[2025-02-10T10:39:36.532+0000] {processor.py:826} INFO - Processing file /opt/airflow/dags/dag_ETL_final_prueba.py for tasks to queue
[2025-02-10T10:39:36.534+0000] {logging_mixin.py:150} INFO - [2025-02-10T10:39:36.533+0000] {dagbag.py:541} INFO - Filling up the DagBag from /opt/airflow/dags/dag_ETL_final_prueba.py
[2025-02-10T10:39:36.564+0000] {processor.py:836} INFO - DAG(s) dict_keys(['DAG_ETL_daily_jobs_v2']) retrieved from /opt/airflow/dags/dag_ETL_final_prueba.py
[2025-02-10T10:39:36.619+0000] {logging_mixin.py:150} INFO - [2025-02-10T10:39:36.619+0000] {dag.py:2742} INFO - Sync 1 DAGs
[2025-02-10T10:39:36.664+0000] {logging_mixin.py:150} INFO - [2025-02-10T10:39:36.664+0000] {dag.py:3504} INFO - Setting next_dagrun for DAG_ETL_daily_jobs_v2 to 2025-02-10T09:00:00+00:00, run_after=2025-02-11T09:00:00+00:00
[2025-02-10T10:39:36.733+0000] {processor.py:179} INFO - Processing /opt/airflow/dags/dag_ETL_final_prueba.py took 0.225 seconds
[2025-02-10T10:40:07.098+0000] {processor.py:157} INFO - Started process (PID=1734) to work on /opt/airflow/dags/dag_ETL_final_prueba.py
[2025-02-10T10:40:07.115+0000] {processor.py:826} INFO - Processing file /opt/airflow/dags/dag_ETL_final_prueba.py for tasks to queue
[2025-02-10T10:40:07.117+0000] {logging_mixin.py:150} INFO - [2025-02-10T10:40:07.116+0000] {dagbag.py:541} INFO - Filling up the DagBag from /opt/airflow/dags/dag_ETL_final_prueba.py
[2025-02-10T10:40:07.139+0000] {processor.py:836} INFO - DAG(s) dict_keys(['DAG_ETL_daily_jobs_v2']) retrieved from /opt/airflow/dags/dag_ETL_final_prueba.py
[2025-02-10T10:40:07.203+0000] {logging_mixin.py:150} INFO - [2025-02-10T10:40:07.202+0000] {dag.py:2742} INFO - Sync 1 DAGs
[2025-02-10T10:40:07.253+0000] {logging_mixin.py:150} INFO - [2025-02-10T10:40:07.253+0000] {dag.py:3504} INFO - Setting next_dagrun for DAG_ETL_daily_jobs_v2 to 2025-02-10T09:00:00+00:00, run_after=2025-02-11T09:00:00+00:00
[2025-02-10T10:40:07.318+0000] {processor.py:179} INFO - Processing /opt/airflow/dags/dag_ETL_final_prueba.py took 0.225 seconds
[2025-02-10T10:40:37.639+0000] {processor.py:157} INFO - Started process (PID=1736) to work on /opt/airflow/dags/dag_ETL_final_prueba.py
[2025-02-10T10:40:37.641+0000] {processor.py:826} INFO - Processing file /opt/airflow/dags/dag_ETL_final_prueba.py for tasks to queue
[2025-02-10T10:40:37.643+0000] {logging_mixin.py:150} INFO - [2025-02-10T10:40:37.642+0000] {dagbag.py:541} INFO - Filling up the DagBag from /opt/airflow/dags/dag_ETL_final_prueba.py
[2025-02-10T10:40:37.699+0000] {processor.py:836} INFO - DAG(s) dict_keys(['DAG_ETL_daily_jobs_v2']) retrieved from /opt/airflow/dags/dag_ETL_final_prueba.py
[2025-02-10T10:40:37.756+0000] {logging_mixin.py:150} INFO - [2025-02-10T10:40:37.755+0000] {dag.py:2742} INFO - Sync 1 DAGs
[2025-02-10T10:40:37.807+0000] {logging_mixin.py:150} INFO - [2025-02-10T10:40:37.806+0000] {dag.py:3504} INFO - Setting next_dagrun for DAG_ETL_daily_jobs_v2 to 2025-02-10T09:00:00+00:00, run_after=2025-02-11T09:00:00+00:00
[2025-02-10T10:40:37.890+0000] {processor.py:179} INFO - Processing /opt/airflow/dags/dag_ETL_final_prueba.py took 0.258 seconds
[2025-02-10T10:41:08.173+0000] {processor.py:157} INFO - Started process (PID=1738) to work on /opt/airflow/dags/dag_ETL_final_prueba.py
[2025-02-10T10:41:08.175+0000] {processor.py:826} INFO - Processing file /opt/airflow/dags/dag_ETL_final_prueba.py for tasks to queue
[2025-02-10T10:41:08.176+0000] {logging_mixin.py:150} INFO - [2025-02-10T10:41:08.175+0000] {dagbag.py:541} INFO - Filling up the DagBag from /opt/airflow/dags/dag_ETL_final_prueba.py
[2025-02-10T10:41:08.206+0000] {processor.py:836} INFO - DAG(s) dict_keys(['DAG_ETL_daily_jobs_v2']) retrieved from /opt/airflow/dags/dag_ETL_final_prueba.py
[2025-02-10T10:41:08.254+0000] {logging_mixin.py:150} INFO - [2025-02-10T10:41:08.254+0000] {dag.py:2742} INFO - Sync 1 DAGs
[2025-02-10T10:41:08.302+0000] {logging_mixin.py:150} INFO - [2025-02-10T10:41:08.301+0000] {dag.py:3504} INFO - Setting next_dagrun for DAG_ETL_daily_jobs_v2 to 2025-02-10T09:00:00+00:00, run_after=2025-02-11T09:00:00+00:00
[2025-02-10T10:41:08.338+0000] {processor.py:179} INFO - Processing /opt/airflow/dags/dag_ETL_final_prueba.py took 0.170 seconds
[2025-02-10T10:41:38.521+0000] {processor.py:157} INFO - Started process (PID=1740) to work on /opt/airflow/dags/dag_ETL_final_prueba.py
[2025-02-10T10:41:38.526+0000] {processor.py:826} INFO - Processing file /opt/airflow/dags/dag_ETL_final_prueba.py for tasks to queue
[2025-02-10T10:41:38.532+0000] {logging_mixin.py:150} INFO - [2025-02-10T10:41:38.531+0000] {dagbag.py:541} INFO - Filling up the DagBag from /opt/airflow/dags/dag_ETL_final_prueba.py
[2025-02-10T10:41:38.664+0000] {processor.py:836} INFO - DAG(s) dict_keys(['DAG_ETL_daily_jobs_v2']) retrieved from /opt/airflow/dags/dag_ETL_final_prueba.py
[2025-02-10T10:41:38.803+0000] {logging_mixin.py:150} INFO - [2025-02-10T10:41:38.803+0000] {dag.py:2742} INFO - Sync 1 DAGs
[2025-02-10T10:41:38.911+0000] {logging_mixin.py:150} INFO - [2025-02-10T10:41:38.910+0000] {dag.py:3504} INFO - Setting next_dagrun for DAG_ETL_daily_jobs_v2 to 2025-02-10T09:00:00+00:00, run_after=2025-02-11T09:00:00+00:00
[2025-02-10T10:41:38.961+0000] {processor.py:179} INFO - Processing /opt/airflow/dags/dag_ETL_final_prueba.py took 0.446 seconds
[2025-02-10T10:42:09.268+0000] {processor.py:157} INFO - Started process (PID=1742) to work on /opt/airflow/dags/dag_ETL_final_prueba.py
[2025-02-10T10:42:09.269+0000] {processor.py:826} INFO - Processing file /opt/airflow/dags/dag_ETL_final_prueba.py for tasks to queue
[2025-02-10T10:42:09.270+0000] {logging_mixin.py:150} INFO - [2025-02-10T10:42:09.270+0000] {dagbag.py:541} INFO - Filling up the DagBag from /opt/airflow/dags/dag_ETL_final_prueba.py
[2025-02-10T10:42:09.290+0000] {processor.py:836} INFO - DAG(s) dict_keys(['DAG_ETL_daily_jobs_v2']) retrieved from /opt/airflow/dags/dag_ETL_final_prueba.py
[2025-02-10T10:42:09.336+0000] {logging_mixin.py:150} INFO - [2025-02-10T10:42:09.336+0000] {dag.py:2742} INFO - Sync 1 DAGs
[2025-02-10T10:42:09.385+0000] {logging_mixin.py:150} INFO - [2025-02-10T10:42:09.385+0000] {dag.py:3504} INFO - Setting next_dagrun for DAG_ETL_daily_jobs_v2 to 2025-02-10T09:00:00+00:00, run_after=2025-02-11T09:00:00+00:00
[2025-02-10T10:42:09.453+0000] {processor.py:179} INFO - Processing /opt/airflow/dags/dag_ETL_final_prueba.py took 0.201 seconds
[2025-02-10T10:42:39.724+0000] {processor.py:157} INFO - Started process (PID=1744) to work on /opt/airflow/dags/dag_ETL_final_prueba.py
[2025-02-10T10:42:39.727+0000] {processor.py:826} INFO - Processing file /opt/airflow/dags/dag_ETL_final_prueba.py for tasks to queue
[2025-02-10T10:42:39.729+0000] {logging_mixin.py:150} INFO - [2025-02-10T10:42:39.728+0000] {dagbag.py:541} INFO - Filling up the DagBag from /opt/airflow/dags/dag_ETL_final_prueba.py
[2025-02-10T10:42:39.829+0000] {processor.py:836} INFO - DAG(s) dict_keys(['DAG_ETL_daily_jobs_v2']) retrieved from /opt/airflow/dags/dag_ETL_final_prueba.py
[2025-02-10T10:42:39.943+0000] {logging_mixin.py:150} INFO - [2025-02-10T10:42:39.943+0000] {dag.py:2742} INFO - Sync 1 DAGs
[2025-02-10T10:42:40.026+0000] {logging_mixin.py:150} INFO - [2025-02-10T10:42:40.026+0000] {dag.py:3504} INFO - Setting next_dagrun for DAG_ETL_daily_jobs_v2 to 2025-02-10T09:00:00+00:00, run_after=2025-02-11T09:00:00+00:00
[2025-02-10T10:42:40.060+0000] {processor.py:179} INFO - Processing /opt/airflow/dags/dag_ETL_final_prueba.py took 0.342 seconds
[2025-02-10T10:43:10.333+0000] {processor.py:157} INFO - Started process (PID=1746) to work on /opt/airflow/dags/dag_ETL_final_prueba.py
[2025-02-10T10:43:10.335+0000] {processor.py:826} INFO - Processing file /opt/airflow/dags/dag_ETL_final_prueba.py for tasks to queue
[2025-02-10T10:43:10.336+0000] {logging_mixin.py:150} INFO - [2025-02-10T10:43:10.336+0000] {dagbag.py:541} INFO - Filling up the DagBag from /opt/airflow/dags/dag_ETL_final_prueba.py
[2025-02-10T10:43:10.358+0000] {processor.py:836} INFO - DAG(s) dict_keys(['DAG_ETL_daily_jobs_v2']) retrieved from /opt/airflow/dags/dag_ETL_final_prueba.py
[2025-02-10T10:43:10.406+0000] {logging_mixin.py:150} INFO - [2025-02-10T10:43:10.406+0000] {dag.py:2742} INFO - Sync 1 DAGs
[2025-02-10T10:43:10.439+0000] {logging_mixin.py:150} INFO - [2025-02-10T10:43:10.438+0000] {dag.py:3504} INFO - Setting next_dagrun for DAG_ETL_daily_jobs_v2 to 2025-02-10T09:00:00+00:00, run_after=2025-02-11T09:00:00+00:00
[2025-02-10T10:43:10.483+0000] {processor.py:179} INFO - Processing /opt/airflow/dags/dag_ETL_final_prueba.py took 0.155 seconds
[2025-02-10T10:43:40.913+0000] {processor.py:157} INFO - Started process (PID=1748) to work on /opt/airflow/dags/dag_ETL_final_prueba.py
[2025-02-10T10:43:40.915+0000] {processor.py:826} INFO - Processing file /opt/airflow/dags/dag_ETL_final_prueba.py for tasks to queue
[2025-02-10T10:43:40.917+0000] {logging_mixin.py:150} INFO - [2025-02-10T10:43:40.916+0000] {dagbag.py:541} INFO - Filling up the DagBag from /opt/airflow/dags/dag_ETL_final_prueba.py
[2025-02-10T10:43:40.949+0000] {processor.py:836} INFO - DAG(s) dict_keys(['DAG_ETL_daily_jobs_v2']) retrieved from /opt/airflow/dags/dag_ETL_final_prueba.py
[2025-02-10T10:43:41.024+0000] {logging_mixin.py:150} INFO - [2025-02-10T10:43:41.024+0000] {dag.py:2742} INFO - Sync 1 DAGs
[2025-02-10T10:43:41.076+0000] {logging_mixin.py:150} INFO - [2025-02-10T10:43:41.076+0000] {dag.py:3504} INFO - Setting next_dagrun for DAG_ETL_daily_jobs_v2 to 2025-02-10T09:00:00+00:00, run_after=2025-02-11T09:00:00+00:00
[2025-02-10T10:43:41.131+0000] {processor.py:179} INFO - Processing /opt/airflow/dags/dag_ETL_final_prueba.py took 0.226 seconds
[2025-02-10T10:44:11.352+0000] {processor.py:157} INFO - Started process (PID=1750) to work on /opt/airflow/dags/dag_ETL_final_prueba.py
[2025-02-10T10:44:11.353+0000] {processor.py:826} INFO - Processing file /opt/airflow/dags/dag_ETL_final_prueba.py for tasks to queue
[2025-02-10T10:44:11.355+0000] {logging_mixin.py:150} INFO - [2025-02-10T10:44:11.354+0000] {dagbag.py:541} INFO - Filling up the DagBag from /opt/airflow/dags/dag_ETL_final_prueba.py
[2025-02-10T10:44:11.383+0000] {processor.py:836} INFO - DAG(s) dict_keys(['DAG_ETL_daily_jobs_v2']) retrieved from /opt/airflow/dags/dag_ETL_final_prueba.py
[2025-02-10T10:44:11.428+0000] {logging_mixin.py:150} INFO - [2025-02-10T10:44:11.427+0000] {dag.py:2742} INFO - Sync 1 DAGs
[2025-02-10T10:44:11.463+0000] {logging_mixin.py:150} INFO - [2025-02-10T10:44:11.462+0000] {dag.py:3504} INFO - Setting next_dagrun for DAG_ETL_daily_jobs_v2 to 2025-02-10T09:00:00+00:00, run_after=2025-02-11T09:00:00+00:00
[2025-02-10T10:44:11.489+0000] {processor.py:179} INFO - Processing /opt/airflow/dags/dag_ETL_final_prueba.py took 0.142 seconds
[2025-02-10T10:44:41.745+0000] {processor.py:157} INFO - Started process (PID=1752) to work on /opt/airflow/dags/dag_ETL_final_prueba.py
[2025-02-10T10:44:41.746+0000] {processor.py:826} INFO - Processing file /opt/airflow/dags/dag_ETL_final_prueba.py for tasks to queue
[2025-02-10T10:44:41.748+0000] {logging_mixin.py:150} INFO - [2025-02-10T10:44:41.748+0000] {dagbag.py:541} INFO - Filling up the DagBag from /opt/airflow/dags/dag_ETL_final_prueba.py
[2025-02-10T10:44:41.778+0000] {processor.py:836} INFO - DAG(s) dict_keys(['DAG_ETL_daily_jobs_v2']) retrieved from /opt/airflow/dags/dag_ETL_final_prueba.py
[2025-02-10T10:44:41.847+0000] {logging_mixin.py:150} INFO - [2025-02-10T10:44:41.847+0000] {dag.py:2742} INFO - Sync 1 DAGs
[2025-02-10T10:44:41.902+0000] {logging_mixin.py:150} INFO - [2025-02-10T10:44:41.902+0000] {dag.py:3504} INFO - Setting next_dagrun for DAG_ETL_daily_jobs_v2 to 2025-02-10T09:00:00+00:00, run_after=2025-02-11T09:00:00+00:00
[2025-02-10T10:44:41.932+0000] {processor.py:179} INFO - Processing /opt/airflow/dags/dag_ETL_final_prueba.py took 0.193 seconds
[2025-02-10T10:45:12.141+0000] {processor.py:157} INFO - Started process (PID=1754) to work on /opt/airflow/dags/dag_ETL_final_prueba.py
[2025-02-10T10:45:12.144+0000] {processor.py:826} INFO - Processing file /opt/airflow/dags/dag_ETL_final_prueba.py for tasks to queue
[2025-02-10T10:45:12.146+0000] {logging_mixin.py:150} INFO - [2025-02-10T10:45:12.145+0000] {dagbag.py:541} INFO - Filling up the DagBag from /opt/airflow/dags/dag_ETL_final_prueba.py
[2025-02-10T10:45:12.176+0000] {processor.py:836} INFO - DAG(s) dict_keys(['DAG_ETL_daily_jobs_v2']) retrieved from /opt/airflow/dags/dag_ETL_final_prueba.py
[2025-02-10T10:45:12.219+0000] {logging_mixin.py:150} INFO - [2025-02-10T10:45:12.219+0000] {dag.py:2742} INFO - Sync 1 DAGs
[2025-02-10T10:45:12.260+0000] {logging_mixin.py:150} INFO - [2025-02-10T10:45:12.260+0000] {dag.py:3504} INFO - Setting next_dagrun for DAG_ETL_daily_jobs_v2 to 2025-02-10T09:00:00+00:00, run_after=2025-02-11T09:00:00+00:00
[2025-02-10T10:45:12.288+0000] {processor.py:179} INFO - Processing /opt/airflow/dags/dag_ETL_final_prueba.py took 0.154 seconds
[2025-02-10T10:45:42.437+0000] {processor.py:157} INFO - Started process (PID=1756) to work on /opt/airflow/dags/dag_ETL_final_prueba.py
[2025-02-10T10:45:42.441+0000] {processor.py:826} INFO - Processing file /opt/airflow/dags/dag_ETL_final_prueba.py for tasks to queue
[2025-02-10T10:45:42.443+0000] {logging_mixin.py:150} INFO - [2025-02-10T10:45:42.442+0000] {dagbag.py:541} INFO - Filling up the DagBag from /opt/airflow/dags/dag_ETL_final_prueba.py
[2025-02-10T10:45:42.465+0000] {processor.py:836} INFO - DAG(s) dict_keys(['DAG_ETL_daily_jobs_v2']) retrieved from /opt/airflow/dags/dag_ETL_final_prueba.py
[2025-02-10T10:45:42.526+0000] {logging_mixin.py:150} INFO - [2025-02-10T10:45:42.526+0000] {dag.py:2742} INFO - Sync 1 DAGs
[2025-02-10T10:45:42.579+0000] {logging_mixin.py:150} INFO - [2025-02-10T10:45:42.579+0000] {dag.py:3504} INFO - Setting next_dagrun for DAG_ETL_daily_jobs_v2 to 2025-02-10T09:00:00+00:00, run_after=2025-02-11T09:00:00+00:00
[2025-02-10T10:45:42.662+0000] {processor.py:179} INFO - Processing /opt/airflow/dags/dag_ETL_final_prueba.py took 0.230 seconds
[2025-02-10T10:46:12.796+0000] {processor.py:157} INFO - Started process (PID=1758) to work on /opt/airflow/dags/dag_ETL_final_prueba.py
[2025-02-10T10:46:12.818+0000] {processor.py:826} INFO - Processing file /opt/airflow/dags/dag_ETL_final_prueba.py for tasks to queue
[2025-02-10T10:46:12.820+0000] {logging_mixin.py:150} INFO - [2025-02-10T10:46:12.820+0000] {dagbag.py:541} INFO - Filling up the DagBag from /opt/airflow/dags/dag_ETL_final_prueba.py
[2025-02-10T10:46:12.849+0000] {processor.py:836} INFO - DAG(s) dict_keys(['DAG_ETL_daily_jobs_v2']) retrieved from /opt/airflow/dags/dag_ETL_final_prueba.py
[2025-02-10T10:46:12.901+0000] {logging_mixin.py:150} INFO - [2025-02-10T10:46:12.900+0000] {dag.py:2742} INFO - Sync 1 DAGs
[2025-02-10T10:46:12.940+0000] {logging_mixin.py:150} INFO - [2025-02-10T10:46:12.940+0000] {dag.py:3504} INFO - Setting next_dagrun for DAG_ETL_daily_jobs_v2 to 2025-02-10T09:00:00+00:00, run_after=2025-02-11T09:00:00+00:00
[2025-02-10T10:46:12.988+0000] {processor.py:179} INFO - Processing /opt/airflow/dags/dag_ETL_final_prueba.py took 0.207 seconds
[2025-02-10T10:46:43.155+0000] {processor.py:157} INFO - Started process (PID=1760) to work on /opt/airflow/dags/dag_ETL_final_prueba.py
[2025-02-10T10:46:43.162+0000] {processor.py:826} INFO - Processing file /opt/airflow/dags/dag_ETL_final_prueba.py for tasks to queue
[2025-02-10T10:46:43.164+0000] {logging_mixin.py:150} INFO - [2025-02-10T10:46:43.164+0000] {dagbag.py:541} INFO - Filling up the DagBag from /opt/airflow/dags/dag_ETL_final_prueba.py
[2025-02-10T10:46:43.195+0000] {processor.py:836} INFO - DAG(s) dict_keys(['DAG_ETL_daily_jobs_v2']) retrieved from /opt/airflow/dags/dag_ETL_final_prueba.py
[2025-02-10T10:46:43.257+0000] {logging_mixin.py:150} INFO - [2025-02-10T10:46:43.257+0000] {dag.py:2742} INFO - Sync 1 DAGs
[2025-02-10T10:46:43.320+0000] {logging_mixin.py:150} INFO - [2025-02-10T10:46:43.320+0000] {dag.py:3504} INFO - Setting next_dagrun for DAG_ETL_daily_jobs_v2 to 2025-02-10T09:00:00+00:00, run_after=2025-02-11T09:00:00+00:00
[2025-02-10T10:46:43.382+0000] {processor.py:179} INFO - Processing /opt/airflow/dags/dag_ETL_final_prueba.py took 0.232 seconds
[2025-02-10T10:47:13.588+0000] {processor.py:157} INFO - Started process (PID=1762) to work on /opt/airflow/dags/dag_ETL_final_prueba.py
[2025-02-10T10:47:13.591+0000] {processor.py:826} INFO - Processing file /opt/airflow/dags/dag_ETL_final_prueba.py for tasks to queue
[2025-02-10T10:47:13.593+0000] {logging_mixin.py:150} INFO - [2025-02-10T10:47:13.593+0000] {dagbag.py:541} INFO - Filling up the DagBag from /opt/airflow/dags/dag_ETL_final_prueba.py
[2025-02-10T10:47:13.628+0000] {processor.py:836} INFO - DAG(s) dict_keys(['DAG_ETL_daily_jobs_v2']) retrieved from /opt/airflow/dags/dag_ETL_final_prueba.py
[2025-02-10T10:47:13.683+0000] {logging_mixin.py:150} INFO - [2025-02-10T10:47:13.683+0000] {dag.py:2742} INFO - Sync 1 DAGs
[2025-02-10T10:47:13.728+0000] {logging_mixin.py:150} INFO - [2025-02-10T10:47:13.727+0000] {dag.py:3504} INFO - Setting next_dagrun for DAG_ETL_daily_jobs_v2 to 2025-02-10T09:00:00+00:00, run_after=2025-02-11T09:00:00+00:00
[2025-02-10T10:47:13.768+0000] {processor.py:179} INFO - Processing /opt/airflow/dags/dag_ETL_final_prueba.py took 0.187 seconds
[2025-02-10T10:47:44.027+0000] {processor.py:157} INFO - Started process (PID=1764) to work on /opt/airflow/dags/dag_ETL_final_prueba.py
[2025-02-10T10:47:44.029+0000] {processor.py:826} INFO - Processing file /opt/airflow/dags/dag_ETL_final_prueba.py for tasks to queue
[2025-02-10T10:47:44.031+0000] {logging_mixin.py:150} INFO - [2025-02-10T10:47:44.030+0000] {dagbag.py:541} INFO - Filling up the DagBag from /opt/airflow/dags/dag_ETL_final_prueba.py
[2025-02-10T10:47:44.057+0000] {processor.py:836} INFO - DAG(s) dict_keys(['DAG_ETL_daily_jobs_v2']) retrieved from /opt/airflow/dags/dag_ETL_final_prueba.py
[2025-02-10T10:47:44.100+0000] {logging_mixin.py:150} INFO - [2025-02-10T10:47:44.100+0000] {dag.py:2742} INFO - Sync 1 DAGs
[2025-02-10T10:47:44.132+0000] {logging_mixin.py:150} INFO - [2025-02-10T10:47:44.132+0000] {dag.py:3504} INFO - Setting next_dagrun for DAG_ETL_daily_jobs_v2 to 2025-02-10T09:00:00+00:00, run_after=2025-02-11T09:00:00+00:00
[2025-02-10T10:47:44.158+0000] {processor.py:179} INFO - Processing /opt/airflow/dags/dag_ETL_final_prueba.py took 0.135 seconds
[2025-02-10T10:48:14.275+0000] {processor.py:157} INFO - Started process (PID=1766) to work on /opt/airflow/dags/dag_ETL_final_prueba.py
[2025-02-10T10:48:14.276+0000] {processor.py:826} INFO - Processing file /opt/airflow/dags/dag_ETL_final_prueba.py for tasks to queue
[2025-02-10T10:48:14.278+0000] {logging_mixin.py:150} INFO - [2025-02-10T10:48:14.278+0000] {dagbag.py:541} INFO - Filling up the DagBag from /opt/airflow/dags/dag_ETL_final_prueba.py
[2025-02-10T10:48:14.316+0000] {processor.py:836} INFO - DAG(s) dict_keys(['DAG_ETL_daily_jobs_v2']) retrieved from /opt/airflow/dags/dag_ETL_final_prueba.py
[2025-02-10T10:48:14.389+0000] {logging_mixin.py:150} INFO - [2025-02-10T10:48:14.389+0000] {dag.py:2742} INFO - Sync 1 DAGs
[2025-02-10T10:48:14.437+0000] {logging_mixin.py:150} INFO - [2025-02-10T10:48:14.436+0000] {dag.py:3504} INFO - Setting next_dagrun for DAG_ETL_daily_jobs_v2 to 2025-02-10T09:00:00+00:00, run_after=2025-02-11T09:00:00+00:00
[2025-02-10T10:48:14.476+0000] {processor.py:179} INFO - Processing /opt/airflow/dags/dag_ETL_final_prueba.py took 0.207 seconds
[2025-02-10T10:48:44.553+0000] {processor.py:157} INFO - Started process (PID=1768) to work on /opt/airflow/dags/dag_ETL_final_prueba.py
[2025-02-10T10:48:44.555+0000] {processor.py:826} INFO - Processing file /opt/airflow/dags/dag_ETL_final_prueba.py for tasks to queue
[2025-02-10T10:48:44.557+0000] {logging_mixin.py:150} INFO - [2025-02-10T10:48:44.556+0000] {dagbag.py:541} INFO - Filling up the DagBag from /opt/airflow/dags/dag_ETL_final_prueba.py
[2025-02-10T10:48:44.582+0000] {processor.py:836} INFO - DAG(s) dict_keys(['DAG_ETL_daily_jobs_v2']) retrieved from /opt/airflow/dags/dag_ETL_final_prueba.py
[2025-02-10T10:48:44.623+0000] {logging_mixin.py:150} INFO - [2025-02-10T10:48:44.622+0000] {dag.py:2742} INFO - Sync 1 DAGs
[2025-02-10T10:48:44.662+0000] {logging_mixin.py:150} INFO - [2025-02-10T10:48:44.662+0000] {dag.py:3504} INFO - Setting next_dagrun for DAG_ETL_daily_jobs_v2 to 2025-02-10T09:00:00+00:00, run_after=2025-02-11T09:00:00+00:00
[2025-02-10T10:48:44.689+0000] {processor.py:179} INFO - Processing /opt/airflow/dags/dag_ETL_final_prueba.py took 0.141 seconds
[2025-02-10T10:49:14.882+0000] {processor.py:157} INFO - Started process (PID=1770) to work on /opt/airflow/dags/dag_ETL_final_prueba.py
[2025-02-10T10:49:14.884+0000] {processor.py:826} INFO - Processing file /opt/airflow/dags/dag_ETL_final_prueba.py for tasks to queue
[2025-02-10T10:49:14.885+0000] {logging_mixin.py:150} INFO - [2025-02-10T10:49:14.885+0000] {dagbag.py:541} INFO - Filling up the DagBag from /opt/airflow/dags/dag_ETL_final_prueba.py
[2025-02-10T10:49:14.917+0000] {processor.py:836} INFO - DAG(s) dict_keys(['DAG_ETL_daily_jobs_v2']) retrieved from /opt/airflow/dags/dag_ETL_final_prueba.py
[2025-02-10T10:49:14.963+0000] {logging_mixin.py:150} INFO - [2025-02-10T10:49:14.962+0000] {dag.py:2742} INFO - Sync 1 DAGs
[2025-02-10T10:49:14.995+0000] {logging_mixin.py:150} INFO - [2025-02-10T10:49:14.995+0000] {dag.py:3504} INFO - Setting next_dagrun for DAG_ETL_daily_jobs_v2 to 2025-02-10T09:00:00+00:00, run_after=2025-02-11T09:00:00+00:00
[2025-02-10T10:49:15.017+0000] {processor.py:179} INFO - Processing /opt/airflow/dags/dag_ETL_final_prueba.py took 0.142 seconds
[2025-02-10T10:49:45.178+0000] {processor.py:157} INFO - Started process (PID=1772) to work on /opt/airflow/dags/dag_ETL_final_prueba.py
[2025-02-10T10:49:45.180+0000] {processor.py:826} INFO - Processing file /opt/airflow/dags/dag_ETL_final_prueba.py for tasks to queue
[2025-02-10T10:49:45.183+0000] {logging_mixin.py:150} INFO - [2025-02-10T10:49:45.182+0000] {dagbag.py:541} INFO - Filling up the DagBag from /opt/airflow/dags/dag_ETL_final_prueba.py
[2025-02-10T10:49:45.221+0000] {processor.py:836} INFO - DAG(s) dict_keys(['DAG_ETL_daily_jobs_v2']) retrieved from /opt/airflow/dags/dag_ETL_final_prueba.py
[2025-02-10T10:49:45.274+0000] {logging_mixin.py:150} INFO - [2025-02-10T10:49:45.274+0000] {dag.py:2742} INFO - Sync 1 DAGs
[2025-02-10T10:49:45.320+0000] {logging_mixin.py:150} INFO - [2025-02-10T10:49:45.320+0000] {dag.py:3504} INFO - Setting next_dagrun for DAG_ETL_daily_jobs_v2 to 2025-02-10T09:00:00+00:00, run_after=2025-02-11T09:00:00+00:00
[2025-02-10T10:49:45.349+0000] {processor.py:179} INFO - Processing /opt/airflow/dags/dag_ETL_final_prueba.py took 0.179 seconds
[2025-02-10T10:50:15.450+0000] {processor.py:157} INFO - Started process (PID=1774) to work on /opt/airflow/dags/dag_ETL_final_prueba.py
[2025-02-10T10:50:15.462+0000] {processor.py:826} INFO - Processing file /opt/airflow/dags/dag_ETL_final_prueba.py for tasks to queue
[2025-02-10T10:50:15.464+0000] {logging_mixin.py:150} INFO - [2025-02-10T10:50:15.464+0000] {dagbag.py:541} INFO - Filling up the DagBag from /opt/airflow/dags/dag_ETL_final_prueba.py
[2025-02-10T10:50:15.488+0000] {processor.py:836} INFO - DAG(s) dict_keys(['DAG_ETL_daily_jobs_v2']) retrieved from /opt/airflow/dags/dag_ETL_final_prueba.py
[2025-02-10T10:50:15.539+0000] {logging_mixin.py:150} INFO - [2025-02-10T10:50:15.538+0000] {dag.py:2742} INFO - Sync 1 DAGs
[2025-02-10T10:50:15.597+0000] {logging_mixin.py:150} INFO - [2025-02-10T10:50:15.597+0000] {dag.py:3504} INFO - Setting next_dagrun for DAG_ETL_daily_jobs_v2 to 2025-02-10T09:00:00+00:00, run_after=2025-02-11T09:00:00+00:00
[2025-02-10T10:50:15.661+0000] {processor.py:179} INFO - Processing /opt/airflow/dags/dag_ETL_final_prueba.py took 0.218 seconds
[2025-02-10T10:50:46.049+0000] {processor.py:157} INFO - Started process (PID=1776) to work on /opt/airflow/dags/dag_ETL_final_prueba.py
[2025-02-10T10:50:46.051+0000] {processor.py:826} INFO - Processing file /opt/airflow/dags/dag_ETL_final_prueba.py for tasks to queue
[2025-02-10T10:50:46.054+0000] {logging_mixin.py:150} INFO - [2025-02-10T10:50:46.053+0000] {dagbag.py:541} INFO - Filling up the DagBag from /opt/airflow/dags/dag_ETL_final_prueba.py
[2025-02-10T10:50:46.089+0000] {processor.py:836} INFO - DAG(s) dict_keys(['DAG_ETL_daily_jobs_v2']) retrieved from /opt/airflow/dags/dag_ETL_final_prueba.py
[2025-02-10T10:50:46.151+0000] {logging_mixin.py:150} INFO - [2025-02-10T10:50:46.150+0000] {dag.py:2742} INFO - Sync 1 DAGs
[2025-02-10T10:50:46.198+0000] {logging_mixin.py:150} INFO - [2025-02-10T10:50:46.198+0000] {dag.py:3504} INFO - Setting next_dagrun for DAG_ETL_daily_jobs_v2 to 2025-02-10T09:00:00+00:00, run_after=2025-02-11T09:00:00+00:00
[2025-02-10T10:50:46.226+0000] {processor.py:179} INFO - Processing /opt/airflow/dags/dag_ETL_final_prueba.py took 0.188 seconds
