[2025-02-10T09:43:37.512+0000] {processor.py:157} INFO - Started process (PID=26) to work on /opt/airflow/dags/dag_ETL_silver.py
[2025-02-10T09:43:37.514+0000] {processor.py:826} INFO - Processing file /opt/airflow/dags/dag_ETL_silver.py for tasks to queue
[2025-02-10T09:43:37.515+0000] {logging_mixin.py:150} INFO - [2025-02-10T09:43:37.515+0000] {dagbag.py:541} INFO - Filling up the DagBag from /opt/airflow/dags/dag_ETL_silver.py
[2025-02-10T09:43:37.540+0000] {processor.py:836} INFO - DAG(s) dict_keys(['DAG_ETL_silver']) retrieved from /opt/airflow/dags/dag_ETL_silver.py
[2025-02-10T09:43:37.761+0000] {logging_mixin.py:150} INFO - [2025-02-10T09:43:37.761+0000] {manager.py:504} INFO - Created Permission View: can read on DAG:DAG_ETL_silver
[2025-02-10T09:43:37.784+0000] {logging_mixin.py:150} INFO - [2025-02-10T09:43:37.784+0000] {manager.py:504} INFO - Created Permission View: can edit on DAG:DAG_ETL_silver
[2025-02-10T09:43:37.800+0000] {logging_mixin.py:150} INFO - [2025-02-10T09:43:37.799+0000] {manager.py:504} INFO - Created Permission View: can delete on DAG:DAG_ETL_silver
[2025-02-10T09:43:37.826+0000] {logging_mixin.py:150} INFO - [2025-02-10T09:43:37.826+0000] {dag.py:2742} INFO - Sync 1 DAGs
[2025-02-10T09:43:37.846+0000] {logging_mixin.py:150} INFO - [2025-02-10T09:43:37.846+0000] {dag.py:2763} INFO - Creating ORM DAG for DAG_ETL_silver
[2025-02-10T09:43:37.868+0000] {logging_mixin.py:150} INFO - [2025-02-10T09:43:37.868+0000] {dag.py:3504} INFO - Setting next_dagrun for DAG_ETL_silver to None, run_after=None
[2025-02-10T09:43:37.924+0000] {processor.py:179} INFO - Processing /opt/airflow/dags/dag_ETL_silver.py took 0.417 seconds
[2025-02-10T09:44:08.743+0000] {processor.py:157} INFO - Started process (PID=84) to work on /opt/airflow/dags/dag_ETL_silver.py
[2025-02-10T09:44:08.745+0000] {processor.py:826} INFO - Processing file /opt/airflow/dags/dag_ETL_silver.py for tasks to queue
[2025-02-10T09:44:08.746+0000] {logging_mixin.py:150} INFO - [2025-02-10T09:44:08.746+0000] {dagbag.py:541} INFO - Filling up the DagBag from /opt/airflow/dags/dag_ETL_silver.py
[2025-02-10T09:44:08.767+0000] {processor.py:836} INFO - DAG(s) dict_keys(['DAG_ETL_silver']) retrieved from /opt/airflow/dags/dag_ETL_silver.py
[2025-02-10T09:44:08.816+0000] {logging_mixin.py:150} INFO - [2025-02-10T09:44:08.815+0000] {dag.py:2742} INFO - Sync 1 DAGs
[2025-02-10T09:44:08.857+0000] {logging_mixin.py:150} INFO - [2025-02-10T09:44:08.856+0000] {dag.py:3504} INFO - Setting next_dagrun for DAG_ETL_silver to None, run_after=None
[2025-02-10T09:44:08.896+0000] {processor.py:179} INFO - Processing /opt/airflow/dags/dag_ETL_silver.py took 0.158 seconds
[2025-02-10T09:44:39.249+0000] {processor.py:157} INFO - Started process (PID=96) to work on /opt/airflow/dags/dag_ETL_silver.py
[2025-02-10T09:44:39.260+0000] {processor.py:826} INFO - Processing file /opt/airflow/dags/dag_ETL_silver.py for tasks to queue
[2025-02-10T09:44:39.268+0000] {logging_mixin.py:150} INFO - [2025-02-10T09:44:39.263+0000] {dagbag.py:541} INFO - Filling up the DagBag from /opt/airflow/dags/dag_ETL_silver.py
[2025-02-10T09:44:39.302+0000] {processor.py:836} INFO - DAG(s) dict_keys(['DAG_ETL_silver']) retrieved from /opt/airflow/dags/dag_ETL_silver.py
[2025-02-10T09:44:39.372+0000] {logging_mixin.py:150} INFO - [2025-02-10T09:44:39.371+0000] {dag.py:2742} INFO - Sync 1 DAGs
[2025-02-10T09:44:39.448+0000] {logging_mixin.py:150} INFO - [2025-02-10T09:44:39.448+0000] {dag.py:3504} INFO - Setting next_dagrun for DAG_ETL_silver to None, run_after=None
[2025-02-10T09:44:39.509+0000] {processor.py:179} INFO - Processing /opt/airflow/dags/dag_ETL_silver.py took 0.279 seconds
[2025-02-10T09:45:09.877+0000] {processor.py:157} INFO - Started process (PID=116) to work on /opt/airflow/dags/dag_ETL_silver.py
[2025-02-10T09:45:09.879+0000] {processor.py:826} INFO - Processing file /opt/airflow/dags/dag_ETL_silver.py for tasks to queue
[2025-02-10T09:45:09.880+0000] {logging_mixin.py:150} INFO - [2025-02-10T09:45:09.880+0000] {dagbag.py:541} INFO - Filling up the DagBag from /opt/airflow/dags/dag_ETL_silver.py
[2025-02-10T09:45:09.906+0000] {processor.py:836} INFO - DAG(s) dict_keys(['DAG_ETL_silver']) retrieved from /opt/airflow/dags/dag_ETL_silver.py
[2025-02-10T09:45:09.962+0000] {logging_mixin.py:150} INFO - [2025-02-10T09:45:09.961+0000] {dag.py:2742} INFO - Sync 1 DAGs
[2025-02-10T09:45:10.011+0000] {logging_mixin.py:150} INFO - [2025-02-10T09:45:10.011+0000] {dag.py:3504} INFO - Setting next_dagrun for DAG_ETL_silver to None, run_after=None
[2025-02-10T09:45:10.047+0000] {processor.py:179} INFO - Processing /opt/airflow/dags/dag_ETL_silver.py took 0.179 seconds
[2025-02-10T09:45:40.552+0000] {processor.py:157} INFO - Started process (PID=127) to work on /opt/airflow/dags/dag_ETL_silver.py
[2025-02-10T09:45:40.555+0000] {processor.py:826} INFO - Processing file /opt/airflow/dags/dag_ETL_silver.py for tasks to queue
[2025-02-10T09:45:40.558+0000] {logging_mixin.py:150} INFO - [2025-02-10T09:45:40.557+0000] {dagbag.py:541} INFO - Filling up the DagBag from /opt/airflow/dags/dag_ETL_silver.py
[2025-02-10T09:45:40.579+0000] {processor.py:836} INFO - DAG(s) dict_keys(['DAG_ETL_silver']) retrieved from /opt/airflow/dags/dag_ETL_silver.py
[2025-02-10T09:45:40.632+0000] {logging_mixin.py:150} INFO - [2025-02-10T09:45:40.632+0000] {dag.py:2742} INFO - Sync 1 DAGs
[2025-02-10T09:45:40.671+0000] {logging_mixin.py:150} INFO - [2025-02-10T09:45:40.671+0000] {dag.py:3504} INFO - Setting next_dagrun for DAG_ETL_silver to None, run_after=None
[2025-02-10T09:45:40.712+0000] {processor.py:179} INFO - Processing /opt/airflow/dags/dag_ETL_silver.py took 0.166 seconds
[2025-02-10T09:46:11.735+0000] {processor.py:157} INFO - Started process (PID=138) to work on /opt/airflow/dags/dag_ETL_silver.py
[2025-02-10T09:46:11.737+0000] {processor.py:826} INFO - Processing file /opt/airflow/dags/dag_ETL_silver.py for tasks to queue
[2025-02-10T09:46:11.740+0000] {logging_mixin.py:150} INFO - [2025-02-10T09:46:11.739+0000] {dagbag.py:541} INFO - Filling up the DagBag from /opt/airflow/dags/dag_ETL_silver.py
[2025-02-10T09:46:11.763+0000] {processor.py:836} INFO - DAG(s) dict_keys(['DAG_ETL_silver']) retrieved from /opt/airflow/dags/dag_ETL_silver.py
[2025-02-10T09:46:11.865+0000] {logging_mixin.py:150} INFO - [2025-02-10T09:46:11.865+0000] {dag.py:2742} INFO - Sync 1 DAGs
[2025-02-10T09:46:11.901+0000] {logging_mixin.py:150} INFO - [2025-02-10T09:46:11.901+0000] {dag.py:3504} INFO - Setting next_dagrun for DAG_ETL_silver to None, run_after=None
[2025-02-10T09:46:11.931+0000] {processor.py:179} INFO - Processing /opt/airflow/dags/dag_ETL_silver.py took 0.202 seconds
[2025-02-10T09:46:42.774+0000] {processor.py:157} INFO - Started process (PID=150) to work on /opt/airflow/dags/dag_ETL_silver.py
[2025-02-10T09:46:42.778+0000] {processor.py:826} INFO - Processing file /opt/airflow/dags/dag_ETL_silver.py for tasks to queue
[2025-02-10T09:46:42.781+0000] {logging_mixin.py:150} INFO - [2025-02-10T09:46:42.781+0000] {dagbag.py:541} INFO - Filling up the DagBag from /opt/airflow/dags/dag_ETL_silver.py
[2025-02-10T09:46:42.818+0000] {processor.py:836} INFO - DAG(s) dict_keys(['DAG_ETL_silver']) retrieved from /opt/airflow/dags/dag_ETL_silver.py
[2025-02-10T09:46:42.887+0000] {logging_mixin.py:150} INFO - [2025-02-10T09:46:42.887+0000] {dag.py:2742} INFO - Sync 1 DAGs
[2025-02-10T09:46:42.930+0000] {logging_mixin.py:150} INFO - [2025-02-10T09:46:42.930+0000] {dag.py:3504} INFO - Setting next_dagrun for DAG_ETL_silver to None, run_after=None
[2025-02-10T09:46:42.966+0000] {processor.py:179} INFO - Processing /opt/airflow/dags/dag_ETL_silver.py took 0.201 seconds
[2025-02-10T09:47:13.540+0000] {processor.py:157} INFO - Started process (PID=253) to work on /opt/airflow/dags/dag_ETL_silver.py
[2025-02-10T09:47:13.550+0000] {processor.py:826} INFO - Processing file /opt/airflow/dags/dag_ETL_silver.py for tasks to queue
[2025-02-10T09:47:13.554+0000] {logging_mixin.py:150} INFO - [2025-02-10T09:47:13.554+0000] {dagbag.py:541} INFO - Filling up the DagBag from /opt/airflow/dags/dag_ETL_silver.py
[2025-02-10T09:47:13.590+0000] {processor.py:836} INFO - DAG(s) dict_keys(['DAG_ETL_silver']) retrieved from /opt/airflow/dags/dag_ETL_silver.py
[2025-02-10T09:47:13.779+0000] {logging_mixin.py:150} INFO - [2025-02-10T09:47:13.778+0000] {dag.py:2742} INFO - Sync 1 DAGs
[2025-02-10T09:47:13.878+0000] {logging_mixin.py:150} INFO - [2025-02-10T09:47:13.878+0000] {dag.py:3504} INFO - Setting next_dagrun for DAG_ETL_silver to None, run_after=None
[2025-02-10T09:47:13.943+0000] {processor.py:179} INFO - Processing /opt/airflow/dags/dag_ETL_silver.py took 0.421 seconds
[2025-02-10T09:47:44.124+0000] {processor.py:157} INFO - Started process (PID=269) to work on /opt/airflow/dags/dag_ETL_silver.py
[2025-02-10T09:47:44.126+0000] {processor.py:826} INFO - Processing file /opt/airflow/dags/dag_ETL_silver.py for tasks to queue
[2025-02-10T09:47:44.128+0000] {logging_mixin.py:150} INFO - [2025-02-10T09:47:44.127+0000] {dagbag.py:541} INFO - Filling up the DagBag from /opt/airflow/dags/dag_ETL_silver.py
[2025-02-10T09:47:44.147+0000] {processor.py:836} INFO - DAG(s) dict_keys(['DAG_ETL_silver']) retrieved from /opt/airflow/dags/dag_ETL_silver.py
[2025-02-10T09:47:44.187+0000] {logging_mixin.py:150} INFO - [2025-02-10T09:47:44.187+0000] {dag.py:2742} INFO - Sync 1 DAGs
[2025-02-10T09:47:44.226+0000] {logging_mixin.py:150} INFO - [2025-02-10T09:47:44.225+0000] {dag.py:3504} INFO - Setting next_dagrun for DAG_ETL_silver to None, run_after=None
[2025-02-10T09:47:44.252+0000] {processor.py:179} INFO - Processing /opt/airflow/dags/dag_ETL_silver.py took 0.133 seconds
[2025-02-10T09:48:14.439+0000] {processor.py:157} INFO - Started process (PID=279) to work on /opt/airflow/dags/dag_ETL_silver.py
[2025-02-10T09:48:14.444+0000] {processor.py:826} INFO - Processing file /opt/airflow/dags/dag_ETL_silver.py for tasks to queue
[2025-02-10T09:48:14.446+0000] {logging_mixin.py:150} INFO - [2025-02-10T09:48:14.446+0000] {dagbag.py:541} INFO - Filling up the DagBag from /opt/airflow/dags/dag_ETL_silver.py
[2025-02-10T09:48:14.472+0000] {processor.py:836} INFO - DAG(s) dict_keys(['DAG_ETL_silver']) retrieved from /opt/airflow/dags/dag_ETL_silver.py
[2025-02-10T09:48:14.531+0000] {logging_mixin.py:150} INFO - [2025-02-10T09:48:14.531+0000] {dag.py:2742} INFO - Sync 1 DAGs
[2025-02-10T09:48:14.569+0000] {logging_mixin.py:150} INFO - [2025-02-10T09:48:14.569+0000] {dag.py:3504} INFO - Setting next_dagrun for DAG_ETL_silver to None, run_after=None
[2025-02-10T09:48:14.602+0000] {processor.py:179} INFO - Processing /opt/airflow/dags/dag_ETL_silver.py took 0.167 seconds
[2025-02-10T09:48:45.024+0000] {processor.py:157} INFO - Started process (PID=291) to work on /opt/airflow/dags/dag_ETL_silver.py
[2025-02-10T09:48:45.026+0000] {processor.py:826} INFO - Processing file /opt/airflow/dags/dag_ETL_silver.py for tasks to queue
[2025-02-10T09:48:45.027+0000] {logging_mixin.py:150} INFO - [2025-02-10T09:48:45.027+0000] {dagbag.py:541} INFO - Filling up the DagBag from /opt/airflow/dags/dag_ETL_silver.py
[2025-02-10T09:48:45.061+0000] {processor.py:836} INFO - DAG(s) dict_keys(['DAG_ETL_silver']) retrieved from /opt/airflow/dags/dag_ETL_silver.py
[2025-02-10T09:48:45.121+0000] {logging_mixin.py:150} INFO - [2025-02-10T09:48:45.121+0000] {dag.py:2742} INFO - Sync 1 DAGs
[2025-02-10T09:48:45.185+0000] {logging_mixin.py:150} INFO - [2025-02-10T09:48:45.185+0000] {dag.py:3504} INFO - Setting next_dagrun for DAG_ETL_silver to None, run_after=None
[2025-02-10T09:48:45.492+0000] {processor.py:179} INFO - Processing /opt/airflow/dags/dag_ETL_silver.py took 0.473 seconds
[2025-02-10T09:49:16.197+0000] {processor.py:157} INFO - Started process (PID=302) to work on /opt/airflow/dags/dag_ETL_silver.py
[2025-02-10T09:49:16.202+0000] {processor.py:826} INFO - Processing file /opt/airflow/dags/dag_ETL_silver.py for tasks to queue
[2025-02-10T09:49:16.204+0000] {logging_mixin.py:150} INFO - [2025-02-10T09:49:16.203+0000] {dagbag.py:541} INFO - Filling up the DagBag from /opt/airflow/dags/dag_ETL_silver.py
[2025-02-10T09:49:16.234+0000] {processor.py:836} INFO - DAG(s) dict_keys(['DAG_ETL_silver']) retrieved from /opt/airflow/dags/dag_ETL_silver.py
[2025-02-10T09:49:16.289+0000] {logging_mixin.py:150} INFO - [2025-02-10T09:49:16.289+0000] {dag.py:2742} INFO - Sync 1 DAGs
[2025-02-10T09:49:16.349+0000] {logging_mixin.py:150} INFO - [2025-02-10T09:49:16.348+0000] {dag.py:3504} INFO - Setting next_dagrun for DAG_ETL_silver to None, run_after=None
[2025-02-10T09:49:16.385+0000] {processor.py:179} INFO - Processing /opt/airflow/dags/dag_ETL_silver.py took 0.193 seconds
[2025-02-10T09:49:47.038+0000] {processor.py:157} INFO - Started process (PID=313) to work on /opt/airflow/dags/dag_ETL_silver.py
[2025-02-10T09:49:47.040+0000] {processor.py:826} INFO - Processing file /opt/airflow/dags/dag_ETL_silver.py for tasks to queue
[2025-02-10T09:49:47.042+0000] {logging_mixin.py:150} INFO - [2025-02-10T09:49:47.041+0000] {dagbag.py:541} INFO - Filling up the DagBag from /opt/airflow/dags/dag_ETL_silver.py
[2025-02-10T09:49:47.068+0000] {processor.py:836} INFO - DAG(s) dict_keys(['DAG_ETL_silver']) retrieved from /opt/airflow/dags/dag_ETL_silver.py
[2025-02-10T09:49:47.144+0000] {logging_mixin.py:150} INFO - [2025-02-10T09:49:47.144+0000] {dag.py:2742} INFO - Sync 1 DAGs
[2025-02-10T09:49:47.196+0000] {logging_mixin.py:150} INFO - [2025-02-10T09:49:47.195+0000] {dag.py:3504} INFO - Setting next_dagrun for DAG_ETL_silver to None, run_after=None
[2025-02-10T09:49:47.239+0000] {processor.py:179} INFO - Processing /opt/airflow/dags/dag_ETL_silver.py took 0.212 seconds
[2025-02-10T09:50:17.422+0000] {processor.py:157} INFO - Started process (PID=324) to work on /opt/airflow/dags/dag_ETL_silver.py
[2025-02-10T09:50:17.424+0000] {processor.py:826} INFO - Processing file /opt/airflow/dags/dag_ETL_silver.py for tasks to queue
[2025-02-10T09:50:17.425+0000] {logging_mixin.py:150} INFO - [2025-02-10T09:50:17.425+0000] {dagbag.py:541} INFO - Filling up the DagBag from /opt/airflow/dags/dag_ETL_silver.py
[2025-02-10T09:50:17.447+0000] {processor.py:836} INFO - DAG(s) dict_keys(['DAG_ETL_silver']) retrieved from /opt/airflow/dags/dag_ETL_silver.py
[2025-02-10T09:50:17.498+0000] {logging_mixin.py:150} INFO - [2025-02-10T09:50:17.498+0000] {dag.py:2742} INFO - Sync 1 DAGs
[2025-02-10T09:50:17.593+0000] {logging_mixin.py:150} INFO - [2025-02-10T09:50:17.593+0000] {dag.py:3504} INFO - Setting next_dagrun for DAG_ETL_silver to None, run_after=None
[2025-02-10T09:50:17.627+0000] {processor.py:179} INFO - Processing /opt/airflow/dags/dag_ETL_silver.py took 0.211 seconds
[2025-02-10T09:50:47.758+0000] {processor.py:157} INFO - Started process (PID=383) to work on /opt/airflow/dags/dag_ETL_silver.py
[2025-02-10T09:50:47.762+0000] {processor.py:826} INFO - Processing file /opt/airflow/dags/dag_ETL_silver.py for tasks to queue
[2025-02-10T09:50:47.765+0000] {logging_mixin.py:150} INFO - [2025-02-10T09:50:47.764+0000] {dagbag.py:541} INFO - Filling up the DagBag from /opt/airflow/dags/dag_ETL_silver.py
[2025-02-10T09:50:47.791+0000] {processor.py:836} INFO - DAG(s) dict_keys(['DAG_ETL_silver']) retrieved from /opt/airflow/dags/dag_ETL_silver.py
[2025-02-10T09:50:47.841+0000] {logging_mixin.py:150} INFO - [2025-02-10T09:50:47.841+0000] {dag.py:2742} INFO - Sync 1 DAGs
[2025-02-10T09:50:47.882+0000] {logging_mixin.py:150} INFO - [2025-02-10T09:50:47.882+0000] {dag.py:3504} INFO - Setting next_dagrun for DAG_ETL_silver to None, run_after=None
[2025-02-10T09:50:47.920+0000] {processor.py:179} INFO - Processing /opt/airflow/dags/dag_ETL_silver.py took 0.169 seconds
[2025-02-10T09:51:18.367+0000] {processor.py:157} INFO - Started process (PID=394) to work on /opt/airflow/dags/dag_ETL_silver.py
[2025-02-10T09:51:18.370+0000] {processor.py:826} INFO - Processing file /opt/airflow/dags/dag_ETL_silver.py for tasks to queue
[2025-02-10T09:51:18.377+0000] {logging_mixin.py:150} INFO - [2025-02-10T09:51:18.376+0000] {dagbag.py:541} INFO - Filling up the DagBag from /opt/airflow/dags/dag_ETL_silver.py
[2025-02-10T09:51:18.417+0000] {processor.py:836} INFO - DAG(s) dict_keys(['DAG_ETL_silver']) retrieved from /opt/airflow/dags/dag_ETL_silver.py
[2025-02-10T09:51:18.486+0000] {logging_mixin.py:150} INFO - [2025-02-10T09:51:18.485+0000] {dag.py:2742} INFO - Sync 1 DAGs
[2025-02-10T09:51:18.529+0000] {logging_mixin.py:150} INFO - [2025-02-10T09:51:18.528+0000] {dag.py:3504} INFO - Setting next_dagrun for DAG_ETL_silver to None, run_after=None
[2025-02-10T09:51:18.566+0000] {processor.py:179} INFO - Processing /opt/airflow/dags/dag_ETL_silver.py took 0.208 seconds
[2025-02-10T09:51:48.691+0000] {processor.py:157} INFO - Started process (PID=405) to work on /opt/airflow/dags/dag_ETL_silver.py
[2025-02-10T09:51:48.693+0000] {processor.py:826} INFO - Processing file /opt/airflow/dags/dag_ETL_silver.py for tasks to queue
[2025-02-10T09:51:48.694+0000] {logging_mixin.py:150} INFO - [2025-02-10T09:51:48.694+0000] {dagbag.py:541} INFO - Filling up the DagBag from /opt/airflow/dags/dag_ETL_silver.py
[2025-02-10T09:51:48.714+0000] {processor.py:836} INFO - DAG(s) dict_keys(['DAG_ETL_silver']) retrieved from /opt/airflow/dags/dag_ETL_silver.py
[2025-02-10T09:51:48.772+0000] {logging_mixin.py:150} INFO - [2025-02-10T09:51:48.772+0000] {dag.py:2742} INFO - Sync 1 DAGs
[2025-02-10T09:51:48.815+0000] {logging_mixin.py:150} INFO - [2025-02-10T09:51:48.815+0000] {dag.py:3504} INFO - Setting next_dagrun for DAG_ETL_silver to None, run_after=None
[2025-02-10T09:51:48.849+0000] {processor.py:179} INFO - Processing /opt/airflow/dags/dag_ETL_silver.py took 0.163 seconds
[2025-02-10T09:52:18.997+0000] {processor.py:157} INFO - Started process (PID=416) to work on /opt/airflow/dags/dag_ETL_silver.py
[2025-02-10T09:52:18.998+0000] {processor.py:826} INFO - Processing file /opt/airflow/dags/dag_ETL_silver.py for tasks to queue
[2025-02-10T09:52:19.001+0000] {logging_mixin.py:150} INFO - [2025-02-10T09:52:19.000+0000] {dagbag.py:541} INFO - Filling up the DagBag from /opt/airflow/dags/dag_ETL_silver.py
[2025-02-10T09:52:19.022+0000] {processor.py:836} INFO - DAG(s) dict_keys(['DAG_ETL_silver']) retrieved from /opt/airflow/dags/dag_ETL_silver.py
[2025-02-10T09:52:19.072+0000] {logging_mixin.py:150} INFO - [2025-02-10T09:52:19.072+0000] {dag.py:2742} INFO - Sync 1 DAGs
[2025-02-10T09:52:19.114+0000] {logging_mixin.py:150} INFO - [2025-02-10T09:52:19.114+0000] {dag.py:3504} INFO - Setting next_dagrun for DAG_ETL_silver to None, run_after=None
[2025-02-10T09:52:19.148+0000] {processor.py:179} INFO - Processing /opt/airflow/dags/dag_ETL_silver.py took 0.156 seconds
[2025-02-10T09:52:49.313+0000] {processor.py:157} INFO - Started process (PID=427) to work on /opt/airflow/dags/dag_ETL_silver.py
[2025-02-10T09:52:49.315+0000] {processor.py:826} INFO - Processing file /opt/airflow/dags/dag_ETL_silver.py for tasks to queue
[2025-02-10T09:52:49.317+0000] {logging_mixin.py:150} INFO - [2025-02-10T09:52:49.316+0000] {dagbag.py:541} INFO - Filling up the DagBag from /opt/airflow/dags/dag_ETL_silver.py
[2025-02-10T09:52:49.344+0000] {processor.py:836} INFO - DAG(s) dict_keys(['DAG_ETL_silver']) retrieved from /opt/airflow/dags/dag_ETL_silver.py
[2025-02-10T09:52:49.393+0000] {logging_mixin.py:150} INFO - [2025-02-10T09:52:49.393+0000] {dag.py:2742} INFO - Sync 1 DAGs
[2025-02-10T09:52:49.436+0000] {logging_mixin.py:150} INFO - [2025-02-10T09:52:49.436+0000] {dag.py:3504} INFO - Setting next_dagrun for DAG_ETL_silver to None, run_after=None
[2025-02-10T09:52:49.474+0000] {processor.py:179} INFO - Processing /opt/airflow/dags/dag_ETL_silver.py took 0.167 seconds
[2025-02-10T09:53:19.994+0000] {processor.py:157} INFO - Started process (PID=438) to work on /opt/airflow/dags/dag_ETL_silver.py
[2025-02-10T09:53:19.996+0000] {processor.py:826} INFO - Processing file /opt/airflow/dags/dag_ETL_silver.py for tasks to queue
[2025-02-10T09:53:19.998+0000] {logging_mixin.py:150} INFO - [2025-02-10T09:53:19.997+0000] {dagbag.py:541} INFO - Filling up the DagBag from /opt/airflow/dags/dag_ETL_silver.py
[2025-02-10T09:53:20.022+0000] {processor.py:836} INFO - DAG(s) dict_keys(['DAG_ETL_silver']) retrieved from /opt/airflow/dags/dag_ETL_silver.py
[2025-02-10T09:53:20.079+0000] {logging_mixin.py:150} INFO - [2025-02-10T09:53:20.079+0000] {dag.py:2742} INFO - Sync 1 DAGs
[2025-02-10T09:53:20.121+0000] {logging_mixin.py:150} INFO - [2025-02-10T09:53:20.121+0000] {dag.py:3504} INFO - Setting next_dagrun for DAG_ETL_silver to None, run_after=None
[2025-02-10T09:53:20.149+0000] {processor.py:179} INFO - Processing /opt/airflow/dags/dag_ETL_silver.py took 0.163 seconds
[2025-02-10T09:53:50.592+0000] {processor.py:157} INFO - Started process (PID=449) to work on /opt/airflow/dags/dag_ETL_silver.py
[2025-02-10T09:53:50.596+0000] {processor.py:826} INFO - Processing file /opt/airflow/dags/dag_ETL_silver.py for tasks to queue
[2025-02-10T09:53:50.597+0000] {logging_mixin.py:150} INFO - [2025-02-10T09:53:50.597+0000] {dagbag.py:541} INFO - Filling up the DagBag from /opt/airflow/dags/dag_ETL_silver.py
[2025-02-10T09:53:50.671+0000] {processor.py:836} INFO - DAG(s) dict_keys(['DAG_ETL_silver']) retrieved from /opt/airflow/dags/dag_ETL_silver.py
[2025-02-10T09:53:50.715+0000] {logging_mixin.py:150} INFO - [2025-02-10T09:53:50.715+0000] {dag.py:2742} INFO - Sync 1 DAGs
[2025-02-10T09:53:50.753+0000] {logging_mixin.py:150} INFO - [2025-02-10T09:53:50.752+0000] {dag.py:3504} INFO - Setting next_dagrun for DAG_ETL_silver to None, run_after=None
[2025-02-10T09:53:50.788+0000] {processor.py:179} INFO - Processing /opt/airflow/dags/dag_ETL_silver.py took 0.212 seconds
[2025-02-10T09:54:21.294+0000] {processor.py:157} INFO - Started process (PID=460) to work on /opt/airflow/dags/dag_ETL_silver.py
[2025-02-10T09:54:21.296+0000] {processor.py:826} INFO - Processing file /opt/airflow/dags/dag_ETL_silver.py for tasks to queue
[2025-02-10T09:54:21.297+0000] {logging_mixin.py:150} INFO - [2025-02-10T09:54:21.297+0000] {dagbag.py:541} INFO - Filling up the DagBag from /opt/airflow/dags/dag_ETL_silver.py
[2025-02-10T09:54:21.325+0000] {processor.py:836} INFO - DAG(s) dict_keys(['DAG_ETL_silver']) retrieved from /opt/airflow/dags/dag_ETL_silver.py
[2025-02-10T09:54:21.372+0000] {logging_mixin.py:150} INFO - [2025-02-10T09:54:21.372+0000] {dag.py:2742} INFO - Sync 1 DAGs
[2025-02-10T09:54:21.410+0000] {logging_mixin.py:150} INFO - [2025-02-10T09:54:21.410+0000] {dag.py:3504} INFO - Setting next_dagrun for DAG_ETL_silver to None, run_after=None
[2025-02-10T09:54:21.444+0000] {processor.py:179} INFO - Processing /opt/airflow/dags/dag_ETL_silver.py took 0.154 seconds
[2025-02-10T09:54:51.630+0000] {processor.py:157} INFO - Started process (PID=471) to work on /opt/airflow/dags/dag_ETL_silver.py
[2025-02-10T09:54:51.632+0000] {processor.py:826} INFO - Processing file /opt/airflow/dags/dag_ETL_silver.py for tasks to queue
[2025-02-10T09:54:51.633+0000] {logging_mixin.py:150} INFO - [2025-02-10T09:54:51.632+0000] {dagbag.py:541} INFO - Filling up the DagBag from /opt/airflow/dags/dag_ETL_silver.py
[2025-02-10T09:54:51.658+0000] {processor.py:836} INFO - DAG(s) dict_keys(['DAG_ETL_silver']) retrieved from /opt/airflow/dags/dag_ETL_silver.py
[2025-02-10T09:54:51.715+0000] {logging_mixin.py:150} INFO - [2025-02-10T09:54:51.715+0000] {dag.py:2742} INFO - Sync 1 DAGs
[2025-02-10T09:54:51.762+0000] {logging_mixin.py:150} INFO - [2025-02-10T09:54:51.762+0000] {dag.py:3504} INFO - Setting next_dagrun for DAG_ETL_silver to None, run_after=None
[2025-02-10T09:54:51.797+0000] {processor.py:179} INFO - Processing /opt/airflow/dags/dag_ETL_silver.py took 0.172 seconds
[2025-02-10T09:55:22.386+0000] {processor.py:157} INFO - Started process (PID=482) to work on /opt/airflow/dags/dag_ETL_silver.py
[2025-02-10T09:55:22.388+0000] {processor.py:826} INFO - Processing file /opt/airflow/dags/dag_ETL_silver.py for tasks to queue
[2025-02-10T09:55:22.390+0000] {logging_mixin.py:150} INFO - [2025-02-10T09:55:22.390+0000] {dagbag.py:541} INFO - Filling up the DagBag from /opt/airflow/dags/dag_ETL_silver.py
[2025-02-10T09:55:22.407+0000] {processor.py:836} INFO - DAG(s) dict_keys(['DAG_ETL_silver']) retrieved from /opt/airflow/dags/dag_ETL_silver.py
[2025-02-10T09:55:22.463+0000] {logging_mixin.py:150} INFO - [2025-02-10T09:55:22.463+0000] {dag.py:2742} INFO - Sync 1 DAGs
[2025-02-10T09:55:22.502+0000] {logging_mixin.py:150} INFO - [2025-02-10T09:55:22.502+0000] {dag.py:3504} INFO - Setting next_dagrun for DAG_ETL_silver to None, run_after=None
[2025-02-10T09:55:22.541+0000] {processor.py:179} INFO - Processing /opt/airflow/dags/dag_ETL_silver.py took 0.161 seconds
[2025-02-10T09:55:54.388+0000] {processor.py:157} INFO - Started process (PID=494) to work on /opt/airflow/dags/dag_ETL_silver.py
[2025-02-10T09:55:54.394+0000] {processor.py:826} INFO - Processing file /opt/airflow/dags/dag_ETL_silver.py for tasks to queue
[2025-02-10T09:55:54.396+0000] {logging_mixin.py:150} INFO - [2025-02-10T09:55:54.395+0000] {dagbag.py:541} INFO - Filling up the DagBag from /opt/airflow/dags/dag_ETL_silver.py
[2025-02-10T09:55:54.420+0000] {processor.py:836} INFO - DAG(s) dict_keys(['DAG_ETL_silver']) retrieved from /opt/airflow/dags/dag_ETL_silver.py
[2025-02-10T09:55:54.480+0000] {logging_mixin.py:150} INFO - [2025-02-10T09:55:54.479+0000] {dag.py:2742} INFO - Sync 1 DAGs
[2025-02-10T09:55:54.555+0000] {logging_mixin.py:150} INFO - [2025-02-10T09:55:54.555+0000] {dag.py:3504} INFO - Setting next_dagrun for DAG_ETL_silver to None, run_after=None
[2025-02-10T09:55:54.604+0000] {processor.py:179} INFO - Processing /opt/airflow/dags/dag_ETL_silver.py took 0.247 seconds
[2025-02-10T09:56:25.141+0000] {processor.py:157} INFO - Started process (PID=552) to work on /opt/airflow/dags/dag_ETL_silver.py
[2025-02-10T09:56:25.145+0000] {processor.py:826} INFO - Processing file /opt/airflow/dags/dag_ETL_silver.py for tasks to queue
[2025-02-10T09:56:25.146+0000] {logging_mixin.py:150} INFO - [2025-02-10T09:56:25.146+0000] {dagbag.py:541} INFO - Filling up the DagBag from /opt/airflow/dags/dag_ETL_silver.py
[2025-02-10T09:56:25.168+0000] {processor.py:836} INFO - DAG(s) dict_keys(['DAG_ETL_silver']) retrieved from /opt/airflow/dags/dag_ETL_silver.py
[2025-02-10T09:56:25.221+0000] {logging_mixin.py:150} INFO - [2025-02-10T09:56:25.220+0000] {dag.py:2742} INFO - Sync 1 DAGs
[2025-02-10T09:56:25.267+0000] {logging_mixin.py:150} INFO - [2025-02-10T09:56:25.267+0000] {dag.py:3504} INFO - Setting next_dagrun for DAG_ETL_silver to None, run_after=None
[2025-02-10T09:56:25.307+0000] {processor.py:179} INFO - Processing /opt/airflow/dags/dag_ETL_silver.py took 0.174 seconds
[2025-02-10T09:56:55.440+0000] {processor.py:157} INFO - Started process (PID=563) to work on /opt/airflow/dags/dag_ETL_silver.py
[2025-02-10T09:56:55.441+0000] {processor.py:826} INFO - Processing file /opt/airflow/dags/dag_ETL_silver.py for tasks to queue
[2025-02-10T09:56:55.442+0000] {logging_mixin.py:150} INFO - [2025-02-10T09:56:55.442+0000] {dagbag.py:541} INFO - Filling up the DagBag from /opt/airflow/dags/dag_ETL_silver.py
[2025-02-10T09:56:55.459+0000] {processor.py:836} INFO - DAG(s) dict_keys(['DAG_ETL_silver']) retrieved from /opt/airflow/dags/dag_ETL_silver.py
[2025-02-10T09:56:55.497+0000] {logging_mixin.py:150} INFO - [2025-02-10T09:56:55.497+0000] {dag.py:2742} INFO - Sync 1 DAGs
[2025-02-10T09:56:55.531+0000] {logging_mixin.py:150} INFO - [2025-02-10T09:56:55.531+0000] {dag.py:3504} INFO - Setting next_dagrun for DAG_ETL_silver to None, run_after=None
[2025-02-10T09:56:55.552+0000] {processor.py:179} INFO - Processing /opt/airflow/dags/dag_ETL_silver.py took 0.116 seconds
[2025-02-10T09:57:26.033+0000] {processor.py:157} INFO - Started process (PID=574) to work on /opt/airflow/dags/dag_ETL_silver.py
[2025-02-10T09:57:26.042+0000] {processor.py:826} INFO - Processing file /opt/airflow/dags/dag_ETL_silver.py for tasks to queue
[2025-02-10T09:57:26.052+0000] {logging_mixin.py:150} INFO - [2025-02-10T09:57:26.051+0000] {dagbag.py:541} INFO - Filling up the DagBag from /opt/airflow/dags/dag_ETL_silver.py
[2025-02-10T09:57:26.071+0000] {processor.py:836} INFO - DAG(s) dict_keys(['DAG_ETL_silver']) retrieved from /opt/airflow/dags/dag_ETL_silver.py
[2025-02-10T09:57:26.141+0000] {logging_mixin.py:150} INFO - [2025-02-10T09:57:26.141+0000] {dag.py:2742} INFO - Sync 1 DAGs
[2025-02-10T09:57:26.183+0000] {logging_mixin.py:150} INFO - [2025-02-10T09:57:26.183+0000] {dag.py:3504} INFO - Setting next_dagrun for DAG_ETL_silver to None, run_after=None
[2025-02-10T09:57:26.217+0000] {processor.py:179} INFO - Processing /opt/airflow/dags/dag_ETL_silver.py took 0.191 seconds
[2025-02-10T09:57:56.433+0000] {processor.py:157} INFO - Started process (PID=585) to work on /opt/airflow/dags/dag_ETL_silver.py
[2025-02-10T09:57:56.435+0000] {processor.py:826} INFO - Processing file /opt/airflow/dags/dag_ETL_silver.py for tasks to queue
[2025-02-10T09:57:56.437+0000] {logging_mixin.py:150} INFO - [2025-02-10T09:57:56.436+0000] {dagbag.py:541} INFO - Filling up the DagBag from /opt/airflow/dags/dag_ETL_silver.py
[2025-02-10T09:57:56.460+0000] {processor.py:836} INFO - DAG(s) dict_keys(['DAG_ETL_silver']) retrieved from /opt/airflow/dags/dag_ETL_silver.py
[2025-02-10T09:57:56.517+0000] {logging_mixin.py:150} INFO - [2025-02-10T09:57:56.517+0000] {dag.py:2742} INFO - Sync 1 DAGs
[2025-02-10T09:57:56.558+0000] {logging_mixin.py:150} INFO - [2025-02-10T09:57:56.557+0000] {dag.py:3504} INFO - Setting next_dagrun for DAG_ETL_silver to None, run_after=None
[2025-02-10T09:57:56.591+0000] {processor.py:179} INFO - Processing /opt/airflow/dags/dag_ETL_silver.py took 0.164 seconds
[2025-02-10T09:58:27.434+0000] {processor.py:157} INFO - Started process (PID=595) to work on /opt/airflow/dags/dag_ETL_silver.py
[2025-02-10T09:58:27.436+0000] {processor.py:826} INFO - Processing file /opt/airflow/dags/dag_ETL_silver.py for tasks to queue
[2025-02-10T09:58:27.438+0000] {logging_mixin.py:150} INFO - [2025-02-10T09:58:27.437+0000] {dagbag.py:541} INFO - Filling up the DagBag from /opt/airflow/dags/dag_ETL_silver.py
[2025-02-10T09:58:27.459+0000] {processor.py:836} INFO - DAG(s) dict_keys(['DAG_ETL_silver']) retrieved from /opt/airflow/dags/dag_ETL_silver.py
[2025-02-10T09:58:27.510+0000] {logging_mixin.py:150} INFO - [2025-02-10T09:58:27.510+0000] {dag.py:2742} INFO - Sync 1 DAGs
[2025-02-10T09:58:27.553+0000] {logging_mixin.py:150} INFO - [2025-02-10T09:58:27.553+0000] {dag.py:3504} INFO - Setting next_dagrun for DAG_ETL_silver to None, run_after=None
[2025-02-10T09:58:27.584+0000] {processor.py:179} INFO - Processing /opt/airflow/dags/dag_ETL_silver.py took 0.158 seconds
[2025-02-10T09:58:58.106+0000] {processor.py:157} INFO - Started process (PID=606) to work on /opt/airflow/dags/dag_ETL_silver.py
[2025-02-10T09:58:58.108+0000] {processor.py:826} INFO - Processing file /opt/airflow/dags/dag_ETL_silver.py for tasks to queue
[2025-02-10T09:58:58.110+0000] {logging_mixin.py:150} INFO - [2025-02-10T09:58:58.109+0000] {dagbag.py:541} INFO - Filling up the DagBag from /opt/airflow/dags/dag_ETL_silver.py
[2025-02-10T09:58:58.131+0000] {processor.py:836} INFO - DAG(s) dict_keys(['DAG_ETL_silver']) retrieved from /opt/airflow/dags/dag_ETL_silver.py
[2025-02-10T09:58:58.186+0000] {logging_mixin.py:150} INFO - [2025-02-10T09:58:58.186+0000] {dag.py:2742} INFO - Sync 1 DAGs
[2025-02-10T09:58:58.225+0000] {logging_mixin.py:150} INFO - [2025-02-10T09:58:58.225+0000] {dag.py:3504} INFO - Setting next_dagrun for DAG_ETL_silver to None, run_after=None
[2025-02-10T09:58:58.268+0000] {processor.py:179} INFO - Processing /opt/airflow/dags/dag_ETL_silver.py took 0.168 seconds
[2025-02-10T09:59:28.422+0000] {processor.py:157} INFO - Started process (PID=617) to work on /opt/airflow/dags/dag_ETL_silver.py
[2025-02-10T09:59:28.423+0000] {processor.py:826} INFO - Processing file /opt/airflow/dags/dag_ETL_silver.py for tasks to queue
[2025-02-10T09:59:28.425+0000] {logging_mixin.py:150} INFO - [2025-02-10T09:59:28.425+0000] {dagbag.py:541} INFO - Filling up the DagBag from /opt/airflow/dags/dag_ETL_silver.py
[2025-02-10T09:59:28.450+0000] {processor.py:836} INFO - DAG(s) dict_keys(['DAG_ETL_silver']) retrieved from /opt/airflow/dags/dag_ETL_silver.py
[2025-02-10T09:59:28.504+0000] {logging_mixin.py:150} INFO - [2025-02-10T09:59:28.504+0000] {dag.py:2742} INFO - Sync 1 DAGs
[2025-02-10T09:59:28.553+0000] {logging_mixin.py:150} INFO - [2025-02-10T09:59:28.552+0000] {dag.py:3504} INFO - Setting next_dagrun for DAG_ETL_silver to None, run_after=None
[2025-02-10T09:59:28.576+0000] {processor.py:179} INFO - Processing /opt/airflow/dags/dag_ETL_silver.py took 0.161 seconds
[2025-02-10T10:00:00.314+0000] {processor.py:157} INFO - Started process (PID=676) to work on /opt/airflow/dags/dag_ETL_silver.py
[2025-02-10T10:00:00.341+0000] {processor.py:826} INFO - Processing file /opt/airflow/dags/dag_ETL_silver.py for tasks to queue
[2025-02-10T10:00:00.344+0000] {logging_mixin.py:150} INFO - [2025-02-10T10:00:00.344+0000] {dagbag.py:541} INFO - Filling up the DagBag from /opt/airflow/dags/dag_ETL_silver.py
[2025-02-10T10:00:00.379+0000] {processor.py:836} INFO - DAG(s) dict_keys(['DAG_ETL_silver']) retrieved from /opt/airflow/dags/dag_ETL_silver.py
[2025-02-10T10:00:00.452+0000] {logging_mixin.py:150} INFO - [2025-02-10T10:00:00.451+0000] {dag.py:2742} INFO - Sync 1 DAGs
[2025-02-10T10:00:00.506+0000] {logging_mixin.py:150} INFO - [2025-02-10T10:00:00.505+0000] {dag.py:3504} INFO - Setting next_dagrun for DAG_ETL_silver to None, run_after=None
[2025-02-10T10:00:00.557+0000] {processor.py:179} INFO - Processing /opt/airflow/dags/dag_ETL_silver.py took 0.260 seconds
[2025-02-10T10:00:31.326+0000] {processor.py:157} INFO - Started process (PID=687) to work on /opt/airflow/dags/dag_ETL_silver.py
[2025-02-10T10:00:31.328+0000] {processor.py:826} INFO - Processing file /opt/airflow/dags/dag_ETL_silver.py for tasks to queue
[2025-02-10T10:00:31.333+0000] {logging_mixin.py:150} INFO - [2025-02-10T10:00:31.333+0000] {dagbag.py:541} INFO - Filling up the DagBag from /opt/airflow/dags/dag_ETL_silver.py
[2025-02-10T10:00:31.356+0000] {processor.py:836} INFO - DAG(s) dict_keys(['DAG_ETL_silver']) retrieved from /opt/airflow/dags/dag_ETL_silver.py
[2025-02-10T10:00:31.405+0000] {logging_mixin.py:150} INFO - [2025-02-10T10:00:31.405+0000] {dag.py:2742} INFO - Sync 1 DAGs
[2025-02-10T10:00:31.440+0000] {logging_mixin.py:150} INFO - [2025-02-10T10:00:31.440+0000] {dag.py:3504} INFO - Setting next_dagrun for DAG_ETL_silver to None, run_after=None
[2025-02-10T10:00:31.469+0000] {processor.py:179} INFO - Processing /opt/airflow/dags/dag_ETL_silver.py took 0.149 seconds
[2025-02-10T10:01:01.829+0000] {processor.py:157} INFO - Started process (PID=698) to work on /opt/airflow/dags/dag_ETL_silver.py
[2025-02-10T10:01:01.830+0000] {processor.py:826} INFO - Processing file /opt/airflow/dags/dag_ETL_silver.py for tasks to queue
[2025-02-10T10:01:01.831+0000] {logging_mixin.py:150} INFO - [2025-02-10T10:01:01.831+0000] {dagbag.py:541} INFO - Filling up the DagBag from /opt/airflow/dags/dag_ETL_silver.py
[2025-02-10T10:01:01.848+0000] {processor.py:836} INFO - DAG(s) dict_keys(['DAG_ETL_silver']) retrieved from /opt/airflow/dags/dag_ETL_silver.py
[2025-02-10T10:01:01.889+0000] {logging_mixin.py:150} INFO - [2025-02-10T10:01:01.889+0000] {dag.py:2742} INFO - Sync 1 DAGs
[2025-02-10T10:01:01.924+0000] {logging_mixin.py:150} INFO - [2025-02-10T10:01:01.924+0000] {dag.py:3504} INFO - Setting next_dagrun for DAG_ETL_silver to None, run_after=None
[2025-02-10T10:01:01.961+0000] {processor.py:179} INFO - Processing /opt/airflow/dags/dag_ETL_silver.py took 0.139 seconds
[2025-02-10T10:01:32.220+0000] {processor.py:157} INFO - Started process (PID=710) to work on /opt/airflow/dags/dag_ETL_silver.py
[2025-02-10T10:01:32.224+0000] {processor.py:826} INFO - Processing file /opt/airflow/dags/dag_ETL_silver.py for tasks to queue
[2025-02-10T10:01:32.226+0000] {logging_mixin.py:150} INFO - [2025-02-10T10:01:32.226+0000] {dagbag.py:541} INFO - Filling up the DagBag from /opt/airflow/dags/dag_ETL_silver.py
[2025-02-10T10:01:32.257+0000] {processor.py:836} INFO - DAG(s) dict_keys(['DAG_ETL_silver']) retrieved from /opt/airflow/dags/dag_ETL_silver.py
[2025-02-10T10:01:32.317+0000] {logging_mixin.py:150} INFO - [2025-02-10T10:01:32.317+0000] {dag.py:2742} INFO - Sync 1 DAGs
[2025-02-10T10:01:32.366+0000] {logging_mixin.py:150} INFO - [2025-02-10T10:01:32.366+0000] {dag.py:3504} INFO - Setting next_dagrun for DAG_ETL_silver to None, run_after=None
[2025-02-10T10:01:32.406+0000] {processor.py:179} INFO - Processing /opt/airflow/dags/dag_ETL_silver.py took 0.191 seconds
[2025-02-10T10:02:05.142+0000] {processor.py:157} INFO - Started process (PID=817) to work on /opt/airflow/dags/dag_ETL_silver.py
[2025-02-10T10:02:05.153+0000] {processor.py:826} INFO - Processing file /opt/airflow/dags/dag_ETL_silver.py for tasks to queue
[2025-02-10T10:02:05.157+0000] {logging_mixin.py:150} INFO - [2025-02-10T10:02:05.156+0000] {dagbag.py:541} INFO - Filling up the DagBag from /opt/airflow/dags/dag_ETL_silver.py
[2025-02-10T10:02:05.275+0000] {processor.py:836} INFO - DAG(s) dict_keys(['DAG_ETL_silver']) retrieved from /opt/airflow/dags/dag_ETL_silver.py
[2025-02-10T10:02:05.748+0000] {logging_mixin.py:150} INFO - [2025-02-10T10:02:05.748+0000] {dag.py:2742} INFO - Sync 1 DAGs
[2025-02-10T10:02:05.824+0000] {logging_mixin.py:150} INFO - [2025-02-10T10:02:05.823+0000] {dag.py:3504} INFO - Setting next_dagrun for DAG_ETL_silver to None, run_after=None
[2025-02-10T10:02:05.875+0000] {processor.py:179} INFO - Processing /opt/airflow/dags/dag_ETL_silver.py took 0.768 seconds
[2025-02-10T10:02:41.837+0000] {processor.py:157} INFO - Started process (PID=834) to work on /opt/airflow/dags/dag_ETL_silver.py
[2025-02-10T10:02:41.841+0000] {processor.py:826} INFO - Processing file /opt/airflow/dags/dag_ETL_silver.py for tasks to queue
[2025-02-10T10:02:41.847+0000] {logging_mixin.py:150} INFO - [2025-02-10T10:02:41.845+0000] {dagbag.py:541} INFO - Filling up the DagBag from /opt/airflow/dags/dag_ETL_silver.py
[2025-02-10T10:02:41.910+0000] {processor.py:836} INFO - DAG(s) dict_keys(['DAG_ETL_silver']) retrieved from /opt/airflow/dags/dag_ETL_silver.py
[2025-02-10T10:02:42.030+0000] {logging_mixin.py:150} INFO - [2025-02-10T10:02:42.029+0000] {dag.py:2742} INFO - Sync 1 DAGs
[2025-02-10T10:02:42.098+0000] {logging_mixin.py:150} INFO - [2025-02-10T10:02:42.097+0000] {dag.py:3504} INFO - Setting next_dagrun for DAG_ETL_silver to None, run_after=None
[2025-02-10T10:02:42.153+0000] {processor.py:179} INFO - Processing /opt/airflow/dags/dag_ETL_silver.py took 0.331 seconds
[2025-02-10T10:03:12.797+0000] {processor.py:157} INFO - Started process (PID=964) to work on /opt/airflow/dags/dag_ETL_silver.py
[2025-02-10T10:03:12.798+0000] {processor.py:826} INFO - Processing file /opt/airflow/dags/dag_ETL_silver.py for tasks to queue
[2025-02-10T10:03:12.801+0000] {logging_mixin.py:150} INFO - [2025-02-10T10:03:12.800+0000] {dagbag.py:541} INFO - Filling up the DagBag from /opt/airflow/dags/dag_ETL_silver.py
[2025-02-10T10:03:12.819+0000] {processor.py:836} INFO - DAG(s) dict_keys(['DAG_ETL_silver']) retrieved from /opt/airflow/dags/dag_ETL_silver.py
[2025-02-10T10:03:12.874+0000] {logging_mixin.py:150} INFO - [2025-02-10T10:03:12.874+0000] {dag.py:2742} INFO - Sync 1 DAGs
[2025-02-10T10:03:12.944+0000] {logging_mixin.py:150} INFO - [2025-02-10T10:03:12.944+0000] {dag.py:3504} INFO - Setting next_dagrun for DAG_ETL_silver to None, run_after=None
[2025-02-10T10:03:12.978+0000] {processor.py:179} INFO - Processing /opt/airflow/dags/dag_ETL_silver.py took 0.192 seconds
[2025-02-10T10:03:45.928+0000] {processor.py:157} INFO - Started process (PID=1063) to work on /opt/airflow/dags/dag_ETL_silver.py
[2025-02-10T10:03:45.930+0000] {processor.py:826} INFO - Processing file /opt/airflow/dags/dag_ETL_silver.py for tasks to queue
[2025-02-10T10:03:45.931+0000] {logging_mixin.py:150} INFO - [2025-02-10T10:03:45.931+0000] {dagbag.py:541} INFO - Filling up the DagBag from /opt/airflow/dags/dag_ETL_silver.py
[2025-02-10T10:03:45.957+0000] {processor.py:836} INFO - DAG(s) dict_keys(['DAG_ETL_silver']) retrieved from /opt/airflow/dags/dag_ETL_silver.py
[2025-02-10T10:03:46.024+0000] {logging_mixin.py:150} INFO - [2025-02-10T10:03:46.023+0000] {dag.py:2742} INFO - Sync 1 DAGs
[2025-02-10T10:03:46.185+0000] {logging_mixin.py:150} INFO - [2025-02-10T10:03:46.185+0000] {dag.py:3504} INFO - Setting next_dagrun for DAG_ETL_silver to None, run_after=None
[2025-02-10T10:03:46.385+0000] {processor.py:179} INFO - Processing /opt/airflow/dags/dag_ETL_silver.py took 0.461 seconds
[2025-02-10T10:04:16.818+0000] {processor.py:157} INFO - Started process (PID=1278) to work on /opt/airflow/dags/dag_ETL_silver.py
[2025-02-10T10:04:16.820+0000] {processor.py:826} INFO - Processing file /opt/airflow/dags/dag_ETL_silver.py for tasks to queue
[2025-02-10T10:04:16.822+0000] {logging_mixin.py:150} INFO - [2025-02-10T10:04:16.822+0000] {dagbag.py:541} INFO - Filling up the DagBag from /opt/airflow/dags/dag_ETL_silver.py
[2025-02-10T10:04:16.843+0000] {processor.py:836} INFO - DAG(s) dict_keys(['DAG_ETL_silver']) retrieved from /opt/airflow/dags/dag_ETL_silver.py
[2025-02-10T10:04:16.897+0000] {logging_mixin.py:150} INFO - [2025-02-10T10:04:16.896+0000] {dag.py:2742} INFO - Sync 1 DAGs
[2025-02-10T10:04:16.953+0000] {logging_mixin.py:150} INFO - [2025-02-10T10:04:16.953+0000] {dag.py:3504} INFO - Setting next_dagrun for DAG_ETL_silver to None, run_after=None
[2025-02-10T10:04:16.991+0000] {processor.py:179} INFO - Processing /opt/airflow/dags/dag_ETL_silver.py took 0.180 seconds
[2025-02-10T10:04:49.036+0000] {processor.py:157} INFO - Started process (PID=1362) to work on /opt/airflow/dags/dag_ETL_silver.py
[2025-02-10T10:04:49.039+0000] {processor.py:826} INFO - Processing file /opt/airflow/dags/dag_ETL_silver.py for tasks to queue
[2025-02-10T10:04:49.054+0000] {logging_mixin.py:150} INFO - [2025-02-10T10:04:49.041+0000] {dagbag.py:541} INFO - Filling up the DagBag from /opt/airflow/dags/dag_ETL_silver.py
[2025-02-10T10:04:49.196+0000] {processor.py:836} INFO - DAG(s) dict_keys(['DAG_ETL_silver']) retrieved from /opt/airflow/dags/dag_ETL_silver.py
[2025-02-10T10:04:49.340+0000] {logging_mixin.py:150} INFO - [2025-02-10T10:04:49.340+0000] {dag.py:2742} INFO - Sync 1 DAGs
[2025-02-10T10:04:49.485+0000] {logging_mixin.py:150} INFO - [2025-02-10T10:04:49.484+0000] {dag.py:3504} INFO - Setting next_dagrun for DAG_ETL_silver to None, run_after=None
[2025-02-10T10:04:49.535+0000] {processor.py:179} INFO - Processing /opt/airflow/dags/dag_ETL_silver.py took 0.519 seconds
[2025-02-10T10:05:20.086+0000] {processor.py:157} INFO - Started process (PID=1611) to work on /opt/airflow/dags/dag_ETL_silver.py
[2025-02-10T10:05:20.087+0000] {processor.py:826} INFO - Processing file /opt/airflow/dags/dag_ETL_silver.py for tasks to queue
[2025-02-10T10:05:20.089+0000] {logging_mixin.py:150} INFO - [2025-02-10T10:05:20.089+0000] {dagbag.py:541} INFO - Filling up the DagBag from /opt/airflow/dags/dag_ETL_silver.py
[2025-02-10T10:05:20.115+0000] {processor.py:836} INFO - DAG(s) dict_keys(['DAG_ETL_silver']) retrieved from /opt/airflow/dags/dag_ETL_silver.py
[2025-02-10T10:05:20.166+0000] {logging_mixin.py:150} INFO - [2025-02-10T10:05:20.165+0000] {dag.py:2742} INFO - Sync 1 DAGs
[2025-02-10T10:05:20.216+0000] {logging_mixin.py:150} INFO - [2025-02-10T10:05:20.216+0000] {dag.py:3504} INFO - Setting next_dagrun for DAG_ETL_silver to None, run_after=None
[2025-02-10T10:05:20.243+0000] {processor.py:179} INFO - Processing /opt/airflow/dags/dag_ETL_silver.py took 0.166 seconds
[2025-02-10T10:05:50.448+0000] {processor.py:157} INFO - Started process (PID=1622) to work on /opt/airflow/dags/dag_ETL_silver.py
[2025-02-10T10:05:50.452+0000] {processor.py:826} INFO - Processing file /opt/airflow/dags/dag_ETL_silver.py for tasks to queue
[2025-02-10T10:05:50.454+0000] {logging_mixin.py:150} INFO - [2025-02-10T10:05:50.453+0000] {dagbag.py:541} INFO - Filling up the DagBag from /opt/airflow/dags/dag_ETL_silver.py
[2025-02-10T10:05:50.485+0000] {processor.py:836} INFO - DAG(s) dict_keys(['DAG_ETL_silver']) retrieved from /opt/airflow/dags/dag_ETL_silver.py
[2025-02-10T10:05:50.555+0000] {logging_mixin.py:150} INFO - [2025-02-10T10:05:50.555+0000] {dag.py:2742} INFO - Sync 1 DAGs
[2025-02-10T10:05:50.645+0000] {logging_mixin.py:150} INFO - [2025-02-10T10:05:50.645+0000] {dag.py:3504} INFO - Setting next_dagrun for DAG_ETL_silver to None, run_after=None
[2025-02-10T10:05:50.706+0000] {processor.py:179} INFO - Processing /opt/airflow/dags/dag_ETL_silver.py took 0.291 seconds
[2025-02-10T10:06:21.503+0000] {processor.py:157} INFO - Started process (PID=1631) to work on /opt/airflow/dags/dag_ETL_silver.py
[2025-02-10T10:06:21.506+0000] {processor.py:826} INFO - Processing file /opt/airflow/dags/dag_ETL_silver.py for tasks to queue
[2025-02-10T10:06:21.509+0000] {logging_mixin.py:150} INFO - [2025-02-10T10:06:21.508+0000] {dagbag.py:541} INFO - Filling up the DagBag from /opt/airflow/dags/dag_ETL_silver.py
[2025-02-10T10:06:21.542+0000] {processor.py:836} INFO - DAG(s) dict_keys(['DAG_ETL_silver']) retrieved from /opt/airflow/dags/dag_ETL_silver.py
[2025-02-10T10:06:21.642+0000] {logging_mixin.py:150} INFO - [2025-02-10T10:06:21.642+0000] {dag.py:2742} INFO - Sync 1 DAGs
[2025-02-10T10:06:21.697+0000] {logging_mixin.py:150} INFO - [2025-02-10T10:06:21.697+0000] {dag.py:3504} INFO - Setting next_dagrun for DAG_ETL_silver to None, run_after=None
[2025-02-10T10:06:21.741+0000] {processor.py:179} INFO - Processing /opt/airflow/dags/dag_ETL_silver.py took 0.247 seconds
[2025-02-10T10:06:52.179+0000] {processor.py:157} INFO - Started process (PID=1638) to work on /opt/airflow/dags/dag_ETL_silver.py
[2025-02-10T10:06:52.182+0000] {processor.py:826} INFO - Processing file /opt/airflow/dags/dag_ETL_silver.py for tasks to queue
[2025-02-10T10:06:52.183+0000] {logging_mixin.py:150} INFO - [2025-02-10T10:06:52.183+0000] {dagbag.py:541} INFO - Filling up the DagBag from /opt/airflow/dags/dag_ETL_silver.py
[2025-02-10T10:06:52.200+0000] {processor.py:836} INFO - DAG(s) dict_keys(['DAG_ETL_silver']) retrieved from /opt/airflow/dags/dag_ETL_silver.py
[2025-02-10T10:06:52.245+0000] {logging_mixin.py:150} INFO - [2025-02-10T10:06:52.245+0000] {dag.py:2742} INFO - Sync 1 DAGs
[2025-02-10T10:06:52.287+0000] {logging_mixin.py:150} INFO - [2025-02-10T10:06:52.287+0000] {dag.py:3504} INFO - Setting next_dagrun for DAG_ETL_silver to None, run_after=None
[2025-02-10T10:06:52.313+0000] {processor.py:179} INFO - Processing /opt/airflow/dags/dag_ETL_silver.py took 0.140 seconds
[2025-02-10T10:07:23.233+0000] {processor.py:157} INFO - Started process (PID=1643) to work on /opt/airflow/dags/dag_ETL_silver.py
[2025-02-10T10:07:23.234+0000] {processor.py:826} INFO - Processing file /opt/airflow/dags/dag_ETL_silver.py for tasks to queue
[2025-02-10T10:07:23.236+0000] {logging_mixin.py:150} INFO - [2025-02-10T10:07:23.235+0000] {dagbag.py:541} INFO - Filling up the DagBag from /opt/airflow/dags/dag_ETL_silver.py
[2025-02-10T10:07:23.252+0000] {processor.py:836} INFO - DAG(s) dict_keys(['DAG_ETL_silver']) retrieved from /opt/airflow/dags/dag_ETL_silver.py
[2025-02-10T10:07:23.320+0000] {logging_mixin.py:150} INFO - [2025-02-10T10:07:23.319+0000] {dag.py:2742} INFO - Sync 1 DAGs
[2025-02-10T10:07:23.456+0000] {logging_mixin.py:150} INFO - [2025-02-10T10:07:23.456+0000] {dag.py:3504} INFO - Setting next_dagrun for DAG_ETL_silver to None, run_after=None
[2025-02-10T10:07:23.546+0000] {processor.py:179} INFO - Processing /opt/airflow/dags/dag_ETL_silver.py took 0.318 seconds
