[2025-02-10T09:43:37.284+0000] {processor.py:157} INFO - Started process (PID=24) to work on /opt/airflow/dags/dag_ETL_final.py
[2025-02-10T09:43:37.286+0000] {processor.py:826} INFO - Processing file /opt/airflow/dags/dag_ETL_final.py for tasks to queue
[2025-02-10T09:43:37.288+0000] {logging_mixin.py:150} INFO - [2025-02-10T09:43:37.287+0000] {dagbag.py:541} INFO - Filling up the DagBag from /opt/airflow/dags/dag_ETL_final.py
[2025-02-10T09:43:37.323+0000] {processor.py:836} INFO - DAG(s) dict_keys(['DAG_ETL_daily_jobs']) retrieved from /opt/airflow/dags/dag_ETL_final.py
[2025-02-10T09:43:37.347+0000] {logging_mixin.py:150} INFO - [2025-02-10T09:43:37.346+0000] {dag.py:2742} INFO - Sync 1 DAGs
[2025-02-10T09:43:37.432+0000] {logging_mixin.py:150} INFO - [2025-02-10T09:43:37.432+0000] {dag.py:3504} INFO - Setting next_dagrun for DAG_ETL_daily_jobs to 2025-02-10T09:00:00+00:00, run_after=2025-02-11T09:00:00+00:00
[2025-02-10T09:43:37.478+0000] {processor.py:179} INFO - Processing /opt/airflow/dags/dag_ETL_final.py took 0.201 seconds
[2025-02-10T09:44:08.473+0000] {processor.py:157} INFO - Started process (PID=82) to work on /opt/airflow/dags/dag_ETL_final.py
[2025-02-10T09:44:08.478+0000] {processor.py:826} INFO - Processing file /opt/airflow/dags/dag_ETL_final.py for tasks to queue
[2025-02-10T09:44:08.480+0000] {logging_mixin.py:150} INFO - [2025-02-10T09:44:08.479+0000] {dagbag.py:541} INFO - Filling up the DagBag from /opt/airflow/dags/dag_ETL_final.py
[2025-02-10T09:44:08.512+0000] {processor.py:836} INFO - DAG(s) dict_keys(['DAG_ETL_daily_jobs']) retrieved from /opt/airflow/dags/dag_ETL_final.py
[2025-02-10T09:44:08.742+0000] {logging_mixin.py:150} INFO - [2025-02-10T09:44:08.742+0000] {dag.py:2742} INFO - Sync 1 DAGs
[2025-02-10T09:44:08.789+0000] {logging_mixin.py:150} INFO - [2025-02-10T09:44:08.789+0000] {dag.py:3504} INFO - Setting next_dagrun for DAG_ETL_daily_jobs to 2025-02-10T09:00:00+00:00, run_after=2025-02-11T09:00:00+00:00
[2025-02-10T09:44:08.832+0000] {processor.py:179} INFO - Processing /opt/airflow/dags/dag_ETL_final.py took 0.364 seconds
[2025-02-10T09:44:38.930+0000] {processor.py:157} INFO - Started process (PID=94) to work on /opt/airflow/dags/dag_ETL_final.py
[2025-02-10T09:44:38.932+0000] {processor.py:826} INFO - Processing file /opt/airflow/dags/dag_ETL_final.py for tasks to queue
[2025-02-10T09:44:38.933+0000] {logging_mixin.py:150} INFO - [2025-02-10T09:44:38.933+0000] {dagbag.py:541} INFO - Filling up the DagBag from /opt/airflow/dags/dag_ETL_final.py
[2025-02-10T09:44:38.960+0000] {processor.py:836} INFO - DAG(s) dict_keys(['DAG_ETL_daily_jobs']) retrieved from /opt/airflow/dags/dag_ETL_final.py
[2025-02-10T09:44:39.029+0000] {logging_mixin.py:150} INFO - [2025-02-10T09:44:39.028+0000] {dag.py:2742} INFO - Sync 1 DAGs
[2025-02-10T09:44:39.103+0000] {logging_mixin.py:150} INFO - [2025-02-10T09:44:39.102+0000] {dag.py:3504} INFO - Setting next_dagrun for DAG_ETL_daily_jobs to 2025-02-10T09:00:00+00:00, run_after=2025-02-11T09:00:00+00:00
[2025-02-10T09:44:39.180+0000] {processor.py:179} INFO - Processing /opt/airflow/dags/dag_ETL_final.py took 0.257 seconds
[2025-02-10T09:45:09.715+0000] {processor.py:157} INFO - Started process (PID=114) to work on /opt/airflow/dags/dag_ETL_final.py
[2025-02-10T09:45:09.717+0000] {processor.py:826} INFO - Processing file /opt/airflow/dags/dag_ETL_final.py for tasks to queue
[2025-02-10T09:45:09.719+0000] {logging_mixin.py:150} INFO - [2025-02-10T09:45:09.718+0000] {dagbag.py:541} INFO - Filling up the DagBag from /opt/airflow/dags/dag_ETL_final.py
[2025-02-10T09:45:09.742+0000] {processor.py:836} INFO - DAG(s) dict_keys(['DAG_ETL_daily_jobs']) retrieved from /opt/airflow/dags/dag_ETL_final.py
[2025-02-10T09:45:09.762+0000] {logging_mixin.py:150} INFO - [2025-02-10T09:45:09.761+0000] {dag.py:2742} INFO - Sync 1 DAGs
[2025-02-10T09:45:09.804+0000] {logging_mixin.py:150} INFO - [2025-02-10T09:45:09.804+0000] {dag.py:3504} INFO - Setting next_dagrun for DAG_ETL_daily_jobs to 2025-02-10T09:00:00+00:00, run_after=2025-02-11T09:00:00+00:00
[2025-02-10T09:45:09.833+0000] {processor.py:179} INFO - Processing /opt/airflow/dags/dag_ETL_final.py took 0.125 seconds
[2025-02-10T09:45:40.296+0000] {processor.py:157} INFO - Started process (PID=125) to work on /opt/airflow/dags/dag_ETL_final.py
[2025-02-10T09:45:40.298+0000] {processor.py:826} INFO - Processing file /opt/airflow/dags/dag_ETL_final.py for tasks to queue
[2025-02-10T09:45:40.303+0000] {logging_mixin.py:150} INFO - [2025-02-10T09:45:40.303+0000] {dagbag.py:541} INFO - Filling up the DagBag from /opt/airflow/dags/dag_ETL_final.py
[2025-02-10T09:45:40.349+0000] {processor.py:836} INFO - DAG(s) dict_keys(['DAG_ETL_daily_jobs']) retrieved from /opt/airflow/dags/dag_ETL_final.py
[2025-02-10T09:45:40.556+0000] {logging_mixin.py:150} INFO - [2025-02-10T09:45:40.556+0000] {dag.py:2742} INFO - Sync 1 DAGs
[2025-02-10T09:45:40.595+0000] {logging_mixin.py:150} INFO - [2025-02-10T09:45:40.595+0000] {dag.py:3504} INFO - Setting next_dagrun for DAG_ETL_daily_jobs to 2025-02-10T09:00:00+00:00, run_after=2025-02-11T09:00:00+00:00
[2025-02-10T09:45:40.633+0000] {processor.py:179} INFO - Processing /opt/airflow/dags/dag_ETL_final.py took 0.342 seconds
[2025-02-10T09:46:11.348+0000] {processor.py:157} INFO - Started process (PID=136) to work on /opt/airflow/dags/dag_ETL_final.py
[2025-02-10T09:46:11.352+0000] {processor.py:826} INFO - Processing file /opt/airflow/dags/dag_ETL_final.py for tasks to queue
[2025-02-10T09:46:11.357+0000] {logging_mixin.py:150} INFO - [2025-02-10T09:46:11.356+0000] {dagbag.py:541} INFO - Filling up the DagBag from /opt/airflow/dags/dag_ETL_final.py
[2025-02-10T09:46:11.393+0000] {processor.py:836} INFO - DAG(s) dict_keys(['DAG_ETL_daily_jobs']) retrieved from /opt/airflow/dags/dag_ETL_final.py
[2025-02-10T09:46:11.427+0000] {logging_mixin.py:150} INFO - [2025-02-10T09:46:11.427+0000] {dag.py:2742} INFO - Sync 1 DAGs
[2025-02-10T09:46:11.469+0000] {logging_mixin.py:150} INFO - [2025-02-10T09:46:11.466+0000] {dag.py:3504} INFO - Setting next_dagrun for DAG_ETL_daily_jobs to 2025-02-10T09:00:00+00:00, run_after=2025-02-11T09:00:00+00:00
[2025-02-10T09:46:11.500+0000] {processor.py:179} INFO - Processing /opt/airflow/dags/dag_ETL_final.py took 0.159 seconds
[2025-02-10T09:46:22.379+0000] {processor.py:157} INFO - Started process (PID=141) to work on /opt/airflow/dags/dag_ETL_final.py
[2025-02-10T09:46:22.381+0000] {processor.py:826} INFO - Processing file /opt/airflow/dags/dag_ETL_final.py for tasks to queue
[2025-02-10T09:46:22.384+0000] {logging_mixin.py:150} INFO - [2025-02-10T09:46:22.383+0000] {dagbag.py:541} INFO - Filling up the DagBag from /opt/airflow/dags/dag_ETL_final.py
[2025-02-10T09:46:22.421+0000] {processor.py:836} INFO - DAG(s) dict_keys(['DAG_ETL_daily_jobs']) retrieved from /opt/airflow/dags/dag_ETL_final.py
[2025-02-10T09:46:22.444+0000] {logging_mixin.py:150} INFO - [2025-02-10T09:46:22.443+0000] {dag.py:2742} INFO - Sync 1 DAGs
[2025-02-10T09:46:22.492+0000] {logging_mixin.py:150} INFO - [2025-02-10T09:46:22.491+0000] {dag.py:3504} INFO - Setting next_dagrun for DAG_ETL_daily_jobs to 2025-02-10T09:00:00+00:00, run_after=2025-02-11T09:00:00+00:00
[2025-02-10T09:46:22.531+0000] {processor.py:179} INFO - Processing /opt/airflow/dags/dag_ETL_final.py took 0.157 seconds
[2025-02-10T09:46:23.492+0000] {processor.py:157} INFO - Started process (PID=142) to work on /opt/airflow/dags/dag_ETL_final.py
[2025-02-10T09:46:23.493+0000] {processor.py:826} INFO - Processing file /opt/airflow/dags/dag_ETL_final.py for tasks to queue
[2025-02-10T09:46:23.495+0000] {logging_mixin.py:150} INFO - [2025-02-10T09:46:23.495+0000] {dagbag.py:541} INFO - Filling up the DagBag from /opt/airflow/dags/dag_ETL_final.py
[2025-02-10T09:46:23.524+0000] {processor.py:836} INFO - DAG(s) dict_keys(['DAG_ETL_daily_jobs']) retrieved from /opt/airflow/dags/dag_ETL_final.py
[2025-02-10T09:46:23.546+0000] {logging_mixin.py:150} INFO - [2025-02-10T09:46:23.545+0000] {dag.py:2742} INFO - Sync 1 DAGs
[2025-02-10T09:46:23.590+0000] {logging_mixin.py:150} INFO - [2025-02-10T09:46:23.590+0000] {dag.py:3504} INFO - Setting next_dagrun for DAG_ETL_daily_jobs to 2025-02-10T09:00:00+00:00, run_after=2025-02-11T09:00:00+00:00
[2025-02-10T09:46:23.858+0000] {processor.py:179} INFO - Processing /opt/airflow/dags/dag_ETL_final.py took 0.373 seconds
[2025-02-10T09:46:54.102+0000] {processor.py:157} INFO - Started process (PID=154) to work on /opt/airflow/dags/dag_ETL_final.py
[2025-02-10T09:46:54.110+0000] {processor.py:826} INFO - Processing file /opt/airflow/dags/dag_ETL_final.py for tasks to queue
[2025-02-10T09:46:54.112+0000] {logging_mixin.py:150} INFO - [2025-02-10T09:46:54.111+0000] {dagbag.py:541} INFO - Filling up the DagBag from /opt/airflow/dags/dag_ETL_final.py
[2025-02-10T09:46:54.174+0000] {processor.py:836} INFO - DAG(s) dict_keys(['DAG_ETL_daily_jobs']) retrieved from /opt/airflow/dags/dag_ETL_final.py
[2025-02-10T09:46:54.443+0000] {logging_mixin.py:150} INFO - [2025-02-10T09:46:54.443+0000] {dag.py:2742} INFO - Sync 1 DAGs
[2025-02-10T09:46:54.490+0000] {logging_mixin.py:150} INFO - [2025-02-10T09:46:54.490+0000] {dag.py:3504} INFO - Setting next_dagrun for DAG_ETL_daily_jobs to 2025-02-10T09:00:00+00:00, run_after=2025-02-11T09:00:00+00:00
[2025-02-10T09:46:54.527+0000] {processor.py:179} INFO - Processing /opt/airflow/dags/dag_ETL_final.py took 0.435 seconds
[2025-02-10T09:47:25.081+0000] {processor.py:157} INFO - Started process (PID=260) to work on /opt/airflow/dags/dag_ETL_final.py
[2025-02-10T09:47:25.083+0000] {processor.py:826} INFO - Processing file /opt/airflow/dags/dag_ETL_final.py for tasks to queue
[2025-02-10T09:47:25.085+0000] {logging_mixin.py:150} INFO - [2025-02-10T09:47:25.084+0000] {dagbag.py:541} INFO - Filling up the DagBag from /opt/airflow/dags/dag_ETL_final.py
[2025-02-10T09:47:25.102+0000] {processor.py:836} INFO - DAG(s) dict_keys(['DAG_ETL_daily_jobs']) retrieved from /opt/airflow/dags/dag_ETL_final.py
[2025-02-10T09:47:25.142+0000] {logging_mixin.py:150} INFO - [2025-02-10T09:47:25.142+0000] {dag.py:2742} INFO - Sync 1 DAGs
[2025-02-10T09:47:25.193+0000] {logging_mixin.py:150} INFO - [2025-02-10T09:47:25.193+0000] {dag.py:3504} INFO - Setting next_dagrun for DAG_ETL_daily_jobs to 2025-02-10T09:00:00+00:00, run_after=2025-02-11T09:00:00+00:00
[2025-02-10T09:47:25.219+0000] {processor.py:179} INFO - Processing /opt/airflow/dags/dag_ETL_final.py took 0.142 seconds
[2025-02-10T09:47:55.372+0000] {processor.py:157} INFO - Started process (PID=271) to work on /opt/airflow/dags/dag_ETL_final.py
[2025-02-10T09:47:55.374+0000] {processor.py:826} INFO - Processing file /opt/airflow/dags/dag_ETL_final.py for tasks to queue
[2025-02-10T09:47:55.378+0000] {logging_mixin.py:150} INFO - [2025-02-10T09:47:55.377+0000] {dagbag.py:541} INFO - Filling up the DagBag from /opt/airflow/dags/dag_ETL_final.py
[2025-02-10T09:47:55.412+0000] {processor.py:836} INFO - DAG(s) dict_keys(['DAG_ETL_daily_jobs']) retrieved from /opt/airflow/dags/dag_ETL_final.py
[2025-02-10T09:47:55.435+0000] {logging_mixin.py:150} INFO - [2025-02-10T09:47:55.434+0000] {dag.py:2742} INFO - Sync 1 DAGs
[2025-02-10T09:47:55.491+0000] {logging_mixin.py:150} INFO - [2025-02-10T09:47:55.491+0000] {dag.py:3504} INFO - Setting next_dagrun for DAG_ETL_daily_jobs to 2025-02-10T09:00:00+00:00, run_after=2025-02-11T09:00:00+00:00
[2025-02-10T09:47:55.528+0000] {processor.py:179} INFO - Processing /opt/airflow/dags/dag_ETL_final.py took 0.164 seconds
[2025-02-10T09:48:25.828+0000] {processor.py:157} INFO - Started process (PID=282) to work on /opt/airflow/dags/dag_ETL_final.py
[2025-02-10T09:48:25.830+0000] {processor.py:826} INFO - Processing file /opt/airflow/dags/dag_ETL_final.py for tasks to queue
[2025-02-10T09:48:25.832+0000] {logging_mixin.py:150} INFO - [2025-02-10T09:48:25.831+0000] {dagbag.py:541} INFO - Filling up the DagBag from /opt/airflow/dags/dag_ETL_final.py
[2025-02-10T09:48:25.868+0000] {processor.py:836} INFO - DAG(s) dict_keys(['DAG_ETL_daily_jobs']) retrieved from /opt/airflow/dags/dag_ETL_final.py
[2025-02-10T09:48:26.089+0000] {logging_mixin.py:150} INFO - [2025-02-10T09:48:26.088+0000] {dag.py:2742} INFO - Sync 1 DAGs
[2025-02-10T09:48:26.132+0000] {logging_mixin.py:150} INFO - [2025-02-10T09:48:26.132+0000] {dag.py:3504} INFO - Setting next_dagrun for DAG_ETL_daily_jobs to 2025-02-10T09:00:00+00:00, run_after=2025-02-11T09:00:00+00:00
[2025-02-10T09:48:26.167+0000] {processor.py:179} INFO - Processing /opt/airflow/dags/dag_ETL_final.py took 0.350 seconds
[2025-02-10T09:48:30.901+0000] {processor.py:157} INFO - Started process (PID=283) to work on /opt/airflow/dags/dag_ETL_final.py
[2025-02-10T09:48:30.902+0000] {processor.py:826} INFO - Processing file /opt/airflow/dags/dag_ETL_final.py for tasks to queue
[2025-02-10T09:48:30.904+0000] {logging_mixin.py:150} INFO - [2025-02-10T09:48:30.904+0000] {dagbag.py:541} INFO - Filling up the DagBag from /opt/airflow/dags/dag_ETL_final.py
[2025-02-10T09:48:30.969+0000] {processor.py:836} INFO - DAG(s) dict_keys(['DAG_ETL_daily_jobs']) retrieved from /opt/airflow/dags/dag_ETL_final.py
[2025-02-10T09:48:31.033+0000] {logging_mixin.py:150} INFO - [2025-02-10T09:48:31.033+0000] {dag.py:2742} INFO - Sync 1 DAGs
[2025-02-10T09:48:31.077+0000] {logging_mixin.py:150} INFO - [2025-02-10T09:48:31.077+0000] {dag.py:3504} INFO - Setting next_dagrun for DAG_ETL_daily_jobs to 2025-02-10T09:00:00+00:00, run_after=2025-02-11T09:00:00+00:00
[2025-02-10T09:48:31.108+0000] {processor.py:179} INFO - Processing /opt/airflow/dags/dag_ETL_final.py took 0.214 seconds
[2025-02-10T09:49:01.379+0000] {processor.py:157} INFO - Started process (PID=294) to work on /opt/airflow/dags/dag_ETL_final.py
[2025-02-10T09:49:01.382+0000] {processor.py:826} INFO - Processing file /opt/airflow/dags/dag_ETL_final.py for tasks to queue
[2025-02-10T09:49:01.385+0000] {logging_mixin.py:150} INFO - [2025-02-10T09:49:01.384+0000] {dagbag.py:541} INFO - Filling up the DagBag from /opt/airflow/dags/dag_ETL_final.py
[2025-02-10T09:49:01.444+0000] {processor.py:836} INFO - DAG(s) dict_keys(['DAG_ETL_daily_jobs']) retrieved from /opt/airflow/dags/dag_ETL_final.py
[2025-02-10T09:49:01.613+0000] {logging_mixin.py:150} INFO - [2025-02-10T09:49:01.613+0000] {dag.py:2742} INFO - Sync 1 DAGs
[2025-02-10T09:49:01.682+0000] {logging_mixin.py:150} INFO - [2025-02-10T09:49:01.682+0000] {dag.py:3504} INFO - Setting next_dagrun for DAG_ETL_daily_jobs to 2025-02-10T09:00:00+00:00, run_after=2025-02-11T09:00:00+00:00
[2025-02-10T09:49:01.754+0000] {processor.py:179} INFO - Processing /opt/airflow/dags/dag_ETL_final.py took 0.386 seconds
[2025-02-10T09:49:32.082+0000] {processor.py:157} INFO - Started process (PID=305) to work on /opt/airflow/dags/dag_ETL_final.py
[2025-02-10T09:49:32.096+0000] {processor.py:826} INFO - Processing file /opt/airflow/dags/dag_ETL_final.py for tasks to queue
[2025-02-10T09:49:32.130+0000] {logging_mixin.py:150} INFO - [2025-02-10T09:49:32.109+0000] {dagbag.py:541} INFO - Filling up the DagBag from /opt/airflow/dags/dag_ETL_final.py
[2025-02-10T09:49:32.349+0000] {processor.py:836} INFO - DAG(s) dict_keys(['DAG_ETL_daily_jobs']) retrieved from /opt/airflow/dags/dag_ETL_final.py
[2025-02-10T09:49:32.448+0000] {logging_mixin.py:150} INFO - [2025-02-10T09:49:32.447+0000] {dag.py:2742} INFO - Sync 1 DAGs
[2025-02-10T09:49:32.627+0000] {logging_mixin.py:150} INFO - [2025-02-10T09:49:32.627+0000] {dag.py:3504} INFO - Setting next_dagrun for DAG_ETL_daily_jobs to 2025-02-10T09:00:00+00:00, run_after=2025-02-11T09:00:00+00:00
[2025-02-10T09:49:32.710+0000] {processor.py:179} INFO - Processing /opt/airflow/dags/dag_ETL_final.py took 0.680 seconds
[2025-02-10T09:50:03.429+0000] {processor.py:157} INFO - Started process (PID=316) to work on /opt/airflow/dags/dag_ETL_final.py
[2025-02-10T09:50:03.430+0000] {processor.py:826} INFO - Processing file /opt/airflow/dags/dag_ETL_final.py for tasks to queue
[2025-02-10T09:50:03.432+0000] {logging_mixin.py:150} INFO - [2025-02-10T09:50:03.431+0000] {dagbag.py:541} INFO - Filling up the DagBag from /opt/airflow/dags/dag_ETL_final.py
[2025-02-10T09:50:03.455+0000] {processor.py:836} INFO - DAG(s) dict_keys(['DAG_ETL_daily_jobs']) retrieved from /opt/airflow/dags/dag_ETL_final.py
[2025-02-10T09:50:03.693+0000] {logging_mixin.py:150} INFO - [2025-02-10T09:50:03.693+0000] {dag.py:2742} INFO - Sync 1 DAGs
[2025-02-10T09:50:03.730+0000] {logging_mixin.py:150} INFO - [2025-02-10T09:50:03.730+0000] {dag.py:3504} INFO - Setting next_dagrun for DAG_ETL_daily_jobs to 2025-02-10T09:00:00+00:00, run_after=2025-02-11T09:00:00+00:00
[2025-02-10T09:50:03.758+0000] {processor.py:179} INFO - Processing /opt/airflow/dags/dag_ETL_final.py took 0.334 seconds
[2025-02-10T09:50:33.868+0000] {processor.py:157} INFO - Started process (PID=328) to work on /opt/airflow/dags/dag_ETL_final.py
[2025-02-10T09:50:33.875+0000] {processor.py:826} INFO - Processing file /opt/airflow/dags/dag_ETL_final.py for tasks to queue
[2025-02-10T09:50:33.877+0000] {logging_mixin.py:150} INFO - [2025-02-10T09:50:33.876+0000] {dagbag.py:541} INFO - Filling up the DagBag from /opt/airflow/dags/dag_ETL_final.py
[2025-02-10T09:50:33.899+0000] {processor.py:836} INFO - DAG(s) dict_keys(['DAG_ETL_daily_jobs']) retrieved from /opt/airflow/dags/dag_ETL_final.py
[2025-02-10T09:50:33.945+0000] {logging_mixin.py:150} INFO - [2025-02-10T09:50:33.944+0000] {dag.py:2742} INFO - Sync 1 DAGs
[2025-02-10T09:50:33.988+0000] {logging_mixin.py:150} INFO - [2025-02-10T09:50:33.987+0000] {dag.py:3504} INFO - Setting next_dagrun for DAG_ETL_daily_jobs to 2025-02-10T09:00:00+00:00, run_after=2025-02-11T09:00:00+00:00
[2025-02-10T09:50:34.016+0000] {processor.py:179} INFO - Processing /opt/airflow/dags/dag_ETL_final.py took 0.215 seconds
[2025-02-10T09:51:04.235+0000] {processor.py:157} INFO - Started process (PID=386) to work on /opt/airflow/dags/dag_ETL_final.py
[2025-02-10T09:51:04.239+0000] {processor.py:826} INFO - Processing file /opt/airflow/dags/dag_ETL_final.py for tasks to queue
[2025-02-10T09:51:04.241+0000] {logging_mixin.py:150} INFO - [2025-02-10T09:51:04.240+0000] {dagbag.py:541} INFO - Filling up the DagBag from /opt/airflow/dags/dag_ETL_final.py
[2025-02-10T09:51:04.280+0000] {processor.py:836} INFO - DAG(s) dict_keys(['DAG_ETL_daily_jobs']) retrieved from /opt/airflow/dags/dag_ETL_final.py
[2025-02-10T09:51:04.317+0000] {logging_mixin.py:150} INFO - [2025-02-10T09:51:04.317+0000] {dag.py:2742} INFO - Sync 1 DAGs
[2025-02-10T09:51:04.380+0000] {logging_mixin.py:150} INFO - [2025-02-10T09:51:04.379+0000] {dag.py:3504} INFO - Setting next_dagrun for DAG_ETL_daily_jobs to 2025-02-10T09:00:00+00:00, run_after=2025-02-11T09:00:00+00:00
[2025-02-10T09:51:04.418+0000] {processor.py:179} INFO - Processing /opt/airflow/dags/dag_ETL_final.py took 0.189 seconds
[2025-02-10T09:51:34.719+0000] {processor.py:157} INFO - Started process (PID=397) to work on /opt/airflow/dags/dag_ETL_final.py
[2025-02-10T09:51:34.722+0000] {processor.py:826} INFO - Processing file /opt/airflow/dags/dag_ETL_final.py for tasks to queue
[2025-02-10T09:51:34.723+0000] {logging_mixin.py:150} INFO - [2025-02-10T09:51:34.723+0000] {dagbag.py:541} INFO - Filling up the DagBag from /opt/airflow/dags/dag_ETL_final.py
[2025-02-10T09:51:34.746+0000] {processor.py:836} INFO - DAG(s) dict_keys(['DAG_ETL_daily_jobs']) retrieved from /opt/airflow/dags/dag_ETL_final.py
[2025-02-10T09:51:34.914+0000] {logging_mixin.py:150} INFO - [2025-02-10T09:51:34.913+0000] {dag.py:2742} INFO - Sync 1 DAGs
[2025-02-10T09:51:34.947+0000] {logging_mixin.py:150} INFO - [2025-02-10T09:51:34.947+0000] {dag.py:3504} INFO - Setting next_dagrun for DAG_ETL_daily_jobs to 2025-02-10T09:00:00+00:00, run_after=2025-02-11T09:00:00+00:00
[2025-02-10T09:51:34.978+0000] {processor.py:179} INFO - Processing /opt/airflow/dags/dag_ETL_final.py took 0.266 seconds
[2025-02-10T09:52:05.110+0000] {processor.py:157} INFO - Started process (PID=408) to work on /opt/airflow/dags/dag_ETL_final.py
[2025-02-10T09:52:05.111+0000] {processor.py:826} INFO - Processing file /opt/airflow/dags/dag_ETL_final.py for tasks to queue
[2025-02-10T09:52:05.113+0000] {logging_mixin.py:150} INFO - [2025-02-10T09:52:05.113+0000] {dagbag.py:541} INFO - Filling up the DagBag from /opt/airflow/dags/dag_ETL_final.py
[2025-02-10T09:52:05.141+0000] {processor.py:836} INFO - DAG(s) dict_keys(['DAG_ETL_daily_jobs']) retrieved from /opt/airflow/dags/dag_ETL_final.py
[2025-02-10T09:52:05.198+0000] {logging_mixin.py:150} INFO - [2025-02-10T09:52:05.197+0000] {dag.py:2742} INFO - Sync 1 DAGs
[2025-02-10T09:52:05.237+0000] {logging_mixin.py:150} INFO - [2025-02-10T09:52:05.237+0000] {dag.py:3504} INFO - Setting next_dagrun for DAG_ETL_daily_jobs to 2025-02-10T09:00:00+00:00, run_after=2025-02-11T09:00:00+00:00
[2025-02-10T09:52:05.261+0000] {processor.py:179} INFO - Processing /opt/airflow/dags/dag_ETL_final.py took 0.157 seconds
[2025-02-10T09:52:35.374+0000] {processor.py:157} INFO - Started process (PID=419) to work on /opt/airflow/dags/dag_ETL_final.py
[2025-02-10T09:52:35.376+0000] {processor.py:826} INFO - Processing file /opt/airflow/dags/dag_ETL_final.py for tasks to queue
[2025-02-10T09:52:35.377+0000] {logging_mixin.py:150} INFO - [2025-02-10T09:52:35.377+0000] {dagbag.py:541} INFO - Filling up the DagBag from /opt/airflow/dags/dag_ETL_final.py
[2025-02-10T09:52:35.398+0000] {processor.py:836} INFO - DAG(s) dict_keys(['DAG_ETL_daily_jobs']) retrieved from /opt/airflow/dags/dag_ETL_final.py
[2025-02-10T09:52:35.422+0000] {logging_mixin.py:150} INFO - [2025-02-10T09:52:35.421+0000] {dag.py:2742} INFO - Sync 1 DAGs
[2025-02-10T09:52:35.466+0000] {logging_mixin.py:150} INFO - [2025-02-10T09:52:35.466+0000] {dag.py:3504} INFO - Setting next_dagrun for DAG_ETL_daily_jobs to 2025-02-10T09:00:00+00:00, run_after=2025-02-11T09:00:00+00:00
[2025-02-10T09:52:35.493+0000] {processor.py:179} INFO - Processing /opt/airflow/dags/dag_ETL_final.py took 0.124 seconds
[2025-02-10T09:53:05.890+0000] {processor.py:157} INFO - Started process (PID=430) to work on /opt/airflow/dags/dag_ETL_final.py
[2025-02-10T09:53:05.892+0000] {processor.py:826} INFO - Processing file /opt/airflow/dags/dag_ETL_final.py for tasks to queue
[2025-02-10T09:53:05.895+0000] {logging_mixin.py:150} INFO - [2025-02-10T09:53:05.893+0000] {dagbag.py:541} INFO - Filling up the DagBag from /opt/airflow/dags/dag_ETL_final.py
[2025-02-10T09:53:05.985+0000] {processor.py:836} INFO - DAG(s) dict_keys(['DAG_ETL_daily_jobs']) retrieved from /opt/airflow/dags/dag_ETL_final.py
[2025-02-10T09:53:06.450+0000] {logging_mixin.py:150} INFO - [2025-02-10T09:53:06.449+0000] {dag.py:2742} INFO - Sync 1 DAGs
[2025-02-10T09:53:06.513+0000] {logging_mixin.py:150} INFO - [2025-02-10T09:53:06.512+0000] {dag.py:3504} INFO - Setting next_dagrun for DAG_ETL_daily_jobs to 2025-02-10T09:00:00+00:00, run_after=2025-02-11T09:00:00+00:00
[2025-02-10T09:53:06.566+0000] {processor.py:179} INFO - Processing /opt/airflow/dags/dag_ETL_final.py took 0.701 seconds
[2025-02-10T09:53:37.516+0000] {processor.py:157} INFO - Started process (PID=441) to work on /opt/airflow/dags/dag_ETL_final.py
[2025-02-10T09:53:37.518+0000] {processor.py:826} INFO - Processing file /opt/airflow/dags/dag_ETL_final.py for tasks to queue
[2025-02-10T09:53:37.520+0000] {logging_mixin.py:150} INFO - [2025-02-10T09:53:37.519+0000] {dagbag.py:541} INFO - Filling up the DagBag from /opt/airflow/dags/dag_ETL_final.py
[2025-02-10T09:53:37.543+0000] {processor.py:836} INFO - DAG(s) dict_keys(['DAG_ETL_daily_jobs']) retrieved from /opt/airflow/dags/dag_ETL_final.py
[2025-02-10T09:53:37.604+0000] {logging_mixin.py:150} INFO - [2025-02-10T09:53:37.604+0000] {dag.py:2742} INFO - Sync 1 DAGs
[2025-02-10T09:53:37.662+0000] {logging_mixin.py:150} INFO - [2025-02-10T09:53:37.661+0000] {dag.py:3504} INFO - Setting next_dagrun for DAG_ETL_daily_jobs to 2025-02-10T09:00:00+00:00, run_after=2025-02-11T09:00:00+00:00
[2025-02-10T09:53:37.698+0000] {processor.py:179} INFO - Processing /opt/airflow/dags/dag_ETL_final.py took 0.187 seconds
[2025-02-10T09:54:08.052+0000] {processor.py:157} INFO - Started process (PID=452) to work on /opt/airflow/dags/dag_ETL_final.py
[2025-02-10T09:54:08.057+0000] {processor.py:826} INFO - Processing file /opt/airflow/dags/dag_ETL_final.py for tasks to queue
[2025-02-10T09:54:08.061+0000] {logging_mixin.py:150} INFO - [2025-02-10T09:54:08.060+0000] {dagbag.py:541} INFO - Filling up the DagBag from /opt/airflow/dags/dag_ETL_final.py
[2025-02-10T09:54:08.102+0000] {processor.py:836} INFO - DAG(s) dict_keys(['DAG_ETL_daily_jobs']) retrieved from /opt/airflow/dags/dag_ETL_final.py
[2025-02-10T09:54:08.186+0000] {logging_mixin.py:150} INFO - [2025-02-10T09:54:08.186+0000] {dag.py:2742} INFO - Sync 1 DAGs
[2025-02-10T09:54:08.284+0000] {logging_mixin.py:150} INFO - [2025-02-10T09:54:08.283+0000] {dag.py:3504} INFO - Setting next_dagrun for DAG_ETL_daily_jobs to 2025-02-10T09:00:00+00:00, run_after=2025-02-11T09:00:00+00:00
[2025-02-10T09:54:08.316+0000] {processor.py:179} INFO - Processing /opt/airflow/dags/dag_ETL_final.py took 0.274 seconds
[2025-02-10T09:54:38.742+0000] {processor.py:157} INFO - Started process (PID=463) to work on /opt/airflow/dags/dag_ETL_final.py
[2025-02-10T09:54:38.746+0000] {processor.py:826} INFO - Processing file /opt/airflow/dags/dag_ETL_final.py for tasks to queue
[2025-02-10T09:54:38.748+0000] {logging_mixin.py:150} INFO - [2025-02-10T09:54:38.747+0000] {dagbag.py:541} INFO - Filling up the DagBag from /opt/airflow/dags/dag_ETL_final.py
[2025-02-10T09:54:38.777+0000] {processor.py:836} INFO - DAG(s) dict_keys(['DAG_ETL_daily_jobs']) retrieved from /opt/airflow/dags/dag_ETL_final.py
[2025-02-10T09:54:38.990+0000] {logging_mixin.py:150} INFO - [2025-02-10T09:54:38.990+0000] {dag.py:2742} INFO - Sync 1 DAGs
[2025-02-10T09:54:39.058+0000] {logging_mixin.py:150} INFO - [2025-02-10T09:54:39.057+0000] {dag.py:3504} INFO - Setting next_dagrun for DAG_ETL_daily_jobs to 2025-02-10T09:00:00+00:00, run_after=2025-02-11T09:00:00+00:00
[2025-02-10T09:54:39.095+0000] {processor.py:179} INFO - Processing /opt/airflow/dags/dag_ETL_final.py took 0.360 seconds
[2025-02-10T09:55:09.390+0000] {processor.py:157} INFO - Started process (PID=474) to work on /opt/airflow/dags/dag_ETL_final.py
[2025-02-10T09:55:09.393+0000] {processor.py:826} INFO - Processing file /opt/airflow/dags/dag_ETL_final.py for tasks to queue
[2025-02-10T09:55:09.396+0000] {logging_mixin.py:150} INFO - [2025-02-10T09:55:09.395+0000] {dagbag.py:541} INFO - Filling up the DagBag from /opt/airflow/dags/dag_ETL_final.py
[2025-02-10T09:55:09.445+0000] {processor.py:836} INFO - DAG(s) dict_keys(['DAG_ETL_daily_jobs']) retrieved from /opt/airflow/dags/dag_ETL_final.py
[2025-02-10T09:55:09.514+0000] {logging_mixin.py:150} INFO - [2025-02-10T09:55:09.513+0000] {dag.py:2742} INFO - Sync 1 DAGs
[2025-02-10T09:55:09.565+0000] {logging_mixin.py:150} INFO - [2025-02-10T09:55:09.564+0000] {dag.py:3504} INFO - Setting next_dagrun for DAG_ETL_daily_jobs to 2025-02-10T09:00:00+00:00, run_after=2025-02-11T09:00:00+00:00
[2025-02-10T09:55:09.592+0000] {processor.py:179} INFO - Processing /opt/airflow/dags/dag_ETL_final.py took 0.218 seconds
[2025-02-10T09:55:39.906+0000] {processor.py:157} INFO - Started process (PID=485) to work on /opt/airflow/dags/dag_ETL_final.py
[2025-02-10T09:55:39.908+0000] {processor.py:826} INFO - Processing file /opt/airflow/dags/dag_ETL_final.py for tasks to queue
[2025-02-10T09:55:39.910+0000] {logging_mixin.py:150} INFO - [2025-02-10T09:55:39.910+0000] {dagbag.py:541} INFO - Filling up the DagBag from /opt/airflow/dags/dag_ETL_final.py
[2025-02-10T09:55:39.943+0000] {processor.py:836} INFO - DAG(s) dict_keys(['DAG_ETL_daily_jobs']) retrieved from /opt/airflow/dags/dag_ETL_final.py
[2025-02-10T09:55:39.983+0000] {logging_mixin.py:150} INFO - [2025-02-10T09:55:39.983+0000] {dag.py:2742} INFO - Sync 1 DAGs
[2025-02-10T09:55:40.031+0000] {logging_mixin.py:150} INFO - [2025-02-10T09:55:40.031+0000] {dag.py:3504} INFO - Setting next_dagrun for DAG_ETL_daily_jobs to 2025-02-10T09:00:00+00:00, run_after=2025-02-11T09:00:00+00:00
[2025-02-10T09:55:40.057+0000] {processor.py:179} INFO - Processing /opt/airflow/dags/dag_ETL_final.py took 0.158 seconds
[2025-02-10T09:56:10.259+0000] {processor.py:157} INFO - Started process (PID=544) to work on /opt/airflow/dags/dag_ETL_final.py
[2025-02-10T09:56:10.261+0000] {processor.py:826} INFO - Processing file /opt/airflow/dags/dag_ETL_final.py for tasks to queue
[2025-02-10T09:56:10.264+0000] {logging_mixin.py:150} INFO - [2025-02-10T09:56:10.263+0000] {dagbag.py:541} INFO - Filling up the DagBag from /opt/airflow/dags/dag_ETL_final.py
[2025-02-10T09:56:10.294+0000] {processor.py:836} INFO - DAG(s) dict_keys(['DAG_ETL_daily_jobs']) retrieved from /opt/airflow/dags/dag_ETL_final.py
[2025-02-10T09:56:10.528+0000] {logging_mixin.py:150} INFO - [2025-02-10T09:56:10.527+0000] {dag.py:2742} INFO - Sync 1 DAGs
[2025-02-10T09:56:10.590+0000] {logging_mixin.py:150} INFO - [2025-02-10T09:56:10.589+0000] {dag.py:3504} INFO - Setting next_dagrun for DAG_ETL_daily_jobs to 2025-02-10T09:00:00+00:00, run_after=2025-02-11T09:00:00+00:00
[2025-02-10T09:56:10.633+0000] {processor.py:179} INFO - Processing /opt/airflow/dags/dag_ETL_final.py took 0.382 seconds
[2025-02-10T09:56:41.609+0000] {processor.py:157} INFO - Started process (PID=555) to work on /opt/airflow/dags/dag_ETL_final.py
[2025-02-10T09:56:41.613+0000] {processor.py:826} INFO - Processing file /opt/airflow/dags/dag_ETL_final.py for tasks to queue
[2025-02-10T09:56:41.615+0000] {logging_mixin.py:150} INFO - [2025-02-10T09:56:41.615+0000] {dagbag.py:541} INFO - Filling up the DagBag from /opt/airflow/dags/dag_ETL_final.py
[2025-02-10T09:56:41.644+0000] {processor.py:836} INFO - DAG(s) dict_keys(['DAG_ETL_daily_jobs']) retrieved from /opt/airflow/dags/dag_ETL_final.py
[2025-02-10T09:56:41.692+0000] {logging_mixin.py:150} INFO - [2025-02-10T09:56:41.692+0000] {dag.py:2742} INFO - Sync 1 DAGs
[2025-02-10T09:56:41.732+0000] {logging_mixin.py:150} INFO - [2025-02-10T09:56:41.732+0000] {dag.py:3504} INFO - Setting next_dagrun for DAG_ETL_daily_jobs to 2025-02-10T09:00:00+00:00, run_after=2025-02-11T09:00:00+00:00
[2025-02-10T09:56:41.755+0000] {processor.py:179} INFO - Processing /opt/airflow/dags/dag_ETL_final.py took 0.154 seconds
[2025-02-10T09:57:11.925+0000] {processor.py:157} INFO - Started process (PID=566) to work on /opt/airflow/dags/dag_ETL_final.py
[2025-02-10T09:57:11.927+0000] {processor.py:826} INFO - Processing file /opt/airflow/dags/dag_ETL_final.py for tasks to queue
[2025-02-10T09:57:11.929+0000] {logging_mixin.py:150} INFO - [2025-02-10T09:57:11.929+0000] {dagbag.py:541} INFO - Filling up the DagBag from /opt/airflow/dags/dag_ETL_final.py
[2025-02-10T09:57:11.955+0000] {processor.py:836} INFO - DAG(s) dict_keys(['DAG_ETL_daily_jobs']) retrieved from /opt/airflow/dags/dag_ETL_final.py
[2025-02-10T09:57:11.974+0000] {logging_mixin.py:150} INFO - [2025-02-10T09:57:11.973+0000] {dag.py:2742} INFO - Sync 1 DAGs
[2025-02-10T09:57:12.009+0000] {logging_mixin.py:150} INFO - [2025-02-10T09:57:12.008+0000] {dag.py:3504} INFO - Setting next_dagrun for DAG_ETL_daily_jobs to 2025-02-10T09:00:00+00:00, run_after=2025-02-11T09:00:00+00:00
[2025-02-10T09:57:12.033+0000] {processor.py:179} INFO - Processing /opt/airflow/dags/dag_ETL_final.py took 0.114 seconds
[2025-02-10T09:57:43.128+0000] {processor.py:157} INFO - Started process (PID=577) to work on /opt/airflow/dags/dag_ETL_final.py
[2025-02-10T09:57:43.131+0000] {processor.py:826} INFO - Processing file /opt/airflow/dags/dag_ETL_final.py for tasks to queue
[2025-02-10T09:57:43.133+0000] {logging_mixin.py:150} INFO - [2025-02-10T09:57:43.133+0000] {dagbag.py:541} INFO - Filling up the DagBag from /opt/airflow/dags/dag_ETL_final.py
[2025-02-10T09:57:43.187+0000] {processor.py:836} INFO - DAG(s) dict_keys(['DAG_ETL_daily_jobs']) retrieved from /opt/airflow/dags/dag_ETL_final.py
[2025-02-10T09:57:43.451+0000] {logging_mixin.py:150} INFO - [2025-02-10T09:57:43.450+0000] {dag.py:2742} INFO - Sync 1 DAGs
[2025-02-10T09:57:43.532+0000] {logging_mixin.py:150} INFO - [2025-02-10T09:57:43.532+0000] {dag.py:3504} INFO - Setting next_dagrun for DAG_ETL_daily_jobs to 2025-02-10T09:00:00+00:00, run_after=2025-02-11T09:00:00+00:00
[2025-02-10T09:57:43.570+0000] {processor.py:179} INFO - Processing /opt/airflow/dags/dag_ETL_final.py took 0.450 seconds
[2025-02-10T09:58:13.762+0000] {processor.py:157} INFO - Started process (PID=588) to work on /opt/airflow/dags/dag_ETL_final.py
[2025-02-10T09:58:13.764+0000] {processor.py:826} INFO - Processing file /opt/airflow/dags/dag_ETL_final.py for tasks to queue
[2025-02-10T09:58:13.767+0000] {logging_mixin.py:150} INFO - [2025-02-10T09:58:13.767+0000] {dagbag.py:541} INFO - Filling up the DagBag from /opt/airflow/dags/dag_ETL_final.py
[2025-02-10T09:58:13.799+0000] {processor.py:836} INFO - DAG(s) dict_keys(['DAG_ETL_daily_jobs']) retrieved from /opt/airflow/dags/dag_ETL_final.py
[2025-02-10T09:58:13.933+0000] {logging_mixin.py:150} INFO - [2025-02-10T09:58:13.932+0000] {dag.py:2742} INFO - Sync 1 DAGs
[2025-02-10T09:58:14.031+0000] {logging_mixin.py:150} INFO - [2025-02-10T09:58:14.031+0000] {dag.py:3504} INFO - Setting next_dagrun for DAG_ETL_daily_jobs to 2025-02-10T09:00:00+00:00, run_after=2025-02-11T09:00:00+00:00
[2025-02-10T09:58:14.061+0000] {processor.py:179} INFO - Processing /opt/airflow/dags/dag_ETL_final.py took 0.307 seconds
[2025-02-10T09:58:44.303+0000] {processor.py:157} INFO - Started process (PID=599) to work on /opt/airflow/dags/dag_ETL_final.py
[2025-02-10T09:58:44.305+0000] {processor.py:826} INFO - Processing file /opt/airflow/dags/dag_ETL_final.py for tasks to queue
[2025-02-10T09:58:44.306+0000] {logging_mixin.py:150} INFO - [2025-02-10T09:58:44.306+0000] {dagbag.py:541} INFO - Filling up the DagBag from /opt/airflow/dags/dag_ETL_final.py
[2025-02-10T09:58:44.330+0000] {processor.py:836} INFO - DAG(s) dict_keys(['DAG_ETL_daily_jobs']) retrieved from /opt/airflow/dags/dag_ETL_final.py
[2025-02-10T09:58:44.380+0000] {logging_mixin.py:150} INFO - [2025-02-10T09:58:44.380+0000] {dag.py:2742} INFO - Sync 1 DAGs
[2025-02-10T09:58:44.428+0000] {logging_mixin.py:150} INFO - [2025-02-10T09:58:44.428+0000] {dag.py:3504} INFO - Setting next_dagrun for DAG_ETL_daily_jobs to 2025-02-10T09:00:00+00:00, run_after=2025-02-11T09:00:00+00:00
[2025-02-10T09:58:44.461+0000] {processor.py:179} INFO - Processing /opt/airflow/dags/dag_ETL_final.py took 0.165 seconds
[2025-02-10T09:59:14.659+0000] {processor.py:157} INFO - Started process (PID=610) to work on /opt/airflow/dags/dag_ETL_final.py
[2025-02-10T09:59:14.662+0000] {processor.py:826} INFO - Processing file /opt/airflow/dags/dag_ETL_final.py for tasks to queue
[2025-02-10T09:59:14.664+0000] {logging_mixin.py:150} INFO - [2025-02-10T09:59:14.663+0000] {dagbag.py:541} INFO - Filling up the DagBag from /opt/airflow/dags/dag_ETL_final.py
[2025-02-10T09:59:14.692+0000] {processor.py:836} INFO - DAG(s) dict_keys(['DAG_ETL_daily_jobs']) retrieved from /opt/airflow/dags/dag_ETL_final.py
[2025-02-10T09:59:14.728+0000] {logging_mixin.py:150} INFO - [2025-02-10T09:59:14.728+0000] {dag.py:2742} INFO - Sync 1 DAGs
[2025-02-10T09:59:14.766+0000] {logging_mixin.py:150} INFO - [2025-02-10T09:59:14.766+0000] {dag.py:3504} INFO - Setting next_dagrun for DAG_ETL_daily_jobs to 2025-02-10T09:00:00+00:00, run_after=2025-02-11T09:00:00+00:00
[2025-02-10T09:59:14.791+0000] {processor.py:179} INFO - Processing /opt/airflow/dags/dag_ETL_final.py took 0.140 seconds
[2025-02-10T09:59:45.068+0000] {processor.py:157} INFO - Started process (PID=622) to work on /opt/airflow/dags/dag_ETL_final.py
[2025-02-10T09:59:45.070+0000] {processor.py:826} INFO - Processing file /opt/airflow/dags/dag_ETL_final.py for tasks to queue
[2025-02-10T09:59:45.072+0000] {logging_mixin.py:150} INFO - [2025-02-10T09:59:45.071+0000] {dagbag.py:541} INFO - Filling up the DagBag from /opt/airflow/dags/dag_ETL_final.py
[2025-02-10T09:59:45.096+0000] {processor.py:836} INFO - DAG(s) dict_keys(['DAG_ETL_daily_jobs']) retrieved from /opt/airflow/dags/dag_ETL_final.py
[2025-02-10T09:59:45.164+0000] {logging_mixin.py:150} INFO - [2025-02-10T09:59:45.163+0000] {dag.py:2742} INFO - Sync 1 DAGs
[2025-02-10T09:59:45.215+0000] {logging_mixin.py:150} INFO - [2025-02-10T09:59:45.215+0000] {dag.py:3504} INFO - Setting next_dagrun for DAG_ETL_daily_jobs to 2025-02-10T09:00:00+00:00, run_after=2025-02-11T09:00:00+00:00
[2025-02-10T09:59:45.254+0000] {processor.py:179} INFO - Processing /opt/airflow/dags/dag_ETL_final.py took 0.195 seconds
[2025-02-10T10:00:15.601+0000] {processor.py:157} INFO - Started process (PID=680) to work on /opt/airflow/dags/dag_ETL_final.py
[2025-02-10T10:00:15.603+0000] {processor.py:826} INFO - Processing file /opt/airflow/dags/dag_ETL_final.py for tasks to queue
[2025-02-10T10:00:15.604+0000] {logging_mixin.py:150} INFO - [2025-02-10T10:00:15.604+0000] {dagbag.py:541} INFO - Filling up the DagBag from /opt/airflow/dags/dag_ETL_final.py
[2025-02-10T10:00:15.633+0000] {processor.py:836} INFO - DAG(s) dict_keys(['DAG_ETL_daily_jobs']) retrieved from /opt/airflow/dags/dag_ETL_final.py
[2025-02-10T10:00:15.688+0000] {logging_mixin.py:150} INFO - [2025-02-10T10:00:15.687+0000] {dag.py:2742} INFO - Sync 1 DAGs
[2025-02-10T10:00:15.729+0000] {logging_mixin.py:150} INFO - [2025-02-10T10:00:15.729+0000] {dag.py:3504} INFO - Setting next_dagrun for DAG_ETL_daily_jobs to 2025-02-10T09:00:00+00:00, run_after=2025-02-11T09:00:00+00:00
[2025-02-10T10:00:15.757+0000] {processor.py:179} INFO - Processing /opt/airflow/dags/dag_ETL_final.py took 0.161 seconds
[2025-02-10T10:00:45.956+0000] {processor.py:157} INFO - Started process (PID=691) to work on /opt/airflow/dags/dag_ETL_final.py
[2025-02-10T10:00:45.959+0000] {processor.py:826} INFO - Processing file /opt/airflow/dags/dag_ETL_final.py for tasks to queue
[2025-02-10T10:00:45.962+0000] {logging_mixin.py:150} INFO - [2025-02-10T10:00:45.961+0000] {dagbag.py:541} INFO - Filling up the DagBag from /opt/airflow/dags/dag_ETL_final.py
[2025-02-10T10:00:46.016+0000] {processor.py:836} INFO - DAG(s) dict_keys(['DAG_ETL_daily_jobs']) retrieved from /opt/airflow/dags/dag_ETL_final.py
[2025-02-10T10:00:46.117+0000] {logging_mixin.py:150} INFO - [2025-02-10T10:00:46.117+0000] {dag.py:2742} INFO - Sync 1 DAGs
[2025-02-10T10:00:46.169+0000] {logging_mixin.py:150} INFO - [2025-02-10T10:00:46.169+0000] {dag.py:3504} INFO - Setting next_dagrun for DAG_ETL_daily_jobs to 2025-02-10T09:00:00+00:00, run_after=2025-02-11T09:00:00+00:00
[2025-02-10T10:00:46.200+0000] {processor.py:179} INFO - Processing /opt/airflow/dags/dag_ETL_final.py took 0.255 seconds
[2025-02-10T10:01:16.562+0000] {processor.py:157} INFO - Started process (PID=702) to work on /opt/airflow/dags/dag_ETL_final.py
[2025-02-10T10:01:16.564+0000] {processor.py:826} INFO - Processing file /opt/airflow/dags/dag_ETL_final.py for tasks to queue
[2025-02-10T10:01:16.566+0000] {logging_mixin.py:150} INFO - [2025-02-10T10:01:16.566+0000] {dagbag.py:541} INFO - Filling up the DagBag from /opt/airflow/dags/dag_ETL_final.py
[2025-02-10T10:01:16.594+0000] {processor.py:836} INFO - DAG(s) dict_keys(['DAG_ETL_daily_jobs']) retrieved from /opt/airflow/dags/dag_ETL_final.py
[2025-02-10T10:01:16.642+0000] {logging_mixin.py:150} INFO - [2025-02-10T10:01:16.642+0000] {dag.py:2742} INFO - Sync 1 DAGs
[2025-02-10T10:01:16.683+0000] {logging_mixin.py:150} INFO - [2025-02-10T10:01:16.683+0000] {dag.py:3504} INFO - Setting next_dagrun for DAG_ETL_daily_jobs to 2025-02-10T09:00:00+00:00, run_after=2025-02-11T09:00:00+00:00
[2025-02-10T10:01:16.708+0000] {processor.py:179} INFO - Processing /opt/airflow/dags/dag_ETL_final.py took 0.153 seconds
[2025-02-10T10:01:47.589+0000] {processor.py:157} INFO - Started process (PID=759) to work on /opt/airflow/dags/dag_ETL_final.py
[2025-02-10T10:01:47.595+0000] {processor.py:826} INFO - Processing file /opt/airflow/dags/dag_ETL_final.py for tasks to queue
[2025-02-10T10:01:47.599+0000] {logging_mixin.py:150} INFO - [2025-02-10T10:01:47.597+0000] {dagbag.py:541} INFO - Filling up the DagBag from /opt/airflow/dags/dag_ETL_final.py
[2025-02-10T10:01:47.657+0000] {processor.py:836} INFO - DAG(s) dict_keys(['DAG_ETL_daily_jobs']) retrieved from /opt/airflow/dags/dag_ETL_final.py
[2025-02-10T10:01:47.747+0000] {logging_mixin.py:150} INFO - [2025-02-10T10:01:47.747+0000] {dag.py:2742} INFO - Sync 1 DAGs
[2025-02-10T10:01:47.807+0000] {logging_mixin.py:150} INFO - [2025-02-10T10:01:47.807+0000] {dag.py:3504} INFO - Setting next_dagrun for DAG_ETL_daily_jobs to 2025-02-10T09:00:00+00:00, run_after=2025-02-11T09:00:00+00:00
[2025-02-10T10:01:47.846+0000] {processor.py:179} INFO - Processing /opt/airflow/dags/dag_ETL_final.py took 0.273 seconds
[2025-02-10T10:02:19.424+0000] {processor.py:157} INFO - Started process (PID=825) to work on /opt/airflow/dags/dag_ETL_final.py
[2025-02-10T10:02:19.433+0000] {processor.py:826} INFO - Processing file /opt/airflow/dags/dag_ETL_final.py for tasks to queue
[2025-02-10T10:02:19.451+0000] {logging_mixin.py:150} INFO - [2025-02-10T10:02:19.449+0000] {dagbag.py:541} INFO - Filling up the DagBag from /opt/airflow/dags/dag_ETL_final.py
[2025-02-10T10:02:19.651+0000] {processor.py:836} INFO - DAG(s) dict_keys(['DAG_ETL_daily_jobs']) retrieved from /opt/airflow/dags/dag_ETL_final.py
[2025-02-10T10:02:20.345+0000] {logging_mixin.py:150} INFO - [2025-02-10T10:02:20.344+0000] {dag.py:2742} INFO - Sync 1 DAGs
[2025-02-10T10:02:20.754+0000] {logging_mixin.py:150} INFO - [2025-02-10T10:02:20.753+0000] {dag.py:3504} INFO - Setting next_dagrun for DAG_ETL_daily_jobs to 2025-02-10T09:00:00+00:00, run_after=2025-02-11T09:00:00+00:00
[2025-02-10T10:02:20.829+0000] {processor.py:179} INFO - Processing /opt/airflow/dags/dag_ETL_final.py took 1.682 seconds
[2025-02-10T10:02:51.734+0000] {processor.py:157} INFO - Started process (PID=848) to work on /opt/airflow/dags/dag_ETL_final.py
[2025-02-10T10:02:51.737+0000] {processor.py:826} INFO - Processing file /opt/airflow/dags/dag_ETL_final.py for tasks to queue
[2025-02-10T10:02:51.739+0000] {logging_mixin.py:150} INFO - [2025-02-10T10:02:51.739+0000] {dagbag.py:541} INFO - Filling up the DagBag from /opt/airflow/dags/dag_ETL_final.py
[2025-02-10T10:02:51.812+0000] {processor.py:836} INFO - DAG(s) dict_keys(['DAG_ETL_daily_jobs']) retrieved from /opt/airflow/dags/dag_ETL_final.py
[2025-02-10T10:02:51.981+0000] {logging_mixin.py:150} INFO - [2025-02-10T10:02:51.981+0000] {dag.py:2742} INFO - Sync 1 DAGs
[2025-02-10T10:02:52.045+0000] {logging_mixin.py:150} INFO - [2025-02-10T10:02:52.044+0000] {dag.py:3504} INFO - Setting next_dagrun for DAG_ETL_daily_jobs to 2025-02-10T09:00:00+00:00, run_after=2025-02-11T09:00:00+00:00
[2025-02-10T10:02:52.082+0000] {processor.py:179} INFO - Processing /opt/airflow/dags/dag_ETL_final.py took 0.359 seconds
[2025-02-10T10:03:22.256+0000] {processor.py:157} INFO - Started process (PID=1026) to work on /opt/airflow/dags/dag_ETL_final.py
[2025-02-10T10:03:22.258+0000] {processor.py:826} INFO - Processing file /opt/airflow/dags/dag_ETL_final.py for tasks to queue
[2025-02-10T10:03:22.260+0000] {logging_mixin.py:150} INFO - [2025-02-10T10:03:22.259+0000] {dagbag.py:541} INFO - Filling up the DagBag from /opt/airflow/dags/dag_ETL_final.py
[2025-02-10T10:03:22.337+0000] {processor.py:836} INFO - DAG(s) dict_keys(['DAG_ETL_daily_jobs']) retrieved from /opt/airflow/dags/dag_ETL_final.py
[2025-02-10T10:03:22.420+0000] {logging_mixin.py:150} INFO - [2025-02-10T10:03:22.420+0000] {dag.py:2742} INFO - Sync 1 DAGs
[2025-02-10T10:03:22.500+0000] {logging_mixin.py:150} INFO - [2025-02-10T10:03:22.500+0000] {dag.py:3504} INFO - Setting next_dagrun for DAG_ETL_daily_jobs to 2025-02-10T09:00:00+00:00, run_after=2025-02-11T09:00:00+00:00
[2025-02-10T10:03:22.557+0000] {processor.py:179} INFO - Processing /opt/airflow/dags/dag_ETL_final.py took 0.318 seconds
[2025-02-10T10:03:52.854+0000] {processor.py:157} INFO - Started process (PID=1067) to work on /opt/airflow/dags/dag_ETL_final.py
[2025-02-10T10:03:52.858+0000] {processor.py:826} INFO - Processing file /opt/airflow/dags/dag_ETL_final.py for tasks to queue
[2025-02-10T10:03:52.860+0000] {logging_mixin.py:150} INFO - [2025-02-10T10:03:52.859+0000] {dagbag.py:541} INFO - Filling up the DagBag from /opt/airflow/dags/dag_ETL_final.py
[2025-02-10T10:03:52.910+0000] {processor.py:836} INFO - DAG(s) dict_keys(['DAG_ETL_daily_jobs']) retrieved from /opt/airflow/dags/dag_ETL_final.py
[2025-02-10T10:03:52.973+0000] {logging_mixin.py:150} INFO - [2025-02-10T10:03:52.973+0000] {dag.py:2742} INFO - Sync 1 DAGs
[2025-02-10T10:03:53.027+0000] {logging_mixin.py:150} INFO - [2025-02-10T10:03:53.026+0000] {dag.py:3504} INFO - Setting next_dagrun for DAG_ETL_daily_jobs to 2025-02-10T09:00:00+00:00, run_after=2025-02-11T09:00:00+00:00
[2025-02-10T10:03:53.085+0000] {processor.py:179} INFO - Processing /opt/airflow/dags/dag_ETL_final.py took 0.245 seconds
[2025-02-10T10:04:23.245+0000] {processor.py:157} INFO - Started process (PID=1336) to work on /opt/airflow/dags/dag_ETL_final.py
[2025-02-10T10:04:23.249+0000] {processor.py:826} INFO - Processing file /opt/airflow/dags/dag_ETL_final.py for tasks to queue
[2025-02-10T10:04:23.253+0000] {logging_mixin.py:150} INFO - [2025-02-10T10:04:23.251+0000] {dagbag.py:541} INFO - Filling up the DagBag from /opt/airflow/dags/dag_ETL_final.py
[2025-02-10T10:04:23.300+0000] {processor.py:836} INFO - DAG(s) dict_keys(['DAG_ETL_daily_jobs']) retrieved from /opt/airflow/dags/dag_ETL_final.py
[2025-02-10T10:04:23.404+0000] {logging_mixin.py:150} INFO - [2025-02-10T10:04:23.403+0000] {dag.py:2742} INFO - Sync 1 DAGs
[2025-02-10T10:04:23.571+0000] {logging_mixin.py:150} INFO - [2025-02-10T10:04:23.570+0000] {dag.py:3504} INFO - Setting next_dagrun for DAG_ETL_daily_jobs to 2025-02-10T09:00:00+00:00, run_after=2025-02-11T09:00:00+00:00
[2025-02-10T10:04:23.662+0000] {processor.py:179} INFO - Processing /opt/airflow/dags/dag_ETL_final.py took 0.426 seconds
[2025-02-10T10:04:54.599+0000] {processor.py:157} INFO - Started process (PID=1365) to work on /opt/airflow/dags/dag_ETL_final.py
[2025-02-10T10:04:54.603+0000] {processor.py:826} INFO - Processing file /opt/airflow/dags/dag_ETL_final.py for tasks to queue
[2025-02-10T10:04:54.607+0000] {logging_mixin.py:150} INFO - [2025-02-10T10:04:54.606+0000] {dagbag.py:541} INFO - Filling up the DagBag from /opt/airflow/dags/dag_ETL_final.py
[2025-02-10T10:04:54.673+0000] {processor.py:836} INFO - DAG(s) dict_keys(['DAG_ETL_daily_jobs']) retrieved from /opt/airflow/dags/dag_ETL_final.py
[2025-02-10T10:04:54.827+0000] {logging_mixin.py:150} INFO - [2025-02-10T10:04:54.826+0000] {dag.py:2742} INFO - Sync 1 DAGs
[2025-02-10T10:04:55.047+0000] {logging_mixin.py:150} INFO - [2025-02-10T10:04:55.046+0000] {dag.py:3504} INFO - Setting next_dagrun for DAG_ETL_daily_jobs to 2025-02-10T09:00:00+00:00, run_after=2025-02-11T09:00:00+00:00
[2025-02-10T10:04:55.102+0000] {processor.py:179} INFO - Processing /opt/airflow/dags/dag_ETL_final.py took 0.511 seconds
[2025-02-10T10:05:25.733+0000] {processor.py:157} INFO - Started process (PID=1614) to work on /opt/airflow/dags/dag_ETL_final.py
[2025-02-10T10:05:25.734+0000] {processor.py:826} INFO - Processing file /opt/airflow/dags/dag_ETL_final.py for tasks to queue
[2025-02-10T10:05:25.736+0000] {logging_mixin.py:150} INFO - [2025-02-10T10:05:25.736+0000] {dagbag.py:541} INFO - Filling up the DagBag from /opt/airflow/dags/dag_ETL_final.py
[2025-02-10T10:05:25.771+0000] {processor.py:836} INFO - DAG(s) dict_keys(['DAG_ETL_daily_jobs']) retrieved from /opt/airflow/dags/dag_ETL_final.py
[2025-02-10T10:05:25.819+0000] {logging_mixin.py:150} INFO - [2025-02-10T10:05:25.819+0000] {dag.py:2742} INFO - Sync 1 DAGs
[2025-02-10T10:05:25.860+0000] {logging_mixin.py:150} INFO - [2025-02-10T10:05:25.860+0000] {dag.py:3504} INFO - Setting next_dagrun for DAG_ETL_daily_jobs to 2025-02-10T09:00:00+00:00, run_after=2025-02-11T09:00:00+00:00
[2025-02-10T10:05:25.891+0000] {processor.py:179} INFO - Processing /opt/airflow/dags/dag_ETL_final.py took 0.165 seconds
[2025-02-10T10:05:56.465+0000] {processor.py:157} INFO - Started process (PID=1625) to work on /opt/airflow/dags/dag_ETL_final.py
[2025-02-10T10:05:56.468+0000] {processor.py:826} INFO - Processing file /opt/airflow/dags/dag_ETL_final.py for tasks to queue
[2025-02-10T10:05:56.470+0000] {logging_mixin.py:150} INFO - [2025-02-10T10:05:56.469+0000] {dagbag.py:541} INFO - Filling up the DagBag from /opt/airflow/dags/dag_ETL_final.py
[2025-02-10T10:05:56.529+0000] {processor.py:836} INFO - DAG(s) dict_keys(['DAG_ETL_daily_jobs']) retrieved from /opt/airflow/dags/dag_ETL_final.py
[2025-02-10T10:05:56.633+0000] {logging_mixin.py:150} INFO - [2025-02-10T10:05:56.633+0000] {dag.py:2742} INFO - Sync 1 DAGs
[2025-02-10T10:05:56.700+0000] {logging_mixin.py:150} INFO - [2025-02-10T10:05:56.700+0000] {dag.py:3504} INFO - Setting next_dagrun for DAG_ETL_daily_jobs to 2025-02-10T09:00:00+00:00, run_after=2025-02-11T09:00:00+00:00
[2025-02-10T10:05:56.752+0000] {processor.py:179} INFO - Processing /opt/airflow/dags/dag_ETL_final.py took 0.300 seconds
[2025-02-10T10:06:27.549+0000] {processor.py:157} INFO - Started process (PID=1634) to work on /opt/airflow/dags/dag_ETL_final.py
[2025-02-10T10:06:27.559+0000] {processor.py:826} INFO - Processing file /opt/airflow/dags/dag_ETL_final.py for tasks to queue
[2025-02-10T10:06:27.571+0000] {logging_mixin.py:150} INFO - [2025-02-10T10:06:27.563+0000] {dagbag.py:541} INFO - Filling up the DagBag from /opt/airflow/dags/dag_ETL_final.py
[2025-02-10T10:06:27.664+0000] {processor.py:836} INFO - DAG(s) dict_keys(['DAG_ETL_daily_jobs']) retrieved from /opt/airflow/dags/dag_ETL_final.py
[2025-02-10T10:06:27.788+0000] {logging_mixin.py:150} INFO - [2025-02-10T10:06:27.788+0000] {dag.py:2742} INFO - Sync 1 DAGs
[2025-02-10T10:06:27.853+0000] {logging_mixin.py:150} INFO - [2025-02-10T10:06:27.852+0000] {dag.py:3504} INFO - Setting next_dagrun for DAG_ETL_daily_jobs to 2025-02-10T09:00:00+00:00, run_after=2025-02-11T09:00:00+00:00
[2025-02-10T10:06:27.896+0000] {processor.py:179} INFO - Processing /opt/airflow/dags/dag_ETL_final.py took 0.426 seconds
[2025-02-10T10:06:58.413+0000] {processor.py:157} INFO - Started process (PID=1639) to work on /opt/airflow/dags/dag_ETL_final.py
[2025-02-10T10:06:58.415+0000] {processor.py:826} INFO - Processing file /opt/airflow/dags/dag_ETL_final.py for tasks to queue
[2025-02-10T10:06:58.417+0000] {logging_mixin.py:150} INFO - [2025-02-10T10:06:58.416+0000] {dagbag.py:541} INFO - Filling up the DagBag from /opt/airflow/dags/dag_ETL_final.py
[2025-02-10T10:06:58.452+0000] {processor.py:836} INFO - DAG(s) dict_keys(['DAG_ETL_daily_jobs']) retrieved from /opt/airflow/dags/dag_ETL_final.py
[2025-02-10T10:06:58.563+0000] {logging_mixin.py:150} INFO - [2025-02-10T10:06:58.562+0000] {dag.py:2742} INFO - Sync 1 DAGs
[2025-02-10T10:06:58.608+0000] {logging_mixin.py:150} INFO - [2025-02-10T10:06:58.608+0000] {dag.py:3504} INFO - Setting next_dagrun for DAG_ETL_daily_jobs to 2025-02-10T09:00:00+00:00, run_after=2025-02-11T09:00:00+00:00
[2025-02-10T10:06:58.643+0000] {processor.py:179} INFO - Processing /opt/airflow/dags/dag_ETL_final.py took 0.241 seconds
[2025-02-10T10:07:29.634+0000] {processor.py:157} INFO - Started process (PID=1644) to work on /opt/airflow/dags/dag_ETL_final.py
[2025-02-10T10:07:29.639+0000] {processor.py:826} INFO - Processing file /opt/airflow/dags/dag_ETL_final.py for tasks to queue
[2025-02-10T10:07:29.643+0000] {logging_mixin.py:150} INFO - [2025-02-10T10:07:29.642+0000] {dagbag.py:541} INFO - Filling up the DagBag from /opt/airflow/dags/dag_ETL_final.py
[2025-02-10T10:07:29.674+0000] {processor.py:836} INFO - DAG(s) dict_keys(['DAG_ETL_daily_jobs']) retrieved from /opt/airflow/dags/dag_ETL_final.py
[2025-02-10T10:07:29.742+0000] {logging_mixin.py:150} INFO - [2025-02-10T10:07:29.742+0000] {dag.py:2742} INFO - Sync 1 DAGs
[2025-02-10T10:07:29.804+0000] {logging_mixin.py:150} INFO - [2025-02-10T10:07:29.803+0000] {dag.py:3504} INFO - Setting next_dagrun for DAG_ETL_daily_jobs to 2025-02-10T09:00:00+00:00, run_after=2025-02-11T09:00:00+00:00
[2025-02-10T10:07:29.840+0000] {processor.py:179} INFO - Processing /opt/airflow/dags/dag_ETL_final.py took 0.220 seconds
