[2025-02-10T09:43:37.986+0000] {processor.py:157} INFO - Started process (PID=29) to work on /opt/airflow/dags/example.py
[2025-02-10T09:43:37.988+0000] {processor.py:826} INFO - Processing file /opt/airflow/dags/example.py for tasks to queue
[2025-02-10T09:43:37.989+0000] {logging_mixin.py:150} INFO - [2025-02-10T09:43:37.989+0000] {dagbag.py:541} INFO - Filling up the DagBag from /opt/airflow/dags/example.py
[2025-02-10T09:43:38.039+0000] {processor.py:836} INFO - DAG(s) dict_keys(['example_dag']) retrieved from /opt/airflow/dags/example.py
[2025-02-10T09:43:38.437+0000] {logging_mixin.py:150} INFO - [2025-02-10T09:43:38.436+0000] {dag.py:2742} INFO - Sync 1 DAGs
[2025-02-10T09:43:38.480+0000] {logging_mixin.py:150} INFO - [2025-02-10T09:43:38.480+0000] {dag.py:3504} INFO - Setting next_dagrun for example_dag to 2024-01-01T00:00:00+00:00, run_after=2024-01-02T00:00:00+00:00
[2025-02-10T09:43:38.516+0000] {processor.py:179} INFO - Processing /opt/airflow/dags/example.py took 0.547 seconds
[2025-02-10T09:44:08.940+0000] {processor.py:157} INFO - Started process (PID=86) to work on /opt/airflow/dags/example.py
[2025-02-10T09:44:08.942+0000] {processor.py:826} INFO - Processing file /opt/airflow/dags/example.py for tasks to queue
[2025-02-10T09:44:08.946+0000] {logging_mixin.py:150} INFO - [2025-02-10T09:44:08.946+0000] {dagbag.py:541} INFO - Filling up the DagBag from /opt/airflow/dags/example.py
[2025-02-10T09:44:08.982+0000] {processor.py:836} INFO - DAG(s) dict_keys(['example_dag']) retrieved from /opt/airflow/dags/example.py
[2025-02-10T09:44:09.054+0000] {logging_mixin.py:150} INFO - [2025-02-10T09:44:09.054+0000] {dag.py:2742} INFO - Sync 1 DAGs
[2025-02-10T09:44:09.113+0000] {logging_mixin.py:150} INFO - [2025-02-10T09:44:09.112+0000] {dag.py:3504} INFO - Setting next_dagrun for example_dag to 2024-01-01T00:00:00+00:00, run_after=2024-01-02T00:00:00+00:00
[2025-02-10T09:44:09.152+0000] {processor.py:179} INFO - Processing /opt/airflow/dags/example.py took 0.219 seconds
[2025-02-10T09:44:39.553+0000] {processor.py:157} INFO - Started process (PID=98) to work on /opt/airflow/dags/example.py
[2025-02-10T09:44:39.557+0000] {processor.py:826} INFO - Processing file /opt/airflow/dags/example.py for tasks to queue
[2025-02-10T09:44:39.559+0000] {logging_mixin.py:150} INFO - [2025-02-10T09:44:39.559+0000] {dagbag.py:541} INFO - Filling up the DagBag from /opt/airflow/dags/example.py
[2025-02-10T09:44:39.592+0000] {processor.py:836} INFO - DAG(s) dict_keys(['example_dag']) retrieved from /opt/airflow/dags/example.py
[2025-02-10T09:44:39.656+0000] {logging_mixin.py:150} INFO - [2025-02-10T09:44:39.656+0000] {dag.py:2742} INFO - Sync 1 DAGs
[2025-02-10T09:44:39.870+0000] {logging_mixin.py:150} INFO - [2025-02-10T09:44:39.869+0000] {dag.py:3504} INFO - Setting next_dagrun for example_dag to 2024-01-01T00:00:00+00:00, run_after=2024-01-02T00:00:00+00:00
[2025-02-10T09:44:39.948+0000] {processor.py:179} INFO - Processing /opt/airflow/dags/example.py took 0.402 seconds
[2025-02-10T09:45:10.091+0000] {processor.py:157} INFO - Started process (PID=118) to work on /opt/airflow/dags/example.py
[2025-02-10T09:45:10.093+0000] {processor.py:826} INFO - Processing file /opt/airflow/dags/example.py for tasks to queue
[2025-02-10T09:45:10.095+0000] {logging_mixin.py:150} INFO - [2025-02-10T09:45:10.095+0000] {dagbag.py:541} INFO - Filling up the DagBag from /opt/airflow/dags/example.py
[2025-02-10T09:45:10.120+0000] {processor.py:836} INFO - DAG(s) dict_keys(['example_dag']) retrieved from /opt/airflow/dags/example.py
[2025-02-10T09:45:10.168+0000] {logging_mixin.py:150} INFO - [2025-02-10T09:45:10.168+0000] {dag.py:2742} INFO - Sync 1 DAGs
[2025-02-10T09:45:10.201+0000] {logging_mixin.py:150} INFO - [2025-02-10T09:45:10.201+0000] {dag.py:3504} INFO - Setting next_dagrun for example_dag to 2024-01-01T00:00:00+00:00, run_after=2024-01-02T00:00:00+00:00
[2025-02-10T09:45:10.230+0000] {processor.py:179} INFO - Processing /opt/airflow/dags/example.py took 0.145 seconds
[2025-02-10T09:45:40.746+0000] {processor.py:157} INFO - Started process (PID=129) to work on /opt/airflow/dags/example.py
[2025-02-10T09:45:40.748+0000] {processor.py:826} INFO - Processing file /opt/airflow/dags/example.py for tasks to queue
[2025-02-10T09:45:40.749+0000] {logging_mixin.py:150} INFO - [2025-02-10T09:45:40.749+0000] {dagbag.py:541} INFO - Filling up the DagBag from /opt/airflow/dags/example.py
[2025-02-10T09:45:40.788+0000] {processor.py:836} INFO - DAG(s) dict_keys(['example_dag']) retrieved from /opt/airflow/dags/example.py
[2025-02-10T09:45:40.879+0000] {logging_mixin.py:150} INFO - [2025-02-10T09:45:40.879+0000] {dag.py:2742} INFO - Sync 1 DAGs
[2025-02-10T09:45:40.981+0000] {logging_mixin.py:150} INFO - [2025-02-10T09:45:40.980+0000] {dag.py:3504} INFO - Setting next_dagrun for example_dag to 2024-01-01T00:00:00+00:00, run_after=2024-01-02T00:00:00+00:00
[2025-02-10T09:45:41.026+0000] {processor.py:179} INFO - Processing /opt/airflow/dags/example.py took 0.286 seconds
[2025-02-10T09:46:11.991+0000] {processor.py:157} INFO - Started process (PID=140) to work on /opt/airflow/dags/example.py
[2025-02-10T09:46:11.994+0000] {processor.py:826} INFO - Processing file /opt/airflow/dags/example.py for tasks to queue
[2025-02-10T09:46:11.997+0000] {logging_mixin.py:150} INFO - [2025-02-10T09:46:11.996+0000] {dagbag.py:541} INFO - Filling up the DagBag from /opt/airflow/dags/example.py
[2025-02-10T09:46:12.037+0000] {processor.py:836} INFO - DAG(s) dict_keys(['example_dag']) retrieved from /opt/airflow/dags/example.py
[2025-02-10T09:46:12.115+0000] {logging_mixin.py:150} INFO - [2025-02-10T09:46:12.115+0000] {dag.py:2742} INFO - Sync 1 DAGs
[2025-02-10T09:46:12.179+0000] {logging_mixin.py:150} INFO - [2025-02-10T09:46:12.178+0000] {dag.py:3504} INFO - Setting next_dagrun for example_dag to 2024-01-01T00:00:00+00:00, run_after=2024-01-02T00:00:00+00:00
[2025-02-10T09:46:12.211+0000] {processor.py:179} INFO - Processing /opt/airflow/dags/example.py took 0.234 seconds
[2025-02-10T09:46:43.007+0000] {processor.py:157} INFO - Started process (PID=152) to work on /opt/airflow/dags/example.py
[2025-02-10T09:46:43.009+0000] {processor.py:826} INFO - Processing file /opt/airflow/dags/example.py for tasks to queue
[2025-02-10T09:46:43.010+0000] {logging_mixin.py:150} INFO - [2025-02-10T09:46:43.010+0000] {dagbag.py:541} INFO - Filling up the DagBag from /opt/airflow/dags/example.py
[2025-02-10T09:46:43.034+0000] {processor.py:836} INFO - DAG(s) dict_keys(['example_dag']) retrieved from /opt/airflow/dags/example.py
[2025-02-10T09:46:43.088+0000] {logging_mixin.py:150} INFO - [2025-02-10T09:46:43.088+0000] {dag.py:2742} INFO - Sync 1 DAGs
[2025-02-10T09:46:43.184+0000] {logging_mixin.py:150} INFO - [2025-02-10T09:46:43.184+0000] {dag.py:3504} INFO - Setting next_dagrun for example_dag to 2024-01-01T00:00:00+00:00, run_after=2024-01-02T00:00:00+00:00
[2025-02-10T09:46:43.217+0000] {processor.py:179} INFO - Processing /opt/airflow/dags/example.py took 0.218 seconds
[2025-02-10T09:47:13.998+0000] {processor.py:157} INFO - Started process (PID=259) to work on /opt/airflow/dags/example.py
[2025-02-10T09:47:14.004+0000] {processor.py:826} INFO - Processing file /opt/airflow/dags/example.py for tasks to queue
[2025-02-10T09:47:14.006+0000] {logging_mixin.py:150} INFO - [2025-02-10T09:47:14.006+0000] {dagbag.py:541} INFO - Filling up the DagBag from /opt/airflow/dags/example.py
[2025-02-10T09:47:14.054+0000] {processor.py:836} INFO - DAG(s) dict_keys(['example_dag']) retrieved from /opt/airflow/dags/example.py
[2025-02-10T09:47:14.195+0000] {logging_mixin.py:150} INFO - [2025-02-10T09:47:14.194+0000] {dag.py:2742} INFO - Sync 1 DAGs
[2025-02-10T09:47:14.261+0000] {logging_mixin.py:150} INFO - [2025-02-10T09:47:14.261+0000] {dag.py:3504} INFO - Setting next_dagrun for example_dag to 2024-01-01T00:00:00+00:00, run_after=2024-01-02T00:00:00+00:00
[2025-02-10T09:47:14.306+0000] {processor.py:179} INFO - Processing /opt/airflow/dags/example.py took 0.330 seconds
[2025-02-10T09:47:45.160+0000] {processor.py:157} INFO - Started process (PID=270) to work on /opt/airflow/dags/example.py
[2025-02-10T09:47:45.162+0000] {processor.py:826} INFO - Processing file /opt/airflow/dags/example.py for tasks to queue
[2025-02-10T09:47:45.164+0000] {logging_mixin.py:150} INFO - [2025-02-10T09:47:45.163+0000] {dagbag.py:541} INFO - Filling up the DagBag from /opt/airflow/dags/example.py
[2025-02-10T09:47:45.188+0000] {processor.py:836} INFO - DAG(s) dict_keys(['example_dag']) retrieved from /opt/airflow/dags/example.py
[2025-02-10T09:47:45.240+0000] {logging_mixin.py:150} INFO - [2025-02-10T09:47:45.240+0000] {dag.py:2742} INFO - Sync 1 DAGs
[2025-02-10T09:47:45.279+0000] {logging_mixin.py:150} INFO - [2025-02-10T09:47:45.279+0000] {dag.py:3504} INFO - Setting next_dagrun for example_dag to 2024-01-01T00:00:00+00:00, run_after=2024-01-02T00:00:00+00:00
[2025-02-10T09:47:45.310+0000] {processor.py:179} INFO - Processing /opt/airflow/dags/example.py took 0.158 seconds
[2025-02-10T09:48:15.619+0000] {processor.py:157} INFO - Started process (PID=281) to work on /opt/airflow/dags/example.py
[2025-02-10T09:48:15.620+0000] {processor.py:826} INFO - Processing file /opt/airflow/dags/example.py for tasks to queue
[2025-02-10T09:48:15.622+0000] {logging_mixin.py:150} INFO - [2025-02-10T09:48:15.622+0000] {dagbag.py:541} INFO - Filling up the DagBag from /opt/airflow/dags/example.py
[2025-02-10T09:48:15.645+0000] {processor.py:836} INFO - DAG(s) dict_keys(['example_dag']) retrieved from /opt/airflow/dags/example.py
[2025-02-10T09:48:15.701+0000] {logging_mixin.py:150} INFO - [2025-02-10T09:48:15.700+0000] {dag.py:2742} INFO - Sync 1 DAGs
[2025-02-10T09:48:15.740+0000] {logging_mixin.py:150} INFO - [2025-02-10T09:48:15.740+0000] {dag.py:3504} INFO - Setting next_dagrun for example_dag to 2024-01-01T00:00:00+00:00, run_after=2024-01-02T00:00:00+00:00
[2025-02-10T09:48:15.773+0000] {processor.py:179} INFO - Processing /opt/airflow/dags/example.py took 0.159 seconds
[2025-02-10T09:48:46.657+0000] {processor.py:157} INFO - Started process (PID=293) to work on /opt/airflow/dags/example.py
[2025-02-10T09:48:46.660+0000] {processor.py:826} INFO - Processing file /opt/airflow/dags/example.py for tasks to queue
[2025-02-10T09:48:46.663+0000] {logging_mixin.py:150} INFO - [2025-02-10T09:48:46.662+0000] {dagbag.py:541} INFO - Filling up the DagBag from /opt/airflow/dags/example.py
[2025-02-10T09:48:46.723+0000] {processor.py:836} INFO - DAG(s) dict_keys(['example_dag']) retrieved from /opt/airflow/dags/example.py
[2025-02-10T09:48:46.841+0000] {logging_mixin.py:150} INFO - [2025-02-10T09:48:46.841+0000] {dag.py:2742} INFO - Sync 1 DAGs
[2025-02-10T09:48:46.914+0000] {logging_mixin.py:150} INFO - [2025-02-10T09:48:46.913+0000] {dag.py:3504} INFO - Setting next_dagrun for example_dag to 2024-01-01T00:00:00+00:00, run_after=2024-01-02T00:00:00+00:00
[2025-02-10T09:48:46.982+0000] {processor.py:179} INFO - Processing /opt/airflow/dags/example.py took 0.335 seconds
[2025-02-10T09:49:17.415+0000] {processor.py:157} INFO - Started process (PID=304) to work on /opt/airflow/dags/example.py
[2025-02-10T09:49:17.417+0000] {processor.py:826} INFO - Processing file /opt/airflow/dags/example.py for tasks to queue
[2025-02-10T09:49:17.419+0000] {logging_mixin.py:150} INFO - [2025-02-10T09:49:17.418+0000] {dagbag.py:541} INFO - Filling up the DagBag from /opt/airflow/dags/example.py
[2025-02-10T09:49:17.438+0000] {processor.py:836} INFO - DAG(s) dict_keys(['example_dag']) retrieved from /opt/airflow/dags/example.py
[2025-02-10T09:49:17.478+0000] {logging_mixin.py:150} INFO - [2025-02-10T09:49:17.478+0000] {dag.py:2742} INFO - Sync 1 DAGs
[2025-02-10T09:49:17.510+0000] {logging_mixin.py:150} INFO - [2025-02-10T09:49:17.510+0000] {dag.py:3504} INFO - Setting next_dagrun for example_dag to 2024-01-01T00:00:00+00:00, run_after=2024-01-02T00:00:00+00:00
[2025-02-10T09:49:17.545+0000] {processor.py:179} INFO - Processing /opt/airflow/dags/example.py took 0.137 seconds
[2025-02-10T09:49:48.276+0000] {processor.py:157} INFO - Started process (PID=315) to work on /opt/airflow/dags/example.py
[2025-02-10T09:49:48.278+0000] {processor.py:826} INFO - Processing file /opt/airflow/dags/example.py for tasks to queue
[2025-02-10T09:49:48.279+0000] {logging_mixin.py:150} INFO - [2025-02-10T09:49:48.279+0000] {dagbag.py:541} INFO - Filling up the DagBag from /opt/airflow/dags/example.py
[2025-02-10T09:49:48.305+0000] {processor.py:836} INFO - DAG(s) dict_keys(['example_dag']) retrieved from /opt/airflow/dags/example.py
[2025-02-10T09:49:48.343+0000] {logging_mixin.py:150} INFO - [2025-02-10T09:49:48.342+0000] {dag.py:2742} INFO - Sync 1 DAGs
[2025-02-10T09:49:48.383+0000] {logging_mixin.py:150} INFO - [2025-02-10T09:49:48.382+0000] {dag.py:3504} INFO - Setting next_dagrun for example_dag to 2024-01-01T00:00:00+00:00, run_after=2024-01-02T00:00:00+00:00
[2025-02-10T09:49:48.408+0000] {processor.py:179} INFO - Processing /opt/airflow/dags/example.py took 0.136 seconds
[2025-02-10T09:50:18.660+0000] {processor.py:157} INFO - Started process (PID=326) to work on /opt/airflow/dags/example.py
[2025-02-10T09:50:18.662+0000] {processor.py:826} INFO - Processing file /opt/airflow/dags/example.py for tasks to queue
[2025-02-10T09:50:18.664+0000] {logging_mixin.py:150} INFO - [2025-02-10T09:50:18.663+0000] {dagbag.py:541} INFO - Filling up the DagBag from /opt/airflow/dags/example.py
[2025-02-10T09:50:18.684+0000] {processor.py:836} INFO - DAG(s) dict_keys(['example_dag']) retrieved from /opt/airflow/dags/example.py
[2025-02-10T09:50:18.728+0000] {logging_mixin.py:150} INFO - [2025-02-10T09:50:18.727+0000] {dag.py:2742} INFO - Sync 1 DAGs
[2025-02-10T09:50:18.762+0000] {logging_mixin.py:150} INFO - [2025-02-10T09:50:18.762+0000] {dag.py:3504} INFO - Setting next_dagrun for example_dag to 2024-01-01T00:00:00+00:00, run_after=2024-01-02T00:00:00+00:00
[2025-02-10T09:50:18.792+0000] {processor.py:179} INFO - Processing /opt/airflow/dags/example.py took 0.138 seconds
[2025-02-10T09:50:48.952+0000] {processor.py:157} INFO - Started process (PID=385) to work on /opt/airflow/dags/example.py
[2025-02-10T09:50:48.956+0000] {processor.py:826} INFO - Processing file /opt/airflow/dags/example.py for tasks to queue
[2025-02-10T09:50:48.958+0000] {logging_mixin.py:150} INFO - [2025-02-10T09:50:48.957+0000] {dagbag.py:541} INFO - Filling up the DagBag from /opt/airflow/dags/example.py
[2025-02-10T09:50:48.980+0000] {processor.py:836} INFO - DAG(s) dict_keys(['example_dag']) retrieved from /opt/airflow/dags/example.py
[2025-02-10T09:50:49.023+0000] {logging_mixin.py:150} INFO - [2025-02-10T09:50:49.023+0000] {dag.py:2742} INFO - Sync 1 DAGs
[2025-02-10T09:50:49.063+0000] {logging_mixin.py:150} INFO - [2025-02-10T09:50:49.063+0000] {dag.py:3504} INFO - Setting next_dagrun for example_dag to 2024-01-01T00:00:00+00:00, run_after=2024-01-02T00:00:00+00:00
[2025-02-10T09:50:49.092+0000] {processor.py:179} INFO - Processing /opt/airflow/dags/example.py took 0.145 seconds
[2025-02-10T09:51:19.599+0000] {processor.py:157} INFO - Started process (PID=396) to work on /opt/airflow/dags/example.py
[2025-02-10T09:51:19.600+0000] {processor.py:826} INFO - Processing file /opt/airflow/dags/example.py for tasks to queue
[2025-02-10T09:51:19.601+0000] {logging_mixin.py:150} INFO - [2025-02-10T09:51:19.601+0000] {dagbag.py:541} INFO - Filling up the DagBag from /opt/airflow/dags/example.py
[2025-02-10T09:51:19.626+0000] {processor.py:836} INFO - DAG(s) dict_keys(['example_dag']) retrieved from /opt/airflow/dags/example.py
[2025-02-10T09:51:19.662+0000] {logging_mixin.py:150} INFO - [2025-02-10T09:51:19.661+0000] {dag.py:2742} INFO - Sync 1 DAGs
[2025-02-10T09:51:19.695+0000] {logging_mixin.py:150} INFO - [2025-02-10T09:51:19.695+0000] {dag.py:3504} INFO - Setting next_dagrun for example_dag to 2024-01-01T00:00:00+00:00, run_after=2024-01-02T00:00:00+00:00
[2025-02-10T09:51:19.725+0000] {processor.py:179} INFO - Processing /opt/airflow/dags/example.py took 0.129 seconds
[2025-02-10T09:51:49.936+0000] {processor.py:157} INFO - Started process (PID=407) to work on /opt/airflow/dags/example.py
[2025-02-10T09:51:49.938+0000] {processor.py:826} INFO - Processing file /opt/airflow/dags/example.py for tasks to queue
[2025-02-10T09:51:49.940+0000] {logging_mixin.py:150} INFO - [2025-02-10T09:51:49.940+0000] {dagbag.py:541} INFO - Filling up the DagBag from /opt/airflow/dags/example.py
[2025-02-10T09:51:49.965+0000] {processor.py:836} INFO - DAG(s) dict_keys(['example_dag']) retrieved from /opt/airflow/dags/example.py
[2025-02-10T09:51:50.001+0000] {logging_mixin.py:150} INFO - [2025-02-10T09:51:50.001+0000] {dag.py:2742} INFO - Sync 1 DAGs
[2025-02-10T09:51:50.040+0000] {logging_mixin.py:150} INFO - [2025-02-10T09:51:50.040+0000] {dag.py:3504} INFO - Setting next_dagrun for example_dag to 2024-01-01T00:00:00+00:00, run_after=2024-01-02T00:00:00+00:00
[2025-02-10T09:51:50.063+0000] {processor.py:179} INFO - Processing /opt/airflow/dags/example.py took 0.131 seconds
[2025-02-10T09:52:20.184+0000] {processor.py:157} INFO - Started process (PID=418) to work on /opt/airflow/dags/example.py
[2025-02-10T09:52:20.185+0000] {processor.py:826} INFO - Processing file /opt/airflow/dags/example.py for tasks to queue
[2025-02-10T09:52:20.187+0000] {logging_mixin.py:150} INFO - [2025-02-10T09:52:20.186+0000] {dagbag.py:541} INFO - Filling up the DagBag from /opt/airflow/dags/example.py
[2025-02-10T09:52:20.207+0000] {processor.py:836} INFO - DAG(s) dict_keys(['example_dag']) retrieved from /opt/airflow/dags/example.py
[2025-02-10T09:52:20.245+0000] {logging_mixin.py:150} INFO - [2025-02-10T09:52:20.245+0000] {dag.py:2742} INFO - Sync 1 DAGs
[2025-02-10T09:52:20.300+0000] {logging_mixin.py:150} INFO - [2025-02-10T09:52:20.299+0000] {dag.py:3504} INFO - Setting next_dagrun for example_dag to 2024-01-01T00:00:00+00:00, run_after=2024-01-02T00:00:00+00:00
[2025-02-10T09:52:20.330+0000] {processor.py:179} INFO - Processing /opt/airflow/dags/example.py took 0.151 seconds
[2025-02-10T09:52:50.469+0000] {processor.py:157} INFO - Started process (PID=429) to work on /opt/airflow/dags/example.py
[2025-02-10T09:52:50.471+0000] {processor.py:826} INFO - Processing file /opt/airflow/dags/example.py for tasks to queue
[2025-02-10T09:52:50.474+0000] {logging_mixin.py:150} INFO - [2025-02-10T09:52:50.474+0000] {dagbag.py:541} INFO - Filling up the DagBag from /opt/airflow/dags/example.py
[2025-02-10T09:52:50.501+0000] {processor.py:836} INFO - DAG(s) dict_keys(['example_dag']) retrieved from /opt/airflow/dags/example.py
[2025-02-10T09:52:50.549+0000] {logging_mixin.py:150} INFO - [2025-02-10T09:52:50.548+0000] {dag.py:2742} INFO - Sync 1 DAGs
[2025-02-10T09:52:50.588+0000] {logging_mixin.py:150} INFO - [2025-02-10T09:52:50.587+0000] {dag.py:3504} INFO - Setting next_dagrun for example_dag to 2024-01-01T00:00:00+00:00, run_after=2024-01-02T00:00:00+00:00
[2025-02-10T09:52:50.615+0000] {processor.py:179} INFO - Processing /opt/airflow/dags/example.py took 0.152 seconds
[2025-02-10T09:53:21.186+0000] {processor.py:157} INFO - Started process (PID=440) to work on /opt/airflow/dags/example.py
[2025-02-10T09:53:21.187+0000] {processor.py:826} INFO - Processing file /opt/airflow/dags/example.py for tasks to queue
[2025-02-10T09:53:21.188+0000] {logging_mixin.py:150} INFO - [2025-02-10T09:53:21.188+0000] {dagbag.py:541} INFO - Filling up the DagBag from /opt/airflow/dags/example.py
[2025-02-10T09:53:21.213+0000] {processor.py:836} INFO - DAG(s) dict_keys(['example_dag']) retrieved from /opt/airflow/dags/example.py
[2025-02-10T09:53:21.251+0000] {logging_mixin.py:150} INFO - [2025-02-10T09:53:21.251+0000] {dag.py:2742} INFO - Sync 1 DAGs
[2025-02-10T09:53:21.299+0000] {logging_mixin.py:150} INFO - [2025-02-10T09:53:21.298+0000] {dag.py:3504} INFO - Setting next_dagrun for example_dag to 2024-01-01T00:00:00+00:00, run_after=2024-01-02T00:00:00+00:00
[2025-02-10T09:53:21.332+0000] {processor.py:179} INFO - Processing /opt/airflow/dags/example.py took 0.151 seconds
[2025-02-10T09:53:51.858+0000] {processor.py:157} INFO - Started process (PID=451) to work on /opt/airflow/dags/example.py
[2025-02-10T09:53:51.860+0000] {processor.py:826} INFO - Processing file /opt/airflow/dags/example.py for tasks to queue
[2025-02-10T09:53:51.863+0000] {logging_mixin.py:150} INFO - [2025-02-10T09:53:51.862+0000] {dagbag.py:541} INFO - Filling up the DagBag from /opt/airflow/dags/example.py
[2025-02-10T09:53:51.883+0000] {processor.py:836} INFO - DAG(s) dict_keys(['example_dag']) retrieved from /opt/airflow/dags/example.py
[2025-02-10T09:53:51.927+0000] {logging_mixin.py:150} INFO - [2025-02-10T09:53:51.927+0000] {dag.py:2742} INFO - Sync 1 DAGs
[2025-02-10T09:53:51.957+0000] {logging_mixin.py:150} INFO - [2025-02-10T09:53:51.956+0000] {dag.py:3504} INFO - Setting next_dagrun for example_dag to 2024-01-01T00:00:00+00:00, run_after=2024-01-02T00:00:00+00:00
[2025-02-10T09:53:51.985+0000] {processor.py:179} INFO - Processing /opt/airflow/dags/example.py took 0.133 seconds
[2025-02-10T09:54:22.481+0000] {processor.py:157} INFO - Started process (PID=462) to work on /opt/airflow/dags/example.py
[2025-02-10T09:54:22.485+0000] {processor.py:826} INFO - Processing file /opt/airflow/dags/example.py for tasks to queue
[2025-02-10T09:54:22.487+0000] {logging_mixin.py:150} INFO - [2025-02-10T09:54:22.486+0000] {dagbag.py:541} INFO - Filling up the DagBag from /opt/airflow/dags/example.py
[2025-02-10T09:54:22.514+0000] {processor.py:836} INFO - DAG(s) dict_keys(['example_dag']) retrieved from /opt/airflow/dags/example.py
[2025-02-10T09:54:22.550+0000] {logging_mixin.py:150} INFO - [2025-02-10T09:54:22.550+0000] {dag.py:2742} INFO - Sync 1 DAGs
[2025-02-10T09:54:22.586+0000] {logging_mixin.py:150} INFO - [2025-02-10T09:54:22.586+0000] {dag.py:3504} INFO - Setting next_dagrun for example_dag to 2024-01-01T00:00:00+00:00, run_after=2024-01-02T00:00:00+00:00
[2025-02-10T09:54:22.608+0000] {processor.py:179} INFO - Processing /opt/airflow/dags/example.py took 0.133 seconds
[2025-02-10T09:54:52.799+0000] {processor.py:157} INFO - Started process (PID=473) to work on /opt/airflow/dags/example.py
[2025-02-10T09:54:52.801+0000] {processor.py:826} INFO - Processing file /opt/airflow/dags/example.py for tasks to queue
[2025-02-10T09:54:52.803+0000] {logging_mixin.py:150} INFO - [2025-02-10T09:54:52.802+0000] {dagbag.py:541} INFO - Filling up the DagBag from /opt/airflow/dags/example.py
[2025-02-10T09:54:52.834+0000] {processor.py:836} INFO - DAG(s) dict_keys(['example_dag']) retrieved from /opt/airflow/dags/example.py
[2025-02-10T09:54:52.883+0000] {logging_mixin.py:150} INFO - [2025-02-10T09:54:52.883+0000] {dag.py:2742} INFO - Sync 1 DAGs
[2025-02-10T09:54:52.931+0000] {logging_mixin.py:150} INFO - [2025-02-10T09:54:52.931+0000] {dag.py:3504} INFO - Setting next_dagrun for example_dag to 2024-01-01T00:00:00+00:00, run_after=2024-01-02T00:00:00+00:00
[2025-02-10T09:54:52.963+0000] {processor.py:179} INFO - Processing /opt/airflow/dags/example.py took 0.171 seconds
[2025-02-10T09:55:23.642+0000] {processor.py:157} INFO - Started process (PID=484) to work on /opt/airflow/dags/example.py
[2025-02-10T09:55:23.644+0000] {processor.py:826} INFO - Processing file /opt/airflow/dags/example.py for tasks to queue
[2025-02-10T09:55:23.645+0000] {logging_mixin.py:150} INFO - [2025-02-10T09:55:23.645+0000] {dagbag.py:541} INFO - Filling up the DagBag from /opt/airflow/dags/example.py
[2025-02-10T09:55:23.675+0000] {processor.py:836} INFO - DAG(s) dict_keys(['example_dag']) retrieved from /opt/airflow/dags/example.py
[2025-02-10T09:55:23.728+0000] {logging_mixin.py:150} INFO - [2025-02-10T09:55:23.728+0000] {dag.py:2742} INFO - Sync 1 DAGs
[2025-02-10T09:55:23.780+0000] {logging_mixin.py:150} INFO - [2025-02-10T09:55:23.779+0000] {dag.py:3504} INFO - Setting next_dagrun for example_dag to 2024-01-01T00:00:00+00:00, run_after=2024-01-02T00:00:00+00:00
[2025-02-10T09:55:23.804+0000] {processor.py:179} INFO - Processing /opt/airflow/dags/example.py took 0.167 seconds
[2025-02-10T09:55:55.118+0000] {processor.py:157} INFO - Started process (PID=496) to work on /opt/airflow/dags/example.py
[2025-02-10T09:55:55.120+0000] {processor.py:826} INFO - Processing file /opt/airflow/dags/example.py for tasks to queue
[2025-02-10T09:55:55.124+0000] {logging_mixin.py:150} INFO - [2025-02-10T09:55:55.123+0000] {dagbag.py:541} INFO - Filling up the DagBag from /opt/airflow/dags/example.py
[2025-02-10T09:55:55.253+0000] {processor.py:836} INFO - DAG(s) dict_keys(['example_dag']) retrieved from /opt/airflow/dags/example.py
[2025-02-10T09:55:55.471+0000] {logging_mixin.py:150} INFO - [2025-02-10T09:55:55.471+0000] {dag.py:2742} INFO - Sync 1 DAGs
[2025-02-10T09:55:55.565+0000] {logging_mixin.py:150} INFO - [2025-02-10T09:55:55.565+0000] {dag.py:3504} INFO - Setting next_dagrun for example_dag to 2024-01-01T00:00:00+00:00, run_after=2024-01-02T00:00:00+00:00
[2025-02-10T09:55:55.606+0000] {processor.py:179} INFO - Processing /opt/airflow/dags/example.py took 0.495 seconds
[2025-02-10T09:56:26.359+0000] {processor.py:157} INFO - Started process (PID=554) to work on /opt/airflow/dags/example.py
[2025-02-10T09:56:26.362+0000] {processor.py:826} INFO - Processing file /opt/airflow/dags/example.py for tasks to queue
[2025-02-10T09:56:26.364+0000] {logging_mixin.py:150} INFO - [2025-02-10T09:56:26.363+0000] {dagbag.py:541} INFO - Filling up the DagBag from /opt/airflow/dags/example.py
[2025-02-10T09:56:26.385+0000] {processor.py:836} INFO - DAG(s) dict_keys(['example_dag']) retrieved from /opt/airflow/dags/example.py
[2025-02-10T09:56:26.434+0000] {logging_mixin.py:150} INFO - [2025-02-10T09:56:26.434+0000] {dag.py:2742} INFO - Sync 1 DAGs
[2025-02-10T09:56:26.471+0000] {logging_mixin.py:150} INFO - [2025-02-10T09:56:26.471+0000] {dag.py:3504} INFO - Setting next_dagrun for example_dag to 2024-01-01T00:00:00+00:00, run_after=2024-01-02T00:00:00+00:00
[2025-02-10T09:56:26.495+0000] {processor.py:179} INFO - Processing /opt/airflow/dags/example.py took 0.142 seconds
[2025-02-10T09:56:56.590+0000] {processor.py:157} INFO - Started process (PID=565) to work on /opt/airflow/dags/example.py
[2025-02-10T09:56:56.592+0000] {processor.py:826} INFO - Processing file /opt/airflow/dags/example.py for tasks to queue
[2025-02-10T09:56:56.594+0000] {logging_mixin.py:150} INFO - [2025-02-10T09:56:56.594+0000] {dagbag.py:541} INFO - Filling up the DagBag from /opt/airflow/dags/example.py
[2025-02-10T09:56:56.618+0000] {processor.py:836} INFO - DAG(s) dict_keys(['example_dag']) retrieved from /opt/airflow/dags/example.py
[2025-02-10T09:56:56.653+0000] {logging_mixin.py:150} INFO - [2025-02-10T09:56:56.653+0000] {dag.py:2742} INFO - Sync 1 DAGs
[2025-02-10T09:56:56.692+0000] {logging_mixin.py:150} INFO - [2025-02-10T09:56:56.691+0000] {dag.py:3504} INFO - Setting next_dagrun for example_dag to 2024-01-01T00:00:00+00:00, run_after=2024-01-02T00:00:00+00:00
[2025-02-10T09:56:56.721+0000] {processor.py:179} INFO - Processing /opt/airflow/dags/example.py took 0.137 seconds
[2025-02-10T09:57:27.269+0000] {processor.py:157} INFO - Started process (PID=576) to work on /opt/airflow/dags/example.py
[2025-02-10T09:57:27.291+0000] {processor.py:826} INFO - Processing file /opt/airflow/dags/example.py for tasks to queue
[2025-02-10T09:57:27.294+0000] {logging_mixin.py:150} INFO - [2025-02-10T09:57:27.293+0000] {dagbag.py:541} INFO - Filling up the DagBag from /opt/airflow/dags/example.py
[2025-02-10T09:57:27.322+0000] {processor.py:836} INFO - DAG(s) dict_keys(['example_dag']) retrieved from /opt/airflow/dags/example.py
[2025-02-10T09:57:27.386+0000] {logging_mixin.py:150} INFO - [2025-02-10T09:57:27.386+0000] {dag.py:2742} INFO - Sync 1 DAGs
[2025-02-10T09:57:27.458+0000] {logging_mixin.py:150} INFO - [2025-02-10T09:57:27.458+0000] {dag.py:3504} INFO - Setting next_dagrun for example_dag to 2024-01-01T00:00:00+00:00, run_after=2024-01-02T00:00:00+00:00
[2025-02-10T09:57:27.529+0000] {processor.py:179} INFO - Processing /opt/airflow/dags/example.py took 0.266 seconds
[2025-02-10T09:57:57.639+0000] {processor.py:157} INFO - Started process (PID=587) to work on /opt/airflow/dags/example.py
[2025-02-10T09:57:57.640+0000] {processor.py:826} INFO - Processing file /opt/airflow/dags/example.py for tasks to queue
[2025-02-10T09:57:57.641+0000] {logging_mixin.py:150} INFO - [2025-02-10T09:57:57.641+0000] {dagbag.py:541} INFO - Filling up the DagBag from /opt/airflow/dags/example.py
[2025-02-10T09:57:57.662+0000] {processor.py:836} INFO - DAG(s) dict_keys(['example_dag']) retrieved from /opt/airflow/dags/example.py
[2025-02-10T09:57:57.707+0000] {logging_mixin.py:150} INFO - [2025-02-10T09:57:57.706+0000] {dag.py:2742} INFO - Sync 1 DAGs
[2025-02-10T09:57:57.744+0000] {logging_mixin.py:150} INFO - [2025-02-10T09:57:57.744+0000] {dag.py:3504} INFO - Setting next_dagrun for example_dag to 2024-01-01T00:00:00+00:00, run_after=2024-01-02T00:00:00+00:00
[2025-02-10T09:57:57.767+0000] {processor.py:179} INFO - Processing /opt/airflow/dags/example.py took 0.132 seconds
[2025-02-10T09:58:27.891+0000] {processor.py:157} INFO - Started process (PID=597) to work on /opt/airflow/dags/example.py
[2025-02-10T09:58:27.893+0000] {processor.py:826} INFO - Processing file /opt/airflow/dags/example.py for tasks to queue
[2025-02-10T09:58:27.895+0000] {logging_mixin.py:150} INFO - [2025-02-10T09:58:27.894+0000] {dagbag.py:541} INFO - Filling up the DagBag from /opt/airflow/dags/example.py
[2025-02-10T09:58:27.920+0000] {processor.py:836} INFO - DAG(s) dict_keys(['example_dag']) retrieved from /opt/airflow/dags/example.py
[2025-02-10T09:58:27.958+0000] {logging_mixin.py:150} INFO - [2025-02-10T09:58:27.957+0000] {dag.py:2742} INFO - Sync 1 DAGs
[2025-02-10T09:58:27.997+0000] {logging_mixin.py:150} INFO - [2025-02-10T09:58:27.996+0000] {dag.py:3504} INFO - Setting next_dagrun for example_dag to 2024-01-01T00:00:00+00:00, run_after=2024-01-02T00:00:00+00:00
[2025-02-10T09:58:28.027+0000] {processor.py:179} INFO - Processing /opt/airflow/dags/example.py took 0.143 seconds
[2025-02-10T09:58:58.306+0000] {processor.py:157} INFO - Started process (PID=608) to work on /opt/airflow/dags/example.py
[2025-02-10T09:58:58.307+0000] {processor.py:826} INFO - Processing file /opt/airflow/dags/example.py for tasks to queue
[2025-02-10T09:58:58.309+0000] {logging_mixin.py:150} INFO - [2025-02-10T09:58:58.308+0000] {dagbag.py:541} INFO - Filling up the DagBag from /opt/airflow/dags/example.py
[2025-02-10T09:58:58.334+0000] {processor.py:836} INFO - DAG(s) dict_keys(['example_dag']) retrieved from /opt/airflow/dags/example.py
[2025-02-10T09:58:58.383+0000] {logging_mixin.py:150} INFO - [2025-02-10T09:58:58.383+0000] {dag.py:2742} INFO - Sync 1 DAGs
[2025-02-10T09:58:58.428+0000] {logging_mixin.py:150} INFO - [2025-02-10T09:58:58.428+0000] {dag.py:3504} INFO - Setting next_dagrun for example_dag to 2024-01-01T00:00:00+00:00, run_after=2024-01-02T00:00:00+00:00
[2025-02-10T09:58:58.462+0000] {processor.py:179} INFO - Processing /opt/airflow/dags/example.py took 0.162 seconds
[2025-02-10T09:59:28.767+0000] {processor.py:157} INFO - Started process (PID=619) to work on /opt/airflow/dags/example.py
[2025-02-10T09:59:28.769+0000] {processor.py:826} INFO - Processing file /opt/airflow/dags/example.py for tasks to queue
[2025-02-10T09:59:28.770+0000] {logging_mixin.py:150} INFO - [2025-02-10T09:59:28.770+0000] {dagbag.py:541} INFO - Filling up the DagBag from /opt/airflow/dags/example.py
[2025-02-10T09:59:28.791+0000] {processor.py:836} INFO - DAG(s) dict_keys(['example_dag']) retrieved from /opt/airflow/dags/example.py
[2025-02-10T09:59:28.832+0000] {logging_mixin.py:150} INFO - [2025-02-10T09:59:28.831+0000] {dag.py:2742} INFO - Sync 1 DAGs
[2025-02-10T09:59:28.870+0000] {logging_mixin.py:150} INFO - [2025-02-10T09:59:28.869+0000] {dag.py:3504} INFO - Setting next_dagrun for example_dag to 2024-01-01T00:00:00+00:00, run_after=2024-01-02T00:00:00+00:00
[2025-02-10T09:59:28.896+0000] {processor.py:179} INFO - Processing /opt/airflow/dags/example.py took 0.134 seconds
[2025-02-10T10:00:00.642+0000] {processor.py:157} INFO - Started process (PID=678) to work on /opt/airflow/dags/example.py
[2025-02-10T10:00:00.645+0000] {processor.py:826} INFO - Processing file /opt/airflow/dags/example.py for tasks to queue
[2025-02-10T10:00:00.651+0000] {logging_mixin.py:150} INFO - [2025-02-10T10:00:00.650+0000] {dagbag.py:541} INFO - Filling up the DagBag from /opt/airflow/dags/example.py
[2025-02-10T10:00:00.733+0000] {processor.py:836} INFO - DAG(s) dict_keys(['example_dag']) retrieved from /opt/airflow/dags/example.py
[2025-02-10T10:00:00.846+0000] {logging_mixin.py:150} INFO - [2025-02-10T10:00:00.845+0000] {dag.py:2742} INFO - Sync 1 DAGs
[2025-02-10T10:00:00.948+0000] {logging_mixin.py:150} INFO - [2025-02-10T10:00:00.947+0000] {dag.py:3504} INFO - Setting next_dagrun for example_dag to 2024-01-01T00:00:00+00:00, run_after=2024-01-02T00:00:00+00:00
[2025-02-10T10:00:01.232+0000] {processor.py:179} INFO - Processing /opt/airflow/dags/example.py took 0.600 seconds
[2025-02-10T10:00:31.503+0000] {processor.py:157} INFO - Started process (PID=689) to work on /opt/airflow/dags/example.py
[2025-02-10T10:00:31.504+0000] {processor.py:826} INFO - Processing file /opt/airflow/dags/example.py for tasks to queue
[2025-02-10T10:00:31.505+0000] {logging_mixin.py:150} INFO - [2025-02-10T10:00:31.505+0000] {dagbag.py:541} INFO - Filling up the DagBag from /opt/airflow/dags/example.py
[2025-02-10T10:00:31.533+0000] {processor.py:836} INFO - DAG(s) dict_keys(['example_dag']) retrieved from /opt/airflow/dags/example.py
[2025-02-10T10:00:31.586+0000] {logging_mixin.py:150} INFO - [2025-02-10T10:00:31.585+0000] {dag.py:2742} INFO - Sync 1 DAGs
[2025-02-10T10:00:31.626+0000] {logging_mixin.py:150} INFO - [2025-02-10T10:00:31.625+0000] {dag.py:3504} INFO - Setting next_dagrun for example_dag to 2024-01-01T00:00:00+00:00, run_after=2024-01-02T00:00:00+00:00
[2025-02-10T10:00:31.658+0000] {processor.py:179} INFO - Processing /opt/airflow/dags/example.py took 0.160 seconds
[2025-02-10T10:01:02.158+0000] {processor.py:157} INFO - Started process (PID=700) to work on /opt/airflow/dags/example.py
[2025-02-10T10:01:02.160+0000] {processor.py:826} INFO - Processing file /opt/airflow/dags/example.py for tasks to queue
[2025-02-10T10:01:02.161+0000] {logging_mixin.py:150} INFO - [2025-02-10T10:01:02.161+0000] {dagbag.py:541} INFO - Filling up the DagBag from /opt/airflow/dags/example.py
[2025-02-10T10:01:02.181+0000] {processor.py:836} INFO - DAG(s) dict_keys(['example_dag']) retrieved from /opt/airflow/dags/example.py
[2025-02-10T10:01:02.218+0000] {logging_mixin.py:150} INFO - [2025-02-10T10:01:02.218+0000] {dag.py:2742} INFO - Sync 1 DAGs
[2025-02-10T10:01:02.249+0000] {logging_mixin.py:150} INFO - [2025-02-10T10:01:02.248+0000] {dag.py:3504} INFO - Setting next_dagrun for example_dag to 2024-01-01T00:00:00+00:00, run_after=2024-01-02T00:00:00+00:00
[2025-02-10T10:01:02.276+0000] {processor.py:179} INFO - Processing /opt/airflow/dags/example.py took 0.123 seconds
[2025-02-10T10:01:32.456+0000] {processor.py:157} INFO - Started process (PID=712) to work on /opt/airflow/dags/example.py
[2025-02-10T10:01:32.459+0000] {processor.py:826} INFO - Processing file /opt/airflow/dags/example.py for tasks to queue
[2025-02-10T10:01:32.461+0000] {logging_mixin.py:150} INFO - [2025-02-10T10:01:32.460+0000] {dagbag.py:541} INFO - Filling up the DagBag from /opt/airflow/dags/example.py
[2025-02-10T10:01:32.492+0000] {processor.py:836} INFO - DAG(s) dict_keys(['example_dag']) retrieved from /opt/airflow/dags/example.py
[2025-02-10T10:01:32.538+0000] {logging_mixin.py:150} INFO - [2025-02-10T10:01:32.538+0000] {dag.py:2742} INFO - Sync 1 DAGs
[2025-02-10T10:01:32.570+0000] {logging_mixin.py:150} INFO - [2025-02-10T10:01:32.570+0000] {dag.py:3504} INFO - Setting next_dagrun for example_dag to 2024-01-01T00:00:00+00:00, run_after=2024-01-02T00:00:00+00:00
[2025-02-10T10:01:32.594+0000] {processor.py:179} INFO - Processing /opt/airflow/dags/example.py took 0.145 seconds
[2025-02-10T10:02:06.246+0000] {processor.py:157} INFO - Started process (PID=819) to work on /opt/airflow/dags/example.py
[2025-02-10T10:02:06.256+0000] {processor.py:826} INFO - Processing file /opt/airflow/dags/example.py for tasks to queue
[2025-02-10T10:02:06.259+0000] {logging_mixin.py:150} INFO - [2025-02-10T10:02:06.258+0000] {dagbag.py:541} INFO - Filling up the DagBag from /opt/airflow/dags/example.py
[2025-02-10T10:02:06.434+0000] {processor.py:836} INFO - DAG(s) dict_keys(['example_dag']) retrieved from /opt/airflow/dags/example.py
[2025-02-10T10:02:06.690+0000] {logging_mixin.py:150} INFO - [2025-02-10T10:02:06.689+0000] {dag.py:2742} INFO - Sync 1 DAGs
[2025-02-10T10:02:06.798+0000] {logging_mixin.py:150} INFO - [2025-02-10T10:02:06.798+0000] {dag.py:3504} INFO - Setting next_dagrun for example_dag to 2024-01-01T00:00:00+00:00, run_after=2024-01-02T00:00:00+00:00
[2025-02-10T10:02:06.888+0000] {processor.py:179} INFO - Processing /opt/airflow/dags/example.py took 0.677 seconds
[2025-02-10T10:02:42.209+0000] {processor.py:157} INFO - Started process (PID=836) to work on /opt/airflow/dags/example.py
[2025-02-10T10:02:42.211+0000] {processor.py:826} INFO - Processing file /opt/airflow/dags/example.py for tasks to queue
[2025-02-10T10:02:42.212+0000] {logging_mixin.py:150} INFO - [2025-02-10T10:02:42.211+0000] {dagbag.py:541} INFO - Filling up the DagBag from /opt/airflow/dags/example.py
[2025-02-10T10:02:42.254+0000] {processor.py:836} INFO - DAG(s) dict_keys(['example_dag']) retrieved from /opt/airflow/dags/example.py
[2025-02-10T10:02:42.351+0000] {logging_mixin.py:150} INFO - [2025-02-10T10:02:42.351+0000] {dag.py:2742} INFO - Sync 1 DAGs
[2025-02-10T10:02:42.478+0000] {logging_mixin.py:150} INFO - [2025-02-10T10:02:42.470+0000] {dag.py:3504} INFO - Setting next_dagrun for example_dag to 2024-01-01T00:00:00+00:00, run_after=2024-01-02T00:00:00+00:00
[2025-02-10T10:02:42.558+0000] {processor.py:179} INFO - Processing /opt/airflow/dags/example.py took 0.360 seconds
[2025-02-10T10:03:13.019+0000] {processor.py:157} INFO - Started process (PID=966) to work on /opt/airflow/dags/example.py
[2025-02-10T10:03:13.021+0000] {processor.py:826} INFO - Processing file /opt/airflow/dags/example.py for tasks to queue
[2025-02-10T10:03:13.022+0000] {logging_mixin.py:150} INFO - [2025-02-10T10:03:13.022+0000] {dagbag.py:541} INFO - Filling up the DagBag from /opt/airflow/dags/example.py
[2025-02-10T10:03:13.068+0000] {processor.py:836} INFO - DAG(s) dict_keys(['example_dag']) retrieved from /opt/airflow/dags/example.py
[2025-02-10T10:03:13.125+0000] {logging_mixin.py:150} INFO - [2025-02-10T10:03:13.125+0000] {dag.py:2742} INFO - Sync 1 DAGs
[2025-02-10T10:03:13.158+0000] {logging_mixin.py:150} INFO - [2025-02-10T10:03:13.158+0000] {dag.py:3504} INFO - Setting next_dagrun for example_dag to 2024-01-01T00:00:00+00:00, run_after=2024-01-02T00:00:00+00:00
[2025-02-10T10:03:13.187+0000] {processor.py:179} INFO - Processing /opt/airflow/dags/example.py took 0.175 seconds
[2025-02-10T10:03:46.558+0000] {processor.py:157} INFO - Started process (PID=1065) to work on /opt/airflow/dags/example.py
[2025-02-10T10:03:46.562+0000] {processor.py:826} INFO - Processing file /opt/airflow/dags/example.py for tasks to queue
[2025-02-10T10:03:46.565+0000] {logging_mixin.py:150} INFO - [2025-02-10T10:03:46.564+0000] {dagbag.py:541} INFO - Filling up the DagBag from /opt/airflow/dags/example.py
[2025-02-10T10:03:46.616+0000] {processor.py:836} INFO - DAG(s) dict_keys(['example_dag']) retrieved from /opt/airflow/dags/example.py
[2025-02-10T10:03:46.685+0000] {logging_mixin.py:150} INFO - [2025-02-10T10:03:46.685+0000] {dag.py:2742} INFO - Sync 1 DAGs
[2025-02-10T10:03:46.737+0000] {logging_mixin.py:150} INFO - [2025-02-10T10:03:46.736+0000] {dag.py:3504} INFO - Setting next_dagrun for example_dag to 2024-01-01T00:00:00+00:00, run_after=2024-01-02T00:00:00+00:00
[2025-02-10T10:03:46.787+0000] {processor.py:179} INFO - Processing /opt/airflow/dags/example.py took 0.242 seconds
[2025-02-10T10:04:17.030+0000] {processor.py:157} INFO - Started process (PID=1280) to work on /opt/airflow/dags/example.py
[2025-02-10T10:04:17.034+0000] {processor.py:826} INFO - Processing file /opt/airflow/dags/example.py for tasks to queue
[2025-02-10T10:04:17.039+0000] {logging_mixin.py:150} INFO - [2025-02-10T10:04:17.038+0000] {dagbag.py:541} INFO - Filling up the DagBag from /opt/airflow/dags/example.py
[2025-02-10T10:04:17.087+0000] {processor.py:836} INFO - DAG(s) dict_keys(['example_dag']) retrieved from /opt/airflow/dags/example.py
[2025-02-10T10:04:17.161+0000] {logging_mixin.py:150} INFO - [2025-02-10T10:04:17.161+0000] {dag.py:2742} INFO - Sync 1 DAGs
[2025-02-10T10:04:17.221+0000] {logging_mixin.py:150} INFO - [2025-02-10T10:04:17.220+0000] {dag.py:3504} INFO - Setting next_dagrun for example_dag to 2024-01-01T00:00:00+00:00, run_after=2024-01-02T00:00:00+00:00
[2025-02-10T10:04:17.251+0000] {processor.py:179} INFO - Processing /opt/airflow/dags/example.py took 0.230 seconds
[2025-02-10T10:04:49.717+0000] {processor.py:157} INFO - Started process (PID=1364) to work on /opt/airflow/dags/example.py
[2025-02-10T10:04:49.719+0000] {processor.py:826} INFO - Processing file /opt/airflow/dags/example.py for tasks to queue
[2025-02-10T10:04:49.721+0000] {logging_mixin.py:150} INFO - [2025-02-10T10:04:49.721+0000] {dagbag.py:541} INFO - Filling up the DagBag from /opt/airflow/dags/example.py
[2025-02-10T10:04:49.768+0000] {processor.py:836} INFO - DAG(s) dict_keys(['example_dag']) retrieved from /opt/airflow/dags/example.py
[2025-02-10T10:04:49.860+0000] {logging_mixin.py:150} INFO - [2025-02-10T10:04:49.859+0000] {dag.py:2742} INFO - Sync 1 DAGs
[2025-02-10T10:04:50.190+0000] {logging_mixin.py:150} INFO - [2025-02-10T10:04:50.189+0000] {dag.py:3504} INFO - Setting next_dagrun for example_dag to 2024-01-01T00:00:00+00:00, run_after=2024-01-02T00:00:00+00:00
[2025-02-10T10:04:50.353+0000] {processor.py:179} INFO - Processing /opt/airflow/dags/example.py took 0.644 seconds
[2025-02-10T10:05:21.319+0000] {processor.py:157} INFO - Started process (PID=1613) to work on /opt/airflow/dags/example.py
[2025-02-10T10:05:21.321+0000] {processor.py:826} INFO - Processing file /opt/airflow/dags/example.py for tasks to queue
[2025-02-10T10:05:21.323+0000] {logging_mixin.py:150} INFO - [2025-02-10T10:05:21.323+0000] {dagbag.py:541} INFO - Filling up the DagBag from /opt/airflow/dags/example.py
[2025-02-10T10:05:21.353+0000] {processor.py:836} INFO - DAG(s) dict_keys(['example_dag']) retrieved from /opt/airflow/dags/example.py
[2025-02-10T10:05:21.407+0000] {logging_mixin.py:150} INFO - [2025-02-10T10:05:21.407+0000] {dag.py:2742} INFO - Sync 1 DAGs
[2025-02-10T10:05:21.468+0000] {logging_mixin.py:150} INFO - [2025-02-10T10:05:21.467+0000] {dag.py:3504} INFO - Setting next_dagrun for example_dag to 2024-01-01T00:00:00+00:00, run_after=2024-01-02T00:00:00+00:00
[2025-02-10T10:05:21.660+0000] {processor.py:179} INFO - Processing /opt/airflow/dags/example.py took 0.347 seconds
[2025-02-10T10:05:51.842+0000] {processor.py:157} INFO - Started process (PID=1624) to work on /opt/airflow/dags/example.py
[2025-02-10T10:05:51.844+0000] {processor.py:826} INFO - Processing file /opt/airflow/dags/example.py for tasks to queue
[2025-02-10T10:05:51.848+0000] {logging_mixin.py:150} INFO - [2025-02-10T10:05:51.846+0000] {dagbag.py:541} INFO - Filling up the DagBag from /opt/airflow/dags/example.py
[2025-02-10T10:05:51.909+0000] {processor.py:836} INFO - DAG(s) dict_keys(['example_dag']) retrieved from /opt/airflow/dags/example.py
[2025-02-10T10:05:51.974+0000] {logging_mixin.py:150} INFO - [2025-02-10T10:05:51.973+0000] {dag.py:2742} INFO - Sync 1 DAGs
[2025-02-10T10:05:52.121+0000] {logging_mixin.py:150} INFO - [2025-02-10T10:05:52.118+0000] {dag.py:3504} INFO - Setting next_dagrun for example_dag to 2024-01-01T00:00:00+00:00, run_after=2024-01-02T00:00:00+00:00
[2025-02-10T10:05:52.202+0000] {processor.py:179} INFO - Processing /opt/airflow/dags/example.py took 0.367 seconds
[2025-02-10T10:06:22.636+0000] {processor.py:157} INFO - Started process (PID=1633) to work on /opt/airflow/dags/example.py
[2025-02-10T10:06:22.639+0000] {processor.py:826} INFO - Processing file /opt/airflow/dags/example.py for tasks to queue
[2025-02-10T10:06:22.640+0000] {logging_mixin.py:150} INFO - [2025-02-10T10:06:22.640+0000] {dagbag.py:541} INFO - Filling up the DagBag from /opt/airflow/dags/example.py
[2025-02-10T10:06:22.683+0000] {processor.py:836} INFO - DAG(s) dict_keys(['example_dag']) retrieved from /opt/airflow/dags/example.py
[2025-02-10T10:06:22.733+0000] {logging_mixin.py:150} INFO - [2025-02-10T10:06:22.732+0000] {dag.py:2742} INFO - Sync 1 DAGs
[2025-02-10T10:06:22.785+0000] {logging_mixin.py:150} INFO - [2025-02-10T10:06:22.784+0000] {dag.py:3504} INFO - Setting next_dagrun for example_dag to 2024-01-01T00:00:00+00:00, run_after=2024-01-02T00:00:00+00:00
[2025-02-10T10:06:22.839+0000] {processor.py:179} INFO - Processing /opt/airflow/dags/example.py took 0.214 seconds
