[2025-02-10T09:43:35.644+0000] {processor.py:157} INFO - Started process (PID=18) to work on /opt/airflow/dags/example_v2.py
[2025-02-10T09:43:35.647+0000] {processor.py:826} INFO - Processing file /opt/airflow/dags/example_v2.py for tasks to queue
[2025-02-10T09:43:35.654+0000] {logging_mixin.py:150} INFO - [2025-02-10T09:43:35.652+0000] {dagbag.py:541} INFO - Filling up the DagBag from /opt/airflow/dags/example_v2.py
[2025-02-10T09:43:35.813+0000] {processor.py:836} INFO - DAG(s) dict_keys(['DAG_ETL_daily_jobs']) retrieved from /opt/airflow/dags/example_v2.py
[2025-02-10T09:43:36.436+0000] {logging_mixin.py:150} INFO - [2025-02-10T09:43:36.435+0000] {dag.py:2742} INFO - Sync 1 DAGs
[2025-02-10T09:43:36.512+0000] {logging_mixin.py:150} INFO - [2025-02-10T09:43:36.512+0000] {dag.py:3504} INFO - Setting next_dagrun for DAG_ETL_daily_jobs to 2025-02-09T09:00:00+00:00, run_after=2025-02-10T09:00:00+00:00
[2025-02-10T09:43:36.552+0000] {processor.py:179} INFO - Processing /opt/airflow/dags/example_v2.py took 0.937 seconds
[2025-02-10T09:44:06.680+0000] {processor.py:157} INFO - Started process (PID=75) to work on /opt/airflow/dags/example_v2.py
[2025-02-10T09:44:06.683+0000] {processor.py:826} INFO - Processing file /opt/airflow/dags/example_v2.py for tasks to queue
[2025-02-10T09:44:06.686+0000] {logging_mixin.py:150} INFO - [2025-02-10T09:44:06.685+0000] {dagbag.py:541} INFO - Filling up the DagBag from /opt/airflow/dags/example_v2.py
[2025-02-10T09:44:06.726+0000] {processor.py:836} INFO - DAG(s) dict_keys(['DAG_ETL_daily_jobs']) retrieved from /opt/airflow/dags/example_v2.py
[2025-02-10T09:44:06.806+0000] {logging_mixin.py:150} INFO - [2025-02-10T09:44:06.806+0000] {dag.py:2742} INFO - Sync 1 DAGs
[2025-02-10T09:44:06.864+0000] {logging_mixin.py:150} INFO - [2025-02-10T09:44:06.864+0000] {dag.py:3504} INFO - Setting next_dagrun for DAG_ETL_daily_jobs to 2025-02-10T09:00:00+00:00, run_after=2025-02-11T09:00:00+00:00
[2025-02-10T09:44:06.899+0000] {processor.py:179} INFO - Processing /opt/airflow/dags/example_v2.py took 0.224 seconds
[2025-02-10T09:44:37.547+0000] {processor.py:157} INFO - Started process (PID=88) to work on /opt/airflow/dags/example_v2.py
[2025-02-10T09:44:37.556+0000] {processor.py:826} INFO - Processing file /opt/airflow/dags/example_v2.py for tasks to queue
[2025-02-10T09:44:37.598+0000] {logging_mixin.py:150} INFO - [2025-02-10T09:44:37.579+0000] {dagbag.py:541} INFO - Filling up the DagBag from /opt/airflow/dags/example_v2.py
[2025-02-10T09:44:37.800+0000] {processor.py:836} INFO - DAG(s) dict_keys(['DAG_ETL_daily_jobs']) retrieved from /opt/airflow/dags/example_v2.py
[2025-02-10T09:44:38.099+0000] {logging_mixin.py:150} INFO - [2025-02-10T09:44:38.098+0000] {dag.py:2742} INFO - Sync 1 DAGs
[2025-02-10T09:44:38.222+0000] {logging_mixin.py:150} INFO - [2025-02-10T09:44:38.222+0000] {dag.py:3504} INFO - Setting next_dagrun for DAG_ETL_daily_jobs to 2025-02-10T09:00:00+00:00, run_after=2025-02-11T09:00:00+00:00
[2025-02-10T09:44:38.273+0000] {processor.py:179} INFO - Processing /opt/airflow/dags/example_v2.py took 0.836 seconds
[2025-02-10T09:45:08.955+0000] {processor.py:157} INFO - Started process (PID=108) to work on /opt/airflow/dags/example_v2.py
[2025-02-10T09:45:08.957+0000] {processor.py:826} INFO - Processing file /opt/airflow/dags/example_v2.py for tasks to queue
[2025-02-10T09:45:08.963+0000] {logging_mixin.py:150} INFO - [2025-02-10T09:45:08.962+0000] {dagbag.py:541} INFO - Filling up the DagBag from /opt/airflow/dags/example_v2.py
[2025-02-10T09:45:09.015+0000] {processor.py:836} INFO - DAG(s) dict_keys(['DAG_ETL_daily_jobs']) retrieved from /opt/airflow/dags/example_v2.py
[2025-02-10T09:45:09.381+0000] {logging_mixin.py:150} INFO - [2025-02-10T09:45:09.380+0000] {dag.py:2742} INFO - Sync 1 DAGs
[2025-02-10T09:45:09.430+0000] {logging_mixin.py:150} INFO - [2025-02-10T09:45:09.429+0000] {dag.py:3504} INFO - Setting next_dagrun for DAG_ETL_daily_jobs to 2025-02-10T09:00:00+00:00, run_after=2025-02-11T09:00:00+00:00
[2025-02-10T09:45:09.461+0000] {processor.py:179} INFO - Processing /opt/airflow/dags/example_v2.py took 0.531 seconds
[2025-02-10T09:45:39.574+0000] {processor.py:157} INFO - Started process (PID=120) to work on /opt/airflow/dags/example_v2.py
[2025-02-10T09:45:39.577+0000] {processor.py:826} INFO - Processing file /opt/airflow/dags/example_v2.py for tasks to queue
[2025-02-10T09:45:39.579+0000] {logging_mixin.py:150} INFO - [2025-02-10T09:45:39.578+0000] {dagbag.py:541} INFO - Filling up the DagBag from /opt/airflow/dags/example_v2.py
[2025-02-10T09:45:39.628+0000] {processor.py:836} INFO - DAG(s) dict_keys(['DAG_ETL_daily_jobs']) retrieved from /opt/airflow/dags/example_v2.py
[2025-02-10T09:45:39.698+0000] {logging_mixin.py:150} INFO - [2025-02-10T09:45:39.698+0000] {dag.py:2742} INFO - Sync 1 DAGs
[2025-02-10T09:45:39.764+0000] {logging_mixin.py:150} INFO - [2025-02-10T09:45:39.763+0000] {dag.py:3504} INFO - Setting next_dagrun for DAG_ETL_daily_jobs to 2025-02-10T09:00:00+00:00, run_after=2025-02-11T09:00:00+00:00
[2025-02-10T09:45:39.799+0000] {processor.py:179} INFO - Processing /opt/airflow/dags/example_v2.py took 0.236 seconds
[2025-02-10T09:46:10.518+0000] {processor.py:157} INFO - Started process (PID=130) to work on /opt/airflow/dags/example_v2.py
[2025-02-10T09:46:10.523+0000] {processor.py:826} INFO - Processing file /opt/airflow/dags/example_v2.py for tasks to queue
[2025-02-10T09:46:10.526+0000] {logging_mixin.py:150} INFO - [2025-02-10T09:46:10.525+0000] {dagbag.py:541} INFO - Filling up the DagBag from /opt/airflow/dags/example_v2.py
[2025-02-10T09:46:10.574+0000] {processor.py:836} INFO - DAG(s) dict_keys(['DAG_ETL_daily_jobs']) retrieved from /opt/airflow/dags/example_v2.py
[2025-02-10T09:46:10.829+0000] {logging_mixin.py:150} INFO - [2025-02-10T09:46:10.829+0000] {dag.py:2742} INFO - Sync 1 DAGs
[2025-02-10T09:46:10.873+0000] {logging_mixin.py:150} INFO - [2025-02-10T09:46:10.873+0000] {dag.py:3504} INFO - Setting next_dagrun for DAG_ETL_daily_jobs to 2025-02-10T09:00:00+00:00, run_after=2025-02-11T09:00:00+00:00
[2025-02-10T09:46:10.909+0000] {processor.py:179} INFO - Processing /opt/airflow/dags/example_v2.py took 0.403 seconds
[2025-02-10T09:46:41.066+0000] {processor.py:157} INFO - Started process (PID=144) to work on /opt/airflow/dags/example_v2.py
[2025-02-10T09:46:41.068+0000] {processor.py:826} INFO - Processing file /opt/airflow/dags/example_v2.py for tasks to queue
[2025-02-10T09:46:41.070+0000] {logging_mixin.py:150} INFO - [2025-02-10T09:46:41.069+0000] {dagbag.py:541} INFO - Filling up the DagBag from /opt/airflow/dags/example_v2.py
[2025-02-10T09:46:41.096+0000] {processor.py:836} INFO - DAG(s) dict_keys(['DAG_ETL_daily_jobs']) retrieved from /opt/airflow/dags/example_v2.py
[2025-02-10T09:46:41.161+0000] {logging_mixin.py:150} INFO - [2025-02-10T09:46:41.160+0000] {dag.py:2742} INFO - Sync 1 DAGs
[2025-02-10T09:46:41.223+0000] {logging_mixin.py:150} INFO - [2025-02-10T09:46:41.223+0000] {dag.py:3504} INFO - Setting next_dagrun for DAG_ETL_daily_jobs to 2025-02-10T09:00:00+00:00, run_after=2025-02-11T09:00:00+00:00
[2025-02-10T09:46:41.254+0000] {processor.py:179} INFO - Processing /opt/airflow/dags/example_v2.py took 0.195 seconds
[2025-02-10T09:47:11.427+0000] {processor.py:157} INFO - Started process (PID=241) to work on /opt/airflow/dags/example_v2.py
[2025-02-10T09:47:11.431+0000] {processor.py:826} INFO - Processing file /opt/airflow/dags/example_v2.py for tasks to queue
[2025-02-10T09:47:11.433+0000] {logging_mixin.py:150} INFO - [2025-02-10T09:47:11.432+0000] {dagbag.py:541} INFO - Filling up the DagBag from /opt/airflow/dags/example_v2.py
[2025-02-10T09:47:11.496+0000] {processor.py:836} INFO - DAG(s) dict_keys(['DAG_ETL_daily_jobs']) retrieved from /opt/airflow/dags/example_v2.py
[2025-02-10T09:47:11.548+0000] {logging_mixin.py:150} INFO - [2025-02-10T09:47:11.548+0000] {dag.py:2742} INFO - Sync 1 DAGs
[2025-02-10T09:47:11.638+0000] {logging_mixin.py:150} INFO - [2025-02-10T09:47:11.638+0000] {dag.py:3504} INFO - Setting next_dagrun for DAG_ETL_daily_jobs to 2025-02-10T09:00:00+00:00, run_after=2025-02-11T09:00:00+00:00
[2025-02-10T09:47:11.683+0000] {processor.py:179} INFO - Processing /opt/airflow/dags/example_v2.py took 0.261 seconds
[2025-02-10T09:47:42.208+0000] {processor.py:157} INFO - Started process (PID=261) to work on /opt/airflow/dags/example_v2.py
[2025-02-10T09:47:42.210+0000] {processor.py:826} INFO - Processing file /opt/airflow/dags/example_v2.py for tasks to queue
[2025-02-10T09:47:42.212+0000] {logging_mixin.py:150} INFO - [2025-02-10T09:47:42.211+0000] {dagbag.py:541} INFO - Filling up the DagBag from /opt/airflow/dags/example_v2.py
[2025-02-10T09:47:42.241+0000] {processor.py:836} INFO - DAG(s) dict_keys(['DAG_ETL_daily_jobs']) retrieved from /opt/airflow/dags/example_v2.py
[2025-02-10T09:47:42.485+0000] {logging_mixin.py:150} INFO - [2025-02-10T09:47:42.485+0000] {dag.py:2742} INFO - Sync 1 DAGs
[2025-02-10T09:47:42.529+0000] {logging_mixin.py:150} INFO - [2025-02-10T09:47:42.529+0000] {dag.py:3504} INFO - Setting next_dagrun for DAG_ETL_daily_jobs to 2025-02-10T09:00:00+00:00, run_after=2025-02-11T09:00:00+00:00
[2025-02-10T09:47:42.563+0000] {processor.py:179} INFO - Processing /opt/airflow/dags/example_v2.py took 0.363 seconds
[2025-02-10T09:48:12.721+0000] {processor.py:157} INFO - Started process (PID=273) to work on /opt/airflow/dags/example_v2.py
[2025-02-10T09:48:12.723+0000] {processor.py:826} INFO - Processing file /opt/airflow/dags/example_v2.py for tasks to queue
[2025-02-10T09:48:12.724+0000] {logging_mixin.py:150} INFO - [2025-02-10T09:48:12.724+0000] {dagbag.py:541} INFO - Filling up the DagBag from /opt/airflow/dags/example_v2.py
[2025-02-10T09:48:12.752+0000] {processor.py:836} INFO - DAG(s) dict_keys(['DAG_ETL_daily_jobs']) retrieved from /opt/airflow/dags/example_v2.py
[2025-02-10T09:48:12.802+0000] {logging_mixin.py:150} INFO - [2025-02-10T09:48:12.801+0000] {dag.py:2742} INFO - Sync 1 DAGs
[2025-02-10T09:48:12.850+0000] {logging_mixin.py:150} INFO - [2025-02-10T09:48:12.849+0000] {dag.py:3504} INFO - Setting next_dagrun for DAG_ETL_daily_jobs to 2025-02-10T09:00:00+00:00, run_after=2025-02-11T09:00:00+00:00
[2025-02-10T09:48:12.879+0000] {processor.py:179} INFO - Processing /opt/airflow/dags/example_v2.py took 0.163 seconds
[2025-02-10T09:48:43.125+0000] {processor.py:157} INFO - Started process (PID=284) to work on /opt/airflow/dags/example_v2.py
[2025-02-10T09:48:43.137+0000] {processor.py:826} INFO - Processing file /opt/airflow/dags/example_v2.py for tasks to queue
[2025-02-10T09:48:43.140+0000] {logging_mixin.py:150} INFO - [2025-02-10T09:48:43.139+0000] {dagbag.py:541} INFO - Filling up the DagBag from /opt/airflow/dags/example_v2.py
[2025-02-10T09:48:43.244+0000] {processor.py:836} INFO - DAG(s) dict_keys(['DAG_ETL_daily_jobs']) retrieved from /opt/airflow/dags/example_v2.py
[2025-02-10T09:48:43.297+0000] {logging_mixin.py:150} INFO - [2025-02-10T09:48:43.297+0000] {dag.py:2742} INFO - Sync 1 DAGs
[2025-02-10T09:48:43.410+0000] {logging_mixin.py:150} INFO - [2025-02-10T09:48:43.410+0000] {dag.py:3504} INFO - Setting next_dagrun for DAG_ETL_daily_jobs to 2025-02-10T09:00:00+00:00, run_after=2025-02-11T09:00:00+00:00
[2025-02-10T09:48:43.462+0000] {processor.py:179} INFO - Processing /opt/airflow/dags/example_v2.py took 0.379 seconds
[2025-02-10T09:49:13.836+0000] {processor.py:157} INFO - Started process (PID=295) to work on /opt/airflow/dags/example_v2.py
[2025-02-10T09:49:13.843+0000] {processor.py:826} INFO - Processing file /opt/airflow/dags/example_v2.py for tasks to queue
[2025-02-10T09:49:13.846+0000] {logging_mixin.py:150} INFO - [2025-02-10T09:49:13.845+0000] {dagbag.py:541} INFO - Filling up the DagBag from /opt/airflow/dags/example_v2.py
[2025-02-10T09:49:13.915+0000] {processor.py:836} INFO - DAG(s) dict_keys(['DAG_ETL_daily_jobs']) retrieved from /opt/airflow/dags/example_v2.py
[2025-02-10T09:49:14.671+0000] {logging_mixin.py:150} INFO - [2025-02-10T09:49:14.670+0000] {dag.py:2742} INFO - Sync 1 DAGs
[2025-02-10T09:49:14.741+0000] {logging_mixin.py:150} INFO - [2025-02-10T09:49:14.737+0000] {dag.py:3504} INFO - Setting next_dagrun for DAG_ETL_daily_jobs to 2025-02-10T09:00:00+00:00, run_after=2025-02-11T09:00:00+00:00
[2025-02-10T09:49:14.799+0000] {processor.py:179} INFO - Processing /opt/airflow/dags/example_v2.py took 0.976 seconds
[2025-02-10T09:49:44.862+0000] {processor.py:157} INFO - Started process (PID=306) to work on /opt/airflow/dags/example_v2.py
[2025-02-10T09:49:44.865+0000] {processor.py:826} INFO - Processing file /opt/airflow/dags/example_v2.py for tasks to queue
[2025-02-10T09:49:44.867+0000] {logging_mixin.py:150} INFO - [2025-02-10T09:49:44.866+0000] {dagbag.py:541} INFO - Filling up the DagBag from /opt/airflow/dags/example_v2.py
[2025-02-10T09:49:44.904+0000] {processor.py:836} INFO - DAG(s) dict_keys(['DAG_ETL_daily_jobs']) retrieved from /opt/airflow/dags/example_v2.py
[2025-02-10T09:49:45.025+0000] {logging_mixin.py:150} INFO - [2025-02-10T09:49:45.025+0000] {dag.py:2742} INFO - Sync 1 DAGs
[2025-02-10T09:49:45.128+0000] {logging_mixin.py:150} INFO - [2025-02-10T09:49:45.127+0000] {dag.py:3504} INFO - Setting next_dagrun for DAG_ETL_daily_jobs to 2025-02-10T09:00:00+00:00, run_after=2025-02-11T09:00:00+00:00
[2025-02-10T09:49:45.183+0000] {processor.py:179} INFO - Processing /opt/airflow/dags/example_v2.py took 0.331 seconds
[2025-02-10T09:50:15.704+0000] {processor.py:157} INFO - Started process (PID=317) to work on /opt/airflow/dags/example_v2.py
[2025-02-10T09:50:15.705+0000] {processor.py:826} INFO - Processing file /opt/airflow/dags/example_v2.py for tasks to queue
[2025-02-10T09:50:15.707+0000] {logging_mixin.py:150} INFO - [2025-02-10T09:50:15.707+0000] {dagbag.py:541} INFO - Filling up the DagBag from /opt/airflow/dags/example_v2.py
[2025-02-10T09:50:15.739+0000] {processor.py:836} INFO - DAG(s) dict_keys(['DAG_ETL_daily_jobs']) retrieved from /opt/airflow/dags/example_v2.py
[2025-02-10T09:50:15.829+0000] {logging_mixin.py:150} INFO - [2025-02-10T09:50:15.829+0000] {dag.py:2742} INFO - Sync 1 DAGs
[2025-02-10T09:50:15.886+0000] {logging_mixin.py:150} INFO - [2025-02-10T09:50:15.886+0000] {dag.py:3504} INFO - Setting next_dagrun for DAG_ETL_daily_jobs to 2025-02-10T09:00:00+00:00, run_after=2025-02-11T09:00:00+00:00
[2025-02-10T09:50:15.917+0000] {processor.py:179} INFO - Processing /opt/airflow/dags/example_v2.py took 0.219 seconds
[2025-02-10T09:50:46.074+0000] {processor.py:157} INFO - Started process (PID=376) to work on /opt/airflow/dags/example_v2.py
[2025-02-10T09:50:46.076+0000] {processor.py:826} INFO - Processing file /opt/airflow/dags/example_v2.py for tasks to queue
[2025-02-10T09:50:46.078+0000] {logging_mixin.py:150} INFO - [2025-02-10T09:50:46.077+0000] {dagbag.py:541} INFO - Filling up the DagBag from /opt/airflow/dags/example_v2.py
[2025-02-10T09:50:46.102+0000] {processor.py:836} INFO - DAG(s) dict_keys(['DAG_ETL_daily_jobs']) retrieved from /opt/airflow/dags/example_v2.py
[2025-02-10T09:50:46.293+0000] {logging_mixin.py:150} INFO - [2025-02-10T09:50:46.292+0000] {dag.py:2742} INFO - Sync 1 DAGs
[2025-02-10T09:50:46.331+0000] {logging_mixin.py:150} INFO - [2025-02-10T09:50:46.331+0000] {dag.py:3504} INFO - Setting next_dagrun for DAG_ETL_daily_jobs to 2025-02-10T09:00:00+00:00, run_after=2025-02-11T09:00:00+00:00
[2025-02-10T09:50:46.363+0000] {processor.py:179} INFO - Processing /opt/airflow/dags/example_v2.py took 0.293 seconds
[2025-02-10T09:51:16.563+0000] {processor.py:157} INFO - Started process (PID=388) to work on /opt/airflow/dags/example_v2.py
[2025-02-10T09:51:16.567+0000] {processor.py:826} INFO - Processing file /opt/airflow/dags/example_v2.py for tasks to queue
[2025-02-10T09:51:16.570+0000] {logging_mixin.py:150} INFO - [2025-02-10T09:51:16.569+0000] {dagbag.py:541} INFO - Filling up the DagBag from /opt/airflow/dags/example_v2.py
[2025-02-10T09:51:16.605+0000] {processor.py:836} INFO - DAG(s) dict_keys(['DAG_ETL_daily_jobs']) retrieved from /opt/airflow/dags/example_v2.py
[2025-02-10T09:51:16.711+0000] {logging_mixin.py:150} INFO - [2025-02-10T09:51:16.710+0000] {dag.py:2742} INFO - Sync 1 DAGs
[2025-02-10T09:51:16.762+0000] {logging_mixin.py:150} INFO - [2025-02-10T09:51:16.761+0000] {dag.py:3504} INFO - Setting next_dagrun for DAG_ETL_daily_jobs to 2025-02-10T09:00:00+00:00, run_after=2025-02-11T09:00:00+00:00
[2025-02-10T09:51:16.799+0000] {processor.py:179} INFO - Processing /opt/airflow/dags/example_v2.py took 0.246 seconds
[2025-02-10T09:51:46.990+0000] {processor.py:157} INFO - Started process (PID=398) to work on /opt/airflow/dags/example_v2.py
[2025-02-10T09:51:46.991+0000] {processor.py:826} INFO - Processing file /opt/airflow/dags/example_v2.py for tasks to queue
[2025-02-10T09:51:46.993+0000] {logging_mixin.py:150} INFO - [2025-02-10T09:51:46.993+0000] {dagbag.py:541} INFO - Filling up the DagBag from /opt/airflow/dags/example_v2.py
[2025-02-10T09:51:47.021+0000] {processor.py:836} INFO - DAG(s) dict_keys(['DAG_ETL_daily_jobs']) retrieved from /opt/airflow/dags/example_v2.py
[2025-02-10T09:51:47.048+0000] {logging_mixin.py:150} INFO - [2025-02-10T09:51:47.048+0000] {dag.py:2742} INFO - Sync 1 DAGs
[2025-02-10T09:51:47.094+0000] {logging_mixin.py:150} INFO - [2025-02-10T09:51:47.094+0000] {dag.py:3504} INFO - Setting next_dagrun for DAG_ETL_daily_jobs to 2025-02-10T09:00:00+00:00, run_after=2025-02-11T09:00:00+00:00
[2025-02-10T09:51:47.133+0000] {processor.py:179} INFO - Processing /opt/airflow/dags/example_v2.py took 0.152 seconds
[2025-02-10T09:52:17.338+0000] {processor.py:157} INFO - Started process (PID=409) to work on /opt/airflow/dags/example_v2.py
[2025-02-10T09:52:17.339+0000] {processor.py:826} INFO - Processing file /opt/airflow/dags/example_v2.py for tasks to queue
[2025-02-10T09:52:17.340+0000] {logging_mixin.py:150} INFO - [2025-02-10T09:52:17.340+0000] {dagbag.py:541} INFO - Filling up the DagBag from /opt/airflow/dags/example_v2.py
[2025-02-10T09:52:17.364+0000] {processor.py:836} INFO - DAG(s) dict_keys(['DAG_ETL_daily_jobs']) retrieved from /opt/airflow/dags/example_v2.py
[2025-02-10T09:52:17.534+0000] {logging_mixin.py:150} INFO - [2025-02-10T09:52:17.534+0000] {dag.py:2742} INFO - Sync 1 DAGs
[2025-02-10T09:52:17.575+0000] {logging_mixin.py:150} INFO - [2025-02-10T09:52:17.574+0000] {dag.py:3504} INFO - Setting next_dagrun for DAG_ETL_daily_jobs to 2025-02-10T09:00:00+00:00, run_after=2025-02-11T09:00:00+00:00
[2025-02-10T09:52:17.603+0000] {processor.py:179} INFO - Processing /opt/airflow/dags/example_v2.py took 0.269 seconds
[2025-02-10T09:52:47.631+0000] {processor.py:157} INFO - Started process (PID=421) to work on /opt/airflow/dags/example_v2.py
[2025-02-10T09:52:47.632+0000] {processor.py:826} INFO - Processing file /opt/airflow/dags/example_v2.py for tasks to queue
[2025-02-10T09:52:47.637+0000] {logging_mixin.py:150} INFO - [2025-02-10T09:52:47.637+0000] {dagbag.py:541} INFO - Filling up the DagBag from /opt/airflow/dags/example_v2.py
[2025-02-10T09:52:47.668+0000] {processor.py:836} INFO - DAG(s) dict_keys(['DAG_ETL_daily_jobs']) retrieved from /opt/airflow/dags/example_v2.py
[2025-02-10T09:52:47.734+0000] {logging_mixin.py:150} INFO - [2025-02-10T09:52:47.733+0000] {dag.py:2742} INFO - Sync 1 DAGs
[2025-02-10T09:52:47.775+0000] {logging_mixin.py:150} INFO - [2025-02-10T09:52:47.774+0000] {dag.py:3504} INFO - Setting next_dagrun for DAG_ETL_daily_jobs to 2025-02-10T09:00:00+00:00, run_after=2025-02-11T09:00:00+00:00
[2025-02-10T09:52:47.807+0000] {processor.py:179} INFO - Processing /opt/airflow/dags/example_v2.py took 0.182 seconds
[2025-02-10T09:53:18.070+0000] {processor.py:157} INFO - Started process (PID=431) to work on /opt/airflow/dags/example_v2.py
[2025-02-10T09:53:18.074+0000] {processor.py:826} INFO - Processing file /opt/airflow/dags/example_v2.py for tasks to queue
[2025-02-10T09:53:18.079+0000] {logging_mixin.py:150} INFO - [2025-02-10T09:53:18.078+0000] {dagbag.py:541} INFO - Filling up the DagBag from /opt/airflow/dags/example_v2.py
[2025-02-10T09:53:18.115+0000] {processor.py:836} INFO - DAG(s) dict_keys(['DAG_ETL_daily_jobs']) retrieved from /opt/airflow/dags/example_v2.py
[2025-02-10T09:53:18.147+0000] {logging_mixin.py:150} INFO - [2025-02-10T09:53:18.146+0000] {dag.py:2742} INFO - Sync 1 DAGs
[2025-02-10T09:53:18.218+0000] {logging_mixin.py:150} INFO - [2025-02-10T09:53:18.218+0000] {dag.py:3504} INFO - Setting next_dagrun for DAG_ETL_daily_jobs to 2025-02-10T09:00:00+00:00, run_after=2025-02-11T09:00:00+00:00
[2025-02-10T09:53:18.270+0000] {processor.py:179} INFO - Processing /opt/airflow/dags/example_v2.py took 0.210 seconds
[2025-02-10T09:53:48.750+0000] {processor.py:157} INFO - Started process (PID=442) to work on /opt/airflow/dags/example_v2.py
[2025-02-10T09:53:48.752+0000] {processor.py:826} INFO - Processing file /opt/airflow/dags/example_v2.py for tasks to queue
[2025-02-10T09:53:48.754+0000] {logging_mixin.py:150} INFO - [2025-02-10T09:53:48.753+0000] {dagbag.py:541} INFO - Filling up the DagBag from /opt/airflow/dags/example_v2.py
[2025-02-10T09:53:48.786+0000] {processor.py:836} INFO - DAG(s) dict_keys(['DAG_ETL_daily_jobs']) retrieved from /opt/airflow/dags/example_v2.py
[2025-02-10T09:53:49.068+0000] {logging_mixin.py:150} INFO - [2025-02-10T09:53:49.068+0000] {dag.py:2742} INFO - Sync 1 DAGs
[2025-02-10T09:53:49.121+0000] {logging_mixin.py:150} INFO - [2025-02-10T09:53:49.120+0000] {dag.py:3504} INFO - Setting next_dagrun for DAG_ETL_daily_jobs to 2025-02-10T09:00:00+00:00, run_after=2025-02-11T09:00:00+00:00
[2025-02-10T09:53:49.171+0000] {processor.py:179} INFO - Processing /opt/airflow/dags/example_v2.py took 0.427 seconds
[2025-02-10T09:54:19.354+0000] {processor.py:157} INFO - Started process (PID=453) to work on /opt/airflow/dags/example_v2.py
[2025-02-10T09:54:19.358+0000] {processor.py:826} INFO - Processing file /opt/airflow/dags/example_v2.py for tasks to queue
[2025-02-10T09:54:19.362+0000] {logging_mixin.py:150} INFO - [2025-02-10T09:54:19.361+0000] {dagbag.py:541} INFO - Filling up the DagBag from /opt/airflow/dags/example_v2.py
[2025-02-10T09:54:19.426+0000] {processor.py:836} INFO - DAG(s) dict_keys(['DAG_ETL_daily_jobs']) retrieved from /opt/airflow/dags/example_v2.py
[2025-02-10T09:54:19.519+0000] {logging_mixin.py:150} INFO - [2025-02-10T09:54:19.519+0000] {dag.py:2742} INFO - Sync 1 DAGs
[2025-02-10T09:54:19.580+0000] {logging_mixin.py:150} INFO - [2025-02-10T09:54:19.579+0000] {dag.py:3504} INFO - Setting next_dagrun for DAG_ETL_daily_jobs to 2025-02-10T09:00:00+00:00, run_after=2025-02-11T09:00:00+00:00
[2025-02-10T09:54:19.617+0000] {processor.py:179} INFO - Processing /opt/airflow/dags/example_v2.py took 0.280 seconds
[2025-02-10T09:54:49.911+0000] {processor.py:157} INFO - Started process (PID=464) to work on /opt/airflow/dags/example_v2.py
[2025-02-10T09:54:49.913+0000] {processor.py:826} INFO - Processing file /opt/airflow/dags/example_v2.py for tasks to queue
[2025-02-10T09:54:49.915+0000] {logging_mixin.py:150} INFO - [2025-02-10T09:54:49.914+0000] {dagbag.py:541} INFO - Filling up the DagBag from /opt/airflow/dags/example_v2.py
[2025-02-10T09:54:49.939+0000] {processor.py:836} INFO - DAG(s) dict_keys(['DAG_ETL_daily_jobs']) retrieved from /opt/airflow/dags/example_v2.py
[2025-02-10T09:54:49.961+0000] {logging_mixin.py:150} INFO - [2025-02-10T09:54:49.961+0000] {dag.py:2742} INFO - Sync 1 DAGs
[2025-02-10T09:54:49.999+0000] {logging_mixin.py:150} INFO - [2025-02-10T09:54:49.998+0000] {dag.py:3504} INFO - Setting next_dagrun for DAG_ETL_daily_jobs to 2025-02-10T09:00:00+00:00, run_after=2025-02-11T09:00:00+00:00
[2025-02-10T09:54:50.028+0000] {processor.py:179} INFO - Processing /opt/airflow/dags/example_v2.py took 0.127 seconds
[2025-02-10T09:55:20.739+0000] {processor.py:157} INFO - Started process (PID=475) to work on /opt/airflow/dags/example_v2.py
[2025-02-10T09:55:20.743+0000] {processor.py:826} INFO - Processing file /opt/airflow/dags/example_v2.py for tasks to queue
[2025-02-10T09:55:20.745+0000] {logging_mixin.py:150} INFO - [2025-02-10T09:55:20.744+0000] {dagbag.py:541} INFO - Filling up the DagBag from /opt/airflow/dags/example_v2.py
[2025-02-10T09:55:20.807+0000] {processor.py:836} INFO - DAG(s) dict_keys(['DAG_ETL_daily_jobs']) retrieved from /opt/airflow/dags/example_v2.py
[2025-02-10T09:55:21.252+0000] {logging_mixin.py:150} INFO - [2025-02-10T09:55:21.252+0000] {dag.py:2742} INFO - Sync 1 DAGs
[2025-02-10T09:55:21.319+0000] {logging_mixin.py:150} INFO - [2025-02-10T09:55:21.318+0000] {dag.py:3504} INFO - Setting next_dagrun for DAG_ETL_daily_jobs to 2025-02-10T09:00:00+00:00, run_after=2025-02-11T09:00:00+00:00
[2025-02-10T09:55:21.380+0000] {processor.py:179} INFO - Processing /opt/airflow/dags/example_v2.py took 0.678 seconds
[2025-02-10T09:55:51.943+0000] {processor.py:157} INFO - Started process (PID=488) to work on /opt/airflow/dags/example_v2.py
[2025-02-10T09:55:51.948+0000] {processor.py:826} INFO - Processing file /opt/airflow/dags/example_v2.py for tasks to queue
[2025-02-10T09:55:51.954+0000] {logging_mixin.py:150} INFO - [2025-02-10T09:55:51.950+0000] {dagbag.py:541} INFO - Filling up the DagBag from /opt/airflow/dags/example_v2.py
[2025-02-10T09:55:51.999+0000] {processor.py:836} INFO - DAG(s) dict_keys(['DAG_ETL_daily_jobs']) retrieved from /opt/airflow/dags/example_v2.py
[2025-02-10T09:55:52.100+0000] {logging_mixin.py:150} INFO - [2025-02-10T09:55:52.099+0000] {dag.py:2742} INFO - Sync 1 DAGs
[2025-02-10T09:55:52.262+0000] {logging_mixin.py:150} INFO - [2025-02-10T09:55:52.252+0000] {dag.py:3504} INFO - Setting next_dagrun for DAG_ETL_daily_jobs to 2025-02-10T09:00:00+00:00, run_after=2025-02-11T09:00:00+00:00
[2025-02-10T09:55:52.500+0000] {processor.py:179} INFO - Processing /opt/airflow/dags/example_v2.py took 0.565 seconds
[2025-02-10T09:56:22.568+0000] {processor.py:157} INFO - Started process (PID=546) to work on /opt/airflow/dags/example_v2.py
[2025-02-10T09:56:22.569+0000] {processor.py:826} INFO - Processing file /opt/airflow/dags/example_v2.py for tasks to queue
[2025-02-10T09:56:22.571+0000] {logging_mixin.py:150} INFO - [2025-02-10T09:56:22.570+0000] {dagbag.py:541} INFO - Filling up the DagBag from /opt/airflow/dags/example_v2.py
[2025-02-10T09:56:22.591+0000] {processor.py:836} INFO - DAG(s) dict_keys(['DAG_ETL_daily_jobs']) retrieved from /opt/airflow/dags/example_v2.py
[2025-02-10T09:56:22.611+0000] {logging_mixin.py:150} INFO - [2025-02-10T09:56:22.611+0000] {dag.py:2742} INFO - Sync 1 DAGs
[2025-02-10T09:56:22.649+0000] {logging_mixin.py:150} INFO - [2025-02-10T09:56:22.649+0000] {dag.py:3504} INFO - Setting next_dagrun for DAG_ETL_daily_jobs to 2025-02-10T09:00:00+00:00, run_after=2025-02-11T09:00:00+00:00
[2025-02-10T09:56:22.677+0000] {processor.py:179} INFO - Processing /opt/airflow/dags/example_v2.py took 0.114 seconds
[2025-02-10T09:56:52.818+0000] {processor.py:157} INFO - Started process (PID=556) to work on /opt/airflow/dags/example_v2.py
[2025-02-10T09:56:52.821+0000] {processor.py:826} INFO - Processing file /opt/airflow/dags/example_v2.py for tasks to queue
[2025-02-10T09:56:52.823+0000] {logging_mixin.py:150} INFO - [2025-02-10T09:56:52.822+0000] {dagbag.py:541} INFO - Filling up the DagBag from /opt/airflow/dags/example_v2.py
[2025-02-10T09:56:52.847+0000] {processor.py:836} INFO - DAG(s) dict_keys(['DAG_ETL_daily_jobs']) retrieved from /opt/airflow/dags/example_v2.py
[2025-02-10T09:56:53.067+0000] {logging_mixin.py:150} INFO - [2025-02-10T09:56:53.066+0000] {dag.py:2742} INFO - Sync 1 DAGs
[2025-02-10T09:56:53.098+0000] {logging_mixin.py:150} INFO - [2025-02-10T09:56:53.098+0000] {dag.py:3504} INFO - Setting next_dagrun for DAG_ETL_daily_jobs to 2025-02-10T09:00:00+00:00, run_after=2025-02-11T09:00:00+00:00
[2025-02-10T09:56:53.126+0000] {processor.py:179} INFO - Processing /opt/airflow/dags/example_v2.py took 0.317 seconds
[2025-02-10T09:57:23.517+0000] {processor.py:157} INFO - Started process (PID=568) to work on /opt/airflow/dags/example_v2.py
[2025-02-10T09:57:23.520+0000] {processor.py:826} INFO - Processing file /opt/airflow/dags/example_v2.py for tasks to queue
[2025-02-10T09:57:23.521+0000] {logging_mixin.py:150} INFO - [2025-02-10T09:57:23.521+0000] {dagbag.py:541} INFO - Filling up the DagBag from /opt/airflow/dags/example_v2.py
[2025-02-10T09:57:23.550+0000] {processor.py:836} INFO - DAG(s) dict_keys(['DAG_ETL_daily_jobs']) retrieved from /opt/airflow/dags/example_v2.py
[2025-02-10T09:57:23.622+0000] {logging_mixin.py:150} INFO - [2025-02-10T09:57:23.621+0000] {dag.py:2742} INFO - Sync 1 DAGs
[2025-02-10T09:57:23.670+0000] {logging_mixin.py:150} INFO - [2025-02-10T09:57:23.669+0000] {dag.py:3504} INFO - Setting next_dagrun for DAG_ETL_daily_jobs to 2025-02-10T09:00:00+00:00, run_after=2025-02-11T09:00:00+00:00
[2025-02-10T09:57:23.703+0000] {processor.py:179} INFO - Processing /opt/airflow/dags/example_v2.py took 0.192 seconds
[2025-02-10T09:57:53.854+0000] {processor.py:157} INFO - Started process (PID=579) to work on /opt/airflow/dags/example_v2.py
[2025-02-10T09:57:53.856+0000] {processor.py:826} INFO - Processing file /opt/airflow/dags/example_v2.py for tasks to queue
[2025-02-10T09:57:53.857+0000] {logging_mixin.py:150} INFO - [2025-02-10T09:57:53.857+0000] {dagbag.py:541} INFO - Filling up the DagBag from /opt/airflow/dags/example_v2.py
[2025-02-10T09:57:53.881+0000] {processor.py:836} INFO - DAG(s) dict_keys(['DAG_ETL_daily_jobs']) retrieved from /opt/airflow/dags/example_v2.py
[2025-02-10T09:57:53.906+0000] {logging_mixin.py:150} INFO - [2025-02-10T09:57:53.906+0000] {dag.py:2742} INFO - Sync 1 DAGs
[2025-02-10T09:57:53.956+0000] {logging_mixin.py:150} INFO - [2025-02-10T09:57:53.956+0000] {dag.py:3504} INFO - Setting next_dagrun for DAG_ETL_daily_jobs to 2025-02-10T09:00:00+00:00, run_after=2025-02-11T09:00:00+00:00
[2025-02-10T09:57:53.989+0000] {processor.py:179} INFO - Processing /opt/airflow/dags/example_v2.py took 0.139 seconds
