[2025-02-07T10:38:03.972+0000] {taskinstance.py:1103} INFO - Dependencies all met for dep_context=non-requeueable deps ti=<TaskInstance: spark_minio_job_read.spark_minio_task manual__2025-02-07T10:37:49.361799+00:00 [queued]>
[2025-02-07T10:38:03.987+0000] {taskinstance.py:1103} INFO - Dependencies all met for dep_context=requeueable deps ti=<TaskInstance: spark_minio_job_read.spark_minio_task manual__2025-02-07T10:37:49.361799+00:00 [queued]>
[2025-02-07T10:38:03.988+0000] {taskinstance.py:1308} INFO - Starting attempt 1 of 2
[2025-02-07T10:38:04.011+0000] {taskinstance.py:1327} INFO - Executing <Task(SparkSubmitOperator): spark_minio_task> on 2025-02-07 10:37:49.361799+00:00
[2025-02-07T10:38:04.021+0000] {standard_task_runner.py:57} INFO - Started process 171 to run task
[2025-02-07T10:38:04.045+0000] {standard_task_runner.py:84} INFO - Running: ['***', 'tasks', 'run', 'spark_minio_job_read', 'spark_minio_task', 'manual__2025-02-07T10:37:49.361799+00:00', '--job-id', '123', '--raw', '--subdir', 'DAGS_FOLDER/spark_test_readingMinio_dag.py', '--cfg-path', '/tmp/tmp4kw4f99y']
[2025-02-07T10:38:04.050+0000] {standard_task_runner.py:85} INFO - Job 123: Subtask spark_minio_task
[2025-02-07T10:38:04.316+0000] {task_command.py:410} INFO - Running <TaskInstance: spark_minio_job_read.spark_minio_task manual__2025-02-07T10:37:49.361799+00:00 [running]> on host cfb6b5aa6a85
[2025-02-07T10:38:04.760+0000] {taskinstance.py:1545} INFO - Exporting env vars: AIRFLOW_CTX_DAG_OWNER='***' AIRFLOW_CTX_DAG_ID='spark_minio_job_read' AIRFLOW_CTX_TASK_ID='spark_minio_task' AIRFLOW_CTX_EXECUTION_DATE='2025-02-07T10:37:49.361799+00:00' AIRFLOW_CTX_TRY_NUMBER='1' AIRFLOW_CTX_DAG_RUN_ID='manual__2025-02-07T10:37:49.361799+00:00'
[2025-02-07T10:38:04.804+0000] {base.py:73} INFO - Using connection ID 'spark_default' for task execution.
[2025-02-07T10:38:04.808+0000] {spark_submit.py:340} INFO - Spark-Submit cmd: spark-submit --master spark://spark:7077 --conf spark.driver.extraClassPath=/opt/***/jars/* --conf spark.executor.extraClassPath=/opt/***/jars/* --conf spark.hadoop.fs.s3a.endpoint=http://minio:9000 --conf spark.hadoop.fs.s3a.access.key=minio --conf spark.hadoop.fs.s3a.secret.key=****** --conf spark.hadoop.fs.s3a.path.style.access=true --conf spark.hadoop.fs.s3a.impl=org.apache.hadoop.fs.s3a.S3AFileSystem --conf spark.hadoop.fs.s3a.aws.credentials.provider=org.apache.hadoop.fs.s3a.SimpleAWSCredentialsProvider --packages org.apache.hadoop:hadoop-aws:3.3.4,com.amazonaws:aws-java-sdk-bundle:1.11.1026 --name arrow-spark --verbose /opt/***/dags/spark_test_readingMinio.py
[2025-02-07T10:38:17.249+0000] {spark_submit.py:491} INFO - Using properties file: null
[2025-02-07T10:38:17.621+0000] {spark_submit.py:491} INFO - Parsed arguments:
[2025-02-07T10:38:17.623+0000] {spark_submit.py:491} INFO - master                  spark://spark:7077
[2025-02-07T10:38:17.623+0000] {spark_submit.py:491} INFO - remote                  null
[2025-02-07T10:38:17.624+0000] {spark_submit.py:491} INFO - deployMode              null
[2025-02-07T10:38:17.625+0000] {spark_submit.py:491} INFO - executorMemory          null
[2025-02-07T10:38:17.625+0000] {spark_submit.py:491} INFO - executorCores           null
[2025-02-07T10:38:17.626+0000] {spark_submit.py:491} INFO - totalExecutorCores      null
[2025-02-07T10:38:17.626+0000] {spark_submit.py:491} INFO - propertiesFile          null
[2025-02-07T10:38:17.626+0000] {spark_submit.py:491} INFO - driverMemory            null
[2025-02-07T10:38:17.627+0000] {spark_submit.py:491} INFO - driverCores             null
[2025-02-07T10:38:17.627+0000] {spark_submit.py:491} INFO - driverExtraClassPath    /opt/***/jars/*
[2025-02-07T10:38:17.628+0000] {spark_submit.py:491} INFO - driverExtraLibraryPath  null
[2025-02-07T10:38:17.628+0000] {spark_submit.py:491} INFO - driverExtraJavaOptions  null
[2025-02-07T10:38:17.629+0000] {spark_submit.py:491} INFO - supervise               false
[2025-02-07T10:38:17.629+0000] {spark_submit.py:491} INFO - queue                   null
[2025-02-07T10:38:17.630+0000] {spark_submit.py:491} INFO - numExecutors            null
[2025-02-07T10:38:17.630+0000] {spark_submit.py:491} INFO - files                   null
[2025-02-07T10:38:17.631+0000] {spark_submit.py:491} INFO - pyFiles                 null
[2025-02-07T10:38:17.631+0000] {spark_submit.py:491} INFO - archives                null
[2025-02-07T10:38:17.631+0000] {spark_submit.py:491} INFO - mainClass               null
[2025-02-07T10:38:17.632+0000] {spark_submit.py:491} INFO - primaryResource         file:/opt/***/dags/spark_test_readingMinio.py
[2025-02-07T10:38:17.632+0000] {spark_submit.py:491} INFO - name                    arrow-spark
[2025-02-07T10:38:17.632+0000] {spark_submit.py:491} INFO - childArgs               []
[2025-02-07T10:38:17.633+0000] {spark_submit.py:491} INFO - jars                    null
[2025-02-07T10:38:17.633+0000] {spark_submit.py:491} INFO - packages                org.apache.hadoop:hadoop-aws:3.3.4,com.amazonaws:aws-java-sdk-bundle:1.11.1026
[2025-02-07T10:38:17.633+0000] {spark_submit.py:491} INFO - packagesExclusions      null
[2025-02-07T10:38:17.634+0000] {spark_submit.py:491} INFO - repositories            null
[2025-02-07T10:38:17.634+0000] {spark_submit.py:491} INFO - verbose                 true
[2025-02-07T10:38:17.634+0000] {spark_submit.py:491} INFO - 
[2025-02-07T10:38:17.635+0000] {spark_submit.py:491} INFO - Spark properties used, including those specified through
[2025-02-07T10:38:17.635+0000] {spark_submit.py:491} INFO - --conf and those from the properties file null:
[2025-02-07T10:38:17.635+0000] {spark_submit.py:491} INFO - (spark.driver.extraClassPath,/opt/***/jars/*)
[2025-02-07T10:38:17.636+0000] {spark_submit.py:491} INFO - (spark.executor.extraClassPath,/opt/***/jars/*)
[2025-02-07T10:38:17.637+0000] {spark_submit.py:491} INFO - (spark.hadoop.fs.s3a.access.key,*********(redacted))
[2025-02-07T10:38:17.637+0000] {spark_submit.py:491} INFO - (spark.hadoop.fs.s3a.aws.credentials.provider,org.apache.hadoop.fs.s3a.SimpleAWSCredentialsProvider)
[2025-02-07T10:38:17.637+0000] {spark_submit.py:491} INFO - (spark.hadoop.fs.s3a.endpoint,http://minio:9000)
[2025-02-07T10:38:17.638+0000] {spark_submit.py:491} INFO - (spark.hadoop.fs.s3a.impl,org.apache.hadoop.fs.s3a.S3AFileSystem)
[2025-02-07T10:38:17.639+0000] {spark_submit.py:491} INFO - (spark.hadoop.fs.s3a.path.style.access,true)
[2025-02-07T10:38:17.639+0000] {spark_submit.py:491} INFO - (spark.hadoop.fs.s3a.secret.key,*********(redacted))
[2025-02-07T10:38:17.640+0000] {spark_submit.py:491} INFO - 
[2025-02-07T10:38:17.641+0000] {spark_submit.py:491} INFO - 
[2025-02-07T10:38:18.166+0000] {spark_submit.py:491} INFO - :: loading settings :: url = jar:file:/opt/spark-3.4.0-bin-hadoop3/jars/ivy-2.5.1.jar!/org/apache/ivy/core/settings/ivysettings.xml
[2025-02-07T10:38:18.466+0000] {spark_submit.py:491} INFO - Ivy Default Cache set to: /home/***/.ivy2/cache
[2025-02-07T10:38:18.467+0000] {spark_submit.py:491} INFO - The jars for the packages stored in: /home/***/.ivy2/jars
[2025-02-07T10:38:18.472+0000] {spark_submit.py:491} INFO - org.apache.hadoop#hadoop-aws added as a dependency
[2025-02-07T10:38:18.473+0000] {spark_submit.py:491} INFO - com.amazonaws#aws-java-sdk-bundle added as a dependency
[2025-02-07T10:38:18.474+0000] {spark_submit.py:491} INFO - :: resolving dependencies :: org.apache.spark#spark-submit-parent-a24b2f03-dce5-427f-a5d1-3aeddc30fef3;1.0
[2025-02-07T10:38:18.475+0000] {spark_submit.py:491} INFO - confs: [default]
[2025-02-07T10:40:48.594+0000] {local_task_job_runner.py:291} WARNING - State of this instance has been externally set to restarting. Terminating instance.
[2025-02-07T10:40:48.672+0000] {process_utils.py:131} INFO - Sending Signals.SIGTERM to group 171. PIDs of all processes in the group: [172, 171]
[2025-02-07T10:40:48.674+0000] {process_utils.py:86} INFO - Sending the signal Signals.SIGTERM to group 171
[2025-02-07T10:40:48.702+0000] {taskinstance.py:1517} ERROR - Received SIGTERM. Terminating subprocesses.
[2025-02-07T10:40:48.740+0000] {spark_submit.py:618} INFO - Sending kill signal to spark-submit
[2025-02-07T10:40:48.994+0000] {taskinstance.py:1824} ERROR - Task failed with exception
Traceback (most recent call last):
  File "/home/airflow/.local/lib/python3.9/site-packages/airflow/providers/apache/spark/operators/spark_submit.py", line 156, in execute
    self._hook.submit(self._application)
  File "/home/airflow/.local/lib/python3.9/site-packages/airflow/providers/apache/spark/hooks/spark_submit.py", line 410, in submit
    self._process_spark_submit_log(iter(self._submit_sp.stdout))  # type: ignore
  File "/home/airflow/.local/lib/python3.9/site-packages/airflow/providers/apache/spark/hooks/spark_submit.py", line 459, in _process_spark_submit_log
    for line in itr:
  File "/home/airflow/.local/lib/python3.9/site-packages/airflow/models/taskinstance.py", line 1519, in signal_handler
    raise AirflowException("Task received SIGTERM signal")
airflow.exceptions.AirflowException: Task received SIGTERM signal
[2025-02-07T10:40:49.084+0000] {taskinstance.py:1345} INFO - Marking task as UP_FOR_RETRY. dag_id=spark_minio_job_read, task_id=spark_minio_task, execution_date=20250207T103749, start_date=20250207T103803, end_date=20250207T104049
[2025-02-07T10:40:49.195+0000] {standard_task_runner.py:104} ERROR - Failed to execute job 123 for task spark_minio_task (Task received SIGTERM signal; 171)
[2025-02-07T10:40:49.244+0000] {process_utils.py:79} INFO - Process psutil.Process(pid=172, status='terminated', started='10:38:03') (172) terminated with exit code None
[2025-02-07T10:40:49.247+0000] {process_utils.py:79} INFO - Process psutil.Process(pid=171, status='terminated', exitcode=1, started='10:38:03') (171) terminated with exit code 1
