[2025-02-07T11:48:38.978+0000] {processor.py:157} INFO - Started process (PID=126) to work on /opt/airflow/dags/example_v2.py
[2025-02-07T11:48:38.980+0000] {processor.py:826} INFO - Processing file /opt/airflow/dags/example_v2.py for tasks to queue
[2025-02-07T11:48:38.981+0000] {logging_mixin.py:150} INFO - [2025-02-07T11:48:38.981+0000] {dagbag.py:541} INFO - Filling up the DagBag from /opt/airflow/dags/example_v2.py
[2025-02-07T11:48:39.009+0000] {processor.py:836} INFO - DAG(s) dict_keys(['DAG_ETL_daily_jobs']) retrieved from /opt/airflow/dags/example_v2.py
[2025-02-07T11:48:39.230+0000] {logging_mixin.py:150} INFO - [2025-02-07T11:48:39.230+0000] {manager.py:504} INFO - Created Permission View: can delete on DAG:DAG_ETL_daily_jobs
[2025-02-07T11:48:39.243+0000] {logging_mixin.py:150} INFO - [2025-02-07T11:48:39.242+0000] {manager.py:504} INFO - Created Permission View: can read on DAG:DAG_ETL_daily_jobs
[2025-02-07T11:48:39.251+0000] {logging_mixin.py:150} INFO - [2025-02-07T11:48:39.251+0000] {manager.py:504} INFO - Created Permission View: can edit on DAG:DAG_ETL_daily_jobs
[2025-02-07T11:48:39.270+0000] {logging_mixin.py:150} INFO - [2025-02-07T11:48:39.270+0000] {dag.py:2742} INFO - Sync 1 DAGs
[2025-02-07T11:48:39.285+0000] {logging_mixin.py:150} INFO - [2025-02-07T11:48:39.285+0000] {dag.py:2763} INFO - Creating ORM DAG for DAG_ETL_daily_jobs
[2025-02-07T11:48:39.303+0000] {logging_mixin.py:150} INFO - [2025-02-07T11:48:39.303+0000] {dag.py:3504} INFO - Setting next_dagrun for DAG_ETL_daily_jobs to 2025-02-06T09:00:00+00:00, run_after=2025-02-07T09:00:00+00:00
[2025-02-07T11:48:39.333+0000] {processor.py:179} INFO - Processing /opt/airflow/dags/example_v2.py took 0.359 seconds
[2025-02-07T11:49:10.147+0000] {processor.py:157} INFO - Started process (PID=137) to work on /opt/airflow/dags/example_v2.py
[2025-02-07T11:49:10.148+0000] {processor.py:826} INFO - Processing file /opt/airflow/dags/example_v2.py for tasks to queue
[2025-02-07T11:49:10.150+0000] {logging_mixin.py:150} INFO - [2025-02-07T11:49:10.150+0000] {dagbag.py:541} INFO - Filling up the DagBag from /opt/airflow/dags/example_v2.py
[2025-02-07T11:49:10.172+0000] {processor.py:836} INFO - DAG(s) dict_keys(['DAG_ETL_daily_jobs']) retrieved from /opt/airflow/dags/example_v2.py
[2025-02-07T11:49:10.209+0000] {logging_mixin.py:150} INFO - [2025-02-07T11:49:10.209+0000] {dag.py:2742} INFO - Sync 1 DAGs
[2025-02-07T11:49:10.240+0000] {logging_mixin.py:150} INFO - [2025-02-07T11:49:10.240+0000] {dag.py:3504} INFO - Setting next_dagrun for DAG_ETL_daily_jobs to 2025-02-06T09:00:00+00:00, run_after=2025-02-07T09:00:00+00:00
[2025-02-07T11:49:10.265+0000] {processor.py:179} INFO - Processing /opt/airflow/dags/example_v2.py took 0.122 seconds
[2025-02-07T11:49:40.976+0000] {processor.py:157} INFO - Started process (PID=150) to work on /opt/airflow/dags/example_v2.py
[2025-02-07T11:49:40.981+0000] {processor.py:826} INFO - Processing file /opt/airflow/dags/example_v2.py for tasks to queue
[2025-02-07T11:49:40.985+0000] {logging_mixin.py:150} INFO - [2025-02-07T11:49:40.984+0000] {dagbag.py:541} INFO - Filling up the DagBag from /opt/airflow/dags/example_v2.py
[2025-02-07T11:49:41.015+0000] {processor.py:836} INFO - DAG(s) dict_keys(['DAG_ETL_daily_jobs']) retrieved from /opt/airflow/dags/example_v2.py
[2025-02-07T11:49:41.158+0000] {logging_mixin.py:150} INFO - [2025-02-07T11:49:41.157+0000] {dag.py:2742} INFO - Sync 1 DAGs
[2025-02-07T11:49:41.238+0000] {logging_mixin.py:150} INFO - [2025-02-07T11:49:41.238+0000] {dag.py:3504} INFO - Setting next_dagrun for DAG_ETL_daily_jobs to 2025-02-07T09:00:00+00:00, run_after=2025-02-08T09:00:00+00:00
[2025-02-07T11:49:41.283+0000] {processor.py:179} INFO - Processing /opt/airflow/dags/example_v2.py took 0.319 seconds
[2025-02-07T11:50:12.094+0000] {processor.py:157} INFO - Started process (PID=203) to work on /opt/airflow/dags/example_v2.py
[2025-02-07T11:50:12.103+0000] {processor.py:826} INFO - Processing file /opt/airflow/dags/example_v2.py for tasks to queue
[2025-02-07T11:50:12.109+0000] {logging_mixin.py:150} INFO - [2025-02-07T11:50:12.106+0000] {dagbag.py:541} INFO - Filling up the DagBag from /opt/airflow/dags/example_v2.py
[2025-02-07T11:50:12.364+0000] {processor.py:836} INFO - DAG(s) dict_keys(['DAG_ETL_daily_jobs']) retrieved from /opt/airflow/dags/example_v2.py
[2025-02-07T11:50:12.574+0000] {logging_mixin.py:150} INFO - [2025-02-07T11:50:12.573+0000] {dag.py:2742} INFO - Sync 1 DAGs
[2025-02-07T11:50:12.710+0000] {logging_mixin.py:150} INFO - [2025-02-07T11:50:12.710+0000] {dag.py:3504} INFO - Setting next_dagrun for DAG_ETL_daily_jobs to 2025-02-07T09:00:00+00:00, run_after=2025-02-08T09:00:00+00:00
[2025-02-07T11:50:12.798+0000] {processor.py:179} INFO - Processing /opt/airflow/dags/example_v2.py took 0.748 seconds
[2025-02-07T11:50:43.333+0000] {processor.py:157} INFO - Started process (PID=215) to work on /opt/airflow/dags/example_v2.py
[2025-02-07T11:50:43.341+0000] {processor.py:826} INFO - Processing file /opt/airflow/dags/example_v2.py for tasks to queue
[2025-02-07T11:50:43.345+0000] {logging_mixin.py:150} INFO - [2025-02-07T11:50:43.344+0000] {dagbag.py:541} INFO - Filling up the DagBag from /opt/airflow/dags/example_v2.py
[2025-02-07T11:50:43.429+0000] {processor.py:836} INFO - DAG(s) dict_keys(['DAG_ETL_daily_jobs']) retrieved from /opt/airflow/dags/example_v2.py
[2025-02-07T11:50:43.573+0000] {logging_mixin.py:150} INFO - [2025-02-07T11:50:43.573+0000] {dag.py:2742} INFO - Sync 1 DAGs
[2025-02-07T11:50:44.771+0000] {logging_mixin.py:150} INFO - [2025-02-07T11:50:44.582+0000] {dag.py:3504} INFO - Setting next_dagrun for DAG_ETL_daily_jobs to 2025-02-07T09:00:00+00:00, run_after=2025-02-08T09:00:00+00:00
[2025-02-07T11:50:45.578+0000] {processor.py:179} INFO - Processing /opt/airflow/dags/example_v2.py took 2.270 seconds
[2025-02-07T11:51:16.485+0000] {processor.py:157} INFO - Started process (PID=234) to work on /opt/airflow/dags/example_v2.py
[2025-02-07T11:51:16.493+0000] {processor.py:826} INFO - Processing file /opt/airflow/dags/example_v2.py for tasks to queue
[2025-02-07T11:51:16.497+0000] {logging_mixin.py:150} INFO - [2025-02-07T11:51:16.495+0000] {dagbag.py:541} INFO - Filling up the DagBag from /opt/airflow/dags/example_v2.py
[2025-02-07T11:51:16.854+0000] {processor.py:836} INFO - DAG(s) dict_keys(['DAG_ETL_daily_jobs']) retrieved from /opt/airflow/dags/example_v2.py
[2025-02-07T11:51:17.113+0000] {logging_mixin.py:150} INFO - [2025-02-07T11:51:17.112+0000] {dag.py:2742} INFO - Sync 1 DAGs
[2025-02-07T11:51:17.236+0000] {logging_mixin.py:150} INFO - [2025-02-07T11:51:17.236+0000] {dag.py:3504} INFO - Setting next_dagrun for DAG_ETL_daily_jobs to 2025-02-07T09:00:00+00:00, run_after=2025-02-08T09:00:00+00:00
[2025-02-07T11:51:17.457+0000] {processor.py:179} INFO - Processing /opt/airflow/dags/example_v2.py took 1.220 seconds
[2025-02-07T11:51:47.606+0000] {processor.py:157} INFO - Started process (PID=245) to work on /opt/airflow/dags/example_v2.py
[2025-02-07T11:51:47.612+0000] {processor.py:826} INFO - Processing file /opt/airflow/dags/example_v2.py for tasks to queue
[2025-02-07T11:51:47.620+0000] {logging_mixin.py:150} INFO - [2025-02-07T11:51:47.616+0000] {dagbag.py:541} INFO - Filling up the DagBag from /opt/airflow/dags/example_v2.py
[2025-02-07T11:51:47.705+0000] {processor.py:836} INFO - DAG(s) dict_keys(['DAG_ETL_daily_jobs']) retrieved from /opt/airflow/dags/example_v2.py
[2025-02-07T11:51:47.919+0000] {logging_mixin.py:150} INFO - [2025-02-07T11:51:47.918+0000] {dag.py:2742} INFO - Sync 1 DAGs
[2025-02-07T11:51:48.037+0000] {logging_mixin.py:150} INFO - [2025-02-07T11:51:48.036+0000] {dag.py:3504} INFO - Setting next_dagrun for DAG_ETL_daily_jobs to 2025-02-07T09:00:00+00:00, run_after=2025-02-08T09:00:00+00:00
[2025-02-07T11:51:48.131+0000] {processor.py:179} INFO - Processing /opt/airflow/dags/example_v2.py took 0.550 seconds
[2025-02-07T11:52:18.400+0000] {processor.py:157} INFO - Started process (PID=256) to work on /opt/airflow/dags/example_v2.py
[2025-02-07T11:52:18.407+0000] {processor.py:826} INFO - Processing file /opt/airflow/dags/example_v2.py for tasks to queue
[2025-02-07T11:52:18.411+0000] {logging_mixin.py:150} INFO - [2025-02-07T11:52:18.410+0000] {dagbag.py:541} INFO - Filling up the DagBag from /opt/airflow/dags/example_v2.py
[2025-02-07T11:52:18.494+0000] {processor.py:836} INFO - DAG(s) dict_keys(['DAG_ETL_daily_jobs']) retrieved from /opt/airflow/dags/example_v2.py
[2025-02-07T11:52:18.726+0000] {logging_mixin.py:150} INFO - [2025-02-07T11:52:18.725+0000] {dag.py:2742} INFO - Sync 1 DAGs
[2025-02-07T11:52:18.813+0000] {logging_mixin.py:150} INFO - [2025-02-07T11:52:18.812+0000] {dag.py:3504} INFO - Setting next_dagrun for DAG_ETL_daily_jobs to 2025-02-07T09:00:00+00:00, run_after=2025-02-08T09:00:00+00:00
[2025-02-07T11:52:18.885+0000] {processor.py:179} INFO - Processing /opt/airflow/dags/example_v2.py took 0.497 seconds
[2025-02-07T11:52:49.853+0000] {processor.py:157} INFO - Started process (PID=267) to work on /opt/airflow/dags/example_v2.py
[2025-02-07T11:52:49.854+0000] {processor.py:826} INFO - Processing file /opt/airflow/dags/example_v2.py for tasks to queue
[2025-02-07T11:52:49.856+0000] {logging_mixin.py:150} INFO - [2025-02-07T11:52:49.855+0000] {dagbag.py:541} INFO - Filling up the DagBag from /opt/airflow/dags/example_v2.py
[2025-02-07T11:52:49.883+0000] {processor.py:836} INFO - DAG(s) dict_keys(['DAG_ETL_daily_jobs']) retrieved from /opt/airflow/dags/example_v2.py
[2025-02-07T11:52:50.014+0000] {logging_mixin.py:150} INFO - [2025-02-07T11:52:50.014+0000] {dag.py:2742} INFO - Sync 1 DAGs
[2025-02-07T11:52:50.088+0000] {logging_mixin.py:150} INFO - [2025-02-07T11:52:50.088+0000] {dag.py:3504} INFO - Setting next_dagrun for DAG_ETL_daily_jobs to 2025-02-07T09:00:00+00:00, run_after=2025-02-08T09:00:00+00:00
[2025-02-07T11:52:50.125+0000] {processor.py:179} INFO - Processing /opt/airflow/dags/example_v2.py took 0.277 seconds
[2025-02-07T11:53:20.270+0000] {processor.py:157} INFO - Started process (PID=278) to work on /opt/airflow/dags/example_v2.py
[2025-02-07T11:53:20.272+0000] {processor.py:826} INFO - Processing file /opt/airflow/dags/example_v2.py for tasks to queue
[2025-02-07T11:53:20.275+0000] {logging_mixin.py:150} INFO - [2025-02-07T11:53:20.274+0000] {dagbag.py:541} INFO - Filling up the DagBag from /opt/airflow/dags/example_v2.py
[2025-02-07T11:53:20.322+0000] {processor.py:836} INFO - DAG(s) dict_keys(['DAG_ETL_daily_jobs']) retrieved from /opt/airflow/dags/example_v2.py
[2025-02-07T11:53:20.827+0000] {logging_mixin.py:150} INFO - [2025-02-07T11:53:20.823+0000] {dag.py:2742} INFO - Sync 1 DAGs
[2025-02-07T11:53:20.939+0000] {logging_mixin.py:150} INFO - [2025-02-07T11:53:20.939+0000] {dag.py:3504} INFO - Setting next_dagrun for DAG_ETL_daily_jobs to 2025-02-07T09:00:00+00:00, run_after=2025-02-08T09:00:00+00:00
[2025-02-07T11:53:20.997+0000] {processor.py:179} INFO - Processing /opt/airflow/dags/example_v2.py took 0.750 seconds
[2025-02-07T11:53:51.118+0000] {processor.py:157} INFO - Started process (PID=290) to work on /opt/airflow/dags/example_v2.py
[2025-02-07T11:53:51.122+0000] {processor.py:826} INFO - Processing file /opt/airflow/dags/example_v2.py for tasks to queue
[2025-02-07T11:53:51.124+0000] {logging_mixin.py:150} INFO - [2025-02-07T11:53:51.124+0000] {dagbag.py:541} INFO - Filling up the DagBag from /opt/airflow/dags/example_v2.py
[2025-02-07T11:53:51.317+0000] {processor.py:836} INFO - DAG(s) dict_keys(['DAG_ETL_daily_jobs']) retrieved from /opt/airflow/dags/example_v2.py
[2025-02-07T11:53:51.386+0000] {logging_mixin.py:150} INFO - [2025-02-07T11:53:51.386+0000] {dag.py:2742} INFO - Sync 1 DAGs
[2025-02-07T11:53:51.456+0000] {logging_mixin.py:150} INFO - [2025-02-07T11:53:51.455+0000] {dag.py:3504} INFO - Setting next_dagrun for DAG_ETL_daily_jobs to 2025-02-07T09:00:00+00:00, run_after=2025-02-08T09:00:00+00:00
[2025-02-07T11:53:51.505+0000] {processor.py:179} INFO - Processing /opt/airflow/dags/example_v2.py took 0.402 seconds
[2025-02-07T11:54:22.053+0000] {processor.py:157} INFO - Started process (PID=300) to work on /opt/airflow/dags/example_v2.py
[2025-02-07T11:54:22.058+0000] {processor.py:826} INFO - Processing file /opt/airflow/dags/example_v2.py for tasks to queue
[2025-02-07T11:54:22.060+0000] {logging_mixin.py:150} INFO - [2025-02-07T11:54:22.059+0000] {dagbag.py:541} INFO - Filling up the DagBag from /opt/airflow/dags/example_v2.py
[2025-02-07T11:54:22.106+0000] {processor.py:836} INFO - DAG(s) dict_keys(['DAG_ETL_daily_jobs']) retrieved from /opt/airflow/dags/example_v2.py
[2025-02-07T11:54:22.282+0000] {logging_mixin.py:150} INFO - [2025-02-07T11:54:22.281+0000] {dag.py:2742} INFO - Sync 1 DAGs
[2025-02-07T11:54:22.348+0000] {logging_mixin.py:150} INFO - [2025-02-07T11:54:22.348+0000] {dag.py:3504} INFO - Setting next_dagrun for DAG_ETL_daily_jobs to 2025-02-07T09:00:00+00:00, run_after=2025-02-08T09:00:00+00:00
[2025-02-07T11:54:22.403+0000] {processor.py:179} INFO - Processing /opt/airflow/dags/example_v2.py took 0.361 seconds
[2025-02-07T11:54:45.307+0000] {processor.py:157} INFO - Started process (PID=311) to work on /opt/airflow/dags/example_v2.py
[2025-02-07T11:54:45.310+0000] {processor.py:826} INFO - Processing file /opt/airflow/dags/example_v2.py for tasks to queue
[2025-02-07T11:54:45.312+0000] {logging_mixin.py:150} INFO - [2025-02-07T11:54:45.312+0000] {dagbag.py:541} INFO - Filling up the DagBag from /opt/airflow/dags/example_v2.py
[2025-02-07T11:54:45.345+0000] {processor.py:836} INFO - DAG(s) dict_keys(['DAG_ETL_daily_jobs']) retrieved from /opt/airflow/dags/example_v2.py
[2025-02-07T11:54:45.971+0000] {logging_mixin.py:150} INFO - [2025-02-07T11:54:45.970+0000] {dag.py:2742} INFO - Sync 1 DAGs
[2025-02-07T11:54:46.021+0000] {logging_mixin.py:150} INFO - [2025-02-07T11:54:46.021+0000] {dag.py:3504} INFO - Setting next_dagrun for DAG_ETL_daily_jobs to 2025-02-07T09:00:00+00:00, run_after=2025-02-08T09:00:00+00:00
[2025-02-07T11:54:46.109+0000] {processor.py:179} INFO - Processing /opt/airflow/dags/example_v2.py took 0.806 seconds
[2025-02-07T11:55:16.468+0000] {processor.py:157} INFO - Started process (PID=322) to work on /opt/airflow/dags/example_v2.py
[2025-02-07T11:55:16.471+0000] {processor.py:826} INFO - Processing file /opt/airflow/dags/example_v2.py for tasks to queue
[2025-02-07T11:55:16.474+0000] {logging_mixin.py:150} INFO - [2025-02-07T11:55:16.473+0000] {dagbag.py:541} INFO - Filling up the DagBag from /opt/airflow/dags/example_v2.py
[2025-02-07T11:55:16.513+0000] {processor.py:836} INFO - DAG(s) dict_keys(['DAG_ETL_daily_jobs']) retrieved from /opt/airflow/dags/example_v2.py
[2025-02-07T11:55:16.597+0000] {logging_mixin.py:150} INFO - [2025-02-07T11:55:16.596+0000] {dag.py:2742} INFO - Sync 1 DAGs
[2025-02-07T11:55:16.727+0000] {logging_mixin.py:150} INFO - [2025-02-07T11:55:16.727+0000] {dag.py:3504} INFO - Setting next_dagrun for DAG_ETL_daily_jobs to 2025-02-07T09:00:00+00:00, run_after=2025-02-08T09:00:00+00:00
[2025-02-07T11:55:16.776+0000] {processor.py:179} INFO - Processing /opt/airflow/dags/example_v2.py took 0.319 seconds
[2025-02-07T11:55:47.712+0000] {processor.py:157} INFO - Started process (PID=333) to work on /opt/airflow/dags/example_v2.py
[2025-02-07T11:55:47.715+0000] {processor.py:826} INFO - Processing file /opt/airflow/dags/example_v2.py for tasks to queue
[2025-02-07T11:55:47.716+0000] {logging_mixin.py:150} INFO - [2025-02-07T11:55:47.716+0000] {dagbag.py:541} INFO - Filling up the DagBag from /opt/airflow/dags/example_v2.py
[2025-02-07T11:55:47.736+0000] {processor.py:836} INFO - DAG(s) dict_keys(['DAG_ETL_daily_jobs']) retrieved from /opt/airflow/dags/example_v2.py
[2025-02-07T11:55:47.770+0000] {logging_mixin.py:150} INFO - [2025-02-07T11:55:47.770+0000] {dag.py:2742} INFO - Sync 1 DAGs
[2025-02-07T11:55:47.798+0000] {logging_mixin.py:150} INFO - [2025-02-07T11:55:47.798+0000] {dag.py:3504} INFO - Setting next_dagrun for DAG_ETL_daily_jobs to 2025-02-07T09:00:00+00:00, run_after=2025-02-08T09:00:00+00:00
[2025-02-07T11:55:47.819+0000] {processor.py:179} INFO - Processing /opt/airflow/dags/example_v2.py took 0.112 seconds
[2025-02-07T11:56:18.508+0000] {processor.py:157} INFO - Started process (PID=392) to work on /opt/airflow/dags/example_v2.py
[2025-02-07T11:56:18.510+0000] {processor.py:826} INFO - Processing file /opt/airflow/dags/example_v2.py for tasks to queue
[2025-02-07T11:56:18.511+0000] {logging_mixin.py:150} INFO - [2025-02-07T11:56:18.511+0000] {dagbag.py:541} INFO - Filling up the DagBag from /opt/airflow/dags/example_v2.py
[2025-02-07T11:56:18.539+0000] {processor.py:836} INFO - DAG(s) dict_keys(['DAG_ETL_daily_jobs']) retrieved from /opt/airflow/dags/example_v2.py
[2025-02-07T11:56:18.580+0000] {logging_mixin.py:150} INFO - [2025-02-07T11:56:18.580+0000] {dag.py:2742} INFO - Sync 1 DAGs
[2025-02-07T11:56:18.617+0000] {logging_mixin.py:150} INFO - [2025-02-07T11:56:18.616+0000] {dag.py:3504} INFO - Setting next_dagrun for DAG_ETL_daily_jobs to 2025-02-07T09:00:00+00:00, run_after=2025-02-08T09:00:00+00:00
[2025-02-07T11:56:18.645+0000] {processor.py:179} INFO - Processing /opt/airflow/dags/example_v2.py took 0.142 seconds
[2025-02-07T11:56:49.338+0000] {processor.py:157} INFO - Started process (PID=403) to work on /opt/airflow/dags/example_v2.py
[2025-02-07T11:56:49.340+0000] {processor.py:826} INFO - Processing file /opt/airflow/dags/example_v2.py for tasks to queue
[2025-02-07T11:56:49.342+0000] {logging_mixin.py:150} INFO - [2025-02-07T11:56:49.341+0000] {dagbag.py:541} INFO - Filling up the DagBag from /opt/airflow/dags/example_v2.py
[2025-02-07T11:56:49.363+0000] {processor.py:836} INFO - DAG(s) dict_keys(['DAG_ETL_daily_jobs']) retrieved from /opt/airflow/dags/example_v2.py
[2025-02-07T11:56:49.407+0000] {logging_mixin.py:150} INFO - [2025-02-07T11:56:49.407+0000] {dag.py:2742} INFO - Sync 1 DAGs
[2025-02-07T11:56:49.450+0000] {logging_mixin.py:150} INFO - [2025-02-07T11:56:49.449+0000] {dag.py:3504} INFO - Setting next_dagrun for DAG_ETL_daily_jobs to 2025-02-07T09:00:00+00:00, run_after=2025-02-08T09:00:00+00:00
[2025-02-07T11:56:49.487+0000] {processor.py:179} INFO - Processing /opt/airflow/dags/example_v2.py took 0.155 seconds
[2025-02-07T11:57:19.719+0000] {processor.py:157} INFO - Started process (PID=414) to work on /opt/airflow/dags/example_v2.py
[2025-02-07T11:57:19.722+0000] {processor.py:826} INFO - Processing file /opt/airflow/dags/example_v2.py for tasks to queue
[2025-02-07T11:57:19.725+0000] {logging_mixin.py:150} INFO - [2025-02-07T11:57:19.724+0000] {dagbag.py:541} INFO - Filling up the DagBag from /opt/airflow/dags/example_v2.py
[2025-02-07T11:57:19.802+0000] {processor.py:836} INFO - DAG(s) dict_keys(['DAG_ETL_daily_jobs']) retrieved from /opt/airflow/dags/example_v2.py
[2025-02-07T11:57:19.901+0000] {logging_mixin.py:150} INFO - [2025-02-07T11:57:19.900+0000] {dag.py:2742} INFO - Sync 1 DAGs
[2025-02-07T11:57:19.988+0000] {logging_mixin.py:150} INFO - [2025-02-07T11:57:19.987+0000] {dag.py:3504} INFO - Setting next_dagrun for DAG_ETL_daily_jobs to 2025-02-07T09:00:00+00:00, run_after=2025-02-08T09:00:00+00:00
[2025-02-07T11:57:20.033+0000] {processor.py:179} INFO - Processing /opt/airflow/dags/example_v2.py took 0.325 seconds
[2025-02-07T11:57:50.287+0000] {processor.py:157} INFO - Started process (PID=425) to work on /opt/airflow/dags/example_v2.py
[2025-02-07T11:57:50.288+0000] {processor.py:826} INFO - Processing file /opt/airflow/dags/example_v2.py for tasks to queue
[2025-02-07T11:57:50.290+0000] {logging_mixin.py:150} INFO - [2025-02-07T11:57:50.290+0000] {dagbag.py:541} INFO - Filling up the DagBag from /opt/airflow/dags/example_v2.py
[2025-02-07T11:57:50.328+0000] {processor.py:836} INFO - DAG(s) dict_keys(['DAG_ETL_daily_jobs']) retrieved from /opt/airflow/dags/example_v2.py
[2025-02-07T11:57:50.403+0000] {logging_mixin.py:150} INFO - [2025-02-07T11:57:50.402+0000] {dag.py:2742} INFO - Sync 1 DAGs
[2025-02-07T11:57:50.449+0000] {logging_mixin.py:150} INFO - [2025-02-07T11:57:50.449+0000] {dag.py:3504} INFO - Setting next_dagrun for DAG_ETL_daily_jobs to 2025-02-07T09:00:00+00:00, run_after=2025-02-08T09:00:00+00:00
[2025-02-07T11:57:50.487+0000] {processor.py:179} INFO - Processing /opt/airflow/dags/example_v2.py took 0.207 seconds
[2025-02-07T11:57:58.173+0000] {processor.py:157} INFO - Started process (PID=430) to work on /opt/airflow/dags/example_v2.py
[2025-02-07T11:57:58.178+0000] {processor.py:826} INFO - Processing file /opt/airflow/dags/example_v2.py for tasks to queue
[2025-02-07T11:57:58.182+0000] {logging_mixin.py:150} INFO - [2025-02-07T11:57:58.181+0000] {dagbag.py:541} INFO - Filling up the DagBag from /opt/airflow/dags/example_v2.py
[2025-02-07T11:57:58.322+0000] {processor.py:836} INFO - DAG(s) dict_keys(['DAG_ETL_daily_jobs']) retrieved from /opt/airflow/dags/example_v2.py
[2025-02-07T11:57:58.754+0000] {logging_mixin.py:150} INFO - [2025-02-07T11:57:58.753+0000] {dag.py:2742} INFO - Sync 1 DAGs
[2025-02-07T11:57:58.803+0000] {logging_mixin.py:150} INFO - [2025-02-07T11:57:58.803+0000] {dag.py:3504} INFO - Setting next_dagrun for DAG_ETL_daily_jobs to 2025-02-07T09:00:00+00:00, run_after=2025-02-08T09:00:00+00:00
[2025-02-07T11:57:58.886+0000] {processor.py:179} INFO - Processing /opt/airflow/dags/example_v2.py took 0.718 seconds
[2025-02-07T11:58:29.920+0000] {processor.py:157} INFO - Started process (PID=505) to work on /opt/airflow/dags/example_v2.py
[2025-02-07T11:58:29.924+0000] {processor.py:826} INFO - Processing file /opt/airflow/dags/example_v2.py for tasks to queue
[2025-02-07T11:58:29.927+0000] {logging_mixin.py:150} INFO - [2025-02-07T11:58:29.926+0000] {dagbag.py:541} INFO - Filling up the DagBag from /opt/airflow/dags/example_v2.py
[2025-02-07T11:58:30.015+0000] {processor.py:836} INFO - DAG(s) dict_keys(['DAG_ETL_daily_jobs']) retrieved from /opt/airflow/dags/example_v2.py
[2025-02-07T11:58:30.923+0000] {logging_mixin.py:150} INFO - [2025-02-07T11:58:30.917+0000] {dag.py:2742} INFO - Sync 1 DAGs
[2025-02-07T11:58:31.297+0000] {logging_mixin.py:150} INFO - [2025-02-07T11:58:31.296+0000] {dag.py:3504} INFO - Setting next_dagrun for DAG_ETL_daily_jobs to 2025-02-07T09:00:00+00:00, run_after=2025-02-08T09:00:00+00:00
[2025-02-07T11:58:31.449+0000] {processor.py:179} INFO - Processing /opt/airflow/dags/example_v2.py took 1.555 seconds
[2025-02-07T11:59:02.060+0000] {processor.py:157} INFO - Started process (PID=551) to work on /opt/airflow/dags/example_v2.py
[2025-02-07T11:59:02.068+0000] {processor.py:826} INFO - Processing file /opt/airflow/dags/example_v2.py for tasks to queue
[2025-02-07T11:59:02.087+0000] {logging_mixin.py:150} INFO - [2025-02-07T11:59:02.084+0000] {dagbag.py:541} INFO - Filling up the DagBag from /opt/airflow/dags/example_v2.py
[2025-02-07T11:59:03.245+0000] {processor.py:836} INFO - DAG(s) dict_keys(['DAG_ETL_daily_jobs']) retrieved from /opt/airflow/dags/example_v2.py
[2025-02-07T11:59:05.380+0000] {logging_mixin.py:150} INFO - [2025-02-07T11:59:05.375+0000] {dag.py:2742} INFO - Sync 1 DAGs
[2025-02-07T11:59:06.248+0000] {logging_mixin.py:150} INFO - [2025-02-07T11:59:06.244+0000] {dag.py:3504} INFO - Setting next_dagrun for DAG_ETL_daily_jobs to 2025-02-07T09:00:00+00:00, run_after=2025-02-08T09:00:00+00:00
[2025-02-07T11:59:06.466+0000] {processor.py:179} INFO - Processing /opt/airflow/dags/example_v2.py took 4.440 seconds
[2025-02-07T11:59:36.888+0000] {processor.py:157} INFO - Started process (PID=577) to work on /opt/airflow/dags/example_v2.py
[2025-02-07T11:59:36.896+0000] {processor.py:826} INFO - Processing file /opt/airflow/dags/example_v2.py for tasks to queue
[2025-02-07T11:59:36.900+0000] {logging_mixin.py:150} INFO - [2025-02-07T11:59:36.900+0000] {dagbag.py:541} INFO - Filling up the DagBag from /opt/airflow/dags/example_v2.py
[2025-02-07T11:59:37.429+0000] {processor.py:836} INFO - DAG(s) dict_keys(['DAG_ETL_daily_jobs']) retrieved from /opt/airflow/dags/example_v2.py
[2025-02-07T11:59:37.630+0000] {logging_mixin.py:150} INFO - [2025-02-07T11:59:37.629+0000] {dag.py:2742} INFO - Sync 1 DAGs
[2025-02-07T11:59:37.714+0000] {logging_mixin.py:150} INFO - [2025-02-07T11:59:37.713+0000] {dag.py:3504} INFO - Setting next_dagrun for DAG_ETL_daily_jobs to 2025-02-07T09:00:00+00:00, run_after=2025-02-08T09:00:00+00:00
[2025-02-07T11:59:37.759+0000] {processor.py:179} INFO - Processing /opt/airflow/dags/example_v2.py took 0.920 seconds
[2025-02-07T12:00:08.010+0000] {processor.py:157} INFO - Started process (PID=772) to work on /opt/airflow/dags/example_v2.py
[2025-02-07T12:00:08.013+0000] {processor.py:826} INFO - Processing file /opt/airflow/dags/example_v2.py for tasks to queue
[2025-02-07T12:00:08.016+0000] {logging_mixin.py:150} INFO - [2025-02-07T12:00:08.015+0000] {dagbag.py:541} INFO - Filling up the DagBag from /opt/airflow/dags/example_v2.py
[2025-02-07T12:00:08.076+0000] {processor.py:836} INFO - DAG(s) dict_keys(['DAG_ETL_daily_jobs']) retrieved from /opt/airflow/dags/example_v2.py
[2025-02-07T12:00:08.208+0000] {logging_mixin.py:150} INFO - [2025-02-07T12:00:08.208+0000] {dag.py:2742} INFO - Sync 1 DAGs
[2025-02-07T12:00:08.300+0000] {logging_mixin.py:150} INFO - [2025-02-07T12:00:08.299+0000] {dag.py:3504} INFO - Setting next_dagrun for DAG_ETL_daily_jobs to 2025-02-07T09:00:00+00:00, run_after=2025-02-08T09:00:00+00:00
[2025-02-07T12:00:08.348+0000] {processor.py:179} INFO - Processing /opt/airflow/dags/example_v2.py took 0.352 seconds
[2025-02-07T12:00:38.926+0000] {processor.py:157} INFO - Started process (PID=951) to work on /opt/airflow/dags/example_v2.py
[2025-02-07T12:00:38.929+0000] {processor.py:826} INFO - Processing file /opt/airflow/dags/example_v2.py for tasks to queue
[2025-02-07T12:00:38.930+0000] {logging_mixin.py:150} INFO - [2025-02-07T12:00:38.930+0000] {dagbag.py:541} INFO - Filling up the DagBag from /opt/airflow/dags/example_v2.py
[2025-02-07T12:00:38.958+0000] {processor.py:836} INFO - DAG(s) dict_keys(['DAG_ETL_daily_jobs']) retrieved from /opt/airflow/dags/example_v2.py
[2025-02-07T12:00:39.005+0000] {logging_mixin.py:150} INFO - [2025-02-07T12:00:39.005+0000] {dag.py:2742} INFO - Sync 1 DAGs
[2025-02-07T12:00:39.040+0000] {logging_mixin.py:150} INFO - [2025-02-07T12:00:39.040+0000] {dag.py:3504} INFO - Setting next_dagrun for DAG_ETL_daily_jobs to 2025-02-07T09:00:00+00:00, run_after=2025-02-08T09:00:00+00:00
[2025-02-07T12:00:39.066+0000] {processor.py:179} INFO - Processing /opt/airflow/dags/example_v2.py took 0.145 seconds
[2025-02-07T12:01:09.352+0000] {processor.py:157} INFO - Started process (PID=1070) to work on /opt/airflow/dags/example_v2.py
[2025-02-07T12:01:09.358+0000] {processor.py:826} INFO - Processing file /opt/airflow/dags/example_v2.py for tasks to queue
[2025-02-07T12:01:09.364+0000] {logging_mixin.py:150} INFO - [2025-02-07T12:01:09.363+0000] {dagbag.py:541} INFO - Filling up the DagBag from /opt/airflow/dags/example_v2.py
[2025-02-07T12:01:09.444+0000] {processor.py:836} INFO - DAG(s) dict_keys(['DAG_ETL_daily_jobs']) retrieved from /opt/airflow/dags/example_v2.py
[2025-02-07T12:01:09.603+0000] {logging_mixin.py:150} INFO - [2025-02-07T12:01:09.602+0000] {dag.py:2742} INFO - Sync 1 DAGs
[2025-02-07T12:01:09.751+0000] {logging_mixin.py:150} INFO - [2025-02-07T12:01:09.751+0000] {dag.py:3504} INFO - Setting next_dagrun for DAG_ETL_daily_jobs to 2025-02-07T09:00:00+00:00, run_after=2025-02-08T09:00:00+00:00
[2025-02-07T12:01:09.807+0000] {processor.py:179} INFO - Processing /opt/airflow/dags/example_v2.py took 0.476 seconds
[2025-02-07T12:01:40.522+0000] {processor.py:157} INFO - Started process (PID=1177) to work on /opt/airflow/dags/example_v2.py
[2025-02-07T12:01:40.545+0000] {processor.py:826} INFO - Processing file /opt/airflow/dags/example_v2.py for tasks to queue
[2025-02-07T12:01:40.557+0000] {logging_mixin.py:150} INFO - [2025-02-07T12:01:40.553+0000] {dagbag.py:541} INFO - Filling up the DagBag from /opt/airflow/dags/example_v2.py
[2025-02-07T12:01:40.726+0000] {processor.py:836} INFO - DAG(s) dict_keys(['DAG_ETL_daily_jobs']) retrieved from /opt/airflow/dags/example_v2.py
[2025-02-07T12:01:41.099+0000] {logging_mixin.py:150} INFO - [2025-02-07T12:01:41.098+0000] {dag.py:2742} INFO - Sync 1 DAGs
[2025-02-07T12:01:41.359+0000] {logging_mixin.py:150} INFO - [2025-02-07T12:01:41.354+0000] {dag.py:3504} INFO - Setting next_dagrun for DAG_ETL_daily_jobs to 2025-02-07T09:00:00+00:00, run_after=2025-02-08T09:00:00+00:00
[2025-02-07T12:01:42.127+0000] {processor.py:179} INFO - Processing /opt/airflow/dags/example_v2.py took 1.697 seconds
[2025-02-07T12:02:12.462+0000] {processor.py:157} INFO - Started process (PID=1293) to work on /opt/airflow/dags/example_v2.py
[2025-02-07T12:02:12.468+0000] {processor.py:826} INFO - Processing file /opt/airflow/dags/example_v2.py for tasks to queue
[2025-02-07T12:02:12.472+0000] {logging_mixin.py:150} INFO - [2025-02-07T12:02:12.471+0000] {dagbag.py:541} INFO - Filling up the DagBag from /opt/airflow/dags/example_v2.py
[2025-02-07T12:02:12.633+0000] {processor.py:836} INFO - DAG(s) dict_keys(['DAG_ETL_daily_jobs']) retrieved from /opt/airflow/dags/example_v2.py
[2025-02-07T12:02:12.945+0000] {logging_mixin.py:150} INFO - [2025-02-07T12:02:12.945+0000] {dag.py:2742} INFO - Sync 1 DAGs
[2025-02-07T12:02:13.118+0000] {logging_mixin.py:150} INFO - [2025-02-07T12:02:13.116+0000] {dag.py:3504} INFO - Setting next_dagrun for DAG_ETL_daily_jobs to 2025-02-07T09:00:00+00:00, run_after=2025-02-08T09:00:00+00:00
[2025-02-07T12:02:13.177+0000] {processor.py:179} INFO - Processing /opt/airflow/dags/example_v2.py took 0.742 seconds
[2025-02-07T12:02:43.412+0000] {processor.py:157} INFO - Started process (PID=1349) to work on /opt/airflow/dags/example_v2.py
[2025-02-07T12:02:43.417+0000] {processor.py:826} INFO - Processing file /opt/airflow/dags/example_v2.py for tasks to queue
[2025-02-07T12:02:43.426+0000] {logging_mixin.py:150} INFO - [2025-02-07T12:02:43.425+0000] {dagbag.py:541} INFO - Filling up the DagBag from /opt/airflow/dags/example_v2.py
[2025-02-07T12:02:43.821+0000] {processor.py:836} INFO - DAG(s) dict_keys(['DAG_ETL_daily_jobs']) retrieved from /opt/airflow/dags/example_v2.py
[2025-02-07T12:02:44.197+0000] {logging_mixin.py:150} INFO - [2025-02-07T12:02:44.196+0000] {dag.py:2742} INFO - Sync 1 DAGs
[2025-02-07T12:02:44.405+0000] {logging_mixin.py:150} INFO - [2025-02-07T12:02:44.405+0000] {dag.py:3504} INFO - Setting next_dagrun for DAG_ETL_daily_jobs to 2025-02-07T09:00:00+00:00, run_after=2025-02-08T09:00:00+00:00
[2025-02-07T12:02:44.476+0000] {processor.py:179} INFO - Processing /opt/airflow/dags/example_v2.py took 1.073 seconds
[2025-02-07T12:03:15.210+0000] {processor.py:157} INFO - Started process (PID=1586) to work on /opt/airflow/dags/example_v2.py
[2025-02-07T12:03:15.213+0000] {processor.py:826} INFO - Processing file /opt/airflow/dags/example_v2.py for tasks to queue
[2025-02-07T12:03:15.216+0000] {logging_mixin.py:150} INFO - [2025-02-07T12:03:15.216+0000] {dagbag.py:541} INFO - Filling up the DagBag from /opt/airflow/dags/example_v2.py
[2025-02-07T12:03:15.280+0000] {processor.py:836} INFO - DAG(s) dict_keys(['DAG_ETL_daily_jobs']) retrieved from /opt/airflow/dags/example_v2.py
[2025-02-07T12:03:15.392+0000] {logging_mixin.py:150} INFO - [2025-02-07T12:03:15.391+0000] {dag.py:2742} INFO - Sync 1 DAGs
[2025-02-07T12:03:15.452+0000] {logging_mixin.py:150} INFO - [2025-02-07T12:03:15.452+0000] {dag.py:3504} INFO - Setting next_dagrun for DAG_ETL_daily_jobs to 2025-02-07T09:00:00+00:00, run_after=2025-02-08T09:00:00+00:00
[2025-02-07T12:03:15.531+0000] {processor.py:179} INFO - Processing /opt/airflow/dags/example_v2.py took 0.329 seconds
[2025-02-07T12:03:45.999+0000] {processor.py:157} INFO - Started process (PID=1597) to work on /opt/airflow/dags/example_v2.py
[2025-02-07T12:03:46.002+0000] {processor.py:826} INFO - Processing file /opt/airflow/dags/example_v2.py for tasks to queue
[2025-02-07T12:03:46.004+0000] {logging_mixin.py:150} INFO - [2025-02-07T12:03:46.003+0000] {dagbag.py:541} INFO - Filling up the DagBag from /opt/airflow/dags/example_v2.py
[2025-02-07T12:03:46.044+0000] {processor.py:836} INFO - DAG(s) dict_keys(['DAG_ETL_daily_jobs']) retrieved from /opt/airflow/dags/example_v2.py
[2025-02-07T12:03:46.110+0000] {logging_mixin.py:150} INFO - [2025-02-07T12:03:46.109+0000] {dag.py:2742} INFO - Sync 1 DAGs
[2025-02-07T12:03:46.175+0000] {logging_mixin.py:150} INFO - [2025-02-07T12:03:46.175+0000] {dag.py:3504} INFO - Setting next_dagrun for DAG_ETL_daily_jobs to 2025-02-07T09:00:00+00:00, run_after=2025-02-08T09:00:00+00:00
[2025-02-07T12:03:46.207+0000] {processor.py:179} INFO - Processing /opt/airflow/dags/example_v2.py took 0.217 seconds
[2025-02-07T12:04:16.760+0000] {processor.py:157} INFO - Started process (PID=1608) to work on /opt/airflow/dags/example_v2.py
[2025-02-07T12:04:16.762+0000] {processor.py:826} INFO - Processing file /opt/airflow/dags/example_v2.py for tasks to queue
[2025-02-07T12:04:16.763+0000] {logging_mixin.py:150} INFO - [2025-02-07T12:04:16.763+0000] {dagbag.py:541} INFO - Filling up the DagBag from /opt/airflow/dags/example_v2.py
[2025-02-07T12:04:16.792+0000] {processor.py:836} INFO - DAG(s) dict_keys(['DAG_ETL_daily_jobs']) retrieved from /opt/airflow/dags/example_v2.py
[2025-02-07T12:04:16.865+0000] {logging_mixin.py:150} INFO - [2025-02-07T12:04:16.865+0000] {dag.py:2742} INFO - Sync 1 DAGs
[2025-02-07T12:04:16.907+0000] {logging_mixin.py:150} INFO - [2025-02-07T12:04:16.907+0000] {dag.py:3504} INFO - Setting next_dagrun for DAG_ETL_daily_jobs to 2025-02-07T09:00:00+00:00, run_after=2025-02-08T09:00:00+00:00
[2025-02-07T12:04:16.931+0000] {processor.py:179} INFO - Processing /opt/airflow/dags/example_v2.py took 0.177 seconds
[2025-02-07T12:04:47.194+0000] {processor.py:157} INFO - Started process (PID=1619) to work on /opt/airflow/dags/example_v2.py
[2025-02-07T12:04:47.196+0000] {processor.py:826} INFO - Processing file /opt/airflow/dags/example_v2.py for tasks to queue
[2025-02-07T12:04:47.198+0000] {logging_mixin.py:150} INFO - [2025-02-07T12:04:47.197+0000] {dagbag.py:541} INFO - Filling up the DagBag from /opt/airflow/dags/example_v2.py
[2025-02-07T12:04:47.234+0000] {processor.py:836} INFO - DAG(s) dict_keys(['DAG_ETL_daily_jobs']) retrieved from /opt/airflow/dags/example_v2.py
[2025-02-07T12:04:47.332+0000] {logging_mixin.py:150} INFO - [2025-02-07T12:04:47.332+0000] {dag.py:2742} INFO - Sync 1 DAGs
[2025-02-07T12:04:47.371+0000] {logging_mixin.py:150} INFO - [2025-02-07T12:04:47.370+0000] {dag.py:3504} INFO - Setting next_dagrun for DAG_ETL_daily_jobs to 2025-02-07T09:00:00+00:00, run_after=2025-02-08T09:00:00+00:00
[2025-02-07T12:04:47.402+0000] {processor.py:179} INFO - Processing /opt/airflow/dags/example_v2.py took 0.214 seconds
[2025-02-07T12:05:18.092+0000] {processor.py:157} INFO - Started process (PID=1630) to work on /opt/airflow/dags/example_v2.py
[2025-02-07T12:05:18.094+0000] {processor.py:826} INFO - Processing file /opt/airflow/dags/example_v2.py for tasks to queue
[2025-02-07T12:05:18.096+0000] {logging_mixin.py:150} INFO - [2025-02-07T12:05:18.095+0000] {dagbag.py:541} INFO - Filling up the DagBag from /opt/airflow/dags/example_v2.py
[2025-02-07T12:05:18.129+0000] {processor.py:836} INFO - DAG(s) dict_keys(['DAG_ETL_daily_jobs']) retrieved from /opt/airflow/dags/example_v2.py
[2025-02-07T12:05:18.176+0000] {logging_mixin.py:150} INFO - [2025-02-07T12:05:18.175+0000] {dag.py:2742} INFO - Sync 1 DAGs
[2025-02-07T12:05:18.221+0000] {logging_mixin.py:150} INFO - [2025-02-07T12:05:18.220+0000] {dag.py:3504} INFO - Setting next_dagrun for DAG_ETL_daily_jobs to 2025-02-07T09:00:00+00:00, run_after=2025-02-08T09:00:00+00:00
[2025-02-07T12:05:18.253+0000] {processor.py:179} INFO - Processing /opt/airflow/dags/example_v2.py took 0.165 seconds
[2025-02-07T12:05:48.910+0000] {processor.py:157} INFO - Started process (PID=1641) to work on /opt/airflow/dags/example_v2.py
[2025-02-07T12:05:48.912+0000] {processor.py:826} INFO - Processing file /opt/airflow/dags/example_v2.py for tasks to queue
[2025-02-07T12:05:48.914+0000] {logging_mixin.py:150} INFO - [2025-02-07T12:05:48.913+0000] {dagbag.py:541} INFO - Filling up the DagBag from /opt/airflow/dags/example_v2.py
[2025-02-07T12:05:48.941+0000] {processor.py:836} INFO - DAG(s) dict_keys(['DAG_ETL_daily_jobs']) retrieved from /opt/airflow/dags/example_v2.py
[2025-02-07T12:05:48.990+0000] {logging_mixin.py:150} INFO - [2025-02-07T12:05:48.989+0000] {dag.py:2742} INFO - Sync 1 DAGs
[2025-02-07T12:05:49.045+0000] {logging_mixin.py:150} INFO - [2025-02-07T12:05:49.045+0000] {dag.py:3504} INFO - Setting next_dagrun for DAG_ETL_daily_jobs to 2025-02-07T09:00:00+00:00, run_after=2025-02-08T09:00:00+00:00
[2025-02-07T12:05:49.075+0000] {processor.py:179} INFO - Processing /opt/airflow/dags/example_v2.py took 0.170 seconds
[2025-02-07T12:06:19.804+0000] {processor.py:157} INFO - Started process (PID=1652) to work on /opt/airflow/dags/example_v2.py
[2025-02-07T12:06:19.807+0000] {processor.py:826} INFO - Processing file /opt/airflow/dags/example_v2.py for tasks to queue
[2025-02-07T12:06:19.809+0000] {logging_mixin.py:150} INFO - [2025-02-07T12:06:19.808+0000] {dagbag.py:541} INFO - Filling up the DagBag from /opt/airflow/dags/example_v2.py
[2025-02-07T12:06:19.840+0000] {processor.py:836} INFO - DAG(s) dict_keys(['DAG_ETL_daily_jobs']) retrieved from /opt/airflow/dags/example_v2.py
[2025-02-07T12:06:19.954+0000] {logging_mixin.py:150} INFO - [2025-02-07T12:06:19.954+0000] {dag.py:2742} INFO - Sync 1 DAGs
[2025-02-07T12:06:20.012+0000] {logging_mixin.py:150} INFO - [2025-02-07T12:06:20.012+0000] {dag.py:3504} INFO - Setting next_dagrun for DAG_ETL_daily_jobs to 2025-02-07T09:00:00+00:00, run_after=2025-02-08T09:00:00+00:00
[2025-02-07T12:06:20.043+0000] {processor.py:179} INFO - Processing /opt/airflow/dags/example_v2.py took 0.244 seconds
[2025-02-07T12:06:50.777+0000] {processor.py:157} INFO - Started process (PID=1663) to work on /opt/airflow/dags/example_v2.py
[2025-02-07T12:06:50.779+0000] {processor.py:826} INFO - Processing file /opt/airflow/dags/example_v2.py for tasks to queue
[2025-02-07T12:06:50.780+0000] {logging_mixin.py:150} INFO - [2025-02-07T12:06:50.779+0000] {dagbag.py:541} INFO - Filling up the DagBag from /opt/airflow/dags/example_v2.py
[2025-02-07T12:06:50.808+0000] {processor.py:836} INFO - DAG(s) dict_keys(['DAG_ETL_daily_jobs']) retrieved from /opt/airflow/dags/example_v2.py
[2025-02-07T12:06:50.849+0000] {logging_mixin.py:150} INFO - [2025-02-07T12:06:50.848+0000] {dag.py:2742} INFO - Sync 1 DAGs
[2025-02-07T12:06:50.894+0000] {logging_mixin.py:150} INFO - [2025-02-07T12:06:50.894+0000] {dag.py:3504} INFO - Setting next_dagrun for DAG_ETL_daily_jobs to 2025-02-07T09:00:00+00:00, run_after=2025-02-08T09:00:00+00:00
[2025-02-07T12:06:50.915+0000] {processor.py:179} INFO - Processing /opt/airflow/dags/example_v2.py took 0.144 seconds
[2025-02-07T12:07:21.590+0000] {processor.py:157} INFO - Started process (PID=1674) to work on /opt/airflow/dags/example_v2.py
[2025-02-07T12:07:21.592+0000] {processor.py:826} INFO - Processing file /opt/airflow/dags/example_v2.py for tasks to queue
[2025-02-07T12:07:21.593+0000] {logging_mixin.py:150} INFO - [2025-02-07T12:07:21.593+0000] {dagbag.py:541} INFO - Filling up the DagBag from /opt/airflow/dags/example_v2.py
[2025-02-07T12:07:21.618+0000] {processor.py:836} INFO - DAG(s) dict_keys(['DAG_ETL_daily_jobs']) retrieved from /opt/airflow/dags/example_v2.py
[2025-02-07T12:07:21.674+0000] {logging_mixin.py:150} INFO - [2025-02-07T12:07:21.674+0000] {dag.py:2742} INFO - Sync 1 DAGs
[2025-02-07T12:07:21.720+0000] {logging_mixin.py:150} INFO - [2025-02-07T12:07:21.720+0000] {dag.py:3504} INFO - Setting next_dagrun for DAG_ETL_daily_jobs to 2025-02-07T09:00:00+00:00, run_after=2025-02-08T09:00:00+00:00
[2025-02-07T12:07:21.752+0000] {processor.py:179} INFO - Processing /opt/airflow/dags/example_v2.py took 0.167 seconds
[2025-02-07T12:07:52.533+0000] {processor.py:157} INFO - Started process (PID=1685) to work on /opt/airflow/dags/example_v2.py
[2025-02-07T12:07:52.535+0000] {processor.py:826} INFO - Processing file /opt/airflow/dags/example_v2.py for tasks to queue
[2025-02-07T12:07:52.536+0000] {logging_mixin.py:150} INFO - [2025-02-07T12:07:52.536+0000] {dagbag.py:541} INFO - Filling up the DagBag from /opt/airflow/dags/example_v2.py
[2025-02-07T12:07:52.565+0000] {processor.py:836} INFO - DAG(s) dict_keys(['DAG_ETL_daily_jobs']) retrieved from /opt/airflow/dags/example_v2.py
[2025-02-07T12:07:52.606+0000] {logging_mixin.py:150} INFO - [2025-02-07T12:07:52.606+0000] {dag.py:2742} INFO - Sync 1 DAGs
[2025-02-07T12:07:52.637+0000] {logging_mixin.py:150} INFO - [2025-02-07T12:07:52.636+0000] {dag.py:3504} INFO - Setting next_dagrun for DAG_ETL_daily_jobs to 2025-02-07T09:00:00+00:00, run_after=2025-02-08T09:00:00+00:00
[2025-02-07T12:07:52.674+0000] {processor.py:179} INFO - Processing /opt/airflow/dags/example_v2.py took 0.147 seconds
[2025-02-07T12:08:23.332+0000] {processor.py:157} INFO - Started process (PID=1696) to work on /opt/airflow/dags/example_v2.py
[2025-02-07T12:08:23.338+0000] {processor.py:826} INFO - Processing file /opt/airflow/dags/example_v2.py for tasks to queue
[2025-02-07T12:08:23.343+0000] {logging_mixin.py:150} INFO - [2025-02-07T12:08:23.341+0000] {dagbag.py:541} INFO - Filling up the DagBag from /opt/airflow/dags/example_v2.py
[2025-02-07T12:08:23.387+0000] {processor.py:836} INFO - DAG(s) dict_keys(['DAG_ETL_daily_jobs']) retrieved from /opt/airflow/dags/example_v2.py
[2025-02-07T12:08:23.460+0000] {logging_mixin.py:150} INFO - [2025-02-07T12:08:23.459+0000] {dag.py:2742} INFO - Sync 1 DAGs
[2025-02-07T12:08:23.530+0000] {logging_mixin.py:150} INFO - [2025-02-07T12:08:23.529+0000] {dag.py:3504} INFO - Setting next_dagrun for DAG_ETL_daily_jobs to 2025-02-07T09:00:00+00:00, run_after=2025-02-08T09:00:00+00:00
[2025-02-07T12:08:23.552+0000] {processor.py:179} INFO - Processing /opt/airflow/dags/example_v2.py took 0.226 seconds
[2025-02-07T12:08:53.605+0000] {processor.py:157} INFO - Started process (PID=1707) to work on /opt/airflow/dags/example_v2.py
[2025-02-07T12:08:53.608+0000] {processor.py:826} INFO - Processing file /opt/airflow/dags/example_v2.py for tasks to queue
[2025-02-07T12:08:53.610+0000] {logging_mixin.py:150} INFO - [2025-02-07T12:08:53.609+0000] {dagbag.py:541} INFO - Filling up the DagBag from /opt/airflow/dags/example_v2.py
[2025-02-07T12:08:53.642+0000] {processor.py:836} INFO - DAG(s) dict_keys(['DAG_ETL_daily_jobs']) retrieved from /opt/airflow/dags/example_v2.py
[2025-02-07T12:08:53.738+0000] {logging_mixin.py:150} INFO - [2025-02-07T12:08:53.738+0000] {dag.py:2742} INFO - Sync 1 DAGs
[2025-02-07T12:08:53.794+0000] {logging_mixin.py:150} INFO - [2025-02-07T12:08:53.793+0000] {dag.py:3504} INFO - Setting next_dagrun for DAG_ETL_daily_jobs to 2025-02-07T09:00:00+00:00, run_after=2025-02-08T09:00:00+00:00
[2025-02-07T12:08:53.827+0000] {processor.py:179} INFO - Processing /opt/airflow/dags/example_v2.py took 0.228 seconds
[2025-02-07T12:09:23.879+0000] {processor.py:157} INFO - Started process (PID=1718) to work on /opt/airflow/dags/example_v2.py
[2025-02-07T12:09:23.881+0000] {processor.py:826} INFO - Processing file /opt/airflow/dags/example_v2.py for tasks to queue
[2025-02-07T12:09:23.884+0000] {logging_mixin.py:150} INFO - [2025-02-07T12:09:23.883+0000] {dagbag.py:541} INFO - Filling up the DagBag from /opt/airflow/dags/example_v2.py
[2025-02-07T12:09:23.959+0000] {processor.py:836} INFO - DAG(s) dict_keys(['DAG_ETL_daily_jobs']) retrieved from /opt/airflow/dags/example_v2.py
[2025-02-07T12:09:24.089+0000] {logging_mixin.py:150} INFO - [2025-02-07T12:09:24.089+0000] {dag.py:2742} INFO - Sync 1 DAGs
[2025-02-07T12:09:24.240+0000] {logging_mixin.py:150} INFO - [2025-02-07T12:09:24.239+0000] {dag.py:3504} INFO - Setting next_dagrun for DAG_ETL_daily_jobs to 2025-02-07T09:00:00+00:00, run_after=2025-02-08T09:00:00+00:00
[2025-02-07T12:09:24.290+0000] {processor.py:179} INFO - Processing /opt/airflow/dags/example_v2.py took 0.420 seconds
[2025-02-07T12:09:54.500+0000] {processor.py:157} INFO - Started process (PID=1730) to work on /opt/airflow/dags/example_v2.py
[2025-02-07T12:09:54.503+0000] {processor.py:826} INFO - Processing file /opt/airflow/dags/example_v2.py for tasks to queue
[2025-02-07T12:09:54.506+0000] {logging_mixin.py:150} INFO - [2025-02-07T12:09:54.504+0000] {dagbag.py:541} INFO - Filling up the DagBag from /opt/airflow/dags/example_v2.py
[2025-02-07T12:09:54.634+0000] {processor.py:836} INFO - DAG(s) dict_keys(['DAG_ETL_daily_jobs']) retrieved from /opt/airflow/dags/example_v2.py
[2025-02-07T12:09:55.029+0000] {logging_mixin.py:150} INFO - [2025-02-07T12:09:55.018+0000] {dag.py:2742} INFO - Sync 1 DAGs
[2025-02-07T12:09:55.720+0000] {logging_mixin.py:150} INFO - [2025-02-07T12:09:55.719+0000] {dag.py:3504} INFO - Setting next_dagrun for DAG_ETL_daily_jobs to 2025-02-07T09:00:00+00:00, run_after=2025-02-08T09:00:00+00:00
[2025-02-07T12:09:55.994+0000] {processor.py:179} INFO - Processing /opt/airflow/dags/example_v2.py took 1.496 seconds
[2025-02-07T12:10:26.243+0000] {processor.py:157} INFO - Started process (PID=1741) to work on /opt/airflow/dags/example_v2.py
[2025-02-07T12:10:26.245+0000] {processor.py:826} INFO - Processing file /opt/airflow/dags/example_v2.py for tasks to queue
[2025-02-07T12:10:26.247+0000] {logging_mixin.py:150} INFO - [2025-02-07T12:10:26.246+0000] {dagbag.py:541} INFO - Filling up the DagBag from /opt/airflow/dags/example_v2.py
[2025-02-07T12:10:26.271+0000] {processor.py:836} INFO - DAG(s) dict_keys(['DAG_ETL_daily_jobs']) retrieved from /opt/airflow/dags/example_v2.py
[2025-02-07T12:10:26.334+0000] {logging_mixin.py:150} INFO - [2025-02-07T12:10:26.334+0000] {dag.py:2742} INFO - Sync 1 DAGs
[2025-02-07T12:10:26.432+0000] {logging_mixin.py:150} INFO - [2025-02-07T12:10:26.431+0000] {dag.py:3504} INFO - Setting next_dagrun for DAG_ETL_daily_jobs to 2025-02-07T09:00:00+00:00, run_after=2025-02-08T09:00:00+00:00
[2025-02-07T12:10:26.475+0000] {processor.py:179} INFO - Processing /opt/airflow/dags/example_v2.py took 0.237 seconds
[2025-02-07T12:10:57.296+0000] {processor.py:157} INFO - Started process (PID=1752) to work on /opt/airflow/dags/example_v2.py
[2025-02-07T12:10:57.298+0000] {processor.py:826} INFO - Processing file /opt/airflow/dags/example_v2.py for tasks to queue
[2025-02-07T12:10:57.299+0000] {logging_mixin.py:150} INFO - [2025-02-07T12:10:57.299+0000] {dagbag.py:541} INFO - Filling up the DagBag from /opt/airflow/dags/example_v2.py
[2025-02-07T12:10:57.321+0000] {processor.py:836} INFO - DAG(s) dict_keys(['DAG_ETL_daily_jobs']) retrieved from /opt/airflow/dags/example_v2.py
[2025-02-07T12:10:57.364+0000] {logging_mixin.py:150} INFO - [2025-02-07T12:10:57.364+0000] {dag.py:2742} INFO - Sync 1 DAGs
[2025-02-07T12:10:57.397+0000] {logging_mixin.py:150} INFO - [2025-02-07T12:10:57.397+0000] {dag.py:3504} INFO - Setting next_dagrun for DAG_ETL_daily_jobs to 2025-02-07T09:00:00+00:00, run_after=2025-02-08T09:00:00+00:00
[2025-02-07T12:10:57.419+0000] {processor.py:179} INFO - Processing /opt/airflow/dags/example_v2.py took 0.128 seconds
[2025-02-07T12:11:28.290+0000] {processor.py:157} INFO - Started process (PID=1763) to work on /opt/airflow/dags/example_v2.py
[2025-02-07T12:11:28.291+0000] {processor.py:826} INFO - Processing file /opt/airflow/dags/example_v2.py for tasks to queue
[2025-02-07T12:11:28.293+0000] {logging_mixin.py:150} INFO - [2025-02-07T12:11:28.292+0000] {dagbag.py:541} INFO - Filling up the DagBag from /opt/airflow/dags/example_v2.py
[2025-02-07T12:11:28.316+0000] {processor.py:836} INFO - DAG(s) dict_keys(['DAG_ETL_daily_jobs']) retrieved from /opt/airflow/dags/example_v2.py
[2025-02-07T12:11:28.384+0000] {logging_mixin.py:150} INFO - [2025-02-07T12:11:28.384+0000] {dag.py:2742} INFO - Sync 1 DAGs
[2025-02-07T12:11:28.556+0000] {logging_mixin.py:150} INFO - [2025-02-07T12:11:28.555+0000] {dag.py:3504} INFO - Setting next_dagrun for DAG_ETL_daily_jobs to 2025-02-07T09:00:00+00:00, run_after=2025-02-08T09:00:00+00:00
[2025-02-07T12:11:28.620+0000] {processor.py:179} INFO - Processing /opt/airflow/dags/example_v2.py took 0.335 seconds
[2025-02-07T12:11:59.366+0000] {processor.py:157} INFO - Started process (PID=1774) to work on /opt/airflow/dags/example_v2.py
[2025-02-07T12:11:59.368+0000] {processor.py:826} INFO - Processing file /opt/airflow/dags/example_v2.py for tasks to queue
[2025-02-07T12:11:59.370+0000] {logging_mixin.py:150} INFO - [2025-02-07T12:11:59.369+0000] {dagbag.py:541} INFO - Filling up the DagBag from /opt/airflow/dags/example_v2.py
[2025-02-07T12:11:59.395+0000] {processor.py:836} INFO - DAG(s) dict_keys(['DAG_ETL_daily_jobs']) retrieved from /opt/airflow/dags/example_v2.py
[2025-02-07T12:11:59.446+0000] {logging_mixin.py:150} INFO - [2025-02-07T12:11:59.446+0000] {dag.py:2742} INFO - Sync 1 DAGs
[2025-02-07T12:11:59.501+0000] {logging_mixin.py:150} INFO - [2025-02-07T12:11:59.501+0000] {dag.py:3504} INFO - Setting next_dagrun for DAG_ETL_daily_jobs to 2025-02-07T09:00:00+00:00, run_after=2025-02-08T09:00:00+00:00
[2025-02-07T12:11:59.525+0000] {processor.py:179} INFO - Processing /opt/airflow/dags/example_v2.py took 0.164 seconds
[2025-02-07T12:12:30.143+0000] {processor.py:157} INFO - Started process (PID=1785) to work on /opt/airflow/dags/example_v2.py
[2025-02-07T12:12:30.145+0000] {processor.py:826} INFO - Processing file /opt/airflow/dags/example_v2.py for tasks to queue
[2025-02-07T12:12:30.146+0000] {logging_mixin.py:150} INFO - [2025-02-07T12:12:30.145+0000] {dagbag.py:541} INFO - Filling up the DagBag from /opt/airflow/dags/example_v2.py
[2025-02-07T12:12:30.168+0000] {processor.py:836} INFO - DAG(s) dict_keys(['DAG_ETL_daily_jobs']) retrieved from /opt/airflow/dags/example_v2.py
[2025-02-07T12:12:30.206+0000] {logging_mixin.py:150} INFO - [2025-02-07T12:12:30.206+0000] {dag.py:2742} INFO - Sync 1 DAGs
[2025-02-07T12:12:30.272+0000] {logging_mixin.py:150} INFO - [2025-02-07T12:12:30.272+0000] {dag.py:3504} INFO - Setting next_dagrun for DAG_ETL_daily_jobs to 2025-02-07T09:00:00+00:00, run_after=2025-02-08T09:00:00+00:00
[2025-02-07T12:12:30.296+0000] {processor.py:179} INFO - Processing /opt/airflow/dags/example_v2.py took 0.158 seconds
[2025-02-07T12:13:01.080+0000] {processor.py:157} INFO - Started process (PID=1796) to work on /opt/airflow/dags/example_v2.py
[2025-02-07T12:13:01.082+0000] {processor.py:826} INFO - Processing file /opt/airflow/dags/example_v2.py for tasks to queue
[2025-02-07T12:13:01.083+0000] {logging_mixin.py:150} INFO - [2025-02-07T12:13:01.083+0000] {dagbag.py:541} INFO - Filling up the DagBag from /opt/airflow/dags/example_v2.py
[2025-02-07T12:13:01.110+0000] {processor.py:836} INFO - DAG(s) dict_keys(['DAG_ETL_daily_jobs']) retrieved from /opt/airflow/dags/example_v2.py
[2025-02-07T12:13:01.153+0000] {logging_mixin.py:150} INFO - [2025-02-07T12:13:01.152+0000] {dag.py:2742} INFO - Sync 1 DAGs
[2025-02-07T12:13:01.232+0000] {logging_mixin.py:150} INFO - [2025-02-07T12:13:01.232+0000] {dag.py:3504} INFO - Setting next_dagrun for DAG_ETL_daily_jobs to 2025-02-07T09:00:00+00:00, run_after=2025-02-08T09:00:00+00:00
[2025-02-07T12:13:01.255+0000] {processor.py:179} INFO - Processing /opt/airflow/dags/example_v2.py took 0.182 seconds
[2025-02-07T12:13:31.953+0000] {processor.py:157} INFO - Started process (PID=1807) to work on /opt/airflow/dags/example_v2.py
[2025-02-07T12:13:31.954+0000] {processor.py:826} INFO - Processing file /opt/airflow/dags/example_v2.py for tasks to queue
[2025-02-07T12:13:31.956+0000] {logging_mixin.py:150} INFO - [2025-02-07T12:13:31.955+0000] {dagbag.py:541} INFO - Filling up the DagBag from /opt/airflow/dags/example_v2.py
[2025-02-07T12:13:31.978+0000] {processor.py:836} INFO - DAG(s) dict_keys(['DAG_ETL_daily_jobs']) retrieved from /opt/airflow/dags/example_v2.py
[2025-02-07T12:13:32.152+0000] {logging_mixin.py:150} INFO - [2025-02-07T12:13:32.152+0000] {dag.py:2742} INFO - Sync 1 DAGs
[2025-02-07T12:13:32.191+0000] {logging_mixin.py:150} INFO - [2025-02-07T12:13:32.191+0000] {dag.py:3504} INFO - Setting next_dagrun for DAG_ETL_daily_jobs to 2025-02-07T09:00:00+00:00, run_after=2025-02-08T09:00:00+00:00
[2025-02-07T12:13:32.256+0000] {processor.py:179} INFO - Processing /opt/airflow/dags/example_v2.py took 0.307 seconds
[2025-02-07T12:19:03.711+0000] {processor.py:157} INFO - Started process (PID=1814) to work on /opt/airflow/dags/example_v2.py
[2025-02-07T12:19:03.729+0000] {processor.py:826} INFO - Processing file /opt/airflow/dags/example_v2.py for tasks to queue
[2025-02-07T12:19:03.743+0000] {logging_mixin.py:150} INFO - [2025-02-07T12:19:03.737+0000] {dagbag.py:541} INFO - Filling up the DagBag from /opt/airflow/dags/example_v2.py
[2025-02-07T12:19:04.018+0000] {processor.py:836} INFO - DAG(s) dict_keys(['DAG_ETL_daily_jobs']) retrieved from /opt/airflow/dags/example_v2.py
[2025-02-07T12:19:04.668+0000] {logging_mixin.py:150} INFO - [2025-02-07T12:19:04.663+0000] {dag.py:2742} INFO - Sync 1 DAGs
[2025-02-07T12:19:04.788+0000] {logging_mixin.py:150} INFO - [2025-02-07T12:19:04.788+0000] {dag.py:3504} INFO - Setting next_dagrun for DAG_ETL_daily_jobs to 2025-02-07T09:00:00+00:00, run_after=2025-02-08T09:00:00+00:00
[2025-02-07T12:19:04.866+0000] {processor.py:179} INFO - Processing /opt/airflow/dags/example_v2.py took 1.244 seconds
[2025-02-07T12:19:36.257+0000] {processor.py:157} INFO - Started process (PID=1826) to work on /opt/airflow/dags/example_v2.py
[2025-02-07T12:19:36.311+0000] {processor.py:826} INFO - Processing file /opt/airflow/dags/example_v2.py for tasks to queue
[2025-02-07T12:19:36.375+0000] {logging_mixin.py:150} INFO - [2025-02-07T12:19:36.370+0000] {dagbag.py:541} INFO - Filling up the DagBag from /opt/airflow/dags/example_v2.py
[2025-02-07T12:19:36.868+0000] {processor.py:836} INFO - DAG(s) dict_keys(['DAG_ETL_daily_jobs']) retrieved from /opt/airflow/dags/example_v2.py
[2025-02-07T12:19:38.540+0000] {logging_mixin.py:150} INFO - [2025-02-07T12:19:38.537+0000] {dag.py:2742} INFO - Sync 1 DAGs
[2025-02-07T12:19:39.652+0000] {logging_mixin.py:150} INFO - [2025-02-07T12:19:39.641+0000] {dag.py:3504} INFO - Setting next_dagrun for DAG_ETL_daily_jobs to 2025-02-07T09:00:00+00:00, run_after=2025-02-08T09:00:00+00:00
[2025-02-07T12:19:40.199+0000] {processor.py:179} INFO - Processing /opt/airflow/dags/example_v2.py took 4.165 seconds
[2025-02-07T12:43:52.749+0000] {processor.py:157} INFO - Started process (PID=1836) to work on /opt/airflow/dags/example_v2.py
[2025-02-07T12:43:52.849+0000] {processor.py:826} INFO - Processing file /opt/airflow/dags/example_v2.py for tasks to queue
[2025-02-07T12:43:52.899+0000] {logging_mixin.py:150} INFO - [2025-02-07T12:43:52.898+0000] {dagbag.py:541} INFO - Filling up the DagBag from /opt/airflow/dags/example_v2.py
[2025-02-07T12:43:53.387+0000] {processor.py:836} INFO - DAG(s) dict_keys(['DAG_ETL_daily_jobs']) retrieved from /opt/airflow/dags/example_v2.py
[2025-02-07T12:43:53.722+0000] {logging_mixin.py:150} INFO - [2025-02-07T12:43:53.718+0000] {dag.py:2742} INFO - Sync 1 DAGs
[2025-02-07T12:43:53.920+0000] {logging_mixin.py:150} INFO - [2025-02-07T12:43:53.919+0000] {dag.py:3504} INFO - Setting next_dagrun for DAG_ETL_daily_jobs to 2025-02-07T09:00:00+00:00, run_after=2025-02-08T09:00:00+00:00
[2025-02-07T12:43:54.068+0000] {processor.py:179} INFO - Processing /opt/airflow/dags/example_v2.py took 1.460 seconds
[2025-02-07T12:44:24.760+0000] {processor.py:157} INFO - Started process (PID=1848) to work on /opt/airflow/dags/example_v2.py
[2025-02-07T12:44:24.781+0000] {processor.py:826} INFO - Processing file /opt/airflow/dags/example_v2.py for tasks to queue
[2025-02-07T12:44:24.819+0000] {logging_mixin.py:150} INFO - [2025-02-07T12:44:24.814+0000] {dagbag.py:541} INFO - Filling up the DagBag from /opt/airflow/dags/example_v2.py
[2025-02-07T12:44:25.037+0000] {processor.py:836} INFO - DAG(s) dict_keys(['DAG_ETL_daily_jobs']) retrieved from /opt/airflow/dags/example_v2.py
[2025-02-07T12:44:26.259+0000] {logging_mixin.py:150} INFO - [2025-02-07T12:44:26.255+0000] {dag.py:2742} INFO - Sync 1 DAGs
[2025-02-07T12:44:27.324+0000] {logging_mixin.py:150} INFO - [2025-02-07T12:44:27.318+0000] {dag.py:3504} INFO - Setting next_dagrun for DAG_ETL_daily_jobs to 2025-02-07T09:00:00+00:00, run_after=2025-02-08T09:00:00+00:00
[2025-02-07T12:44:27.927+0000] {processor.py:179} INFO - Processing /opt/airflow/dags/example_v2.py took 3.314 seconds
[2025-02-07T12:44:58.551+0000] {processor.py:157} INFO - Started process (PID=1858) to work on /opt/airflow/dags/example_v2.py
[2025-02-07T12:44:58.568+0000] {processor.py:826} INFO - Processing file /opt/airflow/dags/example_v2.py for tasks to queue
[2025-02-07T12:44:58.582+0000] {logging_mixin.py:150} INFO - [2025-02-07T12:44:58.578+0000] {dagbag.py:541} INFO - Filling up the DagBag from /opt/airflow/dags/example_v2.py
[2025-02-07T12:44:58.727+0000] {processor.py:836} INFO - DAG(s) dict_keys(['DAG_ETL_daily_jobs']) retrieved from /opt/airflow/dags/example_v2.py
[2025-02-07T12:44:59.417+0000] {logging_mixin.py:150} INFO - [2025-02-07T12:44:59.416+0000] {dag.py:2742} INFO - Sync 1 DAGs
[2025-02-07T12:44:59.615+0000] {logging_mixin.py:150} INFO - [2025-02-07T12:44:59.614+0000] {dag.py:3504} INFO - Setting next_dagrun for DAG_ETL_daily_jobs to 2025-02-07T09:00:00+00:00, run_after=2025-02-08T09:00:00+00:00
[2025-02-07T12:44:59.717+0000] {processor.py:179} INFO - Processing /opt/airflow/dags/example_v2.py took 1.241 seconds
[2025-02-07T12:45:30.049+0000] {processor.py:157} INFO - Started process (PID=1869) to work on /opt/airflow/dags/example_v2.py
[2025-02-07T12:45:30.052+0000] {processor.py:826} INFO - Processing file /opt/airflow/dags/example_v2.py for tasks to queue
[2025-02-07T12:45:30.054+0000] {logging_mixin.py:150} INFO - [2025-02-07T12:45:30.054+0000] {dagbag.py:541} INFO - Filling up the DagBag from /opt/airflow/dags/example_v2.py
[2025-02-07T12:45:30.076+0000] {processor.py:836} INFO - DAG(s) dict_keys(['DAG_ETL_daily_jobs']) retrieved from /opt/airflow/dags/example_v2.py
[2025-02-07T12:45:30.157+0000] {logging_mixin.py:150} INFO - [2025-02-07T12:45:30.157+0000] {dag.py:2742} INFO - Sync 1 DAGs
[2025-02-07T12:45:30.209+0000] {logging_mixin.py:150} INFO - [2025-02-07T12:45:30.208+0000] {dag.py:3504} INFO - Setting next_dagrun for DAG_ETL_daily_jobs to 2025-02-07T09:00:00+00:00, run_after=2025-02-08T09:00:00+00:00
[2025-02-07T12:45:30.243+0000] {processor.py:179} INFO - Processing /opt/airflow/dags/example_v2.py took 0.202 seconds
[2025-02-07T12:46:00.467+0000] {processor.py:157} INFO - Started process (PID=1880) to work on /opt/airflow/dags/example_v2.py
[2025-02-07T12:46:00.470+0000] {processor.py:826} INFO - Processing file /opt/airflow/dags/example_v2.py for tasks to queue
[2025-02-07T12:46:00.472+0000] {logging_mixin.py:150} INFO - [2025-02-07T12:46:00.472+0000] {dagbag.py:541} INFO - Filling up the DagBag from /opt/airflow/dags/example_v2.py
[2025-02-07T12:46:00.490+0000] {processor.py:836} INFO - DAG(s) dict_keys(['DAG_ETL_daily_jobs']) retrieved from /opt/airflow/dags/example_v2.py
[2025-02-07T12:46:00.555+0000] {logging_mixin.py:150} INFO - [2025-02-07T12:46:00.554+0000] {dag.py:2742} INFO - Sync 1 DAGs
[2025-02-07T12:46:00.601+0000] {logging_mixin.py:150} INFO - [2025-02-07T12:46:00.600+0000] {dag.py:3504} INFO - Setting next_dagrun for DAG_ETL_daily_jobs to 2025-02-07T09:00:00+00:00, run_after=2025-02-08T09:00:00+00:00
[2025-02-07T12:46:00.638+0000] {processor.py:179} INFO - Processing /opt/airflow/dags/example_v2.py took 0.178 seconds
[2025-02-07T12:46:30.863+0000] {processor.py:157} INFO - Started process (PID=1891) to work on /opt/airflow/dags/example_v2.py
[2025-02-07T12:46:30.867+0000] {processor.py:826} INFO - Processing file /opt/airflow/dags/example_v2.py for tasks to queue
[2025-02-07T12:46:30.869+0000] {logging_mixin.py:150} INFO - [2025-02-07T12:46:30.868+0000] {dagbag.py:541} INFO - Filling up the DagBag from /opt/airflow/dags/example_v2.py
[2025-02-07T12:46:30.884+0000] {processor.py:836} INFO - DAG(s) dict_keys(['DAG_ETL_daily_jobs']) retrieved from /opt/airflow/dags/example_v2.py
[2025-02-07T12:46:30.944+0000] {logging_mixin.py:150} INFO - [2025-02-07T12:46:30.943+0000] {dag.py:2742} INFO - Sync 1 DAGs
[2025-02-07T12:46:30.985+0000] {logging_mixin.py:150} INFO - [2025-02-07T12:46:30.985+0000] {dag.py:3504} INFO - Setting next_dagrun for DAG_ETL_daily_jobs to 2025-02-07T09:00:00+00:00, run_after=2025-02-08T09:00:00+00:00
[2025-02-07T12:46:31.018+0000] {processor.py:179} INFO - Processing /opt/airflow/dags/example_v2.py took 0.163 seconds
[2025-02-07T12:47:02.025+0000] {processor.py:157} INFO - Started process (PID=1902) to work on /opt/airflow/dags/example_v2.py
[2025-02-07T12:47:02.028+0000] {processor.py:826} INFO - Processing file /opt/airflow/dags/example_v2.py for tasks to queue
[2025-02-07T12:47:02.029+0000] {logging_mixin.py:150} INFO - [2025-02-07T12:47:02.028+0000] {dagbag.py:541} INFO - Filling up the DagBag from /opt/airflow/dags/example_v2.py
[2025-02-07T12:47:02.040+0000] {processor.py:836} INFO - DAG(s) dict_keys(['DAG_ETL_daily_jobs']) retrieved from /opt/airflow/dags/example_v2.py
[2025-02-07T12:47:02.077+0000] {logging_mixin.py:150} INFO - [2025-02-07T12:47:02.076+0000] {dag.py:2742} INFO - Sync 1 DAGs
[2025-02-07T12:47:02.104+0000] {logging_mixin.py:150} INFO - [2025-02-07T12:47:02.104+0000] {dag.py:3504} INFO - Setting next_dagrun for DAG_ETL_daily_jobs to 2025-02-07T09:00:00+00:00, run_after=2025-02-08T09:00:00+00:00
[2025-02-07T12:47:02.124+0000] {processor.py:179} INFO - Processing /opt/airflow/dags/example_v2.py took 0.106 seconds
