[2025-02-07T11:43:39.418+0000] {processor.py:157} INFO - Started process (PID=17) to work on /opt/airflow/dags/example.py
[2025-02-07T11:43:39.422+0000] {processor.py:826} INFO - Processing file /opt/airflow/dags/example.py for tasks to queue
[2025-02-07T11:43:39.429+0000] {logging_mixin.py:150} INFO - [2025-02-07T11:43:39.427+0000] {dagbag.py:541} INFO - Filling up the DagBag from /opt/airflow/dags/example.py
[2025-02-07T11:43:39.784+0000] {processor.py:836} INFO - DAG(s) dict_keys(['example_dag']) retrieved from /opt/airflow/dags/example.py
[2025-02-07T11:43:40.704+0000] {logging_mixin.py:150} INFO - [2025-02-07T11:43:40.704+0000] {manager.py:504} INFO - Created Permission View: can delete on DAG:example_dag
[2025-02-07T11:43:40.722+0000] {logging_mixin.py:150} INFO - [2025-02-07T11:43:40.721+0000] {manager.py:504} INFO - Created Permission View: can read on DAG:example_dag
[2025-02-07T11:43:40.735+0000] {logging_mixin.py:150} INFO - [2025-02-07T11:43:40.735+0000] {manager.py:504} INFO - Created Permission View: can edit on DAG:example_dag
[2025-02-07T11:43:40.763+0000] {logging_mixin.py:150} INFO - [2025-02-07T11:43:40.763+0000] {dag.py:2742} INFO - Sync 1 DAGs
[2025-02-07T11:43:40.785+0000] {logging_mixin.py:150} INFO - [2025-02-07T11:43:40.785+0000] {dag.py:2763} INFO - Creating ORM DAG for example_dag
[2025-02-07T11:43:40.820+0000] {logging_mixin.py:150} INFO - [2025-02-07T11:43:40.819+0000] {dag.py:3504} INFO - Setting next_dagrun for example_dag to 2024-01-01T00:00:00+00:00, run_after=2024-01-02T00:00:00+00:00
[2025-02-07T11:43:40.867+0000] {processor.py:179} INFO - Processing /opt/airflow/dags/example.py took 1.476 seconds
[2025-02-07T11:44:10.925+0000] {processor.py:157} INFO - Started process (PID=32) to work on /opt/airflow/dags/example.py
[2025-02-07T11:44:10.927+0000] {processor.py:826} INFO - Processing file /opt/airflow/dags/example.py for tasks to queue
[2025-02-07T11:44:10.928+0000] {logging_mixin.py:150} INFO - [2025-02-07T11:44:10.928+0000] {dagbag.py:541} INFO - Filling up the DagBag from /opt/airflow/dags/example.py
[2025-02-07T11:44:10.948+0000] {processor.py:836} INFO - DAG(s) dict_keys(['example_dag']) retrieved from /opt/airflow/dags/example.py
[2025-02-07T11:44:11.051+0000] {logging_mixin.py:150} INFO - [2025-02-07T11:44:11.050+0000] {dag.py:2742} INFO - Sync 1 DAGs
[2025-02-07T11:44:11.091+0000] {logging_mixin.py:150} INFO - [2025-02-07T11:44:11.091+0000] {dag.py:3504} INFO - Setting next_dagrun for example_dag to 2024-01-13T00:00:00+00:00, run_after=2024-01-14T00:00:00+00:00
[2025-02-07T11:44:11.147+0000] {processor.py:179} INFO - Processing /opt/airflow/dags/example.py took 0.226 seconds
[2025-02-07T11:44:41.635+0000] {processor.py:157} INFO - Started process (PID=50) to work on /opt/airflow/dags/example.py
[2025-02-07T11:44:41.638+0000] {processor.py:826} INFO - Processing file /opt/airflow/dags/example.py for tasks to queue
[2025-02-07T11:44:41.641+0000] {logging_mixin.py:150} INFO - [2025-02-07T11:44:41.640+0000] {dagbag.py:541} INFO - Filling up the DagBag from /opt/airflow/dags/example.py
[2025-02-07T11:44:41.677+0000] {processor.py:836} INFO - DAG(s) dict_keys(['example_dag']) retrieved from /opt/airflow/dags/example.py
[2025-02-07T11:44:41.752+0000] {logging_mixin.py:150} INFO - [2025-02-07T11:44:41.752+0000] {dag.py:2742} INFO - Sync 1 DAGs
[2025-02-07T11:44:41.797+0000] {logging_mixin.py:150} INFO - [2025-02-07T11:44:41.797+0000] {dag.py:3504} INFO - Setting next_dagrun for example_dag to 2024-02-01T00:00:00+00:00, run_after=2024-02-02T00:00:00+00:00
[2025-02-07T11:44:41.829+0000] {processor.py:179} INFO - Processing /opt/airflow/dags/example.py took 0.208 seconds
[2025-02-07T11:45:11.971+0000] {processor.py:157} INFO - Started process (PID=60) to work on /opt/airflow/dags/example.py
[2025-02-07T11:45:11.975+0000] {processor.py:826} INFO - Processing file /opt/airflow/dags/example.py for tasks to queue
[2025-02-07T11:45:11.976+0000] {logging_mixin.py:150} INFO - [2025-02-07T11:45:11.976+0000] {dagbag.py:541} INFO - Filling up the DagBag from /opt/airflow/dags/example.py
[2025-02-07T11:45:12.002+0000] {processor.py:836} INFO - DAG(s) dict_keys(['example_dag']) retrieved from /opt/airflow/dags/example.py
[2025-02-07T11:45:12.085+0000] {logging_mixin.py:150} INFO - [2025-02-07T11:45:12.084+0000] {dag.py:2742} INFO - Sync 1 DAGs
[2025-02-07T11:45:12.340+0000] {logging_mixin.py:150} INFO - [2025-02-07T11:45:12.339+0000] {dag.py:3504} INFO - Setting next_dagrun for example_dag to 2024-02-17T00:00:00+00:00, run_after=2024-02-18T00:00:00+00:00
[2025-02-07T11:45:12.443+0000] {processor.py:179} INFO - Processing /opt/airflow/dags/example.py took 0.501 seconds
[2025-02-07T11:45:43.265+0000] {processor.py:157} INFO - Started process (PID=70) to work on /opt/airflow/dags/example.py
[2025-02-07T11:45:43.267+0000] {processor.py:826} INFO - Processing file /opt/airflow/dags/example.py for tasks to queue
[2025-02-07T11:45:43.269+0000] {logging_mixin.py:150} INFO - [2025-02-07T11:45:43.269+0000] {dagbag.py:541} INFO - Filling up the DagBag from /opt/airflow/dags/example.py
[2025-02-07T11:45:43.296+0000] {processor.py:836} INFO - DAG(s) dict_keys(['example_dag']) retrieved from /opt/airflow/dags/example.py
[2025-02-07T11:45:43.419+0000] {logging_mixin.py:150} INFO - [2025-02-07T11:45:43.419+0000] {dag.py:2742} INFO - Sync 1 DAGs
[2025-02-07T11:45:43.531+0000] {logging_mixin.py:150} INFO - [2025-02-07T11:45:43.531+0000] {dag.py:3504} INFO - Setting next_dagrun for example_dag to 2024-03-04T00:00:00+00:00, run_after=2024-03-05T00:00:00+00:00
[2025-02-07T11:45:43.590+0000] {processor.py:179} INFO - Processing /opt/airflow/dags/example.py took 0.329 seconds
[2025-02-07T11:46:13.688+0000] {processor.py:157} INFO - Started process (PID=80) to work on /opt/airflow/dags/example.py
[2025-02-07T11:46:13.689+0000] {processor.py:826} INFO - Processing file /opt/airflow/dags/example.py for tasks to queue
[2025-02-07T11:46:13.691+0000] {logging_mixin.py:150} INFO - [2025-02-07T11:46:13.691+0000] {dagbag.py:541} INFO - Filling up the DagBag from /opt/airflow/dags/example.py
[2025-02-07T11:46:13.716+0000] {processor.py:836} INFO - DAG(s) dict_keys(['example_dag']) retrieved from /opt/airflow/dags/example.py
[2025-02-07T11:46:14.338+0000] {logging_mixin.py:150} INFO - [2025-02-07T11:46:14.338+0000] {dag.py:2742} INFO - Sync 1 DAGs
[2025-02-07T11:46:14.391+0000] {logging_mixin.py:150} INFO - [2025-02-07T11:46:14.391+0000] {dag.py:2763} INFO - Creating ORM DAG for example_dag
[2025-02-07T11:46:14.423+0000] {logging_mixin.py:150} INFO - [2025-02-07T11:46:14.423+0000] {dag.py:3504} INFO - Setting next_dagrun for example_dag to 2024-01-01T00:00:00+00:00, run_after=2024-01-02T00:00:00+00:00
[2025-02-07T11:46:14.452+0000] {processor.py:179} INFO - Processing /opt/airflow/dags/example.py took 0.770 seconds
[2025-02-07T11:46:44.564+0000] {processor.py:157} INFO - Started process (PID=90) to work on /opt/airflow/dags/example.py
[2025-02-07T11:46:44.568+0000] {processor.py:826} INFO - Processing file /opt/airflow/dags/example.py for tasks to queue
[2025-02-07T11:46:44.570+0000] {logging_mixin.py:150} INFO - [2025-02-07T11:46:44.570+0000] {dagbag.py:541} INFO - Filling up the DagBag from /opt/airflow/dags/example.py
[2025-02-07T11:46:44.598+0000] {processor.py:836} INFO - DAG(s) dict_keys(['example_dag']) retrieved from /opt/airflow/dags/example.py
[2025-02-07T11:46:44.648+0000] {logging_mixin.py:150} INFO - [2025-02-07T11:46:44.647+0000] {dag.py:2742} INFO - Sync 1 DAGs
[2025-02-07T11:46:44.684+0000] {logging_mixin.py:150} INFO - [2025-02-07T11:46:44.684+0000] {dag.py:3504} INFO - Setting next_dagrun for example_dag to 2024-01-01T00:00:00+00:00, run_after=2024-01-02T00:00:00+00:00
[2025-02-07T11:46:44.712+0000] {processor.py:179} INFO - Processing /opt/airflow/dags/example.py took 0.153 seconds
[2025-02-07T11:47:15.581+0000] {processor.py:157} INFO - Started process (PID=100) to work on /opt/airflow/dags/example.py
[2025-02-07T11:47:15.583+0000] {processor.py:826} INFO - Processing file /opt/airflow/dags/example.py for tasks to queue
[2025-02-07T11:47:15.584+0000] {logging_mixin.py:150} INFO - [2025-02-07T11:47:15.584+0000] {dagbag.py:541} INFO - Filling up the DagBag from /opt/airflow/dags/example.py
[2025-02-07T11:47:15.615+0000] {processor.py:836} INFO - DAG(s) dict_keys(['example_dag']) retrieved from /opt/airflow/dags/example.py
[2025-02-07T11:47:15.660+0000] {logging_mixin.py:150} INFO - [2025-02-07T11:47:15.660+0000] {dag.py:2742} INFO - Sync 1 DAGs
[2025-02-07T11:47:15.717+0000] {logging_mixin.py:150} INFO - [2025-02-07T11:47:15.717+0000] {dag.py:3504} INFO - Setting next_dagrun for example_dag to 2024-01-01T00:00:00+00:00, run_after=2024-01-02T00:00:00+00:00
[2025-02-07T11:47:15.742+0000] {processor.py:179} INFO - Processing /opt/airflow/dags/example.py took 0.165 seconds
[2025-02-07T11:47:46.341+0000] {processor.py:157} INFO - Started process (PID=110) to work on /opt/airflow/dags/example.py
[2025-02-07T11:47:46.343+0000] {processor.py:826} INFO - Processing file /opt/airflow/dags/example.py for tasks to queue
[2025-02-07T11:47:46.344+0000] {logging_mixin.py:150} INFO - [2025-02-07T11:47:46.343+0000] {dagbag.py:541} INFO - Filling up the DagBag from /opt/airflow/dags/example.py
[2025-02-07T11:47:46.371+0000] {processor.py:836} INFO - DAG(s) dict_keys(['example_dag']) retrieved from /opt/airflow/dags/example.py
[2025-02-07T11:47:46.417+0000] {logging_mixin.py:150} INFO - [2025-02-07T11:47:46.417+0000] {dag.py:2742} INFO - Sync 1 DAGs
[2025-02-07T11:47:46.454+0000] {logging_mixin.py:150} INFO - [2025-02-07T11:47:46.453+0000] {dag.py:3504} INFO - Setting next_dagrun for example_dag to 2024-01-01T00:00:00+00:00, run_after=2024-01-02T00:00:00+00:00
[2025-02-07T11:47:46.479+0000] {processor.py:179} INFO - Processing /opt/airflow/dags/example.py took 0.144 seconds
[2025-02-07T11:48:17.255+0000] {processor.py:157} INFO - Started process (PID=120) to work on /opt/airflow/dags/example.py
[2025-02-07T11:48:17.258+0000] {processor.py:826} INFO - Processing file /opt/airflow/dags/example.py for tasks to queue
[2025-02-07T11:48:17.259+0000] {logging_mixin.py:150} INFO - [2025-02-07T11:48:17.259+0000] {dagbag.py:541} INFO - Filling up the DagBag from /opt/airflow/dags/example.py
[2025-02-07T11:48:17.278+0000] {processor.py:836} INFO - DAG(s) dict_keys(['example_dag']) retrieved from /opt/airflow/dags/example.py
[2025-02-07T11:48:17.327+0000] {logging_mixin.py:150} INFO - [2025-02-07T11:48:17.326+0000] {dag.py:2742} INFO - Sync 1 DAGs
[2025-02-07T11:48:17.359+0000] {logging_mixin.py:150} INFO - [2025-02-07T11:48:17.358+0000] {dag.py:3504} INFO - Setting next_dagrun for example_dag to 2024-01-01T00:00:00+00:00, run_after=2024-01-02T00:00:00+00:00
[2025-02-07T11:48:17.382+0000] {processor.py:179} INFO - Processing /opt/airflow/dags/example.py took 0.135 seconds
[2025-02-07T11:48:47.666+0000] {processor.py:157} INFO - Started process (PID=131) to work on /opt/airflow/dags/example.py
[2025-02-07T11:48:47.668+0000] {processor.py:826} INFO - Processing file /opt/airflow/dags/example.py for tasks to queue
[2025-02-07T11:48:47.671+0000] {logging_mixin.py:150} INFO - [2025-02-07T11:48:47.671+0000] {dagbag.py:541} INFO - Filling up the DagBag from /opt/airflow/dags/example.py
[2025-02-07T11:48:47.703+0000] {processor.py:836} INFO - DAG(s) dict_keys(['example_dag']) retrieved from /opt/airflow/dags/example.py
[2025-02-07T11:48:47.741+0000] {logging_mixin.py:150} INFO - [2025-02-07T11:48:47.741+0000] {dag.py:2742} INFO - Sync 1 DAGs
[2025-02-07T11:48:47.772+0000] {logging_mixin.py:150} INFO - [2025-02-07T11:48:47.771+0000] {dag.py:3504} INFO - Setting next_dagrun for example_dag to 2024-01-01T00:00:00+00:00, run_after=2024-01-02T00:00:00+00:00
[2025-02-07T11:48:47.802+0000] {processor.py:179} INFO - Processing /opt/airflow/dags/example.py took 0.143 seconds
[2025-02-07T11:49:18.504+0000] {processor.py:157} INFO - Started process (PID=142) to work on /opt/airflow/dags/example.py
[2025-02-07T11:49:18.506+0000] {processor.py:826} INFO - Processing file /opt/airflow/dags/example.py for tasks to queue
[2025-02-07T11:49:18.507+0000] {logging_mixin.py:150} INFO - [2025-02-07T11:49:18.507+0000] {dagbag.py:541} INFO - Filling up the DagBag from /opt/airflow/dags/example.py
[2025-02-07T11:49:18.526+0000] {processor.py:836} INFO - DAG(s) dict_keys(['example_dag']) retrieved from /opt/airflow/dags/example.py
[2025-02-07T11:49:18.565+0000] {logging_mixin.py:150} INFO - [2025-02-07T11:49:18.565+0000] {dag.py:2742} INFO - Sync 1 DAGs
[2025-02-07T11:49:18.597+0000] {logging_mixin.py:150} INFO - [2025-02-07T11:49:18.597+0000] {dag.py:3504} INFO - Setting next_dagrun for example_dag to 2024-01-01T00:00:00+00:00, run_after=2024-01-02T00:00:00+00:00
[2025-02-07T11:49:18.620+0000] {processor.py:179} INFO - Processing /opt/airflow/dags/example.py took 0.120 seconds
[2025-02-07T11:49:48.899+0000] {processor.py:157} INFO - Started process (PID=156) to work on /opt/airflow/dags/example.py
[2025-02-07T11:49:48.902+0000] {processor.py:826} INFO - Processing file /opt/airflow/dags/example.py for tasks to queue
[2025-02-07T11:49:48.905+0000] {logging_mixin.py:150} INFO - [2025-02-07T11:49:48.904+0000] {dagbag.py:541} INFO - Filling up the DagBag from /opt/airflow/dags/example.py
[2025-02-07T11:49:49.064+0000] {processor.py:836} INFO - DAG(s) dict_keys(['example_dag']) retrieved from /opt/airflow/dags/example.py
[2025-02-07T11:49:49.534+0000] {logging_mixin.py:150} INFO - [2025-02-07T11:49:49.532+0000] {dag.py:2742} INFO - Sync 1 DAGs
[2025-02-07T11:49:49.749+0000] {logging_mixin.py:150} INFO - [2025-02-07T11:49:49.748+0000] {dag.py:3504} INFO - Setting next_dagrun for example_dag to 2024-01-01T00:00:00+00:00, run_after=2024-01-02T00:00:00+00:00
[2025-02-07T11:49:49.834+0000] {processor.py:179} INFO - Processing /opt/airflow/dags/example.py took 0.945 seconds
[2025-02-07T11:50:20.019+0000] {processor.py:157} INFO - Started process (PID=208) to work on /opt/airflow/dags/example.py
[2025-02-07T11:50:20.029+0000] {processor.py:826} INFO - Processing file /opt/airflow/dags/example.py for tasks to queue
[2025-02-07T11:50:20.031+0000] {logging_mixin.py:150} INFO - [2025-02-07T11:50:20.030+0000] {dagbag.py:541} INFO - Filling up the DagBag from /opt/airflow/dags/example.py
[2025-02-07T11:50:20.057+0000] {processor.py:836} INFO - DAG(s) dict_keys(['example_dag']) retrieved from /opt/airflow/dags/example.py
[2025-02-07T11:50:20.192+0000] {logging_mixin.py:150} INFO - [2025-02-07T11:50:20.191+0000] {dag.py:2742} INFO - Sync 1 DAGs
[2025-02-07T11:50:20.568+0000] {logging_mixin.py:150} INFO - [2025-02-07T11:50:20.567+0000] {dag.py:3504} INFO - Setting next_dagrun for example_dag to 2024-01-01T00:00:00+00:00, run_after=2024-01-02T00:00:00+00:00
[2025-02-07T11:50:20.741+0000] {processor.py:179} INFO - Processing /opt/airflow/dags/example.py took 0.764 seconds
[2025-02-07T11:50:51.203+0000] {processor.py:157} INFO - Started process (PID=228) to work on /opt/airflow/dags/example.py
[2025-02-07T11:50:51.205+0000] {processor.py:826} INFO - Processing file /opt/airflow/dags/example.py for tasks to queue
[2025-02-07T11:50:51.206+0000] {logging_mixin.py:150} INFO - [2025-02-07T11:50:51.205+0000] {dagbag.py:541} INFO - Filling up the DagBag from /opt/airflow/dags/example.py
[2025-02-07T11:50:51.237+0000] {processor.py:836} INFO - DAG(s) dict_keys(['example_dag']) retrieved from /opt/airflow/dags/example.py
[2025-02-07T11:50:51.309+0000] {logging_mixin.py:150} INFO - [2025-02-07T11:50:51.309+0000] {dag.py:2742} INFO - Sync 1 DAGs
[2025-02-07T11:50:51.349+0000] {logging_mixin.py:150} INFO - [2025-02-07T11:50:51.348+0000] {dag.py:3504} INFO - Setting next_dagrun for example_dag to 2024-01-01T00:00:00+00:00, run_after=2024-01-02T00:00:00+00:00
[2025-02-07T11:50:51.377+0000] {processor.py:179} INFO - Processing /opt/airflow/dags/example.py took 0.180 seconds
[2025-02-07T11:51:21.894+0000] {processor.py:157} INFO - Started process (PID=239) to work on /opt/airflow/dags/example.py
[2025-02-07T11:51:21.898+0000] {processor.py:826} INFO - Processing file /opt/airflow/dags/example.py for tasks to queue
[2025-02-07T11:51:21.902+0000] {logging_mixin.py:150} INFO - [2025-02-07T11:51:21.902+0000] {dagbag.py:541} INFO - Filling up the DagBag from /opt/airflow/dags/example.py
[2025-02-07T11:51:22.051+0000] {processor.py:836} INFO - DAG(s) dict_keys(['example_dag']) retrieved from /opt/airflow/dags/example.py
[2025-02-07T11:51:22.141+0000] {logging_mixin.py:150} INFO - [2025-02-07T11:51:22.140+0000] {dag.py:2742} INFO - Sync 1 DAGs
[2025-02-07T11:51:22.200+0000] {logging_mixin.py:150} INFO - [2025-02-07T11:51:22.199+0000] {dag.py:3504} INFO - Setting next_dagrun for example_dag to 2024-01-01T00:00:00+00:00, run_after=2024-01-02T00:00:00+00:00
[2025-02-07T11:51:22.237+0000] {processor.py:179} INFO - Processing /opt/airflow/dags/example.py took 0.350 seconds
[2025-02-07T11:51:52.472+0000] {processor.py:157} INFO - Started process (PID=250) to work on /opt/airflow/dags/example.py
[2025-02-07T11:51:52.474+0000] {processor.py:826} INFO - Processing file /opt/airflow/dags/example.py for tasks to queue
[2025-02-07T11:51:52.475+0000] {logging_mixin.py:150} INFO - [2025-02-07T11:51:52.475+0000] {dagbag.py:541} INFO - Filling up the DagBag from /opt/airflow/dags/example.py
[2025-02-07T11:51:52.496+0000] {processor.py:836} INFO - DAG(s) dict_keys(['example_dag']) retrieved from /opt/airflow/dags/example.py
[2025-02-07T11:51:52.542+0000] {logging_mixin.py:150} INFO - [2025-02-07T11:51:52.542+0000] {dag.py:2742} INFO - Sync 1 DAGs
[2025-02-07T11:51:52.584+0000] {logging_mixin.py:150} INFO - [2025-02-07T11:51:52.583+0000] {dag.py:3504} INFO - Setting next_dagrun for example_dag to 2024-01-01T00:00:00+00:00, run_after=2024-01-02T00:00:00+00:00
[2025-02-07T11:51:52.621+0000] {processor.py:179} INFO - Processing /opt/airflow/dags/example.py took 0.154 seconds
[2025-02-07T11:52:23.255+0000] {processor.py:157} INFO - Started process (PID=261) to work on /opt/airflow/dags/example.py
[2025-02-07T11:52:23.256+0000] {processor.py:826} INFO - Processing file /opt/airflow/dags/example.py for tasks to queue
[2025-02-07T11:52:23.258+0000] {logging_mixin.py:150} INFO - [2025-02-07T11:52:23.257+0000] {dagbag.py:541} INFO - Filling up the DagBag from /opt/airflow/dags/example.py
[2025-02-07T11:52:23.294+0000] {processor.py:836} INFO - DAG(s) dict_keys(['example_dag']) retrieved from /opt/airflow/dags/example.py
[2025-02-07T11:52:23.376+0000] {logging_mixin.py:150} INFO - [2025-02-07T11:52:23.376+0000] {dag.py:2742} INFO - Sync 1 DAGs
[2025-02-07T11:52:23.464+0000] {logging_mixin.py:150} INFO - [2025-02-07T11:52:23.464+0000] {dag.py:3504} INFO - Setting next_dagrun for example_dag to 2024-01-01T00:00:00+00:00, run_after=2024-01-02T00:00:00+00:00
[2025-02-07T11:52:23.494+0000] {processor.py:179} INFO - Processing /opt/airflow/dags/example.py took 0.245 seconds
[2025-02-07T11:52:53.538+0000] {processor.py:157} INFO - Started process (PID=272) to work on /opt/airflow/dags/example.py
[2025-02-07T11:52:53.540+0000] {processor.py:826} INFO - Processing file /opt/airflow/dags/example.py for tasks to queue
[2025-02-07T11:52:53.541+0000] {logging_mixin.py:150} INFO - [2025-02-07T11:52:53.541+0000] {dagbag.py:541} INFO - Filling up the DagBag from /opt/airflow/dags/example.py
[2025-02-07T11:52:53.559+0000] {processor.py:836} INFO - DAG(s) dict_keys(['example_dag']) retrieved from /opt/airflow/dags/example.py
[2025-02-07T11:52:53.600+0000] {logging_mixin.py:150} INFO - [2025-02-07T11:52:53.600+0000] {dag.py:2742} INFO - Sync 1 DAGs
[2025-02-07T11:52:53.631+0000] {logging_mixin.py:150} INFO - [2025-02-07T11:52:53.631+0000] {dag.py:3504} INFO - Setting next_dagrun for example_dag to 2024-01-01T00:00:00+00:00, run_after=2024-01-02T00:00:00+00:00
[2025-02-07T11:52:53.656+0000] {processor.py:179} INFO - Processing /opt/airflow/dags/example.py took 0.123 seconds
[2025-02-07T11:53:23.812+0000] {processor.py:157} INFO - Started process (PID=283) to work on /opt/airflow/dags/example.py
[2025-02-07T11:53:23.814+0000] {processor.py:826} INFO - Processing file /opt/airflow/dags/example.py for tasks to queue
[2025-02-07T11:53:23.816+0000] {logging_mixin.py:150} INFO - [2025-02-07T11:53:23.815+0000] {dagbag.py:541} INFO - Filling up the DagBag from /opt/airflow/dags/example.py
[2025-02-07T11:53:23.855+0000] {processor.py:836} INFO - DAG(s) dict_keys(['example_dag']) retrieved from /opt/airflow/dags/example.py
[2025-02-07T11:53:23.936+0000] {logging_mixin.py:150} INFO - [2025-02-07T11:53:23.935+0000] {dag.py:2742} INFO - Sync 1 DAGs
[2025-02-07T11:53:23.980+0000] {logging_mixin.py:150} INFO - [2025-02-07T11:53:23.979+0000] {dag.py:3504} INFO - Setting next_dagrun for example_dag to 2024-01-01T00:00:00+00:00, run_after=2024-01-02T00:00:00+00:00
[2025-02-07T11:53:24.012+0000] {processor.py:179} INFO - Processing /opt/airflow/dags/example.py took 0.208 seconds
[2025-02-07T11:53:54.823+0000] {processor.py:157} INFO - Started process (PID=294) to work on /opt/airflow/dags/example.py
[2025-02-07T11:53:54.825+0000] {processor.py:826} INFO - Processing file /opt/airflow/dags/example.py for tasks to queue
[2025-02-07T11:53:54.826+0000] {logging_mixin.py:150} INFO - [2025-02-07T11:53:54.826+0000] {dagbag.py:541} INFO - Filling up the DagBag from /opt/airflow/dags/example.py
[2025-02-07T11:53:54.845+0000] {processor.py:836} INFO - DAG(s) dict_keys(['example_dag']) retrieved from /opt/airflow/dags/example.py
[2025-02-07T11:53:54.882+0000] {logging_mixin.py:150} INFO - [2025-02-07T11:53:54.882+0000] {dag.py:2742} INFO - Sync 1 DAGs
[2025-02-07T11:53:54.914+0000] {logging_mixin.py:150} INFO - [2025-02-07T11:53:54.914+0000] {dag.py:3504} INFO - Setting next_dagrun for example_dag to 2024-01-01T00:00:00+00:00, run_after=2024-01-02T00:00:00+00:00
[2025-02-07T11:53:54.946+0000] {processor.py:179} INFO - Processing /opt/airflow/dags/example.py took 0.128 seconds
[2025-02-07T11:54:25.663+0000] {processor.py:157} INFO - Started process (PID=305) to work on /opt/airflow/dags/example.py
[2025-02-07T11:54:25.665+0000] {processor.py:826} INFO - Processing file /opt/airflow/dags/example.py for tasks to queue
[2025-02-07T11:54:25.667+0000] {logging_mixin.py:150} INFO - [2025-02-07T11:54:25.667+0000] {dagbag.py:541} INFO - Filling up the DagBag from /opt/airflow/dags/example.py
[2025-02-07T11:54:25.696+0000] {processor.py:836} INFO - DAG(s) dict_keys(['example_dag']) retrieved from /opt/airflow/dags/example.py
[2025-02-07T11:54:25.764+0000] {logging_mixin.py:150} INFO - [2025-02-07T11:54:25.763+0000] {dag.py:2742} INFO - Sync 1 DAGs
[2025-02-07T11:54:25.806+0000] {logging_mixin.py:150} INFO - [2025-02-07T11:54:25.805+0000] {dag.py:3504} INFO - Setting next_dagrun for example_dag to 2024-01-01T00:00:00+00:00, run_after=2024-01-02T00:00:00+00:00
[2025-02-07T11:54:25.834+0000] {processor.py:179} INFO - Processing /opt/airflow/dags/example.py took 0.178 seconds
[2025-02-07T11:54:55.896+0000] {processor.py:157} INFO - Started process (PID=316) to work on /opt/airflow/dags/example.py
[2025-02-07T11:54:55.898+0000] {processor.py:826} INFO - Processing file /opt/airflow/dags/example.py for tasks to queue
[2025-02-07T11:54:55.900+0000] {logging_mixin.py:150} INFO - [2025-02-07T11:54:55.899+0000] {dagbag.py:541} INFO - Filling up the DagBag from /opt/airflow/dags/example.py
[2025-02-07T11:54:55.918+0000] {processor.py:836} INFO - DAG(s) dict_keys(['example_dag']) retrieved from /opt/airflow/dags/example.py
[2025-02-07T11:54:55.954+0000] {logging_mixin.py:150} INFO - [2025-02-07T11:54:55.954+0000] {dag.py:2742} INFO - Sync 1 DAGs
[2025-02-07T11:54:55.986+0000] {logging_mixin.py:150} INFO - [2025-02-07T11:54:55.986+0000] {dag.py:3504} INFO - Setting next_dagrun for example_dag to 2024-01-01T00:00:00+00:00, run_after=2024-01-02T00:00:00+00:00
[2025-02-07T11:54:56.009+0000] {processor.py:179} INFO - Processing /opt/airflow/dags/example.py took 0.118 seconds
[2025-02-07T11:55:26.116+0000] {processor.py:157} INFO - Started process (PID=327) to work on /opt/airflow/dags/example.py
[2025-02-07T11:55:26.118+0000] {processor.py:826} INFO - Processing file /opt/airflow/dags/example.py for tasks to queue
[2025-02-07T11:55:26.120+0000] {logging_mixin.py:150} INFO - [2025-02-07T11:55:26.119+0000] {dagbag.py:541} INFO - Filling up the DagBag from /opt/airflow/dags/example.py
[2025-02-07T11:55:26.139+0000] {processor.py:836} INFO - DAG(s) dict_keys(['example_dag']) retrieved from /opt/airflow/dags/example.py
[2025-02-07T11:55:26.173+0000] {logging_mixin.py:150} INFO - [2025-02-07T11:55:26.173+0000] {dag.py:2742} INFO - Sync 1 DAGs
[2025-02-07T11:55:26.202+0000] {logging_mixin.py:150} INFO - [2025-02-07T11:55:26.201+0000] {dag.py:3504} INFO - Setting next_dagrun for example_dag to 2024-01-01T00:00:00+00:00, run_after=2024-01-02T00:00:00+00:00
[2025-02-07T11:55:26.222+0000] {processor.py:179} INFO - Processing /opt/airflow/dags/example.py took 0.135 seconds
[2025-02-07T11:55:56.465+0000] {processor.py:157} INFO - Started process (PID=339) to work on /opt/airflow/dags/example.py
[2025-02-07T11:55:56.487+0000] {processor.py:826} INFO - Processing file /opt/airflow/dags/example.py for tasks to queue
[2025-02-07T11:55:56.493+0000] {logging_mixin.py:150} INFO - [2025-02-07T11:55:56.492+0000] {dagbag.py:541} INFO - Filling up the DagBag from /opt/airflow/dags/example.py
[2025-02-07T11:55:56.529+0000] {processor.py:836} INFO - DAG(s) dict_keys(['example_dag']) retrieved from /opt/airflow/dags/example.py
[2025-02-07T11:55:56.607+0000] {logging_mixin.py:150} INFO - [2025-02-07T11:55:56.607+0000] {dag.py:2742} INFO - Sync 1 DAGs
[2025-02-07T11:55:56.646+0000] {logging_mixin.py:150} INFO - [2025-02-07T11:55:56.645+0000] {dag.py:3504} INFO - Setting next_dagrun for example_dag to 2024-01-01T00:00:00+00:00, run_after=2024-01-02T00:00:00+00:00
[2025-02-07T11:55:56.698+0000] {processor.py:179} INFO - Processing /opt/airflow/dags/example.py took 0.270 seconds
[2025-02-07T11:56:26.846+0000] {processor.py:157} INFO - Started process (PID=397) to work on /opt/airflow/dags/example.py
[2025-02-07T11:56:26.848+0000] {processor.py:826} INFO - Processing file /opt/airflow/dags/example.py for tasks to queue
[2025-02-07T11:56:26.849+0000] {logging_mixin.py:150} INFO - [2025-02-07T11:56:26.849+0000] {dagbag.py:541} INFO - Filling up the DagBag from /opt/airflow/dags/example.py
[2025-02-07T11:56:26.873+0000] {processor.py:836} INFO - DAG(s) dict_keys(['example_dag']) retrieved from /opt/airflow/dags/example.py
[2025-02-07T11:56:26.908+0000] {logging_mixin.py:150} INFO - [2025-02-07T11:56:26.908+0000] {dag.py:2742} INFO - Sync 1 DAGs
[2025-02-07T11:56:26.942+0000] {logging_mixin.py:150} INFO - [2025-02-07T11:56:26.941+0000] {dag.py:3504} INFO - Setting next_dagrun for example_dag to 2024-01-01T00:00:00+00:00, run_after=2024-01-02T00:00:00+00:00
[2025-02-07T11:56:26.967+0000] {processor.py:179} INFO - Processing /opt/airflow/dags/example.py took 0.126 seconds
[2025-02-07T11:56:57.744+0000] {processor.py:157} INFO - Started process (PID=408) to work on /opt/airflow/dags/example.py
[2025-02-07T11:56:57.750+0000] {processor.py:826} INFO - Processing file /opt/airflow/dags/example.py for tasks to queue
[2025-02-07T11:56:57.752+0000] {logging_mixin.py:150} INFO - [2025-02-07T11:56:57.751+0000] {dagbag.py:541} INFO - Filling up the DagBag from /opt/airflow/dags/example.py
[2025-02-07T11:56:57.830+0000] {processor.py:836} INFO - DAG(s) dict_keys(['example_dag']) retrieved from /opt/airflow/dags/example.py
[2025-02-07T11:56:57.892+0000] {logging_mixin.py:150} INFO - [2025-02-07T11:56:57.892+0000] {dag.py:2742} INFO - Sync 1 DAGs
[2025-02-07T11:56:57.948+0000] {logging_mixin.py:150} INFO - [2025-02-07T11:56:57.948+0000] {dag.py:3504} INFO - Setting next_dagrun for example_dag to 2024-01-01T00:00:00+00:00, run_after=2024-01-02T00:00:00+00:00
[2025-02-07T11:56:57.975+0000] {processor.py:179} INFO - Processing /opt/airflow/dags/example.py took 0.243 seconds
[2025-02-07T11:57:28.397+0000] {processor.py:157} INFO - Started process (PID=419) to work on /opt/airflow/dags/example.py
[2025-02-07T11:57:28.399+0000] {processor.py:826} INFO - Processing file /opt/airflow/dags/example.py for tasks to queue
[2025-02-07T11:57:28.402+0000] {logging_mixin.py:150} INFO - [2025-02-07T11:57:28.402+0000] {dagbag.py:541} INFO - Filling up the DagBag from /opt/airflow/dags/example.py
[2025-02-07T11:57:28.440+0000] {processor.py:836} INFO - DAG(s) dict_keys(['example_dag']) retrieved from /opt/airflow/dags/example.py
[2025-02-07T11:57:28.498+0000] {logging_mixin.py:150} INFO - [2025-02-07T11:57:28.497+0000] {dag.py:2742} INFO - Sync 1 DAGs
[2025-02-07T11:57:28.599+0000] {logging_mixin.py:150} INFO - [2025-02-07T11:57:28.598+0000] {dag.py:3504} INFO - Setting next_dagrun for example_dag to 2024-01-01T00:00:00+00:00, run_after=2024-01-02T00:00:00+00:00
[2025-02-07T11:57:28.684+0000] {processor.py:179} INFO - Processing /opt/airflow/dags/example.py took 0.294 seconds
[2025-02-07T11:57:58.960+0000] {processor.py:157} INFO - Started process (PID=431) to work on /opt/airflow/dags/example.py
[2025-02-07T11:57:58.963+0000] {processor.py:826} INFO - Processing file /opt/airflow/dags/example.py for tasks to queue
[2025-02-07T11:57:58.965+0000] {logging_mixin.py:150} INFO - [2025-02-07T11:57:58.964+0000] {dagbag.py:541} INFO - Filling up the DagBag from /opt/airflow/dags/example.py
[2025-02-07T11:57:59.001+0000] {processor.py:836} INFO - DAG(s) dict_keys(['example_dag']) retrieved from /opt/airflow/dags/example.py
[2025-02-07T11:57:59.083+0000] {logging_mixin.py:150} INFO - [2025-02-07T11:57:59.082+0000] {dag.py:2742} INFO - Sync 1 DAGs
[2025-02-07T11:57:59.234+0000] {logging_mixin.py:150} INFO - [2025-02-07T11:57:59.231+0000] {dag.py:3504} INFO - Setting next_dagrun for example_dag to 2024-01-01T00:00:00+00:00, run_after=2024-01-02T00:00:00+00:00
[2025-02-07T11:57:59.382+0000] {processor.py:179} INFO - Processing /opt/airflow/dags/example.py took 0.429 seconds
[2025-02-07T11:58:29.932+0000] {processor.py:157} INFO - Started process (PID=508) to work on /opt/airflow/dags/example.py
[2025-02-07T11:58:29.936+0000] {processor.py:826} INFO - Processing file /opt/airflow/dags/example.py for tasks to queue
[2025-02-07T11:58:29.940+0000] {logging_mixin.py:150} INFO - [2025-02-07T11:58:29.939+0000] {dagbag.py:541} INFO - Filling up the DagBag from /opt/airflow/dags/example.py
[2025-02-07T11:58:30.247+0000] {processor.py:836} INFO - DAG(s) dict_keys(['example_dag']) retrieved from /opt/airflow/dags/example.py
[2025-02-07T11:58:30.902+0000] {logging_mixin.py:150} INFO - [2025-02-07T11:58:30.900+0000] {dag.py:2742} INFO - Sync 1 DAGs
[2025-02-07T11:58:31.282+0000] {logging_mixin.py:150} INFO - [2025-02-07T11:58:31.281+0000] {dag.py:3504} INFO - Setting next_dagrun for example_dag to 2024-01-01T00:00:00+00:00, run_after=2024-01-02T00:00:00+00:00
[2025-02-07T11:58:31.450+0000] {processor.py:179} INFO - Processing /opt/airflow/dags/example.py took 1.530 seconds
[2025-02-07T11:59:03.073+0000] {processor.py:157} INFO - Started process (PID=554) to work on /opt/airflow/dags/example.py
[2025-02-07T11:59:03.081+0000] {processor.py:826} INFO - Processing file /opt/airflow/dags/example.py for tasks to queue
[2025-02-07T11:59:03.088+0000] {logging_mixin.py:150} INFO - [2025-02-07T11:59:03.087+0000] {dagbag.py:541} INFO - Filling up the DagBag from /opt/airflow/dags/example.py
[2025-02-07T11:59:03.425+0000] {processor.py:836} INFO - DAG(s) dict_keys(['example_dag']) retrieved from /opt/airflow/dags/example.py
[2025-02-07T11:59:05.378+0000] {logging_mixin.py:150} INFO - [2025-02-07T11:59:05.375+0000] {dag.py:2742} INFO - Sync 1 DAGs
[2025-02-07T11:59:06.248+0000] {logging_mixin.py:150} INFO - [2025-02-07T11:59:06.244+0000] {dag.py:3504} INFO - Setting next_dagrun for example_dag to 2024-01-01T00:00:00+00:00, run_after=2024-01-02T00:00:00+00:00
[2025-02-07T11:59:06.467+0000] {processor.py:179} INFO - Processing /opt/airflow/dags/example.py took 3.445 seconds
[2025-02-07T11:59:36.928+0000] {processor.py:157} INFO - Started process (PID=578) to work on /opt/airflow/dags/example.py
[2025-02-07T11:59:36.936+0000] {processor.py:826} INFO - Processing file /opt/airflow/dags/example.py for tasks to queue
[2025-02-07T11:59:36.941+0000] {logging_mixin.py:150} INFO - [2025-02-07T11:59:36.940+0000] {dagbag.py:541} INFO - Filling up the DagBag from /opt/airflow/dags/example.py
[2025-02-07T11:59:37.447+0000] {processor.py:836} INFO - DAG(s) dict_keys(['example_dag']) retrieved from /opt/airflow/dags/example.py
[2025-02-07T11:59:37.635+0000] {logging_mixin.py:150} INFO - [2025-02-07T11:59:37.634+0000] {dag.py:2742} INFO - Sync 1 DAGs
[2025-02-07T11:59:37.713+0000] {logging_mixin.py:150} INFO - [2025-02-07T11:59:37.713+0000] {dag.py:3504} INFO - Setting next_dagrun for example_dag to 2024-01-01T00:00:00+00:00, run_after=2024-01-02T00:00:00+00:00
[2025-02-07T11:59:37.761+0000] {processor.py:179} INFO - Processing /opt/airflow/dags/example.py took 0.873 seconds
[2025-02-07T12:00:08.032+0000] {processor.py:157} INFO - Started process (PID=773) to work on /opt/airflow/dags/example.py
[2025-02-07T12:00:08.039+0000] {processor.py:826} INFO - Processing file /opt/airflow/dags/example.py for tasks to queue
[2025-02-07T12:00:08.042+0000] {logging_mixin.py:150} INFO - [2025-02-07T12:00:08.041+0000] {dagbag.py:541} INFO - Filling up the DagBag from /opt/airflow/dags/example.py
[2025-02-07T12:00:08.107+0000] {processor.py:836} INFO - DAG(s) dict_keys(['example_dag']) retrieved from /opt/airflow/dags/example.py
[2025-02-07T12:00:08.214+0000] {logging_mixin.py:150} INFO - [2025-02-07T12:00:08.214+0000] {dag.py:2742} INFO - Sync 1 DAGs
[2025-02-07T12:00:08.296+0000] {logging_mixin.py:150} INFO - [2025-02-07T12:00:08.296+0000] {dag.py:3504} INFO - Setting next_dagrun for example_dag to 2024-01-01T00:00:00+00:00, run_after=2024-01-02T00:00:00+00:00
[2025-02-07T12:00:08.346+0000] {processor.py:179} INFO - Processing /opt/airflow/dags/example.py took 0.331 seconds
[2025-02-07T12:00:38.931+0000] {processor.py:157} INFO - Started process (PID=952) to work on /opt/airflow/dags/example.py
[2025-02-07T12:00:38.933+0000] {processor.py:826} INFO - Processing file /opt/airflow/dags/example.py for tasks to queue
[2025-02-07T12:00:38.936+0000] {logging_mixin.py:150} INFO - [2025-02-07T12:00:38.936+0000] {dagbag.py:541} INFO - Filling up the DagBag from /opt/airflow/dags/example.py
[2025-02-07T12:00:38.962+0000] {processor.py:836} INFO - DAG(s) dict_keys(['example_dag']) retrieved from /opt/airflow/dags/example.py
[2025-02-07T12:00:39.005+0000] {logging_mixin.py:150} INFO - [2025-02-07T12:00:39.005+0000] {dag.py:2742} INFO - Sync 1 DAGs
[2025-02-07T12:00:39.039+0000] {logging_mixin.py:150} INFO - [2025-02-07T12:00:39.039+0000] {dag.py:3504} INFO - Setting next_dagrun for example_dag to 2024-01-01T00:00:00+00:00, run_after=2024-01-02T00:00:00+00:00
[2025-02-07T12:00:39.066+0000] {processor.py:179} INFO - Processing /opt/airflow/dags/example.py took 0.139 seconds
[2025-02-07T12:01:09.384+0000] {processor.py:157} INFO - Started process (PID=1071) to work on /opt/airflow/dags/example.py
[2025-02-07T12:01:09.388+0000] {processor.py:826} INFO - Processing file /opt/airflow/dags/example.py for tasks to queue
[2025-02-07T12:01:09.392+0000] {logging_mixin.py:150} INFO - [2025-02-07T12:01:09.392+0000] {dagbag.py:541} INFO - Filling up the DagBag from /opt/airflow/dags/example.py
[2025-02-07T12:01:09.452+0000] {processor.py:836} INFO - DAG(s) dict_keys(['example_dag']) retrieved from /opt/airflow/dags/example.py
[2025-02-07T12:01:09.598+0000] {logging_mixin.py:150} INFO - [2025-02-07T12:01:09.598+0000] {dag.py:2742} INFO - Sync 1 DAGs
[2025-02-07T12:01:09.691+0000] {logging_mixin.py:150} INFO - [2025-02-07T12:01:09.691+0000] {dag.py:3504} INFO - Setting next_dagrun for example_dag to 2024-01-01T00:00:00+00:00, run_after=2024-01-02T00:00:00+00:00
[2025-02-07T12:01:09.770+0000] {processor.py:179} INFO - Processing /opt/airflow/dags/example.py took 0.403 seconds
[2025-02-07T12:01:40.574+0000] {processor.py:157} INFO - Started process (PID=1178) to work on /opt/airflow/dags/example.py
[2025-02-07T12:01:40.579+0000] {processor.py:826} INFO - Processing file /opt/airflow/dags/example.py for tasks to queue
[2025-02-07T12:01:40.585+0000] {logging_mixin.py:150} INFO - [2025-02-07T12:01:40.584+0000] {dagbag.py:541} INFO - Filling up the DagBag from /opt/airflow/dags/example.py
[2025-02-07T12:01:40.734+0000] {processor.py:836} INFO - DAG(s) dict_keys(['example_dag']) retrieved from /opt/airflow/dags/example.py
[2025-02-07T12:01:41.102+0000] {logging_mixin.py:150} INFO - [2025-02-07T12:01:41.101+0000] {dag.py:2742} INFO - Sync 1 DAGs
[2025-02-07T12:01:41.343+0000] {logging_mixin.py:150} INFO - [2025-02-07T12:01:41.342+0000] {dag.py:3504} INFO - Setting next_dagrun for example_dag to 2024-01-01T00:00:00+00:00, run_after=2024-01-02T00:00:00+00:00
[2025-02-07T12:01:42.128+0000] {processor.py:179} INFO - Processing /opt/airflow/dags/example.py took 1.582 seconds
[2025-02-07T12:02:12.496+0000] {processor.py:157} INFO - Started process (PID=1295) to work on /opt/airflow/dags/example.py
[2025-02-07T12:02:12.503+0000] {processor.py:826} INFO - Processing file /opt/airflow/dags/example.py for tasks to queue
[2025-02-07T12:02:12.508+0000] {logging_mixin.py:150} INFO - [2025-02-07T12:02:12.507+0000] {dagbag.py:541} INFO - Filling up the DagBag from /opt/airflow/dags/example.py
[2025-02-07T12:02:12.638+0000] {processor.py:836} INFO - DAG(s) dict_keys(['example_dag']) retrieved from /opt/airflow/dags/example.py
[2025-02-07T12:02:12.948+0000] {logging_mixin.py:150} INFO - [2025-02-07T12:02:12.947+0000] {dag.py:2742} INFO - Sync 1 DAGs
[2025-02-07T12:02:13.112+0000] {logging_mixin.py:150} INFO - [2025-02-07T12:02:13.112+0000] {dag.py:3504} INFO - Setting next_dagrun for example_dag to 2024-01-01T00:00:00+00:00, run_after=2024-01-02T00:00:00+00:00
[2025-02-07T12:02:13.173+0000] {processor.py:179} INFO - Processing /opt/airflow/dags/example.py took 0.709 seconds
[2025-02-07T12:02:43.414+0000] {processor.py:157} INFO - Started process (PID=1350) to work on /opt/airflow/dags/example.py
[2025-02-07T12:02:43.417+0000] {processor.py:826} INFO - Processing file /opt/airflow/dags/example.py for tasks to queue
[2025-02-07T12:02:43.426+0000] {logging_mixin.py:150} INFO - [2025-02-07T12:02:43.425+0000] {dagbag.py:541} INFO - Filling up the DagBag from /opt/airflow/dags/example.py
[2025-02-07T12:02:43.822+0000] {processor.py:836} INFO - DAG(s) dict_keys(['example_dag']) retrieved from /opt/airflow/dags/example.py
[2025-02-07T12:02:44.188+0000] {logging_mixin.py:150} INFO - [2025-02-07T12:02:44.188+0000] {dag.py:2742} INFO - Sync 1 DAGs
[2025-02-07T12:02:44.404+0000] {logging_mixin.py:150} INFO - [2025-02-07T12:02:44.404+0000] {dag.py:3504} INFO - Setting next_dagrun for example_dag to 2024-01-01T00:00:00+00:00, run_after=2024-01-02T00:00:00+00:00
[2025-02-07T12:02:44.476+0000] {processor.py:179} INFO - Processing /opt/airflow/dags/example.py took 1.073 seconds
[2025-02-07T12:03:15.492+0000] {processor.py:157} INFO - Started process (PID=1588) to work on /opt/airflow/dags/example.py
[2025-02-07T12:03:15.511+0000] {processor.py:826} INFO - Processing file /opt/airflow/dags/example.py for tasks to queue
[2025-02-07T12:03:15.515+0000] {logging_mixin.py:150} INFO - [2025-02-07T12:03:15.514+0000] {dagbag.py:541} INFO - Filling up the DagBag from /opt/airflow/dags/example.py
[2025-02-07T12:03:15.553+0000] {processor.py:836} INFO - DAG(s) dict_keys(['example_dag']) retrieved from /opt/airflow/dags/example.py
[2025-02-07T12:03:15.599+0000] {logging_mixin.py:150} INFO - [2025-02-07T12:03:15.599+0000] {dag.py:2742} INFO - Sync 1 DAGs
[2025-02-07T12:03:15.629+0000] {logging_mixin.py:150} INFO - [2025-02-07T12:03:15.628+0000] {dag.py:3504} INFO - Setting next_dagrun for example_dag to 2024-01-01T00:00:00+00:00, run_after=2024-01-02T00:00:00+00:00
[2025-02-07T12:03:15.658+0000] {processor.py:179} INFO - Processing /opt/airflow/dags/example.py took 0.171 seconds
[2025-02-07T12:03:46.191+0000] {processor.py:157} INFO - Started process (PID=1599) to work on /opt/airflow/dags/example.py
[2025-02-07T12:03:46.192+0000] {processor.py:826} INFO - Processing file /opt/airflow/dags/example.py for tasks to queue
[2025-02-07T12:03:46.194+0000] {logging_mixin.py:150} INFO - [2025-02-07T12:03:46.193+0000] {dagbag.py:541} INFO - Filling up the DagBag from /opt/airflow/dags/example.py
[2025-02-07T12:03:46.218+0000] {processor.py:836} INFO - DAG(s) dict_keys(['example_dag']) retrieved from /opt/airflow/dags/example.py
[2025-02-07T12:03:46.252+0000] {logging_mixin.py:150} INFO - [2025-02-07T12:03:46.251+0000] {dag.py:2742} INFO - Sync 1 DAGs
[2025-02-07T12:03:46.281+0000] {logging_mixin.py:150} INFO - [2025-02-07T12:03:46.281+0000] {dag.py:3504} INFO - Setting next_dagrun for example_dag to 2024-01-01T00:00:00+00:00, run_after=2024-01-02T00:00:00+00:00
[2025-02-07T12:03:46.304+0000] {processor.py:179} INFO - Processing /opt/airflow/dags/example.py took 0.117 seconds
[2025-02-07T12:04:16.953+0000] {processor.py:157} INFO - Started process (PID=1610) to work on /opt/airflow/dags/example.py
[2025-02-07T12:04:16.955+0000] {processor.py:826} INFO - Processing file /opt/airflow/dags/example.py for tasks to queue
[2025-02-07T12:04:16.956+0000] {logging_mixin.py:150} INFO - [2025-02-07T12:04:16.956+0000] {dagbag.py:541} INFO - Filling up the DagBag from /opt/airflow/dags/example.py
[2025-02-07T12:04:16.978+0000] {processor.py:836} INFO - DAG(s) dict_keys(['example_dag']) retrieved from /opt/airflow/dags/example.py
[2025-02-07T12:04:17.025+0000] {logging_mixin.py:150} INFO - [2025-02-07T12:04:17.025+0000] {dag.py:2742} INFO - Sync 1 DAGs
[2025-02-07T12:04:17.061+0000] {logging_mixin.py:150} INFO - [2025-02-07T12:04:17.061+0000] {dag.py:3504} INFO - Setting next_dagrun for example_dag to 2024-01-01T00:00:00+00:00, run_after=2024-01-02T00:00:00+00:00
[2025-02-07T12:04:17.085+0000] {processor.py:179} INFO - Processing /opt/airflow/dags/example.py took 0.137 seconds
[2025-02-07T12:04:47.376+0000] {processor.py:157} INFO - Started process (PID=1621) to work on /opt/airflow/dags/example.py
[2025-02-07T12:04:47.378+0000] {processor.py:826} INFO - Processing file /opt/airflow/dags/example.py for tasks to queue
[2025-02-07T12:04:47.380+0000] {logging_mixin.py:150} INFO - [2025-02-07T12:04:47.379+0000] {dagbag.py:541} INFO - Filling up the DagBag from /opt/airflow/dags/example.py
[2025-02-07T12:04:47.412+0000] {processor.py:836} INFO - DAG(s) dict_keys(['example_dag']) retrieved from /opt/airflow/dags/example.py
[2025-02-07T12:04:47.445+0000] {logging_mixin.py:150} INFO - [2025-02-07T12:04:47.445+0000] {dag.py:2742} INFO - Sync 1 DAGs
[2025-02-07T12:04:47.475+0000] {logging_mixin.py:150} INFO - [2025-02-07T12:04:47.475+0000] {dag.py:3504} INFO - Setting next_dagrun for example_dag to 2024-01-01T00:00:00+00:00, run_after=2024-01-02T00:00:00+00:00
[2025-02-07T12:04:47.496+0000] {processor.py:179} INFO - Processing /opt/airflow/dags/example.py took 0.124 seconds
[2025-02-07T12:05:18.266+0000] {processor.py:157} INFO - Started process (PID=1632) to work on /opt/airflow/dags/example.py
[2025-02-07T12:05:18.269+0000] {processor.py:826} INFO - Processing file /opt/airflow/dags/example.py for tasks to queue
[2025-02-07T12:05:18.272+0000] {logging_mixin.py:150} INFO - [2025-02-07T12:05:18.271+0000] {dagbag.py:541} INFO - Filling up the DagBag from /opt/airflow/dags/example.py
[2025-02-07T12:05:18.305+0000] {processor.py:836} INFO - DAG(s) dict_keys(['example_dag']) retrieved from /opt/airflow/dags/example.py
[2025-02-07T12:05:18.371+0000] {logging_mixin.py:150} INFO - [2025-02-07T12:05:18.370+0000] {dag.py:2742} INFO - Sync 1 DAGs
[2025-02-07T12:05:18.414+0000] {logging_mixin.py:150} INFO - [2025-02-07T12:05:18.413+0000] {dag.py:3504} INFO - Setting next_dagrun for example_dag to 2024-01-01T00:00:00+00:00, run_after=2024-01-02T00:00:00+00:00
[2025-02-07T12:05:18.441+0000] {processor.py:179} INFO - Processing /opt/airflow/dags/example.py took 0.182 seconds
[2025-02-07T12:05:49.061+0000] {processor.py:157} INFO - Started process (PID=1643) to work on /opt/airflow/dags/example.py
[2025-02-07T12:05:49.065+0000] {processor.py:826} INFO - Processing file /opt/airflow/dags/example.py for tasks to queue
[2025-02-07T12:05:49.070+0000] {logging_mixin.py:150} INFO - [2025-02-07T12:05:49.069+0000] {dagbag.py:541} INFO - Filling up the DagBag from /opt/airflow/dags/example.py
[2025-02-07T12:05:49.102+0000] {processor.py:836} INFO - DAG(s) dict_keys(['example_dag']) retrieved from /opt/airflow/dags/example.py
[2025-02-07T12:05:49.135+0000] {logging_mixin.py:150} INFO - [2025-02-07T12:05:49.135+0000] {dag.py:2742} INFO - Sync 1 DAGs
[2025-02-07T12:05:49.161+0000] {logging_mixin.py:150} INFO - [2025-02-07T12:05:49.161+0000] {dag.py:3504} INFO - Setting next_dagrun for example_dag to 2024-01-01T00:00:00+00:00, run_after=2024-01-02T00:00:00+00:00
[2025-02-07T12:05:49.184+0000] {processor.py:179} INFO - Processing /opt/airflow/dags/example.py took 0.127 seconds
[2025-02-07T12:06:19.943+0000] {processor.py:157} INFO - Started process (PID=1654) to work on /opt/airflow/dags/example.py
[2025-02-07T12:06:19.945+0000] {processor.py:826} INFO - Processing file /opt/airflow/dags/example.py for tasks to queue
[2025-02-07T12:06:19.946+0000] {logging_mixin.py:150} INFO - [2025-02-07T12:06:19.945+0000] {dagbag.py:541} INFO - Filling up the DagBag from /opt/airflow/dags/example.py
[2025-02-07T12:06:19.964+0000] {processor.py:836} INFO - DAG(s) dict_keys(['example_dag']) retrieved from /opt/airflow/dags/example.py
[2025-02-07T12:06:20.075+0000] {logging_mixin.py:150} INFO - [2025-02-07T12:06:20.075+0000] {dag.py:2742} INFO - Sync 1 DAGs
[2025-02-07T12:06:20.120+0000] {logging_mixin.py:150} INFO - [2025-02-07T12:06:20.119+0000] {dag.py:3504} INFO - Setting next_dagrun for example_dag to 2024-01-01T00:00:00+00:00, run_after=2024-01-02T00:00:00+00:00
[2025-02-07T12:06:20.141+0000] {processor.py:179} INFO - Processing /opt/airflow/dags/example.py took 0.203 seconds
[2025-02-07T12:06:50.930+0000] {processor.py:157} INFO - Started process (PID=1665) to work on /opt/airflow/dags/example.py
[2025-02-07T12:06:50.932+0000] {processor.py:826} INFO - Processing file /opt/airflow/dags/example.py for tasks to queue
[2025-02-07T12:06:50.933+0000] {logging_mixin.py:150} INFO - [2025-02-07T12:06:50.933+0000] {dagbag.py:541} INFO - Filling up the DagBag from /opt/airflow/dags/example.py
[2025-02-07T12:06:50.951+0000] {processor.py:836} INFO - DAG(s) dict_keys(['example_dag']) retrieved from /opt/airflow/dags/example.py
[2025-02-07T12:06:50.983+0000] {logging_mixin.py:150} INFO - [2025-02-07T12:06:50.983+0000] {dag.py:2742} INFO - Sync 1 DAGs
[2025-02-07T12:06:51.011+0000] {logging_mixin.py:150} INFO - [2025-02-07T12:06:51.011+0000] {dag.py:3504} INFO - Setting next_dagrun for example_dag to 2024-01-01T00:00:00+00:00, run_after=2024-01-02T00:00:00+00:00
[2025-02-07T12:06:51.034+0000] {processor.py:179} INFO - Processing /opt/airflow/dags/example.py took 0.107 seconds
[2025-02-07T12:07:21.765+0000] {processor.py:157} INFO - Started process (PID=1676) to work on /opt/airflow/dags/example.py
[2025-02-07T12:07:21.767+0000] {processor.py:826} INFO - Processing file /opt/airflow/dags/example.py for tasks to queue
[2025-02-07T12:07:21.768+0000] {logging_mixin.py:150} INFO - [2025-02-07T12:07:21.767+0000] {dagbag.py:541} INFO - Filling up the DagBag from /opt/airflow/dags/example.py
[2025-02-07T12:07:21.787+0000] {processor.py:836} INFO - DAG(s) dict_keys(['example_dag']) retrieved from /opt/airflow/dags/example.py
[2025-02-07T12:07:21.819+0000] {logging_mixin.py:150} INFO - [2025-02-07T12:07:21.818+0000] {dag.py:2742} INFO - Sync 1 DAGs
[2025-02-07T12:07:21.845+0000] {logging_mixin.py:150} INFO - [2025-02-07T12:07:21.845+0000] {dag.py:3504} INFO - Setting next_dagrun for example_dag to 2024-01-01T00:00:00+00:00, run_after=2024-01-02T00:00:00+00:00
[2025-02-07T12:07:21.866+0000] {processor.py:179} INFO - Processing /opt/airflow/dags/example.py took 0.105 seconds
[2025-02-07T12:07:52.677+0000] {processor.py:157} INFO - Started process (PID=1687) to work on /opt/airflow/dags/example.py
[2025-02-07T12:07:52.679+0000] {processor.py:826} INFO - Processing file /opt/airflow/dags/example.py for tasks to queue
[2025-02-07T12:07:52.680+0000] {logging_mixin.py:150} INFO - [2025-02-07T12:07:52.680+0000] {dagbag.py:541} INFO - Filling up the DagBag from /opt/airflow/dags/example.py
[2025-02-07T12:07:52.700+0000] {processor.py:836} INFO - DAG(s) dict_keys(['example_dag']) retrieved from /opt/airflow/dags/example.py
[2025-02-07T12:07:52.732+0000] {logging_mixin.py:150} INFO - [2025-02-07T12:07:52.732+0000] {dag.py:2742} INFO - Sync 1 DAGs
[2025-02-07T12:07:52.758+0000] {logging_mixin.py:150} INFO - [2025-02-07T12:07:52.758+0000] {dag.py:3504} INFO - Setting next_dagrun for example_dag to 2024-01-01T00:00:00+00:00, run_after=2024-01-02T00:00:00+00:00
[2025-02-07T12:07:52.779+0000] {processor.py:179} INFO - Processing /opt/airflow/dags/example.py took 0.106 seconds
[2025-02-07T12:08:23.524+0000] {processor.py:157} INFO - Started process (PID=1698) to work on /opt/airflow/dags/example.py
[2025-02-07T12:08:23.527+0000] {processor.py:826} INFO - Processing file /opt/airflow/dags/example.py for tasks to queue
[2025-02-07T12:08:23.528+0000] {logging_mixin.py:150} INFO - [2025-02-07T12:08:23.528+0000] {dagbag.py:541} INFO - Filling up the DagBag from /opt/airflow/dags/example.py
[2025-02-07T12:08:23.601+0000] {processor.py:836} INFO - DAG(s) dict_keys(['example_dag']) retrieved from /opt/airflow/dags/example.py
[2025-02-07T12:08:23.648+0000] {logging_mixin.py:150} INFO - [2025-02-07T12:08:23.648+0000] {dag.py:2742} INFO - Sync 1 DAGs
[2025-02-07T12:08:23.680+0000] {logging_mixin.py:150} INFO - [2025-02-07T12:08:23.680+0000] {dag.py:3504} INFO - Setting next_dagrun for example_dag to 2024-01-01T00:00:00+00:00, run_after=2024-01-02T00:00:00+00:00
[2025-02-07T12:08:23.702+0000] {processor.py:179} INFO - Processing /opt/airflow/dags/example.py took 0.183 seconds
[2025-02-07T12:08:53.817+0000] {processor.py:157} INFO - Started process (PID=1709) to work on /opt/airflow/dags/example.py
[2025-02-07T12:08:53.820+0000] {processor.py:826} INFO - Processing file /opt/airflow/dags/example.py for tasks to queue
[2025-02-07T12:08:53.822+0000] {logging_mixin.py:150} INFO - [2025-02-07T12:08:53.821+0000] {dagbag.py:541} INFO - Filling up the DagBag from /opt/airflow/dags/example.py
[2025-02-07T12:08:53.851+0000] {processor.py:836} INFO - DAG(s) dict_keys(['example_dag']) retrieved from /opt/airflow/dags/example.py
[2025-02-07T12:08:53.897+0000] {logging_mixin.py:150} INFO - [2025-02-07T12:08:53.897+0000] {dag.py:2742} INFO - Sync 1 DAGs
[2025-02-07T12:08:53.977+0000] {logging_mixin.py:150} INFO - [2025-02-07T12:08:53.976+0000] {dag.py:3504} INFO - Setting next_dagrun for example_dag to 2024-01-01T00:00:00+00:00, run_after=2024-01-02T00:00:00+00:00
[2025-02-07T12:08:54.014+0000] {processor.py:179} INFO - Processing /opt/airflow/dags/example.py took 0.205 seconds
[2025-02-07T12:09:24.275+0000] {processor.py:157} INFO - Started process (PID=1720) to work on /opt/airflow/dags/example.py
[2025-02-07T12:09:24.278+0000] {processor.py:826} INFO - Processing file /opt/airflow/dags/example.py for tasks to queue
[2025-02-07T12:09:24.281+0000] {logging_mixin.py:150} INFO - [2025-02-07T12:09:24.280+0000] {dagbag.py:541} INFO - Filling up the DagBag from /opt/airflow/dags/example.py
[2025-02-07T12:09:24.334+0000] {processor.py:836} INFO - DAG(s) dict_keys(['example_dag']) retrieved from /opt/airflow/dags/example.py
[2025-02-07T12:09:24.412+0000] {logging_mixin.py:150} INFO - [2025-02-07T12:09:24.412+0000] {dag.py:2742} INFO - Sync 1 DAGs
[2025-02-07T12:09:24.476+0000] {logging_mixin.py:150} INFO - [2025-02-07T12:09:24.475+0000] {dag.py:3504} INFO - Setting next_dagrun for example_dag to 2024-01-01T00:00:00+00:00, run_after=2024-01-02T00:00:00+00:00
[2025-02-07T12:09:24.519+0000] {processor.py:179} INFO - Processing /opt/airflow/dags/example.py took 0.252 seconds
[2025-02-07T12:09:54.664+0000] {processor.py:157} INFO - Started process (PID=1731) to work on /opt/airflow/dags/example.py
[2025-02-07T12:09:54.671+0000] {processor.py:826} INFO - Processing file /opt/airflow/dags/example.py for tasks to queue
[2025-02-07T12:09:54.676+0000] {logging_mixin.py:150} INFO - [2025-02-07T12:09:54.674+0000] {dagbag.py:541} INFO - Filling up the DagBag from /opt/airflow/dags/example.py
[2025-02-07T12:09:55.187+0000] {processor.py:836} INFO - DAG(s) dict_keys(['example_dag']) retrieved from /opt/airflow/dags/example.py
[2025-02-07T12:09:55.915+0000] {logging_mixin.py:150} INFO - [2025-02-07T12:09:55.915+0000] {dag.py:2742} INFO - Sync 1 DAGs
[2025-02-07T12:09:56.123+0000] {logging_mixin.py:150} INFO - [2025-02-07T12:09:56.123+0000] {dag.py:3504} INFO - Setting next_dagrun for example_dag to 2024-01-01T00:00:00+00:00, run_after=2024-01-02T00:00:00+00:00
[2025-02-07T12:09:56.219+0000] {processor.py:179} INFO - Processing /opt/airflow/dags/example.py took 1.562 seconds
[2025-02-07T12:10:26.502+0000] {processor.py:157} INFO - Started process (PID=1742) to work on /opt/airflow/dags/example.py
[2025-02-07T12:10:26.503+0000] {processor.py:826} INFO - Processing file /opt/airflow/dags/example.py for tasks to queue
[2025-02-07T12:10:26.505+0000] {logging_mixin.py:150} INFO - [2025-02-07T12:10:26.505+0000] {dagbag.py:541} INFO - Filling up the DagBag from /opt/airflow/dags/example.py
[2025-02-07T12:10:26.535+0000] {processor.py:836} INFO - DAG(s) dict_keys(['example_dag']) retrieved from /opt/airflow/dags/example.py
[2025-02-07T12:10:26.583+0000] {logging_mixin.py:150} INFO - [2025-02-07T12:10:26.583+0000] {dag.py:2742} INFO - Sync 1 DAGs
[2025-02-07T12:10:26.635+0000] {logging_mixin.py:150} INFO - [2025-02-07T12:10:26.635+0000] {dag.py:3504} INFO - Setting next_dagrun for example_dag to 2024-01-01T00:00:00+00:00, run_after=2024-01-02T00:00:00+00:00
[2025-02-07T12:10:26.661+0000] {processor.py:179} INFO - Processing /opt/airflow/dags/example.py took 0.164 seconds
[2025-02-07T12:10:57.305+0000] {processor.py:157} INFO - Started process (PID=1753) to work on /opt/airflow/dags/example.py
[2025-02-07T12:10:57.307+0000] {processor.py:826} INFO - Processing file /opt/airflow/dags/example.py for tasks to queue
[2025-02-07T12:10:57.308+0000] {logging_mixin.py:150} INFO - [2025-02-07T12:10:57.307+0000] {dagbag.py:541} INFO - Filling up the DagBag from /opt/airflow/dags/example.py
[2025-02-07T12:10:57.331+0000] {processor.py:836} INFO - DAG(s) dict_keys(['example_dag']) retrieved from /opt/airflow/dags/example.py
[2025-02-07T12:10:57.443+0000] {logging_mixin.py:150} INFO - [2025-02-07T12:10:57.443+0000] {dag.py:2742} INFO - Sync 1 DAGs
[2025-02-07T12:10:57.473+0000] {logging_mixin.py:150} INFO - [2025-02-07T12:10:57.473+0000] {dag.py:3504} INFO - Setting next_dagrun for example_dag to 2024-01-01T00:00:00+00:00, run_after=2024-01-02T00:00:00+00:00
[2025-02-07T12:10:57.495+0000] {processor.py:179} INFO - Processing /opt/airflow/dags/example.py took 0.195 seconds
[2025-02-07T12:11:28.296+0000] {processor.py:157} INFO - Started process (PID=1764) to work on /opt/airflow/dags/example.py
[2025-02-07T12:11:28.298+0000] {processor.py:826} INFO - Processing file /opt/airflow/dags/example.py for tasks to queue
[2025-02-07T12:11:28.299+0000] {logging_mixin.py:150} INFO - [2025-02-07T12:11:28.299+0000] {dagbag.py:541} INFO - Filling up the DagBag from /opt/airflow/dags/example.py
[2025-02-07T12:11:28.324+0000] {processor.py:836} INFO - DAG(s) dict_keys(['example_dag']) retrieved from /opt/airflow/dags/example.py
[2025-02-07T12:11:28.513+0000] {logging_mixin.py:150} INFO - [2025-02-07T12:11:28.513+0000] {dag.py:2742} INFO - Sync 1 DAGs
[2025-02-07T12:11:28.642+0000] {logging_mixin.py:150} INFO - [2025-02-07T12:11:28.642+0000] {dag.py:3504} INFO - Setting next_dagrun for example_dag to 2024-01-01T00:00:00+00:00, run_after=2024-01-02T00:00:00+00:00
[2025-02-07T12:11:28.677+0000] {processor.py:179} INFO - Processing /opt/airflow/dags/example.py took 0.385 seconds
[2025-02-07T12:11:59.549+0000] {processor.py:157} INFO - Started process (PID=1777) to work on /opt/airflow/dags/example.py
[2025-02-07T12:11:59.551+0000] {processor.py:826} INFO - Processing file /opt/airflow/dags/example.py for tasks to queue
[2025-02-07T12:11:59.552+0000] {logging_mixin.py:150} INFO - [2025-02-07T12:11:59.552+0000] {dagbag.py:541} INFO - Filling up the DagBag from /opt/airflow/dags/example.py
[2025-02-07T12:11:59.576+0000] {processor.py:836} INFO - DAG(s) dict_keys(['example_dag']) retrieved from /opt/airflow/dags/example.py
[2025-02-07T12:11:59.620+0000] {logging_mixin.py:150} INFO - [2025-02-07T12:11:59.620+0000] {dag.py:2742} INFO - Sync 1 DAGs
[2025-02-07T12:11:59.649+0000] {logging_mixin.py:150} INFO - [2025-02-07T12:11:59.649+0000] {dag.py:3504} INFO - Setting next_dagrun for example_dag to 2024-01-01T00:00:00+00:00, run_after=2024-01-02T00:00:00+00:00
[2025-02-07T12:11:59.672+0000] {processor.py:179} INFO - Processing /opt/airflow/dags/example.py took 0.128 seconds
[2025-02-07T12:12:30.323+0000] {processor.py:157} INFO - Started process (PID=1788) to work on /opt/airflow/dags/example.py
[2025-02-07T12:12:30.326+0000] {processor.py:826} INFO - Processing file /opt/airflow/dags/example.py for tasks to queue
[2025-02-07T12:12:30.329+0000] {logging_mixin.py:150} INFO - [2025-02-07T12:12:30.329+0000] {dagbag.py:541} INFO - Filling up the DagBag from /opt/airflow/dags/example.py
[2025-02-07T12:12:30.372+0000] {processor.py:836} INFO - DAG(s) dict_keys(['example_dag']) retrieved from /opt/airflow/dags/example.py
[2025-02-07T12:12:30.406+0000] {logging_mixin.py:150} INFO - [2025-02-07T12:12:30.406+0000] {dag.py:2742} INFO - Sync 1 DAGs
[2025-02-07T12:12:30.437+0000] {logging_mixin.py:150} INFO - [2025-02-07T12:12:30.437+0000] {dag.py:3504} INFO - Setting next_dagrun for example_dag to 2024-01-01T00:00:00+00:00, run_after=2024-01-02T00:00:00+00:00
[2025-02-07T12:12:30.462+0000] {processor.py:179} INFO - Processing /opt/airflow/dags/example.py took 0.143 seconds
[2025-02-07T12:13:01.281+0000] {processor.py:157} INFO - Started process (PID=1799) to work on /opt/airflow/dags/example.py
[2025-02-07T12:13:01.282+0000] {processor.py:826} INFO - Processing file /opt/airflow/dags/example.py for tasks to queue
[2025-02-07T12:13:01.284+0000] {logging_mixin.py:150} INFO - [2025-02-07T12:13:01.283+0000] {dagbag.py:541} INFO - Filling up the DagBag from /opt/airflow/dags/example.py
[2025-02-07T12:13:01.304+0000] {processor.py:836} INFO - DAG(s) dict_keys(['example_dag']) retrieved from /opt/airflow/dags/example.py
[2025-02-07T12:13:01.370+0000] {logging_mixin.py:150} INFO - [2025-02-07T12:13:01.370+0000] {dag.py:2742} INFO - Sync 1 DAGs
[2025-02-07T12:13:01.399+0000] {logging_mixin.py:150} INFO - [2025-02-07T12:13:01.399+0000] {dag.py:3504} INFO - Setting next_dagrun for example_dag to 2024-01-01T00:00:00+00:00, run_after=2024-01-02T00:00:00+00:00
[2025-02-07T12:13:01.423+0000] {processor.py:179} INFO - Processing /opt/airflow/dags/example.py took 0.147 seconds
[2025-02-07T12:13:32.314+0000] {processor.py:157} INFO - Started process (PID=1810) to work on /opt/airflow/dags/example.py
[2025-02-07T12:13:32.330+0000] {processor.py:826} INFO - Processing file /opt/airflow/dags/example.py for tasks to queue
[2025-02-07T12:13:32.352+0000] {logging_mixin.py:150} INFO - [2025-02-07T12:13:32.347+0000] {dagbag.py:541} INFO - Filling up the DagBag from /opt/airflow/dags/example.py
[2025-02-07T12:13:32.919+0000] {processor.py:836} INFO - DAG(s) dict_keys(['example_dag']) retrieved from /opt/airflow/dags/example.py
[2025-02-07T12:13:34.723+0000] {logging_mixin.py:150} INFO - [2025-02-07T12:13:34.720+0000] {dag.py:2742} INFO - Sync 1 DAGs
[2025-02-07T12:13:34.904+0000] {logging_mixin.py:150} INFO - [2025-02-07T12:13:34.903+0000] {dag.py:3504} INFO - Setting next_dagrun for example_dag to 2024-01-01T00:00:00+00:00, run_after=2024-01-02T00:00:00+00:00
[2025-02-07T12:13:35.003+0000] {processor.py:179} INFO - Processing /opt/airflow/dags/example.py took 2.703 seconds
[2025-02-07T12:19:05.846+0000] {processor.py:157} INFO - Started process (PID=1824) to work on /opt/airflow/dags/example.py
[2025-02-07T12:19:05.853+0000] {processor.py:826} INFO - Processing file /opt/airflow/dags/example.py for tasks to queue
[2025-02-07T12:19:05.859+0000] {logging_mixin.py:150} INFO - [2025-02-07T12:19:05.858+0000] {dagbag.py:541} INFO - Filling up the DagBag from /opt/airflow/dags/example.py
[2025-02-07T12:19:05.928+0000] {processor.py:836} INFO - DAG(s) dict_keys(['example_dag']) retrieved from /opt/airflow/dags/example.py
[2025-02-07T12:19:06.046+0000] {logging_mixin.py:150} INFO - [2025-02-07T12:19:06.046+0000] {dag.py:2742} INFO - Sync 1 DAGs
[2025-02-07T12:19:06.092+0000] {logging_mixin.py:150} INFO - [2025-02-07T12:19:06.092+0000] {dag.py:3504} INFO - Setting next_dagrun for example_dag to 2024-01-01T00:00:00+00:00, run_after=2024-01-02T00:00:00+00:00
[2025-02-07T12:19:06.116+0000] {processor.py:179} INFO - Processing /opt/airflow/dags/example.py took 0.277 seconds
[2025-02-07T12:19:55.692+0000] {processor.py:157} INFO - Started process (PID=1835) to work on /opt/airflow/dags/example.py
[2025-02-07T12:19:55.707+0000] {processor.py:826} INFO - Processing file /opt/airflow/dags/example.py for tasks to queue
[2025-02-07T12:19:55.736+0000] {logging_mixin.py:150} INFO - [2025-02-07T12:19:55.729+0000] {dagbag.py:541} INFO - Filling up the DagBag from /opt/airflow/dags/example.py
[2025-02-07T12:19:56.057+0000] {processor.py:836} INFO - DAG(s) dict_keys(['example_dag']) retrieved from /opt/airflow/dags/example.py
[2025-02-07T12:19:56.664+0000] {logging_mixin.py:150} INFO - [2025-02-07T12:19:56.662+0000] {dag.py:2742} INFO - Sync 1 DAGs
[2025-02-07T12:19:57.241+0000] {logging_mixin.py:150} INFO - [2025-02-07T12:19:57.237+0000] {dag.py:3504} INFO - Setting next_dagrun for example_dag to 2024-01-01T00:00:00+00:00, run_after=2024-01-02T00:00:00+00:00
[2025-02-07T12:19:57.609+0000] {processor.py:179} INFO - Processing /opt/airflow/dags/example.py took 2.087 seconds
[2025-02-07T12:43:55.365+0000] {processor.py:157} INFO - Started process (PID=1846) to work on /opt/airflow/dags/example.py
[2025-02-07T12:43:55.366+0000] {processor.py:826} INFO - Processing file /opt/airflow/dags/example.py for tasks to queue
[2025-02-07T12:43:55.369+0000] {logging_mixin.py:150} INFO - [2025-02-07T12:43:55.368+0000] {dagbag.py:541} INFO - Filling up the DagBag from /opt/airflow/dags/example.py
[2025-02-07T12:43:55.394+0000] {processor.py:836} INFO - DAG(s) dict_keys(['example_dag']) retrieved from /opt/airflow/dags/example.py
[2025-02-07T12:43:55.457+0000] {logging_mixin.py:150} INFO - [2025-02-07T12:43:55.457+0000] {dag.py:2742} INFO - Sync 1 DAGs
[2025-02-07T12:43:55.532+0000] {logging_mixin.py:150} INFO - [2025-02-07T12:43:55.532+0000] {dag.py:3504} INFO - Setting next_dagrun for example_dag to 2024-01-01T00:00:00+00:00, run_after=2024-01-02T00:00:00+00:00
[2025-02-07T12:43:55.568+0000] {processor.py:179} INFO - Processing /opt/airflow/dags/example.py took 0.210 seconds
[2025-02-07T12:44:43.906+0000] {processor.py:157} INFO - Started process (PID=1857) to work on /opt/airflow/dags/example.py
[2025-02-07T12:44:43.936+0000] {processor.py:826} INFO - Processing file /opt/airflow/dags/example.py for tasks to queue
[2025-02-07T12:44:43.963+0000] {logging_mixin.py:150} INFO - [2025-02-07T12:44:43.952+0000] {dagbag.py:541} INFO - Filling up the DagBag from /opt/airflow/dags/example.py
[2025-02-07T12:44:44.245+0000] {processor.py:836} INFO - DAG(s) dict_keys(['example_dag']) retrieved from /opt/airflow/dags/example.py
[2025-02-07T12:44:45.399+0000] {logging_mixin.py:150} INFO - [2025-02-07T12:44:45.395+0000] {dag.py:2742} INFO - Sync 1 DAGs
[2025-02-07T12:44:46.119+0000] {logging_mixin.py:150} INFO - [2025-02-07T12:44:46.117+0000] {dag.py:3504} INFO - Setting next_dagrun for example_dag to 2024-01-01T00:00:00+00:00, run_after=2024-01-02T00:00:00+00:00
[2025-02-07T12:44:46.599+0000] {processor.py:179} INFO - Processing /opt/airflow/dags/example.py took 2.770 seconds
[2025-02-07T12:45:16.930+0000] {processor.py:157} INFO - Started process (PID=1868) to work on /opt/airflow/dags/example.py
[2025-02-07T12:45:16.932+0000] {processor.py:826} INFO - Processing file /opt/airflow/dags/example.py for tasks to queue
[2025-02-07T12:45:16.934+0000] {logging_mixin.py:150} INFO - [2025-02-07T12:45:16.934+0000] {dagbag.py:541} INFO - Filling up the DagBag from /opt/airflow/dags/example.py
[2025-02-07T12:45:16.954+0000] {processor.py:836} INFO - DAG(s) dict_keys(['example_dag']) retrieved from /opt/airflow/dags/example.py
[2025-02-07T12:45:17.030+0000] {logging_mixin.py:150} INFO - [2025-02-07T12:45:17.030+0000] {dag.py:2742} INFO - Sync 1 DAGs
[2025-02-07T12:45:17.108+0000] {logging_mixin.py:150} INFO - [2025-02-07T12:45:17.107+0000] {dag.py:3504} INFO - Setting next_dagrun for example_dag to 2024-01-01T00:00:00+00:00, run_after=2024-01-02T00:00:00+00:00
[2025-02-07T12:45:17.169+0000] {processor.py:179} INFO - Processing /opt/airflow/dags/example.py took 0.247 seconds
[2025-02-07T12:45:47.280+0000] {processor.py:157} INFO - Started process (PID=1879) to work on /opt/airflow/dags/example.py
[2025-02-07T12:45:47.284+0000] {processor.py:826} INFO - Processing file /opt/airflow/dags/example.py for tasks to queue
[2025-02-07T12:45:47.286+0000] {logging_mixin.py:150} INFO - [2025-02-07T12:45:47.285+0000] {dagbag.py:541} INFO - Filling up the DagBag from /opt/airflow/dags/example.py
[2025-02-07T12:45:47.305+0000] {processor.py:836} INFO - DAG(s) dict_keys(['example_dag']) retrieved from /opt/airflow/dags/example.py
[2025-02-07T12:45:47.380+0000] {logging_mixin.py:150} INFO - [2025-02-07T12:45:47.379+0000] {dag.py:2742} INFO - Sync 1 DAGs
[2025-02-07T12:45:47.432+0000] {logging_mixin.py:150} INFO - [2025-02-07T12:45:47.431+0000] {dag.py:3504} INFO - Setting next_dagrun for example_dag to 2024-01-01T00:00:00+00:00, run_after=2024-01-02T00:00:00+00:00
[2025-02-07T12:45:47.471+0000] {processor.py:179} INFO - Processing /opt/airflow/dags/example.py took 0.199 seconds
[2025-02-07T12:46:17.686+0000] {processor.py:157} INFO - Started process (PID=1890) to work on /opt/airflow/dags/example.py
[2025-02-07T12:46:17.689+0000] {processor.py:826} INFO - Processing file /opt/airflow/dags/example.py for tasks to queue
[2025-02-07T12:46:17.691+0000] {logging_mixin.py:150} INFO - [2025-02-07T12:46:17.691+0000] {dagbag.py:541} INFO - Filling up the DagBag from /opt/airflow/dags/example.py
[2025-02-07T12:46:17.710+0000] {processor.py:836} INFO - DAG(s) dict_keys(['example_dag']) retrieved from /opt/airflow/dags/example.py
[2025-02-07T12:46:17.777+0000] {logging_mixin.py:150} INFO - [2025-02-07T12:46:17.777+0000] {dag.py:2742} INFO - Sync 1 DAGs
[2025-02-07T12:46:17.828+0000] {logging_mixin.py:150} INFO - [2025-02-07T12:46:17.828+0000] {dag.py:3504} INFO - Setting next_dagrun for example_dag to 2024-01-01T00:00:00+00:00, run_after=2024-01-02T00:00:00+00:00
[2025-02-07T12:46:17.866+0000] {processor.py:179} INFO - Processing /opt/airflow/dags/example.py took 0.187 seconds
[2025-02-07T12:46:48.846+0000] {processor.py:157} INFO - Started process (PID=1901) to work on /opt/airflow/dags/example.py
[2025-02-07T12:46:48.848+0000] {processor.py:826} INFO - Processing file /opt/airflow/dags/example.py for tasks to queue
[2025-02-07T12:46:48.850+0000] {logging_mixin.py:150} INFO - [2025-02-07T12:46:48.849+0000] {dagbag.py:541} INFO - Filling up the DagBag from /opt/airflow/dags/example.py
[2025-02-07T12:46:48.861+0000] {processor.py:836} INFO - DAG(s) dict_keys(['example_dag']) retrieved from /opt/airflow/dags/example.py
[2025-02-07T12:46:48.895+0000] {logging_mixin.py:150} INFO - [2025-02-07T12:46:48.895+0000] {dag.py:2742} INFO - Sync 1 DAGs
[2025-02-07T12:46:48.921+0000] {logging_mixin.py:150} INFO - [2025-02-07T12:46:48.921+0000] {dag.py:3504} INFO - Setting next_dagrun for example_dag to 2024-01-01T00:00:00+00:00, run_after=2024-01-02T00:00:00+00:00
[2025-02-07T12:46:48.943+0000] {processor.py:179} INFO - Processing /opt/airflow/dags/example.py took 0.101 seconds
