[2025-01-29T11:43:15.076+0000] {taskinstance.py:1103} INFO - Dependencies all met for dep_context=non-requeueable deps ti=<TaskInstance: spark_minio_job_read.spark_minio_task manual__2025-01-29T11:43:02.427490+00:00 [queued]>
[2025-01-29T11:43:15.087+0000] {taskinstance.py:1103} INFO - Dependencies all met for dep_context=requeueable deps ti=<TaskInstance: spark_minio_job_read.spark_minio_task manual__2025-01-29T11:43:02.427490+00:00 [queued]>
[2025-01-29T11:43:15.087+0000] {taskinstance.py:1308} INFO - Starting attempt 1 of 2
[2025-01-29T11:43:15.102+0000] {taskinstance.py:1327} INFO - Executing <Task(SparkSubmitOperator): spark_minio_task> on 2025-01-29 11:43:02.427490+00:00
[2025-01-29T11:43:15.106+0000] {standard_task_runner.py:57} INFO - Started process 2713 to run task
[2025-01-29T11:43:15.134+0000] {standard_task_runner.py:84} INFO - Running: ['***', 'tasks', 'run', 'spark_minio_job_read', 'spark_minio_task', 'manual__2025-01-29T11:43:02.427490+00:00', '--job-id', '16', '--raw', '--subdir', 'DAGS_FOLDER/spark_test_readingMinio_dag.py', '--cfg-path', '/tmp/tmpub9hvmp3']
[2025-01-29T11:43:15.141+0000] {standard_task_runner.py:85} INFO - Job 16: Subtask spark_minio_task
[2025-01-29T11:43:15.563+0000] {task_command.py:410} INFO - Running <TaskInstance: spark_minio_job_read.spark_minio_task manual__2025-01-29T11:43:02.427490+00:00 [running]> on host 98b7f20240c1
[2025-01-29T11:43:16.216+0000] {taskinstance.py:1545} INFO - Exporting env vars: AIRFLOW_CTX_DAG_OWNER='***' AIRFLOW_CTX_DAG_ID='spark_minio_job_read' AIRFLOW_CTX_TASK_ID='spark_minio_task' AIRFLOW_CTX_EXECUTION_DATE='2025-01-29T11:43:02.427490+00:00' AIRFLOW_CTX_TRY_NUMBER='1' AIRFLOW_CTX_DAG_RUN_ID='manual__2025-01-29T11:43:02.427490+00:00'
[2025-01-29T11:43:16.245+0000] {base.py:73} INFO - Using connection ID 'spark_default' for task execution.
[2025-01-29T11:43:16.251+0000] {spark_submit.py:340} INFO - Spark-Submit cmd: spark-submit --master spark://spark:7077 --conf spark.driver.extraClassPath=/opt/***/jars/* --conf spark.executor.extraClassPath=/opt/***/jars/* --conf spark.hadoop.fs.s3a.endpoint=http://minio:9000 --conf spark.hadoop.fs.s3a.access.key=minio --conf spark.hadoop.fs.s3a.secret.key=****** --conf spark.hadoop.fs.s3a.path.style.access=true --conf spark.hadoop.fs.s3a.impl=org.apache.hadoop.fs.s3a.S3AFileSystem --conf spark.hadoop.fs.s3a.aws.credentials.provider=org.apache.hadoop.fs.s3a.SimpleAWSCredentialsProvider --packages org.apache.hadoop:hadoop-aws:3.3.4,com.amazonaws:aws-java-sdk-bundle:1.11.1026 --name arrow-spark --verbose /opt/***/dags/spark_test_readingMinio.py
[2025-01-29T11:43:26.922+0000] {spark_submit.py:491} INFO - Using properties file: null
[2025-01-29T11:43:27.269+0000] {spark_submit.py:491} INFO - Parsed arguments:
[2025-01-29T11:43:27.272+0000] {spark_submit.py:491} INFO - master                  spark://spark:7077
[2025-01-29T11:43:27.274+0000] {spark_submit.py:491} INFO - remote                  null
[2025-01-29T11:43:27.283+0000] {spark_submit.py:491} INFO - deployMode              null
[2025-01-29T11:43:27.289+0000] {spark_submit.py:491} INFO - executorMemory          null
[2025-01-29T11:43:27.306+0000] {spark_submit.py:491} INFO - executorCores           null
[2025-01-29T11:43:27.308+0000] {spark_submit.py:491} INFO - totalExecutorCores      null
[2025-01-29T11:43:27.311+0000] {spark_submit.py:491} INFO - propertiesFile          null
[2025-01-29T11:43:27.312+0000] {spark_submit.py:491} INFO - driverMemory            null
[2025-01-29T11:43:27.313+0000] {spark_submit.py:491} INFO - driverCores             null
[2025-01-29T11:43:27.314+0000] {spark_submit.py:491} INFO - driverExtraClassPath    /opt/***/jars/*
[2025-01-29T11:43:27.318+0000] {spark_submit.py:491} INFO - driverExtraLibraryPath  null
[2025-01-29T11:43:27.321+0000] {spark_submit.py:491} INFO - driverExtraJavaOptions  null
[2025-01-29T11:43:27.323+0000] {spark_submit.py:491} INFO - supervise               false
[2025-01-29T11:43:27.324+0000] {spark_submit.py:491} INFO - queue                   null
[2025-01-29T11:43:27.330+0000] {spark_submit.py:491} INFO - numExecutors            null
[2025-01-29T11:43:27.336+0000] {spark_submit.py:491} INFO - files                   null
[2025-01-29T11:43:27.337+0000] {spark_submit.py:491} INFO - pyFiles                 null
[2025-01-29T11:43:27.339+0000] {spark_submit.py:491} INFO - archives                null
[2025-01-29T11:43:27.340+0000] {spark_submit.py:491} INFO - mainClass               null
[2025-01-29T11:43:27.341+0000] {spark_submit.py:491} INFO - primaryResource         file:/opt/***/dags/spark_test_readingMinio.py
[2025-01-29T11:43:27.343+0000] {spark_submit.py:491} INFO - name                    arrow-spark
[2025-01-29T11:43:27.345+0000] {spark_submit.py:491} INFO - childArgs               []
[2025-01-29T11:43:27.352+0000] {spark_submit.py:491} INFO - jars                    null
[2025-01-29T11:43:27.354+0000] {spark_submit.py:491} INFO - packages                org.apache.hadoop:hadoop-aws:3.3.4,com.amazonaws:aws-java-sdk-bundle:1.11.1026
[2025-01-29T11:43:27.356+0000] {spark_submit.py:491} INFO - packagesExclusions      null
[2025-01-29T11:43:27.358+0000] {spark_submit.py:491} INFO - repositories            null
[2025-01-29T11:43:27.359+0000] {spark_submit.py:491} INFO - verbose                 true
[2025-01-29T11:43:27.361+0000] {spark_submit.py:491} INFO - 
[2025-01-29T11:43:27.362+0000] {spark_submit.py:491} INFO - Spark properties used, including those specified through
[2025-01-29T11:43:27.363+0000] {spark_submit.py:491} INFO - --conf and those from the properties file null:
[2025-01-29T11:43:27.365+0000] {spark_submit.py:491} INFO - (spark.driver.extraClassPath,/opt/***/jars/*)
[2025-01-29T11:43:27.366+0000] {spark_submit.py:491} INFO - (spark.executor.extraClassPath,/opt/***/jars/*)
[2025-01-29T11:43:27.367+0000] {spark_submit.py:491} INFO - (spark.hadoop.fs.s3a.access.key,*********(redacted))
[2025-01-29T11:43:27.368+0000] {spark_submit.py:491} INFO - (spark.hadoop.fs.s3a.aws.credentials.provider,org.apache.hadoop.fs.s3a.SimpleAWSCredentialsProvider)
[2025-01-29T11:43:27.370+0000] {spark_submit.py:491} INFO - (spark.hadoop.fs.s3a.endpoint,http://minio:9000)
[2025-01-29T11:43:27.373+0000] {spark_submit.py:491} INFO - (spark.hadoop.fs.s3a.impl,org.apache.hadoop.fs.s3a.S3AFileSystem)
[2025-01-29T11:43:27.375+0000] {spark_submit.py:491} INFO - (spark.hadoop.fs.s3a.path.style.access,true)
[2025-01-29T11:43:27.377+0000] {spark_submit.py:491} INFO - (spark.hadoop.fs.s3a.secret.key,*********(redacted))
[2025-01-29T11:43:27.378+0000] {spark_submit.py:491} INFO - 
[2025-01-29T11:43:27.378+0000] {spark_submit.py:491} INFO - 
[2025-01-29T11:43:28.359+0000] {spark_submit.py:491} INFO - :: loading settings :: url = jar:file:/opt/spark-3.4.0-bin-hadoop3/jars/ivy-2.5.1.jar!/org/apache/ivy/core/settings/ivysettings.xml
[2025-01-29T11:43:28.574+0000] {spark_submit.py:491} INFO - Ivy Default Cache set to: /home/***/.ivy2/cache
[2025-01-29T11:43:28.575+0000] {spark_submit.py:491} INFO - The jars for the packages stored in: /home/***/.ivy2/jars
[2025-01-29T11:43:28.585+0000] {spark_submit.py:491} INFO - org.apache.hadoop#hadoop-aws added as a dependency
[2025-01-29T11:43:28.586+0000] {spark_submit.py:491} INFO - com.amazonaws#aws-java-sdk-bundle added as a dependency
[2025-01-29T11:43:28.587+0000] {spark_submit.py:491} INFO - :: resolving dependencies :: org.apache.spark#spark-submit-parent-55281a2a-99a2-42aa-8b20-acfef701fd88;1.0
[2025-01-29T11:43:28.588+0000] {spark_submit.py:491} INFO - confs: [default]
[2025-01-29T11:43:29.160+0000] {spark_submit.py:491} INFO - found org.apache.hadoop#hadoop-aws;3.3.4 in central
[2025-01-29T11:43:29.230+0000] {spark_submit.py:491} INFO - found com.amazonaws#aws-java-sdk-bundle;1.12.262 in central
[2025-01-29T11:43:29.277+0000] {spark_submit.py:491} INFO - found org.wildfly.openssl#wildfly-openssl;1.0.7.Final in central
[2025-01-29T11:43:29.336+0000] {spark_submit.py:491} INFO - :: resolution report :: resolve 731ms :: artifacts dl 17ms
[2025-01-29T11:43:29.337+0000] {spark_submit.py:491} INFO - :: modules in use:
[2025-01-29T11:43:29.337+0000] {spark_submit.py:491} INFO - com.amazonaws#aws-java-sdk-bundle;1.12.262 from central in [default]
[2025-01-29T11:43:29.340+0000] {spark_submit.py:491} INFO - org.apache.hadoop#hadoop-aws;3.3.4 from central in [default]
[2025-01-29T11:43:29.341+0000] {spark_submit.py:491} INFO - org.wildfly.openssl#wildfly-openssl;1.0.7.Final from central in [default]
[2025-01-29T11:43:29.344+0000] {spark_submit.py:491} INFO - :: evicted modules:
[2025-01-29T11:43:29.345+0000] {spark_submit.py:491} INFO - com.amazonaws#aws-java-sdk-bundle;1.11.1026 by [com.amazonaws#aws-java-sdk-bundle;1.12.262] in [default]
[2025-01-29T11:43:29.345+0000] {spark_submit.py:491} INFO - ---------------------------------------------------------------------
[2025-01-29T11:43:29.346+0000] {spark_submit.py:491} INFO - |                  |            modules            ||   artifacts   |
[2025-01-29T11:43:29.346+0000] {spark_submit.py:491} INFO - |       conf       | number| search|dwnlded|evicted|| number|dwnlded|
[2025-01-29T11:43:29.347+0000] {spark_submit.py:491} INFO - ---------------------------------------------------------------------
[2025-01-29T11:43:29.347+0000] {spark_submit.py:491} INFO - |      default     |   4   |   0   |   0   |   1   ||   3   |   0   |
[2025-01-29T11:43:29.348+0000] {spark_submit.py:491} INFO - ---------------------------------------------------------------------
[2025-01-29T11:43:29.349+0000] {spark_submit.py:491} INFO - :: retrieving :: org.apache.spark#spark-submit-parent-55281a2a-99a2-42aa-8b20-acfef701fd88
[2025-01-29T11:43:29.349+0000] {spark_submit.py:491} INFO - confs: [default]
[2025-01-29T11:43:29.360+0000] {spark_submit.py:491} INFO - 0 artifacts copied, 3 already retrieved (0kB/12ms)
[2025-01-29T11:43:30.050+0000] {spark_submit.py:491} INFO - 25/01/29 11:43:30 WARN NativeCodeLoader: Unable to load native-hadoop library for your platform... using builtin-java classes where applicable
[2025-01-29T11:43:30.522+0000] {spark_submit.py:491} INFO - Main class:
[2025-01-29T11:43:30.523+0000] {spark_submit.py:491} INFO - org.apache.spark.deploy.PythonRunner
[2025-01-29T11:43:30.524+0000] {spark_submit.py:491} INFO - Arguments:
[2025-01-29T11:43:30.524+0000] {spark_submit.py:491} INFO - file:/opt/***/dags/spark_test_readingMinio.py
[2025-01-29T11:43:30.525+0000] {spark_submit.py:491} INFO - file:///home/***/.ivy2/jars/org.apache.hadoop_hadoop-aws-3.3.4.jar,file:///home/***/.ivy2/jars/com.amazonaws_aws-java-sdk-bundle-1.12.262.jar,file:///home/***/.ivy2/jars/org.wildfly.openssl_wildfly-openssl-1.0.7.Final.jar
[2025-01-29T11:43:30.527+0000] {spark_submit.py:491} INFO - Spark config:
[2025-01-29T11:43:30.528+0000] {spark_submit.py:491} INFO - (spark.app.name,arrow-spark)
[2025-01-29T11:43:30.528+0000] {spark_submit.py:491} INFO - (spark.app.submitTime,1738151010495)
[2025-01-29T11:43:30.529+0000] {spark_submit.py:491} INFO - (spark.driver.extraClassPath,/opt/***/jars/*)
[2025-01-29T11:43:30.529+0000] {spark_submit.py:491} INFO - (spark.executor.extraClassPath,/opt/***/jars/*)
[2025-01-29T11:43:30.529+0000] {spark_submit.py:491} INFO - (spark.files,file:///home/***/.ivy2/jars/org.apache.hadoop_hadoop-aws-3.3.4.jar,file:///home/***/.ivy2/jars/com.amazonaws_aws-java-sdk-bundle-1.12.262.jar,file:///home/***/.ivy2/jars/org.wildfly.openssl_wildfly-openssl-1.0.7.Final.jar)
[2025-01-29T11:43:30.530+0000] {spark_submit.py:491} INFO - (spark.hadoop.fs.s3a.access.key,*********(redacted))
[2025-01-29T11:43:30.530+0000] {spark_submit.py:491} INFO - (spark.hadoop.fs.s3a.aws.credentials.provider,org.apache.hadoop.fs.s3a.SimpleAWSCredentialsProvider)
[2025-01-29T11:43:30.531+0000] {spark_submit.py:491} INFO - (spark.hadoop.fs.s3a.endpoint,http://minio:9000)
[2025-01-29T11:43:30.532+0000] {spark_submit.py:491} INFO - (spark.hadoop.fs.s3a.impl,org.apache.hadoop.fs.s3a.S3AFileSystem)
[2025-01-29T11:43:30.532+0000] {spark_submit.py:491} INFO - (spark.hadoop.fs.s3a.path.style.access,true)
[2025-01-29T11:43:30.533+0000] {spark_submit.py:491} INFO - (spark.hadoop.fs.s3a.secret.key,*********(redacted))
[2025-01-29T11:43:30.533+0000] {spark_submit.py:491} INFO - (spark.jars,file:///home/***/.ivy2/jars/org.apache.hadoop_hadoop-aws-3.3.4.jar,file:///home/***/.ivy2/jars/com.amazonaws_aws-java-sdk-bundle-1.12.262.jar,file:///home/***/.ivy2/jars/org.wildfly.openssl_wildfly-openssl-1.0.7.Final.jar)
[2025-01-29T11:43:30.534+0000] {spark_submit.py:491} INFO - (spark.master,spark://spark:7077)
[2025-01-29T11:43:30.534+0000] {spark_submit.py:491} INFO - (spark.repl.local.jars,file:///home/***/.ivy2/jars/org.apache.hadoop_hadoop-aws-3.3.4.jar,file:///home/***/.ivy2/jars/com.amazonaws_aws-java-sdk-bundle-1.12.262.jar,file:///home/***/.ivy2/jars/org.wildfly.openssl_wildfly-openssl-1.0.7.Final.jar)
[2025-01-29T11:43:30.535+0000] {spark_submit.py:491} INFO - (spark.submit.deployMode,client)
[2025-01-29T11:43:30.535+0000] {spark_submit.py:491} INFO - (spark.submit.pyFiles,/home/***/.ivy2/jars/org.apache.hadoop_hadoop-aws-3.3.4.jar,/home/***/.ivy2/jars/com.amazonaws_aws-java-sdk-bundle-1.12.262.jar,/home/***/.ivy2/jars/org.wildfly.openssl_wildfly-openssl-1.0.7.Final.jar)
[2025-01-29T11:43:30.536+0000] {spark_submit.py:491} INFO - Classpath elements:
[2025-01-29T11:43:30.536+0000] {spark_submit.py:491} INFO - file:///home/***/.ivy2/jars/org.apache.hadoop_hadoop-aws-3.3.4.jar
[2025-01-29T11:43:30.537+0000] {spark_submit.py:491} INFO - file:///home/***/.ivy2/jars/com.amazonaws_aws-java-sdk-bundle-1.12.262.jar
[2025-01-29T11:43:30.538+0000] {spark_submit.py:491} INFO - file:///home/***/.ivy2/jars/org.wildfly.openssl_wildfly-openssl-1.0.7.Final.jar
[2025-01-29T11:43:30.538+0000] {spark_submit.py:491} INFO - 
[2025-01-29T11:43:30.539+0000] {spark_submit.py:491} INFO - 
[2025-01-29T11:43:34.584+0000] {spark_submit.py:491} INFO - 25/01/29 11:43:34 INFO SparkContext: Running Spark version 3.4.0
[2025-01-29T11:43:34.640+0000] {spark_submit.py:491} INFO - 25/01/29 11:43:34 INFO ResourceUtils: ==============================================================
[2025-01-29T11:43:34.641+0000] {spark_submit.py:491} INFO - 25/01/29 11:43:34 INFO ResourceUtils: No custom resources configured for spark.driver.
[2025-01-29T11:43:34.641+0000] {spark_submit.py:491} INFO - 25/01/29 11:43:34 INFO ResourceUtils: ==============================================================
[2025-01-29T11:43:34.643+0000] {spark_submit.py:491} INFO - 25/01/29 11:43:34 INFO SparkContext: Submitted application: ReadFromMinIO
[2025-01-29T11:43:34.728+0000] {spark_submit.py:491} INFO - 25/01/29 11:43:34 INFO ResourceProfile: Default ResourceProfile created, executor resources: Map(memory -> name: memory, amount: 1024, script: , vendor: , offHeap -> name: offHeap, amount: 0, script: , vendor: ), task resources: Map(cpus -> name: cpus, amount: 1.0)
[2025-01-29T11:43:34.745+0000] {spark_submit.py:491} INFO - 25/01/29 11:43:34 INFO ResourceProfile: Limiting resource is cpu
[2025-01-29T11:43:34.746+0000] {spark_submit.py:491} INFO - 25/01/29 11:43:34 INFO ResourceProfileManager: Added ResourceProfile id: 0
[2025-01-29T11:43:34.909+0000] {spark_submit.py:491} INFO - 25/01/29 11:43:34 INFO SecurityManager: Changing view acls to: ***
[2025-01-29T11:43:34.910+0000] {spark_submit.py:491} INFO - 25/01/29 11:43:34 INFO SecurityManager: Changing modify acls to: ***
[2025-01-29T11:43:34.910+0000] {spark_submit.py:491} INFO - 25/01/29 11:43:34 INFO SecurityManager: Changing view acls groups to:
[2025-01-29T11:43:34.911+0000] {spark_submit.py:491} INFO - 25/01/29 11:43:34 INFO SecurityManager: Changing modify acls groups to:
[2025-01-29T11:43:34.913+0000] {spark_submit.py:491} INFO - 25/01/29 11:43:34 INFO SecurityManager: SecurityManager: authentication disabled; ui acls disabled; users with view permissions: ***; groups with view permissions: EMPTY; users with modify permissions: ***; groups with modify permissions: EMPTY
[2025-01-29T11:43:35.581+0000] {spark_submit.py:491} INFO - 25/01/29 11:43:35 INFO Utils: Successfully started service 'sparkDriver' on port 43365.
[2025-01-29T11:43:35.681+0000] {spark_submit.py:491} INFO - 25/01/29 11:43:35 INFO SparkEnv: Registering MapOutputTracker
[2025-01-29T11:43:35.805+0000] {spark_submit.py:491} INFO - 25/01/29 11:43:35 INFO SparkEnv: Registering BlockManagerMaster
[2025-01-29T11:43:35.856+0000] {spark_submit.py:491} INFO - 25/01/29 11:43:35 INFO BlockManagerMasterEndpoint: Using org.apache.spark.storage.DefaultTopologyMapper for getting topology information
[2025-01-29T11:43:35.857+0000] {spark_submit.py:491} INFO - 25/01/29 11:43:35 INFO BlockManagerMasterEndpoint: BlockManagerMasterEndpoint up
[2025-01-29T11:43:35.872+0000] {spark_submit.py:491} INFO - 25/01/29 11:43:35 INFO SparkEnv: Registering BlockManagerMasterHeartbeat
[2025-01-29T11:43:35.933+0000] {spark_submit.py:491} INFO - 25/01/29 11:43:35 INFO DiskBlockManager: Created local directory at /tmp/blockmgr-e55e70c9-f29b-4345-af9b-0f197015f917
[2025-01-29T11:43:35.987+0000] {spark_submit.py:491} INFO - 25/01/29 11:43:35 INFO MemoryStore: MemoryStore started with capacity 434.4 MiB
[2025-01-29T11:43:36.027+0000] {spark_submit.py:491} INFO - 25/01/29 11:43:36 INFO SparkEnv: Registering OutputCommitCoordinator
[2025-01-29T11:43:36.379+0000] {spark_submit.py:491} INFO - 25/01/29 11:43:36 INFO JettyUtils: Start Jetty 0.0.0.0:4040 for SparkUI
[2025-01-29T11:43:36.585+0000] {spark_submit.py:491} INFO - 25/01/29 11:43:36 INFO Utils: Successfully started service 'SparkUI' on port 4040.
[2025-01-29T11:43:36.690+0000] {spark_submit.py:491} INFO - 25/01/29 11:43:36 INFO SparkContext: Added JAR file:///home/***/.ivy2/jars/org.apache.hadoop_hadoop-aws-3.3.4.jar at spark://98b7f20240c1:43365/jars/org.apache.hadoop_hadoop-aws-3.3.4.jar with timestamp 1738151014558
[2025-01-29T11:43:36.694+0000] {spark_submit.py:491} INFO - 25/01/29 11:43:36 INFO SparkContext: Added JAR file:///home/***/.ivy2/jars/com.amazonaws_aws-java-sdk-bundle-1.12.262.jar at spark://98b7f20240c1:43365/jars/com.amazonaws_aws-java-sdk-bundle-1.12.262.jar with timestamp 1738151014558
[2025-01-29T11:43:36.698+0000] {spark_submit.py:491} INFO - 25/01/29 11:43:36 INFO SparkContext: Added JAR file:///home/***/.ivy2/jars/org.wildfly.openssl_wildfly-openssl-1.0.7.Final.jar at spark://98b7f20240c1:43365/jars/org.wildfly.openssl_wildfly-openssl-1.0.7.Final.jar with timestamp 1738151014558
[2025-01-29T11:43:36.699+0000] {spark_submit.py:491} INFO - 25/01/29 11:43:36 INFO SparkContext: Added file file:///home/***/.ivy2/jars/org.apache.hadoop_hadoop-aws-3.3.4.jar at spark://98b7f20240c1:43365/files/org.apache.hadoop_hadoop-aws-3.3.4.jar with timestamp 1738151014558
[2025-01-29T11:43:36.701+0000] {spark_submit.py:491} INFO - 25/01/29 11:43:36 INFO Utils: Copying /home/***/.ivy2/jars/org.apache.hadoop_hadoop-aws-3.3.4.jar to /tmp/spark-4bbdbda3-7039-4f8e-a99d-f395fa1f426a/userFiles-5ce0f251-b738-48c3-a166-3a7b7d16e297/org.apache.hadoop_hadoop-aws-3.3.4.jar
[2025-01-29T11:43:36.783+0000] {spark_submit.py:491} INFO - 25/01/29 11:43:36 INFO SparkContext: Added file file:///home/***/.ivy2/jars/com.amazonaws_aws-java-sdk-bundle-1.12.262.jar at spark://98b7f20240c1:43365/files/com.amazonaws_aws-java-sdk-bundle-1.12.262.jar with timestamp 1738151014558
[2025-01-29T11:43:36.784+0000] {spark_submit.py:491} INFO - 25/01/29 11:43:36 INFO Utils: Copying /home/***/.ivy2/jars/com.amazonaws_aws-java-sdk-bundle-1.12.262.jar to /tmp/spark-4bbdbda3-7039-4f8e-a99d-f395fa1f426a/userFiles-5ce0f251-b738-48c3-a166-3a7b7d16e297/com.amazonaws_aws-java-sdk-bundle-1.12.262.jar
[2025-01-29T11:43:48.136+0000] {spark_submit.py:491} INFO - 25/01/29 11:43:48 INFO SparkContext: Added file file:///home/***/.ivy2/jars/org.wildfly.openssl_wildfly-openssl-1.0.7.Final.jar at spark://98b7f20240c1:43365/files/org.wildfly.openssl_wildfly-openssl-1.0.7.Final.jar with timestamp 1738151014558
[2025-01-29T11:43:48.143+0000] {spark_submit.py:491} INFO - 25/01/29 11:43:48 INFO Utils: Copying /home/***/.ivy2/jars/org.wildfly.openssl_wildfly-openssl-1.0.7.Final.jar to /tmp/spark-4bbdbda3-7039-4f8e-a99d-f395fa1f426a/userFiles-5ce0f251-b738-48c3-a166-3a7b7d16e297/org.wildfly.openssl_wildfly-openssl-1.0.7.Final.jar
[2025-01-29T11:43:48.568+0000] {spark_submit.py:491} INFO - 25/01/29 11:43:48 INFO StandaloneAppClient$ClientEndpoint: Connecting to master spark://spark:7077...
[2025-01-29T11:43:48.752+0000] {spark_submit.py:491} INFO - 25/01/29 11:43:48 INFO TransportClientFactory: Successfully created connection to spark/172.18.0.4:7077 after 101 ms (0 ms spent in bootstraps)
[2025-01-29T11:43:49.334+0000] {spark_submit.py:491} INFO - 25/01/29 11:43:49 INFO StandaloneSchedulerBackend: Connected to Spark cluster with app ID app-20250129114349-0007
[2025-01-29T11:43:49.380+0000] {spark_submit.py:491} INFO - 25/01/29 11:43:49 INFO Utils: Successfully started service 'org.apache.spark.network.netty.NettyBlockTransferService' on port 36853.
[2025-01-29T11:43:49.381+0000] {spark_submit.py:491} INFO - 25/01/29 11:43:49 INFO NettyBlockTransferService: Server created on 98b7f20240c1:36853
[2025-01-29T11:43:49.386+0000] {spark_submit.py:491} INFO - 25/01/29 11:43:49 INFO BlockManager: Using org.apache.spark.storage.RandomBlockReplicationPolicy for block replication policy
[2025-01-29T11:43:49.423+0000] {spark_submit.py:491} INFO - 25/01/29 11:43:49 INFO BlockManagerMaster: Registering BlockManager BlockManagerId(driver, 98b7f20240c1, 36853, None)
[2025-01-29T11:43:49.428+0000] {spark_submit.py:491} INFO - 25/01/29 11:43:49 INFO StandaloneAppClient$ClientEndpoint: Executor added: app-20250129114349-0007/0 on worker-20250129092202-172.18.0.5-37723 (172.18.0.5:37723) with 2 core(s)
[2025-01-29T11:43:49.434+0000] {spark_submit.py:491} INFO - 25/01/29 11:43:49 INFO StandaloneSchedulerBackend: Granted executor ID app-20250129114349-0007/0 on hostPort 172.18.0.5:37723 with 2 core(s), 1024.0 MiB RAM
[2025-01-29T11:43:49.436+0000] {spark_submit.py:491} INFO - 25/01/29 11:43:49 INFO BlockManagerMasterEndpoint: Registering block manager 98b7f20240c1:36853 with 434.4 MiB RAM, BlockManagerId(driver, 98b7f20240c1, 36853, None)
[2025-01-29T11:43:49.443+0000] {spark_submit.py:491} INFO - 25/01/29 11:43:49 INFO BlockManagerMaster: Registered BlockManager BlockManagerId(driver, 98b7f20240c1, 36853, None)
[2025-01-29T11:43:49.445+0000] {spark_submit.py:491} INFO - 25/01/29 11:43:49 INFO BlockManager: Initialized BlockManager: BlockManagerId(driver, 98b7f20240c1, 36853, None)
[2025-01-29T11:43:50.175+0000] {spark_submit.py:491} INFO - 25/01/29 11:43:50 INFO StandaloneSchedulerBackend: SchedulerBackend is ready for scheduling beginning after reached minRegisteredResourcesRatio: 0.0
[2025-01-29T11:43:51.631+0000] {spark_submit.py:491} INFO - Reading JSON from MinIO...
[2025-01-29T11:43:51.741+0000] {spark_submit.py:491} INFO - 25/01/29 11:43:51 INFO SharedState: Setting hive.metastore.warehouse.dir ('null') to the value of spark.sql.warehouse.dir.
[2025-01-29T11:43:51.745+0000] {spark_submit.py:491} INFO - 25/01/29 11:43:51 INFO StandaloneAppClient$ClientEndpoint: Executor updated: app-20250129114349-0007/0 is now RUNNING
[2025-01-29T11:43:51.762+0000] {spark_submit.py:491} INFO - 25/01/29 11:43:51 INFO SharedState: Warehouse path is 'file:/opt/***/spark-warehouse'.
[2025-01-29T11:43:59.989+0000] {spark_submit.py:491} INFO - 25/01/29 11:43:59 WARN MetricsConfig: Cannot locate configuration: tried hadoop-metrics2-s3a-file-system.properties,hadoop-metrics2.properties
[2025-01-29T11:44:00.053+0000] {spark_submit.py:491} INFO - 25/01/29 11:44:00 INFO MetricsSystemImpl: Scheduled Metric snapshot period at 10 second(s).
[2025-01-29T11:44:00.056+0000] {spark_submit.py:491} INFO - 25/01/29 11:44:00 INFO MetricsSystemImpl: s3a-file-system metrics system started
[2025-01-29T11:44:04.526+0000] {spark_submit.py:491} INFO - 25/01/29 11:44:04 INFO InMemoryFileIndex: It took 237 ms to list leaf files for 1 paths.
[2025-01-29T11:44:05.152+0000] {spark_submit.py:491} INFO - 25/01/29 11:44:05 INFO MemoryStore: Block broadcast_0 stored as values in memory (estimated size 203.8 KiB, free 434.2 MiB)
[2025-01-29T11:44:05.521+0000] {spark_submit.py:491} INFO - 25/01/29 11:44:05 INFO MemoryStore: Block broadcast_0_piece0 stored as bytes in memory (estimated size 35.4 KiB, free 434.2 MiB)
[2025-01-29T11:44:05.538+0000] {spark_submit.py:491} INFO - 25/01/29 11:44:05 INFO BlockManagerInfo: Added broadcast_0_piece0 in memory on 98b7f20240c1:36853 (size: 35.4 KiB, free: 434.4 MiB)
[2025-01-29T11:44:05.561+0000] {spark_submit.py:491} INFO - 25/01/29 11:44:05 INFO SparkContext: Created broadcast 0 from load at NativeMethodAccessorImpl.java:0
[2025-01-29T11:44:06.973+0000] {spark_submit.py:491} INFO - 25/01/29 11:44:06 INFO FileInputFormat: Total input files to process : 1
[2025-01-29T11:44:06.991+0000] {spark_submit.py:491} INFO - 25/01/29 11:44:06 INFO FileInputFormat: Total input files to process : 1
[2025-01-29T11:44:07.023+0000] {spark_submit.py:491} INFO - 25/01/29 11:44:07 INFO SparkContext: Starting job: load at NativeMethodAccessorImpl.java:0
[2025-01-29T11:44:07.060+0000] {spark_submit.py:491} INFO - 25/01/29 11:44:07 INFO DAGScheduler: Got job 0 (load at NativeMethodAccessorImpl.java:0) with 1 output partitions
[2025-01-29T11:44:07.060+0000] {spark_submit.py:491} INFO - 25/01/29 11:44:07 INFO DAGScheduler: Final stage: ResultStage 0 (load at NativeMethodAccessorImpl.java:0)
[2025-01-29T11:44:07.061+0000] {spark_submit.py:491} INFO - 25/01/29 11:44:07 INFO DAGScheduler: Parents of final stage: List()
[2025-01-29T11:44:07.064+0000] {spark_submit.py:491} INFO - 25/01/29 11:44:07 INFO DAGScheduler: Missing parents: List()
[2025-01-29T11:44:07.085+0000] {spark_submit.py:491} INFO - 25/01/29 11:44:07 INFO DAGScheduler: Submitting ResultStage 0 (MapPartitionsRDD[2] at load at NativeMethodAccessorImpl.java:0), which has no missing parents
[2025-01-29T11:44:07.194+0000] {spark_submit.py:491} INFO - 25/01/29 11:44:07 INFO MemoryStore: Block broadcast_1 stored as values in memory (estimated size 9.2 KiB, free 434.2 MiB)
[2025-01-29T11:44:07.225+0000] {spark_submit.py:491} INFO - 25/01/29 11:44:07 INFO MemoryStore: Block broadcast_1_piece0 stored as bytes in memory (estimated size 4.9 KiB, free 434.2 MiB)
[2025-01-29T11:44:07.228+0000] {spark_submit.py:491} INFO - 25/01/29 11:44:07 INFO BlockManagerInfo: Added broadcast_1_piece0 in memory on 98b7f20240c1:36853 (size: 4.9 KiB, free: 434.4 MiB)
[2025-01-29T11:44:07.230+0000] {spark_submit.py:491} INFO - 25/01/29 11:44:07 INFO SparkContext: Created broadcast 1 from broadcast at DAGScheduler.scala:1535
[2025-01-29T11:44:07.410+0000] {spark_submit.py:491} INFO - 25/01/29 11:44:07 INFO DAGScheduler: Submitting 1 missing tasks from ResultStage 0 (MapPartitionsRDD[2] at load at NativeMethodAccessorImpl.java:0) (first 15 tasks are for partitions Vector(0))
[2025-01-29T11:44:07.417+0000] {spark_submit.py:491} INFO - 25/01/29 11:44:07 INFO TaskSchedulerImpl: Adding task set 0.0 with 1 tasks resource profile 0
[2025-01-29T11:44:11.506+0000] {spark_submit.py:491} INFO - 25/01/29 11:44:11 INFO StandaloneSchedulerBackend$StandaloneDriverEndpoint: Registered executor NettyRpcEndpointRef(spark-client://Executor) (172.18.0.5:54084) with ID 0,  ResourceProfileId 0
[2025-01-29T11:44:12.065+0000] {spark_submit.py:491} INFO - 25/01/29 11:44:12 INFO BlockManagerMasterEndpoint: Registering block manager 172.18.0.5:41135 with 434.4 MiB RAM, BlockManagerId(0, 172.18.0.5, 41135, None)
[2025-01-29T11:44:37.404+0000] {spark_submit.py:491} INFO - 25/01/29 11:44:37 INFO TaskSetManager: Starting task 0.0 in stage 0.0 (TID 0) (172.18.0.5, executor 0, partition 0, PROCESS_LOCAL, 7560 bytes)
[2025-01-29T11:44:39.675+0000] {spark_submit.py:491} INFO - 25/01/29 11:44:39 INFO BlockManagerInfo: Added broadcast_1_piece0 in memory on 172.18.0.5:41135 (size: 4.9 KiB, free: 434.4 MiB)
[2025-01-29T11:44:40.748+0000] {spark_submit.py:491} INFO - 25/01/29 11:44:40 INFO BlockManagerInfo: Added broadcast_0_piece0 in memory on 172.18.0.5:41135 (size: 35.4 KiB, free: 434.4 MiB)
[2025-01-29T11:44:45.369+0000] {spark_submit.py:491} INFO - 25/01/29 11:44:45 INFO TaskSetManager: Finished task 0.0 in stage 0.0 (TID 0) in 8096 ms on 172.18.0.5 (executor 0) (1/1)
[2025-01-29T11:44:45.379+0000] {spark_submit.py:491} INFO - 25/01/29 11:44:45 INFO TaskSchedulerImpl: Removed TaskSet 0.0, whose tasks have all completed, from pool
[2025-01-29T11:44:45.403+0000] {spark_submit.py:491} INFO - 25/01/29 11:44:45 INFO DAGScheduler: ResultStage 0 (load at NativeMethodAccessorImpl.java:0) finished in 38.280 s
[2025-01-29T11:44:45.413+0000] {spark_submit.py:491} INFO - 25/01/29 11:44:45 INFO DAGScheduler: Job 0 is finished. Cancelling potential speculative or zombie tasks for this job
[2025-01-29T11:44:45.414+0000] {spark_submit.py:491} INFO - 25/01/29 11:44:45 INFO TaskSchedulerImpl: Killing all running tasks in stage 0: Stage finished
[2025-01-29T11:44:45.489+0000] {spark_submit.py:491} INFO - 25/01/29 11:44:45 INFO DAGScheduler: Job 0 finished: load at NativeMethodAccessorImpl.java:0, took 38.528309 s
[2025-01-29T11:44:46.622+0000] {spark_submit.py:491} INFO - 25/01/29 11:44:46 INFO BlockManagerInfo: Removed broadcast_0_piece0 on 98b7f20240c1:36853 in memory (size: 35.4 KiB, free: 434.4 MiB)
[2025-01-29T11:44:46.626+0000] {spark_submit.py:491} INFO - 25/01/29 11:44:46 INFO BlockManagerInfo: Removed broadcast_0_piece0 on 172.18.0.5:41135 in memory (size: 35.4 KiB, free: 434.4 MiB)
[2025-01-29T11:44:46.676+0000] {spark_submit.py:491} INFO - 25/01/29 11:44:46 INFO BlockManagerInfo: Removed broadcast_1_piece0 on 98b7f20240c1:36853 in memory (size: 4.9 KiB, free: 434.4 MiB)
[2025-01-29T11:44:46.699+0000] {spark_submit.py:491} INFO - 25/01/29 11:44:46 INFO BlockManagerInfo: Removed broadcast_1_piece0 on 172.18.0.5:41135 in memory (size: 4.9 KiB, free: 434.4 MiB)
[2025-01-29T11:44:50.398+0000] {spark_submit.py:491} INFO - DataFrame loaded successfully:
[2025-01-29T11:44:51.490+0000] {spark_submit.py:491} INFO - 25/01/29 11:44:51 INFO FileSourceStrategy: Pushed Filters:
[2025-01-29T11:44:51.494+0000] {spark_submit.py:491} INFO - 25/01/29 11:44:51 INFO FileSourceStrategy: Post-Scan Filters:
[2025-01-29T11:44:51.720+0000] {spark_submit.py:491} INFO - 25/01/29 11:44:51 INFO MemoryStore: Block broadcast_2 stored as values in memory (estimated size 203.2 KiB, free 434.2 MiB)
[2025-01-29T11:44:51.823+0000] {spark_submit.py:491} INFO - 25/01/29 11:44:51 INFO MemoryStore: Block broadcast_2_piece0 stored as bytes in memory (estimated size 35.3 KiB, free 434.2 MiB)
[2025-01-29T11:44:51.830+0000] {spark_submit.py:491} INFO - 25/01/29 11:44:51 INFO BlockManagerInfo: Added broadcast_2_piece0 in memory on 98b7f20240c1:36853 (size: 35.3 KiB, free: 434.4 MiB)
[2025-01-29T11:44:51.836+0000] {spark_submit.py:491} INFO - 25/01/29 11:44:51 INFO SparkContext: Created broadcast 2 from showString at NativeMethodAccessorImpl.java:0
[2025-01-29T11:44:51.872+0000] {spark_submit.py:491} INFO - 25/01/29 11:44:51 INFO FileSourceScanExec: Planning scan with bin packing, max size: 4194304 bytes, open cost is considered as scanning 4194304 bytes.
[2025-01-29T11:44:51.933+0000] {spark_submit.py:491} INFO - 25/01/29 11:44:51 INFO SparkContext: Starting job: showString at NativeMethodAccessorImpl.java:0
[2025-01-29T11:44:51.934+0000] {spark_submit.py:491} INFO - 25/01/29 11:44:51 INFO DAGScheduler: Got job 1 (showString at NativeMethodAccessorImpl.java:0) with 1 output partitions
[2025-01-29T11:44:51.935+0000] {spark_submit.py:491} INFO - 25/01/29 11:44:51 INFO DAGScheduler: Final stage: ResultStage 1 (showString at NativeMethodAccessorImpl.java:0)
[2025-01-29T11:44:51.936+0000] {spark_submit.py:491} INFO - 25/01/29 11:44:51 INFO DAGScheduler: Parents of final stage: List()
[2025-01-29T11:44:51.937+0000] {spark_submit.py:491} INFO - 25/01/29 11:44:51 INFO DAGScheduler: Missing parents: List()
[2025-01-29T11:44:51.938+0000] {spark_submit.py:491} INFO - 25/01/29 11:44:51 INFO DAGScheduler: Submitting ResultStage 1 (MapPartitionsRDD[5] at showString at NativeMethodAccessorImpl.java:0), which has no missing parents
[2025-01-29T11:44:51.984+0000] {spark_submit.py:491} INFO - 25/01/29 11:44:51 INFO MemoryStore: Block broadcast_3 stored as values in memory (estimated size 10.0 KiB, free 434.2 MiB)
[2025-01-29T11:44:52.006+0000] {spark_submit.py:491} INFO - 25/01/29 11:44:52 INFO MemoryStore: Block broadcast_3_piece0 stored as bytes in memory (estimated size 5.5 KiB, free 434.2 MiB)
[2025-01-29T11:44:52.008+0000] {spark_submit.py:491} INFO - 25/01/29 11:44:52 INFO BlockManagerInfo: Added broadcast_3_piece0 in memory on 98b7f20240c1:36853 (size: 5.5 KiB, free: 434.4 MiB)
[2025-01-29T11:44:52.014+0000] {spark_submit.py:491} INFO - 25/01/29 11:44:52 INFO SparkContext: Created broadcast 3 from broadcast at DAGScheduler.scala:1535
[2025-01-29T11:44:52.018+0000] {spark_submit.py:491} INFO - 25/01/29 11:44:52 INFO DAGScheduler: Submitting 1 missing tasks from ResultStage 1 (MapPartitionsRDD[5] at showString at NativeMethodAccessorImpl.java:0) (first 15 tasks are for partitions Vector(0))
[2025-01-29T11:44:52.019+0000] {spark_submit.py:491} INFO - 25/01/29 11:44:52 INFO TaskSchedulerImpl: Adding task set 1.0 with 1 tasks resource profile 0
[2025-01-29T11:44:52.024+0000] {spark_submit.py:491} INFO - 25/01/29 11:44:52 INFO TaskSetManager: Starting task 0.0 in stage 1.0 (TID 1) (172.18.0.5, executor 0, partition 0, PROCESS_LOCAL, 7985 bytes)
[2025-01-29T11:44:52.136+0000] {spark_submit.py:491} INFO - 25/01/29 11:44:52 INFO BlockManagerInfo: Added broadcast_3_piece0 in memory on 172.18.0.5:41135 (size: 5.5 KiB, free: 434.4 MiB)
[2025-01-29T11:44:53.652+0000] {spark_submit.py:491} INFO - 25/01/29 11:44:53 INFO BlockManagerInfo: Added broadcast_2_piece0 in memory on 172.18.0.5:41135 (size: 35.3 KiB, free: 434.4 MiB)
[2025-01-29T11:44:53.842+0000] {spark_submit.py:491} INFO - 25/01/29 11:44:53 INFO TaskSetManager: Finished task 0.0 in stage 1.0 (TID 1) in 1824 ms on 172.18.0.5 (executor 0) (1/1)
[2025-01-29T11:44:53.843+0000] {spark_submit.py:491} INFO - 25/01/29 11:44:53 INFO TaskSchedulerImpl: Removed TaskSet 1.0, whose tasks have all completed, from pool
[2025-01-29T11:44:53.848+0000] {spark_submit.py:491} INFO - 25/01/29 11:44:53 INFO DAGScheduler: ResultStage 1 (showString at NativeMethodAccessorImpl.java:0) finished in 1.903 s
[2025-01-29T11:44:53.853+0000] {spark_submit.py:491} INFO - 25/01/29 11:44:53 INFO DAGScheduler: Job 1 is finished. Cancelling potential speculative or zombie tasks for this job
[2025-01-29T11:44:53.854+0000] {spark_submit.py:491} INFO - 25/01/29 11:44:53 INFO TaskSchedulerImpl: Killing all running tasks in stage 1: Stage finished
[2025-01-29T11:44:53.854+0000] {spark_submit.py:491} INFO - 25/01/29 11:44:53 INFO DAGScheduler: Job 1 finished: showString at NativeMethodAccessorImpl.java:0, took 1.915965 s
[2025-01-29T11:44:54.662+0000] {spark_submit.py:491} INFO - 25/01/29 11:44:54 INFO CodeGenerator: Code generated in 715.266464 ms
[2025-01-29T11:44:54.726+0000] {spark_submit.py:491} INFO - +------------------------------------------------------------------------------------------------------------------------------------------------------------------------------------------------------------------------------------------------------------------------------------------------------------------------------------------------------------------------------------------------------------------------------------------------------------------------------------------------------------------------------------------------------------------------------------------------------------------------------------------------------------------------------------------------------------------------------------------------------------------------------------------------------------------------------------------------------------------------------------------------------------------------------------------------------------------------------------------------------------------------------------------------------------------------------------------------------------------------------------------------------------------------------------------------------------------------------------------------------------------------------------------------------------------------------------------------------------------------------------------------------------------------------------------------------------------------------------------------------------------------------------------------------------------------------------------------------------------------------------------------------------------------------------------------------------------------------------------------------------------------------------------------------------------------------------------------------------------------------------------------------------------------------------------------------------------------------------------------------------------------------------------------------------------------------------------------------------------------------------------------------------------------------------------------------------------------------------------------------------------------------------------------------------------------------------------------------------------------------------------------------------------------------------------------------------------------------------------------------------------------------------------------------------------------------------------------------------------------------------------------------------------------------------------------------------------------------------------------------------------------------------------------------------------------------------------------------------------------------------------------------------------------------------------------------------------------------------------------------------------------------------------------------------------------------------------------------------------------------------------------------------------------------------------------------------------------------------------------------------------------------------------------------------------------------------------------------------------------------------------------------------------------------------------------------------------------------------------------------------------------------------------------------------------------------------------------------------------------------------------------------------------------------------------------------------------------------------------------------------------------------------------------------------------------------------------------------------------------------------------------------------------------------------------------------------------------------------------------------------------------------------------------------------------------------------------------------------------------------------------------------------------------------------------------------------------------------------------------------------------------------------------------------------------------------------------------------------------------------------------------------------------------------------------------------------------------------------------------------------------------------------------------------------------------------------------------------------------------------------------------------------------------------------------------------------------------------------------------------------------------------------------------------------------------------------------------------------------------------------------------------------------------------------------------------------------------------------------------------------------------------------------------------------------------------------------------------------------------------------------------------------------------------------------------------------------------------------------------------------------------------------------------------------------------------------------------------------------------------------------------------------------------------------------------------------------------------------------------------------------------------------------------------------------------------------------------------------------------------------------------------------------------------------------------------------------------------------------------------------------------------------------------------------------------------------------------------------------------------------------------------------------------------------------------------------------------------------------------------------------------------------------------------------------------------------------------------------------------------------------------------------------------------------------------------------------------------------------------------------------------------------------------------------------------------------------------------------------------------------------------------------------------------------------------------------------------------------------------------------------------------------------------------------------------------------------------------------------------------------------------------------------------------------------------------------------------------------------------------------------------------------------------------------------------------------------------------------------------------------------------------------------------------------------------------------------------------------------------------------------------------------------------------------------------------------------------------------------------------------------------------------------------------------------------------------------------------------------------------------------------------------------------------------------------------------------------------------------------------------------------------------------------------------------------------------------------------------------------------------------------------------------------------------------------------------------------------------------------------------------------------------------------------------------------------------------------------------------------------------------------------------------------------------------------------------------------------------------------------------------------------------------------------------------------------------------------------------------------------------------------------------------------------------------------------------------------------------------------------------------------------------------------------------------------------------------------------------------------------------------------------------------------------------------------------------------------------------------------------------------------------------------------------------------------------------------------------------------------------------------------------------------------------------------------------------------------------------------------------------------------------------------------------------------------------------------------------------------------------------------------------------------------------------------------------------------------------------------------------------------------------------------------------------------------------------------------------------------------------------------------------------------------------------------------------------------------------------------------------------------------------------------------------------------------------------------------------------------------------------------------------------------------------------------------------------------------------------------------------------------------------------------------------------------------------------------------------------------------------------------------------------------------------------------------------------------------------------------------------------------------------------------------------------------------------------------------------------------------------------------------------------------------------------------------------------------------------------------------------------------------------------------------------------------------------------------------------------------------------------------------------------------------------------------------------------------------------------------------------------------------------------------------------------------------------------------------------------------------------------------------------------------------------------------------------------------------------------------------------------------------------------------------------------------------------------------------------------------------------------------------------------------------------------------------------------------------------------------------------------------------------------------------------------------------------------------------------------------------------------------------------------------------------------------------------------------------------------------------------------------------------------------------------------------------------------------------------------------------------------------------------------------------------+
[2025-01-29T11:44:54.728+0000] {spark_submit.py:491} INFO - |data                                                                                                                                                                                                                                                                                                                                                                                                                                                                                                                                                                                                                                                                                                                                                                                                                                                                                                                                                                                                                                                                                                                                                                                                                                                                                                                                                                                                                                                                                                                                                                                                                                                                                                                                                                                                                                                                                                                                                                                                                                                                                                                                                                                                                                                                                                                                                                                                                                                                                                                                                                                                                                                                                                                                                                                                                                                                                                                                                                                                                                                                                                                                                                                                                                                                                                                                                                                                                                                                                                                                                                                                                                                                                                                                                                                                                                                                                                                                                                                                                                                                                                                                                                                                                                                                                                                                                                                                                                                                                                                                                                                                                                                                                                                                                                                                                                                                                                                                                                                                                                                                                                                                                                                                                                                                                                                                                                                                                                                                                                                                                                                                                                                                                                                                                                                                                                                                                                                                                                                                                                                                                                                                                                                                                                                                                                                                                                                                                                                                                                                                                                                                                                                                                                                                                                                                                                                                                                                                                                                                                                                                                                                                                                                                                                                                                                                                                                                                                                                                                                                                                                                                                                                                                                                                                                                                                                                                                                                                                                                                                                                                                                                                                                                                                                                                                                                                                                                                                                                                                                                                                                                                                                                                                                                                                                                                                                                                                                                                                                                                                                                                                                                                                                                                                                                                                                                                                                                                                                                                                                                                                                                                                                                                                                                                                                                                                                                                                                                                                                                                                                                                                                                                                                                                                                                                                                                                                                                                                                                                                                                                                                                                                                                                                                                                                                                                                                                                                                                                                                                                                                                  |
[2025-01-29T11:44:54.728+0000] {spark_submit.py:491} INFO - +------------------------------------------------------------------------------------------------------------------------------------------------------------------------------------------------------------------------------------------------------------------------------------------------------------------------------------------------------------------------------------------------------------------------------------------------------------------------------------------------------------------------------------------------------------------------------------------------------------------------------------------------------------------------------------------------------------------------------------------------------------------------------------------------------------------------------------------------------------------------------------------------------------------------------------------------------------------------------------------------------------------------------------------------------------------------------------------------------------------------------------------------------------------------------------------------------------------------------------------------------------------------------------------------------------------------------------------------------------------------------------------------------------------------------------------------------------------------------------------------------------------------------------------------------------------------------------------------------------------------------------------------------------------------------------------------------------------------------------------------------------------------------------------------------------------------------------------------------------------------------------------------------------------------------------------------------------------------------------------------------------------------------------------------------------------------------------------------------------------------------------------------------------------------------------------------------------------------------------------------------------------------------------------------------------------------------------------------------------------------------------------------------------------------------------------------------------------------------------------------------------------------------------------------------------------------------------------------------------------------------------------------------------------------------------------------------------------------------------------------------------------------------------------------------------------------------------------------------------------------------------------------------------------------------------------------------------------------------------------------------------------------------------------------------------------------------------------------------------------------------------------------------------------------------------------------------------------------------------------------------------------------------------------------------------------------------------------------------------------------------------------------------------------------------------------------------------------------------------------------------------------------------------------------------------------------------------------------------------------------------------------------------------------------------------------------------------------------------------------------------------------------------------------------------------------------------------------------------------------------------------------------------------------------------------------------------------------------------------------------------------------------------------------------------------------------------------------------------------------------------------------------------------------------------------------------------------------------------------------------------------------------------------------------------------------------------------------------------------------------------------------------------------------------------------------------------------------------------------------------------------------------------------------------------------------------------------------------------------------------------------------------------------------------------------------------------------------------------------------------------------------------------------------------------------------------------------------------------------------------------------------------------------------------------------------------------------------------------------------------------------------------------------------------------------------------------------------------------------------------------------------------------------------------------------------------------------------------------------------------------------------------------------------------------------------------------------------------------------------------------------------------------------------------------------------------------------------------------------------------------------------------------------------------------------------------------------------------------------------------------------------------------------------------------------------------------------------------------------------------------------------------------------------------------------------------------------------------------------------------------------------------------------------------------------------------------------------------------------------------------------------------------------------------------------------------------------------------------------------------------------------------------------------------------------------------------------------------------------------------------------------------------------------------------------------------------------------------------------------------------------------------------------------------------------------------------------------------------------------------------------------------------------------------------------------------------------------------------------------------------------------------------------------------------------------------------------------------------------------------------------------------------------------------------------------------------------------------------------------------------------------------------------------------------------------------------------------------------------------------------------------------------------------------------------------------------------------------------------------------------------------------------------------------------------------------------------------------------------------------------------------------------------------------------------------------------------------------------------------------------------------------------------------------------------------------------------------------------------------------------------------------------------------------------------------------------------------------------------------------------------------------------------------------------------------------------------------------------------------------------------------------------------------------------------------------------------------------------------------------------------------------------------------------------------------------------------------------------------------------------------------------------------------------------------------------------------------------------------------------------------------------------------------------------------------------------------------------------------------------------------------------------------------------------------------------------------------------------------------------------------------------------------------------------------------------------------------------------------------------------------------------------------------------------------------------------------------------------------------------------------------------------------------------------------------------------------------------------------------------------------------------------------------------------------------------------------------------------------------------------------------------------------------------------------------------------------------------------------------------------------------------------------------------------------------------------------------------------------------------------------------------------------------------------------------------------------------------------------------------------------------------------------------------------------------------------------------------------------------------------------------------------------------------------------------------------------------------------------------------------------------------------------------------------------------------------------------------------------------------------------------------------------------------------------------------------------------------------------------------------------------------------------------------------------------------------------------------------------------------------------------------------------------------------------------------------------------------------------------------------------------------------------------------------------------------------------------------------------------------------------------------------------------------------------------------------------------------------------------------------------------------------------------------------------------------------------------------------------------------------------------------------------------------------------------------------------------------------------------------------------------------------------------------------------------------------------------------------------------------------------------------------------------------------------------------------------------------------------------------------------------------------------------------------------------------------------------------------------------------------------------------------------------------------------------------------------------------------------------------------------------------------------------------------+
[2025-01-29T11:44:54.735+0000] {spark_submit.py:491} INFO - |[{"id":1,"title":"Fjallraven - Foldsack No. 1 Backpack, Fits 15 Laptops","price":109.95,"description":"Your perfect pack for everyday use and walks in the forest. Stash your laptop (up to 15 inches) in the padded sleeve, your everyday","category":"men's clothing","image":"https://fakestoreapi.com/img/81fPKd-2AYL._AC_SL1500_.jpg","rating":{"rate":3.9,"count":120}},{"id":2,"title":"Mens Casual Premium Slim Fit T-Shirts ","price":22.3,"description":"Slim-fitting style, contrast raglan long sleeve, three-button henley placket, light weight & soft fabric for breathable and comfortable wearing. And Solid stitched shirts with round neck made for durability and a great fit for casual fashion wear and diehard baseball fans. The Henley style round neckline includes a three-button placket.","category":"men's clothing","image":"https://fakestoreapi.com/img/71-3HjGNDUL._AC_SY879._SX._UX._SY._UY_.jpg","rating":{"rate":4.1,"count":259}},{"id":3,"title":"Mens Cotton Jacket","price":55.99,"description":"great outerwear jackets for Spring/Autumn/Winter, suitable for many occasions, such as working, hiking, camping, mountain/rock climbing, cycling, traveling or other outdoors. Good gift choice for you or your family member. A warm hearted love to Father, husband or son in this thanksgiving or Christmas Day.","category":"men's clothing","image":"https://fakestoreapi.com/img/71li-ujtlUL._AC_UX679_.jpg","rating":{"rate":4.7,"count":500}},{"id":4,"title":"Mens Casual Slim Fit","price":15.99,"description":"The color could be slightly different between on the screen and in practice. / Please note that body builds vary by person, therefore, detailed size information should be reviewed below on the product description.","category":"men's clothing","image":"https://fakestoreapi.com/img/71YXzeOuslL._AC_UY879_.jpg","rating":{"rate":2.1,"count":430}},{"id":5,"title":"John Hardy Women's Legends Naga Gold & Silver Dragon Station Chain Bracelet","price":695,"description":"From our Legends Collection, the Naga was inspired by the mythical water dragon that protects the ocean's pearl. Wear facing inward to be bestowed with love and abundance, or outward for protection.","category":"jewelery","image":"https://fakestoreapi.com/img/71pWzhdJNwL._AC_UL640_QL65_ML3_.jpg","rating":{"rate":4.6,"count":400}},{"id":6,"title":"Solid Gold Petite Micropave ","price":168,"description":"Satisfaction Guaranteed. Return or exchange any order within 30 days.Designed and sold by Hafeez Center in the United States. Satisfaction Guaranteed. Return or exchange any order within 30 days.","category":"jewelery","image":"https://fakestoreapi.com/img/61sbMiUnoGL._AC_UL640_QL65_ML3_.jpg","rating":{"rate":3.9,"count":70}},{"id":7,"title":"White Gold Plated Princess","price":9.99,"description":"Classic Created Wedding Engagement Solitaire Diamond Promise Ring for Her. Gifts to spoil your love more for Engagement, Wedding, Anniversary, Valentine's Day...","category":"jewelery","image":"https://fakestoreapi.com/img/71YAIFU48IL._AC_UL640_QL65_ML3_.jpg","rating":{"rate":3,"count":400}},{"id":8,"title":"Pierced Owl Rose Gold Plated Stainless Steel Double","price":10.99,"description":"Rose Gold Plated Double Flared Tunnel Plug Earrings. Made of 316L Stainless Steel","category":"jewelery","image":"https://fakestoreapi.com/img/51UDEzMJVpL._AC_UL640_QL65_ML3_.jpg","rating":{"rate":1.9,"count":100}},{"id":9,"title":"WD 2TB Elements Portable External Hard Drive - USB 3.0 ","price":64,"description":"USB 3.0 and USB 2.0 Compatibility Fast data transfers Improve PC Performance High Capacity; Compatibility Formatted NTFS for Windows 10, Windows 8.1, Windows 7; Reformatting may be required for other operating systems; Compatibility may vary depending on users hardware configuration and operating system","category":"electronics","image":"https://fakestoreapi.com/img/61IBBVJvSDL._AC_SY879_.jpg","rating":{"rate":3.3,"count":203}},{"id":10,"title":"SanDisk SSD PLUS 1TB Internal SSD - SATA III 6 Gb/s","price":109,"description":"Easy upgrade for faster boot up, shutdown, application load and response (As compared to 5400 RPM SATA 2.5 hard drive; Based on published specifications and internal benchmarking tests using PCMark vantage scores) Boosts burst write performance, making it ideal for typical PC workloads The perfect balance of performance and reliability Read/write speeds of up to 535MB/s/450MB/s (Based on internal testing; Performance may vary depending upon drive capacity, host device, OS and application.)","category":"electronics","image":"https://fakestoreapi.com/img/61U7T1koQqL._AC_SX679_.jpg","rating":{"rate":2.9,"count":470}},{"id":11,"title":"Silicon Power 256GB SSD 3D NAND A55 SLC Cache Performance Boost SATA III 2.5","price":109,"description":"3D NAND flash are applied to deliver high transfer speeds Remarkable transfer speeds that enable faster bootup and improved overall system performance. The advanced SLC Cache Technology allows performance boost and longer lifespan 7mm slim design suitable for Ultrabooks and Ultra-slim notebooks. Supports TRIM command, Garbage Collection technology, RAID, and ECC (Error Checking & Correction) to provide the optimized performance and enhanced reliability.","category":"electronics","image":"https://fakestoreapi.com/img/71kWymZ+c+L._AC_SX679_.jpg","rating":{"rate":4.8,"count":319}},{"id":12,"title":"WD 4TB Gaming Drive Works with Playstation 4 Portable External Hard Drive","price":114,"description":"Expand your PS4 gaming experience, Play anywhere Fast and easy, setup Sleek design with high capacity, 3-year manufacturer's limited warranty","category":"electronics","image":"https://fakestoreapi.com/img/61mtL65D4cL._AC_SX679_.jpg","rating":{"rate":4.8,"count":400}},{"id":13,"title":"Acer SB220Q bi 21.5 inches Full HD (1920 x 1080) IPS Ultra-Thin","price":599,"description":"21. 5 inches Full HD (1920 x 1080) widescreen IPS display And Radeon free Sync technology. No compatibility for VESA Mount Refresh Rate: 75Hz - Using HDMI port Zero-frame design | ultra-thin | 4ms response time | IPS panel Aspect ratio - 16: 9. Color Supported - 16. 7 million colors. Brightness - 250 nit Tilt angle -5 degree to 15 degree. Horizontal viewing angle-178 degree. Vertical viewing angle-178 degree 75 hertz","category":"electronics","image":"https://fakestoreapi.com/img/81QpkIctqPL._AC_SX679_.jpg","rating":{"rate":2.9,"count":250}},{"id":14,"title":"Samsung 49-Inch CHG90 144Hz Curved Gaming Monitor (LC49HG90DMNXZA)  Super Ultrawide Screen QLED ","price":999.99,"description":"49 INCH SUPER ULTRAWIDE 32:9 CURVED GAMING MONITOR with dual 27 inch screen side by side QUANTUM DOT (QLED) TECHNOLOGY, HDR support and factory calibration provides stunningly realistic and accurate color and contrast 144HZ HIGH REFRESH RATE and 1ms ultra fast response time work to eliminate motion blur, ghosting, and reduce input lag","category":"electronics","image":"https://fakestoreapi.com/img/81Zt42ioCgL._AC_SX679_.jpg","rating":{"rate":2.2,"count":140}},{"id":15,"title":"BIYLACLESEN Women's 3-in-1 Snowboard Jacket Winter Coats","price":56.99,"description":"Note:The Jackets is US standard size, Please choose size as your usual wear Material: 100% Polyester; Detachable Liner Fabric: Warm Fleece. Detachable Functional Liner: Skin Friendly, Lightweigt and Warm.Stand Collar Liner jacket, keep you warm in cold weather. Zippered Pockets: 2 Zippered Hand Pockets, 2 Zippered Pockets on Chest (enough to keep cards or keys)and 1 Hidden Pocket Inside.Zippered Hand Pockets and Hidden Pocket keep your things secure. Humanized Design: Adjustable and Detachable Hood and Adjustable cuff to prevent the wind and water,for a comfortable fit. 3 in 1 Detachable Design provide more convenience, you can separate the coat and inner as needed, or wear it together. It is suitable for different season and help you adapt to different climates","category":"women's clothing","image":"https://fakestoreapi.com/img/51Y5NI-I5jL._AC_UX679_.jpg","rating":{"rate":2.6,"count":235}},{"id":16,"title":"Lock and Love Women's Removable Hooded Faux Leather Moto Biker Jacket","price":29.95,"description":"100% POLYURETHANE(shell) 100% POLYESTER(lining) 75% POLYESTER 25% COTTON (SWEATER), Faux leather material for style and comfort / 2 pockets of front, 2-For-One Hooded denim style faux leather jacket, Button detail on waist / Detail stitching at sides, HAND WASH ONLY / DO NOT BLEACH / LINE DRY / DO NOT IRON","category":"women's clothing","image":"https://fakestoreapi.com/img/81XH0e8fefL._AC_UY879_.jpg","rating":{"rate":2.9,"count":340}},{"id":17,"title":"Rain Jacket Women Windbreaker Striped Climbing Raincoats","price":39.99,"description":"Lightweight perfet for trip or casual wear---Long sleeve with hooded, adjustable drawstring waist design. Button and zipper front closure raincoat, fully stripes Lined and The Raincoat has 2 side pockets are a good size to hold all kinds of things, it covers the hips, and the hood is generous but doesn't overdo it.Attached Cotton Lined Hood with Adjustable Drawstrings give it a real styled look.","category":"women's clothing","image":"https://fakestoreapi.com/img/71HblAHs5xL._AC_UY879_-2.jpg","rating":{"rate":3.8,"count":679}},{"id":18,"title":"MBJ Women's Solid Short Sleeve Boat Neck V ","price":9.85,"description":"95% RAYON 5% SPANDEX, Made in USA or Imported, Do Not Bleach, Lightweight fabric with great stretch for comfort, Ribbed on sleeves and neckline / Double stitching on bottom hem","category":"women's clothing","image":"https://fakestoreapi.com/img/71z3kpMAYsL._AC_UY879_.jpg","rating":{"rate":4.7,"count":130}},{"id":19,"title":"Opna Women's Short Sleeve Moisture","price":7.95,"description":"100% Polyester, Machine wash, 100% cationic polyester interlock, Machine Wash & Pre Shrunk for a Great Fit, Lightweight, roomy and highly breathable with moisture wicking fabric which helps to keep moisture away, Soft Lightweight Fabric with comfortable V-neck collar and a slimmer fit, delivers a sleek, more feminine silhouette and Added Comfort","category":"women's clothing","image":"https://fakestoreapi.com/img/51eg55uWmdL._AC_UX679_.jpg","rating":{"rate":4.5,"count":146}},{"id":20,"title":"DANVOUY Womens T Shirt Casual Cotton Short","price":12.99,"description":"95%Cotton,5%Spandex, Features: Casual, Short Sleeve, Letter Print,V-Neck,Fashion Tees, The fabric is soft and has some stretch., Occasion: Casual/Office/Beach/School/Home/Street. Season: Spring,Summer,Autumn,Winter.","category":"women's clothing","image":"https://fakestoreapi.com/img/61pHAEJ4NML._AC_UX679_.jpg","rating":{"rate":3.6,"count":145}}]|
[2025-01-29T11:44:54.738+0000] {spark_submit.py:491} INFO - +------------------------------------------------------------------------------------------------------------------------------------------------------------------------------------------------------------------------------------------------------------------------------------------------------------------------------------------------------------------------------------------------------------------------------------------------------------------------------------------------------------------------------------------------------------------------------------------------------------------------------------------------------------------------------------------------------------------------------------------------------------------------------------------------------------------------------------------------------------------------------------------------------------------------------------------------------------------------------------------------------------------------------------------------------------------------------------------------------------------------------------------------------------------------------------------------------------------------------------------------------------------------------------------------------------------------------------------------------------------------------------------------------------------------------------------------------------------------------------------------------------------------------------------------------------------------------------------------------------------------------------------------------------------------------------------------------------------------------------------------------------------------------------------------------------------------------------------------------------------------------------------------------------------------------------------------------------------------------------------------------------------------------------------------------------------------------------------------------------------------------------------------------------------------------------------------------------------------------------------------------------------------------------------------------------------------------------------------------------------------------------------------------------------------------------------------------------------------------------------------------------------------------------------------------------------------------------------------------------------------------------------------------------------------------------------------------------------------------------------------------------------------------------------------------------------------------------------------------------------------------------------------------------------------------------------------------------------------------------------------------------------------------------------------------------------------------------------------------------------------------------------------------------------------------------------------------------------------------------------------------------------------------------------------------------------------------------------------------------------------------------------------------------------------------------------------------------------------------------------------------------------------------------------------------------------------------------------------------------------------------------------------------------------------------------------------------------------------------------------------------------------------------------------------------------------------------------------------------------------------------------------------------------------------------------------------------------------------------------------------------------------------------------------------------------------------------------------------------------------------------------------------------------------------------------------------------------------------------------------------------------------------------------------------------------------------------------------------------------------------------------------------------------------------------------------------------------------------------------------------------------------------------------------------------------------------------------------------------------------------------------------------------------------------------------------------------------------------------------------------------------------------------------------------------------------------------------------------------------------------------------------------------------------------------------------------------------------------------------------------------------------------------------------------------------------------------------------------------------------------------------------------------------------------------------------------------------------------------------------------------------------------------------------------------------------------------------------------------------------------------------------------------------------------------------------------------------------------------------------------------------------------------------------------------------------------------------------------------------------------------------------------------------------------------------------------------------------------------------------------------------------------------------------------------------------------------------------------------------------------------------------------------------------------------------------------------------------------------------------------------------------------------------------------------------------------------------------------------------------------------------------------------------------------------------------------------------------------------------------------------------------------------------------------------------------------------------------------------------------------------------------------------------------------------------------------------------------------------------------------------------------------------------------------------------------------------------------------------------------------------------------------------------------------------------------------------------------------------------------------------------------------------------------------------------------------------------------------------------------------------------------------------------------------------------------------------------------------------------------------------------------------------------------------------------------------------------------------------------------------------------------------------------------------------------------------------------------------------------------------------------------------------------------------------------------------------------------------------------------------------------------------------------------------------------------------------------------------------------------------------------------------------------------------------------------------------------------------------------------------------------------------------------------------------------------------------------------------------------------------------------------------------------------------------------------------------------------------------------------------------------------------------------------------------------------------------------------------------------------------------------------------------------------------------------------------------------------------------------------------------------------------------------------------------------------------------------------------------------------------------------------------------------------------------------------------------------------------------------------------------------------------------------------------------------------------------------------------------------------------------------------------------------------------------------------------------------------------------------------------------------------------------------------------------------------------------------------------------------------------------------------------------------------------------------------------------------------------------------------------------------------------------------------------------------------------------------------------------------------------------------------------------------------------------------------------------------------------------------------------------------------------------------------------------------------------------------------------------------------------------------------------------------------------------------------------------------------------------------------------------------------------------------------------------------------------------------------------------------------------------------------------------------------------------------------------------------------------------------------------------------------------------------------------------------------------------------------------------------------------------------------------------------------------------------------------------------------------------------------------------------------------------------------------------------------------------------------------------------------------------------------------------------------------------------------------------------------------------------------------------------------------------------------------------------------------------------------------------------------------------------------------------------------------------------------------------------------------------------------------------------------------------------------------------------------------------------------------------------------------------------------------------------------------------------------------------------------------------------------------------------------------------------------------------------------------------------------------------------------------------------------------------------------------------------------------------------------------------------------------------------------------------------------------------------------------------------------------------------------------------------------------------------------------------+
[2025-01-29T11:44:54.740+0000] {spark_submit.py:491} INFO - 
[2025-01-29T11:44:54.740+0000] {spark_submit.py:491} INFO - 25/01/29 11:44:54 INFO SparkContext: SparkContext is stopping with exitCode 0.
[2025-01-29T11:44:54.778+0000] {spark_submit.py:491} INFO - 25/01/29 11:44:54 INFO SparkUI: Stopped Spark web UI at http://98b7f20240c1:4040
[2025-01-29T11:44:54.786+0000] {spark_submit.py:491} INFO - 25/01/29 11:44:54 INFO StandaloneSchedulerBackend: Shutting down all executors
[2025-01-29T11:44:54.786+0000] {spark_submit.py:491} INFO - 25/01/29 11:44:54 INFO StandaloneSchedulerBackend$StandaloneDriverEndpoint: Asking each executor to shut down
[2025-01-29T11:44:55.153+0000] {spark_submit.py:491} INFO - 25/01/29 11:44:55 INFO MapOutputTrackerMasterEndpoint: MapOutputTrackerMasterEndpoint stopped!
[2025-01-29T11:44:55.856+0000] {spark_submit.py:491} INFO - 25/01/29 11:44:55 INFO MemoryStore: MemoryStore cleared
[2025-01-29T11:44:55.858+0000] {spark_submit.py:491} INFO - 25/01/29 11:44:55 INFO BlockManager: BlockManager stopped
[2025-01-29T11:44:55.867+0000] {spark_submit.py:491} INFO - 25/01/29 11:44:55 INFO BlockManagerMaster: BlockManagerMaster stopped
[2025-01-29T11:44:55.886+0000] {spark_submit.py:491} INFO - 25/01/29 11:44:55 INFO OutputCommitCoordinator$OutputCommitCoordinatorEndpoint: OutputCommitCoordinator stopped!
[2025-01-29T11:44:55.969+0000] {spark_submit.py:491} INFO - 25/01/29 11:44:55 INFO SparkContext: Successfully stopped SparkContext
[2025-01-29T11:44:56.747+0000] {spark_submit.py:491} INFO - 25/01/29 11:44:56 INFO ShutdownHookManager: Shutdown hook called
[2025-01-29T11:44:56.750+0000] {spark_submit.py:491} INFO - 25/01/29 11:44:56 INFO ShutdownHookManager: Deleting directory /tmp/spark-4bbdbda3-7039-4f8e-a99d-f395fa1f426a/pyspark-2b04640b-7dce-432c-aa1a-333e5db9e9ca
[2025-01-29T11:44:56.761+0000] {spark_submit.py:491} INFO - 25/01/29 11:44:56 INFO ShutdownHookManager: Deleting directory /tmp/spark-cd72c2dc-83b9-4a19-8fa4-06656013742d
[2025-01-29T11:44:56.771+0000] {spark_submit.py:491} INFO - 25/01/29 11:44:56 INFO ShutdownHookManager: Deleting directory /tmp/spark-4bbdbda3-7039-4f8e-a99d-f395fa1f426a
[2025-01-29T11:44:56.803+0000] {spark_submit.py:491} INFO - 25/01/29 11:44:56 INFO MetricsSystemImpl: Stopping s3a-file-system metrics system...
[2025-01-29T11:44:56.804+0000] {spark_submit.py:491} INFO - 25/01/29 11:44:56 INFO MetricsSystemImpl: s3a-file-system metrics system stopped.
[2025-01-29T11:44:56.805+0000] {spark_submit.py:491} INFO - 25/01/29 11:44:56 INFO MetricsSystemImpl: s3a-file-system metrics system shutdown complete.
[2025-01-29T11:44:57.161+0000] {taskinstance.py:1345} INFO - Marking task as SUCCESS. dag_id=spark_minio_job_read, task_id=spark_minio_task, execution_date=20250129T114302, start_date=20250129T114315, end_date=20250129T114457
[2025-01-29T11:44:57.329+0000] {local_task_job_runner.py:225} INFO - Task exited with return code 0
[2025-01-29T11:44:57.449+0000] {taskinstance.py:2653} INFO - 0 downstream tasks scheduled from follow-on schedule check
