[2025-02-11T15:17:40.646+0000] {processor.py:157} INFO - Started process (PID=18) to work on /opt/airflow/dags/dag_ETL.py
[2025-02-11T15:17:40.683+0000] {processor.py:826} INFO - Processing file /opt/airflow/dags/dag_ETL.py for tasks to queue
[2025-02-11T15:17:40.741+0000] {logging_mixin.py:150} INFO - [2025-02-11T15:17:40.693+0000] {dagbag.py:541} INFO - Filling up the DagBag from /opt/airflow/dags/dag_ETL.py
[2025-02-11T15:17:41.366+0000] {processor.py:836} INFO - DAG(s) dict_keys(['DAG_ETL_daily_jobs']) retrieved from /opt/airflow/dags/dag_ETL.py
[2025-02-11T15:17:43.665+0000] {logging_mixin.py:150} INFO - [2025-02-11T15:17:43.656+0000] {manager.py:504} INFO - Created Permission View: can read on DAG:DAG_ETL_daily_jobs
[2025-02-11T15:17:43.824+0000] {logging_mixin.py:150} INFO - [2025-02-11T15:17:43.823+0000] {manager.py:504} INFO - Created Permission View: can edit on DAG:DAG_ETL_daily_jobs
[2025-02-11T15:17:43.861+0000] {logging_mixin.py:150} INFO - [2025-02-11T15:17:43.860+0000] {manager.py:504} INFO - Created Permission View: can delete on DAG:DAG_ETL_daily_jobs
[2025-02-11T15:17:44.035+0000] {logging_mixin.py:150} INFO - [2025-02-11T15:17:44.034+0000] {dag.py:2742} INFO - Sync 1 DAGs
[2025-02-11T15:17:44.152+0000] {logging_mixin.py:150} INFO - [2025-02-11T15:17:44.148+0000] {dag.py:2763} INFO - Creating ORM DAG for DAG_ETL_daily_jobs
[2025-02-11T15:17:44.314+0000] {logging_mixin.py:150} INFO - [2025-02-11T15:17:44.313+0000] {dag.py:3504} INFO - Setting next_dagrun for DAG_ETL_daily_jobs to 2025-02-10T09:00:00+00:00, run_after=2025-02-11T09:00:00+00:00
[2025-02-11T15:17:44.466+0000] {processor.py:179} INFO - Processing /opt/airflow/dags/dag_ETL.py took 3.963 seconds
[2025-02-11T15:18:15.940+0000] {processor.py:157} INFO - Started process (PID=20) to work on /opt/airflow/dags/dag_ETL.py
[2025-02-11T15:18:15.993+0000] {processor.py:826} INFO - Processing file /opt/airflow/dags/dag_ETL.py for tasks to queue
[2025-02-11T15:18:16.037+0000] {logging_mixin.py:150} INFO - [2025-02-11T15:18:16.036+0000] {dagbag.py:541} INFO - Filling up the DagBag from /opt/airflow/dags/dag_ETL.py
[2025-02-11T15:18:16.663+0000] {processor.py:836} INFO - DAG(s) dict_keys(['DAG_ETL_daily_jobs']) retrieved from /opt/airflow/dags/dag_ETL.py
[2025-02-11T15:18:20.109+0000] {logging_mixin.py:150} INFO - [2025-02-11T15:18:20.107+0000] {dag.py:2742} INFO - Sync 1 DAGs
[2025-02-11T15:18:21.086+0000] {logging_mixin.py:150} INFO - [2025-02-11T15:18:21.085+0000] {dag.py:3504} INFO - Setting next_dagrun for DAG_ETL_daily_jobs to 2025-02-10T09:00:00+00:00, run_after=2025-02-11T09:00:00+00:00
[2025-02-11T15:18:21.312+0000] {processor.py:179} INFO - Processing /opt/airflow/dags/dag_ETL.py took 5.629 seconds
[2025-02-11T15:18:51.757+0000] {processor.py:157} INFO - Started process (PID=22) to work on /opt/airflow/dags/dag_ETL.py
[2025-02-11T15:18:51.833+0000] {processor.py:826} INFO - Processing file /opt/airflow/dags/dag_ETL.py for tasks to queue
[2025-02-11T15:18:51.848+0000] {logging_mixin.py:150} INFO - [2025-02-11T15:18:51.846+0000] {dagbag.py:541} INFO - Filling up the DagBag from /opt/airflow/dags/dag_ETL.py
[2025-02-11T15:18:52.173+0000] {processor.py:836} INFO - DAG(s) dict_keys(['DAG_ETL_daily_jobs']) retrieved from /opt/airflow/dags/dag_ETL.py
[2025-02-11T15:18:52.442+0000] {logging_mixin.py:150} INFO - [2025-02-11T15:18:52.441+0000] {dag.py:2742} INFO - Sync 1 DAGs
[2025-02-11T15:18:52.589+0000] {logging_mixin.py:150} INFO - [2025-02-11T15:18:52.588+0000] {dag.py:3504} INFO - Setting next_dagrun for DAG_ETL_daily_jobs to 2025-02-10T09:00:00+00:00, run_after=2025-02-11T09:00:00+00:00
[2025-02-11T15:18:52.726+0000] {processor.py:179} INFO - Processing /opt/airflow/dags/dag_ETL.py took 1.024 seconds
[2025-02-11T15:19:23.299+0000] {processor.py:157} INFO - Started process (PID=24) to work on /opt/airflow/dags/dag_ETL.py
[2025-02-11T15:19:23.305+0000] {processor.py:826} INFO - Processing file /opt/airflow/dags/dag_ETL.py for tasks to queue
[2025-02-11T15:19:23.317+0000] {logging_mixin.py:150} INFO - [2025-02-11T15:19:23.314+0000] {dagbag.py:541} INFO - Filling up the DagBag from /opt/airflow/dags/dag_ETL.py
[2025-02-11T15:19:24.087+0000] {processor.py:836} INFO - DAG(s) dict_keys(['DAG_ETL_daily_jobs']) retrieved from /opt/airflow/dags/dag_ETL.py
[2025-02-11T15:19:24.995+0000] {logging_mixin.py:150} INFO - [2025-02-11T15:19:24.994+0000] {dag.py:2742} INFO - Sync 1 DAGs
[2025-02-11T15:19:25.304+0000] {logging_mixin.py:150} INFO - [2025-02-11T15:19:25.304+0000] {dag.py:3504} INFO - Setting next_dagrun for DAG_ETL_daily_jobs to 2025-02-10T09:00:00+00:00, run_after=2025-02-11T09:00:00+00:00
[2025-02-11T15:19:25.810+0000] {processor.py:179} INFO - Processing /opt/airflow/dags/dag_ETL.py took 2.592 seconds
[2025-02-11T15:19:56.701+0000] {processor.py:157} INFO - Started process (PID=26) to work on /opt/airflow/dags/dag_ETL.py
[2025-02-11T15:19:56.709+0000] {processor.py:826} INFO - Processing file /opt/airflow/dags/dag_ETL.py for tasks to queue
[2025-02-11T15:19:56.718+0000] {logging_mixin.py:150} INFO - [2025-02-11T15:19:56.717+0000] {dagbag.py:541} INFO - Filling up the DagBag from /opt/airflow/dags/dag_ETL.py
[2025-02-11T15:19:56.909+0000] {processor.py:836} INFO - DAG(s) dict_keys(['DAG_ETL_daily_jobs']) retrieved from /opt/airflow/dags/dag_ETL.py
[2025-02-11T15:19:57.384+0000] {logging_mixin.py:150} INFO - [2025-02-11T15:19:57.383+0000] {dag.py:2742} INFO - Sync 1 DAGs
[2025-02-11T15:19:57.533+0000] {logging_mixin.py:150} INFO - [2025-02-11T15:19:57.533+0000] {dag.py:3504} INFO - Setting next_dagrun for DAG_ETL_daily_jobs to 2025-02-10T09:00:00+00:00, run_after=2025-02-11T09:00:00+00:00
[2025-02-11T15:19:57.660+0000] {processor.py:179} INFO - Processing /opt/airflow/dags/dag_ETL.py took 0.975 seconds
[2025-02-11T15:20:27.888+0000] {processor.py:157} INFO - Started process (PID=28) to work on /opt/airflow/dags/dag_ETL.py
[2025-02-11T15:20:27.891+0000] {processor.py:826} INFO - Processing file /opt/airflow/dags/dag_ETL.py for tasks to queue
[2025-02-11T15:20:27.895+0000] {logging_mixin.py:150} INFO - [2025-02-11T15:20:27.894+0000] {dagbag.py:541} INFO - Filling up the DagBag from /opt/airflow/dags/dag_ETL.py
[2025-02-11T15:20:27.958+0000] {processor.py:836} INFO - DAG(s) dict_keys(['DAG_ETL_daily_jobs']) retrieved from /opt/airflow/dags/dag_ETL.py
[2025-02-11T15:20:28.056+0000] {logging_mixin.py:150} INFO - [2025-02-11T15:20:28.055+0000] {dag.py:2742} INFO - Sync 1 DAGs
[2025-02-11T15:20:28.143+0000] {logging_mixin.py:150} INFO - [2025-02-11T15:20:28.142+0000] {dag.py:3504} INFO - Setting next_dagrun for DAG_ETL_daily_jobs to 2025-02-10T09:00:00+00:00, run_after=2025-02-11T09:00:00+00:00
[2025-02-11T15:20:28.229+0000] {processor.py:179} INFO - Processing /opt/airflow/dags/dag_ETL.py took 0.350 seconds
[2025-02-11T15:20:58.532+0000] {processor.py:157} INFO - Started process (PID=30) to work on /opt/airflow/dags/dag_ETL.py
[2025-02-11T15:20:58.535+0000] {processor.py:826} INFO - Processing file /opt/airflow/dags/dag_ETL.py for tasks to queue
[2025-02-11T15:20:58.538+0000] {logging_mixin.py:150} INFO - [2025-02-11T15:20:58.537+0000] {dagbag.py:541} INFO - Filling up the DagBag from /opt/airflow/dags/dag_ETL.py
[2025-02-11T15:20:58.570+0000] {processor.py:836} INFO - DAG(s) dict_keys(['DAG_ETL_daily_jobs']) retrieved from /opt/airflow/dags/dag_ETL.py
[2025-02-11T15:20:58.628+0000] {logging_mixin.py:150} INFO - [2025-02-11T15:20:58.627+0000] {dag.py:2742} INFO - Sync 1 DAGs
[2025-02-11T15:20:58.706+0000] {logging_mixin.py:150} INFO - [2025-02-11T15:20:58.705+0000] {dag.py:3504} INFO - Setting next_dagrun for DAG_ETL_daily_jobs to 2025-02-10T09:00:00+00:00, run_after=2025-02-11T09:00:00+00:00
[2025-02-11T15:20:58.783+0000] {processor.py:179} INFO - Processing /opt/airflow/dags/dag_ETL.py took 0.258 seconds
[2025-02-11T15:21:16.095+0000] {processor.py:157} INFO - Started process (PID=32) to work on /opt/airflow/dags/dag_ETL.py
[2025-02-11T15:21:16.272+0000] {processor.py:826} INFO - Processing file /opt/airflow/dags/dag_ETL.py for tasks to queue
[2025-02-11T15:21:16.276+0000] {logging_mixin.py:150} INFO - [2025-02-11T15:21:16.275+0000] {dagbag.py:541} INFO - Filling up the DagBag from /opt/airflow/dags/dag_ETL.py
[2025-02-11T15:21:16.356+0000] {logging_mixin.py:150} INFO - [2025-02-11T15:21:16.318+0000] {dagbag.py:350} ERROR - Failed to import: /opt/airflow/dags/dag_ETL.py
Traceback (most recent call last):
  File "/home/airflow/.local/lib/python3.9/site-packages/airflow/models/dagbag.py", line 346, in parse
    loader.exec_module(new_module)
  File "<frozen importlib._bootstrap_external>", line 850, in exec_module
  File "<frozen importlib._bootstrap>", line 228, in _call_with_frames_removed
  File "/opt/airflow/dags/dag_ETL.py", line 15, in <module>
    dag = DAG(
TypeError: __init__() got an unexpected keyword argument 'tag'
[2025-02-11T15:21:16.357+0000] {processor.py:838} WARNING - No viable dags retrieved from /opt/airflow/dags/dag_ETL.py
[2025-02-11T15:21:16.641+0000] {processor.py:179} INFO - Processing /opt/airflow/dags/dag_ETL.py took 0.557 seconds
[2025-02-11T15:21:46.820+0000] {processor.py:157} INFO - Started process (PID=34) to work on /opt/airflow/dags/dag_ETL.py
[2025-02-11T15:21:46.823+0000] {processor.py:826} INFO - Processing file /opt/airflow/dags/dag_ETL.py for tasks to queue
[2025-02-11T15:21:46.825+0000] {logging_mixin.py:150} INFO - [2025-02-11T15:21:46.824+0000] {dagbag.py:541} INFO - Filling up the DagBag from /opt/airflow/dags/dag_ETL.py
[2025-02-11T15:21:46.835+0000] {logging_mixin.py:150} INFO - [2025-02-11T15:21:46.832+0000] {dagbag.py:350} ERROR - Failed to import: /opt/airflow/dags/dag_ETL.py
Traceback (most recent call last):
  File "/home/airflow/.local/lib/python3.9/site-packages/airflow/models/dagbag.py", line 346, in parse
    loader.exec_module(new_module)
  File "<frozen importlib._bootstrap_external>", line 850, in exec_module
  File "<frozen importlib._bootstrap>", line 228, in _call_with_frames_removed
  File "/opt/airflow/dags/dag_ETL.py", line 15, in <module>
    dag = DAG(
TypeError: __init__() got an unexpected keyword argument 'tag'
[2025-02-11T15:21:46.836+0000] {processor.py:838} WARNING - No viable dags retrieved from /opt/airflow/dags/dag_ETL.py
[2025-02-11T15:21:46.876+0000] {processor.py:179} INFO - Processing /opt/airflow/dags/dag_ETL.py took 0.063 seconds
[2025-02-11T15:22:17.170+0000] {processor.py:157} INFO - Started process (PID=37) to work on /opt/airflow/dags/dag_ETL.py
[2025-02-11T15:22:17.172+0000] {processor.py:826} INFO - Processing file /opt/airflow/dags/dag_ETL.py for tasks to queue
[2025-02-11T15:22:17.174+0000] {logging_mixin.py:150} INFO - [2025-02-11T15:22:17.174+0000] {dagbag.py:541} INFO - Filling up the DagBag from /opt/airflow/dags/dag_ETL.py
[2025-02-11T15:22:17.185+0000] {logging_mixin.py:150} INFO - [2025-02-11T15:22:17.182+0000] {dagbag.py:350} ERROR - Failed to import: /opt/airflow/dags/dag_ETL.py
Traceback (most recent call last):
  File "/home/airflow/.local/lib/python3.9/site-packages/airflow/models/dagbag.py", line 346, in parse
    loader.exec_module(new_module)
  File "<frozen importlib._bootstrap_external>", line 850, in exec_module
  File "<frozen importlib._bootstrap>", line 228, in _call_with_frames_removed
  File "/opt/airflow/dags/dag_ETL.py", line 15, in <module>
    dag = DAG(
TypeError: __init__() got an unexpected keyword argument 'tag'
[2025-02-11T15:22:17.186+0000] {processor.py:838} WARNING - No viable dags retrieved from /opt/airflow/dags/dag_ETL.py
[2025-02-11T15:22:17.227+0000] {processor.py:179} INFO - Processing /opt/airflow/dags/dag_ETL.py took 0.066 seconds
[2025-02-11T15:22:47.767+0000] {processor.py:157} INFO - Started process (PID=40) to work on /opt/airflow/dags/dag_ETL.py
[2025-02-11T15:22:47.775+0000] {processor.py:826} INFO - Processing file /opt/airflow/dags/dag_ETL.py for tasks to queue
[2025-02-11T15:22:47.777+0000] {logging_mixin.py:150} INFO - [2025-02-11T15:22:47.776+0000] {dagbag.py:541} INFO - Filling up the DagBag from /opt/airflow/dags/dag_ETL.py
[2025-02-11T15:22:47.788+0000] {logging_mixin.py:150} INFO - [2025-02-11T15:22:47.785+0000] {dagbag.py:350} ERROR - Failed to import: /opt/airflow/dags/dag_ETL.py
Traceback (most recent call last):
  File "/home/airflow/.local/lib/python3.9/site-packages/airflow/models/dagbag.py", line 346, in parse
    loader.exec_module(new_module)
  File "<frozen importlib._bootstrap_external>", line 850, in exec_module
  File "<frozen importlib._bootstrap>", line 228, in _call_with_frames_removed
  File "/opt/airflow/dags/dag_ETL.py", line 15, in <module>
    dag = DAG(
TypeError: __init__() got an unexpected keyword argument 'tag'
[2025-02-11T15:22:47.789+0000] {processor.py:838} WARNING - No viable dags retrieved from /opt/airflow/dags/dag_ETL.py
[2025-02-11T15:22:47.822+0000] {processor.py:179} INFO - Processing /opt/airflow/dags/dag_ETL.py took 0.074 seconds
[2025-02-11T15:23:12.027+0000] {processor.py:157} INFO - Started process (PID=41) to work on /opt/airflow/dags/dag_ETL.py
[2025-02-11T15:23:12.029+0000] {processor.py:826} INFO - Processing file /opt/airflow/dags/dag_ETL.py for tasks to queue
[2025-02-11T15:23:12.032+0000] {logging_mixin.py:150} INFO - [2025-02-11T15:23:12.031+0000] {dagbag.py:541} INFO - Filling up the DagBag from /opt/airflow/dags/dag_ETL.py
[2025-02-11T15:23:12.056+0000] {logging_mixin.py:150} INFO - [2025-02-11T15:23:12.052+0000] {dagbag.py:350} ERROR - Failed to import: /opt/airflow/dags/dag_ETL.py
Traceback (most recent call last):
  File "/home/airflow/.local/lib/python3.9/site-packages/airflow/models/dagbag.py", line 346, in parse
    loader.exec_module(new_module)
  File "<frozen importlib._bootstrap_external>", line 850, in exec_module
  File "<frozen importlib._bootstrap>", line 228, in _call_with_frames_removed
  File "/opt/airflow/dags/dag_ETL.py", line 15, in <module>
    dag = DAG(
TypeError: __init__() got an unexpected keyword argument 'tag'
[2025-02-11T15:23:12.057+0000] {processor.py:838} WARNING - No viable dags retrieved from /opt/airflow/dags/dag_ETL.py
[2025-02-11T15:23:12.100+0000] {processor.py:179} INFO - Processing /opt/airflow/dags/dag_ETL.py took 0.084 seconds
[2025-02-11T15:23:30.327+0000] {processor.py:157} INFO - Started process (PID=43) to work on /opt/airflow/dags/dag_ETL.py
[2025-02-11T15:23:30.329+0000] {processor.py:826} INFO - Processing file /opt/airflow/dags/dag_ETL.py for tasks to queue
[2025-02-11T15:23:30.331+0000] {logging_mixin.py:150} INFO - [2025-02-11T15:23:30.330+0000] {dagbag.py:541} INFO - Filling up the DagBag from /opt/airflow/dags/dag_ETL.py
[2025-02-11T15:23:30.378+0000] {processor.py:836} INFO - DAG(s) dict_keys(['DAG_ETL_daily_jobs']) retrieved from /opt/airflow/dags/dag_ETL.py
[2025-02-11T15:23:31.299+0000] {logging_mixin.py:150} INFO - [2025-02-11T15:23:31.299+0000] {dag.py:2742} INFO - Sync 1 DAGs
[2025-02-11T15:23:31.406+0000] {logging_mixin.py:150} INFO - [2025-02-11T15:23:31.406+0000] {dag.py:3504} INFO - Setting next_dagrun for DAG_ETL_daily_jobs to 2025-02-10T09:00:00+00:00, run_after=2025-02-11T09:00:00+00:00
[2025-02-11T15:23:31.456+0000] {processor.py:179} INFO - Processing /opt/airflow/dags/dag_ETL.py took 1.136 seconds
[2025-02-11T15:24:02.035+0000] {processor.py:157} INFO - Started process (PID=46) to work on /opt/airflow/dags/dag_ETL.py
[2025-02-11T15:24:02.056+0000] {processor.py:826} INFO - Processing file /opt/airflow/dags/dag_ETL.py for tasks to queue
[2025-02-11T15:24:02.061+0000] {logging_mixin.py:150} INFO - [2025-02-11T15:24:02.059+0000] {dagbag.py:541} INFO - Filling up the DagBag from /opt/airflow/dags/dag_ETL.py
[2025-02-11T15:24:02.247+0000] {processor.py:836} INFO - DAG(s) dict_keys(['DAG_ETL_daily_jobs']) retrieved from /opt/airflow/dags/dag_ETL.py
[2025-02-11T15:24:02.829+0000] {logging_mixin.py:150} INFO - [2025-02-11T15:24:02.829+0000] {dag.py:2742} INFO - Sync 1 DAGs
[2025-02-11T15:24:03.065+0000] {logging_mixin.py:150} INFO - [2025-02-11T15:24:03.065+0000] {dag.py:3504} INFO - Setting next_dagrun for DAG_ETL_daily_jobs to 2025-02-11T09:00:00+00:00, run_after=2025-02-12T09:00:00+00:00
[2025-02-11T15:24:03.207+0000] {processor.py:179} INFO - Processing /opt/airflow/dags/dag_ETL.py took 1.277 seconds
[2025-02-11T15:24:34.009+0000] {processor.py:157} INFO - Started process (PID=90) to work on /opt/airflow/dags/dag_ETL.py
[2025-02-11T15:24:34.036+0000] {processor.py:826} INFO - Processing file /opt/airflow/dags/dag_ETL.py for tasks to queue
[2025-02-11T15:24:34.056+0000] {logging_mixin.py:150} INFO - [2025-02-11T15:24:34.049+0000] {dagbag.py:541} INFO - Filling up the DagBag from /opt/airflow/dags/dag_ETL.py
[2025-02-11T15:24:35.005+0000] {processor.py:836} INFO - DAG(s) dict_keys(['DAG_ETL_daily_jobs']) retrieved from /opt/airflow/dags/dag_ETL.py
[2025-02-11T15:24:35.904+0000] {logging_mixin.py:150} INFO - [2025-02-11T15:24:35.903+0000] {dag.py:2742} INFO - Sync 1 DAGs
[2025-02-11T15:24:36.263+0000] {logging_mixin.py:150} INFO - [2025-02-11T15:24:36.263+0000] {dag.py:3504} INFO - Setting next_dagrun for DAG_ETL_daily_jobs to 2025-02-11T09:00:00+00:00, run_after=2025-02-12T09:00:00+00:00
[2025-02-11T15:24:36.463+0000] {processor.py:179} INFO - Processing /opt/airflow/dags/dag_ETL.py took 2.497 seconds
[2025-02-11T15:25:07.454+0000] {processor.py:157} INFO - Started process (PID=94) to work on /opt/airflow/dags/dag_ETL.py
[2025-02-11T15:25:07.471+0000] {processor.py:826} INFO - Processing file /opt/airflow/dags/dag_ETL.py for tasks to queue
[2025-02-11T15:25:07.484+0000] {logging_mixin.py:150} INFO - [2025-02-11T15:25:07.476+0000] {dagbag.py:541} INFO - Filling up the DagBag from /opt/airflow/dags/dag_ETL.py
[2025-02-11T15:25:08.096+0000] {processor.py:836} INFO - DAG(s) dict_keys(['DAG_ETL_daily_jobs']) retrieved from /opt/airflow/dags/dag_ETL.py
[2025-02-11T15:25:08.796+0000] {logging_mixin.py:150} INFO - [2025-02-11T15:25:08.795+0000] {dag.py:2742} INFO - Sync 1 DAGs
[2025-02-11T15:25:09.539+0000] {logging_mixin.py:150} INFO - [2025-02-11T15:25:09.473+0000] {dag.py:3504} INFO - Setting next_dagrun for DAG_ETL_daily_jobs to 2025-02-11T09:00:00+00:00, run_after=2025-02-12T09:00:00+00:00
[2025-02-11T15:25:09.639+0000] {processor.py:179} INFO - Processing /opt/airflow/dags/dag_ETL.py took 2.472 seconds
[2025-02-11T15:25:40.968+0000] {processor.py:157} INFO - Started process (PID=150) to work on /opt/airflow/dags/dag_ETL.py
[2025-02-11T15:25:40.972+0000] {processor.py:826} INFO - Processing file /opt/airflow/dags/dag_ETL.py for tasks to queue
[2025-02-11T15:25:40.975+0000] {logging_mixin.py:150} INFO - [2025-02-11T15:25:40.974+0000] {dagbag.py:541} INFO - Filling up the DagBag from /opt/airflow/dags/dag_ETL.py
[2025-02-11T15:25:41.478+0000] {processor.py:836} INFO - DAG(s) dict_keys(['DAG_ETL_daily_jobs']) retrieved from /opt/airflow/dags/dag_ETL.py
[2025-02-11T15:25:42.109+0000] {logging_mixin.py:150} INFO - [2025-02-11T15:25:42.106+0000] {dag.py:2742} INFO - Sync 1 DAGs
[2025-02-11T15:25:42.877+0000] {logging_mixin.py:150} INFO - [2025-02-11T15:25:42.875+0000] {dag.py:3504} INFO - Setting next_dagrun for DAG_ETL_daily_jobs to 2025-02-11T09:00:00+00:00, run_after=2025-02-12T09:00:00+00:00
[2025-02-11T15:25:42.928+0000] {processor.py:179} INFO - Processing /opt/airflow/dags/dag_ETL.py took 1.977 seconds
[2025-02-11T15:26:14.168+0000] {processor.py:157} INFO - Started process (PID=160) to work on /opt/airflow/dags/dag_ETL.py
[2025-02-11T15:26:14.173+0000] {processor.py:826} INFO - Processing file /opt/airflow/dags/dag_ETL.py for tasks to queue
[2025-02-11T15:26:14.176+0000] {logging_mixin.py:150} INFO - [2025-02-11T15:26:14.175+0000] {dagbag.py:541} INFO - Filling up the DagBag from /opt/airflow/dags/dag_ETL.py
[2025-02-11T15:26:15.110+0000] {processor.py:836} INFO - DAG(s) dict_keys(['DAG_ETL_daily_jobs']) retrieved from /opt/airflow/dags/dag_ETL.py
[2025-02-11T15:26:15.797+0000] {logging_mixin.py:150} INFO - [2025-02-11T15:26:15.797+0000] {dag.py:2742} INFO - Sync 1 DAGs
[2025-02-11T15:26:16.591+0000] {logging_mixin.py:150} INFO - [2025-02-11T15:26:16.591+0000] {dag.py:3504} INFO - Setting next_dagrun for DAG_ETL_daily_jobs to 2025-02-11T09:00:00+00:00, run_after=2025-02-12T09:00:00+00:00
[2025-02-11T15:26:16.786+0000] {processor.py:179} INFO - Processing /opt/airflow/dags/dag_ETL.py took 2.786 seconds
[2025-02-11T15:26:49.636+0000] {processor.py:157} INFO - Started process (PID=162) to work on /opt/airflow/dags/dag_ETL.py
[2025-02-11T15:26:49.648+0000] {processor.py:826} INFO - Processing file /opt/airflow/dags/dag_ETL.py for tasks to queue
[2025-02-11T15:26:49.754+0000] {logging_mixin.py:150} INFO - [2025-02-11T15:26:49.658+0000] {dagbag.py:541} INFO - Filling up the DagBag from /opt/airflow/dags/dag_ETL.py
[2025-02-11T15:26:52.154+0000] {processor.py:836} INFO - DAG(s) dict_keys(['DAG_ETL_daily_jobs']) retrieved from /opt/airflow/dags/dag_ETL.py
[2025-02-11T15:26:53.086+0000] {logging_mixin.py:150} INFO - [2025-02-11T15:26:53.085+0000] {dag.py:2742} INFO - Sync 1 DAGs
[2025-02-11T15:26:54.343+0000] {logging_mixin.py:150} INFO - [2025-02-11T15:26:54.335+0000] {dag.py:3504} INFO - Setting next_dagrun for DAG_ETL_daily_jobs to 2025-02-11T09:00:00+00:00, run_after=2025-02-12T09:00:00+00:00
[2025-02-11T15:26:54.868+0000] {processor.py:179} INFO - Processing /opt/airflow/dags/dag_ETL.py took 7.117 seconds
[2025-02-11T15:27:26.374+0000] {processor.py:157} INFO - Started process (PID=172) to work on /opt/airflow/dags/dag_ETL.py
[2025-02-11T15:27:26.582+0000] {processor.py:826} INFO - Processing file /opt/airflow/dags/dag_ETL.py for tasks to queue
[2025-02-11T15:27:26.606+0000] {logging_mixin.py:150} INFO - [2025-02-11T15:27:26.601+0000] {dagbag.py:541} INFO - Filling up the DagBag from /opt/airflow/dags/dag_ETL.py
[2025-02-11T15:27:27.429+0000] {processor.py:836} INFO - DAG(s) dict_keys(['DAG_ETL_daily_jobs']) retrieved from /opt/airflow/dags/dag_ETL.py
[2025-02-11T15:27:28.835+0000] {logging_mixin.py:150} INFO - [2025-02-11T15:27:28.835+0000] {dag.py:2742} INFO - Sync 1 DAGs
[2025-02-11T15:27:29.340+0000] {logging_mixin.py:150} INFO - [2025-02-11T15:27:29.334+0000] {dag.py:3504} INFO - Setting next_dagrun for DAG_ETL_daily_jobs to 2025-02-11T09:00:00+00:00, run_after=2025-02-12T09:00:00+00:00
[2025-02-11T15:27:29.522+0000] {processor.py:179} INFO - Processing /opt/airflow/dags/dag_ETL.py took 3.707 seconds
[2025-02-11T15:28:00.992+0000] {processor.py:157} INFO - Started process (PID=175) to work on /opt/airflow/dags/dag_ETL.py
[2025-02-11T15:28:01.089+0000] {processor.py:826} INFO - Processing file /opt/airflow/dags/dag_ETL.py for tasks to queue
[2025-02-11T15:28:01.111+0000] {logging_mixin.py:150} INFO - [2025-02-11T15:28:01.097+0000] {dagbag.py:541} INFO - Filling up the DagBag from /opt/airflow/dags/dag_ETL.py
[2025-02-11T15:28:01.493+0000] {processor.py:836} INFO - DAG(s) dict_keys(['DAG_ETL_daily_jobs']) retrieved from /opt/airflow/dags/dag_ETL.py
[2025-02-11T15:28:03.967+0000] {logging_mixin.py:150} INFO - [2025-02-11T15:28:03.962+0000] {dag.py:2742} INFO - Sync 1 DAGs
[2025-02-11T15:28:04.392+0000] {logging_mixin.py:150} INFO - [2025-02-11T15:28:04.386+0000] {dag.py:3504} INFO - Setting next_dagrun for DAG_ETL_daily_jobs to 2025-02-11T09:00:00+00:00, run_after=2025-02-12T09:00:00+00:00
[2025-02-11T15:28:04.643+0000] {processor.py:179} INFO - Processing /opt/airflow/dags/dag_ETL.py took 3.723 seconds
[2025-02-11T15:28:35.081+0000] {processor.py:157} INFO - Started process (PID=259) to work on /opt/airflow/dags/dag_ETL.py
[2025-02-11T15:28:35.090+0000] {processor.py:826} INFO - Processing file /opt/airflow/dags/dag_ETL.py for tasks to queue
[2025-02-11T15:28:35.101+0000] {logging_mixin.py:150} INFO - [2025-02-11T15:28:35.096+0000] {dagbag.py:541} INFO - Filling up the DagBag from /opt/airflow/dags/dag_ETL.py
[2025-02-11T15:28:35.424+0000] {processor.py:836} INFO - DAG(s) dict_keys(['DAG_ETL_daily_jobs']) retrieved from /opt/airflow/dags/dag_ETL.py
[2025-02-11T15:28:35.630+0000] {logging_mixin.py:150} INFO - [2025-02-11T15:28:35.630+0000] {dag.py:2742} INFO - Sync 1 DAGs
[2025-02-11T15:28:35.759+0000] {logging_mixin.py:150} INFO - [2025-02-11T15:28:35.758+0000] {dag.py:3504} INFO - Setting next_dagrun for DAG_ETL_daily_jobs to 2025-02-11T09:00:00+00:00, run_after=2025-02-12T09:00:00+00:00
[2025-02-11T15:28:35.830+0000] {processor.py:179} INFO - Processing /opt/airflow/dags/dag_ETL.py took 0.850 seconds
[2025-02-11T15:29:06.408+0000] {processor.py:157} INFO - Started process (PID=263) to work on /opt/airflow/dags/dag_ETL.py
[2025-02-11T15:29:06.415+0000] {processor.py:826} INFO - Processing file /opt/airflow/dags/dag_ETL.py for tasks to queue
[2025-02-11T15:29:06.419+0000] {logging_mixin.py:150} INFO - [2025-02-11T15:29:06.418+0000] {dagbag.py:541} INFO - Filling up the DagBag from /opt/airflow/dags/dag_ETL.py
[2025-02-11T15:29:06.639+0000] {processor.py:836} INFO - DAG(s) dict_keys(['DAG_ETL_daily_jobs']) retrieved from /opt/airflow/dags/dag_ETL.py
[2025-02-11T15:29:06.858+0000] {logging_mixin.py:150} INFO - [2025-02-11T15:29:06.858+0000] {dag.py:2742} INFO - Sync 1 DAGs
[2025-02-11T15:29:07.280+0000] {logging_mixin.py:150} INFO - [2025-02-11T15:29:07.278+0000] {dag.py:3504} INFO - Setting next_dagrun for DAG_ETL_daily_jobs to 2025-02-11T09:00:00+00:00, run_after=2025-02-12T09:00:00+00:00
[2025-02-11T15:29:07.502+0000] {processor.py:179} INFO - Processing /opt/airflow/dags/dag_ETL.py took 1.119 seconds
[2025-02-11T15:29:37.598+0000] {processor.py:157} INFO - Started process (PID=314) to work on /opt/airflow/dags/dag_ETL.py
[2025-02-11T15:29:37.600+0000] {processor.py:826} INFO - Processing file /opt/airflow/dags/dag_ETL.py for tasks to queue
[2025-02-11T15:29:37.603+0000] {logging_mixin.py:150} INFO - [2025-02-11T15:29:37.602+0000] {dagbag.py:541} INFO - Filling up the DagBag from /opt/airflow/dags/dag_ETL.py
[2025-02-11T15:29:37.747+0000] {processor.py:836} INFO - DAG(s) dict_keys(['DAG_ETL_daily_jobs']) retrieved from /opt/airflow/dags/dag_ETL.py
[2025-02-11T15:29:37.918+0000] {logging_mixin.py:150} INFO - [2025-02-11T15:29:37.918+0000] {dag.py:2742} INFO - Sync 1 DAGs
[2025-02-11T15:29:38.103+0000] {logging_mixin.py:150} INFO - [2025-02-11T15:29:38.102+0000] {dag.py:3504} INFO - Setting next_dagrun for DAG_ETL_daily_jobs to 2025-02-11T09:00:00+00:00, run_after=2025-02-12T09:00:00+00:00
[2025-02-11T15:29:38.199+0000] {processor.py:179} INFO - Processing /opt/airflow/dags/dag_ETL.py took 0.609 seconds
[2025-02-11T15:30:09.141+0000] {processor.py:157} INFO - Started process (PID=426) to work on /opt/airflow/dags/dag_ETL.py
[2025-02-11T15:30:09.175+0000] {processor.py:826} INFO - Processing file /opt/airflow/dags/dag_ETL.py for tasks to queue
[2025-02-11T15:30:09.201+0000] {logging_mixin.py:150} INFO - [2025-02-11T15:30:09.189+0000] {dagbag.py:541} INFO - Filling up the DagBag from /opt/airflow/dags/dag_ETL.py
[2025-02-11T15:30:10.178+0000] {processor.py:836} INFO - DAG(s) dict_keys(['DAG_ETL_daily_jobs']) retrieved from /opt/airflow/dags/dag_ETL.py
[2025-02-11T15:30:11.075+0000] {logging_mixin.py:150} INFO - [2025-02-11T15:30:11.074+0000] {dag.py:2742} INFO - Sync 1 DAGs
[2025-02-11T15:30:11.780+0000] {logging_mixin.py:150} INFO - [2025-02-11T15:30:11.721+0000] {dag.py:3504} INFO - Setting next_dagrun for DAG_ETL_daily_jobs to 2025-02-11T09:00:00+00:00, run_after=2025-02-12T09:00:00+00:00
[2025-02-11T15:30:11.899+0000] {processor.py:179} INFO - Processing /opt/airflow/dags/dag_ETL.py took 2.967 seconds
[2025-02-11T15:30:42.924+0000] {processor.py:157} INFO - Started process (PID=440) to work on /opt/airflow/dags/dag_ETL.py
[2025-02-11T15:30:42.952+0000] {processor.py:826} INFO - Processing file /opt/airflow/dags/dag_ETL.py for tasks to queue
[2025-02-11T15:30:42.975+0000] {logging_mixin.py:150} INFO - [2025-02-11T15:30:42.968+0000] {dagbag.py:541} INFO - Filling up the DagBag from /opt/airflow/dags/dag_ETL.py
[2025-02-11T15:30:43.842+0000] {processor.py:836} INFO - DAG(s) dict_keys(['DAG_ETL_daily_jobs']) retrieved from /opt/airflow/dags/dag_ETL.py
[2025-02-11T15:30:44.827+0000] {logging_mixin.py:150} INFO - [2025-02-11T15:30:44.826+0000] {dag.py:2742} INFO - Sync 1 DAGs
[2025-02-11T15:30:45.671+0000] {logging_mixin.py:150} INFO - [2025-02-11T15:30:45.670+0000] {dag.py:3504} INFO - Setting next_dagrun for DAG_ETL_daily_jobs to 2025-02-11T09:00:00+00:00, run_after=2025-02-12T09:00:00+00:00
[2025-02-11T15:30:45.744+0000] {processor.py:179} INFO - Processing /opt/airflow/dags/dag_ETL.py took 3.041 seconds
[2025-02-11T15:31:16.069+0000] {processor.py:157} INFO - Started process (PID=458) to work on /opt/airflow/dags/dag_ETL.py
[2025-02-11T15:31:16.078+0000] {processor.py:826} INFO - Processing file /opt/airflow/dags/dag_ETL.py for tasks to queue
[2025-02-11T15:31:16.086+0000] {logging_mixin.py:150} INFO - [2025-02-11T15:31:16.085+0000] {dagbag.py:541} INFO - Filling up the DagBag from /opt/airflow/dags/dag_ETL.py
[2025-02-11T15:31:16.825+0000] {processor.py:836} INFO - DAG(s) dict_keys(['DAG_ETL_daily_jobs']) retrieved from /opt/airflow/dags/dag_ETL.py
[2025-02-11T15:31:18.572+0000] {logging_mixin.py:150} INFO - [2025-02-11T15:31:18.568+0000] {dag.py:2742} INFO - Sync 1 DAGs
[2025-02-11T15:31:19.545+0000] {logging_mixin.py:150} INFO - [2025-02-11T15:31:19.541+0000] {dag.py:3504} INFO - Setting next_dagrun for DAG_ETL_daily_jobs to 2025-02-11T09:00:00+00:00, run_after=2025-02-12T09:00:00+00:00
[2025-02-11T15:31:19.753+0000] {processor.py:179} INFO - Processing /opt/airflow/dags/dag_ETL.py took 3.782 seconds
[2025-02-11T15:31:50.534+0000] {processor.py:157} INFO - Started process (PID=475) to work on /opt/airflow/dags/dag_ETL.py
[2025-02-11T15:31:50.636+0000] {processor.py:826} INFO - Processing file /opt/airflow/dags/dag_ETL.py for tasks to queue
[2025-02-11T15:31:50.905+0000] {logging_mixin.py:150} INFO - [2025-02-11T15:31:50.786+0000] {dagbag.py:541} INFO - Filling up the DagBag from /opt/airflow/dags/dag_ETL.py
[2025-02-11T15:31:52.257+0000] {processor.py:836} INFO - DAG(s) dict_keys(['DAG_ETL_daily_jobs']) retrieved from /opt/airflow/dags/dag_ETL.py
[2025-02-11T15:31:54.116+0000] {logging_mixin.py:150} INFO - [2025-02-11T15:31:54.115+0000] {dag.py:2742} INFO - Sync 1 DAGs
[2025-02-11T15:31:55.031+0000] {logging_mixin.py:150} INFO - [2025-02-11T15:31:55.023+0000] {dag.py:3504} INFO - Setting next_dagrun for DAG_ETL_daily_jobs to 2025-02-11T09:00:00+00:00, run_after=2025-02-12T09:00:00+00:00
[2025-02-11T15:31:55.532+0000] {processor.py:179} INFO - Processing /opt/airflow/dags/dag_ETL.py took 5.286 seconds
[2025-02-11T15:32:27.258+0000] {processor.py:157} INFO - Started process (PID=478) to work on /opt/airflow/dags/dag_ETL.py
[2025-02-11T15:32:27.291+0000] {processor.py:826} INFO - Processing file /opt/airflow/dags/dag_ETL.py for tasks to queue
[2025-02-11T15:32:27.311+0000] {logging_mixin.py:150} INFO - [2025-02-11T15:32:27.296+0000] {dagbag.py:541} INFO - Filling up the DagBag from /opt/airflow/dags/dag_ETL.py
[2025-02-11T15:32:29.235+0000] {processor.py:836} INFO - DAG(s) dict_keys(['DAG_ETL_daily_jobs']) retrieved from /opt/airflow/dags/dag_ETL.py
[2025-02-11T15:32:30.034+0000] {logging_mixin.py:150} INFO - [2025-02-11T15:32:30.029+0000] {dag.py:2742} INFO - Sync 1 DAGs
[2025-02-11T15:32:30.522+0000] {logging_mixin.py:150} INFO - [2025-02-11T15:32:30.521+0000] {dag.py:3504} INFO - Setting next_dagrun for DAG_ETL_daily_jobs to 2025-02-11T09:00:00+00:00, run_after=2025-02-12T09:00:00+00:00
[2025-02-11T15:32:30.830+0000] {processor.py:179} INFO - Processing /opt/airflow/dags/dag_ETL.py took 3.844 seconds
[2025-02-11T15:33:02.484+0000] {processor.py:157} INFO - Started process (PID=511) to work on /opt/airflow/dags/dag_ETL.py
[2025-02-11T15:33:02.553+0000] {processor.py:826} INFO - Processing file /opt/airflow/dags/dag_ETL.py for tasks to queue
[2025-02-11T15:33:02.709+0000] {logging_mixin.py:150} INFO - [2025-02-11T15:33:02.606+0000] {dagbag.py:541} INFO - Filling up the DagBag from /opt/airflow/dags/dag_ETL.py
[2025-02-11T15:33:06.524+0000] {processor.py:836} INFO - DAG(s) dict_keys(['DAG_ETL_daily_jobs']) retrieved from /opt/airflow/dags/dag_ETL.py
[2025-02-11T15:33:07.432+0000] {logging_mixin.py:150} INFO - [2025-02-11T15:33:07.432+0000] {dag.py:2742} INFO - Sync 1 DAGs
[2025-02-11T15:33:07.588+0000] {logging_mixin.py:150} INFO - [2025-02-11T15:33:07.588+0000] {dag.py:3504} INFO - Setting next_dagrun for DAG_ETL_daily_jobs to 2025-02-11T09:00:00+00:00, run_after=2025-02-12T09:00:00+00:00
[2025-02-11T15:33:07.640+0000] {processor.py:179} INFO - Processing /opt/airflow/dags/dag_ETL.py took 5.667 seconds
[2025-02-11T15:33:38.258+0000] {processor.py:157} INFO - Started process (PID=595) to work on /opt/airflow/dags/dag_ETL.py
[2025-02-11T15:33:38.267+0000] {processor.py:826} INFO - Processing file /opt/airflow/dags/dag_ETL.py for tasks to queue
[2025-02-11T15:33:38.273+0000] {logging_mixin.py:150} INFO - [2025-02-11T15:33:38.271+0000] {dagbag.py:541} INFO - Filling up the DagBag from /opt/airflow/dags/dag_ETL.py
[2025-02-11T15:33:38.391+0000] {processor.py:836} INFO - DAG(s) dict_keys(['DAG_ETL_daily_jobs']) retrieved from /opt/airflow/dags/dag_ETL.py
[2025-02-11T15:33:38.513+0000] {logging_mixin.py:150} INFO - [2025-02-11T15:33:38.513+0000] {dag.py:2742} INFO - Sync 1 DAGs
[2025-02-11T15:33:38.699+0000] {logging_mixin.py:150} INFO - [2025-02-11T15:33:38.698+0000] {dag.py:3504} INFO - Setting next_dagrun for DAG_ETL_daily_jobs to 2025-02-11T09:00:00+00:00, run_after=2025-02-12T09:00:00+00:00
[2025-02-11T15:33:38.892+0000] {processor.py:179} INFO - Processing /opt/airflow/dags/dag_ETL.py took 0.663 seconds
[2025-02-11T15:34:09.798+0000] {processor.py:157} INFO - Started process (PID=649) to work on /opt/airflow/dags/dag_ETL.py
[2025-02-11T15:34:09.832+0000] {processor.py:826} INFO - Processing file /opt/airflow/dags/dag_ETL.py for tasks to queue
[2025-02-11T15:34:09.841+0000] {logging_mixin.py:150} INFO - [2025-02-11T15:34:09.838+0000] {dagbag.py:541} INFO - Filling up the DagBag from /opt/airflow/dags/dag_ETL.py
[2025-02-11T15:34:10.615+0000] {processor.py:836} INFO - DAG(s) dict_keys(['DAG_ETL_daily_jobs']) retrieved from /opt/airflow/dags/dag_ETL.py
[2025-02-11T15:34:11.018+0000] {logging_mixin.py:150} INFO - [2025-02-11T15:34:11.018+0000] {dag.py:2742} INFO - Sync 1 DAGs
[2025-02-11T15:34:11.202+0000] {logging_mixin.py:150} INFO - [2025-02-11T15:34:11.201+0000] {dag.py:3504} INFO - Setting next_dagrun for DAG_ETL_daily_jobs to 2025-02-11T09:00:00+00:00, run_after=2025-02-12T09:00:00+00:00
[2025-02-11T15:34:11.295+0000] {processor.py:179} INFO - Processing /opt/airflow/dags/dag_ETL.py took 1.780 seconds
[2025-02-11T15:34:42.519+0000] {processor.py:157} INFO - Started process (PID=712) to work on /opt/airflow/dags/dag_ETL.py
[2025-02-11T15:34:42.531+0000] {processor.py:826} INFO - Processing file /opt/airflow/dags/dag_ETL.py for tasks to queue
[2025-02-11T15:34:42.653+0000] {logging_mixin.py:150} INFO - [2025-02-11T15:34:42.612+0000] {dagbag.py:541} INFO - Filling up the DagBag from /opt/airflow/dags/dag_ETL.py
[2025-02-11T15:34:43.420+0000] {processor.py:836} INFO - DAG(s) dict_keys(['DAG_ETL_daily_jobs']) retrieved from /opt/airflow/dags/dag_ETL.py
[2025-02-11T15:34:44.948+0000] {logging_mixin.py:150} INFO - [2025-02-11T15:34:44.946+0000] {dag.py:2742} INFO - Sync 1 DAGs
[2025-02-11T15:34:45.566+0000] {logging_mixin.py:150} INFO - [2025-02-11T15:34:45.564+0000] {dag.py:3504} INFO - Setting next_dagrun for DAG_ETL_daily_jobs to 2025-02-11T09:00:00+00:00, run_after=2025-02-12T09:00:00+00:00
[2025-02-11T15:34:46.268+0000] {processor.py:179} INFO - Processing /opt/airflow/dags/dag_ETL.py took 3.808 seconds
[2025-02-11T15:35:17.431+0000] {processor.py:157} INFO - Started process (PID=725) to work on /opt/airflow/dags/dag_ETL.py
[2025-02-11T15:35:17.470+0000] {processor.py:826} INFO - Processing file /opt/airflow/dags/dag_ETL.py for tasks to queue
[2025-02-11T15:35:17.546+0000] {logging_mixin.py:150} INFO - [2025-02-11T15:35:17.505+0000] {dagbag.py:541} INFO - Filling up the DagBag from /opt/airflow/dags/dag_ETL.py
[2025-02-11T15:35:18.850+0000] {processor.py:836} INFO - DAG(s) dict_keys(['DAG_ETL_daily_jobs']) retrieved from /opt/airflow/dags/dag_ETL.py
[2025-02-11T15:35:20.083+0000] {logging_mixin.py:150} INFO - [2025-02-11T15:35:20.078+0000] {dag.py:2742} INFO - Sync 1 DAGs
[2025-02-11T15:35:20.461+0000] {logging_mixin.py:150} INFO - [2025-02-11T15:35:20.460+0000] {dag.py:3504} INFO - Setting next_dagrun for DAG_ETL_daily_jobs to 2025-02-11T09:00:00+00:00, run_after=2025-02-12T09:00:00+00:00
[2025-02-11T15:35:20.614+0000] {processor.py:179} INFO - Processing /opt/airflow/dags/dag_ETL.py took 3.347 seconds
[2025-02-11T15:35:52.254+0000] {processor.py:157} INFO - Started process (PID=763) to work on /opt/airflow/dags/dag_ETL.py
[2025-02-11T15:35:52.274+0000] {processor.py:826} INFO - Processing file /opt/airflow/dags/dag_ETL.py for tasks to queue
[2025-02-11T15:35:52.286+0000] {logging_mixin.py:150} INFO - [2025-02-11T15:35:52.284+0000] {dagbag.py:541} INFO - Filling up the DagBag from /opt/airflow/dags/dag_ETL.py
[2025-02-11T15:35:53.746+0000] {processor.py:836} INFO - DAG(s) dict_keys(['DAG_ETL_daily_jobs']) retrieved from /opt/airflow/dags/dag_ETL.py
[2025-02-11T15:35:56.253+0000] {logging_mixin.py:150} INFO - [2025-02-11T15:35:56.252+0000] {dag.py:2742} INFO - Sync 1 DAGs
[2025-02-11T15:35:57.590+0000] {logging_mixin.py:150} INFO - [2025-02-11T15:35:57.590+0000] {dag.py:3504} INFO - Setting next_dagrun for DAG_ETL_daily_jobs to 2025-02-11T09:00:00+00:00, run_after=2025-02-12T09:00:00+00:00
[2025-02-11T15:35:57.863+0000] {processor.py:179} INFO - Processing /opt/airflow/dags/dag_ETL.py took 5.815 seconds
[2025-02-11T15:36:29.689+0000] {processor.py:157} INFO - Started process (PID=767) to work on /opt/airflow/dags/dag_ETL.py
[2025-02-11T15:36:29.806+0000] {processor.py:826} INFO - Processing file /opt/airflow/dags/dag_ETL.py for tasks to queue
[2025-02-11T15:36:29.814+0000] {logging_mixin.py:150} INFO - [2025-02-11T15:36:29.811+0000] {dagbag.py:541} INFO - Filling up the DagBag from /opt/airflow/dags/dag_ETL.py
[2025-02-11T15:36:30.382+0000] {processor.py:836} INFO - DAG(s) dict_keys(['DAG_ETL_daily_jobs']) retrieved from /opt/airflow/dags/dag_ETL.py
[2025-02-11T15:36:31.670+0000] {logging_mixin.py:150} INFO - [2025-02-11T15:36:31.668+0000] {dag.py:2742} INFO - Sync 1 DAGs
[2025-02-11T15:36:32.177+0000] {logging_mixin.py:150} INFO - [2025-02-11T15:36:32.176+0000] {dag.py:3504} INFO - Setting next_dagrun for DAG_ETL_daily_jobs to 2025-02-11T09:00:00+00:00, run_after=2025-02-12T09:00:00+00:00
[2025-02-11T15:36:32.403+0000] {processor.py:179} INFO - Processing /opt/airflow/dags/dag_ETL.py took 3.036 seconds
[2025-02-11T15:37:03.125+0000] {processor.py:157} INFO - Started process (PID=772) to work on /opt/airflow/dags/dag_ETL.py
[2025-02-11T15:37:03.206+0000] {processor.py:826} INFO - Processing file /opt/airflow/dags/dag_ETL.py for tasks to queue
[2025-02-11T15:37:03.247+0000] {logging_mixin.py:150} INFO - [2025-02-11T15:37:03.219+0000] {dagbag.py:541} INFO - Filling up the DagBag from /opt/airflow/dags/dag_ETL.py
[2025-02-11T15:37:03.622+0000] {processor.py:836} INFO - DAG(s) dict_keys(['DAG_ETL_daily_jobs']) retrieved from /opt/airflow/dags/dag_ETL.py
[2025-02-11T15:37:04.450+0000] {logging_mixin.py:150} INFO - [2025-02-11T15:37:04.450+0000] {dag.py:2742} INFO - Sync 1 DAGs
[2025-02-11T15:37:05.524+0000] {logging_mixin.py:150} INFO - [2025-02-11T15:37:05.520+0000] {dag.py:3504} INFO - Setting next_dagrun for DAG_ETL_daily_jobs to 2025-02-11T09:00:00+00:00, run_after=2025-02-12T09:00:00+00:00
[2025-02-11T15:37:05.744+0000] {processor.py:179} INFO - Processing /opt/airflow/dags/dag_ETL.py took 2.922 seconds
[2025-02-11T15:37:37.025+0000] {processor.py:157} INFO - Started process (PID=959) to work on /opt/airflow/dags/dag_ETL.py
[2025-02-11T15:37:37.086+0000] {processor.py:826} INFO - Processing file /opt/airflow/dags/dag_ETL.py for tasks to queue
[2025-02-11T15:37:37.100+0000] {logging_mixin.py:150} INFO - [2025-02-11T15:37:37.088+0000] {dagbag.py:541} INFO - Filling up the DagBag from /opt/airflow/dags/dag_ETL.py
[2025-02-11T15:37:37.245+0000] {processor.py:836} INFO - DAG(s) dict_keys(['DAG_ETL_daily_jobs']) retrieved from /opt/airflow/dags/dag_ETL.py
[2025-02-11T15:37:37.793+0000] {logging_mixin.py:150} INFO - [2025-02-11T15:37:37.792+0000] {dag.py:2742} INFO - Sync 1 DAGs
[2025-02-11T15:37:38.026+0000] {logging_mixin.py:150} INFO - [2025-02-11T15:37:38.024+0000] {dag.py:3504} INFO - Setting next_dagrun for DAG_ETL_daily_jobs to 2025-02-11T09:00:00+00:00, run_after=2025-02-12T09:00:00+00:00
[2025-02-11T15:37:38.258+0000] {processor.py:179} INFO - Processing /opt/airflow/dags/dag_ETL.py took 1.487 seconds
[2025-02-11T15:38:04.220+0000] {processor.py:157} INFO - Started process (PID=960) to work on /opt/airflow/dags/dag_ETL.py
[2025-02-11T15:38:04.320+0000] {processor.py:826} INFO - Processing file /opt/airflow/dags/dag_ETL.py for tasks to queue
[2025-02-11T15:38:04.386+0000] {logging_mixin.py:150} INFO - [2025-02-11T15:38:04.379+0000] {dagbag.py:541} INFO - Filling up the DagBag from /opt/airflow/dags/dag_ETL.py
[2025-02-11T15:38:05.441+0000] {processor.py:836} INFO - DAG(s) dict_keys(['DAG_ETL_daily_jobs']) retrieved from /opt/airflow/dags/dag_ETL.py
[2025-02-11T15:38:10.098+0000] {logging_mixin.py:150} INFO - [2025-02-11T15:38:10.097+0000] {dag.py:2742} INFO - Sync 1 DAGs
[2025-02-11T15:38:10.223+0000] {logging_mixin.py:150} INFO - [2025-02-11T15:38:10.223+0000] {dag.py:3504} INFO - Setting next_dagrun for DAG_ETL_daily_jobs to 2025-02-11T09:00:00+00:00, run_after=2025-02-12T09:00:00+00:00
[2025-02-11T15:38:10.469+0000] {processor.py:179} INFO - Processing /opt/airflow/dags/dag_ETL.py took 6.340 seconds
[2025-02-11T15:38:40.873+0000] {processor.py:157} INFO - Started process (PID=965) to work on /opt/airflow/dags/dag_ETL.py
[2025-02-11T15:38:40.888+0000] {processor.py:826} INFO - Processing file /opt/airflow/dags/dag_ETL.py for tasks to queue
[2025-02-11T15:38:40.892+0000] {logging_mixin.py:150} INFO - [2025-02-11T15:38:40.891+0000] {dagbag.py:541} INFO - Filling up the DagBag from /opt/airflow/dags/dag_ETL.py
[2025-02-11T15:38:40.943+0000] {processor.py:836} INFO - DAG(s) dict_keys(['DAG_ETL_daily_jobs']) retrieved from /opt/airflow/dags/dag_ETL.py
[2025-02-11T15:38:41.107+0000] {logging_mixin.py:150} INFO - [2025-02-11T15:38:41.107+0000] {dag.py:2742} INFO - Sync 1 DAGs
[2025-02-11T15:38:41.232+0000] {logging_mixin.py:150} INFO - [2025-02-11T15:38:41.232+0000] {dag.py:3504} INFO - Setting next_dagrun for DAG_ETL_daily_jobs to 2025-02-11T09:00:00+00:00, run_after=2025-02-12T09:00:00+00:00
[2025-02-11T15:38:41.309+0000] {processor.py:179} INFO - Processing /opt/airflow/dags/dag_ETL.py took 0.468 seconds
[2025-02-11T15:39:12.342+0000] {processor.py:157} INFO - Started process (PID=1074) to work on /opt/airflow/dags/dag_ETL.py
[2025-02-11T15:39:12.376+0000] {processor.py:826} INFO - Processing file /opt/airflow/dags/dag_ETL.py for tasks to queue
[2025-02-11T15:39:12.437+0000] {logging_mixin.py:150} INFO - [2025-02-11T15:39:12.405+0000] {dagbag.py:541} INFO - Filling up the DagBag from /opt/airflow/dags/dag_ETL.py
[2025-02-11T15:39:13.330+0000] {processor.py:836} INFO - DAG(s) dict_keys(['DAG_ETL_daily_jobs']) retrieved from /opt/airflow/dags/dag_ETL.py
[2025-02-11T15:39:14.283+0000] {logging_mixin.py:150} INFO - [2025-02-11T15:39:14.283+0000] {dag.py:2742} INFO - Sync 1 DAGs
[2025-02-11T15:39:14.584+0000] {logging_mixin.py:150} INFO - [2025-02-11T15:39:14.583+0000] {dag.py:3504} INFO - Setting next_dagrun for DAG_ETL_daily_jobs to 2025-02-11T09:00:00+00:00, run_after=2025-02-12T09:00:00+00:00
[2025-02-11T15:39:14.901+0000] {processor.py:179} INFO - Processing /opt/airflow/dags/dag_ETL.py took 2.762 seconds
[2025-02-11T15:39:46.365+0000] {processor.py:157} INFO - Started process (PID=1090) to work on /opt/airflow/dags/dag_ETL.py
[2025-02-11T15:39:46.399+0000] {processor.py:826} INFO - Processing file /opt/airflow/dags/dag_ETL.py for tasks to queue
[2025-02-11T15:39:46.436+0000] {logging_mixin.py:150} INFO - [2025-02-11T15:39:46.434+0000] {dagbag.py:541} INFO - Filling up the DagBag from /opt/airflow/dags/dag_ETL.py
[2025-02-11T15:39:47.132+0000] {processor.py:836} INFO - DAG(s) dict_keys(['DAG_ETL_daily_jobs']) retrieved from /opt/airflow/dags/dag_ETL.py
[2025-02-11T15:39:48.779+0000] {logging_mixin.py:150} INFO - [2025-02-11T15:39:48.778+0000] {dag.py:2742} INFO - Sync 1 DAGs
[2025-02-11T15:39:49.766+0000] {logging_mixin.py:150} INFO - [2025-02-11T15:39:49.753+0000] {dag.py:3504} INFO - Setting next_dagrun for DAG_ETL_daily_jobs to 2025-02-11T09:00:00+00:00, run_after=2025-02-12T09:00:00+00:00
[2025-02-11T15:39:50.162+0000] {processor.py:179} INFO - Processing /opt/airflow/dags/dag_ETL.py took 4.060 seconds
[2025-02-11T15:40:20.691+0000] {processor.py:157} INFO - Started process (PID=1092) to work on /opt/airflow/dags/dag_ETL.py
[2025-02-11T15:40:20.706+0000] {processor.py:826} INFO - Processing file /opt/airflow/dags/dag_ETL.py for tasks to queue
[2025-02-11T15:40:20.722+0000] {logging_mixin.py:150} INFO - [2025-02-11T15:40:20.714+0000] {dagbag.py:541} INFO - Filling up the DagBag from /opt/airflow/dags/dag_ETL.py
[2025-02-11T15:40:21.706+0000] {processor.py:836} INFO - DAG(s) dict_keys(['DAG_ETL_daily_jobs']) retrieved from /opt/airflow/dags/dag_ETL.py
[2025-02-11T15:40:22.846+0000] {logging_mixin.py:150} INFO - [2025-02-11T15:40:22.843+0000] {dag.py:2742} INFO - Sync 1 DAGs
[2025-02-11T15:40:23.275+0000] {logging_mixin.py:150} INFO - [2025-02-11T15:40:23.273+0000] {dag.py:3504} INFO - Setting next_dagrun for DAG_ETL_daily_jobs to 2025-02-11T09:00:00+00:00, run_after=2025-02-12T09:00:00+00:00
[2025-02-11T15:40:23.372+0000] {processor.py:179} INFO - Processing /opt/airflow/dags/dag_ETL.py took 2.742 seconds
[2025-02-11T15:40:53.725+0000] {processor.py:157} INFO - Started process (PID=1200) to work on /opt/airflow/dags/dag_ETL.py
[2025-02-11T15:40:53.749+0000] {processor.py:826} INFO - Processing file /opt/airflow/dags/dag_ETL.py for tasks to queue
[2025-02-11T15:40:53.780+0000] {logging_mixin.py:150} INFO - [2025-02-11T15:40:53.761+0000] {dagbag.py:541} INFO - Filling up the DagBag from /opt/airflow/dags/dag_ETL.py
[2025-02-11T15:40:54.535+0000] {processor.py:836} INFO - DAG(s) dict_keys(['DAG_ETL_daily_jobs']) retrieved from /opt/airflow/dags/dag_ETL.py
[2025-02-11T15:40:54.686+0000] {logging_mixin.py:150} INFO - [2025-02-11T15:40:54.685+0000] {dag.py:2742} INFO - Sync 1 DAGs
[2025-02-11T15:40:54.824+0000] {logging_mixin.py:150} INFO - [2025-02-11T15:40:54.824+0000] {dag.py:3504} INFO - Setting next_dagrun for DAG_ETL_daily_jobs to 2025-02-11T09:00:00+00:00, run_after=2025-02-12T09:00:00+00:00
[2025-02-11T15:40:54.880+0000] {processor.py:179} INFO - Processing /opt/airflow/dags/dag_ETL.py took 1.305 seconds
[2025-02-11T15:41:25.294+0000] {processor.py:157} INFO - Started process (PID=1301) to work on /opt/airflow/dags/dag_ETL.py
[2025-02-11T15:41:25.298+0000] {processor.py:826} INFO - Processing file /opt/airflow/dags/dag_ETL.py for tasks to queue
[2025-02-11T15:41:25.303+0000] {logging_mixin.py:150} INFO - [2025-02-11T15:41:25.302+0000] {dagbag.py:541} INFO - Filling up the DagBag from /opt/airflow/dags/dag_ETL.py
[2025-02-11T15:41:25.427+0000] {processor.py:836} INFO - DAG(s) dict_keys(['DAG_ETL_daily_jobs']) retrieved from /opt/airflow/dags/dag_ETL.py
[2025-02-11T15:41:25.636+0000] {logging_mixin.py:150} INFO - [2025-02-11T15:41:25.635+0000] {dag.py:2742} INFO - Sync 1 DAGs
[2025-02-11T15:41:25.846+0000] {logging_mixin.py:150} INFO - [2025-02-11T15:41:25.845+0000] {dag.py:3504} INFO - Setting next_dagrun for DAG_ETL_daily_jobs to 2025-02-11T09:00:00+00:00, run_after=2025-02-12T09:00:00+00:00
[2025-02-11T15:41:25.893+0000] {processor.py:179} INFO - Processing /opt/airflow/dags/dag_ETL.py took 0.621 seconds
[2025-02-11T15:41:56.804+0000] {processor.py:157} INFO - Started process (PID=1335) to work on /opt/airflow/dags/dag_ETL.py
[2025-02-11T15:41:56.809+0000] {processor.py:826} INFO - Processing file /opt/airflow/dags/dag_ETL.py for tasks to queue
[2025-02-11T15:41:56.812+0000] {logging_mixin.py:150} INFO - [2025-02-11T15:41:56.811+0000] {dagbag.py:541} INFO - Filling up the DagBag from /opt/airflow/dags/dag_ETL.py
[2025-02-11T15:41:56.883+0000] {processor.py:836} INFO - DAG(s) dict_keys(['DAG_ETL_daily_jobs']) retrieved from /opt/airflow/dags/dag_ETL.py
[2025-02-11T15:41:57.138+0000] {logging_mixin.py:150} INFO - [2025-02-11T15:41:57.137+0000] {dag.py:2742} INFO - Sync 1 DAGs
[2025-02-11T15:41:57.549+0000] {logging_mixin.py:150} INFO - [2025-02-11T15:41:57.547+0000] {dag.py:3504} INFO - Setting next_dagrun for DAG_ETL_daily_jobs to 2025-02-11T09:00:00+00:00, run_after=2025-02-12T09:00:00+00:00
[2025-02-11T15:41:57.745+0000] {processor.py:179} INFO - Processing /opt/airflow/dags/dag_ETL.py took 0.966 seconds
[2025-02-11T15:42:28.355+0000] {processor.py:157} INFO - Started process (PID=1382) to work on /opt/airflow/dags/dag_ETL.py
[2025-02-11T15:42:28.372+0000] {processor.py:826} INFO - Processing file /opt/airflow/dags/dag_ETL.py for tasks to queue
[2025-02-11T15:42:28.383+0000] {logging_mixin.py:150} INFO - [2025-02-11T15:42:28.377+0000] {dagbag.py:541} INFO - Filling up the DagBag from /opt/airflow/dags/dag_ETL.py
[2025-02-11T15:42:28.905+0000] {processor.py:836} INFO - DAG(s) dict_keys(['DAG_ETL_daily_jobs']) retrieved from /opt/airflow/dags/dag_ETL.py
[2025-02-11T15:42:29.068+0000] {logging_mixin.py:150} INFO - [2025-02-11T15:42:29.067+0000] {dag.py:2742} INFO - Sync 1 DAGs
[2025-02-11T15:42:29.276+0000] {logging_mixin.py:150} INFO - [2025-02-11T15:42:29.275+0000] {dag.py:3504} INFO - Setting next_dagrun for DAG_ETL_daily_jobs to 2025-02-11T09:00:00+00:00, run_after=2025-02-12T09:00:00+00:00
[2025-02-11T15:42:29.406+0000] {processor.py:179} INFO - Processing /opt/airflow/dags/dag_ETL.py took 1.159 seconds
[2025-02-11T15:42:59.853+0000] {processor.py:157} INFO - Started process (PID=1552) to work on /opt/airflow/dags/dag_ETL.py
[2025-02-11T15:42:59.856+0000] {processor.py:826} INFO - Processing file /opt/airflow/dags/dag_ETL.py for tasks to queue
[2025-02-11T15:42:59.858+0000] {logging_mixin.py:150} INFO - [2025-02-11T15:42:59.857+0000] {dagbag.py:541} INFO - Filling up the DagBag from /opt/airflow/dags/dag_ETL.py
[2025-02-11T15:42:59.950+0000] {processor.py:836} INFO - DAG(s) dict_keys(['DAG_ETL_daily_jobs']) retrieved from /opt/airflow/dags/dag_ETL.py
[2025-02-11T15:43:00.150+0000] {logging_mixin.py:150} INFO - [2025-02-11T15:43:00.150+0000] {dag.py:2742} INFO - Sync 1 DAGs
[2025-02-11T15:43:00.284+0000] {logging_mixin.py:150} INFO - [2025-02-11T15:43:00.283+0000] {dag.py:3504} INFO - Setting next_dagrun for DAG_ETL_daily_jobs to 2025-02-11T09:00:00+00:00, run_after=2025-02-12T09:00:00+00:00
[2025-02-11T15:43:00.352+0000] {processor.py:179} INFO - Processing /opt/airflow/dags/dag_ETL.py took 0.514 seconds
[2025-02-11T15:43:31.825+0000] {processor.py:157} INFO - Started process (PID=1628) to work on /opt/airflow/dags/dag_ETL.py
[2025-02-11T15:43:31.833+0000] {processor.py:826} INFO - Processing file /opt/airflow/dags/dag_ETL.py for tasks to queue
[2025-02-11T15:43:31.839+0000] {logging_mixin.py:150} INFO - [2025-02-11T15:43:31.837+0000] {dagbag.py:541} INFO - Filling up the DagBag from /opt/airflow/dags/dag_ETL.py
[2025-02-11T15:43:32.182+0000] {processor.py:836} INFO - DAG(s) dict_keys(['DAG_ETL_daily_jobs']) retrieved from /opt/airflow/dags/dag_ETL.py
[2025-02-11T15:43:32.610+0000] {logging_mixin.py:150} INFO - [2025-02-11T15:43:32.610+0000] {dag.py:2742} INFO - Sync 1 DAGs
[2025-02-11T15:43:32.848+0000] {logging_mixin.py:150} INFO - [2025-02-11T15:43:32.848+0000] {dag.py:3504} INFO - Setting next_dagrun for DAG_ETL_daily_jobs to 2025-02-11T09:00:00+00:00, run_after=2025-02-12T09:00:00+00:00
[2025-02-11T15:43:33.019+0000] {processor.py:179} INFO - Processing /opt/airflow/dags/dag_ETL.py took 1.642 seconds
[2025-02-11T15:44:03.653+0000] {processor.py:157} INFO - Started process (PID=1730) to work on /opt/airflow/dags/dag_ETL.py
[2025-02-11T15:44:03.706+0000] {processor.py:826} INFO - Processing file /opt/airflow/dags/dag_ETL.py for tasks to queue
[2025-02-11T15:44:03.822+0000] {logging_mixin.py:150} INFO - [2025-02-11T15:44:03.773+0000] {dagbag.py:541} INFO - Filling up the DagBag from /opt/airflow/dags/dag_ETL.py
[2025-02-11T15:44:04.035+0000] {processor.py:836} INFO - DAG(s) dict_keys(['DAG_ETL_daily_jobs']) retrieved from /opt/airflow/dags/dag_ETL.py
[2025-02-11T15:44:04.341+0000] {logging_mixin.py:150} INFO - [2025-02-11T15:44:04.341+0000] {dag.py:2742} INFO - Sync 1 DAGs
[2025-02-11T15:44:04.909+0000] {logging_mixin.py:150} INFO - [2025-02-11T15:44:04.909+0000] {dag.py:3504} INFO - Setting next_dagrun for DAG_ETL_daily_jobs to 2025-02-11T09:00:00+00:00, run_after=2025-02-12T09:00:00+00:00
[2025-02-11T15:44:05.027+0000] {processor.py:179} INFO - Processing /opt/airflow/dags/dag_ETL.py took 1.400 seconds
[2025-02-11T15:44:35.393+0000] {processor.py:157} INFO - Started process (PID=1882) to work on /opt/airflow/dags/dag_ETL.py
[2025-02-11T15:44:35.396+0000] {processor.py:826} INFO - Processing file /opt/airflow/dags/dag_ETL.py for tasks to queue
[2025-02-11T15:44:35.402+0000] {logging_mixin.py:150} INFO - [2025-02-11T15:44:35.400+0000] {dagbag.py:541} INFO - Filling up the DagBag from /opt/airflow/dags/dag_ETL.py
[2025-02-11T15:44:35.466+0000] {processor.py:836} INFO - DAG(s) dict_keys(['DAG_ETL_daily_jobs']) retrieved from /opt/airflow/dags/dag_ETL.py
[2025-02-11T15:44:35.561+0000] {logging_mixin.py:150} INFO - [2025-02-11T15:44:35.556+0000] {dag.py:2742} INFO - Sync 1 DAGs
[2025-02-11T15:44:35.629+0000] {logging_mixin.py:150} INFO - [2025-02-11T15:44:35.629+0000] {dag.py:3504} INFO - Setting next_dagrun for DAG_ETL_daily_jobs to 2025-02-11T09:00:00+00:00, run_after=2025-02-12T09:00:00+00:00
[2025-02-11T15:44:35.678+0000] {processor.py:179} INFO - Processing /opt/airflow/dags/dag_ETL.py took 0.303 seconds
[2025-02-11T15:45:05.953+0000] {processor.py:157} INFO - Started process (PID=1884) to work on /opt/airflow/dags/dag_ETL.py
[2025-02-11T15:45:05.955+0000] {processor.py:826} INFO - Processing file /opt/airflow/dags/dag_ETL.py for tasks to queue
[2025-02-11T15:45:05.958+0000] {logging_mixin.py:150} INFO - [2025-02-11T15:45:05.957+0000] {dagbag.py:541} INFO - Filling up the DagBag from /opt/airflow/dags/dag_ETL.py
[2025-02-11T15:45:06.014+0000] {processor.py:836} INFO - DAG(s) dict_keys(['DAG_ETL_daily_jobs']) retrieved from /opt/airflow/dags/dag_ETL.py
[2025-02-11T15:45:06.076+0000] {logging_mixin.py:150} INFO - [2025-02-11T15:45:06.076+0000] {dag.py:2742} INFO - Sync 1 DAGs
[2025-02-11T15:45:06.137+0000] {logging_mixin.py:150} INFO - [2025-02-11T15:45:06.137+0000] {dag.py:3504} INFO - Setting next_dagrun for DAG_ETL_daily_jobs to 2025-02-11T09:00:00+00:00, run_after=2025-02-12T09:00:00+00:00
[2025-02-11T15:45:06.175+0000] {processor.py:179} INFO - Processing /opt/airflow/dags/dag_ETL.py took 0.229 seconds
[2025-02-11T15:45:36.465+0000] {processor.py:157} INFO - Started process (PID=1886) to work on /opt/airflow/dags/dag_ETL.py
[2025-02-11T15:45:36.469+0000] {processor.py:826} INFO - Processing file /opt/airflow/dags/dag_ETL.py for tasks to queue
[2025-02-11T15:45:36.482+0000] {logging_mixin.py:150} INFO - [2025-02-11T15:45:36.479+0000] {dagbag.py:541} INFO - Filling up the DagBag from /opt/airflow/dags/dag_ETL.py
[2025-02-11T15:45:36.568+0000] {processor.py:836} INFO - DAG(s) dict_keys(['DAG_ETL_daily_jobs']) retrieved from /opt/airflow/dags/dag_ETL.py
[2025-02-11T15:45:36.714+0000] {logging_mixin.py:150} INFO - [2025-02-11T15:45:36.714+0000] {dag.py:2742} INFO - Sync 1 DAGs
[2025-02-11T15:45:36.780+0000] {logging_mixin.py:150} INFO - [2025-02-11T15:45:36.780+0000] {dag.py:3504} INFO - Setting next_dagrun for DAG_ETL_daily_jobs to 2025-02-11T09:00:00+00:00, run_after=2025-02-12T09:00:00+00:00
[2025-02-11T15:45:36.860+0000] {processor.py:179} INFO - Processing /opt/airflow/dags/dag_ETL.py took 0.424 seconds
[2025-02-11T15:46:07.006+0000] {processor.py:157} INFO - Started process (PID=1888) to work on /opt/airflow/dags/dag_ETL.py
[2025-02-11T15:46:07.009+0000] {processor.py:826} INFO - Processing file /opt/airflow/dags/dag_ETL.py for tasks to queue
[2025-02-11T15:46:07.011+0000] {logging_mixin.py:150} INFO - [2025-02-11T15:46:07.010+0000] {dagbag.py:541} INFO - Filling up the DagBag from /opt/airflow/dags/dag_ETL.py
[2025-02-11T15:46:07.061+0000] {processor.py:836} INFO - DAG(s) dict_keys(['DAG_ETL_daily_jobs']) retrieved from /opt/airflow/dags/dag_ETL.py
[2025-02-11T15:46:07.131+0000] {logging_mixin.py:150} INFO - [2025-02-11T15:46:07.131+0000] {dag.py:2742} INFO - Sync 1 DAGs
[2025-02-11T15:46:07.220+0000] {logging_mixin.py:150} INFO - [2025-02-11T15:46:07.220+0000] {dag.py:3504} INFO - Setting next_dagrun for DAG_ETL_daily_jobs to 2025-02-11T09:00:00+00:00, run_after=2025-02-12T09:00:00+00:00
[2025-02-11T15:46:07.310+0000] {processor.py:179} INFO - Processing /opt/airflow/dags/dag_ETL.py took 0.310 seconds
[2025-02-11T15:46:37.524+0000] {processor.py:157} INFO - Started process (PID=1891) to work on /opt/airflow/dags/dag_ETL.py
[2025-02-11T15:46:37.526+0000] {processor.py:826} INFO - Processing file /opt/airflow/dags/dag_ETL.py for tasks to queue
[2025-02-11T15:46:37.528+0000] {logging_mixin.py:150} INFO - [2025-02-11T15:46:37.527+0000] {dagbag.py:541} INFO - Filling up the DagBag from /opt/airflow/dags/dag_ETL.py
[2025-02-11T15:46:37.556+0000] {processor.py:836} INFO - DAG(s) dict_keys(['DAG_ETL_daily_jobs']) retrieved from /opt/airflow/dags/dag_ETL.py
[2025-02-11T15:46:37.610+0000] {logging_mixin.py:150} INFO - [2025-02-11T15:46:37.610+0000] {dag.py:2742} INFO - Sync 1 DAGs
[2025-02-11T15:46:37.656+0000] {logging_mixin.py:150} INFO - [2025-02-11T15:46:37.656+0000] {dag.py:3504} INFO - Setting next_dagrun for DAG_ETL_daily_jobs to 2025-02-11T09:00:00+00:00, run_after=2025-02-12T09:00:00+00:00
[2025-02-11T15:46:37.690+0000] {processor.py:179} INFO - Processing /opt/airflow/dags/dag_ETL.py took 0.172 seconds
[2025-02-11T15:47:07.776+0000] {processor.py:157} INFO - Started process (PID=1892) to work on /opt/airflow/dags/dag_ETL.py
[2025-02-11T15:47:07.779+0000] {processor.py:826} INFO - Processing file /opt/airflow/dags/dag_ETL.py for tasks to queue
[2025-02-11T15:47:07.781+0000] {logging_mixin.py:150} INFO - [2025-02-11T15:47:07.780+0000] {dagbag.py:541} INFO - Filling up the DagBag from /opt/airflow/dags/dag_ETL.py
[2025-02-11T15:47:07.819+0000] {processor.py:836} INFO - DAG(s) dict_keys(['DAG_ETL_daily_jobs']) retrieved from /opt/airflow/dags/dag_ETL.py
[2025-02-11T15:47:07.893+0000] {logging_mixin.py:150} INFO - [2025-02-11T15:47:07.893+0000] {dag.py:2742} INFO - Sync 1 DAGs
[2025-02-11T15:47:07.945+0000] {logging_mixin.py:150} INFO - [2025-02-11T15:47:07.945+0000] {dag.py:3504} INFO - Setting next_dagrun for DAG_ETL_daily_jobs to 2025-02-11T09:00:00+00:00, run_after=2025-02-12T09:00:00+00:00
[2025-02-11T15:47:07.984+0000] {processor.py:179} INFO - Processing /opt/airflow/dags/dag_ETL.py took 0.218 seconds
[2025-02-11T15:47:38.177+0000] {processor.py:157} INFO - Started process (PID=1894) to work on /opt/airflow/dags/dag_ETL.py
[2025-02-11T15:47:38.179+0000] {processor.py:826} INFO - Processing file /opt/airflow/dags/dag_ETL.py for tasks to queue
[2025-02-11T15:47:38.182+0000] {logging_mixin.py:150} INFO - [2025-02-11T15:47:38.181+0000] {dagbag.py:541} INFO - Filling up the DagBag from /opt/airflow/dags/dag_ETL.py
[2025-02-11T15:47:38.214+0000] {processor.py:836} INFO - DAG(s) dict_keys(['DAG_ETL_daily_jobs']) retrieved from /opt/airflow/dags/dag_ETL.py
[2025-02-11T15:47:38.271+0000] {logging_mixin.py:150} INFO - [2025-02-11T15:47:38.271+0000] {dag.py:2742} INFO - Sync 1 DAGs
[2025-02-11T15:47:38.322+0000] {logging_mixin.py:150} INFO - [2025-02-11T15:47:38.322+0000] {dag.py:3504} INFO - Setting next_dagrun for DAG_ETL_daily_jobs to 2025-02-11T09:00:00+00:00, run_after=2025-02-12T09:00:00+00:00
[2025-02-11T15:47:38.354+0000] {processor.py:179} INFO - Processing /opt/airflow/dags/dag_ETL.py took 0.184 seconds
[2025-02-11T15:48:08.696+0000] {processor.py:157} INFO - Started process (PID=1896) to work on /opt/airflow/dags/dag_ETL.py
[2025-02-11T15:48:08.702+0000] {processor.py:826} INFO - Processing file /opt/airflow/dags/dag_ETL.py for tasks to queue
[2025-02-11T15:48:08.704+0000] {logging_mixin.py:150} INFO - [2025-02-11T15:48:08.703+0000] {dagbag.py:541} INFO - Filling up the DagBag from /opt/airflow/dags/dag_ETL.py
[2025-02-11T15:48:08.732+0000] {processor.py:836} INFO - DAG(s) dict_keys(['DAG_ETL_daily_jobs']) retrieved from /opt/airflow/dags/dag_ETL.py
[2025-02-11T15:48:08.812+0000] {logging_mixin.py:150} INFO - [2025-02-11T15:48:08.812+0000] {dag.py:2742} INFO - Sync 1 DAGs
[2025-02-11T15:48:08.863+0000] {logging_mixin.py:150} INFO - [2025-02-11T15:48:08.862+0000] {dag.py:3504} INFO - Setting next_dagrun for DAG_ETL_daily_jobs to 2025-02-11T09:00:00+00:00, run_after=2025-02-12T09:00:00+00:00
[2025-02-11T15:48:08.900+0000] {processor.py:179} INFO - Processing /opt/airflow/dags/dag_ETL.py took 0.212 seconds
[2025-02-11T15:48:39.017+0000] {processor.py:157} INFO - Started process (PID=1898) to work on /opt/airflow/dags/dag_ETL.py
[2025-02-11T15:48:39.022+0000] {processor.py:826} INFO - Processing file /opt/airflow/dags/dag_ETL.py for tasks to queue
[2025-02-11T15:48:39.025+0000] {logging_mixin.py:150} INFO - [2025-02-11T15:48:39.024+0000] {dagbag.py:541} INFO - Filling up the DagBag from /opt/airflow/dags/dag_ETL.py
[2025-02-11T15:48:39.073+0000] {processor.py:836} INFO - DAG(s) dict_keys(['DAG_ETL_daily_jobs']) retrieved from /opt/airflow/dags/dag_ETL.py
[2025-02-11T15:48:39.149+0000] {logging_mixin.py:150} INFO - [2025-02-11T15:48:39.148+0000] {dag.py:2742} INFO - Sync 1 DAGs
[2025-02-11T15:48:39.213+0000] {logging_mixin.py:150} INFO - [2025-02-11T15:48:39.213+0000] {dag.py:3504} INFO - Setting next_dagrun for DAG_ETL_daily_jobs to 2025-02-11T09:00:00+00:00, run_after=2025-02-12T09:00:00+00:00
[2025-02-11T15:48:39.264+0000] {processor.py:179} INFO - Processing /opt/airflow/dags/dag_ETL.py took 0.256 seconds
[2025-02-11T15:49:09.534+0000] {processor.py:157} INFO - Started process (PID=1900) to work on /opt/airflow/dags/dag_ETL.py
[2025-02-11T15:49:09.537+0000] {processor.py:826} INFO - Processing file /opt/airflow/dags/dag_ETL.py for tasks to queue
[2025-02-11T15:49:09.538+0000] {logging_mixin.py:150} INFO - [2025-02-11T15:49:09.538+0000] {dagbag.py:541} INFO - Filling up the DagBag from /opt/airflow/dags/dag_ETL.py
[2025-02-11T15:49:09.565+0000] {processor.py:836} INFO - DAG(s) dict_keys(['DAG_ETL_daily_jobs']) retrieved from /opt/airflow/dags/dag_ETL.py
[2025-02-11T15:49:09.607+0000] {logging_mixin.py:150} INFO - [2025-02-11T15:49:09.607+0000] {dag.py:2742} INFO - Sync 1 DAGs
[2025-02-11T15:49:09.639+0000] {logging_mixin.py:150} INFO - [2025-02-11T15:49:09.639+0000] {dag.py:3504} INFO - Setting next_dagrun for DAG_ETL_daily_jobs to 2025-02-11T09:00:00+00:00, run_after=2025-02-12T09:00:00+00:00
[2025-02-11T15:49:09.665+0000] {processor.py:179} INFO - Processing /opt/airflow/dags/dag_ETL.py took 0.135 seconds
[2025-02-11T15:49:39.810+0000] {processor.py:157} INFO - Started process (PID=1902) to work on /opt/airflow/dags/dag_ETL.py
[2025-02-11T15:49:39.813+0000] {processor.py:826} INFO - Processing file /opt/airflow/dags/dag_ETL.py for tasks to queue
[2025-02-11T15:49:39.814+0000] {logging_mixin.py:150} INFO - [2025-02-11T15:49:39.814+0000] {dagbag.py:541} INFO - Filling up the DagBag from /opt/airflow/dags/dag_ETL.py
[2025-02-11T15:49:39.854+0000] {processor.py:836} INFO - DAG(s) dict_keys(['DAG_ETL_daily_jobs']) retrieved from /opt/airflow/dags/dag_ETL.py
[2025-02-11T15:49:39.914+0000] {logging_mixin.py:150} INFO - [2025-02-11T15:49:39.914+0000] {dag.py:2742} INFO - Sync 1 DAGs
[2025-02-11T15:49:39.980+0000] {logging_mixin.py:150} INFO - [2025-02-11T15:49:39.980+0000] {dag.py:3504} INFO - Setting next_dagrun for DAG_ETL_daily_jobs to 2025-02-11T09:00:00+00:00, run_after=2025-02-12T09:00:00+00:00
[2025-02-11T15:49:40.022+0000] {processor.py:179} INFO - Processing /opt/airflow/dags/dag_ETL.py took 0.220 seconds
[2025-02-11T15:50:10.271+0000] {processor.py:157} INFO - Started process (PID=1904) to work on /opt/airflow/dags/dag_ETL.py
[2025-02-11T15:50:10.272+0000] {processor.py:826} INFO - Processing file /opt/airflow/dags/dag_ETL.py for tasks to queue
[2025-02-11T15:50:10.274+0000] {logging_mixin.py:150} INFO - [2025-02-11T15:50:10.273+0000] {dagbag.py:541} INFO - Filling up the DagBag from /opt/airflow/dags/dag_ETL.py
[2025-02-11T15:50:10.297+0000] {processor.py:836} INFO - DAG(s) dict_keys(['DAG_ETL_daily_jobs']) retrieved from /opt/airflow/dags/dag_ETL.py
[2025-02-11T15:50:10.331+0000] {logging_mixin.py:150} INFO - [2025-02-11T15:50:10.331+0000] {dag.py:2742} INFO - Sync 1 DAGs
[2025-02-11T15:50:10.375+0000] {logging_mixin.py:150} INFO - [2025-02-11T15:50:10.375+0000] {dag.py:3504} INFO - Setting next_dagrun for DAG_ETL_daily_jobs to 2025-02-11T09:00:00+00:00, run_after=2025-02-12T09:00:00+00:00
[2025-02-11T15:50:10.413+0000] {processor.py:179} INFO - Processing /opt/airflow/dags/dag_ETL.py took 0.147 seconds
[2025-02-11T15:50:40.637+0000] {processor.py:157} INFO - Started process (PID=1906) to work on /opt/airflow/dags/dag_ETL.py
[2025-02-11T15:50:40.640+0000] {processor.py:826} INFO - Processing file /opt/airflow/dags/dag_ETL.py for tasks to queue
[2025-02-11T15:50:40.642+0000] {logging_mixin.py:150} INFO - [2025-02-11T15:50:40.641+0000] {dagbag.py:541} INFO - Filling up the DagBag from /opt/airflow/dags/dag_ETL.py
[2025-02-11T15:50:40.665+0000] {processor.py:836} INFO - DAG(s) dict_keys(['DAG_ETL_daily_jobs']) retrieved from /opt/airflow/dags/dag_ETL.py
[2025-02-11T15:50:40.712+0000] {logging_mixin.py:150} INFO - [2025-02-11T15:50:40.712+0000] {dag.py:2742} INFO - Sync 1 DAGs
[2025-02-11T15:50:40.749+0000] {logging_mixin.py:150} INFO - [2025-02-11T15:50:40.749+0000] {dag.py:3504} INFO - Setting next_dagrun for DAG_ETL_daily_jobs to 2025-02-11T09:00:00+00:00, run_after=2025-02-12T09:00:00+00:00
[2025-02-11T15:50:40.778+0000] {processor.py:179} INFO - Processing /opt/airflow/dags/dag_ETL.py took 0.148 seconds
[2025-02-11T15:51:10.846+0000] {processor.py:157} INFO - Started process (PID=1908) to work on /opt/airflow/dags/dag_ETL.py
[2025-02-11T15:51:10.849+0000] {processor.py:826} INFO - Processing file /opt/airflow/dags/dag_ETL.py for tasks to queue
[2025-02-11T15:51:10.851+0000] {logging_mixin.py:150} INFO - [2025-02-11T15:51:10.850+0000] {dagbag.py:541} INFO - Filling up the DagBag from /opt/airflow/dags/dag_ETL.py
[2025-02-11T15:51:10.881+0000] {processor.py:836} INFO - DAG(s) dict_keys(['DAG_ETL_daily_jobs']) retrieved from /opt/airflow/dags/dag_ETL.py
[2025-02-11T15:51:10.937+0000] {logging_mixin.py:150} INFO - [2025-02-11T15:51:10.936+0000] {dag.py:2742} INFO - Sync 1 DAGs
[2025-02-11T15:51:10.985+0000] {logging_mixin.py:150} INFO - [2025-02-11T15:51:10.985+0000] {dag.py:3504} INFO - Setting next_dagrun for DAG_ETL_daily_jobs to 2025-02-11T09:00:00+00:00, run_after=2025-02-12T09:00:00+00:00
[2025-02-11T15:51:11.023+0000] {processor.py:179} INFO - Processing /opt/airflow/dags/dag_ETL.py took 0.184 seconds
[2025-02-11T15:51:41.186+0000] {processor.py:157} INFO - Started process (PID=1910) to work on /opt/airflow/dags/dag_ETL.py
[2025-02-11T15:51:41.192+0000] {processor.py:826} INFO - Processing file /opt/airflow/dags/dag_ETL.py for tasks to queue
[2025-02-11T15:51:41.203+0000] {logging_mixin.py:150} INFO - [2025-02-11T15:51:41.199+0000] {dagbag.py:541} INFO - Filling up the DagBag from /opt/airflow/dags/dag_ETL.py
[2025-02-11T15:51:41.302+0000] {processor.py:836} INFO - DAG(s) dict_keys(['DAG_ETL_daily_jobs']) retrieved from /opt/airflow/dags/dag_ETL.py
[2025-02-11T15:51:41.685+0000] {logging_mixin.py:150} INFO - [2025-02-11T15:51:41.682+0000] {dag.py:2742} INFO - Sync 1 DAGs
[2025-02-11T15:51:41.835+0000] {logging_mixin.py:150} INFO - [2025-02-11T15:51:41.835+0000] {dag.py:3504} INFO - Setting next_dagrun for DAG_ETL_daily_jobs to 2025-02-11T09:00:00+00:00, run_after=2025-02-12T09:00:00+00:00
[2025-02-11T15:51:41.887+0000] {processor.py:179} INFO - Processing /opt/airflow/dags/dag_ETL.py took 0.723 seconds
[2025-02-11T15:52:12.265+0000] {processor.py:157} INFO - Started process (PID=1912) to work on /opt/airflow/dags/dag_ETL.py
[2025-02-11T15:52:12.303+0000] {processor.py:826} INFO - Processing file /opt/airflow/dags/dag_ETL.py for tasks to queue
[2025-02-11T15:52:12.323+0000] {logging_mixin.py:150} INFO - [2025-02-11T15:52:12.317+0000] {dagbag.py:541} INFO - Filling up the DagBag from /opt/airflow/dags/dag_ETL.py
[2025-02-11T15:52:13.010+0000] {processor.py:836} INFO - DAG(s) dict_keys(['DAG_ETL_daily_jobs']) retrieved from /opt/airflow/dags/dag_ETL.py
[2025-02-11T15:52:17.364+0000] {logging_mixin.py:150} INFO - [2025-02-11T15:52:17.329+0000] {dag.py:2742} INFO - Sync 1 DAGs
[2025-02-11T15:52:18.948+0000] {logging_mixin.py:150} INFO - [2025-02-11T15:52:18.940+0000] {dag.py:3504} INFO - Setting next_dagrun for DAG_ETL_daily_jobs to 2025-02-11T09:00:00+00:00, run_after=2025-02-12T09:00:00+00:00
[2025-02-11T15:52:19.971+0000] {processor.py:179} INFO - Processing /opt/airflow/dags/dag_ETL.py took 7.814 seconds
[2025-02-11T15:52:50.559+0000] {processor.py:157} INFO - Started process (PID=1914) to work on /opt/airflow/dags/dag_ETL.py
[2025-02-11T15:52:50.568+0000] {processor.py:826} INFO - Processing file /opt/airflow/dags/dag_ETL.py for tasks to queue
[2025-02-11T15:52:50.570+0000] {logging_mixin.py:150} INFO - [2025-02-11T15:52:50.569+0000] {dagbag.py:541} INFO - Filling up the DagBag from /opt/airflow/dags/dag_ETL.py
[2025-02-11T15:52:50.675+0000] {processor.py:836} INFO - DAG(s) dict_keys(['DAG_ETL_daily_jobs']) retrieved from /opt/airflow/dags/dag_ETL.py
[2025-02-11T15:52:50.987+0000] {logging_mixin.py:150} INFO - [2025-02-11T15:52:50.987+0000] {dag.py:2742} INFO - Sync 1 DAGs
[2025-02-11T15:52:51.213+0000] {logging_mixin.py:150} INFO - [2025-02-11T15:52:51.212+0000] {dag.py:3504} INFO - Setting next_dagrun for DAG_ETL_daily_jobs to 2025-02-11T09:00:00+00:00, run_after=2025-02-12T09:00:00+00:00
[2025-02-11T15:52:51.291+0000] {processor.py:179} INFO - Processing /opt/airflow/dags/dag_ETL.py took 0.751 seconds
[2025-02-11T15:53:21.521+0000] {processor.py:157} INFO - Started process (PID=1916) to work on /opt/airflow/dags/dag_ETL.py
[2025-02-11T15:53:21.523+0000] {processor.py:826} INFO - Processing file /opt/airflow/dags/dag_ETL.py for tasks to queue
[2025-02-11T15:53:21.525+0000] {logging_mixin.py:150} INFO - [2025-02-11T15:53:21.524+0000] {dagbag.py:541} INFO - Filling up the DagBag from /opt/airflow/dags/dag_ETL.py
[2025-02-11T15:53:21.555+0000] {processor.py:836} INFO - DAG(s) dict_keys(['DAG_ETL_daily_jobs']) retrieved from /opt/airflow/dags/dag_ETL.py
[2025-02-11T15:53:21.704+0000] {logging_mixin.py:150} INFO - [2025-02-11T15:53:21.703+0000] {dag.py:2742} INFO - Sync 1 DAGs
[2025-02-11T15:53:21.775+0000] {logging_mixin.py:150} INFO - [2025-02-11T15:53:21.775+0000] {dag.py:3504} INFO - Setting next_dagrun for DAG_ETL_daily_jobs to 2025-02-11T09:00:00+00:00, run_after=2025-02-12T09:00:00+00:00
[2025-02-11T15:53:21.805+0000] {processor.py:179} INFO - Processing /opt/airflow/dags/dag_ETL.py took 0.289 seconds
[2025-02-11T15:53:52.014+0000] {processor.py:157} INFO - Started process (PID=1918) to work on /opt/airflow/dags/dag_ETL.py
[2025-02-11T15:53:52.016+0000] {processor.py:826} INFO - Processing file /opt/airflow/dags/dag_ETL.py for tasks to queue
[2025-02-11T15:53:52.018+0000] {logging_mixin.py:150} INFO - [2025-02-11T15:53:52.017+0000] {dagbag.py:541} INFO - Filling up the DagBag from /opt/airflow/dags/dag_ETL.py
[2025-02-11T15:53:52.070+0000] {processor.py:836} INFO - DAG(s) dict_keys(['DAG_ETL_daily_jobs']) retrieved from /opt/airflow/dags/dag_ETL.py
[2025-02-11T15:53:52.119+0000] {logging_mixin.py:150} INFO - [2025-02-11T15:53:52.119+0000] {dag.py:2742} INFO - Sync 1 DAGs
[2025-02-11T15:53:52.193+0000] {logging_mixin.py:150} INFO - [2025-02-11T15:53:52.193+0000] {dag.py:3504} INFO - Setting next_dagrun for DAG_ETL_daily_jobs to 2025-02-11T09:00:00+00:00, run_after=2025-02-12T09:00:00+00:00
[2025-02-11T15:53:52.251+0000] {processor.py:179} INFO - Processing /opt/airflow/dags/dag_ETL.py took 0.241 seconds
[2025-02-11T15:54:22.284+0000] {processor.py:157} INFO - Started process (PID=1920) to work on /opt/airflow/dags/dag_ETL.py
[2025-02-11T15:54:22.286+0000] {processor.py:826} INFO - Processing file /opt/airflow/dags/dag_ETL.py for tasks to queue
[2025-02-11T15:54:22.287+0000] {logging_mixin.py:150} INFO - [2025-02-11T15:54:22.287+0000] {dagbag.py:541} INFO - Filling up the DagBag from /opt/airflow/dags/dag_ETL.py
[2025-02-11T15:54:22.323+0000] {processor.py:836} INFO - DAG(s) dict_keys(['DAG_ETL_daily_jobs']) retrieved from /opt/airflow/dags/dag_ETL.py
[2025-02-11T15:54:22.487+0000] {logging_mixin.py:150} INFO - [2025-02-11T15:54:22.486+0000] {dag.py:2742} INFO - Sync 1 DAGs
[2025-02-11T15:54:22.559+0000] {logging_mixin.py:150} INFO - [2025-02-11T15:54:22.559+0000] {dag.py:3504} INFO - Setting next_dagrun for DAG_ETL_daily_jobs to 2025-02-11T09:00:00+00:00, run_after=2025-02-12T09:00:00+00:00
[2025-02-11T15:54:22.591+0000] {processor.py:179} INFO - Processing /opt/airflow/dags/dag_ETL.py took 0.311 seconds
[2025-02-11T15:54:52.791+0000] {processor.py:157} INFO - Started process (PID=1922) to work on /opt/airflow/dags/dag_ETL.py
[2025-02-11T15:54:52.793+0000] {processor.py:826} INFO - Processing file /opt/airflow/dags/dag_ETL.py for tasks to queue
[2025-02-11T15:54:52.795+0000] {logging_mixin.py:150} INFO - [2025-02-11T15:54:52.794+0000] {dagbag.py:541} INFO - Filling up the DagBag from /opt/airflow/dags/dag_ETL.py
[2025-02-11T15:54:52.823+0000] {processor.py:836} INFO - DAG(s) dict_keys(['DAG_ETL_daily_jobs']) retrieved from /opt/airflow/dags/dag_ETL.py
[2025-02-11T15:54:52.866+0000] {logging_mixin.py:150} INFO - [2025-02-11T15:54:52.866+0000] {dag.py:2742} INFO - Sync 1 DAGs
[2025-02-11T15:54:52.907+0000] {logging_mixin.py:150} INFO - [2025-02-11T15:54:52.907+0000] {dag.py:3504} INFO - Setting next_dagrun for DAG_ETL_daily_jobs to 2025-02-11T09:00:00+00:00, run_after=2025-02-12T09:00:00+00:00
[2025-02-11T15:54:52.937+0000] {processor.py:179} INFO - Processing /opt/airflow/dags/dag_ETL.py took 0.151 seconds
[2025-02-11T15:55:08.070+0000] {processor.py:157} INFO - Started process (PID=1924) to work on /opt/airflow/dags/dag_ETL.py
[2025-02-11T15:55:08.073+0000] {processor.py:826} INFO - Processing file /opt/airflow/dags/dag_ETL.py for tasks to queue
[2025-02-11T15:55:08.074+0000] {logging_mixin.py:150} INFO - [2025-02-11T15:55:08.073+0000] {dagbag.py:541} INFO - Filling up the DagBag from /opt/airflow/dags/dag_ETL.py
[2025-02-11T15:55:08.113+0000] {processor.py:836} INFO - DAG(s) dict_keys(['DAG_ETL_daily_jobs']) retrieved from /opt/airflow/dags/dag_ETL.py
[2025-02-11T15:55:08.824+0000] {logging_mixin.py:150} INFO - [2025-02-11T15:55:08.823+0000] {dag.py:2742} INFO - Sync 1 DAGs
[2025-02-11T15:55:08.872+0000] {logging_mixin.py:150} INFO - [2025-02-11T15:55:08.871+0000] {dag.py:3504} INFO - Setting next_dagrun for DAG_ETL_daily_jobs to 2025-02-11T09:00:00+00:00, run_after=2025-02-12T09:00:00+00:00
[2025-02-11T15:55:08.921+0000] {processor.py:179} INFO - Processing /opt/airflow/dags/dag_ETL.py took 0.857 seconds
[2025-02-11T15:55:24.310+0000] {processor.py:157} INFO - Started process (PID=1926) to work on /opt/airflow/dags/dag_ETL.py
[2025-02-11T15:55:24.313+0000] {processor.py:826} INFO - Processing file /opt/airflow/dags/dag_ETL.py for tasks to queue
[2025-02-11T15:55:24.315+0000] {logging_mixin.py:150} INFO - [2025-02-11T15:55:24.315+0000] {dagbag.py:541} INFO - Filling up the DagBag from /opt/airflow/dags/dag_ETL.py
[2025-02-11T15:55:24.373+0000] {processor.py:836} INFO - DAG(s) dict_keys(['DAG_ETL_daily_jobs']) retrieved from /opt/airflow/dags/dag_ETL.py
[2025-02-11T15:55:24.403+0000] {logging_mixin.py:150} INFO - [2025-02-11T15:55:24.402+0000] {dag.py:2742} INFO - Sync 1 DAGs
[2025-02-11T15:55:24.471+0000] {logging_mixin.py:150} INFO - [2025-02-11T15:55:24.470+0000] {dag.py:3504} INFO - Setting next_dagrun for DAG_ETL_daily_jobs to 2025-02-11T09:00:00+00:00, run_after=2025-02-12T09:00:00+00:00
[2025-02-11T15:55:24.515+0000] {processor.py:179} INFO - Processing /opt/airflow/dags/dag_ETL.py took 0.213 seconds
[2025-02-11T15:55:54.786+0000] {processor.py:157} INFO - Started process (PID=1928) to work on /opt/airflow/dags/dag_ETL.py
[2025-02-11T15:55:54.788+0000] {processor.py:826} INFO - Processing file /opt/airflow/dags/dag_ETL.py for tasks to queue
[2025-02-11T15:55:54.790+0000] {logging_mixin.py:150} INFO - [2025-02-11T15:55:54.790+0000] {dagbag.py:541} INFO - Filling up the DagBag from /opt/airflow/dags/dag_ETL.py
[2025-02-11T15:55:54.828+0000] {processor.py:836} INFO - DAG(s) dict_keys(['DAG_ETL_daily_jobs']) retrieved from /opt/airflow/dags/dag_ETL.py
[2025-02-11T15:55:54.897+0000] {logging_mixin.py:150} INFO - [2025-02-11T15:55:54.897+0000] {dag.py:2742} INFO - Sync 1 DAGs
[2025-02-11T15:55:54.976+0000] {logging_mixin.py:150} INFO - [2025-02-11T15:55:54.975+0000] {dag.py:3504} INFO - Setting next_dagrun for DAG_ETL_daily_jobs to 2025-02-11T09:00:00+00:00, run_after=2025-02-12T09:00:00+00:00
[2025-02-11T15:55:55.035+0000] {processor.py:179} INFO - Processing /opt/airflow/dags/dag_ETL.py took 0.257 seconds
[2025-02-11T15:56:25.379+0000] {processor.py:157} INFO - Started process (PID=1930) to work on /opt/airflow/dags/dag_ETL.py
[2025-02-11T15:56:25.381+0000] {processor.py:826} INFO - Processing file /opt/airflow/dags/dag_ETL.py for tasks to queue
[2025-02-11T15:56:25.383+0000] {logging_mixin.py:150} INFO - [2025-02-11T15:56:25.382+0000] {dagbag.py:541} INFO - Filling up the DagBag from /opt/airflow/dags/dag_ETL.py
[2025-02-11T15:56:25.416+0000] {processor.py:836} INFO - DAG(s) dict_keys(['DAG_ETL_daily_jobs']) retrieved from /opt/airflow/dags/dag_ETL.py
[2025-02-11T15:56:25.476+0000] {logging_mixin.py:150} INFO - [2025-02-11T15:56:25.476+0000] {dag.py:2742} INFO - Sync 1 DAGs
[2025-02-11T15:56:25.540+0000] {logging_mixin.py:150} INFO - [2025-02-11T15:56:25.539+0000] {dag.py:3504} INFO - Setting next_dagrun for DAG_ETL_daily_jobs to 2025-02-11T09:00:00+00:00, run_after=2025-02-12T09:00:00+00:00
[2025-02-11T15:56:25.593+0000] {processor.py:179} INFO - Processing /opt/airflow/dags/dag_ETL.py took 0.222 seconds
[2025-02-11T15:56:55.665+0000] {processor.py:157} INFO - Started process (PID=1932) to work on /opt/airflow/dags/dag_ETL.py
[2025-02-11T15:56:55.667+0000] {processor.py:826} INFO - Processing file /opt/airflow/dags/dag_ETL.py for tasks to queue
[2025-02-11T15:56:55.670+0000] {logging_mixin.py:150} INFO - [2025-02-11T15:56:55.669+0000] {dagbag.py:541} INFO - Filling up the DagBag from /opt/airflow/dags/dag_ETL.py
[2025-02-11T15:56:55.732+0000] {processor.py:836} INFO - DAG(s) dict_keys(['DAG_ETL_daily_jobs']) retrieved from /opt/airflow/dags/dag_ETL.py
[2025-02-11T15:56:55.815+0000] {logging_mixin.py:150} INFO - [2025-02-11T15:56:55.814+0000] {dag.py:2742} INFO - Sync 1 DAGs
[2025-02-11T15:56:55.878+0000] {logging_mixin.py:150} INFO - [2025-02-11T15:56:55.878+0000] {dag.py:3504} INFO - Setting next_dagrun for DAG_ETL_daily_jobs to 2025-02-11T09:00:00+00:00, run_after=2025-02-12T09:00:00+00:00
[2025-02-11T15:56:55.964+0000] {processor.py:179} INFO - Processing /opt/airflow/dags/dag_ETL.py took 0.309 seconds
[2025-02-11T15:57:27.056+0000] {processor.py:157} INFO - Started process (PID=1975) to work on /opt/airflow/dags/dag_ETL.py
[2025-02-11T15:57:27.075+0000] {processor.py:826} INFO - Processing file /opt/airflow/dags/dag_ETL.py for tasks to queue
[2025-02-11T15:57:27.147+0000] {logging_mixin.py:150} INFO - [2025-02-11T15:57:27.086+0000] {dagbag.py:541} INFO - Filling up the DagBag from /opt/airflow/dags/dag_ETL.py
[2025-02-11T15:57:27.693+0000] {processor.py:836} INFO - DAG(s) dict_keys(['DAG_ETL_daily_jobs']) retrieved from /opt/airflow/dags/dag_ETL.py
[2025-02-11T15:57:28.213+0000] {logging_mixin.py:150} INFO - [2025-02-11T15:57:28.212+0000] {dag.py:2742} INFO - Sync 1 DAGs
[2025-02-11T15:57:28.383+0000] {logging_mixin.py:150} INFO - [2025-02-11T15:57:28.383+0000] {dag.py:3504} INFO - Setting next_dagrun for DAG_ETL_daily_jobs to 2025-02-11T09:00:00+00:00, run_after=2025-02-12T09:00:00+00:00
[2025-02-11T15:57:28.449+0000] {processor.py:179} INFO - Processing /opt/airflow/dags/dag_ETL.py took 1.464 seconds
[2025-02-11T15:57:31.499+0000] {processor.py:157} INFO - Started process (PID=1980) to work on /opt/airflow/dags/dag_ETL.py
[2025-02-11T15:57:31.518+0000] {processor.py:826} INFO - Processing file /opt/airflow/dags/dag_ETL.py for tasks to queue
[2025-02-11T15:57:31.528+0000] {logging_mixin.py:150} INFO - [2025-02-11T15:57:31.526+0000] {dagbag.py:541} INFO - Filling up the DagBag from /opt/airflow/dags/dag_ETL.py
[2025-02-11T15:57:31.808+0000] {processor.py:836} INFO - DAG(s) dict_keys(['DAG_ETL_daily_jobs']) retrieved from /opt/airflow/dags/dag_ETL.py
[2025-02-11T15:57:32.179+0000] {logging_mixin.py:150} INFO - [2025-02-11T15:57:32.178+0000] {dag.py:2742} INFO - Sync 1 DAGs
[2025-02-11T15:57:32.398+0000] {logging_mixin.py:150} INFO - [2025-02-11T15:57:32.397+0000] {dag.py:3504} INFO - Setting next_dagrun for DAG_ETL_daily_jobs to 2025-02-11T09:00:00+00:00, run_after=2025-02-12T09:00:00+00:00
[2025-02-11T15:57:32.476+0000] {processor.py:179} INFO - Processing /opt/airflow/dags/dag_ETL.py took 1.089 seconds
[2025-02-11T15:58:03.045+0000] {processor.py:157} INFO - Started process (PID=2054) to work on /opt/airflow/dags/dag_ETL.py
[2025-02-11T15:58:03.053+0000] {processor.py:826} INFO - Processing file /opt/airflow/dags/dag_ETL.py for tasks to queue
[2025-02-11T15:58:03.059+0000] {logging_mixin.py:150} INFO - [2025-02-11T15:58:03.057+0000] {dagbag.py:541} INFO - Filling up the DagBag from /opt/airflow/dags/dag_ETL.py
[2025-02-11T15:58:03.565+0000] {processor.py:836} INFO - DAG(s) dict_keys(['DAG_ETL_daily_jobs']) retrieved from /opt/airflow/dags/dag_ETL.py
[2025-02-11T15:58:03.828+0000] {logging_mixin.py:150} INFO - [2025-02-11T15:58:03.828+0000] {dag.py:2742} INFO - Sync 1 DAGs
[2025-02-11T15:58:03.996+0000] {logging_mixin.py:150} INFO - [2025-02-11T15:58:03.995+0000] {dag.py:3504} INFO - Setting next_dagrun for DAG_ETL_daily_jobs to 2025-02-11T09:00:00+00:00, run_after=2025-02-12T09:00:00+00:00
[2025-02-11T15:58:04.140+0000] {processor.py:179} INFO - Processing /opt/airflow/dags/dag_ETL.py took 1.139 seconds
[2025-02-11T15:58:34.632+0000] {processor.py:157} INFO - Started process (PID=2062) to work on /opt/airflow/dags/dag_ETL.py
[2025-02-11T15:58:34.692+0000] {processor.py:826} INFO - Processing file /opt/airflow/dags/dag_ETL.py for tasks to queue
[2025-02-11T15:58:34.730+0000] {logging_mixin.py:150} INFO - [2025-02-11T15:58:34.721+0000] {dagbag.py:541} INFO - Filling up the DagBag from /opt/airflow/dags/dag_ETL.py
[2025-02-11T15:58:35.125+0000] {processor.py:836} INFO - DAG(s) dict_keys(['DAG_ETL_daily_jobs']) retrieved from /opt/airflow/dags/dag_ETL.py
[2025-02-11T15:58:35.461+0000] {logging_mixin.py:150} INFO - [2025-02-11T15:58:35.461+0000] {dag.py:2742} INFO - Sync 1 DAGs
[2025-02-11T15:58:35.997+0000] {logging_mixin.py:150} INFO - [2025-02-11T15:58:35.996+0000] {dag.py:3504} INFO - Setting next_dagrun for DAG_ETL_daily_jobs to 2025-02-11T09:00:00+00:00, run_after=2025-02-12T09:00:00+00:00
[2025-02-11T15:58:36.112+0000] {processor.py:179} INFO - Processing /opt/airflow/dags/dag_ETL.py took 1.723 seconds
[2025-02-11T15:58:40.371+0000] {processor.py:157} INFO - Started process (PID=2063) to work on /opt/airflow/dags/dag_ETL.py
[2025-02-11T15:58:40.463+0000] {processor.py:826} INFO - Processing file /opt/airflow/dags/dag_ETL.py for tasks to queue
[2025-02-11T15:58:40.542+0000] {logging_mixin.py:150} INFO - [2025-02-11T15:58:40.535+0000] {dagbag.py:541} INFO - Filling up the DagBag from /opt/airflow/dags/dag_ETL.py
[2025-02-11T15:58:41.260+0000] {processor.py:836} INFO - DAG(s) dict_keys(['DAG_ETL_daily_jobs']) retrieved from /opt/airflow/dags/dag_ETL.py
[2025-02-11T15:58:43.939+0000] {logging_mixin.py:150} INFO - [2025-02-11T15:58:43.920+0000] {dag.py:2742} INFO - Sync 1 DAGs
[2025-02-11T15:58:44.426+0000] {logging_mixin.py:150} INFO - [2025-02-11T15:58:44.422+0000] {dag.py:3504} INFO - Setting next_dagrun for DAG_ETL_daily_jobs to 2025-02-11T09:00:00+00:00, run_after=2025-02-12T09:00:00+00:00
[2025-02-11T15:58:44.907+0000] {processor.py:179} INFO - Processing /opt/airflow/dags/dag_ETL.py took 4.628 seconds
[2025-02-11T15:58:47.035+0000] {processor.py:157} INFO - Started process (PID=2064) to work on /opt/airflow/dags/dag_ETL.py
[2025-02-11T15:58:47.064+0000] {processor.py:826} INFO - Processing file /opt/airflow/dags/dag_ETL.py for tasks to queue
[2025-02-11T15:58:47.075+0000] {logging_mixin.py:150} INFO - [2025-02-11T15:58:47.069+0000] {dagbag.py:541} INFO - Filling up the DagBag from /opt/airflow/dags/dag_ETL.py
[2025-02-11T15:58:47.455+0000] {processor.py:836} INFO - DAG(s) dict_keys(['DAG_ETL_daily_jobs']) retrieved from /opt/airflow/dags/dag_ETL.py
[2025-02-11T15:58:47.794+0000] {logging_mixin.py:150} INFO - [2025-02-11T15:58:47.794+0000] {dag.py:2742} INFO - Sync 1 DAGs
[2025-02-11T15:58:48.079+0000] {logging_mixin.py:150} INFO - [2025-02-11T15:58:48.078+0000] {dag.py:3504} INFO - Setting next_dagrun for DAG_ETL_daily_jobs to 2025-02-11T09:00:00+00:00, run_after=2025-02-12T09:00:00+00:00
[2025-02-11T15:58:48.362+0000] {processor.py:179} INFO - Processing /opt/airflow/dags/dag_ETL.py took 1.433 seconds
[2025-02-11T15:58:55.434+0000] {processor.py:157} INFO - Started process (PID=2065) to work on /opt/airflow/dags/dag_ETL.py
[2025-02-11T15:58:55.447+0000] {processor.py:826} INFO - Processing file /opt/airflow/dags/dag_ETL.py for tasks to queue
[2025-02-11T15:58:55.465+0000] {logging_mixin.py:150} INFO - [2025-02-11T15:58:55.464+0000] {dagbag.py:541} INFO - Filling up the DagBag from /opt/airflow/dags/dag_ETL.py
[2025-02-11T15:58:55.574+0000] {processor.py:836} INFO - DAG(s) dict_keys(['DAG_ETL_daily_jobs']) retrieved from /opt/airflow/dags/dag_ETL.py
[2025-02-11T15:58:55.810+0000] {logging_mixin.py:150} INFO - [2025-02-11T15:58:55.810+0000] {dag.py:2742} INFO - Sync 1 DAGs
[2025-02-11T15:58:55.920+0000] {logging_mixin.py:150} INFO - [2025-02-11T15:58:55.919+0000] {dag.py:3504} INFO - Setting next_dagrun for DAG_ETL_daily_jobs to 2025-02-11T09:00:00+00:00, run_after=2025-02-12T09:00:00+00:00
[2025-02-11T15:58:56.169+0000] {processor.py:179} INFO - Processing /opt/airflow/dags/dag_ETL.py took 0.751 seconds
