[2025-02-11T15:42:49.463+0000] {taskinstance.py:1103} INFO - Dependencies all met for dep_context=non-requeueable deps ti=<TaskInstance: DAG_ETL_daily_jobs.gold_job manual__2025-02-11T15:38:25.393934+00:00 [queued]>
[2025-02-11T15:42:49.483+0000] {taskinstance.py:1103} INFO - Dependencies all met for dep_context=requeueable deps ti=<TaskInstance: DAG_ETL_daily_jobs.gold_job manual__2025-02-11T15:38:25.393934+00:00 [queued]>
[2025-02-11T15:42:49.484+0000] {taskinstance.py:1308} INFO - Starting attempt 1 of 2
[2025-02-11T15:42:49.526+0000] {taskinstance.py:1327} INFO - Executing <Task(SparkSubmitOperator): gold_job> on 2025-02-11 15:38:25.393934+00:00
[2025-02-11T15:42:49.553+0000] {standard_task_runner.py:57} INFO - Started process 1502 to run task
[2025-02-11T15:42:49.559+0000] {standard_task_runner.py:84} INFO - Running: ['***', 'tasks', 'run', 'DAG_ETL_daily_jobs', 'gold_job', 'manual__2025-02-11T15:38:25.393934+00:00', '--job-id', '14', '--raw', '--subdir', 'DAGS_FOLDER/dag_ETL.py', '--cfg-path', '/tmp/tmpxv2jgwmb']
[2025-02-11T15:42:49.562+0000] {standard_task_runner.py:85} INFO - Job 14: Subtask gold_job
[2025-02-11T15:42:49.704+0000] {task_command.py:410} INFO - Running <TaskInstance: DAG_ETL_daily_jobs.gold_job manual__2025-02-11T15:38:25.393934+00:00 [running]> on host 1921aa867cda
[2025-02-11T15:42:50.127+0000] {taskinstance.py:1545} INFO - Exporting env vars: AIRFLOW_CTX_DAG_OWNER='saadelbekkali' AIRFLOW_CTX_DAG_ID='DAG_ETL_daily_jobs' AIRFLOW_CTX_TASK_ID='gold_job' AIRFLOW_CTX_EXECUTION_DATE='2025-02-11T15:38:25.393934+00:00' AIRFLOW_CTX_TRY_NUMBER='1' AIRFLOW_CTX_DAG_RUN_ID='manual__2025-02-11T15:38:25.393934+00:00'
[2025-02-11T15:42:50.223+0000] {base.py:73} INFO - Using connection ID 'spark_default' for task execution.
[2025-02-11T15:42:50.258+0000] {spark_submit.py:340} INFO - Spark-Submit cmd: spark-submit --master spark://spark:7077 --conf spark.jars.packages=com.typesafe:config:1.4.2,com.lihaoyi:requests_2.12:0.8.0,io.circe:circe-core_2.12:0.14.1,io.circe:circe-parser_2.12:0.14.1,io.circe:circe-generic_2.12:0.14.1,org.apache.hadoop:hadoop-aws:3.3.1,com.amazonaws:aws-java-sdk-bundle:1.12.539,org.apache.iceberg:iceberg-spark-runtime-3.4_2.12:1.3.1 --conf spark.driver.extraClassPath=/opt/***/jars/* --conf spark.executor.extraClassPath=/opt/***/jars/* --conf spark.hadoop.fs.s3a.endpoint=http://minio:9000 --conf spark.hadoop.fs.s3a.access.key=minio --conf spark.hadoop.fs.s3a.secret.key=****** --conf spark.hadoop.fs.s3a.path.style.access=true --conf spark.hadoop.fs.s3a.impl=org.apache.hadoop.fs.s3a.S3AFileSystem --conf spark.hadoop.fs.s3a.aws.credentials.provider=org.apache.hadoop.fs.s3a.SimpleAWSCredentialsProvider --conf spark.driver.userClassPathFirst=true --conf spark.executor.userClassPathFirst=true --conf spark.sql.extensions=org.apache.iceberg.spark.extensions.IcebergSparkSessionExtensions --conf spark.sql.catalog.silver_catalog=org.apache.iceberg.spark.SparkCatalog --conf spark.sql.catalog.silver_catalog.type=hadoop --conf spark.sql.catalog.silver_catalog.warehouse=s3a://silver/ --conf spark.sql.catalog.gold_catalog=org.apache.iceberg.spark.SparkCatalog --conf spark.sql.catalog.gold_catalog.type=hadoop --conf spark.sql.catalog.gold_catalog.warehouse=s3a://gold/ --packages com.typesafe:config:1.4.2,com.lihaoyi:requests_2.12:0.8.0,io.circe:circe-core_2.12:0.14.1,io.circe:circe-parser_2.12:0.14.1,io.circe:circe-generic_2.12:0.14.1,org.apache.hadoop:hadoop-aws:3.3.1,com.amazonaws:aws-java-sdk-bundle:1.12.539,org.apache.iceberg:iceberg-spark-runtime-3.4_2.12:1.3.1 --name arrow-spark --class com.Main --verbose /opt/***/jars/scala-maven-project-1.0.jar gold
[2025-02-11T15:42:54.630+0000] {spark_submit.py:491} INFO - Using properties file: null
[2025-02-11T15:42:54.939+0000] {spark_submit.py:491} INFO - Parsed arguments:
[2025-02-11T15:42:54.940+0000] {spark_submit.py:491} INFO - master                  spark://spark:7077
[2025-02-11T15:42:54.943+0000] {spark_submit.py:491} INFO - remote                  null
[2025-02-11T15:42:54.944+0000] {spark_submit.py:491} INFO - deployMode              null
[2025-02-11T15:42:54.947+0000] {spark_submit.py:491} INFO - executorMemory          null
[2025-02-11T15:42:54.958+0000] {spark_submit.py:491} INFO - executorCores           null
[2025-02-11T15:42:54.959+0000] {spark_submit.py:491} INFO - totalExecutorCores      null
[2025-02-11T15:42:54.959+0000] {spark_submit.py:491} INFO - propertiesFile          null
[2025-02-11T15:42:54.960+0000] {spark_submit.py:491} INFO - driverMemory            null
[2025-02-11T15:42:54.961+0000] {spark_submit.py:491} INFO - driverCores             null
[2025-02-11T15:42:54.961+0000] {spark_submit.py:491} INFO - driverExtraClassPath    /opt/***/jars/*
[2025-02-11T15:42:54.962+0000] {spark_submit.py:491} INFO - driverExtraLibraryPath  null
[2025-02-11T15:42:54.963+0000] {spark_submit.py:491} INFO - driverExtraJavaOptions  null
[2025-02-11T15:42:54.963+0000] {spark_submit.py:491} INFO - supervise               false
[2025-02-11T15:42:54.964+0000] {spark_submit.py:491} INFO - queue                   null
[2025-02-11T15:42:54.964+0000] {spark_submit.py:491} INFO - numExecutors            null
[2025-02-11T15:42:54.964+0000] {spark_submit.py:491} INFO - files                   null
[2025-02-11T15:42:54.965+0000] {spark_submit.py:491} INFO - pyFiles                 null
[2025-02-11T15:42:54.965+0000] {spark_submit.py:491} INFO - archives                null
[2025-02-11T15:42:54.965+0000] {spark_submit.py:491} INFO - mainClass               com.Main
[2025-02-11T15:42:54.966+0000] {spark_submit.py:491} INFO - primaryResource         file:/opt/***/jars/scala-maven-project-1.0.jar
[2025-02-11T15:42:54.966+0000] {spark_submit.py:491} INFO - name                    arrow-spark
[2025-02-11T15:42:54.968+0000] {spark_submit.py:491} INFO - childArgs               [gold]
[2025-02-11T15:42:54.969+0000] {spark_submit.py:491} INFO - jars                    null
[2025-02-11T15:42:54.970+0000] {spark_submit.py:491} INFO - packages                com.typesafe:config:1.4.2,com.lihaoyi:requests_2.12:0.8.0,io.circe:circe-core_2.12:0.14.1,io.circe:circe-parser_2.12:0.14.1,io.circe:circe-generic_2.12:0.14.1,org.apache.hadoop:hadoop-aws:3.3.1,com.amazonaws:aws-java-sdk-bundle:1.12.539,org.apache.iceberg:iceberg-spark-runtime-3.4_2.12:1.3.1
[2025-02-11T15:42:54.970+0000] {spark_submit.py:491} INFO - packagesExclusions      null
[2025-02-11T15:42:54.971+0000] {spark_submit.py:491} INFO - repositories            null
[2025-02-11T15:42:54.971+0000] {spark_submit.py:491} INFO - verbose                 true
[2025-02-11T15:42:54.972+0000] {spark_submit.py:491} INFO - 
[2025-02-11T15:42:54.973+0000] {spark_submit.py:491} INFO - Spark properties used, including those specified through
[2025-02-11T15:42:54.973+0000] {spark_submit.py:491} INFO - --conf and those from the properties file null:
[2025-02-11T15:42:54.974+0000] {spark_submit.py:491} INFO - (spark.driver.extraClassPath,/opt/***/jars/*)
[2025-02-11T15:42:54.974+0000] {spark_submit.py:491} INFO - (spark.driver.userClassPathFirst,true)
[2025-02-11T15:42:54.975+0000] {spark_submit.py:491} INFO - (spark.executor.extraClassPath,/opt/***/jars/*)
[2025-02-11T15:42:54.975+0000] {spark_submit.py:491} INFO - (spark.executor.userClassPathFirst,true)
[2025-02-11T15:42:54.976+0000] {spark_submit.py:491} INFO - (spark.hadoop.fs.s3a.access.key,*********(redacted))
[2025-02-11T15:42:54.976+0000] {spark_submit.py:491} INFO - (spark.hadoop.fs.s3a.aws.credentials.provider,org.apache.hadoop.fs.s3a.SimpleAWSCredentialsProvider)
[2025-02-11T15:42:54.976+0000] {spark_submit.py:491} INFO - (spark.hadoop.fs.s3a.endpoint,http://minio:9000)
[2025-02-11T15:42:54.977+0000] {spark_submit.py:491} INFO - (spark.hadoop.fs.s3a.impl,org.apache.hadoop.fs.s3a.S3AFileSystem)
[2025-02-11T15:42:54.977+0000] {spark_submit.py:491} INFO - (spark.hadoop.fs.s3a.path.style.access,true)
[2025-02-11T15:42:54.977+0000] {spark_submit.py:491} INFO - (spark.hadoop.fs.s3a.secret.key,*********(redacted))
[2025-02-11T15:42:54.978+0000] {spark_submit.py:491} INFO - (spark.jars.packages,com.typesafe:config:1.4.2,com.lihaoyi:requests_2.12:0.8.0,io.circe:circe-core_2.12:0.14.1,io.circe:circe-parser_2.12:0.14.1,io.circe:circe-generic_2.12:0.14.1,org.apache.hadoop:hadoop-aws:3.3.1,com.amazonaws:aws-java-sdk-bundle:1.12.539,org.apache.iceberg:iceberg-spark-runtime-3.4_2.12:1.3.1)
[2025-02-11T15:42:54.978+0000] {spark_submit.py:491} INFO - (spark.sql.catalog.gold_catalog,org.apache.iceberg.spark.SparkCatalog)
[2025-02-11T15:42:54.980+0000] {spark_submit.py:491} INFO - (spark.sql.catalog.gold_catalog.type,hadoop)
[2025-02-11T15:42:54.980+0000] {spark_submit.py:491} INFO - (spark.sql.catalog.gold_catalog.warehouse,s3a://gold/)
[2025-02-11T15:42:54.981+0000] {spark_submit.py:491} INFO - (spark.sql.catalog.silver_catalog,org.apache.iceberg.spark.SparkCatalog)
[2025-02-11T15:42:54.984+0000] {spark_submit.py:491} INFO - (spark.sql.catalog.silver_catalog.type,hadoop)
[2025-02-11T15:42:54.985+0000] {spark_submit.py:491} INFO - (spark.sql.catalog.silver_catalog.warehouse,s3a://silver/)
[2025-02-11T15:42:54.987+0000] {spark_submit.py:491} INFO - (spark.sql.extensions,org.apache.iceberg.spark.extensions.IcebergSparkSessionExtensions)
[2025-02-11T15:42:54.989+0000] {spark_submit.py:491} INFO - 
[2025-02-11T15:42:54.990+0000] {spark_submit.py:491} INFO - 
[2025-02-11T15:42:55.385+0000] {spark_submit.py:491} INFO - :: loading settings :: url = jar:file:/opt/spark-3.4.0-bin-hadoop3/jars/ivy-2.5.1.jar!/org/apache/ivy/core/settings/ivysettings.xml
[2025-02-11T15:42:55.833+0000] {spark_submit.py:491} INFO - Ivy Default Cache set to: /home/***/.ivy2/cache
[2025-02-11T15:42:55.835+0000] {spark_submit.py:491} INFO - The jars for the packages stored in: /home/***/.ivy2/jars
[2025-02-11T15:42:55.843+0000] {spark_submit.py:491} INFO - com.typesafe#config added as a dependency
[2025-02-11T15:42:55.845+0000] {spark_submit.py:491} INFO - com.lihaoyi#requests_2.12 added as a dependency
[2025-02-11T15:42:55.847+0000] {spark_submit.py:491} INFO - io.circe#circe-core_2.12 added as a dependency
[2025-02-11T15:42:55.852+0000] {spark_submit.py:491} INFO - io.circe#circe-parser_2.12 added as a dependency
[2025-02-11T15:42:55.853+0000] {spark_submit.py:491} INFO - io.circe#circe-generic_2.12 added as a dependency
[2025-02-11T15:42:55.858+0000] {spark_submit.py:491} INFO - org.apache.hadoop#hadoop-aws added as a dependency
[2025-02-11T15:42:55.859+0000] {spark_submit.py:491} INFO - com.amazonaws#aws-java-sdk-bundle added as a dependency
[2025-02-11T15:42:55.862+0000] {spark_submit.py:491} INFO - org.apache.iceberg#iceberg-spark-runtime-3.4_2.12 added as a dependency
[2025-02-11T15:42:55.862+0000] {spark_submit.py:491} INFO - :: resolving dependencies :: org.apache.spark#spark-submit-parent-72842aa7-57fd-49bc-849b-38ff355c70e0;1.0
[2025-02-11T15:42:55.863+0000] {spark_submit.py:491} INFO - confs: [default]
[2025-02-11T15:42:56.305+0000] {spark_submit.py:491} INFO - found com.typesafe#config;1.4.2 in central
[2025-02-11T15:42:56.419+0000] {spark_submit.py:491} INFO - found com.lihaoyi#requests_2.12;0.8.0 in central
[2025-02-11T15:42:56.544+0000] {spark_submit.py:491} INFO - found com.lihaoyi#geny_2.12;1.0.0 in central
[2025-02-11T15:42:56.655+0000] {spark_submit.py:491} INFO - found io.circe#circe-core_2.12;0.14.1 in central
[2025-02-11T15:42:56.759+0000] {spark_submit.py:491} INFO - found io.circe#circe-numbers_2.12;0.14.1 in central
[2025-02-11T15:42:56.829+0000] {spark_submit.py:491} INFO - found org.typelevel#cats-core_2.12;2.6.1 in central
[2025-02-11T15:42:56.866+0000] {spark_submit.py:491} INFO - found org.typelevel#cats-kernel_2.12;2.6.1 in central
[2025-02-11T15:42:57.222+0000] {spark_submit.py:491} INFO - found org.typelevel#simulacrum-scalafix-annotations_2.12;0.5.4 in central
[2025-02-11T15:42:57.330+0000] {spark_submit.py:491} INFO - found io.circe#circe-parser_2.12;0.14.1 in central
[2025-02-11T15:42:57.558+0000] {spark_submit.py:491} INFO - found io.circe#circe-jawn_2.12;0.14.1 in central
[2025-02-11T15:42:57.593+0000] {spark_submit.py:491} INFO - found org.typelevel#jawn-parser_2.12;1.1.2 in central
[2025-02-11T15:42:57.742+0000] {spark_submit.py:491} INFO - found io.circe#circe-generic_2.12;0.14.1 in central
[2025-02-11T15:42:57.831+0000] {spark_submit.py:491} INFO - found com.chuusai#shapeless_2.12;2.3.7 in central
[2025-02-11T15:42:57.963+0000] {spark_submit.py:491} INFO - found org.apache.hadoop#hadoop-aws;3.3.1 in central
[2025-02-11T15:42:58.054+0000] {spark_submit.py:491} INFO - found org.wildfly.openssl#wildfly-openssl;1.0.7.Final in central
[2025-02-11T15:42:58.095+0000] {spark_submit.py:491} INFO - found com.amazonaws#aws-java-sdk-bundle;1.12.539 in central
[2025-02-11T15:42:58.153+0000] {spark_submit.py:491} INFO - found org.apache.iceberg#iceberg-spark-runtime-3.4_2.12;1.3.1 in central
[2025-02-11T15:42:58.229+0000] {spark_submit.py:491} INFO - :: resolution report :: resolve 2317ms :: artifacts dl 63ms
[2025-02-11T15:42:58.230+0000] {spark_submit.py:491} INFO - :: modules in use:
[2025-02-11T15:42:58.231+0000] {spark_submit.py:491} INFO - com.amazonaws#aws-java-sdk-bundle;1.12.539 from central in [default]
[2025-02-11T15:42:58.232+0000] {spark_submit.py:491} INFO - com.chuusai#shapeless_2.12;2.3.7 from central in [default]
[2025-02-11T15:42:58.232+0000] {spark_submit.py:491} INFO - com.lihaoyi#geny_2.12;1.0.0 from central in [default]
[2025-02-11T15:42:58.233+0000] {spark_submit.py:491} INFO - com.lihaoyi#requests_2.12;0.8.0 from central in [default]
[2025-02-11T15:42:58.248+0000] {spark_submit.py:491} INFO - com.typesafe#config;1.4.2 from central in [default]
[2025-02-11T15:42:58.250+0000] {spark_submit.py:491} INFO - io.circe#circe-core_2.12;0.14.1 from central in [default]
[2025-02-11T15:42:58.252+0000] {spark_submit.py:491} INFO - io.circe#circe-generic_2.12;0.14.1 from central in [default]
[2025-02-11T15:42:58.253+0000] {spark_submit.py:491} INFO - io.circe#circe-jawn_2.12;0.14.1 from central in [default]
[2025-02-11T15:42:58.253+0000] {spark_submit.py:491} INFO - io.circe#circe-numbers_2.12;0.14.1 from central in [default]
[2025-02-11T15:42:58.253+0000] {spark_submit.py:491} INFO - io.circe#circe-parser_2.12;0.14.1 from central in [default]
[2025-02-11T15:42:58.254+0000] {spark_submit.py:491} INFO - org.apache.hadoop#hadoop-aws;3.3.1 from central in [default]
[2025-02-11T15:42:58.256+0000] {spark_submit.py:491} INFO - org.apache.iceberg#iceberg-spark-runtime-3.4_2.12;1.3.1 from central in [default]
[2025-02-11T15:42:58.257+0000] {spark_submit.py:491} INFO - org.typelevel#cats-core_2.12;2.6.1 from central in [default]
[2025-02-11T15:42:58.258+0000] {spark_submit.py:491} INFO - org.typelevel#cats-kernel_2.12;2.6.1 from central in [default]
[2025-02-11T15:42:58.258+0000] {spark_submit.py:491} INFO - org.typelevel#jawn-parser_2.12;1.1.2 from central in [default]
[2025-02-11T15:42:58.261+0000] {spark_submit.py:491} INFO - org.typelevel#simulacrum-scalafix-annotations_2.12;0.5.4 from central in [default]
[2025-02-11T15:42:58.265+0000] {spark_submit.py:491} INFO - org.wildfly.openssl#wildfly-openssl;1.0.7.Final from central in [default]
[2025-02-11T15:42:58.266+0000] {spark_submit.py:491} INFO - :: evicted modules:
[2025-02-11T15:42:58.266+0000] {spark_submit.py:491} INFO - com.amazonaws#aws-java-sdk-bundle;1.11.901 by [com.amazonaws#aws-java-sdk-bundle;1.12.539] in [default]
[2025-02-11T15:42:58.267+0000] {spark_submit.py:491} INFO - ---------------------------------------------------------------------
[2025-02-11T15:42:58.268+0000] {spark_submit.py:491} INFO - |                  |            modules            ||   artifacts   |
[2025-02-11T15:42:58.268+0000] {spark_submit.py:491} INFO - |       conf       | number| search|dwnlded|evicted|| number|dwnlded|
[2025-02-11T15:42:58.269+0000] {spark_submit.py:491} INFO - ---------------------------------------------------------------------
[2025-02-11T15:42:58.272+0000] {spark_submit.py:491} INFO - |      default     |   18  |   0   |   0   |   1   ||   17  |   0   |
[2025-02-11T15:42:58.273+0000] {spark_submit.py:491} INFO - ---------------------------------------------------------------------
[2025-02-11T15:42:58.274+0000] {spark_submit.py:491} INFO - :: retrieving :: org.apache.spark#spark-submit-parent-72842aa7-57fd-49bc-849b-38ff355c70e0
[2025-02-11T15:42:58.274+0000] {spark_submit.py:491} INFO - confs: [default]
[2025-02-11T15:42:58.283+0000] {spark_submit.py:491} INFO - 0 artifacts copied, 17 already retrieved (0kB/30ms)
[2025-02-11T15:42:58.995+0000] {spark_submit.py:491} INFO - 25/02/11 15:42:58 WARN NativeCodeLoader: Unable to load native-hadoop library for your platform... using builtin-java classes where applicable
[2025-02-11T15:42:59.534+0000] {spark_submit.py:491} INFO - Main class:
[2025-02-11T15:42:59.536+0000] {spark_submit.py:491} INFO - com.Main
[2025-02-11T15:42:59.536+0000] {spark_submit.py:491} INFO - Arguments:
[2025-02-11T15:42:59.538+0000] {spark_submit.py:491} INFO - gold
[2025-02-11T15:42:59.539+0000] {spark_submit.py:491} INFO - Spark config:
[2025-02-11T15:42:59.541+0000] {spark_submit.py:491} INFO - (spark.app.name,arrow-spark)
[2025-02-11T15:42:59.541+0000] {spark_submit.py:491} INFO - (spark.app.submitTime,1739288579468)
[2025-02-11T15:42:59.542+0000] {spark_submit.py:491} INFO - (spark.driver.extraClassPath,/opt/***/jars/*)
[2025-02-11T15:42:59.555+0000] {spark_submit.py:491} INFO - (spark.driver.userClassPathFirst,true)
[2025-02-11T15:42:59.556+0000] {spark_submit.py:491} INFO - (spark.executor.extraClassPath,/opt/***/jars/*)
[2025-02-11T15:42:59.558+0000] {spark_submit.py:491} INFO - (spark.executor.userClassPathFirst,true)
[2025-02-11T15:42:59.559+0000] {spark_submit.py:491} INFO - (spark.hadoop.fs.s3a.access.key,*********(redacted))
[2025-02-11T15:42:59.561+0000] {spark_submit.py:491} INFO - (spark.hadoop.fs.s3a.aws.credentials.provider,org.apache.hadoop.fs.s3a.SimpleAWSCredentialsProvider)
[2025-02-11T15:42:59.563+0000] {spark_submit.py:491} INFO - (spark.hadoop.fs.s3a.endpoint,http://minio:9000)
[2025-02-11T15:42:59.565+0000] {spark_submit.py:491} INFO - (spark.hadoop.fs.s3a.impl,org.apache.hadoop.fs.s3a.S3AFileSystem)
[2025-02-11T15:42:59.567+0000] {spark_submit.py:491} INFO - (spark.hadoop.fs.s3a.path.style.access,true)
[2025-02-11T15:42:59.568+0000] {spark_submit.py:491} INFO - (spark.hadoop.fs.s3a.secret.key,*********(redacted))
[2025-02-11T15:42:59.568+0000] {spark_submit.py:491} INFO - (spark.jars,file:///home/***/.ivy2/jars/com.typesafe_config-1.4.2.jar,file:///home/***/.ivy2/jars/com.lihaoyi_requests_2.12-0.8.0.jar,file:///home/***/.ivy2/jars/io.circe_circe-core_2.12-0.14.1.jar,file:///home/***/.ivy2/jars/io.circe_circe-parser_2.12-0.14.1.jar,file:///home/***/.ivy2/jars/io.circe_circe-generic_2.12-0.14.1.jar,file:///home/***/.ivy2/jars/org.apache.hadoop_hadoop-aws-3.3.1.jar,file:///home/***/.ivy2/jars/com.amazonaws_aws-java-sdk-bundle-1.12.539.jar,file:///home/***/.ivy2/jars/org.apache.iceberg_iceberg-spark-runtime-3.4_2.12-1.3.1.jar,file:///home/***/.ivy2/jars/com.lihaoyi_geny_2.12-1.0.0.jar,file:///home/***/.ivy2/jars/io.circe_circe-numbers_2.12-0.14.1.jar,file:///home/***/.ivy2/jars/org.typelevel_cats-core_2.12-2.6.1.jar,file:///home/***/.ivy2/jars/org.typelevel_cats-kernel_2.12-2.6.1.jar,file:///home/***/.ivy2/jars/org.typelevel_simulacrum-scalafix-annotations_2.12-0.5.4.jar,file:///home/***/.ivy2/jars/io.circe_circe-jawn_2.12-0.14.1.jar,file:///home/***/.ivy2/jars/org.typelevel_jawn-parser_2.12-1.1.2.jar,file:///home/***/.ivy2/jars/com.chuusai_shapeless_2.12-2.3.7.jar,file:///home/***/.ivy2/jars/org.wildfly.openssl_wildfly-openssl-1.0.7.Final.jar,file:/opt/***/jars/scala-maven-project-1.0.jar)
[2025-02-11T15:42:59.570+0000] {spark_submit.py:491} INFO - (spark.jars.packages,com.typesafe:config:1.4.2,com.lihaoyi:requests_2.12:0.8.0,io.circe:circe-core_2.12:0.14.1,io.circe:circe-parser_2.12:0.14.1,io.circe:circe-generic_2.12:0.14.1,org.apache.hadoop:hadoop-aws:3.3.1,com.amazonaws:aws-java-sdk-bundle:1.12.539,org.apache.iceberg:iceberg-spark-runtime-3.4_2.12:1.3.1)
[2025-02-11T15:42:59.572+0000] {spark_submit.py:491} INFO - (spark.master,spark://spark:7077)
[2025-02-11T15:42:59.573+0000] {spark_submit.py:491} INFO - (spark.repl.local.jars,file:///home/***/.ivy2/jars/com.typesafe_config-1.4.2.jar,file:///home/***/.ivy2/jars/com.lihaoyi_requests_2.12-0.8.0.jar,file:///home/***/.ivy2/jars/io.circe_circe-core_2.12-0.14.1.jar,file:///home/***/.ivy2/jars/io.circe_circe-parser_2.12-0.14.1.jar,file:///home/***/.ivy2/jars/io.circe_circe-generic_2.12-0.14.1.jar,file:///home/***/.ivy2/jars/org.apache.hadoop_hadoop-aws-3.3.1.jar,file:///home/***/.ivy2/jars/com.amazonaws_aws-java-sdk-bundle-1.12.539.jar,file:///home/***/.ivy2/jars/org.apache.iceberg_iceberg-spark-runtime-3.4_2.12-1.3.1.jar,file:///home/***/.ivy2/jars/com.lihaoyi_geny_2.12-1.0.0.jar,file:///home/***/.ivy2/jars/io.circe_circe-numbers_2.12-0.14.1.jar,file:///home/***/.ivy2/jars/org.typelevel_cats-core_2.12-2.6.1.jar,file:///home/***/.ivy2/jars/org.typelevel_cats-kernel_2.12-2.6.1.jar,file:///home/***/.ivy2/jars/org.typelevel_simulacrum-scalafix-annotations_2.12-0.5.4.jar,file:///home/***/.ivy2/jars/io.circe_circe-jawn_2.12-0.14.1.jar,file:///home/***/.ivy2/jars/org.typelevel_jawn-parser_2.12-1.1.2.jar,file:///home/***/.ivy2/jars/com.chuusai_shapeless_2.12-2.3.7.jar,file:///home/***/.ivy2/jars/org.wildfly.openssl_wildfly-openssl-1.0.7.Final.jar)
[2025-02-11T15:42:59.575+0000] {spark_submit.py:491} INFO - (spark.sql.catalog.gold_catalog,org.apache.iceberg.spark.SparkCatalog)
[2025-02-11T15:42:59.576+0000] {spark_submit.py:491} INFO - (spark.sql.catalog.gold_catalog.type,hadoop)
[2025-02-11T15:42:59.577+0000] {spark_submit.py:491} INFO - (spark.sql.catalog.gold_catalog.warehouse,s3a://gold/)
[2025-02-11T15:42:59.577+0000] {spark_submit.py:491} INFO - (spark.sql.catalog.silver_catalog,org.apache.iceberg.spark.SparkCatalog)
[2025-02-11T15:42:59.578+0000] {spark_submit.py:491} INFO - (spark.sql.catalog.silver_catalog.type,hadoop)
[2025-02-11T15:42:59.579+0000] {spark_submit.py:491} INFO - (spark.sql.catalog.silver_catalog.warehouse,s3a://silver/)
[2025-02-11T15:42:59.579+0000] {spark_submit.py:491} INFO - (spark.sql.extensions,org.apache.iceberg.spark.extensions.IcebergSparkSessionExtensions)
[2025-02-11T15:42:59.580+0000] {spark_submit.py:491} INFO - (spark.submit.deployMode,client)
[2025-02-11T15:42:59.580+0000] {spark_submit.py:491} INFO - (spark.submit.pyFiles,)
[2025-02-11T15:42:59.581+0000] {spark_submit.py:491} INFO - Classpath elements:
[2025-02-11T15:42:59.581+0000] {spark_submit.py:491} INFO - file:/opt/***/jars/scala-maven-project-1.0.jar
[2025-02-11T15:42:59.582+0000] {spark_submit.py:491} INFO - file:///home/***/.ivy2/jars/com.typesafe_config-1.4.2.jar
[2025-02-11T15:42:59.582+0000] {spark_submit.py:491} INFO - file:///home/***/.ivy2/jars/com.lihaoyi_requests_2.12-0.8.0.jar
[2025-02-11T15:42:59.583+0000] {spark_submit.py:491} INFO - file:///home/***/.ivy2/jars/io.circe_circe-core_2.12-0.14.1.jar
[2025-02-11T15:42:59.584+0000] {spark_submit.py:491} INFO - file:///home/***/.ivy2/jars/io.circe_circe-parser_2.12-0.14.1.jar
[2025-02-11T15:42:59.585+0000] {spark_submit.py:491} INFO - file:///home/***/.ivy2/jars/io.circe_circe-generic_2.12-0.14.1.jar
[2025-02-11T15:42:59.585+0000] {spark_submit.py:491} INFO - file:///home/***/.ivy2/jars/org.apache.hadoop_hadoop-aws-3.3.1.jar
[2025-02-11T15:42:59.588+0000] {spark_submit.py:491} INFO - file:///home/***/.ivy2/jars/com.amazonaws_aws-java-sdk-bundle-1.12.539.jar
[2025-02-11T15:42:59.589+0000] {spark_submit.py:491} INFO - file:///home/***/.ivy2/jars/org.apache.iceberg_iceberg-spark-runtime-3.4_2.12-1.3.1.jar
[2025-02-11T15:42:59.590+0000] {spark_submit.py:491} INFO - file:///home/***/.ivy2/jars/com.lihaoyi_geny_2.12-1.0.0.jar
[2025-02-11T15:42:59.591+0000] {spark_submit.py:491} INFO - file:///home/***/.ivy2/jars/io.circe_circe-numbers_2.12-0.14.1.jar
[2025-02-11T15:42:59.591+0000] {spark_submit.py:491} INFO - file:///home/***/.ivy2/jars/org.typelevel_cats-core_2.12-2.6.1.jar
[2025-02-11T15:42:59.592+0000] {spark_submit.py:491} INFO - file:///home/***/.ivy2/jars/org.typelevel_cats-kernel_2.12-2.6.1.jar
[2025-02-11T15:42:59.592+0000] {spark_submit.py:491} INFO - file:///home/***/.ivy2/jars/org.typelevel_simulacrum-scalafix-annotations_2.12-0.5.4.jar
[2025-02-11T15:42:59.593+0000] {spark_submit.py:491} INFO - file:///home/***/.ivy2/jars/io.circe_circe-jawn_2.12-0.14.1.jar
[2025-02-11T15:42:59.593+0000] {spark_submit.py:491} INFO - file:///home/***/.ivy2/jars/org.typelevel_jawn-parser_2.12-1.1.2.jar
[2025-02-11T15:42:59.594+0000] {spark_submit.py:491} INFO - file:///home/***/.ivy2/jars/com.chuusai_shapeless_2.12-2.3.7.jar
[2025-02-11T15:42:59.594+0000] {spark_submit.py:491} INFO - file:///home/***/.ivy2/jars/org.wildfly.openssl_wildfly-openssl-1.0.7.Final.jar
[2025-02-11T15:42:59.595+0000] {spark_submit.py:491} INFO - 
[2025-02-11T15:42:59.595+0000] {spark_submit.py:491} INFO - 
[2025-02-11T15:43:00.047+0000] {spark_submit.py:491} INFO - Starting data ingestion process (Gold)...
[2025-02-11T15:43:00.238+0000] {spark_submit.py:491} INFO - 25/02/11 15:43:00 INFO SparkContext: Running Spark version 3.4.0
[2025-02-11T15:43:00.366+0000] {spark_submit.py:491} INFO - 25/02/11 15:43:00 INFO ResourceUtils: ==============================================================
[2025-02-11T15:43:00.371+0000] {spark_submit.py:491} INFO - 25/02/11 15:43:00 INFO ResourceUtils: No custom resources configured for spark.driver.
[2025-02-11T15:43:00.376+0000] {spark_submit.py:491} INFO - 25/02/11 15:43:00 INFO ResourceUtils: ==============================================================
[2025-02-11T15:43:00.377+0000] {spark_submit.py:491} INFO - 25/02/11 15:43:00 INFO SparkContext: Submitted application: Gold Process
[2025-02-11T15:43:00.497+0000] {spark_submit.py:491} INFO - 25/02/11 15:43:00 INFO ResourceProfile: Default ResourceProfile created, executor resources: Map(memory -> name: memory, amount: 1024, script: , vendor: , offHeap -> name: offHeap, amount: 0, script: , vendor: ), task resources: Map(cpus -> name: cpus, amount: 1.0)
[2025-02-11T15:43:00.549+0000] {spark_submit.py:491} INFO - 25/02/11 15:43:00 INFO ResourceProfile: Limiting resource is cpu
[2025-02-11T15:43:00.551+0000] {spark_submit.py:491} INFO - 25/02/11 15:43:00 INFO ResourceProfileManager: Added ResourceProfile id: 0
[2025-02-11T15:43:00.889+0000] {spark_submit.py:491} INFO - 25/02/11 15:43:00 INFO SecurityManager: Changing view acls to: ***
[2025-02-11T15:43:00.891+0000] {spark_submit.py:491} INFO - 25/02/11 15:43:00 INFO SecurityManager: Changing modify acls to: ***
[2025-02-11T15:43:00.894+0000] {spark_submit.py:491} INFO - 25/02/11 15:43:00 INFO SecurityManager: Changing view acls groups to:
[2025-02-11T15:43:00.895+0000] {spark_submit.py:491} INFO - 25/02/11 15:43:00 INFO SecurityManager: Changing modify acls groups to:
[2025-02-11T15:43:00.896+0000] {spark_submit.py:491} INFO - 25/02/11 15:43:00 INFO SecurityManager: SecurityManager: authentication disabled; ui acls disabled; users with view permissions: ***; groups with view permissions: EMPTY; users with modify permissions: ***; groups with modify permissions: EMPTY
[2025-02-11T15:43:01.860+0000] {spark_submit.py:491} INFO - 25/02/11 15:43:01 INFO Utils: Successfully started service 'sparkDriver' on port 36137.
[2025-02-11T15:43:01.907+0000] {spark_submit.py:491} INFO - 25/02/11 15:43:01 INFO SparkEnv: Registering MapOutputTracker
[2025-02-11T15:43:02.063+0000] {spark_submit.py:491} INFO - 25/02/11 15:43:02 INFO SparkEnv: Registering BlockManagerMaster
[2025-02-11T15:43:02.113+0000] {spark_submit.py:491} INFO - 25/02/11 15:43:02 INFO BlockManagerMasterEndpoint: Using org.apache.spark.storage.DefaultTopologyMapper for getting topology information
[2025-02-11T15:43:02.114+0000] {spark_submit.py:491} INFO - 25/02/11 15:43:02 INFO BlockManagerMasterEndpoint: BlockManagerMasterEndpoint up
[2025-02-11T15:43:02.126+0000] {spark_submit.py:491} INFO - 25/02/11 15:43:02 INFO SparkEnv: Registering BlockManagerMasterHeartbeat
[2025-02-11T15:43:02.335+0000] {spark_submit.py:491} INFO - 25/02/11 15:43:02 INFO DiskBlockManager: Created local directory at /tmp/blockmgr-552cc9a1-a4f9-4743-9a0b-a436c6210855
[2025-02-11T15:43:02.417+0000] {spark_submit.py:491} INFO - 25/02/11 15:43:02 INFO MemoryStore: MemoryStore started with capacity 434.4 MiB
[2025-02-11T15:43:02.491+0000] {spark_submit.py:491} INFO - 25/02/11 15:43:02 INFO SparkEnv: Registering OutputCommitCoordinator
[2025-02-11T15:43:03.290+0000] {spark_submit.py:491} INFO - 25/02/11 15:43:03 INFO JettyUtils: Start Jetty 0.0.0.0:4040 for SparkUI
[2025-02-11T15:43:03.474+0000] {spark_submit.py:491} INFO - 25/02/11 15:43:03 INFO Utils: Successfully started service 'SparkUI' on port 4040.
[2025-02-11T15:43:03.571+0000] {spark_submit.py:491} INFO - 25/02/11 15:43:03 INFO SparkContext: Added JAR file:///home/***/.ivy2/jars/com.typesafe_config-1.4.2.jar at spark://1921aa867cda:36137/jars/com.typesafe_config-1.4.2.jar with timestamp 1739288580215
[2025-02-11T15:43:03.572+0000] {spark_submit.py:491} INFO - 25/02/11 15:43:03 INFO SparkContext: Added JAR file:///home/***/.ivy2/jars/com.lihaoyi_requests_2.12-0.8.0.jar at spark://1921aa867cda:36137/jars/com.lihaoyi_requests_2.12-0.8.0.jar with timestamp 1739288580215
[2025-02-11T15:43:03.575+0000] {spark_submit.py:491} INFO - 25/02/11 15:43:03 INFO SparkContext: Added JAR file:///home/***/.ivy2/jars/io.circe_circe-core_2.12-0.14.1.jar at spark://1921aa867cda:36137/jars/io.circe_circe-core_2.12-0.14.1.jar with timestamp 1739288580215
[2025-02-11T15:43:03.576+0000] {spark_submit.py:491} INFO - 25/02/11 15:43:03 INFO SparkContext: Added JAR file:///home/***/.ivy2/jars/io.circe_circe-parser_2.12-0.14.1.jar at spark://1921aa867cda:36137/jars/io.circe_circe-parser_2.12-0.14.1.jar with timestamp 1739288580215
[2025-02-11T15:43:03.577+0000] {spark_submit.py:491} INFO - 25/02/11 15:43:03 INFO SparkContext: Added JAR file:///home/***/.ivy2/jars/io.circe_circe-generic_2.12-0.14.1.jar at spark://1921aa867cda:36137/jars/io.circe_circe-generic_2.12-0.14.1.jar with timestamp 1739288580215
[2025-02-11T15:43:03.577+0000] {spark_submit.py:491} INFO - 25/02/11 15:43:03 INFO SparkContext: Added JAR file:///home/***/.ivy2/jars/org.apache.hadoop_hadoop-aws-3.3.1.jar at spark://1921aa867cda:36137/jars/org.apache.hadoop_hadoop-aws-3.3.1.jar with timestamp 1739288580215
[2025-02-11T15:43:03.578+0000] {spark_submit.py:491} INFO - 25/02/11 15:43:03 INFO SparkContext: Added JAR file:///home/***/.ivy2/jars/com.amazonaws_aws-java-sdk-bundle-1.12.539.jar at spark://1921aa867cda:36137/jars/com.amazonaws_aws-java-sdk-bundle-1.12.539.jar with timestamp 1739288580215
[2025-02-11T15:43:03.578+0000] {spark_submit.py:491} INFO - 25/02/11 15:43:03 INFO SparkContext: Added JAR file:///home/***/.ivy2/jars/org.apache.iceberg_iceberg-spark-runtime-3.4_2.12-1.3.1.jar at spark://1921aa867cda:36137/jars/org.apache.iceberg_iceberg-spark-runtime-3.4_2.12-1.3.1.jar with timestamp 1739288580215
[2025-02-11T15:43:03.579+0000] {spark_submit.py:491} INFO - 25/02/11 15:43:03 INFO SparkContext: Added JAR file:///home/***/.ivy2/jars/com.lihaoyi_geny_2.12-1.0.0.jar at spark://1921aa867cda:36137/jars/com.lihaoyi_geny_2.12-1.0.0.jar with timestamp 1739288580215
[2025-02-11T15:43:03.580+0000] {spark_submit.py:491} INFO - 25/02/11 15:43:03 INFO SparkContext: Added JAR file:///home/***/.ivy2/jars/io.circe_circe-numbers_2.12-0.14.1.jar at spark://1921aa867cda:36137/jars/io.circe_circe-numbers_2.12-0.14.1.jar with timestamp 1739288580215
[2025-02-11T15:43:03.584+0000] {spark_submit.py:491} INFO - 25/02/11 15:43:03 INFO SparkContext: Added JAR file:///home/***/.ivy2/jars/org.typelevel_cats-core_2.12-2.6.1.jar at spark://1921aa867cda:36137/jars/org.typelevel_cats-core_2.12-2.6.1.jar with timestamp 1739288580215
[2025-02-11T15:43:03.586+0000] {spark_submit.py:491} INFO - 25/02/11 15:43:03 INFO SparkContext: Added JAR file:///home/***/.ivy2/jars/org.typelevel_cats-kernel_2.12-2.6.1.jar at spark://1921aa867cda:36137/jars/org.typelevel_cats-kernel_2.12-2.6.1.jar with timestamp 1739288580215
[2025-02-11T15:43:03.587+0000] {spark_submit.py:491} INFO - 25/02/11 15:43:03 INFO SparkContext: Added JAR file:///home/***/.ivy2/jars/org.typelevel_simulacrum-scalafix-annotations_2.12-0.5.4.jar at spark://1921aa867cda:36137/jars/org.typelevel_simulacrum-scalafix-annotations_2.12-0.5.4.jar with timestamp 1739288580215
[2025-02-11T15:43:03.588+0000] {spark_submit.py:491} INFO - 25/02/11 15:43:03 INFO SparkContext: Added JAR file:///home/***/.ivy2/jars/io.circe_circe-jawn_2.12-0.14.1.jar at spark://1921aa867cda:36137/jars/io.circe_circe-jawn_2.12-0.14.1.jar with timestamp 1739288580215
[2025-02-11T15:43:03.589+0000] {spark_submit.py:491} INFO - 25/02/11 15:43:03 INFO SparkContext: Added JAR file:///home/***/.ivy2/jars/org.typelevel_jawn-parser_2.12-1.1.2.jar at spark://1921aa867cda:36137/jars/org.typelevel_jawn-parser_2.12-1.1.2.jar with timestamp 1739288580215
[2025-02-11T15:43:03.590+0000] {spark_submit.py:491} INFO - 25/02/11 15:43:03 INFO SparkContext: Added JAR file:///home/***/.ivy2/jars/com.chuusai_shapeless_2.12-2.3.7.jar at spark://1921aa867cda:36137/jars/com.chuusai_shapeless_2.12-2.3.7.jar with timestamp 1739288580215
[2025-02-11T15:43:03.590+0000] {spark_submit.py:491} INFO - 25/02/11 15:43:03 INFO SparkContext: Added JAR file:///home/***/.ivy2/jars/org.wildfly.openssl_wildfly-openssl-1.0.7.Final.jar at spark://1921aa867cda:36137/jars/org.wildfly.openssl_wildfly-openssl-1.0.7.Final.jar with timestamp 1739288580215
[2025-02-11T15:43:03.591+0000] {spark_submit.py:491} INFO - 25/02/11 15:43:03 INFO SparkContext: Added JAR file:/opt/***/jars/scala-maven-project-1.0.jar at spark://1921aa867cda:36137/jars/scala-maven-project-1.0.jar with timestamp 1739288580215
[2025-02-11T15:43:03.821+0000] {spark_submit.py:491} INFO - 25/02/11 15:43:03 INFO StandaloneAppClient$ClientEndpoint: Connecting to master spark://spark:7077...
[2025-02-11T15:43:03.927+0000] {spark_submit.py:491} INFO - 25/02/11 15:43:03 INFO TransportClientFactory: Successfully created connection to spark/172.19.0.4:7077 after 60 ms (0 ms spent in bootstraps)
[2025-02-11T15:43:04.178+0000] {spark_submit.py:491} INFO - 25/02/11 15:43:04 INFO StandaloneSchedulerBackend: Connected to Spark cluster with app ID app-20250211154304-0005
[2025-02-11T15:43:04.201+0000] {spark_submit.py:491} INFO - 25/02/11 15:43:04 INFO Utils: Successfully started service 'org.apache.spark.network.netty.NettyBlockTransferService' on port 38635.
[2025-02-11T15:43:04.202+0000] {spark_submit.py:491} INFO - 25/02/11 15:43:04 INFO NettyBlockTransferService: Server created on 1921aa867cda:38635
[2025-02-11T15:43:04.205+0000] {spark_submit.py:491} INFO - 25/02/11 15:43:04 INFO BlockManager: Using org.apache.spark.storage.RandomBlockReplicationPolicy for block replication policy
[2025-02-11T15:43:04.207+0000] {spark_submit.py:491} INFO - 25/02/11 15:43:04 INFO StandaloneAppClient$ClientEndpoint: Executor added: app-20250211154304-0005/0 on worker-20250211151700-172.19.0.5-35911 (172.19.0.5:35911) with 2 core(s)
[2025-02-11T15:43:04.212+0000] {spark_submit.py:491} INFO - 25/02/11 15:43:04 INFO StandaloneSchedulerBackend: Granted executor ID app-20250211154304-0005/0 on hostPort 172.19.0.5:35911 with 2 core(s), 1024.0 MiB RAM
[2025-02-11T15:43:04.224+0000] {spark_submit.py:491} INFO - 25/02/11 15:43:04 INFO BlockManagerMaster: Registering BlockManager BlockManagerId(driver, 1921aa867cda, 38635, None)
[2025-02-11T15:43:04.233+0000] {spark_submit.py:491} INFO - 25/02/11 15:43:04 INFO BlockManagerMasterEndpoint: Registering block manager 1921aa867cda:38635 with 434.4 MiB RAM, BlockManagerId(driver, 1921aa867cda, 38635, None)
[2025-02-11T15:43:04.238+0000] {spark_submit.py:491} INFO - 25/02/11 15:43:04 INFO BlockManagerMaster: Registered BlockManager BlockManagerId(driver, 1921aa867cda, 38635, None)
[2025-02-11T15:43:04.239+0000] {spark_submit.py:491} INFO - 25/02/11 15:43:04 INFO BlockManager: Initialized BlockManager: BlockManagerId(driver, 1921aa867cda, 38635, None)
[2025-02-11T15:43:04.478+0000] {spark_submit.py:491} INFO - 25/02/11 15:43:04 INFO StandaloneAppClient$ClientEndpoint: Executor updated: app-20250211154304-0005/0 is now RUNNING
[2025-02-11T15:43:04.936+0000] {spark_submit.py:491} INFO - 25/02/11 15:43:04 INFO StandaloneSchedulerBackend: SchedulerBackend is ready for scheduling beginning after reached minRegisteredResourcesRatio: 0.0
[2025-02-11T15:43:05.668+0000] {spark_submit.py:491} INFO - 25/02/11 15:43:05 INFO SharedState: Setting hive.metastore.warehouse.dir ('null') to the value of spark.sql.warehouse.dir.
[2025-02-11T15:43:05.675+0000] {spark_submit.py:491} INFO - 25/02/11 15:43:05 INFO SharedState: Warehouse path is 'file:/opt/***/spark-warehouse'.
[2025-02-11T15:43:12.301+0000] {spark_submit.py:491} INFO - 25/02/11 15:43:12 WARN MetricsConfig: Cannot locate configuration: tried hadoop-metrics2-s3a-file-system.properties,hadoop-metrics2.properties
[2025-02-11T15:43:12.339+0000] {spark_submit.py:491} INFO - 25/02/11 15:43:12 INFO MetricsSystemImpl: Scheduled Metric snapshot period at 10 second(s).
[2025-02-11T15:43:12.339+0000] {spark_submit.py:491} INFO - 25/02/11 15:43:12 INFO MetricsSystemImpl: s3a-file-system metrics system started
[2025-02-11T15:43:15.279+0000] {spark_submit.py:491} INFO - 25/02/11 15:43:15 INFO StandaloneSchedulerBackend$StandaloneDriverEndpoint: Registered executor NettyRpcEndpointRef(spark-client://Executor) (172.19.0.5:55744) with ID 0,  ResourceProfileId 0
[2025-02-11T15:43:15.675+0000] {spark_submit.py:491} INFO - 25/02/11 15:43:15 INFO BlockManagerMasterEndpoint: Registering block manager 172.19.0.5:35335 with 434.4 MiB RAM, BlockManagerId(0, 172.19.0.5, 35335, None)
[2025-02-11T15:43:32.344+0000] {spark_submit.py:491} INFO - Reading dfProductSilver from Silver layer
[2025-02-11T15:43:34.314+0000] {spark_submit.py:491} INFO - Reading dfUsersSilver from Silver layer
[2025-02-11T15:43:34.556+0000] {spark_submit.py:491} INFO - Processing Product Information for Gold layer
[2025-02-11T15:43:34.559+0000] {spark_submit.py:491} INFO - Starting Product processing
[2025-02-11T15:43:34.723+0000] {spark_submit.py:491} INFO - Writing Processed Product Information to Gold layer
[2025-02-11T15:43:34.730+0000] {spark_submit.py:491} INFO - Starting to write gold_catalog.infoProducts
[2025-02-11T15:43:37.967+0000] {spark_submit.py:491} INFO - 25/02/11 15:43:37 INFO V2ScanRelationPushDown:
[2025-02-11T15:43:37.968+0000] {spark_submit.py:491} INFO - Pushing operators to silver_catalog.products
[2025-02-11T15:43:37.969+0000] {spark_submit.py:491} INFO - Pushed Filters: IsNotNull(DateIngestion), EqualTo(DateIngestion,2025-02-11)
[2025-02-11T15:43:37.970+0000] {spark_submit.py:491} INFO - Post-Scan Filters:
[2025-02-11T15:43:37.970+0000] {spark_submit.py:491} INFO - 
[2025-02-11T15:43:38.223+0000] {spark_submit.py:491} INFO - 25/02/11 15:43:38 INFO V2ScanRelationPushDown:
[2025-02-11T15:43:38.225+0000] {spark_submit.py:491} INFO - Output: id#0, title#1, price#2, category#5, price_range#7, popularity#8, DateIngestion#10
[2025-02-11T15:43:38.226+0000] {spark_submit.py:491} INFO - 
[2025-02-11T15:43:40.270+0000] {spark_submit.py:491} INFO - 25/02/11 15:43:40 INFO MemoryStore: Block broadcast_0 stored as values in memory (estimated size 32.0 KiB, free 434.4 MiB)
[2025-02-11T15:43:40.455+0000] {spark_submit.py:491} INFO - 25/02/11 15:43:40 INFO MemoryStore: Block broadcast_0_piece0 stored as bytes in memory (estimated size 31.0 KiB, free 434.3 MiB)
[2025-02-11T15:43:40.484+0000] {spark_submit.py:491} INFO - 25/02/11 15:43:40 INFO BlockManagerInfo: Added broadcast_0_piece0 in memory on 1921aa867cda:38635 (size: 31.0 KiB, free: 434.4 MiB)
[2025-02-11T15:43:40.493+0000] {spark_submit.py:491} INFO - 25/02/11 15:43:40 INFO SparkContext: Created broadcast 0 from broadcast at SparkBatch.java:77
[2025-02-11T15:43:40.611+0000] {spark_submit.py:491} INFO - 25/02/11 15:43:40 INFO MemoryStore: Block broadcast_1 stored as values in memory (estimated size 32.0 KiB, free 434.3 MiB)
[2025-02-11T15:43:40.712+0000] {spark_submit.py:491} INFO - 25/02/11 15:43:40 INFO MemoryStore: Block broadcast_1_piece0 stored as bytes in memory (estimated size 31.0 KiB, free 434.3 MiB)
[2025-02-11T15:43:40.723+0000] {spark_submit.py:491} INFO - 25/02/11 15:43:40 INFO BlockManagerInfo: Added broadcast_1_piece0 in memory on 1921aa867cda:38635 (size: 31.0 KiB, free: 434.3 MiB)
[2025-02-11T15:43:40.727+0000] {spark_submit.py:491} INFO - 25/02/11 15:43:40 INFO SparkContext: Created broadcast 1 from broadcast at SparkBatch.java:77
[2025-02-11T15:43:42.098+0000] {spark_submit.py:491} INFO - 25/02/11 15:43:42 INFO CodeGenerator: Code generated in 791.200921 ms
[2025-02-11T15:43:42.513+0000] {spark_submit.py:491} INFO - 25/02/11 15:43:42 INFO DAGScheduler: Registering RDD 3 (save at WriterIcebergBase.scala:33) as input to shuffle 0
[2025-02-11T15:43:42.523+0000] {spark_submit.py:491} INFO - 25/02/11 15:43:42 INFO DAGScheduler: Got map stage job 0 (save at WriterIcebergBase.scala:33) with 1 output partitions
[2025-02-11T15:43:42.529+0000] {spark_submit.py:491} INFO - 25/02/11 15:43:42 INFO DAGScheduler: Final stage: ShuffleMapStage 0 (save at WriterIcebergBase.scala:33)
[2025-02-11T15:43:42.529+0000] {spark_submit.py:491} INFO - 25/02/11 15:43:42 INFO DAGScheduler: Parents of final stage: List()
[2025-02-11T15:43:42.530+0000] {spark_submit.py:491} INFO - 25/02/11 15:43:42 INFO DAGScheduler: Missing parents: List()
[2025-02-11T15:43:42.535+0000] {spark_submit.py:491} INFO - 25/02/11 15:43:42 INFO DAGScheduler: Submitting ShuffleMapStage 0 (MapPartitionsRDD[3] at save at WriterIcebergBase.scala:33), which has no missing parents
[2025-02-11T15:43:42.818+0000] {spark_submit.py:491} INFO - 25/02/11 15:43:42 INFO MemoryStore: Block broadcast_2 stored as values in memory (estimated size 17.3 KiB, free 434.3 MiB)
[2025-02-11T15:43:42.844+0000] {spark_submit.py:491} INFO - 25/02/11 15:43:42 INFO MemoryStore: Block broadcast_2_piece0 stored as bytes in memory (estimated size 7.2 KiB, free 434.3 MiB)
[2025-02-11T15:43:42.846+0000] {spark_submit.py:491} INFO - 25/02/11 15:43:42 INFO BlockManagerInfo: Added broadcast_2_piece0 in memory on 1921aa867cda:38635 (size: 7.2 KiB, free: 434.3 MiB)
[2025-02-11T15:43:42.851+0000] {spark_submit.py:491} INFO - 25/02/11 15:43:42 INFO SparkContext: Created broadcast 2 from broadcast at DAGScheduler.scala:1535
[2025-02-11T15:43:42.878+0000] {spark_submit.py:491} INFO - 25/02/11 15:43:42 INFO DAGScheduler: Submitting 1 missing tasks from ShuffleMapStage 0 (MapPartitionsRDD[3] at save at WriterIcebergBase.scala:33) (first 15 tasks are for partitions Vector(0))
[2025-02-11T15:43:42.902+0000] {spark_submit.py:491} INFO - 25/02/11 15:43:42 INFO TaskSchedulerImpl: Adding task set 0.0 with 1 tasks resource profile 0
[2025-02-11T15:43:43.010+0000] {spark_submit.py:491} INFO - 25/02/11 15:43:43 INFO TaskSetManager: Starting task 0.0 in stage 0.0 (TID 0) (172.19.0.5, executor 0, partition 0, PROCESS_LOCAL, 14014 bytes)
[2025-02-11T15:43:45.060+0000] {spark_submit.py:491} INFO - 25/02/11 15:43:45 INFO BlockManagerInfo: Added broadcast_2_piece0 in memory on 172.19.0.5:35335 (size: 7.2 KiB, free: 434.4 MiB)
[2025-02-11T15:43:47.587+0000] {spark_submit.py:491} INFO - 25/02/11 15:43:47 INFO BlockManagerInfo: Added broadcast_1_piece0 in memory on 172.19.0.5:35335 (size: 31.0 KiB, free: 434.4 MiB)
[2025-02-11T15:43:53.916+0000] {spark_submit.py:491} INFO - 25/02/11 15:43:53 INFO TaskSetManager: Finished task 0.0 in stage 0.0 (TID 0) in 10962 ms on 172.19.0.5 (executor 0) (1/1)
[2025-02-11T15:43:53.921+0000] {spark_submit.py:491} INFO - 25/02/11 15:43:53 INFO TaskSchedulerImpl: Removed TaskSet 0.0, whose tasks have all completed, from pool
[2025-02-11T15:43:53.935+0000] {spark_submit.py:491} INFO - 25/02/11 15:43:53 INFO DAGScheduler: ShuffleMapStage 0 (save at WriterIcebergBase.scala:33) finished in 11.371 s
[2025-02-11T15:43:53.936+0000] {spark_submit.py:491} INFO - 25/02/11 15:43:53 INFO DAGScheduler: looking for newly runnable stages
[2025-02-11T15:43:53.937+0000] {spark_submit.py:491} INFO - 25/02/11 15:43:53 INFO DAGScheduler: running: Set()
[2025-02-11T15:43:53.939+0000] {spark_submit.py:491} INFO - 25/02/11 15:43:53 INFO DAGScheduler: waiting: Set()
[2025-02-11T15:43:53.940+0000] {spark_submit.py:491} INFO - 25/02/11 15:43:53 INFO DAGScheduler: failed: Set()
[2025-02-11T15:43:54.007+0000] {spark_submit.py:491} INFO - 25/02/11 15:43:54 INFO ShufflePartitionsUtil: For shuffle(0), advisory target size: 67108864, actual target size 1048576, minimum partition size: 1048576
[2025-02-11T15:43:54.129+0000] {spark_submit.py:491} INFO - 25/02/11 15:43:54 INFO BlockManagerInfo: Removed broadcast_2_piece0 on 1921aa867cda:38635 in memory (size: 7.2 KiB, free: 434.3 MiB)
[2025-02-11T15:43:54.145+0000] {spark_submit.py:491} INFO - 25/02/11 15:43:54 INFO BlockManagerInfo: Removed broadcast_2_piece0 on 172.19.0.5:35335 in memory (size: 7.2 KiB, free: 434.4 MiB)
[2025-02-11T15:43:54.164+0000] {spark_submit.py:491} INFO - 25/02/11 15:43:54 INFO CodeGenerator: Code generated in 62.314898 ms
[2025-02-11T15:43:54.266+0000] {spark_submit.py:491} INFO - 25/02/11 15:43:54 INFO MemoryStore: Block broadcast_3 stored as values in memory (estimated size 32.0 KiB, free 434.2 MiB)
[2025-02-11T15:43:54.290+0000] {spark_submit.py:491} INFO - 25/02/11 15:43:54 INFO MemoryStore: Block broadcast_3_piece0 stored as bytes in memory (estimated size 30.7 KiB, free 434.2 MiB)
[2025-02-11T15:43:54.292+0000] {spark_submit.py:491} INFO - 25/02/11 15:43:54 INFO BlockManagerInfo: Added broadcast_3_piece0 in memory on 1921aa867cda:38635 (size: 30.7 KiB, free: 434.3 MiB)
[2025-02-11T15:43:54.293+0000] {spark_submit.py:491} INFO - 25/02/11 15:43:54 INFO SparkContext: Created broadcast 3 from broadcast at SparkWrite.java:180
[2025-02-11T15:43:54.297+0000] {spark_submit.py:491} INFO - 25/02/11 15:43:54 INFO OverwriteByExpressionExec: Start processing data source write support: IcebergBatchWrite(table=gold_catalog.infoProducts, format=PARQUET). The input RDD has 1 partitions.
[2025-02-11T15:43:54.322+0000] {spark_submit.py:491} INFO - 25/02/11 15:43:54 INFO SparkContext: Starting job: save at WriterIcebergBase.scala:33
[2025-02-11T15:43:54.327+0000] {spark_submit.py:491} INFO - 25/02/11 15:43:54 INFO DAGScheduler: Got job 1 (save at WriterIcebergBase.scala:33) with 1 output partitions
[2025-02-11T15:43:54.328+0000] {spark_submit.py:491} INFO - 25/02/11 15:43:54 INFO DAGScheduler: Final stage: ResultStage 2 (save at WriterIcebergBase.scala:33)
[2025-02-11T15:43:54.328+0000] {spark_submit.py:491} INFO - 25/02/11 15:43:54 INFO DAGScheduler: Parents of final stage: List(ShuffleMapStage 1)
[2025-02-11T15:43:54.329+0000] {spark_submit.py:491} INFO - 25/02/11 15:43:54 INFO DAGScheduler: Missing parents: List()
[2025-02-11T15:43:54.333+0000] {spark_submit.py:491} INFO - 25/02/11 15:43:54 INFO DAGScheduler: Submitting ResultStage 2 (MapPartitionsRDD[5] at save at WriterIcebergBase.scala:33), which has no missing parents
[2025-02-11T15:43:54.358+0000] {spark_submit.py:491} INFO - 25/02/11 15:43:54 INFO MemoryStore: Block broadcast_4 stored as values in memory (estimated size 29.0 KiB, free 434.2 MiB)
[2025-02-11T15:43:54.419+0000] {spark_submit.py:491} INFO - 25/02/11 15:43:54 INFO MemoryStore: Block broadcast_4_piece0 stored as bytes in memory (estimated size 14.0 KiB, free 434.2 MiB)
[2025-02-11T15:43:54.423+0000] {spark_submit.py:491} INFO - 25/02/11 15:43:54 INFO BlockManagerInfo: Added broadcast_4_piece0 in memory on 1921aa867cda:38635 (size: 14.0 KiB, free: 434.3 MiB)
[2025-02-11T15:43:54.424+0000] {spark_submit.py:491} INFO - 25/02/11 15:43:54 INFO SparkContext: Created broadcast 4 from broadcast at DAGScheduler.scala:1535
[2025-02-11T15:43:54.431+0000] {spark_submit.py:491} INFO - 25/02/11 15:43:54 INFO DAGScheduler: Submitting 1 missing tasks from ResultStage 2 (MapPartitionsRDD[5] at save at WriterIcebergBase.scala:33) (first 15 tasks are for partitions Vector(0))
[2025-02-11T15:43:54.435+0000] {spark_submit.py:491} INFO - 25/02/11 15:43:54 INFO TaskSchedulerImpl: Adding task set 2.0 with 1 tasks resource profile 0
[2025-02-11T15:43:54.458+0000] {spark_submit.py:491} INFO - 25/02/11 15:43:54 INFO TaskSetManager: Starting task 0.0 in stage 2.0 (TID 1) (172.19.0.5, executor 0, partition 0, NODE_LOCAL, 7367 bytes)
[2025-02-11T15:43:54.588+0000] {spark_submit.py:491} INFO - 25/02/11 15:43:54 INFO BlockManagerInfo: Added broadcast_4_piece0 in memory on 172.19.0.5:35335 (size: 14.0 KiB, free: 434.4 MiB)
[2025-02-11T15:43:54.860+0000] {spark_submit.py:491} INFO - 25/02/11 15:43:54 INFO MapOutputTrackerMasterEndpoint: Asked to send map output locations for shuffle 0 to 172.19.0.5:55744
[2025-02-11T15:43:55.359+0000] {spark_submit.py:491} INFO - 25/02/11 15:43:55 INFO BlockManagerInfo: Added broadcast_3_piece0 in memory on 172.19.0.5:35335 (size: 30.7 KiB, free: 434.3 MiB)
[2025-02-11T15:43:56.251+0000] {spark_submit.py:491} INFO - 25/02/11 15:43:56 INFO TaskSetManager: Finished task 0.0 in stage 2.0 (TID 1) in 1809 ms on 172.19.0.5 (executor 0) (1/1)
[2025-02-11T15:43:56.254+0000] {spark_submit.py:491} INFO - 25/02/11 15:43:56 INFO TaskSchedulerImpl: Removed TaskSet 2.0, whose tasks have all completed, from pool
[2025-02-11T15:43:56.256+0000] {spark_submit.py:491} INFO - 25/02/11 15:43:56 INFO DAGScheduler: ResultStage 2 (save at WriterIcebergBase.scala:33) finished in 1.898 s
[2025-02-11T15:43:56.257+0000] {spark_submit.py:491} INFO - 25/02/11 15:43:56 INFO DAGScheduler: Job 1 is finished. Cancelling potential speculative or zombie tasks for this job
[2025-02-11T15:43:56.257+0000] {spark_submit.py:491} INFO - 25/02/11 15:43:56 INFO TaskSchedulerImpl: Killing all running tasks in stage 2: Stage finished
[2025-02-11T15:43:56.257+0000] {spark_submit.py:491} INFO - 25/02/11 15:43:56 INFO DAGScheduler: Job 1 finished: save at WriterIcebergBase.scala:33, took 1.933127 s
[2025-02-11T15:43:56.263+0000] {spark_submit.py:491} INFO - 25/02/11 15:43:56 INFO OverwriteByExpressionExec: Data source write support IcebergBatchWrite(table=gold_catalog.infoProducts, format=PARQUET) is committing.
[2025-02-11T15:43:56.806+0000] {spark_submit.py:491} INFO - 25/02/11 15:43:56 INFO BlockManagerInfo: Removed broadcast_4_piece0 on 1921aa867cda:38635 in memory (size: 14.0 KiB, free: 434.3 MiB)
[2025-02-11T15:43:56.810+0000] {spark_submit.py:491} INFO - 25/02/11 15:43:56 INFO BlockManagerInfo: Removed broadcast_4_piece0 on 172.19.0.5:35335 in memory (size: 14.0 KiB, free: 434.3 MiB)
[2025-02-11T15:43:58.059+0000] {spark_submit.py:491} INFO - 25/02/11 15:43:58 INFO OverwriteByExpressionExec: Data source write support IcebergBatchWrite(table=gold_catalog.infoProducts, format=PARQUET) committed.
[2025-02-11T15:43:58.063+0000] {spark_submit.py:491} INFO - Data written successfully to Iceberg table in MinIO: s3a://gold/gold_catalog.infoProducts
[2025-02-11T15:43:58.064+0000] {spark_submit.py:491} INFO - Processing Aggregated Product Data for Gold layer
[2025-02-11T15:43:58.066+0000] {spark_submit.py:491} INFO - Starting Product processing
[2025-02-11T15:43:58.510+0000] {spark_submit.py:491} INFO - Writing Aggregated Product Data to Gold layer
[2025-02-11T15:43:58.513+0000] {spark_submit.py:491} INFO - Starting to write gold_catalog.aggProducts
[2025-02-11T15:43:58.702+0000] {spark_submit.py:491} INFO - 25/02/11 15:43:58 INFO V2ScanRelationPushDown:
[2025-02-11T15:43:58.706+0000] {spark_submit.py:491} INFO - Pushing operators to silver_catalog.products
[2025-02-11T15:43:58.714+0000] {spark_submit.py:491} INFO - Pushed Filters: IsNotNull(DateIngestion), EqualTo(DateIngestion,2025-02-11)
[2025-02-11T15:43:58.717+0000] {spark_submit.py:491} INFO - Post-Scan Filters:
[2025-02-11T15:43:58.726+0000] {spark_submit.py:491} INFO - 
[2025-02-11T15:43:58.748+0000] {spark_submit.py:491} INFO - 25/02/11 15:43:58 INFO V2ScanRelationPushDown:
[2025-02-11T15:43:58.757+0000] {spark_submit.py:491} INFO - Output: id#0, price#2, rate#4, category#5, Benefits#6, tax#9, DateIngestion#10
[2025-02-11T15:43:58.761+0000] {spark_submit.py:491} INFO - 
[2025-02-11T15:43:59.275+0000] {spark_submit.py:491} INFO - 25/02/11 15:43:59 INFO MemoryStore: Block broadcast_5 stored as values in memory (estimated size 32.0 KiB, free 434.2 MiB)
[2025-02-11T15:43:59.327+0000] {spark_submit.py:491} INFO - 25/02/11 15:43:59 INFO MemoryStore: Block broadcast_5_piece0 stored as bytes in memory (estimated size 31.0 KiB, free 434.2 MiB)
[2025-02-11T15:43:59.332+0000] {spark_submit.py:491} INFO - 25/02/11 15:43:59 INFO BlockManagerInfo: Added broadcast_5_piece0 in memory on 1921aa867cda:38635 (size: 31.0 KiB, free: 434.3 MiB)
[2025-02-11T15:43:59.336+0000] {spark_submit.py:491} INFO - 25/02/11 15:43:59 INFO SparkContext: Created broadcast 5 from broadcast at SparkBatch.java:77
[2025-02-11T15:43:59.373+0000] {spark_submit.py:491} INFO - 25/02/11 15:43:59 INFO MemoryStore: Block broadcast_6 stored as values in memory (estimated size 32.0 KiB, free 434.1 MiB)
[2025-02-11T15:43:59.374+0000] {spark_submit.py:491} INFO - 25/02/11 15:43:59 INFO MemoryStore: Block broadcast_6_piece0 stored as bytes in memory (estimated size 31.0 KiB, free 434.1 MiB)
[2025-02-11T15:43:59.392+0000] {spark_submit.py:491} INFO - 25/02/11 15:43:59 INFO BlockManagerInfo: Added broadcast_6_piece0 in memory on 1921aa867cda:38635 (size: 31.0 KiB, free: 434.2 MiB)
[2025-02-11T15:43:59.393+0000] {spark_submit.py:491} INFO - 25/02/11 15:43:59 INFO SparkContext: Created broadcast 6 from broadcast at SparkBatch.java:77
[2025-02-11T15:43:59.471+0000] {spark_submit.py:491} INFO - 25/02/11 15:43:59 INFO BlockManagerInfo: Removed broadcast_3_piece0 on 1921aa867cda:38635 in memory (size: 30.7 KiB, free: 434.3 MiB)
[2025-02-11T15:43:59.494+0000] {spark_submit.py:491} INFO - 25/02/11 15:43:59 INFO BlockManagerInfo: Removed broadcast_3_piece0 on 172.19.0.5:35335 in memory (size: 30.7 KiB, free: 434.4 MiB)
[2025-02-11T15:43:59.582+0000] {spark_submit.py:491} INFO - 25/02/11 15:43:59 INFO HashAggregateExec: spark.sql.codegen.aggregate.map.twolevel.enabled is set to true, but current version of codegened fast hashmap does not support this aggregate.
[2025-02-11T15:43:59.597+0000] {spark_submit.py:491} INFO - 25/02/11 15:43:59 INFO HashAggregateExec: spark.sql.codegen.aggregate.map.twolevel.enabled is set to true, but current version of codegened fast hashmap does not support this aggregate.
[2025-02-11T15:44:00.204+0000] {spark_submit.py:491} INFO - 25/02/11 15:44:00 INFO CodeGenerator: Code generated in 338.847517 ms
[2025-02-11T15:44:00.377+0000] {spark_submit.py:491} INFO - 25/02/11 15:44:00 INFO DAGScheduler: Registering RDD 9 (save at WriterIcebergBase.scala:33) as input to shuffle 1
[2025-02-11T15:44:00.379+0000] {spark_submit.py:491} INFO - 25/02/11 15:44:00 INFO DAGScheduler: Got map stage job 2 (save at WriterIcebergBase.scala:33) with 1 output partitions
[2025-02-11T15:44:00.385+0000] {spark_submit.py:491} INFO - 25/02/11 15:44:00 INFO DAGScheduler: Final stage: ShuffleMapStage 3 (save at WriterIcebergBase.scala:33)
[2025-02-11T15:44:00.387+0000] {spark_submit.py:491} INFO - 25/02/11 15:44:00 INFO DAGScheduler: Parents of final stage: List()
[2025-02-11T15:44:00.390+0000] {spark_submit.py:491} INFO - 25/02/11 15:44:00 INFO DAGScheduler: Missing parents: List()
[2025-02-11T15:44:00.391+0000] {spark_submit.py:491} INFO - 25/02/11 15:44:00 INFO DAGScheduler: Submitting ShuffleMapStage 3 (MapPartitionsRDD[9] at save at WriterIcebergBase.scala:33), which has no missing parents
[2025-02-11T15:44:00.398+0000] {spark_submit.py:491} INFO - 25/02/11 15:44:00 INFO MemoryStore: Block broadcast_7 stored as values in memory (estimated size 85.4 KiB, free 434.1 MiB)
[2025-02-11T15:44:00.401+0000] {spark_submit.py:491} INFO - 25/02/11 15:44:00 INFO MemoryStore: Block broadcast_7_piece0 stored as bytes in memory (estimated size 30.6 KiB, free 434.0 MiB)
[2025-02-11T15:44:00.411+0000] {spark_submit.py:491} INFO - 25/02/11 15:44:00 INFO BlockManagerInfo: Added broadcast_7_piece0 in memory on 1921aa867cda:38635 (size: 30.6 KiB, free: 434.2 MiB)
[2025-02-11T15:44:00.412+0000] {spark_submit.py:491} INFO - 25/02/11 15:44:00 INFO SparkContext: Created broadcast 7 from broadcast at DAGScheduler.scala:1535
[2025-02-11T15:44:00.417+0000] {spark_submit.py:491} INFO - 25/02/11 15:44:00 INFO DAGScheduler: Submitting 1 missing tasks from ShuffleMapStage 3 (MapPartitionsRDD[9] at save at WriterIcebergBase.scala:33) (first 15 tasks are for partitions Vector(0))
[2025-02-11T15:44:00.445+0000] {spark_submit.py:491} INFO - 25/02/11 15:44:00 INFO TaskSchedulerImpl: Adding task set 3.0 with 1 tasks resource profile 0
[2025-02-11T15:44:00.446+0000] {spark_submit.py:491} INFO - 25/02/11 15:44:00 INFO TaskSetManager: Starting task 0.0 in stage 3.0 (TID 2) (172.19.0.5, executor 0, partition 0, PROCESS_LOCAL, 14028 bytes)
[2025-02-11T15:44:00.478+0000] {spark_submit.py:491} INFO - 25/02/11 15:44:00 INFO BlockManagerInfo: Removed broadcast_1_piece0 on 1921aa867cda:38635 in memory (size: 31.0 KiB, free: 434.3 MiB)
[2025-02-11T15:44:00.486+0000] {spark_submit.py:491} INFO - 25/02/11 15:44:00 INFO BlockManagerInfo: Removed broadcast_1_piece0 on 172.19.0.5:35335 in memory (size: 31.0 KiB, free: 434.4 MiB)
[2025-02-11T15:44:00.487+0000] {spark_submit.py:491} INFO - 25/02/11 15:44:00 INFO BlockManagerInfo: Added broadcast_7_piece0 in memory on 172.19.0.5:35335 (size: 30.6 KiB, free: 434.4 MiB)
[2025-02-11T15:44:00.514+0000] {spark_submit.py:491} INFO - 25/02/11 15:44:00 INFO BlockManagerInfo: Removed broadcast_0_piece0 on 1921aa867cda:38635 in memory (size: 31.0 KiB, free: 434.3 MiB)
[2025-02-11T15:44:01.458+0000] {spark_submit.py:491} INFO - 25/02/11 15:44:01 INFO BlockManagerInfo: Added broadcast_6_piece0 in memory on 172.19.0.5:35335 (size: 31.0 KiB, free: 434.3 MiB)
[2025-02-11T15:44:01.649+0000] {spark_submit.py:491} INFO - 25/02/11 15:44:01 INFO TaskSetManager: Finished task 0.0 in stage 3.0 (TID 2) in 1238 ms on 172.19.0.5 (executor 0) (1/1)
[2025-02-11T15:44:01.677+0000] {spark_submit.py:491} INFO - 25/02/11 15:44:01 INFO TaskSchedulerImpl: Removed TaskSet 3.0, whose tasks have all completed, from pool
[2025-02-11T15:44:01.688+0000] {spark_submit.py:491} INFO - 25/02/11 15:44:01 INFO DAGScheduler: ShuffleMapStage 3 (save at WriterIcebergBase.scala:33) finished in 1.269 s
[2025-02-11T15:44:01.692+0000] {spark_submit.py:491} INFO - 25/02/11 15:44:01 INFO DAGScheduler: looking for newly runnable stages
[2025-02-11T15:44:01.701+0000] {spark_submit.py:491} INFO - 25/02/11 15:44:01 INFO DAGScheduler: running: Set()
[2025-02-11T15:44:01.709+0000] {spark_submit.py:491} INFO - 25/02/11 15:44:01 INFO DAGScheduler: waiting: Set()
[2025-02-11T15:44:01.711+0000] {spark_submit.py:491} INFO - 25/02/11 15:44:01 INFO DAGScheduler: failed: Set()
[2025-02-11T15:44:01.725+0000] {spark_submit.py:491} INFO - 25/02/11 15:44:01 INFO ShufflePartitionsUtil: For shuffle(1), advisory target size: 67108864, actual target size 1048576, minimum partition size: 1048576
[2025-02-11T15:44:01.807+0000] {spark_submit.py:491} INFO - 25/02/11 15:44:01 INFO MemoryStore: Block broadcast_8 stored as values in memory (estimated size 32.0 KiB, free 434.1 MiB)
[2025-02-11T15:44:01.897+0000] {spark_submit.py:491} INFO - 25/02/11 15:44:01 INFO BlockManagerInfo: Removed broadcast_7_piece0 on 1921aa867cda:38635 in memory (size: 30.6 KiB, free: 434.3 MiB)
[2025-02-11T15:44:01.902+0000] {spark_submit.py:491} INFO - 25/02/11 15:44:01 INFO MemoryStore: Block broadcast_8_piece0 stored as bytes in memory (estimated size 30.7 KiB, free 434.2 MiB)
[2025-02-11T15:44:01.906+0000] {spark_submit.py:491} INFO - 25/02/11 15:44:01 INFO BlockManagerInfo: Added broadcast_8_piece0 in memory on 1921aa867cda:38635 (size: 30.7 KiB, free: 434.3 MiB)
[2025-02-11T15:44:01.910+0000] {spark_submit.py:491} INFO - 25/02/11 15:44:01 INFO SparkContext: Created broadcast 8 from broadcast at SparkWrite.java:180
[2025-02-11T15:44:01.912+0000] {spark_submit.py:491} INFO - 25/02/11 15:44:01 INFO BlockManagerInfo: Removed broadcast_7_piece0 on 172.19.0.5:35335 in memory (size: 30.6 KiB, free: 434.4 MiB)
[2025-02-11T15:44:01.912+0000] {spark_submit.py:491} INFO - 25/02/11 15:44:01 INFO OverwriteByExpressionExec: Start processing data source write support: IcebergBatchWrite(table=gold_catalog.aggProducts, format=PARQUET). The input RDD has 1 partitions.
[2025-02-11T15:44:01.914+0000] {spark_submit.py:491} INFO - 25/02/11 15:44:01 INFO SparkContext: Starting job: save at WriterIcebergBase.scala:33
[2025-02-11T15:44:01.941+0000] {spark_submit.py:491} INFO - 25/02/11 15:44:01 INFO DAGScheduler: Got job 3 (save at WriterIcebergBase.scala:33) with 1 output partitions
[2025-02-11T15:44:01.983+0000] {spark_submit.py:491} INFO - 25/02/11 15:44:01 INFO DAGScheduler: Final stage: ResultStage 5 (save at WriterIcebergBase.scala:33)
[2025-02-11T15:44:02.008+0000] {spark_submit.py:491} INFO - 25/02/11 15:44:01 INFO DAGScheduler: Parents of final stage: List(ShuffleMapStage 4)
[2025-02-11T15:44:02.009+0000] {spark_submit.py:491} INFO - 25/02/11 15:44:01 INFO DAGScheduler: Missing parents: List()
[2025-02-11T15:44:02.010+0000] {spark_submit.py:491} INFO - 25/02/11 15:44:01 INFO DAGScheduler: Submitting ResultStage 5 (MapPartitionsRDD[11] at save at WriterIcebergBase.scala:33), which has no missing parents
[2025-02-11T15:44:02.017+0000] {spark_submit.py:491} INFO - 25/02/11 15:44:02 INFO MemoryStore: Block broadcast_9 stored as values in memory (estimated size 55.0 KiB, free 434.2 MiB)
[2025-02-11T15:44:02.027+0000] {spark_submit.py:491} INFO - 25/02/11 15:44:02 INFO MemoryStore: Block broadcast_9_piece0 stored as bytes in memory (estimated size 22.6 KiB, free 434.1 MiB)
[2025-02-11T15:44:02.032+0000] {spark_submit.py:491} INFO - 25/02/11 15:44:02 INFO BlockManagerInfo: Added broadcast_9_piece0 in memory on 1921aa867cda:38635 (size: 22.6 KiB, free: 434.3 MiB)
[2025-02-11T15:44:02.034+0000] {spark_submit.py:491} INFO - 25/02/11 15:44:02 INFO SparkContext: Created broadcast 9 from broadcast at DAGScheduler.scala:1535
[2025-02-11T15:44:02.035+0000] {spark_submit.py:491} INFO - 25/02/11 15:44:02 INFO DAGScheduler: Submitting 1 missing tasks from ResultStage 5 (MapPartitionsRDD[11] at save at WriterIcebergBase.scala:33) (first 15 tasks are for partitions Vector(0))
[2025-02-11T15:44:02.036+0000] {spark_submit.py:491} INFO - 25/02/11 15:44:02 INFO TaskSchedulerImpl: Adding task set 5.0 with 1 tasks resource profile 0
[2025-02-11T15:44:02.037+0000] {spark_submit.py:491} INFO - 25/02/11 15:44:02 INFO TaskSetManager: Starting task 0.0 in stage 5.0 (TID 3) (172.19.0.5, executor 0, partition 0, NODE_LOCAL, 7367 bytes)
[2025-02-11T15:44:02.084+0000] {spark_submit.py:491} INFO - 25/02/11 15:44:02 INFO BlockManagerInfo: Added broadcast_9_piece0 in memory on 172.19.0.5:35335 (size: 22.6 KiB, free: 434.3 MiB)
[2025-02-11T15:44:02.160+0000] {spark_submit.py:491} INFO - 25/02/11 15:44:02 INFO MapOutputTrackerMasterEndpoint: Asked to send map output locations for shuffle 1 to 172.19.0.5:55744
[2025-02-11T15:44:02.367+0000] {spark_submit.py:491} INFO - 25/02/11 15:44:02 INFO BlockManagerInfo: Added broadcast_8_piece0 in memory on 172.19.0.5:35335 (size: 30.7 KiB, free: 434.3 MiB)
[2025-02-11T15:44:02.535+0000] {spark_submit.py:491} INFO - 25/02/11 15:44:02 INFO TaskSetManager: Finished task 0.0 in stage 5.0 (TID 3) in 503 ms on 172.19.0.5 (executor 0) (1/1)
[2025-02-11T15:44:02.535+0000] {spark_submit.py:491} INFO - 25/02/11 15:44:02 INFO TaskSchedulerImpl: Removed TaskSet 5.0, whose tasks have all completed, from pool
[2025-02-11T15:44:02.537+0000] {spark_submit.py:491} INFO - 25/02/11 15:44:02 INFO DAGScheduler: ResultStage 5 (save at WriterIcebergBase.scala:33) finished in 0.529 s
[2025-02-11T15:44:02.540+0000] {spark_submit.py:491} INFO - 25/02/11 15:44:02 INFO DAGScheduler: Job 3 is finished. Cancelling potential speculative or zombie tasks for this job
[2025-02-11T15:44:02.547+0000] {spark_submit.py:491} INFO - 25/02/11 15:44:02 INFO TaskSchedulerImpl: Killing all running tasks in stage 5: Stage finished
[2025-02-11T15:44:02.565+0000] {spark_submit.py:491} INFO - 25/02/11 15:44:02 INFO DAGScheduler: Job 3 finished: save at WriterIcebergBase.scala:33, took 0.623075 s
[2025-02-11T15:44:02.565+0000] {spark_submit.py:491} INFO - 25/02/11 15:44:02 INFO OverwriteByExpressionExec: Data source write support IcebergBatchWrite(table=gold_catalog.aggProducts, format=PARQUET) is committing.
[2025-02-11T15:44:02.885+0000] {spark_submit.py:491} INFO - 25/02/11 15:44:02 INFO BlockManagerInfo: Removed broadcast_9_piece0 on 1921aa867cda:38635 in memory (size: 22.6 KiB, free: 434.3 MiB)
[2025-02-11T15:44:02.936+0000] {spark_submit.py:491} INFO - 25/02/11 15:44:02 INFO BlockManagerInfo: Removed broadcast_9_piece0 on 172.19.0.5:35335 in memory (size: 22.6 KiB, free: 434.3 MiB)
[2025-02-11T15:44:03.365+0000] {spark_submit.py:491} INFO - 25/02/11 15:44:03 INFO OverwriteByExpressionExec: Data source write support IcebergBatchWrite(table=gold_catalog.aggProducts, format=PARQUET) committed.
[2025-02-11T15:44:03.366+0000] {spark_submit.py:491} INFO - Data written successfully to Iceberg table in MinIO: s3a://gold/gold_catalog.aggProducts
[2025-02-11T15:44:03.366+0000] {spark_submit.py:491} INFO - Processing User Information for Gold layer
[2025-02-11T15:44:03.367+0000] {spark_submit.py:491} INFO - Starting User processing
[2025-02-11T15:44:03.406+0000] {spark_submit.py:491} INFO - Writing Processed User Information to Gold layer
[2025-02-11T15:44:03.408+0000] {spark_submit.py:491} INFO - Starting to write gold_catalog.infoUsers
[2025-02-11T15:44:03.876+0000] {spark_submit.py:491} INFO - 25/02/11 15:44:03 INFO V2ScanRelationPushDown:
[2025-02-11T15:44:03.879+0000] {spark_submit.py:491} INFO - Pushing operators to silver_catalog.users
[2025-02-11T15:44:03.881+0000] {spark_submit.py:491} INFO - Pushed Filters: IsNotNull(DateIngestion), EqualTo(DateIngestion,2025-02-11)
[2025-02-11T15:44:03.882+0000] {spark_submit.py:491} INFO - Post-Scan Filters:
[2025-02-11T15:44:03.882+0000] {spark_submit.py:491} INFO - 
[2025-02-11T15:44:03.884+0000] {spark_submit.py:491} INFO - 25/02/11 15:44:03 INFO V2ScanRelationPushDown:
[2025-02-11T15:44:03.884+0000] {spark_submit.py:491} INFO - Output: id#27, fullName#28, phone#33, email#34, username#35, password#36, DateIngestion#37
[2025-02-11T15:44:03.886+0000] {spark_submit.py:491} INFO - 
[2025-02-11T15:44:04.002+0000] {spark_submit.py:491} INFO - 25/02/11 15:44:04 INFO BlockManagerInfo: Removed broadcast_8_piece0 on 172.19.0.5:35335 in memory (size: 30.7 KiB, free: 434.4 MiB)
[2025-02-11T15:44:04.013+0000] {spark_submit.py:491} INFO - 25/02/11 15:44:04 INFO BlockManagerInfo: Removed broadcast_8_piece0 on 1921aa867cda:38635 in memory (size: 30.7 KiB, free: 434.3 MiB)
[2025-02-11T15:44:04.110+0000] {spark_submit.py:491} INFO - 25/02/11 15:44:04 INFO MemoryStore: Block broadcast_10 stored as values in memory (estimated size 32.0 KiB, free 434.2 MiB)
[2025-02-11T15:44:04.114+0000] {spark_submit.py:491} INFO - 25/02/11 15:44:04 INFO MemoryStore: Block broadcast_10_piece0 stored as bytes in memory (estimated size 30.9 KiB, free 434.2 MiB)
[2025-02-11T15:44:04.116+0000] {spark_submit.py:491} INFO - 25/02/11 15:44:04 INFO BlockManagerInfo: Added broadcast_10_piece0 in memory on 1921aa867cda:38635 (size: 30.9 KiB, free: 434.3 MiB)
[2025-02-11T15:44:04.122+0000] {spark_submit.py:491} INFO - 25/02/11 15:44:04 INFO SparkContext: Created broadcast 10 from broadcast at SparkBatch.java:77
[2025-02-11T15:44:04.134+0000] {spark_submit.py:491} INFO - 25/02/11 15:44:04 INFO MemoryStore: Block broadcast_11 stored as values in memory (estimated size 32.0 KiB, free 434.2 MiB)
[2025-02-11T15:44:04.142+0000] {spark_submit.py:491} INFO - 25/02/11 15:44:04 INFO MemoryStore: Block broadcast_11_piece0 stored as bytes in memory (estimated size 31.0 KiB, free 434.2 MiB)
[2025-02-11T15:44:04.146+0000] {spark_submit.py:491} INFO - 25/02/11 15:44:04 INFO BlockManagerInfo: Added broadcast_11_piece0 in memory on 1921aa867cda:38635 (size: 31.0 KiB, free: 434.3 MiB)
[2025-02-11T15:44:04.268+0000] {spark_submit.py:491} INFO - 25/02/11 15:44:04 INFO SparkContext: Created broadcast 11 from broadcast at SparkBatch.java:77
[2025-02-11T15:44:04.519+0000] {spark_submit.py:491} INFO - 25/02/11 15:44:04 INFO CodeGenerator: Code generated in 175.791586 ms
[2025-02-11T15:44:04.584+0000] {spark_submit.py:491} INFO - 25/02/11 15:44:04 INFO DAGScheduler: Registering RDD 15 (save at WriterIcebergBase.scala:33) as input to shuffle 2
[2025-02-11T15:44:04.585+0000] {spark_submit.py:491} INFO - 25/02/11 15:44:04 INFO DAGScheduler: Got map stage job 4 (save at WriterIcebergBase.scala:33) with 1 output partitions
[2025-02-11T15:44:04.586+0000] {spark_submit.py:491} INFO - 25/02/11 15:44:04 INFO DAGScheduler: Final stage: ShuffleMapStage 6 (save at WriterIcebergBase.scala:33)
[2025-02-11T15:44:04.588+0000] {spark_submit.py:491} INFO - 25/02/11 15:44:04 INFO DAGScheduler: Parents of final stage: List()
[2025-02-11T15:44:04.590+0000] {spark_submit.py:491} INFO - 25/02/11 15:44:04 INFO DAGScheduler: Missing parents: List()
[2025-02-11T15:44:04.596+0000] {spark_submit.py:491} INFO - 25/02/11 15:44:04 INFO DAGScheduler: Submitting ShuffleMapStage 6 (MapPartitionsRDD[15] at save at WriterIcebergBase.scala:33), which has no missing parents
[2025-02-11T15:44:04.605+0000] {spark_submit.py:491} INFO - 25/02/11 15:44:04 INFO MemoryStore: Block broadcast_12 stored as values in memory (estimated size 16.9 KiB, free 434.1 MiB)
[2025-02-11T15:44:04.641+0000] {spark_submit.py:491} INFO - 25/02/11 15:44:04 INFO MemoryStore: Block broadcast_12_piece0 stored as bytes in memory (estimated size 6.9 KiB, free 434.1 MiB)
[2025-02-11T15:44:04.646+0000] {spark_submit.py:491} INFO - 25/02/11 15:44:04 INFO BlockManagerInfo: Added broadcast_12_piece0 in memory on 1921aa867cda:38635 (size: 6.9 KiB, free: 434.3 MiB)
[2025-02-11T15:44:04.650+0000] {spark_submit.py:491} INFO - 25/02/11 15:44:04 INFO SparkContext: Created broadcast 12 from broadcast at DAGScheduler.scala:1535
[2025-02-11T15:44:04.651+0000] {spark_submit.py:491} INFO - 25/02/11 15:44:04 INFO DAGScheduler: Submitting 1 missing tasks from ShuffleMapStage 6 (MapPartitionsRDD[15] at save at WriterIcebergBase.scala:33) (first 15 tasks are for partitions Vector(0))
[2025-02-11T15:44:04.653+0000] {spark_submit.py:491} INFO - 25/02/11 15:44:04 INFO TaskSchedulerImpl: Adding task set 6.0 with 1 tasks resource profile 0
[2025-02-11T15:44:04.655+0000] {spark_submit.py:491} INFO - 25/02/11 15:44:04 INFO TaskSetManager: Starting task 0.0 in stage 6.0 (TID 4) (172.19.0.5, executor 0, partition 0, PROCESS_LOCAL, 13915 bytes)
[2025-02-11T15:44:04.927+0000] {spark_submit.py:491} INFO - 25/02/11 15:44:04 INFO BlockManagerInfo: Added broadcast_12_piece0 in memory on 172.19.0.5:35335 (size: 6.9 KiB, free: 434.4 MiB)
[2025-02-11T15:44:05.051+0000] {spark_submit.py:491} INFO - 25/02/11 15:44:05 INFO BlockManagerInfo: Removed broadcast_5_piece0 on 1921aa867cda:38635 in memory (size: 31.0 KiB, free: 434.3 MiB)
[2025-02-11T15:44:05.146+0000] {spark_submit.py:491} INFO - 25/02/11 15:44:05 INFO BlockManagerInfo: Added broadcast_11_piece0 in memory on 172.19.0.5:35335 (size: 31.0 KiB, free: 434.3 MiB)
[2025-02-11T15:44:05.270+0000] {spark_submit.py:491} INFO - 25/02/11 15:44:05 INFO TaskSetManager: Finished task 0.0 in stage 6.0 (TID 4) in 622 ms on 172.19.0.5 (executor 0) (1/1)
[2025-02-11T15:44:05.279+0000] {spark_submit.py:491} INFO - 25/02/11 15:44:05 INFO TaskSchedulerImpl: Removed TaskSet 6.0, whose tasks have all completed, from pool
[2025-02-11T15:44:05.282+0000] {spark_submit.py:491} INFO - 25/02/11 15:44:05 INFO DAGScheduler: ShuffleMapStage 6 (save at WriterIcebergBase.scala:33) finished in 0.687 s
[2025-02-11T15:44:05.282+0000] {spark_submit.py:491} INFO - 25/02/11 15:44:05 INFO DAGScheduler: looking for newly runnable stages
[2025-02-11T15:44:05.284+0000] {spark_submit.py:491} INFO - 25/02/11 15:44:05 INFO DAGScheduler: running: Set()
[2025-02-11T15:44:05.286+0000] {spark_submit.py:491} INFO - 25/02/11 15:44:05 INFO DAGScheduler: waiting: Set()
[2025-02-11T15:44:05.288+0000] {spark_submit.py:491} INFO - 25/02/11 15:44:05 INFO DAGScheduler: failed: Set()
[2025-02-11T15:44:05.290+0000] {spark_submit.py:491} INFO - 25/02/11 15:44:05 INFO ShufflePartitionsUtil: For shuffle(2), advisory target size: 67108864, actual target size 1048576, minimum partition size: 1048576
[2025-02-11T15:44:05.406+0000] {spark_submit.py:491} INFO - 25/02/11 15:44:05 INFO MemoryStore: Block broadcast_13 stored as values in memory (estimated size 32.0 KiB, free 434.2 MiB)
[2025-02-11T15:44:05.436+0000] {spark_submit.py:491} INFO - 25/02/11 15:44:05 INFO MemoryStore: Block broadcast_13_piece0 stored as bytes in memory (estimated size 30.7 KiB, free 434.1 MiB)
[2025-02-11T15:44:05.439+0000] {spark_submit.py:491} INFO - 25/02/11 15:44:05 INFO BlockManagerInfo: Removed broadcast_12_piece0 on 172.19.0.5:35335 in memory (size: 6.9 KiB, free: 434.3 MiB)
[2025-02-11T15:44:05.442+0000] {spark_submit.py:491} INFO - 25/02/11 15:44:05 INFO BlockManagerInfo: Added broadcast_13_piece0 in memory on 1921aa867cda:38635 (size: 30.7 KiB, free: 434.3 MiB)
[2025-02-11T15:44:05.443+0000] {spark_submit.py:491} INFO - 25/02/11 15:44:05 INFO BlockManagerInfo: Removed broadcast_12_piece0 on 1921aa867cda:38635 in memory (size: 6.9 KiB, free: 434.3 MiB)
[2025-02-11T15:44:05.464+0000] {spark_submit.py:491} INFO - 25/02/11 15:44:05 INFO SparkContext: Created broadcast 13 from broadcast at SparkWrite.java:180
[2025-02-11T15:44:05.465+0000] {spark_submit.py:491} INFO - 25/02/11 15:44:05 INFO OverwriteByExpressionExec: Start processing data source write support: IcebergBatchWrite(table=gold_catalog.infoUsers, format=PARQUET). The input RDD has 1 partitions.
[2025-02-11T15:44:05.467+0000] {spark_submit.py:491} INFO - 25/02/11 15:44:05 INFO SparkContext: Starting job: save at WriterIcebergBase.scala:33
[2025-02-11T15:44:05.468+0000] {spark_submit.py:491} INFO - 25/02/11 15:44:05 INFO DAGScheduler: Got job 5 (save at WriterIcebergBase.scala:33) with 1 output partitions
[2025-02-11T15:44:05.468+0000] {spark_submit.py:491} INFO - 25/02/11 15:44:05 INFO DAGScheduler: Final stage: ResultStage 8 (save at WriterIcebergBase.scala:33)
[2025-02-11T15:44:05.469+0000] {spark_submit.py:491} INFO - 25/02/11 15:44:05 INFO DAGScheduler: Parents of final stage: List(ShuffleMapStage 7)
[2025-02-11T15:44:05.471+0000] {spark_submit.py:491} INFO - 25/02/11 15:44:05 INFO DAGScheduler: Missing parents: List()
[2025-02-11T15:44:05.474+0000] {spark_submit.py:491} INFO - 25/02/11 15:44:05 INFO DAGScheduler: Submitting ResultStage 8 (MapPartitionsRDD[17] at save at WriterIcebergBase.scala:33), which has no missing parents
[2025-02-11T15:44:05.483+0000] {spark_submit.py:491} INFO - 25/02/11 15:44:05 INFO MemoryStore: Block broadcast_14 stored as values in memory (estimated size 28.7 KiB, free 434.1 MiB)
[2025-02-11T15:44:05.488+0000] {spark_submit.py:491} INFO - 25/02/11 15:44:05 INFO MemoryStore: Block broadcast_14_piece0 stored as bytes in memory (estimated size 13.8 KiB, free 434.1 MiB)
[2025-02-11T15:44:05.490+0000] {spark_submit.py:491} INFO - 25/02/11 15:44:05 INFO BlockManagerInfo: Added broadcast_14_piece0 in memory on 1921aa867cda:38635 (size: 13.8 KiB, free: 434.3 MiB)
[2025-02-11T15:44:05.490+0000] {spark_submit.py:491} INFO - 25/02/11 15:44:05 INFO SparkContext: Created broadcast 14 from broadcast at DAGScheduler.scala:1535
[2025-02-11T15:44:05.491+0000] {spark_submit.py:491} INFO - 25/02/11 15:44:05 INFO DAGScheduler: Submitting 1 missing tasks from ResultStage 8 (MapPartitionsRDD[17] at save at WriterIcebergBase.scala:33) (first 15 tasks are for partitions Vector(0))
[2025-02-11T15:44:05.492+0000] {spark_submit.py:491} INFO - 25/02/11 15:44:05 INFO TaskSchedulerImpl: Adding task set 8.0 with 1 tasks resource profile 0
[2025-02-11T15:44:05.495+0000] {spark_submit.py:491} INFO - 25/02/11 15:44:05 INFO TaskSetManager: Starting task 0.0 in stage 8.0 (TID 5) (172.19.0.5, executor 0, partition 0, NODE_LOCAL, 7367 bytes)
[2025-02-11T15:44:05.624+0000] {spark_submit.py:491} INFO - 25/02/11 15:44:05 INFO BlockManagerInfo: Added broadcast_14_piece0 in memory on 172.19.0.5:35335 (size: 13.8 KiB, free: 434.3 MiB)
[2025-02-11T15:44:05.638+0000] {spark_submit.py:491} INFO - 25/02/11 15:44:05 INFO MapOutputTrackerMasterEndpoint: Asked to send map output locations for shuffle 2 to 172.19.0.5:55744
[2025-02-11T15:44:05.645+0000] {spark_submit.py:491} INFO - 25/02/11 15:44:05 INFO BlockManagerInfo: Removed broadcast_6_piece0 on 1921aa867cda:38635 in memory (size: 31.0 KiB, free: 434.3 MiB)
[2025-02-11T15:44:05.647+0000] {spark_submit.py:491} INFO - 25/02/11 15:44:05 INFO BlockManagerInfo: Removed broadcast_6_piece0 on 172.19.0.5:35335 in memory (size: 31.0 KiB, free: 434.4 MiB)
[2025-02-11T15:44:05.694+0000] {spark_submit.py:491} INFO - 25/02/11 15:44:05 INFO BlockManagerInfo: Added broadcast_13_piece0 in memory on 172.19.0.5:35335 (size: 30.7 KiB, free: 434.3 MiB)
[2025-02-11T15:44:05.795+0000] {spark_submit.py:491} INFO - 25/02/11 15:44:05 INFO TaskSetManager: Finished task 0.0 in stage 8.0 (TID 5) in 302 ms on 172.19.0.5 (executor 0) (1/1)
[2025-02-11T15:44:05.797+0000] {spark_submit.py:491} INFO - 25/02/11 15:44:05 INFO TaskSchedulerImpl: Removed TaskSet 8.0, whose tasks have all completed, from pool
[2025-02-11T15:44:05.800+0000] {spark_submit.py:491} INFO - 25/02/11 15:44:05 INFO DAGScheduler: ResultStage 8 (save at WriterIcebergBase.scala:33) finished in 0.328 s
[2025-02-11T15:44:05.802+0000] {spark_submit.py:491} INFO - 25/02/11 15:44:05 INFO DAGScheduler: Job 5 is finished. Cancelling potential speculative or zombie tasks for this job
[2025-02-11T15:44:05.803+0000] {spark_submit.py:491} INFO - 25/02/11 15:44:05 INFO TaskSchedulerImpl: Killing all running tasks in stage 8: Stage finished
[2025-02-11T15:44:05.804+0000] {spark_submit.py:491} INFO - 25/02/11 15:44:05 INFO DAGScheduler: Job 5 finished: save at WriterIcebergBase.scala:33, took 0.348529 s
[2025-02-11T15:44:05.804+0000] {spark_submit.py:491} INFO - 25/02/11 15:44:05 INFO OverwriteByExpressionExec: Data source write support IcebergBatchWrite(table=gold_catalog.infoUsers, format=PARQUET) is committing.
[2025-02-11T15:44:06.119+0000] {spark_submit.py:491} INFO - 25/02/11 15:44:06 INFO BlockManagerInfo: Removed broadcast_14_piece0 on 1921aa867cda:38635 in memory (size: 13.8 KiB, free: 434.3 MiB)
[2025-02-11T15:44:06.122+0000] {spark_submit.py:491} INFO - 25/02/11 15:44:06 INFO BlockManagerInfo: Removed broadcast_14_piece0 on 172.19.0.5:35335 in memory (size: 13.8 KiB, free: 434.3 MiB)
[2025-02-11T15:44:06.781+0000] {spark_submit.py:491} INFO - 25/02/11 15:44:06 INFO OverwriteByExpressionExec: Data source write support IcebergBatchWrite(table=gold_catalog.infoUsers, format=PARQUET) committed.
[2025-02-11T15:44:06.786+0000] {spark_submit.py:491} INFO - Data written successfully to Iceberg table in MinIO: s3a://gold/gold_catalog.infoUsers
[2025-02-11T15:44:06.787+0000] {spark_submit.py:491} INFO - Processing Aggregated User Data for Gold layer
[2025-02-11T15:44:06.820+0000] {spark_submit.py:491} INFO - Starting User processing
[2025-02-11T15:44:06.964+0000] {spark_submit.py:491} INFO - Writing Aggregated User Data to Gold layer
[2025-02-11T15:44:06.973+0000] {spark_submit.py:491} INFO - Starting to write gold_catalog.aggUsers
[2025-02-11T15:44:07.066+0000] {spark_submit.py:491} INFO - 25/02/11 15:44:07 INFO BlockManagerInfo: Removed broadcast_13_piece0 on 1921aa867cda:38635 in memory (size: 30.7 KiB, free: 434.3 MiB)
[2025-02-11T15:44:07.067+0000] {spark_submit.py:491} INFO - 25/02/11 15:44:07 INFO BlockManagerInfo: Removed broadcast_13_piece0 on 172.19.0.5:35335 in memory (size: 30.7 KiB, free: 434.4 MiB)
[2025-02-11T15:44:07.810+0000] {spark_submit.py:491} INFO - 25/02/11 15:44:07 INFO V2ScanRelationPushDown:
[2025-02-11T15:44:07.812+0000] {spark_submit.py:491} INFO - Pushing operators to silver_catalog.users
[2025-02-11T15:44:07.814+0000] {spark_submit.py:491} INFO - Pushed Filters: IsNotNull(DateIngestion), EqualTo(DateIngestion,2025-02-11)
[2025-02-11T15:44:07.816+0000] {spark_submit.py:491} INFO - Post-Scan Filters:
[2025-02-11T15:44:07.820+0000] {spark_submit.py:491} INFO - 
[2025-02-11T15:44:07.859+0000] {spark_submit.py:491} INFO - 25/02/11 15:44:07 INFO V2ScanRelationPushDown:
[2025-02-11T15:44:07.871+0000] {spark_submit.py:491} INFO - Output: id#27, city#31, DateIngestion#37
[2025-02-11T15:44:07.875+0000] {spark_submit.py:491} INFO - 
[2025-02-11T15:44:07.930+0000] {spark_submit.py:491} INFO - 25/02/11 15:44:07 INFO MemoryStore: Block broadcast_15 stored as values in memory (estimated size 32.0 KiB, free 434.2 MiB)
[2025-02-11T15:44:07.951+0000] {spark_submit.py:491} INFO - 25/02/11 15:44:07 INFO MemoryStore: Block broadcast_15_piece0 stored as bytes in memory (estimated size 30.9 KiB, free 434.2 MiB)
[2025-02-11T15:44:07.957+0000] {spark_submit.py:491} INFO - 25/02/11 15:44:07 INFO BlockManagerInfo: Added broadcast_15_piece0 in memory on 1921aa867cda:38635 (size: 30.9 KiB, free: 434.3 MiB)
[2025-02-11T15:44:07.960+0000] {spark_submit.py:491} INFO - 25/02/11 15:44:07 INFO SparkContext: Created broadcast 15 from broadcast at SparkBatch.java:77
[2025-02-11T15:44:07.963+0000] {spark_submit.py:491} INFO - 25/02/11 15:44:07 INFO MemoryStore: Block broadcast_16 stored as values in memory (estimated size 32.0 KiB, free 434.2 MiB)
[2025-02-11T15:44:07.971+0000] {spark_submit.py:491} INFO - 25/02/11 15:44:07 INFO MemoryStore: Block broadcast_16_piece0 stored as bytes in memory (estimated size 31.0 KiB, free 434.2 MiB)
[2025-02-11T15:44:07.973+0000] {spark_submit.py:491} INFO - 25/02/11 15:44:07 INFO BlockManagerInfo: Added broadcast_16_piece0 in memory on 1921aa867cda:38635 (size: 31.0 KiB, free: 434.3 MiB)
[2025-02-11T15:44:07.976+0000] {spark_submit.py:491} INFO - 25/02/11 15:44:07 INFO SparkContext: Created broadcast 16 from broadcast at SparkBatch.java:77
[2025-02-11T15:44:08.097+0000] {spark_submit.py:491} INFO - 25/02/11 15:44:08 INFO BlockManagerInfo: Removed broadcast_10_piece0 on 1921aa867cda:38635 in memory (size: 30.9 KiB, free: 434.3 MiB)
[2025-02-11T15:44:08.130+0000] {spark_submit.py:491} INFO - 25/02/11 15:44:08 INFO HashAggregateExec: spark.sql.codegen.aggregate.map.twolevel.enabled is set to true, but current version of codegened fast hashmap does not support this aggregate.
[2025-02-11T15:44:08.371+0000] {spark_submit.py:491} INFO - 25/02/11 15:44:08 INFO CodeGenerator: Code generated in 193.07791 ms
[2025-02-11T15:44:08.406+0000] {spark_submit.py:491} INFO - 25/02/11 15:44:08 INFO DAGScheduler: Registering RDD 21 (save at WriterIcebergBase.scala:33) as input to shuffle 3
[2025-02-11T15:44:08.407+0000] {spark_submit.py:491} INFO - 25/02/11 15:44:08 INFO DAGScheduler: Got map stage job 6 (save at WriterIcebergBase.scala:33) with 1 output partitions
[2025-02-11T15:44:08.407+0000] {spark_submit.py:491} INFO - 25/02/11 15:44:08 INFO DAGScheduler: Final stage: ShuffleMapStage 9 (save at WriterIcebergBase.scala:33)
[2025-02-11T15:44:08.408+0000] {spark_submit.py:491} INFO - 25/02/11 15:44:08 INFO DAGScheduler: Parents of final stage: List()
[2025-02-11T15:44:08.409+0000] {spark_submit.py:491} INFO - 25/02/11 15:44:08 INFO DAGScheduler: Missing parents: List()
[2025-02-11T15:44:08.410+0000] {spark_submit.py:491} INFO - 25/02/11 15:44:08 INFO DAGScheduler: Submitting ShuffleMapStage 9 (MapPartitionsRDD[21] at save at WriterIcebergBase.scala:33), which has no missing parents
[2025-02-11T15:44:08.413+0000] {spark_submit.py:491} INFO - 25/02/11 15:44:08 INFO MemoryStore: Block broadcast_17 stored as values in memory (estimated size 43.7 KiB, free 434.2 MiB)
[2025-02-11T15:44:08.431+0000] {spark_submit.py:491} INFO - 25/02/11 15:44:08 INFO MemoryStore: Block broadcast_17_piece0 stored as bytes in memory (estimated size 18.6 KiB, free 434.2 MiB)
[2025-02-11T15:44:08.435+0000] {spark_submit.py:491} INFO - 25/02/11 15:44:08 INFO BlockManagerInfo: Added broadcast_17_piece0 in memory on 1921aa867cda:38635 (size: 18.6 KiB, free: 434.3 MiB)
[2025-02-11T15:44:08.436+0000] {spark_submit.py:491} INFO - 25/02/11 15:44:08 INFO SparkContext: Created broadcast 17 from broadcast at DAGScheduler.scala:1535
[2025-02-11T15:44:08.437+0000] {spark_submit.py:491} INFO - 25/02/11 15:44:08 INFO DAGScheduler: Submitting 1 missing tasks from ShuffleMapStage 9 (MapPartitionsRDD[21] at save at WriterIcebergBase.scala:33) (first 15 tasks are for partitions Vector(0))
[2025-02-11T15:44:08.438+0000] {spark_submit.py:491} INFO - 25/02/11 15:44:08 INFO TaskSchedulerImpl: Adding task set 9.0 with 1 tasks resource profile 0
[2025-02-11T15:44:08.438+0000] {spark_submit.py:491} INFO - 25/02/11 15:44:08 INFO TaskSetManager: Starting task 0.0 in stage 9.0 (TID 6) (172.19.0.5, executor 0, partition 0, PROCESS_LOCAL, 13676 bytes)
[2025-02-11T15:44:08.466+0000] {spark_submit.py:491} INFO - 25/02/11 15:44:08 INFO BlockManagerInfo: Added broadcast_17_piece0 in memory on 172.19.0.5:35335 (size: 18.6 KiB, free: 434.4 MiB)
[2025-02-11T15:44:08.523+0000] {spark_submit.py:491} INFO - 25/02/11 15:44:08 INFO BlockManagerInfo: Removed broadcast_11_piece0 on 1921aa867cda:38635 in memory (size: 31.0 KiB, free: 434.3 MiB)
[2025-02-11T15:44:08.525+0000] {spark_submit.py:491} INFO - 25/02/11 15:44:08 INFO BlockManagerInfo: Removed broadcast_11_piece0 on 172.19.0.5:35335 in memory (size: 31.0 KiB, free: 434.4 MiB)
[2025-02-11T15:44:08.796+0000] {spark_submit.py:491} INFO - 25/02/11 15:44:08 INFO BlockManagerInfo: Added broadcast_16_piece0 in memory on 172.19.0.5:35335 (size: 31.0 KiB, free: 434.4 MiB)
[2025-02-11T15:44:08.918+0000] {spark_submit.py:491} INFO - 25/02/11 15:44:08 INFO TaskSetManager: Finished task 0.0 in stage 9.0 (TID 6) in 488 ms on 172.19.0.5 (executor 0) (1/1)
[2025-02-11T15:44:08.923+0000] {spark_submit.py:491} INFO - 25/02/11 15:44:08 INFO TaskSchedulerImpl: Removed TaskSet 9.0, whose tasks have all completed, from pool
[2025-02-11T15:44:08.927+0000] {spark_submit.py:491} INFO - 25/02/11 15:44:08 INFO DAGScheduler: ShuffleMapStage 9 (save at WriterIcebergBase.scala:33) finished in 0.515 s
[2025-02-11T15:44:08.929+0000] {spark_submit.py:491} INFO - 25/02/11 15:44:08 INFO DAGScheduler: looking for newly runnable stages
[2025-02-11T15:44:08.931+0000] {spark_submit.py:491} INFO - 25/02/11 15:44:08 INFO DAGScheduler: running: Set()
[2025-02-11T15:44:08.933+0000] {spark_submit.py:491} INFO - 25/02/11 15:44:08 INFO DAGScheduler: waiting: Set()
[2025-02-11T15:44:08.938+0000] {spark_submit.py:491} INFO - 25/02/11 15:44:08 INFO DAGScheduler: failed: Set()
[2025-02-11T15:44:08.939+0000] {spark_submit.py:491} INFO - 25/02/11 15:44:08 INFO ShufflePartitionsUtil: For shuffle(3), advisory target size: 67108864, actual target size 1048576, minimum partition size: 1048576
[2025-02-11T15:44:08.968+0000] {spark_submit.py:491} INFO - 25/02/11 15:44:08 INFO MemoryStore: Block broadcast_18 stored as values in memory (estimated size 32.0 KiB, free 434.2 MiB)
[2025-02-11T15:44:08.998+0000] {spark_submit.py:491} INFO - 25/02/11 15:44:08 INFO MemoryStore: Block broadcast_18_piece0 stored as bytes in memory (estimated size 30.6 KiB, free 434.2 MiB)
[2025-02-11T15:44:09.002+0000] {spark_submit.py:491} INFO - 25/02/11 15:44:09 INFO BlockManagerInfo: Added broadcast_18_piece0 in memory on 1921aa867cda:38635 (size: 30.6 KiB, free: 434.3 MiB)
[2025-02-11T15:44:09.007+0000] {spark_submit.py:491} INFO - 25/02/11 15:44:09 INFO BlockManagerInfo: Removed broadcast_17_piece0 on 1921aa867cda:38635 in memory (size: 18.6 KiB, free: 434.3 MiB)
[2025-02-11T15:44:09.008+0000] {spark_submit.py:491} INFO - 25/02/11 15:44:09 INFO BlockManagerInfo: Removed broadcast_17_piece0 on 172.19.0.5:35335 in memory (size: 18.6 KiB, free: 434.4 MiB)
[2025-02-11T15:44:09.008+0000] {spark_submit.py:491} INFO - 25/02/11 15:44:09 INFO SparkContext: Created broadcast 18 from broadcast at SparkWrite.java:180
[2025-02-11T15:44:09.009+0000] {spark_submit.py:491} INFO - 25/02/11 15:44:09 INFO OverwriteByExpressionExec: Start processing data source write support: IcebergBatchWrite(table=gold_catalog.aggUsers, format=PARQUET). The input RDD has 1 partitions.
[2025-02-11T15:44:09.009+0000] {spark_submit.py:491} INFO - 25/02/11 15:44:09 INFO SparkContext: Starting job: save at WriterIcebergBase.scala:33
[2025-02-11T15:44:09.010+0000] {spark_submit.py:491} INFO - 25/02/11 15:44:09 INFO DAGScheduler: Got job 7 (save at WriterIcebergBase.scala:33) with 1 output partitions
[2025-02-11T15:44:09.010+0000] {spark_submit.py:491} INFO - 25/02/11 15:44:09 INFO DAGScheduler: Final stage: ResultStage 11 (save at WriterIcebergBase.scala:33)
[2025-02-11T15:44:09.011+0000] {spark_submit.py:491} INFO - 25/02/11 15:44:09 INFO DAGScheduler: Parents of final stage: List(ShuffleMapStage 10)
[2025-02-11T15:44:09.012+0000] {spark_submit.py:491} INFO - 25/02/11 15:44:09 INFO DAGScheduler: Missing parents: List()
[2025-02-11T15:44:09.028+0000] {spark_submit.py:491} INFO - 25/02/11 15:44:09 INFO DAGScheduler: Submitting ResultStage 11 (MapPartitionsRDD[23] at save at WriterIcebergBase.scala:33), which has no missing parents
[2025-02-11T15:44:09.039+0000] {spark_submit.py:491} INFO - 25/02/11 15:44:09 INFO MemoryStore: Block broadcast_19 stored as values in memory (estimated size 35.5 KiB, free 434.2 MiB)
[2025-02-11T15:44:09.045+0000] {spark_submit.py:491} INFO - 25/02/11 15:44:09 INFO MemoryStore: Block broadcast_19_piece0 stored as bytes in memory (estimated size 17.1 KiB, free 434.2 MiB)
[2025-02-11T15:44:09.047+0000] {spark_submit.py:491} INFO - 25/02/11 15:44:09 INFO BlockManagerInfo: Added broadcast_19_piece0 in memory on 1921aa867cda:38635 (size: 17.1 KiB, free: 434.3 MiB)
[2025-02-11T15:44:09.048+0000] {spark_submit.py:491} INFO - 25/02/11 15:44:09 INFO SparkContext: Created broadcast 19 from broadcast at DAGScheduler.scala:1535
[2025-02-11T15:44:09.049+0000] {spark_submit.py:491} INFO - 25/02/11 15:44:09 INFO DAGScheduler: Submitting 1 missing tasks from ResultStage 11 (MapPartitionsRDD[23] at save at WriterIcebergBase.scala:33) (first 15 tasks are for partitions Vector(0))
[2025-02-11T15:44:09.052+0000] {spark_submit.py:491} INFO - 25/02/11 15:44:09 INFO TaskSchedulerImpl: Adding task set 11.0 with 1 tasks resource profile 0
[2025-02-11T15:44:09.055+0000] {spark_submit.py:491} INFO - 25/02/11 15:44:09 INFO TaskSetManager: Starting task 0.0 in stage 11.0 (TID 7) (172.19.0.5, executor 0, partition 0, NODE_LOCAL, 7367 bytes)
[2025-02-11T15:44:09.146+0000] {spark_submit.py:491} INFO - 25/02/11 15:44:09 INFO BlockManagerInfo: Added broadcast_19_piece0 in memory on 172.19.0.5:35335 (size: 17.1 KiB, free: 434.4 MiB)
[2025-02-11T15:44:09.148+0000] {spark_submit.py:491} INFO - 25/02/11 15:44:09 INFO MapOutputTrackerMasterEndpoint: Asked to send map output locations for shuffle 3 to 172.19.0.5:55744
[2025-02-11T15:44:09.237+0000] {spark_submit.py:491} INFO - 25/02/11 15:44:09 INFO BlockManagerInfo: Added broadcast_18_piece0 in memory on 172.19.0.5:35335 (size: 30.6 KiB, free: 434.3 MiB)
[2025-02-11T15:44:09.372+0000] {spark_submit.py:491} INFO - 25/02/11 15:44:09 INFO TaskSetManager: Finished task 0.0 in stage 11.0 (TID 7) in 319 ms on 172.19.0.5 (executor 0) (1/1)
[2025-02-11T15:44:09.376+0000] {spark_submit.py:491} INFO - 25/02/11 15:44:09 INFO TaskSchedulerImpl: Removed TaskSet 11.0, whose tasks have all completed, from pool
[2025-02-11T15:44:09.378+0000] {spark_submit.py:491} INFO - 25/02/11 15:44:09 INFO DAGScheduler: ResultStage 11 (save at WriterIcebergBase.scala:33) finished in 0.343 s
[2025-02-11T15:44:09.378+0000] {spark_submit.py:491} INFO - 25/02/11 15:44:09 INFO DAGScheduler: Job 7 is finished. Cancelling potential speculative or zombie tasks for this job
[2025-02-11T15:44:09.379+0000] {spark_submit.py:491} INFO - 25/02/11 15:44:09 INFO TaskSchedulerImpl: Killing all running tasks in stage 11: Stage finished
[2025-02-11T15:44:09.382+0000] {spark_submit.py:491} INFO - 25/02/11 15:44:09 INFO DAGScheduler: Job 7 finished: save at WriterIcebergBase.scala:33, took 0.371169 s
[2025-02-11T15:44:09.385+0000] {spark_submit.py:491} INFO - 25/02/11 15:44:09 INFO OverwriteByExpressionExec: Data source write support IcebergBatchWrite(table=gold_catalog.aggUsers, format=PARQUET) is committing.
[2025-02-11T15:44:09.635+0000] {spark_submit.py:491} INFO - 25/02/11 15:44:09 INFO BlockManagerInfo: Removed broadcast_19_piece0 on 1921aa867cda:38635 in memory (size: 17.1 KiB, free: 434.3 MiB)
[2025-02-11T15:44:09.638+0000] {spark_submit.py:491} INFO - 25/02/11 15:44:09 INFO BlockManagerInfo: Removed broadcast_19_piece0 on 172.19.0.5:35335 in memory (size: 17.1 KiB, free: 434.3 MiB)
[2025-02-11T15:44:10.037+0000] {spark_submit.py:491} INFO - 25/02/11 15:44:10 INFO OverwriteByExpressionExec: Data source write support IcebergBatchWrite(table=gold_catalog.aggUsers, format=PARQUET) committed.
[2025-02-11T15:44:10.039+0000] {spark_submit.py:491} INFO - Data written successfully to Iceberg table in MinIO: s3a://gold/gold_catalog.aggUsers
[2025-02-11T15:44:10.039+0000] {spark_submit.py:491} INFO - Gold layer processing completed successfully.
[2025-02-11T15:44:10.082+0000] {spark_submit.py:491} INFO - 25/02/11 15:44:10 INFO SparkContext: Invoking stop() from shutdown hook
[2025-02-11T15:44:10.082+0000] {spark_submit.py:491} INFO - 25/02/11 15:44:10 INFO SparkContext: SparkContext is stopping with exitCode 0.
[2025-02-11T15:44:10.146+0000] {spark_submit.py:491} INFO - 25/02/11 15:44:10 INFO SparkUI: Stopped Spark web UI at http://1921aa867cda:4040
[2025-02-11T15:44:10.155+0000] {spark_submit.py:491} INFO - 25/02/11 15:44:10 INFO StandaloneSchedulerBackend: Shutting down all executors
[2025-02-11T15:44:10.156+0000] {spark_submit.py:491} INFO - 25/02/11 15:44:10 INFO StandaloneSchedulerBackend$StandaloneDriverEndpoint: Asking each executor to shut down
[2025-02-11T15:44:10.257+0000] {spark_submit.py:491} INFO - 25/02/11 15:44:10 INFO MapOutputTrackerMasterEndpoint: MapOutputTrackerMasterEndpoint stopped!
[2025-02-11T15:44:10.486+0000] {spark_submit.py:491} INFO - 25/02/11 15:44:10 INFO MemoryStore: MemoryStore cleared
[2025-02-11T15:44:10.488+0000] {spark_submit.py:491} INFO - 25/02/11 15:44:10 INFO BlockManager: BlockManager stopped
[2025-02-11T15:44:10.766+0000] {spark_submit.py:491} INFO - 25/02/11 15:44:10 INFO BlockManagerMaster: BlockManagerMaster stopped
[2025-02-11T15:44:10.773+0000] {spark_submit.py:491} INFO - 25/02/11 15:44:10 INFO OutputCommitCoordinator$OutputCommitCoordinatorEndpoint: OutputCommitCoordinator stopped!
[2025-02-11T15:44:10.932+0000] {spark_submit.py:491} INFO - 25/02/11 15:44:10 INFO SparkContext: Successfully stopped SparkContext
[2025-02-11T15:44:10.933+0000] {spark_submit.py:491} INFO - 25/02/11 15:44:10 INFO ShutdownHookManager: Shutdown hook called
[2025-02-11T15:44:10.933+0000] {spark_submit.py:491} INFO - 25/02/11 15:44:10 INFO ShutdownHookManager: Deleting directory /tmp/spark-3a6fec2e-74d6-46c0-8b43-f25d7759814d
[2025-02-11T15:44:10.999+0000] {spark_submit.py:491} INFO - 25/02/11 15:44:10 INFO ShutdownHookManager: Deleting directory /tmp/spark-4b78817f-0b77-4459-a544-01824688d152
[2025-02-11T15:44:11.088+0000] {spark_submit.py:491} INFO - 25/02/11 15:44:11 INFO MetricsSystemImpl: Stopping s3a-file-system metrics system...
[2025-02-11T15:44:11.091+0000] {spark_submit.py:491} INFO - 25/02/11 15:44:11 INFO MetricsSystemImpl: s3a-file-system metrics system stopped.
[2025-02-11T15:44:11.093+0000] {spark_submit.py:491} INFO - 25/02/11 15:44:11 INFO MetricsSystemImpl: s3a-file-system metrics system shutdown complete.
[2025-02-11T15:44:11.617+0000] {taskinstance.py:1345} INFO - Marking task as SUCCESS. dag_id=DAG_ETL_daily_jobs, task_id=gold_job, execution_date=20250211T153825, start_date=20250211T154249, end_date=20250211T154411
[2025-02-11T15:44:11.774+0000] {local_task_job_runner.py:225} INFO - Task exited with return code 0
[2025-02-11T15:44:11.875+0000] {taskinstance.py:2653} INFO - 0 downstream tasks scheduled from follow-on schedule check
