[2025-02-11T15:29:04.802+0000] {taskinstance.py:1103} INFO - Dependencies all met for dep_context=non-requeueable deps ti=<TaskInstance: DAG_ETL_daily_jobs.bronze_job manual__2025-02-11T15:23:47.890919+00:00 [queued]>
[2025-02-11T15:29:04.832+0000] {taskinstance.py:1103} INFO - Dependencies all met for dep_context=requeueable deps ti=<TaskInstance: DAG_ETL_daily_jobs.bronze_job manual__2025-02-11T15:23:47.890919+00:00 [queued]>
[2025-02-11T15:29:04.833+0000] {taskinstance.py:1308} INFO - Starting attempt 1 of 2
[2025-02-11T15:29:04.882+0000] {taskinstance.py:1327} INFO - Executing <Task(SparkSubmitOperator): bronze_job> on 2025-02-11 15:23:47.890919+00:00
[2025-02-11T15:29:04.917+0000] {standard_task_runner.py:84} INFO - Running: ['***', 'tasks', 'run', 'DAG_ETL_daily_jobs', 'bronze_job', 'manual__2025-02-11T15:23:47.890919+00:00', '--job-id', '9', '--raw', '--subdir', 'DAGS_FOLDER/dag_ETL.py', '--cfg-path', '/tmp/tmpw68l4ymb']
[2025-02-11T15:29:04.910+0000] {standard_task_runner.py:57} INFO - Started process 262 to run task
[2025-02-11T15:29:04.922+0000] {standard_task_runner.py:85} INFO - Job 9: Subtask bronze_job
[2025-02-11T15:29:06.102+0000] {task_command.py:410} INFO - Running <TaskInstance: DAG_ETL_daily_jobs.bronze_job manual__2025-02-11T15:23:47.890919+00:00 [running]> on host 1921aa867cda
[2025-02-11T15:29:06.676+0000] {taskinstance.py:1545} INFO - Exporting env vars: AIRFLOW_CTX_DAG_OWNER='saadelbekkali' AIRFLOW_CTX_DAG_ID='DAG_ETL_daily_jobs' AIRFLOW_CTX_TASK_ID='bronze_job' AIRFLOW_CTX_EXECUTION_DATE='2025-02-11T15:23:47.890919+00:00' AIRFLOW_CTX_TRY_NUMBER='1' AIRFLOW_CTX_DAG_RUN_ID='manual__2025-02-11T15:23:47.890919+00:00'
[2025-02-11T15:29:06.838+0000] {base.py:73} INFO - Using connection ID 'spark_default' for task execution.
[2025-02-11T15:29:06.874+0000] {spark_submit.py:340} INFO - Spark-Submit cmd: spark-submit --master spark://spark:7077 --conf spark.jars.packages=com.typesafe:config:1.4.2,com.lihaoyi:requests_2.12:0.8.0,io.circe:circe-core_2.12:0.14.1,io.circe:circe-parser_2.12:0.14.1,io.circe:circe-generic_2.12:0.14.1,org.apache.hadoop:hadoop-aws:3.3.1,com.amazonaws:aws-java-sdk-bundle:1.12.539,org.apache.iceberg:iceberg-spark-runtime-3.4_2.12:1.3.1 --conf spark.driver.extraClassPath=/opt/***/jars/* --conf spark.executor.extraClassPath=/opt/***/jars/* --conf spark.hadoop.fs.s3a.endpoint=http://minio:9000 --conf spark.hadoop.fs.s3a.access.key=minio --conf spark.hadoop.fs.s3a.secret.key=****** --conf spark.hadoop.fs.s3a.path.style.access=true --conf spark.hadoop.fs.s3a.impl=org.apache.hadoop.fs.s3a.S3AFileSystem --conf spark.hadoop.fs.s3a.aws.credentials.provider=org.apache.hadoop.fs.s3a.SimpleAWSCredentialsProvider --conf spark.driver.userClassPathFirst=true --conf spark.executor.userClassPathFirst=true --conf spark.sql.extensions=org.apache.iceberg.spark.extensions.IcebergSparkSessionExtensions --conf spark.sql.catalog.silver_catalog=org.apache.iceberg.spark.SparkCatalog --conf spark.sql.catalog.silver_catalog.type=hadoop --conf spark.sql.catalog.silver_catalog.warehouse=s3a://silver/ --conf spark.sql.catalog.gold_catalog=org.apache.iceberg.spark.SparkCatalog --conf spark.sql.catalog.gold_catalog.type=hadoop --conf spark.sql.catalog.gold_catalog.warehouse=s3a://gold/ --packages com.typesafe:config:1.4.2,com.lihaoyi:requests_2.12:0.8.0,io.circe:circe-core_2.12:0.14.1,io.circe:circe-parser_2.12:0.14.1,io.circe:circe-generic_2.12:0.14.1,org.apache.hadoop:hadoop-aws:3.3.1,com.amazonaws:aws-java-sdk-bundle:1.12.539,org.apache.iceberg:iceberg-spark-runtime-3.4_2.12:1.3.1 --name arrow-spark --class com.Main --verbose /opt/***/jars/scala-maven-project-2.0-SNAPSHOT.jar bronze
[2025-02-11T15:29:19.827+0000] {spark_submit.py:491} INFO - Using properties file: null
[2025-02-11T15:29:20.767+0000] {spark_submit.py:491} INFO - Parsed arguments:
[2025-02-11T15:29:20.770+0000] {spark_submit.py:491} INFO - master                  spark://spark:7077
[2025-02-11T15:29:20.771+0000] {spark_submit.py:491} INFO - remote                  null
[2025-02-11T15:29:20.772+0000] {spark_submit.py:491} INFO - deployMode              null
[2025-02-11T15:29:20.773+0000] {spark_submit.py:491} INFO - executorMemory          null
[2025-02-11T15:29:20.775+0000] {spark_submit.py:491} INFO - executorCores           null
[2025-02-11T15:29:20.776+0000] {spark_submit.py:491} INFO - totalExecutorCores      null
[2025-02-11T15:29:20.778+0000] {spark_submit.py:491} INFO - propertiesFile          null
[2025-02-11T15:29:20.779+0000] {spark_submit.py:491} INFO - driverMemory            null
[2025-02-11T15:29:20.781+0000] {spark_submit.py:491} INFO - driverCores             null
[2025-02-11T15:29:20.782+0000] {spark_submit.py:491} INFO - driverExtraClassPath    /opt/***/jars/*
[2025-02-11T15:29:20.783+0000] {spark_submit.py:491} INFO - driverExtraLibraryPath  null
[2025-02-11T15:29:20.801+0000] {spark_submit.py:491} INFO - driverExtraJavaOptions  null
[2025-02-11T15:29:20.802+0000] {spark_submit.py:491} INFO - supervise               false
[2025-02-11T15:29:20.803+0000] {spark_submit.py:491} INFO - queue                   null
[2025-02-11T15:29:20.803+0000] {spark_submit.py:491} INFO - numExecutors            null
[2025-02-11T15:29:20.805+0000] {spark_submit.py:491} INFO - files                   null
[2025-02-11T15:29:20.833+0000] {spark_submit.py:491} INFO - pyFiles                 null
[2025-02-11T15:29:20.836+0000] {spark_submit.py:491} INFO - archives                null
[2025-02-11T15:29:20.842+0000] {spark_submit.py:491} INFO - mainClass               com.Main
[2025-02-11T15:29:20.844+0000] {spark_submit.py:491} INFO - primaryResource         file:/opt/***/jars/scala-maven-project-2.0-SNAPSHOT.jar
[2025-02-11T15:29:20.861+0000] {spark_submit.py:491} INFO - name                    arrow-spark
[2025-02-11T15:29:20.863+0000] {spark_submit.py:491} INFO - childArgs               [bronze]
[2025-02-11T15:29:20.864+0000] {spark_submit.py:491} INFO - jars                    null
[2025-02-11T15:29:20.866+0000] {spark_submit.py:491} INFO - packages                com.typesafe:config:1.4.2,com.lihaoyi:requests_2.12:0.8.0,io.circe:circe-core_2.12:0.14.1,io.circe:circe-parser_2.12:0.14.1,io.circe:circe-generic_2.12:0.14.1,org.apache.hadoop:hadoop-aws:3.3.1,com.amazonaws:aws-java-sdk-bundle:1.12.539,org.apache.iceberg:iceberg-spark-runtime-3.4_2.12:1.3.1
[2025-02-11T15:29:20.866+0000] {spark_submit.py:491} INFO - packagesExclusions      null
[2025-02-11T15:29:20.873+0000] {spark_submit.py:491} INFO - repositories            null
[2025-02-11T15:29:20.874+0000] {spark_submit.py:491} INFO - verbose                 true
[2025-02-11T15:29:20.875+0000] {spark_submit.py:491} INFO - 
[2025-02-11T15:29:20.875+0000] {spark_submit.py:491} INFO - Spark properties used, including those specified through
[2025-02-11T15:29:20.876+0000] {spark_submit.py:491} INFO - --conf and those from the properties file null:
[2025-02-11T15:29:20.876+0000] {spark_submit.py:491} INFO - (spark.driver.extraClassPath,/opt/***/jars/*)
[2025-02-11T15:29:20.877+0000] {spark_submit.py:491} INFO - (spark.driver.userClassPathFirst,true)
[2025-02-11T15:29:20.877+0000] {spark_submit.py:491} INFO - (spark.executor.extraClassPath,/opt/***/jars/*)
[2025-02-11T15:29:20.878+0000] {spark_submit.py:491} INFO - (spark.executor.userClassPathFirst,true)
[2025-02-11T15:29:20.878+0000] {spark_submit.py:491} INFO - (spark.hadoop.fs.s3a.access.key,*********(redacted))
[2025-02-11T15:29:20.879+0000] {spark_submit.py:491} INFO - (spark.hadoop.fs.s3a.aws.credentials.provider,org.apache.hadoop.fs.s3a.SimpleAWSCredentialsProvider)
[2025-02-11T15:29:20.879+0000] {spark_submit.py:491} INFO - (spark.hadoop.fs.s3a.endpoint,http://minio:9000)
[2025-02-11T15:29:20.880+0000] {spark_submit.py:491} INFO - (spark.hadoop.fs.s3a.impl,org.apache.hadoop.fs.s3a.S3AFileSystem)
[2025-02-11T15:29:20.880+0000] {spark_submit.py:491} INFO - (spark.hadoop.fs.s3a.path.style.access,true)
[2025-02-11T15:29:20.881+0000] {spark_submit.py:491} INFO - (spark.hadoop.fs.s3a.secret.key,*********(redacted))
[2025-02-11T15:29:20.881+0000] {spark_submit.py:491} INFO - (spark.jars.packages,com.typesafe:config:1.4.2,com.lihaoyi:requests_2.12:0.8.0,io.circe:circe-core_2.12:0.14.1,io.circe:circe-parser_2.12:0.14.1,io.circe:circe-generic_2.12:0.14.1,org.apache.hadoop:hadoop-aws:3.3.1,com.amazonaws:aws-java-sdk-bundle:1.12.539,org.apache.iceberg:iceberg-spark-runtime-3.4_2.12:1.3.1)
[2025-02-11T15:29:20.882+0000] {spark_submit.py:491} INFO - (spark.sql.catalog.gold_catalog,org.apache.iceberg.spark.SparkCatalog)
[2025-02-11T15:29:20.882+0000] {spark_submit.py:491} INFO - (spark.sql.catalog.gold_catalog.type,hadoop)
[2025-02-11T15:29:20.883+0000] {spark_submit.py:491} INFO - (spark.sql.catalog.gold_catalog.warehouse,s3a://gold/)
[2025-02-11T15:29:20.883+0000] {spark_submit.py:491} INFO - (spark.sql.catalog.silver_catalog,org.apache.iceberg.spark.SparkCatalog)
[2025-02-11T15:29:20.884+0000] {spark_submit.py:491} INFO - (spark.sql.catalog.silver_catalog.type,hadoop)
[2025-02-11T15:29:20.884+0000] {spark_submit.py:491} INFO - (spark.sql.catalog.silver_catalog.warehouse,s3a://silver/)
[2025-02-11T15:29:20.885+0000] {spark_submit.py:491} INFO - (spark.sql.extensions,org.apache.iceberg.spark.extensions.IcebergSparkSessionExtensions)
[2025-02-11T15:29:20.885+0000] {spark_submit.py:491} INFO - 
[2025-02-11T15:29:20.886+0000] {spark_submit.py:491} INFO - 
[2025-02-11T15:29:21.383+0000] {spark_submit.py:491} INFO - :: loading settings :: url = jar:file:/opt/spark-3.4.0-bin-hadoop3/jars/ivy-2.5.1.jar!/org/apache/ivy/core/settings/ivysettings.xml
[2025-02-11T15:29:22.184+0000] {spark_submit.py:491} INFO - Ivy Default Cache set to: /home/***/.ivy2/cache
[2025-02-11T15:29:22.186+0000] {spark_submit.py:491} INFO - The jars for the packages stored in: /home/***/.ivy2/jars
[2025-02-11T15:29:22.194+0000] {spark_submit.py:491} INFO - com.typesafe#config added as a dependency
[2025-02-11T15:29:22.196+0000] {spark_submit.py:491} INFO - com.lihaoyi#requests_2.12 added as a dependency
[2025-02-11T15:29:22.196+0000] {spark_submit.py:491} INFO - io.circe#circe-core_2.12 added as a dependency
[2025-02-11T15:29:22.197+0000] {spark_submit.py:491} INFO - io.circe#circe-parser_2.12 added as a dependency
[2025-02-11T15:29:22.197+0000] {spark_submit.py:491} INFO - io.circe#circe-generic_2.12 added as a dependency
[2025-02-11T15:29:22.198+0000] {spark_submit.py:491} INFO - org.apache.hadoop#hadoop-aws added as a dependency
[2025-02-11T15:29:22.199+0000] {spark_submit.py:491} INFO - com.amazonaws#aws-java-sdk-bundle added as a dependency
[2025-02-11T15:29:22.199+0000] {spark_submit.py:491} INFO - org.apache.iceberg#iceberg-spark-runtime-3.4_2.12 added as a dependency
[2025-02-11T15:29:22.199+0000] {spark_submit.py:491} INFO - :: resolving dependencies :: org.apache.spark#spark-submit-parent-0a62d221-c813-4a0d-949f-7efa1c52042f;1.0
[2025-02-11T15:29:22.200+0000] {spark_submit.py:491} INFO - confs: [default]
[2025-02-11T15:29:22.796+0000] {spark_submit.py:491} INFO - found com.typesafe#config;1.4.2 in central
[2025-02-11T15:29:23.038+0000] {spark_submit.py:491} INFO - found com.lihaoyi#requests_2.12;0.8.0 in central
[2025-02-11T15:29:23.182+0000] {spark_submit.py:491} INFO - found com.lihaoyi#geny_2.12;1.0.0 in central
[2025-02-11T15:29:23.252+0000] {spark_submit.py:491} INFO - found io.circe#circe-core_2.12;0.14.1 in central
[2025-02-11T15:29:23.364+0000] {spark_submit.py:491} INFO - found io.circe#circe-numbers_2.12;0.14.1 in central
[2025-02-11T15:29:23.438+0000] {spark_submit.py:491} INFO - found org.typelevel#cats-core_2.12;2.6.1 in central
[2025-02-11T15:29:23.617+0000] {spark_submit.py:491} INFO - found org.typelevel#cats-kernel_2.12;2.6.1 in central
[2025-02-11T15:29:23.886+0000] {spark_submit.py:491} INFO - found org.typelevel#simulacrum-scalafix-annotations_2.12;0.5.4 in central
[2025-02-11T15:29:24.022+0000] {spark_submit.py:491} INFO - found io.circe#circe-parser_2.12;0.14.1 in central
[2025-02-11T15:29:24.117+0000] {spark_submit.py:491} INFO - found io.circe#circe-jawn_2.12;0.14.1 in central
[2025-02-11T15:29:24.180+0000] {spark_submit.py:491} INFO - found org.typelevel#jawn-parser_2.12;1.1.2 in central
[2025-02-11T15:29:24.212+0000] {spark_submit.py:491} INFO - found io.circe#circe-generic_2.12;0.14.1 in central
[2025-02-11T15:29:24.370+0000] {spark_submit.py:491} INFO - found com.chuusai#shapeless_2.12;2.3.7 in central
[2025-02-11T15:29:24.636+0000] {spark_submit.py:491} INFO - found org.apache.hadoop#hadoop-aws;3.3.1 in central
[2025-02-11T15:29:24.794+0000] {spark_submit.py:491} INFO - found org.wildfly.openssl#wildfly-openssl;1.0.7.Final in central
[2025-02-11T15:29:24.856+0000] {spark_submit.py:491} INFO - found com.amazonaws#aws-java-sdk-bundle;1.12.539 in central
[2025-02-11T15:29:24.917+0000] {spark_submit.py:491} INFO - found org.apache.iceberg#iceberg-spark-runtime-3.4_2.12;1.3.1 in central
[2025-02-11T15:29:25.453+0000] {spark_submit.py:491} INFO - :: resolution report :: resolve 3168ms :: artifacts dl 80ms
[2025-02-11T15:29:25.473+0000] {spark_submit.py:491} INFO - :: modules in use:
[2025-02-11T15:29:25.476+0000] {spark_submit.py:491} INFO - com.amazonaws#aws-java-sdk-bundle;1.12.539 from central in [default]
[2025-02-11T15:29:25.492+0000] {spark_submit.py:491} INFO - com.chuusai#shapeless_2.12;2.3.7 from central in [default]
[2025-02-11T15:29:25.499+0000] {spark_submit.py:491} INFO - com.lihaoyi#geny_2.12;1.0.0 from central in [default]
[2025-02-11T15:29:25.509+0000] {spark_submit.py:491} INFO - com.lihaoyi#requests_2.12;0.8.0 from central in [default]
[2025-02-11T15:29:25.511+0000] {spark_submit.py:491} INFO - com.typesafe#config;1.4.2 from central in [default]
[2025-02-11T15:29:25.517+0000] {spark_submit.py:491} INFO - io.circe#circe-core_2.12;0.14.1 from central in [default]
[2025-02-11T15:29:25.518+0000] {spark_submit.py:491} INFO - io.circe#circe-generic_2.12;0.14.1 from central in [default]
[2025-02-11T15:29:25.521+0000] {spark_submit.py:491} INFO - io.circe#circe-jawn_2.12;0.14.1 from central in [default]
[2025-02-11T15:29:25.522+0000] {spark_submit.py:491} INFO - io.circe#circe-numbers_2.12;0.14.1 from central in [default]
[2025-02-11T15:29:25.524+0000] {spark_submit.py:491} INFO - io.circe#circe-parser_2.12;0.14.1 from central in [default]
[2025-02-11T15:29:25.526+0000] {spark_submit.py:491} INFO - org.apache.hadoop#hadoop-aws;3.3.1 from central in [default]
[2025-02-11T15:29:25.530+0000] {spark_submit.py:491} INFO - org.apache.iceberg#iceberg-spark-runtime-3.4_2.12;1.3.1 from central in [default]
[2025-02-11T15:29:25.533+0000] {spark_submit.py:491} INFO - org.typelevel#cats-core_2.12;2.6.1 from central in [default]
[2025-02-11T15:29:25.534+0000] {spark_submit.py:491} INFO - org.typelevel#cats-kernel_2.12;2.6.1 from central in [default]
[2025-02-11T15:29:25.535+0000] {spark_submit.py:491} INFO - org.typelevel#jawn-parser_2.12;1.1.2 from central in [default]
[2025-02-11T15:29:25.536+0000] {spark_submit.py:491} INFO - org.typelevel#simulacrum-scalafix-annotations_2.12;0.5.4 from central in [default]
[2025-02-11T15:29:25.536+0000] {spark_submit.py:491} INFO - org.wildfly.openssl#wildfly-openssl;1.0.7.Final from central in [default]
[2025-02-11T15:29:25.537+0000] {spark_submit.py:491} INFO - :: evicted modules:
[2025-02-11T15:29:25.538+0000] {spark_submit.py:491} INFO - com.amazonaws#aws-java-sdk-bundle;1.11.901 by [com.amazonaws#aws-java-sdk-bundle;1.12.539] in [default]
[2025-02-11T15:29:25.539+0000] {spark_submit.py:491} INFO - ---------------------------------------------------------------------
[2025-02-11T15:29:25.541+0000] {spark_submit.py:491} INFO - |                  |            modules            ||   artifacts   |
[2025-02-11T15:29:25.542+0000] {spark_submit.py:491} INFO - |       conf       | number| search|dwnlded|evicted|| number|dwnlded|
[2025-02-11T15:29:25.543+0000] {spark_submit.py:491} INFO - ---------------------------------------------------------------------
[2025-02-11T15:29:25.543+0000] {spark_submit.py:491} INFO - |      default     |   18  |   0   |   0   |   1   ||   17  |   0   |
[2025-02-11T15:29:25.544+0000] {spark_submit.py:491} INFO - ---------------------------------------------------------------------
[2025-02-11T15:29:25.545+0000] {spark_submit.py:491} INFO - :: retrieving :: org.apache.spark#spark-submit-parent-0a62d221-c813-4a0d-949f-7efa1c52042f
[2025-02-11T15:29:25.546+0000] {spark_submit.py:491} INFO - confs: [default]
[2025-02-11T15:29:25.631+0000] {local_task_job_runner.py:291} WARNING - State of this instance has been externally set to failed. Terminating instance.
[2025-02-11T15:29:25.637+0000] {process_utils.py:131} INFO - Sending Signals.SIGTERM to group 262. PIDs of all processes in the group: [264, 262]
[2025-02-11T15:29:25.638+0000] {process_utils.py:86} INFO - Sending the signal Signals.SIGTERM to group 262
[2025-02-11T15:29:25.642+0000] {taskinstance.py:1517} ERROR - Received SIGTERM. Terminating subprocesses.
[2025-02-11T15:29:25.644+0000] {spark_submit.py:618} INFO - Sending kill signal to spark-submit
[2025-02-11T15:29:25.781+0000] {process_utils.py:79} INFO - Process psutil.Process(pid=264, status='terminated', started='15:29:06') (264) terminated with exit code None
[2025-02-11T15:29:25.783+0000] {process_utils.py:79} INFO - Process psutil.Process(pid=262, status='terminated', exitcode=0, started='15:29:04') (262) terminated with exit code 0
