[2025-02-10T09:59:48.477+0000] {taskinstance.py:1103} INFO - Dependencies all met for dep_context=non-requeueable deps ti=<TaskInstance: DAG_ETL_daily_jobs_v2.bronze_job scheduled__2025-02-09T09:00:00+00:00 [queued]>
[2025-02-10T09:59:48.493+0000] {taskinstance.py:1103} INFO - Dependencies all met for dep_context=requeueable deps ti=<TaskInstance: DAG_ETL_daily_jobs_v2.bronze_job scheduled__2025-02-09T09:00:00+00:00 [queued]>
[2025-02-10T09:59:48.493+0000] {taskinstance.py:1308} INFO - Starting attempt 1 of 2
[2025-02-10T09:59:48.519+0000] {taskinstance.py:1327} INFO - Executing <Task(SparkSubmitOperator): bronze_job> on 2025-02-09 09:00:00+00:00
[2025-02-10T09:59:48.526+0000] {standard_task_runner.py:57} INFO - Started process 623 to run task
[2025-02-10T09:59:48.540+0000] {standard_task_runner.py:84} INFO - Running: ['***', 'tasks', 'run', 'DAG_ETL_daily_jobs_v2', 'bronze_job', 'scheduled__2025-02-09T09:00:00+00:00', '--job-id', '15', '--raw', '--subdir', 'DAGS_FOLDER/dag_ETL_final_prueba.py', '--cfg-path', '/tmp/tmp6xmiz76a']
[2025-02-10T09:59:48.545+0000] {standard_task_runner.py:85} INFO - Job 15: Subtask bronze_job
[2025-02-10T09:59:48.636+0000] {task_command.py:410} INFO - Running <TaskInstance: DAG_ETL_daily_jobs_v2.bronze_job scheduled__2025-02-09T09:00:00+00:00 [running]> on host 4ace1a0fe0eb
[2025-02-10T09:59:48.801+0000] {taskinstance.py:1545} INFO - Exporting env vars: AIRFLOW_CTX_DAG_OWNER='saadelbekkali' AIRFLOW_CTX_DAG_ID='DAG_ETL_daily_jobs_v2' AIRFLOW_CTX_TASK_ID='bronze_job' AIRFLOW_CTX_EXECUTION_DATE='2025-02-09T09:00:00+00:00' AIRFLOW_CTX_TRY_NUMBER='1' AIRFLOW_CTX_DAG_RUN_ID='scheduled__2025-02-09T09:00:00+00:00'
[2025-02-10T09:59:48.826+0000] {base.py:73} INFO - Using connection ID 'spark_default' for task execution.
[2025-02-10T09:59:48.845+0000] {spark_submit.py:340} INFO - Spark-Submit cmd: spark-submit --master spark://spark:7077 --conf spark.jars.packages=com.typesafe:config:1.4.2,com.lihaoyi:requests_2.12:0.8.0,io.circe:circe-core_2.12:0.14.1,io.circe:circe-parser_2.12:0.14.1,io.circe:circe-generic_2.12:0.14.1,org.apache.hadoop:hadoop-aws:3.3.1,com.amazonaws:aws-java-sdk-bundle:1.12.539,org.apache.iceberg:iceberg-spark-runtime-3.4_2.12:1.3.1 --conf spark.driver.extraClassPath=/opt/***/jars/* --conf spark.executor.extraClassPath=/opt/***/jars/* --conf spark.hadoop.fs.s3a.endpoint=http://minio:9000 --conf spark.hadoop.fs.s3a.access.key=minio --conf spark.hadoop.fs.s3a.secret.key=****** --conf spark.hadoop.fs.s3a.path.style.access=true --conf spark.hadoop.fs.s3a.impl=org.apache.hadoop.fs.s3a.S3AFileSystem --conf spark.hadoop.fs.s3a.aws.credentials.provider=org.apache.hadoop.fs.s3a.SimpleAWSCredentialsProvider --conf spark.driver.userClassPathFirst=true --conf spark.executor.userClassPathFirst=true --conf spark.sql.extensions=org.apache.iceberg.spark.extensions.IcebergSparkSessionExtensions --conf spark.sql.catalog.silver_catalog=org.apache.iceberg.spark.SparkCatalog --conf spark.sql.catalog.silver_catalog.type=hadoop --conf spark.sql.catalog.silver_catalog.warehouse=s3a://silver/ --conf spark.sql.catalog.gold_catalog=org.apache.iceberg.spark.SparkCatalog --conf spark.sql.catalog.gold_catalog.type=hadoop --conf spark.sql.catalog.gold_catalog.warehouse=s3a://gold/ --packages com.typesafe:config:1.4.2,com.lihaoyi:requests_2.12:0.8.0,io.circe:circe-core_2.12:0.14.1,io.circe:circe-parser_2.12:0.14.1,io.circe:circe-generic_2.12:0.14.1,org.apache.hadoop:hadoop-aws:3.3.1,com.amazonaws:aws-java-sdk-bundle:1.12.539,org.apache.iceberg:iceberg-spark-runtime-3.4_2.12:1.3.1 --name arrow-spark --class com.Main --verbose /opt/***/jars/scala-maven-project-1.0-SNAPSHOT.jar bronze
[2025-02-10T09:59:53.161+0000] {spark_submit.py:491} INFO - Using properties file: null
[2025-02-10T09:59:53.465+0000] {spark_submit.py:491} INFO - Parsed arguments:
[2025-02-10T09:59:53.465+0000] {spark_submit.py:491} INFO - master                  spark://spark:7077
[2025-02-10T09:59:53.466+0000] {spark_submit.py:491} INFO - remote                  null
[2025-02-10T09:59:53.467+0000] {spark_submit.py:491} INFO - deployMode              null
[2025-02-10T09:59:53.467+0000] {spark_submit.py:491} INFO - executorMemory          null
[2025-02-10T09:59:53.468+0000] {spark_submit.py:491} INFO - executorCores           null
[2025-02-10T09:59:53.470+0000] {spark_submit.py:491} INFO - totalExecutorCores      null
[2025-02-10T09:59:53.470+0000] {spark_submit.py:491} INFO - propertiesFile          null
[2025-02-10T09:59:53.472+0000] {spark_submit.py:491} INFO - driverMemory            null
[2025-02-10T09:59:53.473+0000] {spark_submit.py:491} INFO - driverCores             null
[2025-02-10T09:59:53.474+0000] {spark_submit.py:491} INFO - driverExtraClassPath    /opt/***/jars/*
[2025-02-10T09:59:53.474+0000] {spark_submit.py:491} INFO - driverExtraLibraryPath  null
[2025-02-10T09:59:53.475+0000] {spark_submit.py:491} INFO - driverExtraJavaOptions  null
[2025-02-10T09:59:53.475+0000] {spark_submit.py:491} INFO - supervise               false
[2025-02-10T09:59:53.476+0000] {spark_submit.py:491} INFO - queue                   null
[2025-02-10T09:59:53.476+0000] {spark_submit.py:491} INFO - numExecutors            null
[2025-02-10T09:59:53.477+0000] {spark_submit.py:491} INFO - files                   null
[2025-02-10T09:59:53.478+0000] {spark_submit.py:491} INFO - pyFiles                 null
[2025-02-10T09:59:53.478+0000] {spark_submit.py:491} INFO - archives                null
[2025-02-10T09:59:53.479+0000] {spark_submit.py:491} INFO - mainClass               com.Main
[2025-02-10T09:59:53.479+0000] {spark_submit.py:491} INFO - primaryResource         file:/opt/***/jars/scala-maven-project-1.0-SNAPSHOT.jar
[2025-02-10T09:59:53.480+0000] {spark_submit.py:491} INFO - name                    arrow-spark
[2025-02-10T09:59:53.480+0000] {spark_submit.py:491} INFO - childArgs               [bronze]
[2025-02-10T09:59:53.481+0000] {spark_submit.py:491} INFO - jars                    null
[2025-02-10T09:59:53.481+0000] {spark_submit.py:491} INFO - packages                com.typesafe:config:1.4.2,com.lihaoyi:requests_2.12:0.8.0,io.circe:circe-core_2.12:0.14.1,io.circe:circe-parser_2.12:0.14.1,io.circe:circe-generic_2.12:0.14.1,org.apache.hadoop:hadoop-aws:3.3.1,com.amazonaws:aws-java-sdk-bundle:1.12.539,org.apache.iceberg:iceberg-spark-runtime-3.4_2.12:1.3.1
[2025-02-10T09:59:53.481+0000] {spark_submit.py:491} INFO - packagesExclusions      null
[2025-02-10T09:59:53.482+0000] {spark_submit.py:491} INFO - repositories            null
[2025-02-10T09:59:53.482+0000] {spark_submit.py:491} INFO - verbose                 true
[2025-02-10T09:59:53.482+0000] {spark_submit.py:491} INFO - 
[2025-02-10T09:59:53.483+0000] {spark_submit.py:491} INFO - Spark properties used, including those specified through
[2025-02-10T09:59:53.483+0000] {spark_submit.py:491} INFO - --conf and those from the properties file null:
[2025-02-10T09:59:53.483+0000] {spark_submit.py:491} INFO - (spark.driver.extraClassPath,/opt/***/jars/*)
[2025-02-10T09:59:53.484+0000] {spark_submit.py:491} INFO - (spark.driver.userClassPathFirst,true)
[2025-02-10T09:59:53.485+0000] {spark_submit.py:491} INFO - (spark.executor.extraClassPath,/opt/***/jars/*)
[2025-02-10T09:59:53.485+0000] {spark_submit.py:491} INFO - (spark.executor.userClassPathFirst,true)
[2025-02-10T09:59:53.485+0000] {spark_submit.py:491} INFO - (spark.hadoop.fs.s3a.access.key,*********(redacted))
[2025-02-10T09:59:53.486+0000] {spark_submit.py:491} INFO - (spark.hadoop.fs.s3a.aws.credentials.provider,org.apache.hadoop.fs.s3a.SimpleAWSCredentialsProvider)
[2025-02-10T09:59:53.486+0000] {spark_submit.py:491} INFO - (spark.hadoop.fs.s3a.endpoint,http://minio:9000)
[2025-02-10T09:59:53.487+0000] {spark_submit.py:491} INFO - (spark.hadoop.fs.s3a.impl,org.apache.hadoop.fs.s3a.S3AFileSystem)
[2025-02-10T09:59:53.487+0000] {spark_submit.py:491} INFO - (spark.hadoop.fs.s3a.path.style.access,true)
[2025-02-10T09:59:53.488+0000] {spark_submit.py:491} INFO - (spark.hadoop.fs.s3a.secret.key,*********(redacted))
[2025-02-10T09:59:53.488+0000] {spark_submit.py:491} INFO - (spark.jars.packages,com.typesafe:config:1.4.2,com.lihaoyi:requests_2.12:0.8.0,io.circe:circe-core_2.12:0.14.1,io.circe:circe-parser_2.12:0.14.1,io.circe:circe-generic_2.12:0.14.1,org.apache.hadoop:hadoop-aws:3.3.1,com.amazonaws:aws-java-sdk-bundle:1.12.539,org.apache.iceberg:iceberg-spark-runtime-3.4_2.12:1.3.1)
[2025-02-10T09:59:53.489+0000] {spark_submit.py:491} INFO - (spark.sql.catalog.gold_catalog,org.apache.iceberg.spark.SparkCatalog)
[2025-02-10T09:59:53.489+0000] {spark_submit.py:491} INFO - (spark.sql.catalog.gold_catalog.type,hadoop)
[2025-02-10T09:59:53.490+0000] {spark_submit.py:491} INFO - (spark.sql.catalog.gold_catalog.warehouse,s3a://gold/)
[2025-02-10T09:59:53.490+0000] {spark_submit.py:491} INFO - (spark.sql.catalog.silver_catalog,org.apache.iceberg.spark.SparkCatalog)
[2025-02-10T09:59:53.490+0000] {spark_submit.py:491} INFO - (spark.sql.catalog.silver_catalog.type,hadoop)
[2025-02-10T09:59:53.491+0000] {spark_submit.py:491} INFO - (spark.sql.catalog.silver_catalog.warehouse,s3a://silver/)
[2025-02-10T09:59:53.491+0000] {spark_submit.py:491} INFO - (spark.sql.extensions,org.apache.iceberg.spark.extensions.IcebergSparkSessionExtensions)
[2025-02-10T09:59:53.492+0000] {spark_submit.py:491} INFO - 
[2025-02-10T09:59:53.492+0000] {spark_submit.py:491} INFO - 
[2025-02-10T09:59:53.880+0000] {spark_submit.py:491} INFO - :: loading settings :: url = jar:file:/opt/spark-3.4.0-bin-hadoop3/jars/ivy-2.5.1.jar!/org/apache/ivy/core/settings/ivysettings.xml
[2025-02-10T09:59:54.187+0000] {spark_submit.py:491} INFO - Ivy Default Cache set to: /home/***/.ivy2/cache
[2025-02-10T09:59:54.188+0000] {spark_submit.py:491} INFO - The jars for the packages stored in: /home/***/.ivy2/jars
[2025-02-10T09:59:54.195+0000] {spark_submit.py:491} INFO - com.typesafe#config added as a dependency
[2025-02-10T09:59:54.196+0000] {spark_submit.py:491} INFO - com.lihaoyi#requests_2.12 added as a dependency
[2025-02-10T09:59:54.196+0000] {spark_submit.py:491} INFO - io.circe#circe-core_2.12 added as a dependency
[2025-02-10T09:59:54.197+0000] {spark_submit.py:491} INFO - io.circe#circe-parser_2.12 added as a dependency
[2025-02-10T09:59:54.197+0000] {spark_submit.py:491} INFO - io.circe#circe-generic_2.12 added as a dependency
[2025-02-10T09:59:54.197+0000] {spark_submit.py:491} INFO - org.apache.hadoop#hadoop-aws added as a dependency
[2025-02-10T09:59:54.200+0000] {spark_submit.py:491} INFO - com.amazonaws#aws-java-sdk-bundle added as a dependency
[2025-02-10T09:59:54.200+0000] {spark_submit.py:491} INFO - org.apache.iceberg#iceberg-spark-runtime-3.4_2.12 added as a dependency
[2025-02-10T09:59:54.201+0000] {spark_submit.py:491} INFO - :: resolving dependencies :: org.apache.spark#spark-submit-parent-31ed194a-473a-44c8-b599-2cde8f71b9ed;1.0
[2025-02-10T09:59:54.201+0000] {spark_submit.py:491} INFO - confs: [default]
[2025-02-10T09:59:54.503+0000] {spark_submit.py:491} INFO - found com.typesafe#config;1.4.2 in central
[2025-02-10T09:59:54.583+0000] {spark_submit.py:491} INFO - found com.lihaoyi#requests_2.12;0.8.0 in central
[2025-02-10T09:59:54.636+0000] {spark_submit.py:491} INFO - found com.lihaoyi#geny_2.12;1.0.0 in central
[2025-02-10T09:59:54.680+0000] {spark_submit.py:491} INFO - found io.circe#circe-core_2.12;0.14.1 in central
[2025-02-10T09:59:54.721+0000] {spark_submit.py:491} INFO - found io.circe#circe-numbers_2.12;0.14.1 in central
[2025-02-10T09:59:54.777+0000] {spark_submit.py:491} INFO - found org.typelevel#cats-core_2.12;2.6.1 in central
[2025-02-10T09:59:54.824+0000] {spark_submit.py:491} INFO - found org.typelevel#cats-kernel_2.12;2.6.1 in central
[2025-02-10T09:59:54.898+0000] {spark_submit.py:491} INFO - found org.typelevel#simulacrum-scalafix-annotations_2.12;0.5.4 in central
[2025-02-10T09:59:55.005+0000] {spark_submit.py:491} INFO - found io.circe#circe-parser_2.12;0.14.1 in central
[2025-02-10T09:59:55.087+0000] {spark_submit.py:491} INFO - found io.circe#circe-jawn_2.12;0.14.1 in central
[2025-02-10T09:59:55.334+0000] {spark_submit.py:491} INFO - found org.typelevel#jawn-parser_2.12;1.1.2 in central
[2025-02-10T09:59:55.616+0000] {spark_submit.py:491} INFO - found io.circe#circe-generic_2.12;0.14.1 in central
[2025-02-10T09:59:55.830+0000] {spark_submit.py:491} INFO - found com.chuusai#shapeless_2.12;2.3.7 in central
[2025-02-10T09:59:56.254+0000] {spark_submit.py:491} INFO - found org.apache.hadoop#hadoop-aws;3.3.1 in central
[2025-02-10T09:59:56.542+0000] {spark_submit.py:491} INFO - found org.wildfly.openssl#wildfly-openssl;1.0.7.Final in central
[2025-02-10T09:59:56.736+0000] {spark_submit.py:491} INFO - found com.amazonaws#aws-java-sdk-bundle;1.12.539 in central
[2025-02-10T09:59:56.786+0000] {spark_submit.py:491} INFO - found org.apache.iceberg#iceberg-spark-runtime-3.4_2.12;1.3.1 in central
[2025-02-10T09:59:56.846+0000] {spark_submit.py:491} INFO - :: resolution report :: resolve 2622ms :: artifacts dl 28ms
[2025-02-10T09:59:56.847+0000] {spark_submit.py:491} INFO - :: modules in use:
[2025-02-10T09:59:56.847+0000] {spark_submit.py:491} INFO - com.amazonaws#aws-java-sdk-bundle;1.12.539 from central in [default]
[2025-02-10T09:59:56.848+0000] {spark_submit.py:491} INFO - com.chuusai#shapeless_2.12;2.3.7 from central in [default]
[2025-02-10T09:59:56.849+0000] {spark_submit.py:491} INFO - com.lihaoyi#geny_2.12;1.0.0 from central in [default]
[2025-02-10T09:59:56.849+0000] {spark_submit.py:491} INFO - com.lihaoyi#requests_2.12;0.8.0 from central in [default]
[2025-02-10T09:59:56.851+0000] {spark_submit.py:491} INFO - com.typesafe#config;1.4.2 from central in [default]
[2025-02-10T09:59:56.852+0000] {spark_submit.py:491} INFO - io.circe#circe-core_2.12;0.14.1 from central in [default]
[2025-02-10T09:59:56.852+0000] {spark_submit.py:491} INFO - io.circe#circe-generic_2.12;0.14.1 from central in [default]
[2025-02-10T09:59:56.854+0000] {spark_submit.py:491} INFO - io.circe#circe-jawn_2.12;0.14.1 from central in [default]
[2025-02-10T09:59:56.855+0000] {spark_submit.py:491} INFO - io.circe#circe-numbers_2.12;0.14.1 from central in [default]
[2025-02-10T09:59:56.856+0000] {spark_submit.py:491} INFO - io.circe#circe-parser_2.12;0.14.1 from central in [default]
[2025-02-10T09:59:56.858+0000] {spark_submit.py:491} INFO - org.apache.hadoop#hadoop-aws;3.3.1 from central in [default]
[2025-02-10T09:59:56.859+0000] {spark_submit.py:491} INFO - org.apache.iceberg#iceberg-spark-runtime-3.4_2.12;1.3.1 from central in [default]
[2025-02-10T09:59:56.862+0000] {spark_submit.py:491} INFO - org.typelevel#cats-core_2.12;2.6.1 from central in [default]
[2025-02-10T09:59:56.863+0000] {spark_submit.py:491} INFO - org.typelevel#cats-kernel_2.12;2.6.1 from central in [default]
[2025-02-10T09:59:56.864+0000] {spark_submit.py:491} INFO - org.typelevel#jawn-parser_2.12;1.1.2 from central in [default]
[2025-02-10T09:59:56.865+0000] {spark_submit.py:491} INFO - org.typelevel#simulacrum-scalafix-annotations_2.12;0.5.4 from central in [default]
[2025-02-10T09:59:56.867+0000] {spark_submit.py:491} INFO - org.wildfly.openssl#wildfly-openssl;1.0.7.Final from central in [default]
[2025-02-10T09:59:56.868+0000] {spark_submit.py:491} INFO - :: evicted modules:
[2025-02-10T09:59:56.870+0000] {spark_submit.py:491} INFO - com.amazonaws#aws-java-sdk-bundle;1.11.901 by [com.amazonaws#aws-java-sdk-bundle;1.12.539] in [default]
[2025-02-10T09:59:56.872+0000] {spark_submit.py:491} INFO - ---------------------------------------------------------------------
[2025-02-10T09:59:56.876+0000] {spark_submit.py:491} INFO - |                  |            modules            ||   artifacts   |
[2025-02-10T09:59:56.877+0000] {spark_submit.py:491} INFO - |       conf       | number| search|dwnlded|evicted|| number|dwnlded|
[2025-02-10T09:59:56.878+0000] {spark_submit.py:491} INFO - ---------------------------------------------------------------------
[2025-02-10T09:59:56.879+0000] {spark_submit.py:491} INFO - |      default     |   18  |   0   |   0   |   1   ||   17  |   0   |
[2025-02-10T09:59:56.879+0000] {spark_submit.py:491} INFO - ---------------------------------------------------------------------
[2025-02-10T09:59:56.880+0000] {spark_submit.py:491} INFO - :: retrieving :: org.apache.spark#spark-submit-parent-31ed194a-473a-44c8-b599-2cde8f71b9ed
[2025-02-10T09:59:56.881+0000] {spark_submit.py:491} INFO - confs: [default]
[2025-02-10T09:59:56.905+0000] {spark_submit.py:491} INFO - 0 artifacts copied, 17 already retrieved (0kB/32ms)
[2025-02-10T09:59:57.403+0000] {spark_submit.py:491} INFO - 25/02/10 09:59:57 WARN NativeCodeLoader: Unable to load native-hadoop library for your platform... using builtin-java classes where applicable
[2025-02-10T09:59:58.157+0000] {spark_submit.py:491} INFO - Main class:
[2025-02-10T09:59:58.158+0000] {spark_submit.py:491} INFO - com.Main
[2025-02-10T09:59:58.159+0000] {spark_submit.py:491} INFO - Arguments:
[2025-02-10T09:59:58.160+0000] {spark_submit.py:491} INFO - bronze
[2025-02-10T09:59:58.180+0000] {spark_submit.py:491} INFO - Spark config:
[2025-02-10T09:59:58.181+0000] {spark_submit.py:491} INFO - (spark.app.name,arrow-spark)
[2025-02-10T09:59:58.186+0000] {spark_submit.py:491} INFO - (spark.app.submitTime,1739181597958)
[2025-02-10T09:59:58.186+0000] {spark_submit.py:491} INFO - (spark.driver.extraClassPath,/opt/***/jars/*)
[2025-02-10T09:59:58.189+0000] {spark_submit.py:491} INFO - (spark.driver.userClassPathFirst,true)
[2025-02-10T09:59:58.192+0000] {spark_submit.py:491} INFO - (spark.executor.extraClassPath,/opt/***/jars/*)
[2025-02-10T09:59:58.197+0000] {spark_submit.py:491} INFO - (spark.executor.userClassPathFirst,true)
[2025-02-10T09:59:58.200+0000] {spark_submit.py:491} INFO - (spark.hadoop.fs.s3a.access.key,*********(redacted))
[2025-02-10T09:59:58.202+0000] {spark_submit.py:491} INFO - (spark.hadoop.fs.s3a.aws.credentials.provider,org.apache.hadoop.fs.s3a.SimpleAWSCredentialsProvider)
[2025-02-10T09:59:58.205+0000] {spark_submit.py:491} INFO - (spark.hadoop.fs.s3a.endpoint,http://minio:9000)
[2025-02-10T09:59:58.207+0000] {spark_submit.py:491} INFO - (spark.hadoop.fs.s3a.impl,org.apache.hadoop.fs.s3a.S3AFileSystem)
[2025-02-10T09:59:58.208+0000] {spark_submit.py:491} INFO - (spark.hadoop.fs.s3a.path.style.access,true)
[2025-02-10T09:59:58.209+0000] {spark_submit.py:491} INFO - (spark.hadoop.fs.s3a.secret.key,*********(redacted))
[2025-02-10T09:59:58.210+0000] {spark_submit.py:491} INFO - (spark.jars,file:///home/***/.ivy2/jars/com.typesafe_config-1.4.2.jar,file:///home/***/.ivy2/jars/com.lihaoyi_requests_2.12-0.8.0.jar,file:///home/***/.ivy2/jars/io.circe_circe-core_2.12-0.14.1.jar,file:///home/***/.ivy2/jars/io.circe_circe-parser_2.12-0.14.1.jar,file:///home/***/.ivy2/jars/io.circe_circe-generic_2.12-0.14.1.jar,file:///home/***/.ivy2/jars/org.apache.hadoop_hadoop-aws-3.3.1.jar,file:///home/***/.ivy2/jars/com.amazonaws_aws-java-sdk-bundle-1.12.539.jar,file:///home/***/.ivy2/jars/org.apache.iceberg_iceberg-spark-runtime-3.4_2.12-1.3.1.jar,file:///home/***/.ivy2/jars/com.lihaoyi_geny_2.12-1.0.0.jar,file:///home/***/.ivy2/jars/io.circe_circe-numbers_2.12-0.14.1.jar,file:///home/***/.ivy2/jars/org.typelevel_cats-core_2.12-2.6.1.jar,file:///home/***/.ivy2/jars/org.typelevel_cats-kernel_2.12-2.6.1.jar,file:///home/***/.ivy2/jars/org.typelevel_simulacrum-scalafix-annotations_2.12-0.5.4.jar,file:///home/***/.ivy2/jars/io.circe_circe-jawn_2.12-0.14.1.jar,file:///home/***/.ivy2/jars/org.typelevel_jawn-parser_2.12-1.1.2.jar,file:///home/***/.ivy2/jars/com.chuusai_shapeless_2.12-2.3.7.jar,file:///home/***/.ivy2/jars/org.wildfly.openssl_wildfly-openssl-1.0.7.Final.jar,file:/opt/***/jars/scala-maven-project-1.0-SNAPSHOT.jar)
[2025-02-10T09:59:58.216+0000] {spark_submit.py:491} INFO - (spark.jars.packages,com.typesafe:config:1.4.2,com.lihaoyi:requests_2.12:0.8.0,io.circe:circe-core_2.12:0.14.1,io.circe:circe-parser_2.12:0.14.1,io.circe:circe-generic_2.12:0.14.1,org.apache.hadoop:hadoop-aws:3.3.1,com.amazonaws:aws-java-sdk-bundle:1.12.539,org.apache.iceberg:iceberg-spark-runtime-3.4_2.12:1.3.1)
[2025-02-10T09:59:58.219+0000] {spark_submit.py:491} INFO - (spark.master,spark://spark:7077)
[2025-02-10T09:59:58.232+0000] {spark_submit.py:491} INFO - (spark.repl.local.jars,file:///home/***/.ivy2/jars/com.typesafe_config-1.4.2.jar,file:///home/***/.ivy2/jars/com.lihaoyi_requests_2.12-0.8.0.jar,file:///home/***/.ivy2/jars/io.circe_circe-core_2.12-0.14.1.jar,file:///home/***/.ivy2/jars/io.circe_circe-parser_2.12-0.14.1.jar,file:///home/***/.ivy2/jars/io.circe_circe-generic_2.12-0.14.1.jar,file:///home/***/.ivy2/jars/org.apache.hadoop_hadoop-aws-3.3.1.jar,file:///home/***/.ivy2/jars/com.amazonaws_aws-java-sdk-bundle-1.12.539.jar,file:///home/***/.ivy2/jars/org.apache.iceberg_iceberg-spark-runtime-3.4_2.12-1.3.1.jar,file:///home/***/.ivy2/jars/com.lihaoyi_geny_2.12-1.0.0.jar,file:///home/***/.ivy2/jars/io.circe_circe-numbers_2.12-0.14.1.jar,file:///home/***/.ivy2/jars/org.typelevel_cats-core_2.12-2.6.1.jar,file:///home/***/.ivy2/jars/org.typelevel_cats-kernel_2.12-2.6.1.jar,file:///home/***/.ivy2/jars/org.typelevel_simulacrum-scalafix-annotations_2.12-0.5.4.jar,file:///home/***/.ivy2/jars/io.circe_circe-jawn_2.12-0.14.1.jar,file:///home/***/.ivy2/jars/org.typelevel_jawn-parser_2.12-1.1.2.jar,file:///home/***/.ivy2/jars/com.chuusai_shapeless_2.12-2.3.7.jar,file:///home/***/.ivy2/jars/org.wildfly.openssl_wildfly-openssl-1.0.7.Final.jar)
[2025-02-10T09:59:58.237+0000] {spark_submit.py:491} INFO - (spark.sql.catalog.gold_catalog,org.apache.iceberg.spark.SparkCatalog)
[2025-02-10T09:59:58.241+0000] {spark_submit.py:491} INFO - (spark.sql.catalog.gold_catalog.type,hadoop)
[2025-02-10T09:59:58.244+0000] {spark_submit.py:491} INFO - (spark.sql.catalog.gold_catalog.warehouse,s3a://gold/)
[2025-02-10T09:59:58.245+0000] {spark_submit.py:491} INFO - (spark.sql.catalog.silver_catalog,org.apache.iceberg.spark.SparkCatalog)
[2025-02-10T09:59:58.249+0000] {spark_submit.py:491} INFO - (spark.sql.catalog.silver_catalog.type,hadoop)
[2025-02-10T09:59:58.250+0000] {spark_submit.py:491} INFO - (spark.sql.catalog.silver_catalog.warehouse,s3a://silver/)
[2025-02-10T09:59:58.250+0000] {spark_submit.py:491} INFO - (spark.sql.extensions,org.apache.iceberg.spark.extensions.IcebergSparkSessionExtensions)
[2025-02-10T09:59:58.251+0000] {spark_submit.py:491} INFO - (spark.submit.deployMode,client)
[2025-02-10T09:59:58.251+0000] {spark_submit.py:491} INFO - (spark.submit.pyFiles,)
[2025-02-10T09:59:58.252+0000] {spark_submit.py:491} INFO - Classpath elements:
[2025-02-10T09:59:58.254+0000] {spark_submit.py:491} INFO - file:/opt/***/jars/scala-maven-project-1.0-SNAPSHOT.jar
[2025-02-10T09:59:58.255+0000] {spark_submit.py:491} INFO - file:///home/***/.ivy2/jars/com.typesafe_config-1.4.2.jar
[2025-02-10T09:59:58.257+0000] {spark_submit.py:491} INFO - file:///home/***/.ivy2/jars/com.lihaoyi_requests_2.12-0.8.0.jar
[2025-02-10T09:59:58.257+0000] {spark_submit.py:491} INFO - file:///home/***/.ivy2/jars/io.circe_circe-core_2.12-0.14.1.jar
[2025-02-10T09:59:58.261+0000] {spark_submit.py:491} INFO - file:///home/***/.ivy2/jars/io.circe_circe-parser_2.12-0.14.1.jar
[2025-02-10T09:59:58.265+0000] {spark_submit.py:491} INFO - file:///home/***/.ivy2/jars/io.circe_circe-generic_2.12-0.14.1.jar
[2025-02-10T09:59:58.269+0000] {spark_submit.py:491} INFO - file:///home/***/.ivy2/jars/org.apache.hadoop_hadoop-aws-3.3.1.jar
[2025-02-10T09:59:58.269+0000] {spark_submit.py:491} INFO - file:///home/***/.ivy2/jars/com.amazonaws_aws-java-sdk-bundle-1.12.539.jar
[2025-02-10T09:59:58.272+0000] {spark_submit.py:491} INFO - file:///home/***/.ivy2/jars/org.apache.iceberg_iceberg-spark-runtime-3.4_2.12-1.3.1.jar
[2025-02-10T09:59:58.275+0000] {spark_submit.py:491} INFO - file:///home/***/.ivy2/jars/com.lihaoyi_geny_2.12-1.0.0.jar
[2025-02-10T09:59:58.277+0000] {spark_submit.py:491} INFO - file:///home/***/.ivy2/jars/io.circe_circe-numbers_2.12-0.14.1.jar
[2025-02-10T09:59:58.278+0000] {spark_submit.py:491} INFO - file:///home/***/.ivy2/jars/org.typelevel_cats-core_2.12-2.6.1.jar
[2025-02-10T09:59:58.280+0000] {spark_submit.py:491} INFO - file:///home/***/.ivy2/jars/org.typelevel_cats-kernel_2.12-2.6.1.jar
[2025-02-10T09:59:58.282+0000] {spark_submit.py:491} INFO - file:///home/***/.ivy2/jars/org.typelevel_simulacrum-scalafix-annotations_2.12-0.5.4.jar
[2025-02-10T09:59:58.283+0000] {spark_submit.py:491} INFO - file:///home/***/.ivy2/jars/io.circe_circe-jawn_2.12-0.14.1.jar
[2025-02-10T09:59:58.285+0000] {spark_submit.py:491} INFO - file:///home/***/.ivy2/jars/org.typelevel_jawn-parser_2.12-1.1.2.jar
[2025-02-10T09:59:58.294+0000] {spark_submit.py:491} INFO - file:///home/***/.ivy2/jars/com.chuusai_shapeless_2.12-2.3.7.jar
[2025-02-10T09:59:58.297+0000] {spark_submit.py:491} INFO - file:///home/***/.ivy2/jars/org.wildfly.openssl_wildfly-openssl-1.0.7.Final.jar
[2025-02-10T09:59:58.300+0000] {spark_submit.py:491} INFO - 
[2025-02-10T09:59:58.301+0000] {spark_submit.py:491} INFO - 
[2025-02-10T09:59:59.761+0000] {spark_submit.py:491} INFO - Error: Failed to load class com.Main.
[2025-02-10T09:59:59.913+0000] {spark_submit.py:491} INFO - 25/02/10 09:59:59 INFO ShutdownHookManager: Shutdown hook called
[2025-02-10T09:59:59.918+0000] {spark_submit.py:491} INFO - 25/02/10 09:59:59 INFO ShutdownHookManager: Deleting directory /tmp/spark-364c9d7e-cd18-4ba5-9ca1-2db8f2ee796e
[2025-02-10T10:00:00.358+0000] {taskinstance.py:1824} ERROR - Task failed with exception
Traceback (most recent call last):
  File "/home/airflow/.local/lib/python3.9/site-packages/airflow/providers/apache/spark/operators/spark_submit.py", line 156, in execute
    self._hook.submit(self._application)
  File "/home/airflow/.local/lib/python3.9/site-packages/airflow/providers/apache/spark/hooks/spark_submit.py", line 422, in submit
    raise AirflowException(
airflow.exceptions.AirflowException: Cannot execute: spark-submit --master spark://spark:7077 --conf spark.jars.packages=com.typesafe:config:1.4.2,com.lihaoyi:requests_2.12:0.8.0,io.circe:circe-core_2.12:0.14.1,io.circe:circe-parser_2.12:0.14.1,io.circe:circe-generic_2.12:0.14.1,org.apache.hadoop:hadoop-aws:3.3.1,com.amazonaws:aws-java-sdk-bundle:1.12.539,org.apache.iceberg:iceberg-spark-runtime-3.4_2.12:1.3.1 --conf spark.driver.extraClassPath=/opt/***/jars/* --conf spark.executor.extraClassPath=/opt/***/jars/* --conf spark.hadoop.fs.s3a.endpoint=http://minio:9000 --conf spark.hadoop.fs.s3a.access.key=minio --conf spark.hadoop.fs.s3a.secret.key=****** --conf spark.hadoop.fs.s3a.path.style.access=true --conf spark.hadoop.fs.s3a.impl=org.apache.hadoop.fs.s3a.S3AFileSystem --conf spark.hadoop.fs.s3a.aws.credentials.provider=org.apache.hadoop.fs.s3a.SimpleAWSCredentialsProvider --conf spark.driver.userClassPathFirst=true --conf spark.executor.userClassPathFirst=true --conf spark.sql.extensions=org.apache.iceberg.spark.extensions.IcebergSparkSessionExtensions --conf spark.sql.catalog.silver_catalog=org.apache.iceberg.spark.SparkCatalog --conf spark.sql.catalog.silver_catalog.type=hadoop --conf spark.sql.catalog.silver_catalog.warehouse=s3a://silver/ --conf spark.sql.catalog.gold_catalog=org.apache.iceberg.spark.SparkCatalog --conf spark.sql.catalog.gold_catalog.type=hadoop --conf spark.sql.catalog.gold_catalog.warehouse=s3a://gold/ --packages com.typesafe:config:1.4.2,com.lihaoyi:requests_2.12:0.8.0,io.circe:circe-core_2.12:0.14.1,io.circe:circe-parser_2.12:0.14.1,io.circe:circe-generic_2.12:0.14.1,org.apache.hadoop:hadoop-aws:3.3.1,com.amazonaws:aws-java-sdk-bundle:1.12.539,org.apache.iceberg:iceberg-spark-runtime-3.4_2.12:1.3.1 --name arrow-spark --class com.Main --verbose /opt/***/jars/scala-maven-project-1.0-SNAPSHOT.jar bronze. Error code is: 101.
[2025-02-10T10:00:00.381+0000] {taskinstance.py:1345} INFO - Marking task as UP_FOR_RETRY. dag_id=DAG_ETL_daily_jobs_v2, task_id=bronze_job, execution_date=20250209T090000, start_date=20250210T095948, end_date=20250210T100000
[2025-02-10T10:00:00.415+0000] {standard_task_runner.py:104} ERROR - Failed to execute job 15 for task bronze_job (Cannot execute: spark-submit --master spark://spark:7077 --conf spark.jars.packages=com.typesafe:config:1.4.2,com.lihaoyi:requests_2.12:0.8.0,io.circe:circe-core_2.12:0.14.1,io.circe:circe-parser_2.12:0.14.1,io.circe:circe-generic_2.12:0.14.1,org.apache.hadoop:hadoop-aws:3.3.1,com.amazonaws:aws-java-sdk-bundle:1.12.539,org.apache.iceberg:iceberg-spark-runtime-3.4_2.12:1.3.1 --conf spark.driver.extraClassPath=/opt/***/jars/* --conf spark.executor.extraClassPath=/opt/***/jars/* --conf spark.hadoop.fs.s3a.endpoint=http://minio:9000 --conf spark.hadoop.fs.s3a.access.key=minio --conf spark.hadoop.fs.s3a.secret.key=****** --conf spark.hadoop.fs.s3a.path.style.access=true --conf spark.hadoop.fs.s3a.impl=org.apache.hadoop.fs.s3a.S3AFileSystem --conf spark.hadoop.fs.s3a.aws.credentials.provider=org.apache.hadoop.fs.s3a.SimpleAWSCredentialsProvider --conf spark.driver.userClassPathFirst=true --conf spark.executor.userClassPathFirst=true --conf spark.sql.extensions=org.apache.iceberg.spark.extensions.IcebergSparkSessionExtensions --conf spark.sql.catalog.silver_catalog=org.apache.iceberg.spark.SparkCatalog --conf spark.sql.catalog.silver_catalog.type=hadoop --conf spark.sql.catalog.silver_catalog.warehouse=s3a://silver/ --conf spark.sql.catalog.gold_catalog=org.apache.iceberg.spark.SparkCatalog --conf spark.sql.catalog.gold_catalog.type=hadoop --conf spark.sql.catalog.gold_catalog.warehouse=s3a://gold/ --packages com.typesafe:config:1.4.2,com.lihaoyi:requests_2.12:0.8.0,io.circe:circe-core_2.12:0.14.1,io.circe:circe-parser_2.12:0.14.1,io.circe:circe-generic_2.12:0.14.1,org.apache.hadoop:hadoop-aws:3.3.1,com.amazonaws:aws-java-sdk-bundle:1.12.539,org.apache.iceberg:iceberg-spark-runtime-3.4_2.12:1.3.1 --name arrow-spark --class com.Main --verbose /opt/***/jars/scala-maven-project-1.0-SNAPSHOT.jar bronze. Error code is: 101.; 623)
[2025-02-10T10:00:00.458+0000] {local_task_job_runner.py:225} INFO - Task exited with return code 1
[2025-02-10T10:00:00.548+0000] {taskinstance.py:2653} INFO - 0 downstream tasks scheduled from follow-on schedule check
