[2025-02-10T10:01:40.899+0000] {taskinstance.py:1103} INFO - Dependencies all met for dep_context=non-requeueable deps ti=<TaskInstance: DAG_ETL_daily_jobs_v2.bronze_job scheduled__2025-02-09T09:00:00+00:00 [queued]>
[2025-02-10T10:01:40.911+0000] {taskinstance.py:1103} INFO - Dependencies all met for dep_context=requeueable deps ti=<TaskInstance: DAG_ETL_daily_jobs_v2.bronze_job scheduled__2025-02-09T09:00:00+00:00 [queued]>
[2025-02-10T10:01:40.912+0000] {taskinstance.py:1308} INFO - Starting attempt 2 of 3
[2025-02-10T10:01:40.932+0000] {taskinstance.py:1327} INFO - Executing <Task(SparkSubmitOperator): bronze_job> on 2025-02-09 09:00:00+00:00
[2025-02-10T10:01:40.939+0000] {standard_task_runner.py:57} INFO - Started process 714 to run task
[2025-02-10T10:01:40.942+0000] {standard_task_runner.py:84} INFO - Running: ['***', 'tasks', 'run', 'DAG_ETL_daily_jobs_v2', 'bronze_job', 'scheduled__2025-02-09T09:00:00+00:00', '--job-id', '16', '--raw', '--subdir', 'DAGS_FOLDER/dag_ETL_final_prueba.py', '--cfg-path', '/tmp/tmplyt2wtnu']
[2025-02-10T10:01:40.943+0000] {standard_task_runner.py:85} INFO - Job 16: Subtask bronze_job
[2025-02-10T10:01:41.012+0000] {task_command.py:410} INFO - Running <TaskInstance: DAG_ETL_daily_jobs_v2.bronze_job scheduled__2025-02-09T09:00:00+00:00 [running]> on host 4ace1a0fe0eb
[2025-02-10T10:01:41.165+0000] {taskinstance.py:1545} INFO - Exporting env vars: AIRFLOW_CTX_DAG_OWNER='saadelbekkali' AIRFLOW_CTX_DAG_ID='DAG_ETL_daily_jobs_v2' AIRFLOW_CTX_TASK_ID='bronze_job' AIRFLOW_CTX_EXECUTION_DATE='2025-02-09T09:00:00+00:00' AIRFLOW_CTX_TRY_NUMBER='2' AIRFLOW_CTX_DAG_RUN_ID='scheduled__2025-02-09T09:00:00+00:00'
[2025-02-10T10:01:41.185+0000] {base.py:73} INFO - Using connection ID 'spark_default' for task execution.
[2025-02-10T10:01:41.204+0000] {spark_submit.py:340} INFO - Spark-Submit cmd: spark-submit --master spark://spark:7077 --conf spark.jars.packages=com.typesafe:config:1.4.2,com.lihaoyi:requests_2.12:0.8.0,io.circe:circe-core_2.12:0.14.1,io.circe:circe-parser_2.12:0.14.1,io.circe:circe-generic_2.12:0.14.1,org.apache.hadoop:hadoop-aws:3.3.1,com.amazonaws:aws-java-sdk-bundle:1.12.539,org.apache.iceberg:iceberg-spark-runtime-3.4_2.12:1.3.1 --conf spark.driver.extraClassPath=/opt/***/jars/* --conf spark.executor.extraClassPath=/opt/***/jars/* --conf spark.hadoop.fs.s3a.endpoint=http://minio:9000 --conf spark.hadoop.fs.s3a.access.key=minio --conf spark.hadoop.fs.s3a.secret.key=****** --conf spark.hadoop.fs.s3a.path.style.access=true --conf spark.hadoop.fs.s3a.impl=org.apache.hadoop.fs.s3a.S3AFileSystem --conf spark.hadoop.fs.s3a.aws.credentials.provider=org.apache.hadoop.fs.s3a.SimpleAWSCredentialsProvider --conf spark.driver.userClassPathFirst=true --conf spark.executor.userClassPathFirst=true --conf spark.sql.extensions=org.apache.iceberg.spark.extensions.IcebergSparkSessionExtensions --conf spark.sql.catalog.silver_catalog=org.apache.iceberg.spark.SparkCatalog --conf spark.sql.catalog.silver_catalog.type=hadoop --conf spark.sql.catalog.silver_catalog.warehouse=s3a://silver/ --conf spark.sql.catalog.gold_catalog=org.apache.iceberg.spark.SparkCatalog --conf spark.sql.catalog.gold_catalog.type=hadoop --conf spark.sql.catalog.gold_catalog.warehouse=s3a://gold/ --packages com.typesafe:config:1.4.2,com.lihaoyi:requests_2.12:0.8.0,io.circe:circe-core_2.12:0.14.1,io.circe:circe-parser_2.12:0.14.1,io.circe:circe-generic_2.12:0.14.1,org.apache.hadoop:hadoop-aws:3.3.1,com.amazonaws:aws-java-sdk-bundle:1.12.539,org.apache.iceberg:iceberg-spark-runtime-3.4_2.12:1.3.1 --name arrow-spark --class com.Main --verbose /opt/***/jars/scala-maven-project-2.0-SNAPSHOT.jar bronze
[2025-02-10T10:01:44.337+0000] {spark_submit.py:491} INFO - Using properties file: null
[2025-02-10T10:01:44.506+0000] {spark_submit.py:491} INFO - Parsed arguments:
[2025-02-10T10:01:44.506+0000] {spark_submit.py:491} INFO - master                  spark://spark:7077
[2025-02-10T10:01:44.507+0000] {spark_submit.py:491} INFO - remote                  null
[2025-02-10T10:01:44.508+0000] {spark_submit.py:491} INFO - deployMode              null
[2025-02-10T10:01:44.508+0000] {spark_submit.py:491} INFO - executorMemory          null
[2025-02-10T10:01:44.509+0000] {spark_submit.py:491} INFO - executorCores           null
[2025-02-10T10:01:44.509+0000] {spark_submit.py:491} INFO - totalExecutorCores      null
[2025-02-10T10:01:44.510+0000] {spark_submit.py:491} INFO - propertiesFile          null
[2025-02-10T10:01:44.510+0000] {spark_submit.py:491} INFO - driverMemory            null
[2025-02-10T10:01:44.511+0000] {spark_submit.py:491} INFO - driverCores             null
[2025-02-10T10:01:44.511+0000] {spark_submit.py:491} INFO - driverExtraClassPath    /opt/***/jars/*
[2025-02-10T10:01:44.512+0000] {spark_submit.py:491} INFO - driverExtraLibraryPath  null
[2025-02-10T10:01:44.512+0000] {spark_submit.py:491} INFO - driverExtraJavaOptions  null
[2025-02-10T10:01:44.513+0000] {spark_submit.py:491} INFO - supervise               false
[2025-02-10T10:01:44.513+0000] {spark_submit.py:491} INFO - queue                   null
[2025-02-10T10:01:44.514+0000] {spark_submit.py:491} INFO - numExecutors            null
[2025-02-10T10:01:44.514+0000] {spark_submit.py:491} INFO - files                   null
[2025-02-10T10:01:44.515+0000] {spark_submit.py:491} INFO - pyFiles                 null
[2025-02-10T10:01:44.515+0000] {spark_submit.py:491} INFO - archives                null
[2025-02-10T10:01:44.516+0000] {spark_submit.py:491} INFO - mainClass               com.Main
[2025-02-10T10:01:44.516+0000] {spark_submit.py:491} INFO - primaryResource         file:/opt/***/jars/scala-maven-project-2.0-SNAPSHOT.jar
[2025-02-10T10:01:44.517+0000] {spark_submit.py:491} INFO - name                    arrow-spark
[2025-02-10T10:01:44.517+0000] {spark_submit.py:491} INFO - childArgs               [bronze]
[2025-02-10T10:01:44.518+0000] {spark_submit.py:491} INFO - jars                    null
[2025-02-10T10:01:44.519+0000] {spark_submit.py:491} INFO - packages                com.typesafe:config:1.4.2,com.lihaoyi:requests_2.12:0.8.0,io.circe:circe-core_2.12:0.14.1,io.circe:circe-parser_2.12:0.14.1,io.circe:circe-generic_2.12:0.14.1,org.apache.hadoop:hadoop-aws:3.3.1,com.amazonaws:aws-java-sdk-bundle:1.12.539,org.apache.iceberg:iceberg-spark-runtime-3.4_2.12:1.3.1
[2025-02-10T10:01:44.519+0000] {spark_submit.py:491} INFO - packagesExclusions      null
[2025-02-10T10:01:44.520+0000] {spark_submit.py:491} INFO - repositories            null
[2025-02-10T10:01:44.520+0000] {spark_submit.py:491} INFO - verbose                 true
[2025-02-10T10:01:44.521+0000] {spark_submit.py:491} INFO - 
[2025-02-10T10:01:44.521+0000] {spark_submit.py:491} INFO - Spark properties used, including those specified through
[2025-02-10T10:01:44.522+0000] {spark_submit.py:491} INFO - --conf and those from the properties file null:
[2025-02-10T10:01:44.522+0000] {spark_submit.py:491} INFO - (spark.driver.extraClassPath,/opt/***/jars/*)
[2025-02-10T10:01:44.523+0000] {spark_submit.py:491} INFO - (spark.driver.userClassPathFirst,true)
[2025-02-10T10:01:44.523+0000] {spark_submit.py:491} INFO - (spark.executor.extraClassPath,/opt/***/jars/*)
[2025-02-10T10:01:44.524+0000] {spark_submit.py:491} INFO - (spark.executor.userClassPathFirst,true)
[2025-02-10T10:01:44.525+0000] {spark_submit.py:491} INFO - (spark.hadoop.fs.s3a.access.key,*********(redacted))
[2025-02-10T10:01:44.525+0000] {spark_submit.py:491} INFO - (spark.hadoop.fs.s3a.aws.credentials.provider,org.apache.hadoop.fs.s3a.SimpleAWSCredentialsProvider)
[2025-02-10T10:01:44.525+0000] {spark_submit.py:491} INFO - (spark.hadoop.fs.s3a.endpoint,http://minio:9000)
[2025-02-10T10:01:44.526+0000] {spark_submit.py:491} INFO - (spark.hadoop.fs.s3a.impl,org.apache.hadoop.fs.s3a.S3AFileSystem)
[2025-02-10T10:01:44.527+0000] {spark_submit.py:491} INFO - (spark.hadoop.fs.s3a.path.style.access,true)
[2025-02-10T10:01:44.527+0000] {spark_submit.py:491} INFO - (spark.hadoop.fs.s3a.secret.key,*********(redacted))
[2025-02-10T10:01:44.528+0000] {spark_submit.py:491} INFO - (spark.jars.packages,com.typesafe:config:1.4.2,com.lihaoyi:requests_2.12:0.8.0,io.circe:circe-core_2.12:0.14.1,io.circe:circe-parser_2.12:0.14.1,io.circe:circe-generic_2.12:0.14.1,org.apache.hadoop:hadoop-aws:3.3.1,com.amazonaws:aws-java-sdk-bundle:1.12.539,org.apache.iceberg:iceberg-spark-runtime-3.4_2.12:1.3.1)
[2025-02-10T10:01:44.529+0000] {spark_submit.py:491} INFO - (spark.sql.catalog.gold_catalog,org.apache.iceberg.spark.SparkCatalog)
[2025-02-10T10:01:44.529+0000] {spark_submit.py:491} INFO - (spark.sql.catalog.gold_catalog.type,hadoop)
[2025-02-10T10:01:44.530+0000] {spark_submit.py:491} INFO - (spark.sql.catalog.gold_catalog.warehouse,s3a://gold/)
[2025-02-10T10:01:44.530+0000] {spark_submit.py:491} INFO - (spark.sql.catalog.silver_catalog,org.apache.iceberg.spark.SparkCatalog)
[2025-02-10T10:01:44.531+0000] {spark_submit.py:491} INFO - (spark.sql.catalog.silver_catalog.type,hadoop)
[2025-02-10T10:01:44.531+0000] {spark_submit.py:491} INFO - (spark.sql.catalog.silver_catalog.warehouse,s3a://silver/)
[2025-02-10T10:01:44.532+0000] {spark_submit.py:491} INFO - (spark.sql.extensions,org.apache.iceberg.spark.extensions.IcebergSparkSessionExtensions)
[2025-02-10T10:01:44.533+0000] {spark_submit.py:491} INFO - 
[2025-02-10T10:01:44.533+0000] {spark_submit.py:491} INFO - 
[2025-02-10T10:01:44.785+0000] {spark_submit.py:491} INFO - :: loading settings :: url = jar:file:/opt/spark-3.4.0-bin-hadoop3/jars/ivy-2.5.1.jar!/org/apache/ivy/core/settings/ivysettings.xml
[2025-02-10T10:01:45.084+0000] {spark_submit.py:491} INFO - Ivy Default Cache set to: /home/***/.ivy2/cache
[2025-02-10T10:01:45.085+0000] {spark_submit.py:491} INFO - The jars for the packages stored in: /home/***/.ivy2/jars
[2025-02-10T10:01:45.093+0000] {spark_submit.py:491} INFO - com.typesafe#config added as a dependency
[2025-02-10T10:01:45.093+0000] {spark_submit.py:491} INFO - com.lihaoyi#requests_2.12 added as a dependency
[2025-02-10T10:01:45.094+0000] {spark_submit.py:491} INFO - io.circe#circe-core_2.12 added as a dependency
[2025-02-10T10:01:45.094+0000] {spark_submit.py:491} INFO - io.circe#circe-parser_2.12 added as a dependency
[2025-02-10T10:01:45.095+0000] {spark_submit.py:491} INFO - io.circe#circe-generic_2.12 added as a dependency
[2025-02-10T10:01:45.095+0000] {spark_submit.py:491} INFO - org.apache.hadoop#hadoop-aws added as a dependency
[2025-02-10T10:01:45.096+0000] {spark_submit.py:491} INFO - com.amazonaws#aws-java-sdk-bundle added as a dependency
[2025-02-10T10:01:45.096+0000] {spark_submit.py:491} INFO - org.apache.iceberg#iceberg-spark-runtime-3.4_2.12 added as a dependency
[2025-02-10T10:01:45.096+0000] {spark_submit.py:491} INFO - :: resolving dependencies :: org.apache.spark#spark-submit-parent-c0df1ca1-5fc3-4b8e-9153-2dfe4d0f95f8;1.0
[2025-02-10T10:01:45.097+0000] {spark_submit.py:491} INFO - confs: [default]
[2025-02-10T10:01:45.271+0000] {spark_submit.py:491} INFO - found com.typesafe#config;1.4.2 in central
[2025-02-10T10:01:45.299+0000] {spark_submit.py:491} INFO - found com.lihaoyi#requests_2.12;0.8.0 in central
[2025-02-10T10:01:45.335+0000] {spark_submit.py:491} INFO - found com.lihaoyi#geny_2.12;1.0.0 in central
[2025-02-10T10:01:45.384+0000] {spark_submit.py:491} INFO - found io.circe#circe-core_2.12;0.14.1 in central
[2025-02-10T10:01:45.421+0000] {spark_submit.py:491} INFO - found io.circe#circe-numbers_2.12;0.14.1 in central
[2025-02-10T10:01:45.453+0000] {spark_submit.py:491} INFO - found org.typelevel#cats-core_2.12;2.6.1 in central
[2025-02-10T10:01:45.488+0000] {spark_submit.py:491} INFO - found org.typelevel#cats-kernel_2.12;2.6.1 in central
[2025-02-10T10:01:45.509+0000] {spark_submit.py:491} INFO - found org.typelevel#simulacrum-scalafix-annotations_2.12;0.5.4 in central
[2025-02-10T10:01:45.531+0000] {spark_submit.py:491} INFO - found io.circe#circe-parser_2.12;0.14.1 in central
[2025-02-10T10:01:45.546+0000] {spark_submit.py:491} INFO - found io.circe#circe-jawn_2.12;0.14.1 in central
[2025-02-10T10:01:45.565+0000] {spark_submit.py:491} INFO - found org.typelevel#jawn-parser_2.12;1.1.2 in central
[2025-02-10T10:01:45.601+0000] {spark_submit.py:491} INFO - found io.circe#circe-generic_2.12;0.14.1 in central
[2025-02-10T10:01:45.621+0000] {spark_submit.py:491} INFO - found com.chuusai#shapeless_2.12;2.3.7 in central
[2025-02-10T10:01:45.667+0000] {spark_submit.py:491} INFO - found org.apache.hadoop#hadoop-aws;3.3.1 in central
[2025-02-10T10:01:45.689+0000] {spark_submit.py:491} INFO - found org.wildfly.openssl#wildfly-openssl;1.0.7.Final in central
[2025-02-10T10:01:45.700+0000] {spark_submit.py:491} INFO - found com.amazonaws#aws-java-sdk-bundle;1.12.539 in central
[2025-02-10T10:01:45.714+0000] {spark_submit.py:491} INFO - found org.apache.iceberg#iceberg-spark-runtime-3.4_2.12;1.3.1 in central
[2025-02-10T10:01:45.761+0000] {spark_submit.py:491} INFO - :: resolution report :: resolve 640ms :: artifacts dl 28ms
[2025-02-10T10:01:45.762+0000] {spark_submit.py:491} INFO - :: modules in use:
[2025-02-10T10:01:45.762+0000] {spark_submit.py:491} INFO - com.amazonaws#aws-java-sdk-bundle;1.12.539 from central in [default]
[2025-02-10T10:01:45.763+0000] {spark_submit.py:491} INFO - com.chuusai#shapeless_2.12;2.3.7 from central in [default]
[2025-02-10T10:01:45.764+0000] {spark_submit.py:491} INFO - com.lihaoyi#geny_2.12;1.0.0 from central in [default]
[2025-02-10T10:01:45.764+0000] {spark_submit.py:491} INFO - com.lihaoyi#requests_2.12;0.8.0 from central in [default]
[2025-02-10T10:01:45.765+0000] {spark_submit.py:491} INFO - com.typesafe#config;1.4.2 from central in [default]
[2025-02-10T10:01:45.765+0000] {spark_submit.py:491} INFO - io.circe#circe-core_2.12;0.14.1 from central in [default]
[2025-02-10T10:01:45.766+0000] {spark_submit.py:491} INFO - io.circe#circe-generic_2.12;0.14.1 from central in [default]
[2025-02-10T10:01:45.766+0000] {spark_submit.py:491} INFO - io.circe#circe-jawn_2.12;0.14.1 from central in [default]
[2025-02-10T10:01:45.767+0000] {spark_submit.py:491} INFO - io.circe#circe-numbers_2.12;0.14.1 from central in [default]
[2025-02-10T10:01:45.767+0000] {spark_submit.py:491} INFO - io.circe#circe-parser_2.12;0.14.1 from central in [default]
[2025-02-10T10:01:45.768+0000] {spark_submit.py:491} INFO - org.apache.hadoop#hadoop-aws;3.3.1 from central in [default]
[2025-02-10T10:01:45.768+0000] {spark_submit.py:491} INFO - org.apache.iceberg#iceberg-spark-runtime-3.4_2.12;1.3.1 from central in [default]
[2025-02-10T10:01:45.769+0000] {spark_submit.py:491} INFO - org.typelevel#cats-core_2.12;2.6.1 from central in [default]
[2025-02-10T10:01:45.769+0000] {spark_submit.py:491} INFO - org.typelevel#cats-kernel_2.12;2.6.1 from central in [default]
[2025-02-10T10:01:45.770+0000] {spark_submit.py:491} INFO - org.typelevel#jawn-parser_2.12;1.1.2 from central in [default]
[2025-02-10T10:01:45.771+0000] {spark_submit.py:491} INFO - org.typelevel#simulacrum-scalafix-annotations_2.12;0.5.4 from central in [default]
[2025-02-10T10:01:45.772+0000] {spark_submit.py:491} INFO - org.wildfly.openssl#wildfly-openssl;1.0.7.Final from central in [default]
[2025-02-10T10:01:45.772+0000] {spark_submit.py:491} INFO - :: evicted modules:
[2025-02-10T10:01:45.773+0000] {spark_submit.py:491} INFO - com.amazonaws#aws-java-sdk-bundle;1.11.901 by [com.amazonaws#aws-java-sdk-bundle;1.12.539] in [default]
[2025-02-10T10:01:45.773+0000] {spark_submit.py:491} INFO - ---------------------------------------------------------------------
[2025-02-10T10:01:45.774+0000] {spark_submit.py:491} INFO - |                  |            modules            ||   artifacts   |
[2025-02-10T10:01:45.775+0000] {spark_submit.py:491} INFO - |       conf       | number| search|dwnlded|evicted|| number|dwnlded|
[2025-02-10T10:01:45.777+0000] {spark_submit.py:491} INFO - ---------------------------------------------------------------------
[2025-02-10T10:01:45.778+0000] {spark_submit.py:491} INFO - |      default     |   18  |   0   |   0   |   1   ||   17  |   0   |
[2025-02-10T10:01:45.778+0000] {spark_submit.py:491} INFO - ---------------------------------------------------------------------
[2025-02-10T10:01:45.780+0000] {spark_submit.py:491} INFO - :: retrieving :: org.apache.spark#spark-submit-parent-c0df1ca1-5fc3-4b8e-9153-2dfe4d0f95f8
[2025-02-10T10:01:45.781+0000] {spark_submit.py:491} INFO - confs: [default]
[2025-02-10T10:01:45.789+0000] {spark_submit.py:491} INFO - 0 artifacts copied, 17 already retrieved (0kB/13ms)
[2025-02-10T10:01:46.196+0000] {spark_submit.py:491} INFO - 25/02/10 10:01:46 WARN NativeCodeLoader: Unable to load native-hadoop library for your platform... using builtin-java classes where applicable
[2025-02-10T10:01:46.554+0000] {spark_submit.py:491} INFO - Main class:
[2025-02-10T10:01:46.555+0000] {spark_submit.py:491} INFO - com.Main
[2025-02-10T10:01:46.556+0000] {spark_submit.py:491} INFO - Arguments:
[2025-02-10T10:01:46.556+0000] {spark_submit.py:491} INFO - bronze
[2025-02-10T10:01:46.559+0000] {spark_submit.py:491} INFO - Spark config:
[2025-02-10T10:01:46.559+0000] {spark_submit.py:491} INFO - (spark.app.name,arrow-spark)
[2025-02-10T10:01:46.560+0000] {spark_submit.py:491} INFO - (spark.app.submitTime,1739181706537)
[2025-02-10T10:01:46.561+0000] {spark_submit.py:491} INFO - (spark.driver.extraClassPath,/opt/***/jars/*)
[2025-02-10T10:01:46.561+0000] {spark_submit.py:491} INFO - (spark.driver.userClassPathFirst,true)
[2025-02-10T10:01:46.562+0000] {spark_submit.py:491} INFO - (spark.executor.extraClassPath,/opt/***/jars/*)
[2025-02-10T10:01:46.562+0000] {spark_submit.py:491} INFO - (spark.executor.userClassPathFirst,true)
[2025-02-10T10:01:46.563+0000] {spark_submit.py:491} INFO - (spark.hadoop.fs.s3a.access.key,*********(redacted))
[2025-02-10T10:01:46.564+0000] {spark_submit.py:491} INFO - (spark.hadoop.fs.s3a.aws.credentials.provider,org.apache.hadoop.fs.s3a.SimpleAWSCredentialsProvider)
[2025-02-10T10:01:46.564+0000] {spark_submit.py:491} INFO - (spark.hadoop.fs.s3a.endpoint,http://minio:9000)
[2025-02-10T10:01:46.565+0000] {spark_submit.py:491} INFO - (spark.hadoop.fs.s3a.impl,org.apache.hadoop.fs.s3a.S3AFileSystem)
[2025-02-10T10:01:46.565+0000] {spark_submit.py:491} INFO - (spark.hadoop.fs.s3a.path.style.access,true)
[2025-02-10T10:01:46.566+0000] {spark_submit.py:491} INFO - (spark.hadoop.fs.s3a.secret.key,*********(redacted))
[2025-02-10T10:01:46.566+0000] {spark_submit.py:491} INFO - (spark.jars,file:///home/***/.ivy2/jars/com.typesafe_config-1.4.2.jar,file:///home/***/.ivy2/jars/com.lihaoyi_requests_2.12-0.8.0.jar,file:///home/***/.ivy2/jars/io.circe_circe-core_2.12-0.14.1.jar,file:///home/***/.ivy2/jars/io.circe_circe-parser_2.12-0.14.1.jar,file:///home/***/.ivy2/jars/io.circe_circe-generic_2.12-0.14.1.jar,file:///home/***/.ivy2/jars/org.apache.hadoop_hadoop-aws-3.3.1.jar,file:///home/***/.ivy2/jars/com.amazonaws_aws-java-sdk-bundle-1.12.539.jar,file:///home/***/.ivy2/jars/org.apache.iceberg_iceberg-spark-runtime-3.4_2.12-1.3.1.jar,file:///home/***/.ivy2/jars/com.lihaoyi_geny_2.12-1.0.0.jar,file:///home/***/.ivy2/jars/io.circe_circe-numbers_2.12-0.14.1.jar,file:///home/***/.ivy2/jars/org.typelevel_cats-core_2.12-2.6.1.jar,file:///home/***/.ivy2/jars/org.typelevel_cats-kernel_2.12-2.6.1.jar,file:///home/***/.ivy2/jars/org.typelevel_simulacrum-scalafix-annotations_2.12-0.5.4.jar,file:///home/***/.ivy2/jars/io.circe_circe-jawn_2.12-0.14.1.jar,file:///home/***/.ivy2/jars/org.typelevel_jawn-parser_2.12-1.1.2.jar,file:///home/***/.ivy2/jars/com.chuusai_shapeless_2.12-2.3.7.jar,file:///home/***/.ivy2/jars/org.wildfly.openssl_wildfly-openssl-1.0.7.Final.jar,file:/opt/***/jars/scala-maven-project-2.0-SNAPSHOT.jar)
[2025-02-10T10:01:46.568+0000] {spark_submit.py:491} INFO - (spark.jars.packages,com.typesafe:config:1.4.2,com.lihaoyi:requests_2.12:0.8.0,io.circe:circe-core_2.12:0.14.1,io.circe:circe-parser_2.12:0.14.1,io.circe:circe-generic_2.12:0.14.1,org.apache.hadoop:hadoop-aws:3.3.1,com.amazonaws:aws-java-sdk-bundle:1.12.539,org.apache.iceberg:iceberg-spark-runtime-3.4_2.12:1.3.1)
[2025-02-10T10:01:46.568+0000] {spark_submit.py:491} INFO - (spark.master,spark://spark:7077)
[2025-02-10T10:01:46.569+0000] {spark_submit.py:491} INFO - (spark.repl.local.jars,file:///home/***/.ivy2/jars/com.typesafe_config-1.4.2.jar,file:///home/***/.ivy2/jars/com.lihaoyi_requests_2.12-0.8.0.jar,file:///home/***/.ivy2/jars/io.circe_circe-core_2.12-0.14.1.jar,file:///home/***/.ivy2/jars/io.circe_circe-parser_2.12-0.14.1.jar,file:///home/***/.ivy2/jars/io.circe_circe-generic_2.12-0.14.1.jar,file:///home/***/.ivy2/jars/org.apache.hadoop_hadoop-aws-3.3.1.jar,file:///home/***/.ivy2/jars/com.amazonaws_aws-java-sdk-bundle-1.12.539.jar,file:///home/***/.ivy2/jars/org.apache.iceberg_iceberg-spark-runtime-3.4_2.12-1.3.1.jar,file:///home/***/.ivy2/jars/com.lihaoyi_geny_2.12-1.0.0.jar,file:///home/***/.ivy2/jars/io.circe_circe-numbers_2.12-0.14.1.jar,file:///home/***/.ivy2/jars/org.typelevel_cats-core_2.12-2.6.1.jar,file:///home/***/.ivy2/jars/org.typelevel_cats-kernel_2.12-2.6.1.jar,file:///home/***/.ivy2/jars/org.typelevel_simulacrum-scalafix-annotations_2.12-0.5.4.jar,file:///home/***/.ivy2/jars/io.circe_circe-jawn_2.12-0.14.1.jar,file:///home/***/.ivy2/jars/org.typelevel_jawn-parser_2.12-1.1.2.jar,file:///home/***/.ivy2/jars/com.chuusai_shapeless_2.12-2.3.7.jar,file:///home/***/.ivy2/jars/org.wildfly.openssl_wildfly-openssl-1.0.7.Final.jar)
[2025-02-10T10:01:46.570+0000] {spark_submit.py:491} INFO - (spark.sql.catalog.gold_catalog,org.apache.iceberg.spark.SparkCatalog)
[2025-02-10T10:01:46.571+0000] {spark_submit.py:491} INFO - (spark.sql.catalog.gold_catalog.type,hadoop)
[2025-02-10T10:01:46.571+0000] {spark_submit.py:491} INFO - (spark.sql.catalog.gold_catalog.warehouse,s3a://gold/)
[2025-02-10T10:01:46.574+0000] {spark_submit.py:491} INFO - (spark.sql.catalog.silver_catalog,org.apache.iceberg.spark.SparkCatalog)
[2025-02-10T10:01:46.574+0000] {spark_submit.py:491} INFO - (spark.sql.catalog.silver_catalog.type,hadoop)
[2025-02-10T10:01:46.575+0000] {spark_submit.py:491} INFO - (spark.sql.catalog.silver_catalog.warehouse,s3a://silver/)
[2025-02-10T10:01:46.575+0000] {spark_submit.py:491} INFO - (spark.sql.extensions,org.apache.iceberg.spark.extensions.IcebergSparkSessionExtensions)
[2025-02-10T10:01:46.576+0000] {spark_submit.py:491} INFO - (spark.submit.deployMode,client)
[2025-02-10T10:01:46.576+0000] {spark_submit.py:491} INFO - (spark.submit.pyFiles,)
[2025-02-10T10:01:46.577+0000] {spark_submit.py:491} INFO - Classpath elements:
[2025-02-10T10:01:46.577+0000] {spark_submit.py:491} INFO - file:/opt/***/jars/scala-maven-project-2.0-SNAPSHOT.jar
[2025-02-10T10:01:46.577+0000] {spark_submit.py:491} INFO - file:///home/***/.ivy2/jars/com.typesafe_config-1.4.2.jar
[2025-02-10T10:01:46.578+0000] {spark_submit.py:491} INFO - file:///home/***/.ivy2/jars/com.lihaoyi_requests_2.12-0.8.0.jar
[2025-02-10T10:01:46.579+0000] {spark_submit.py:491} INFO - file:///home/***/.ivy2/jars/io.circe_circe-core_2.12-0.14.1.jar
[2025-02-10T10:01:46.580+0000] {spark_submit.py:491} INFO - file:///home/***/.ivy2/jars/io.circe_circe-parser_2.12-0.14.1.jar
[2025-02-10T10:01:46.580+0000] {spark_submit.py:491} INFO - file:///home/***/.ivy2/jars/io.circe_circe-generic_2.12-0.14.1.jar
[2025-02-10T10:01:46.581+0000] {spark_submit.py:491} INFO - file:///home/***/.ivy2/jars/org.apache.hadoop_hadoop-aws-3.3.1.jar
[2025-02-10T10:01:46.581+0000] {spark_submit.py:491} INFO - file:///home/***/.ivy2/jars/com.amazonaws_aws-java-sdk-bundle-1.12.539.jar
[2025-02-10T10:01:46.582+0000] {spark_submit.py:491} INFO - file:///home/***/.ivy2/jars/org.apache.iceberg_iceberg-spark-runtime-3.4_2.12-1.3.1.jar
[2025-02-10T10:01:46.582+0000] {spark_submit.py:491} INFO - file:///home/***/.ivy2/jars/com.lihaoyi_geny_2.12-1.0.0.jar
[2025-02-10T10:01:46.582+0000] {spark_submit.py:491} INFO - file:///home/***/.ivy2/jars/io.circe_circe-numbers_2.12-0.14.1.jar
[2025-02-10T10:01:46.583+0000] {spark_submit.py:491} INFO - file:///home/***/.ivy2/jars/org.typelevel_cats-core_2.12-2.6.1.jar
[2025-02-10T10:01:46.583+0000] {spark_submit.py:491} INFO - file:///home/***/.ivy2/jars/org.typelevel_cats-kernel_2.12-2.6.1.jar
[2025-02-10T10:01:46.584+0000] {spark_submit.py:491} INFO - file:///home/***/.ivy2/jars/org.typelevel_simulacrum-scalafix-annotations_2.12-0.5.4.jar
[2025-02-10T10:01:46.584+0000] {spark_submit.py:491} INFO - file:///home/***/.ivy2/jars/io.circe_circe-jawn_2.12-0.14.1.jar
[2025-02-10T10:01:46.584+0000] {spark_submit.py:491} INFO - file:///home/***/.ivy2/jars/org.typelevel_jawn-parser_2.12-1.1.2.jar
[2025-02-10T10:01:46.585+0000] {spark_submit.py:491} INFO - file:///home/***/.ivy2/jars/com.chuusai_shapeless_2.12-2.3.7.jar
[2025-02-10T10:01:46.585+0000] {spark_submit.py:491} INFO - file:///home/***/.ivy2/jars/org.wildfly.openssl_wildfly-openssl-1.0.7.Final.jar
[2025-02-10T10:01:46.586+0000] {spark_submit.py:491} INFO - 
[2025-02-10T10:01:46.586+0000] {spark_submit.py:491} INFO - 
[2025-02-10T10:01:46.813+0000] {spark_submit.py:491} INFO - Starting data ingestion process (Bronze)...
[2025-02-10T10:01:46.814+0000] {spark_submit.py:491} INFO - Fetching Products Info...
[2025-02-10T10:01:46.986+0000] {spark_submit.py:491} INFO - Fetching data from: https://fakestoreapi.com/products
[2025-02-10T10:01:48.072+0000] {spark_submit.py:491} INFO - Fetching Users Info...
[2025-02-10T10:01:48.073+0000] {spark_submit.py:491} INFO - Fetching data from: https://fakestoreapi.com/users
[2025-02-10T10:01:48.288+0000] {spark_submit.py:491} INFO - Writing data to MinIO...
[2025-02-10T10:01:48.374+0000] {spark_submit.py:491} INFO - 25/02/10 10:01:48 INFO SparkContext: Running Spark version 3.4.0
[2025-02-10T10:01:48.422+0000] {spark_submit.py:491} INFO - 25/02/10 10:01:48 INFO ResourceUtils: ==============================================================
[2025-02-10T10:01:48.423+0000] {spark_submit.py:491} INFO - 25/02/10 10:01:48 INFO ResourceUtils: No custom resources configured for spark.driver.
[2025-02-10T10:01:48.424+0000] {spark_submit.py:491} INFO - 25/02/10 10:01:48 INFO ResourceUtils: ==============================================================
[2025-02-10T10:01:48.426+0000] {spark_submit.py:491} INFO - 25/02/10 10:01:48 INFO SparkContext: Submitted application: Write Json in Bronze
[2025-02-10T10:01:48.485+0000] {spark_submit.py:491} INFO - 25/02/10 10:01:48 INFO ResourceProfile: Default ResourceProfile created, executor resources: Map(memory -> name: memory, amount: 1024, script: , vendor: , offHeap -> name: offHeap, amount: 0, script: , vendor: ), task resources: Map(cpus -> name: cpus, amount: 1.0)
[2025-02-10T10:01:48.505+0000] {spark_submit.py:491} INFO - 25/02/10 10:01:48 INFO ResourceProfile: Limiting resource is cpu
[2025-02-10T10:01:48.506+0000] {spark_submit.py:491} INFO - 25/02/10 10:01:48 INFO ResourceProfileManager: Added ResourceProfile id: 0
[2025-02-10T10:01:48.658+0000] {spark_submit.py:491} INFO - 25/02/10 10:01:48 INFO SecurityManager: Changing view acls to: ***
[2025-02-10T10:01:48.659+0000] {spark_submit.py:491} INFO - 25/02/10 10:01:48 INFO SecurityManager: Changing modify acls to: ***
[2025-02-10T10:01:48.660+0000] {spark_submit.py:491} INFO - 25/02/10 10:01:48 INFO SecurityManager: Changing view acls groups to:
[2025-02-10T10:01:48.661+0000] {spark_submit.py:491} INFO - 25/02/10 10:01:48 INFO SecurityManager: Changing modify acls groups to:
[2025-02-10T10:01:48.662+0000] {spark_submit.py:491} INFO - 25/02/10 10:01:48 INFO SecurityManager: SecurityManager: authentication disabled; ui acls disabled; users with view permissions: ***; groups with view permissions: EMPTY; users with modify permissions: ***; groups with modify permissions: EMPTY
[2025-02-10T10:01:49.246+0000] {spark_submit.py:491} INFO - 25/02/10 10:01:49 INFO Utils: Successfully started service 'sparkDriver' on port 35563.
[2025-02-10T10:01:49.323+0000] {spark_submit.py:491} INFO - 25/02/10 10:01:49 INFO SparkEnv: Registering MapOutputTracker
[2025-02-10T10:01:49.441+0000] {spark_submit.py:491} INFO - 25/02/10 10:01:49 INFO SparkEnv: Registering BlockManagerMaster
[2025-02-10T10:01:49.613+0000] {spark_submit.py:491} INFO - 25/02/10 10:01:49 INFO BlockManagerMasterEndpoint: Using org.apache.spark.storage.DefaultTopologyMapper for getting topology information
[2025-02-10T10:01:49.615+0000] {spark_submit.py:491} INFO - 25/02/10 10:01:49 INFO BlockManagerMasterEndpoint: BlockManagerMasterEndpoint up
[2025-02-10T10:01:49.641+0000] {spark_submit.py:491} INFO - 25/02/10 10:01:49 INFO SparkEnv: Registering BlockManagerMasterHeartbeat
[2025-02-10T10:01:49.997+0000] {spark_submit.py:491} INFO - 25/02/10 10:01:49 INFO DiskBlockManager: Created local directory at /tmp/blockmgr-59dc55cb-bab3-457f-9720-ab1eee4081ae
[2025-02-10T10:01:50.137+0000] {spark_submit.py:491} INFO - 25/02/10 10:01:50 INFO MemoryStore: MemoryStore started with capacity 434.4 MiB
[2025-02-10T10:01:50.258+0000] {spark_submit.py:491} INFO - 25/02/10 10:01:50 INFO SparkEnv: Registering OutputCommitCoordinator
[2025-02-10T10:01:50.817+0000] {spark_submit.py:491} INFO - 25/02/10 10:01:50 INFO JettyUtils: Start Jetty 0.0.0.0:4040 for SparkUI
[2025-02-10T10:01:51.165+0000] {spark_submit.py:491} INFO - 25/02/10 10:01:51 INFO Utils: Successfully started service 'SparkUI' on port 4040.
[2025-02-10T10:01:51.434+0000] {spark_submit.py:491} INFO - 25/02/10 10:01:51 INFO SparkContext: Added JAR file:///home/***/.ivy2/jars/com.typesafe_config-1.4.2.jar at spark://4ace1a0fe0eb:35563/jars/com.typesafe_config-1.4.2.jar with timestamp 1739181708354
[2025-02-10T10:01:51.435+0000] {spark_submit.py:491} INFO - 25/02/10 10:01:51 INFO SparkContext: Added JAR file:///home/***/.ivy2/jars/com.lihaoyi_requests_2.12-0.8.0.jar at spark://4ace1a0fe0eb:35563/jars/com.lihaoyi_requests_2.12-0.8.0.jar with timestamp 1739181708354
[2025-02-10T10:01:51.435+0000] {spark_submit.py:491} INFO - 25/02/10 10:01:51 INFO SparkContext: Added JAR file:///home/***/.ivy2/jars/io.circe_circe-core_2.12-0.14.1.jar at spark://4ace1a0fe0eb:35563/jars/io.circe_circe-core_2.12-0.14.1.jar with timestamp 1739181708354
[2025-02-10T10:01:51.436+0000] {spark_submit.py:491} INFO - 25/02/10 10:01:51 INFO SparkContext: Added JAR file:///home/***/.ivy2/jars/io.circe_circe-parser_2.12-0.14.1.jar at spark://4ace1a0fe0eb:35563/jars/io.circe_circe-parser_2.12-0.14.1.jar with timestamp 1739181708354
[2025-02-10T10:01:51.437+0000] {spark_submit.py:491} INFO - 25/02/10 10:01:51 INFO SparkContext: Added JAR file:///home/***/.ivy2/jars/io.circe_circe-generic_2.12-0.14.1.jar at spark://4ace1a0fe0eb:35563/jars/io.circe_circe-generic_2.12-0.14.1.jar with timestamp 1739181708354
[2025-02-10T10:01:51.438+0000] {spark_submit.py:491} INFO - 25/02/10 10:01:51 INFO SparkContext: Added JAR file:///home/***/.ivy2/jars/org.apache.hadoop_hadoop-aws-3.3.1.jar at spark://4ace1a0fe0eb:35563/jars/org.apache.hadoop_hadoop-aws-3.3.1.jar with timestamp 1739181708354
[2025-02-10T10:01:51.438+0000] {spark_submit.py:491} INFO - 25/02/10 10:01:51 INFO SparkContext: Added JAR file:///home/***/.ivy2/jars/com.amazonaws_aws-java-sdk-bundle-1.12.539.jar at spark://4ace1a0fe0eb:35563/jars/com.amazonaws_aws-java-sdk-bundle-1.12.539.jar with timestamp 1739181708354
[2025-02-10T10:01:51.440+0000] {spark_submit.py:491} INFO - 25/02/10 10:01:51 INFO SparkContext: Added JAR file:///home/***/.ivy2/jars/org.apache.iceberg_iceberg-spark-runtime-3.4_2.12-1.3.1.jar at spark://4ace1a0fe0eb:35563/jars/org.apache.iceberg_iceberg-spark-runtime-3.4_2.12-1.3.1.jar with timestamp 1739181708354
[2025-02-10T10:01:51.440+0000] {spark_submit.py:491} INFO - 25/02/10 10:01:51 INFO SparkContext: Added JAR file:///home/***/.ivy2/jars/com.lihaoyi_geny_2.12-1.0.0.jar at spark://4ace1a0fe0eb:35563/jars/com.lihaoyi_geny_2.12-1.0.0.jar with timestamp 1739181708354
[2025-02-10T10:01:51.444+0000] {spark_submit.py:491} INFO - 25/02/10 10:01:51 INFO SparkContext: Added JAR file:///home/***/.ivy2/jars/io.circe_circe-numbers_2.12-0.14.1.jar at spark://4ace1a0fe0eb:35563/jars/io.circe_circe-numbers_2.12-0.14.1.jar with timestamp 1739181708354
[2025-02-10T10:01:51.455+0000] {spark_submit.py:491} INFO - 25/02/10 10:01:51 INFO SparkContext: Added JAR file:///home/***/.ivy2/jars/org.typelevel_cats-core_2.12-2.6.1.jar at spark://4ace1a0fe0eb:35563/jars/org.typelevel_cats-core_2.12-2.6.1.jar with timestamp 1739181708354
[2025-02-10T10:01:51.457+0000] {spark_submit.py:491} INFO - 25/02/10 10:01:51 INFO SparkContext: Added JAR file:///home/***/.ivy2/jars/org.typelevel_cats-kernel_2.12-2.6.1.jar at spark://4ace1a0fe0eb:35563/jars/org.typelevel_cats-kernel_2.12-2.6.1.jar with timestamp 1739181708354
[2025-02-10T10:01:51.458+0000] {spark_submit.py:491} INFO - 25/02/10 10:01:51 INFO SparkContext: Added JAR file:///home/***/.ivy2/jars/org.typelevel_simulacrum-scalafix-annotations_2.12-0.5.4.jar at spark://4ace1a0fe0eb:35563/jars/org.typelevel_simulacrum-scalafix-annotations_2.12-0.5.4.jar with timestamp 1739181708354
[2025-02-10T10:01:51.459+0000] {spark_submit.py:491} INFO - 25/02/10 10:01:51 INFO SparkContext: Added JAR file:///home/***/.ivy2/jars/io.circe_circe-jawn_2.12-0.14.1.jar at spark://4ace1a0fe0eb:35563/jars/io.circe_circe-jawn_2.12-0.14.1.jar with timestamp 1739181708354
[2025-02-10T10:01:51.460+0000] {spark_submit.py:491} INFO - 25/02/10 10:01:51 INFO SparkContext: Added JAR file:///home/***/.ivy2/jars/org.typelevel_jawn-parser_2.12-1.1.2.jar at spark://4ace1a0fe0eb:35563/jars/org.typelevel_jawn-parser_2.12-1.1.2.jar with timestamp 1739181708354
[2025-02-10T10:01:51.461+0000] {spark_submit.py:491} INFO - 25/02/10 10:01:51 INFO SparkContext: Added JAR file:///home/***/.ivy2/jars/com.chuusai_shapeless_2.12-2.3.7.jar at spark://4ace1a0fe0eb:35563/jars/com.chuusai_shapeless_2.12-2.3.7.jar with timestamp 1739181708354
[2025-02-10T10:01:51.462+0000] {spark_submit.py:491} INFO - 25/02/10 10:01:51 INFO SparkContext: Added JAR file:///home/***/.ivy2/jars/org.wildfly.openssl_wildfly-openssl-1.0.7.Final.jar at spark://4ace1a0fe0eb:35563/jars/org.wildfly.openssl_wildfly-openssl-1.0.7.Final.jar with timestamp 1739181708354
[2025-02-10T10:01:51.463+0000] {spark_submit.py:491} INFO - 25/02/10 10:01:51 INFO SparkContext: Added JAR file:/opt/***/jars/scala-maven-project-2.0-SNAPSHOT.jar at spark://4ace1a0fe0eb:35563/jars/scala-maven-project-2.0-SNAPSHOT.jar with timestamp 1739181708354
[2025-02-10T10:01:51.938+0000] {spark_submit.py:491} INFO - 25/02/10 10:01:51 INFO StandaloneAppClient$ClientEndpoint: Connecting to master spark://spark:7077...
[2025-02-10T10:01:52.057+0000] {spark_submit.py:491} INFO - 25/02/10 10:01:52 INFO TransportClientFactory: Successfully created connection to spark/172.18.0.2:7077 after 65 ms (0 ms spent in bootstraps)
[2025-02-10T10:01:55.814+0000] {spark_submit.py:491} INFO - 25/02/10 10:01:55 INFO StandaloneSchedulerBackend: Connected to Spark cluster with app ID app-20250210100155-0000
[2025-02-10T10:01:55.833+0000] {spark_submit.py:491} INFO - 25/02/10 10:01:55 INFO StandaloneAppClient$ClientEndpoint: Executor added: app-20250210100155-0000/0 on worker-20250210093813-172.18.0.5-36199 (172.18.0.5:36199) with 2 core(s)
[2025-02-10T10:01:55.899+0000] {spark_submit.py:491} INFO - 25/02/10 10:01:55 INFO StandaloneSchedulerBackend: Granted executor ID app-20250210100155-0000/0 on hostPort 172.18.0.5:36199 with 2 core(s), 1024.0 MiB RAM
[2025-02-10T10:01:55.937+0000] {spark_submit.py:491} INFO - 25/02/10 10:01:55 INFO Utils: Successfully started service 'org.apache.spark.network.netty.NettyBlockTransferService' on port 36151.
[2025-02-10T10:01:55.937+0000] {spark_submit.py:491} INFO - 25/02/10 10:01:55 INFO NettyBlockTransferService: Server created on 4ace1a0fe0eb:36151
[2025-02-10T10:01:55.967+0000] {spark_submit.py:491} INFO - 25/02/10 10:01:55 INFO BlockManager: Using org.apache.spark.storage.RandomBlockReplicationPolicy for block replication policy
[2025-02-10T10:01:56.039+0000] {spark_submit.py:491} INFO - 25/02/10 10:01:56 INFO BlockManagerMaster: Registering BlockManager BlockManagerId(driver, 4ace1a0fe0eb, 36151, None)
[2025-02-10T10:01:56.072+0000] {spark_submit.py:491} INFO - 25/02/10 10:01:56 INFO BlockManagerMasterEndpoint: Registering block manager 4ace1a0fe0eb:36151 with 434.4 MiB RAM, BlockManagerId(driver, 4ace1a0fe0eb, 36151, None)
[2025-02-10T10:01:56.112+0000] {spark_submit.py:491} INFO - 25/02/10 10:01:56 INFO BlockManagerMaster: Registered BlockManager BlockManagerId(driver, 4ace1a0fe0eb, 36151, None)
[2025-02-10T10:01:56.125+0000] {spark_submit.py:491} INFO - 25/02/10 10:01:56 INFO BlockManager: Initialized BlockManager: BlockManagerId(driver, 4ace1a0fe0eb, 36151, None)
[2025-02-10T10:01:57.646+0000] {spark_submit.py:491} INFO - 25/02/10 10:01:57 INFO StandaloneSchedulerBackend: SchedulerBackend is ready for scheduling beginning after reached minRegisteredResourcesRatio: 0.0
[2025-02-10T10:01:59.369+0000] {spark_submit.py:491} INFO - 25/02/10 10:01:59 INFO StandaloneAppClient$ClientEndpoint: Executor updated: app-20250210100155-0000/0 is now RUNNING
[2025-02-10T10:01:59.788+0000] {spark_submit.py:491} INFO - new method:
[2025-02-10T10:01:59.813+0000] {spark_submit.py:491} INFO - Starting writeToMinIO for path: Products/Products_20250210
[2025-02-10T10:01:59.815+0000] {spark_submit.py:491} INFO - Using bucket: bronze
[2025-02-10T10:01:59.972+0000] {spark_submit.py:491} INFO - JSON string length: 10614
[2025-02-10T10:01:59.976+0000] {spark_submit.py:491} INFO - Converting to Dataset...
[2025-02-10T10:02:07.965+0000] {spark_submit.py:491} INFO - 25/02/10 10:02:07 INFO SharedState: Setting hive.metastore.warehouse.dir ('null') to the value of spark.sql.warehouse.dir.
[2025-02-10T10:02:07.974+0000] {spark_submit.py:491} INFO - 25/02/10 10:02:07 INFO SharedState: Warehouse path is 'file:/opt/***/spark-warehouse'.
[2025-02-10T10:02:13.087+0000] {spark_submit.py:491} INFO - 25/02/10 10:02:13 INFO CodeGenerator: Code generated in 1345.391085 ms
[2025-02-10T10:02:16.594+0000] {spark_submit.py:491} INFO - Reading as DataFrame...
[2025-02-10T10:02:19.725+0000] {spark_submit.py:491} INFO - 25/02/10 10:02:19 INFO StandaloneSchedulerBackend$StandaloneDriverEndpoint: Registered executor NettyRpcEndpointRef(spark-client://Executor) (172.18.0.5:50938) with ID 0,  ResourceProfileId 0
[2025-02-10T10:02:21.019+0000] {spark_submit.py:491} INFO - 25/02/10 10:02:21 INFO BlockManagerMasterEndpoint: Registering block manager 172.18.0.5:41049 with 434.4 MiB RAM, BlockManagerId(0, 172.18.0.5, 41049, None)
[2025-02-10T10:02:24.023+0000] {spark_submit.py:491} INFO - 25/02/10 10:02:24 INFO CodeGenerator: Code generated in 128.69337 ms
[2025-02-10T10:02:25.339+0000] {spark_submit.py:491} INFO - 25/02/10 10:02:25 INFO SparkContext: Starting job: json at WriterJsonBase.scala:33
[2025-02-10T10:02:25.813+0000] {spark_submit.py:491} INFO - 25/02/10 10:02:25 INFO DAGScheduler: Got job 0 (json at WriterJsonBase.scala:33) with 1 output partitions
[2025-02-10T10:02:25.825+0000] {spark_submit.py:491} INFO - 25/02/10 10:02:25 INFO DAGScheduler: Final stage: ResultStage 0 (json at WriterJsonBase.scala:33)
[2025-02-10T10:02:25.827+0000] {spark_submit.py:491} INFO - 25/02/10 10:02:25 INFO DAGScheduler: Parents of final stage: List()
[2025-02-10T10:02:25.828+0000] {spark_submit.py:491} INFO - 25/02/10 10:02:25 INFO DAGScheduler: Missing parents: List()
[2025-02-10T10:02:25.860+0000] {spark_submit.py:491} INFO - 25/02/10 10:02:25 INFO DAGScheduler: Submitting ResultStage 0 (MapPartitionsRDD[3] at json at WriterJsonBase.scala:33), which has no missing parents
[2025-02-10T10:02:27.090+0000] {spark_submit.py:491} INFO - 25/02/10 10:02:27 INFO MemoryStore: Block broadcast_0 stored as values in memory (estimated size 16.9 KiB, free 434.4 MiB)
[2025-02-10T10:02:28.768+0000] {spark_submit.py:491} INFO - 25/02/10 10:02:28 INFO MemoryStore: Block broadcast_0_piece0 stored as bytes in memory (estimated size 7.1 KiB, free 434.4 MiB)
[2025-02-10T10:02:28.792+0000] {spark_submit.py:491} INFO - 25/02/10 10:02:28 INFO BlockManagerInfo: Added broadcast_0_piece0 in memory on 4ace1a0fe0eb:36151 (size: 7.1 KiB, free: 434.4 MiB)
[2025-02-10T10:02:28.851+0000] {spark_submit.py:491} INFO - 25/02/10 10:02:28 INFO SparkContext: Created broadcast 0 from broadcast at DAGScheduler.scala:1535
[2025-02-10T10:02:29.093+0000] {spark_submit.py:491} INFO - 25/02/10 10:02:29 INFO DAGScheduler: Submitting 1 missing tasks from ResultStage 0 (MapPartitionsRDD[3] at json at WriterJsonBase.scala:33) (first 15 tasks are for partitions Vector(0))
[2025-02-10T10:02:29.130+0000] {spark_submit.py:491} INFO - 25/02/10 10:02:29 INFO TaskSchedulerImpl: Adding task set 0.0 with 1 tasks resource profile 0
[2025-02-10T10:02:44.433+0000] {spark_submit.py:491} INFO - 25/02/10 10:02:44 INFO TaskSetManager: Starting task 0.0 in stage 0.0 (TID 0) (172.18.0.5, executor 0, partition 0, PROCESS_LOCAL, 18216 bytes)
[2025-02-10T10:02:46.964+0000] {spark_submit.py:491} INFO - 25/02/10 10:02:46 INFO BlockManagerInfo: Added broadcast_0_piece0 in memory on 172.18.0.5:41049 (size: 7.1 KiB, free: 434.4 MiB)
[2025-02-10T10:02:48.720+0000] {spark_submit.py:491} INFO - 25/02/10 10:02:48 INFO TaskSetManager: Finished task 0.0 in stage 0.0 (TID 0) in 4389 ms on 172.18.0.5 (executor 0) (1/1)
[2025-02-10T10:02:48.724+0000] {spark_submit.py:491} INFO - 25/02/10 10:02:48 INFO TaskSchedulerImpl: Removed TaskSet 0.0, whose tasks have all completed, from pool
[2025-02-10T10:02:48.748+0000] {spark_submit.py:491} INFO - 25/02/10 10:02:48 INFO DAGScheduler: ResultStage 0 (json at WriterJsonBase.scala:33) finished in 22.537 s
[2025-02-10T10:02:48.757+0000] {spark_submit.py:491} INFO - 25/02/10 10:02:48 INFO DAGScheduler: Job 0 is finished. Cancelling potential speculative or zombie tasks for this job
[2025-02-10T10:02:48.759+0000] {spark_submit.py:491} INFO - 25/02/10 10:02:48 INFO TaskSchedulerImpl: Killing all running tasks in stage 0: Stage finished
[2025-02-10T10:02:48.775+0000] {spark_submit.py:491} INFO - 25/02/10 10:02:48 INFO DAGScheduler: Job 0 finished: json at WriterJsonBase.scala:33, took 23.497884 s
[2025-02-10T10:02:49.960+0000] {spark_submit.py:491} INFO - Writing to full path: s3a://bronze/Products/Products_20250210
[2025-02-10T10:02:50.510+0000] {spark_submit.py:491} INFO - 25/02/10 10:02:50 INFO BlockManagerInfo: Removed broadcast_0_piece0 on 172.18.0.5:41049 in memory (size: 7.1 KiB, free: 434.4 MiB)
[2025-02-10T10:02:50.531+0000] {spark_submit.py:491} INFO - 25/02/10 10:02:50 INFO BlockManagerInfo: Removed broadcast_0_piece0 on 4ace1a0fe0eb:36151 in memory (size: 7.1 KiB, free: 434.4 MiB)
[2025-02-10T10:02:51.138+0000] {spark_submit.py:491} INFO - 25/02/10 10:02:51 WARN MetricsConfig: Cannot locate configuration: tried hadoop-metrics2-s3a-file-system.properties,hadoop-metrics2.properties
[2025-02-10T10:02:51.207+0000] {spark_submit.py:491} INFO - 25/02/10 10:02:51 INFO MetricsSystemImpl: Scheduled Metric snapshot period at 10 second(s).
[2025-02-10T10:02:51.207+0000] {spark_submit.py:491} INFO - 25/02/10 10:02:51 INFO MetricsSystemImpl: s3a-file-system metrics system started
[2025-02-10T10:02:53.318+0000] {spark_submit.py:491} INFO - 25/02/10 10:02:53 INFO FileOutputCommitter: File Output Committer Algorithm version is 1
[2025-02-10T10:02:53.319+0000] {spark_submit.py:491} INFO - 25/02/10 10:02:53 INFO FileOutputCommitter: FileOutputCommitter skip cleanup _temporary folders under output directory:false, ignore cleanup failures: false
[2025-02-10T10:02:53.320+0000] {spark_submit.py:491} INFO - 25/02/10 10:02:53 INFO SQLHadoopMapReduceCommitProtocol: Using output committer class org.apache.hadoop.mapreduce.lib.output.FileOutputCommitter
[2025-02-10T10:02:53.797+0000] {spark_submit.py:491} INFO - 25/02/10 10:02:53 INFO CodeGenerator: Code generated in 62.041975 ms
[2025-02-10T10:02:53.834+0000] {spark_submit.py:491} INFO - 25/02/10 10:02:53 INFO SparkContext: Starting job: save at WriterJsonBase.scala:43
[2025-02-10T10:02:53.836+0000] {spark_submit.py:491} INFO - 25/02/10 10:02:53 INFO DAGScheduler: Got job 1 (save at WriterJsonBase.scala:43) with 1 output partitions
[2025-02-10T10:02:53.837+0000] {spark_submit.py:491} INFO - 25/02/10 10:02:53 INFO DAGScheduler: Final stage: ResultStage 1 (save at WriterJsonBase.scala:43)
[2025-02-10T10:02:53.838+0000] {spark_submit.py:491} INFO - 25/02/10 10:02:53 INFO DAGScheduler: Parents of final stage: List()
[2025-02-10T10:02:53.838+0000] {spark_submit.py:491} INFO - 25/02/10 10:02:53 INFO DAGScheduler: Missing parents: List()
[2025-02-10T10:02:53.842+0000] {spark_submit.py:491} INFO - 25/02/10 10:02:53 INFO DAGScheduler: Submitting ResultStage 1 (MapPartitionsRDD[11] at save at WriterJsonBase.scala:43), which has no missing parents
[2025-02-10T10:02:54.033+0000] {spark_submit.py:491} INFO - 25/02/10 10:02:54 INFO MemoryStore: Block broadcast_1 stored as values in memory (estimated size 244.3 KiB, free 434.2 MiB)
[2025-02-10T10:02:54.060+0000] {spark_submit.py:491} INFO - 25/02/10 10:02:54 INFO MemoryStore: Block broadcast_1_piece0 stored as bytes in memory (estimated size 88.3 KiB, free 434.1 MiB)
[2025-02-10T10:02:54.061+0000] {spark_submit.py:491} INFO - 25/02/10 10:02:54 INFO BlockManagerInfo: Added broadcast_1_piece0 in memory on 4ace1a0fe0eb:36151 (size: 88.3 KiB, free: 434.3 MiB)
[2025-02-10T10:02:54.062+0000] {spark_submit.py:491} INFO - 25/02/10 10:02:54 INFO SparkContext: Created broadcast 1 from broadcast at DAGScheduler.scala:1535
[2025-02-10T10:02:54.064+0000] {spark_submit.py:491} INFO - 25/02/10 10:02:54 INFO DAGScheduler: Submitting 1 missing tasks from ResultStage 1 (MapPartitionsRDD[11] at save at WriterJsonBase.scala:43) (first 15 tasks are for partitions Vector(0))
[2025-02-10T10:02:54.065+0000] {spark_submit.py:491} INFO - 25/02/10 10:02:54 INFO TaskSchedulerImpl: Adding task set 1.0 with 1 tasks resource profile 0
[2025-02-10T10:02:54.126+0000] {spark_submit.py:491} INFO - 25/02/10 10:02:54 INFO TaskSetManager: Starting task 0.0 in stage 1.0 (TID 1) (172.18.0.5, executor 0, partition 0, PROCESS_LOCAL, 18216 bytes)
[2025-02-10T10:02:54.273+0000] {spark_submit.py:491} INFO - 25/02/10 10:02:54 INFO BlockManagerInfo: Added broadcast_1_piece0 in memory on 172.18.0.5:41049 (size: 88.3 KiB, free: 434.3 MiB)
[2025-02-10T10:03:00.545+0000] {spark_submit.py:491} INFO - 25/02/10 10:03:00 INFO TaskSetManager: Finished task 0.0 in stage 1.0 (TID 1) in 6474 ms on 172.18.0.5 (executor 0) (1/1)
[2025-02-10T10:03:00.547+0000] {spark_submit.py:491} INFO - 25/02/10 10:03:00 INFO TaskSchedulerImpl: Removed TaskSet 1.0, whose tasks have all completed, from pool
[2025-02-10T10:03:00.547+0000] {spark_submit.py:491} INFO - 25/02/10 10:03:00 INFO DAGScheduler: ResultStage 1 (save at WriterJsonBase.scala:43) finished in 6.703 s
[2025-02-10T10:03:00.548+0000] {spark_submit.py:491} INFO - 25/02/10 10:03:00 INFO DAGScheduler: Job 1 is finished. Cancelling potential speculative or zombie tasks for this job
[2025-02-10T10:03:00.549+0000] {spark_submit.py:491} INFO - 25/02/10 10:03:00 INFO TaskSchedulerImpl: Killing all running tasks in stage 1: Stage finished
[2025-02-10T10:03:00.550+0000] {spark_submit.py:491} INFO - 25/02/10 10:03:00 INFO DAGScheduler: Job 1 finished: save at WriterJsonBase.scala:43, took 6.714861 s
[2025-02-10T10:03:00.556+0000] {spark_submit.py:491} INFO - 25/02/10 10:03:00 INFO FileFormatWriter: Start to commit write Job 39710605-f85c-4427-ac61-f05de1f85797.
[2025-02-10T10:03:01.169+0000] {spark_submit.py:491} INFO - 25/02/10 10:03:01 INFO FileFormatWriter: Write Job 39710605-f85c-4427-ac61-f05de1f85797 committed. Elapsed time: 612 ms.
[2025-02-10T10:03:01.176+0000] {spark_submit.py:491} INFO - 25/02/10 10:03:01 INFO FileFormatWriter: Finished processing stats for write job 39710605-f85c-4427-ac61-f05de1f85797.
[2025-02-10T10:03:01.182+0000] {spark_submit.py:491} INFO - Data written successfully to MinIO: s3a://bronze/Products/Products_20250210
[2025-02-10T10:03:01.192+0000] {spark_submit.py:491} INFO - new method:
[2025-02-10T10:03:01.195+0000] {spark_submit.py:491} INFO - Starting writeToMinIO for path: Users/Users_20250210
[2025-02-10T10:03:01.196+0000] {spark_submit.py:491} INFO - Using bucket: bronze
[2025-02-10T10:03:01.199+0000] {spark_submit.py:491} INFO - JSON string length: 2990
[2025-02-10T10:03:01.199+0000] {spark_submit.py:491} INFO - Converting to Dataset...
[2025-02-10T10:03:01.301+0000] {spark_submit.py:491} INFO - Reading as DataFrame...
[2025-02-10T10:03:01.334+0000] {spark_submit.py:491} INFO - 25/02/10 10:03:01 INFO SparkContext: Starting job: json at WriterJsonBase.scala:33
[2025-02-10T10:03:01.335+0000] {spark_submit.py:491} INFO - 25/02/10 10:03:01 INFO DAGScheduler: Got job 2 (json at WriterJsonBase.scala:33) with 1 output partitions
[2025-02-10T10:03:01.336+0000] {spark_submit.py:491} INFO - 25/02/10 10:03:01 INFO DAGScheduler: Final stage: ResultStage 2 (json at WriterJsonBase.scala:33)
[2025-02-10T10:03:01.336+0000] {spark_submit.py:491} INFO - 25/02/10 10:03:01 INFO DAGScheduler: Parents of final stage: List()
[2025-02-10T10:03:01.337+0000] {spark_submit.py:491} INFO - 25/02/10 10:03:01 INFO DAGScheduler: Missing parents: List()
[2025-02-10T10:03:01.337+0000] {spark_submit.py:491} INFO - 25/02/10 10:03:01 INFO DAGScheduler: Submitting ResultStage 2 (MapPartitionsRDD[15] at json at WriterJsonBase.scala:33), which has no missing parents
[2025-02-10T10:03:01.345+0000] {spark_submit.py:491} INFO - 25/02/10 10:03:01 INFO MemoryStore: Block broadcast_2 stored as values in memory (estimated size 16.9 KiB, free 434.1 MiB)
[2025-02-10T10:03:01.348+0000] {spark_submit.py:491} INFO - 25/02/10 10:03:01 INFO MemoryStore: Block broadcast_2_piece0 stored as bytes in memory (estimated size 7.1 KiB, free 434.1 MiB)
[2025-02-10T10:03:01.351+0000] {spark_submit.py:491} INFO - 25/02/10 10:03:01 INFO BlockManagerInfo: Added broadcast_2_piece0 in memory on 4ace1a0fe0eb:36151 (size: 7.1 KiB, free: 434.3 MiB)
[2025-02-10T10:03:01.352+0000] {spark_submit.py:491} INFO - 25/02/10 10:03:01 INFO SparkContext: Created broadcast 2 from broadcast at DAGScheduler.scala:1535
[2025-02-10T10:03:01.353+0000] {spark_submit.py:491} INFO - 25/02/10 10:03:01 INFO DAGScheduler: Submitting 1 missing tasks from ResultStage 2 (MapPartitionsRDD[15] at json at WriterJsonBase.scala:33) (first 15 tasks are for partitions Vector(0))
[2025-02-10T10:03:01.354+0000] {spark_submit.py:491} INFO - 25/02/10 10:03:01 INFO TaskSchedulerImpl: Adding task set 2.0 with 1 tasks resource profile 0
[2025-02-10T10:03:01.356+0000] {spark_submit.py:491} INFO - 25/02/10 10:03:01 INFO TaskSetManager: Starting task 0.0 in stage 2.0 (TID 2) (172.18.0.5, executor 0, partition 0, PROCESS_LOCAL, 10544 bytes)
[2025-02-10T10:03:01.397+0000] {spark_submit.py:491} INFO - 25/02/10 10:03:01 INFO BlockManagerInfo: Added broadcast_2_piece0 in memory on 172.18.0.5:41049 (size: 7.1 KiB, free: 434.3 MiB)
[2025-02-10T10:03:01.421+0000] {spark_submit.py:491} INFO - 25/02/10 10:03:01 INFO TaskSetManager: Finished task 0.0 in stage 2.0 (TID 2) in 66 ms on 172.18.0.5 (executor 0) (1/1)
[2025-02-10T10:03:01.422+0000] {spark_submit.py:491} INFO - 25/02/10 10:03:01 INFO TaskSchedulerImpl: Removed TaskSet 2.0, whose tasks have all completed, from pool
[2025-02-10T10:03:01.423+0000] {spark_submit.py:491} INFO - 25/02/10 10:03:01 INFO DAGScheduler: ResultStage 2 (json at WriterJsonBase.scala:33) finished in 0.084 s
[2025-02-10T10:03:01.427+0000] {spark_submit.py:491} INFO - 25/02/10 10:03:01 INFO DAGScheduler: Job 2 is finished. Cancelling potential speculative or zombie tasks for this job
[2025-02-10T10:03:01.428+0000] {spark_submit.py:491} INFO - 25/02/10 10:03:01 INFO TaskSchedulerImpl: Killing all running tasks in stage 2: Stage finished
[2025-02-10T10:03:01.429+0000] {spark_submit.py:491} INFO - 25/02/10 10:03:01 INFO DAGScheduler: Job 2 finished: json at WriterJsonBase.scala:33, took 0.090005 s
[2025-02-10T10:03:01.491+0000] {spark_submit.py:491} INFO - Writing to full path: s3a://bronze/Users/Users_20250210
[2025-02-10T10:03:01.584+0000] {spark_submit.py:491} INFO - 25/02/10 10:03:01 INFO FileOutputCommitter: File Output Committer Algorithm version is 1
[2025-02-10T10:03:01.584+0000] {spark_submit.py:491} INFO - 25/02/10 10:03:01 INFO FileOutputCommitter: FileOutputCommitter skip cleanup _temporary folders under output directory:false, ignore cleanup failures: false
[2025-02-10T10:03:01.589+0000] {spark_submit.py:491} INFO - 25/02/10 10:03:01 INFO SQLHadoopMapReduceCommitProtocol: Using output committer class org.apache.hadoop.mapreduce.lib.output.FileOutputCommitter
[2025-02-10T10:03:01.728+0000] {spark_submit.py:491} INFO - 25/02/10 10:03:01 INFO CodeGenerator: Code generated in 46.282626 ms
[2025-02-10T10:03:01.742+0000] {spark_submit.py:491} INFO - 25/02/10 10:03:01 INFO SparkContext: Starting job: save at WriterJsonBase.scala:43
[2025-02-10T10:03:01.745+0000] {spark_submit.py:491} INFO - 25/02/10 10:03:01 INFO DAGScheduler: Got job 3 (save at WriterJsonBase.scala:43) with 1 output partitions
[2025-02-10T10:03:01.746+0000] {spark_submit.py:491} INFO - 25/02/10 10:03:01 INFO DAGScheduler: Final stage: ResultStage 3 (save at WriterJsonBase.scala:43)
[2025-02-10T10:03:01.749+0000] {spark_submit.py:491} INFO - 25/02/10 10:03:01 INFO DAGScheduler: Parents of final stage: List()
[2025-02-10T10:03:01.751+0000] {spark_submit.py:491} INFO - 25/02/10 10:03:01 INFO DAGScheduler: Missing parents: List()
[2025-02-10T10:03:01.754+0000] {spark_submit.py:491} INFO - 25/02/10 10:03:01 INFO DAGScheduler: Submitting ResultStage 3 (MapPartitionsRDD[23] at save at WriterJsonBase.scala:43), which has no missing parents
[2025-02-10T10:03:01.821+0000] {spark_submit.py:491} INFO - 25/02/10 10:03:01 INFO MemoryStore: Block broadcast_3 stored as values in memory (estimated size 247.2 KiB, free 433.8 MiB)
[2025-02-10T10:03:01.867+0000] {spark_submit.py:491} INFO - 25/02/10 10:03:01 INFO MemoryStore: Block broadcast_3_piece0 stored as bytes in memory (estimated size 89.6 KiB, free 433.7 MiB)
[2025-02-10T10:03:01.868+0000] {spark_submit.py:491} INFO - 25/02/10 10:03:01 INFO BlockManagerInfo: Added broadcast_3_piece0 in memory on 4ace1a0fe0eb:36151 (size: 89.6 KiB, free: 434.2 MiB)
[2025-02-10T10:03:01.869+0000] {spark_submit.py:491} INFO - 25/02/10 10:03:01 INFO SparkContext: Created broadcast 3 from broadcast at DAGScheduler.scala:1535
[2025-02-10T10:03:01.870+0000] {spark_submit.py:491} INFO - 25/02/10 10:03:01 INFO DAGScheduler: Submitting 1 missing tasks from ResultStage 3 (MapPartitionsRDD[23] at save at WriterJsonBase.scala:43) (first 15 tasks are for partitions Vector(0))
[2025-02-10T10:03:01.871+0000] {spark_submit.py:491} INFO - 25/02/10 10:03:01 INFO TaskSchedulerImpl: Adding task set 3.0 with 1 tasks resource profile 0
[2025-02-10T10:03:01.872+0000] {spark_submit.py:491} INFO - 25/02/10 10:03:01 INFO TaskSetManager: Starting task 0.0 in stage 3.0 (TID 3) (172.18.0.5, executor 0, partition 0, PROCESS_LOCAL, 10544 bytes)
[2025-02-10T10:03:01.893+0000] {spark_submit.py:491} INFO - 25/02/10 10:03:01 INFO BlockManagerInfo: Added broadcast_3_piece0 in memory on 172.18.0.5:41049 (size: 89.6 KiB, free: 434.2 MiB)
[2025-02-10T10:03:02.546+0000] {spark_submit.py:491} INFO - 25/02/10 10:03:02 INFO TaskSetManager: Finished task 0.0 in stage 3.0 (TID 3) in 673 ms on 172.18.0.5 (executor 0) (1/1)
[2025-02-10T10:03:02.547+0000] {spark_submit.py:491} INFO - 25/02/10 10:03:02 INFO TaskSchedulerImpl: Removed TaskSet 3.0, whose tasks have all completed, from pool
[2025-02-10T10:03:02.549+0000] {spark_submit.py:491} INFO - 25/02/10 10:03:02 INFO DAGScheduler: ResultStage 3 (save at WriterJsonBase.scala:43) finished in 0.793 s
[2025-02-10T10:03:02.549+0000] {spark_submit.py:491} INFO - 25/02/10 10:03:02 INFO DAGScheduler: Job 3 is finished. Cancelling potential speculative or zombie tasks for this job
[2025-02-10T10:03:02.553+0000] {spark_submit.py:491} INFO - 25/02/10 10:03:02 INFO TaskSchedulerImpl: Killing all running tasks in stage 3: Stage finished
[2025-02-10T10:03:02.554+0000] {spark_submit.py:491} INFO - 25/02/10 10:03:02 INFO DAGScheduler: Job 3 finished: save at WriterJsonBase.scala:43, took 0.807974 s
[2025-02-10T10:03:02.554+0000] {spark_submit.py:491} INFO - 25/02/10 10:03:02 INFO FileFormatWriter: Start to commit write Job cf4c9af6-0002-49e2-90ea-62203eb6399a.
[2025-02-10T10:03:02.815+0000] {spark_submit.py:491} INFO - 25/02/10 10:03:02 INFO FileFormatWriter: Write Job cf4c9af6-0002-49e2-90ea-62203eb6399a committed. Elapsed time: 262 ms.
[2025-02-10T10:03:02.815+0000] {spark_submit.py:491} INFO - 25/02/10 10:03:02 INFO FileFormatWriter: Finished processing stats for write job cf4c9af6-0002-49e2-90ea-62203eb6399a.
[2025-02-10T10:03:02.817+0000] {spark_submit.py:491} INFO - Data written successfully to MinIO: s3a://bronze/Users/Users_20250210
[2025-02-10T10:03:02.817+0000] {spark_submit.py:491} INFO - Data ingestion completed successfully in Bronze.
[2025-02-10T10:03:02.828+0000] {spark_submit.py:491} INFO - 25/02/10 10:03:02 INFO SparkContext: Invoking stop() from shutdown hook
[2025-02-10T10:03:02.829+0000] {spark_submit.py:491} INFO - 25/02/10 10:03:02 INFO SparkContext: SparkContext is stopping with exitCode 0.
[2025-02-10T10:03:02.875+0000] {spark_submit.py:491} INFO - 25/02/10 10:03:02 INFO SparkUI: Stopped Spark web UI at http://4ace1a0fe0eb:4040
[2025-02-10T10:03:02.883+0000] {spark_submit.py:491} INFO - 25/02/10 10:03:02 INFO StandaloneSchedulerBackend: Shutting down all executors
[2025-02-10T10:03:02.885+0000] {spark_submit.py:491} INFO - 25/02/10 10:03:02 INFO StandaloneSchedulerBackend$StandaloneDriverEndpoint: Asking each executor to shut down
[2025-02-10T10:03:02.992+0000] {spark_submit.py:491} INFO - 25/02/10 10:03:02 INFO MapOutputTrackerMasterEndpoint: MapOutputTrackerMasterEndpoint stopped!
[2025-02-10T10:03:03.194+0000] {spark_submit.py:491} INFO - 25/02/10 10:03:03 INFO MemoryStore: MemoryStore cleared
[2025-02-10T10:03:03.198+0000] {spark_submit.py:491} INFO - 25/02/10 10:03:03 INFO BlockManager: BlockManager stopped
[2025-02-10T10:03:03.206+0000] {spark_submit.py:491} INFO - 25/02/10 10:03:03 INFO BlockManagerMaster: BlockManagerMaster stopped
[2025-02-10T10:03:03.213+0000] {spark_submit.py:491} INFO - 25/02/10 10:03:03 INFO OutputCommitCoordinator$OutputCommitCoordinatorEndpoint: OutputCommitCoordinator stopped!
[2025-02-10T10:03:03.268+0000] {spark_submit.py:491} INFO - 25/02/10 10:03:03 INFO SparkContext: Successfully stopped SparkContext
[2025-02-10T10:03:03.270+0000] {spark_submit.py:491} INFO - 25/02/10 10:03:03 INFO ShutdownHookManager: Shutdown hook called
[2025-02-10T10:03:03.275+0000] {spark_submit.py:491} INFO - 25/02/10 10:03:03 INFO ShutdownHookManager: Deleting directory /tmp/spark-c2305273-fa80-432c-b6e9-ea5dfa9f749a
[2025-02-10T10:03:03.305+0000] {spark_submit.py:491} INFO - 25/02/10 10:03:03 INFO ShutdownHookManager: Deleting directory /tmp/spark-8aab7e46-c677-4567-9a5f-f4d3e5f7cf9b
[2025-02-10T10:03:03.349+0000] {spark_submit.py:491} INFO - 25/02/10 10:03:03 INFO MetricsSystemImpl: Stopping s3a-file-system metrics system...
[2025-02-10T10:03:03.351+0000] {spark_submit.py:491} INFO - 25/02/10 10:03:03 INFO MetricsSystemImpl: s3a-file-system metrics system stopped.
[2025-02-10T10:03:03.352+0000] {spark_submit.py:491} INFO - 25/02/10 10:03:03 INFO MetricsSystemImpl: s3a-file-system metrics system shutdown complete.
[2025-02-10T10:03:03.903+0000] {taskinstance.py:1345} INFO - Marking task as SUCCESS. dag_id=DAG_ETL_daily_jobs_v2, task_id=bronze_job, execution_date=20250209T090000, start_date=20250210T100140, end_date=20250210T100303
[2025-02-10T10:03:04.054+0000] {local_task_job_runner.py:225} INFO - Task exited with return code 0
[2025-02-10T10:03:04.194+0000] {taskinstance.py:2653} INFO - 1 downstream tasks scheduled from follow-on schedule check
