[2025-02-10T10:04:10.180+0000] {taskinstance.py:1103} INFO - Dependencies all met for dep_context=non-requeueable deps ti=<TaskInstance: DAG_ETL_daily_jobs_v2.gold_job scheduled__2025-02-09T09:00:00+00:00 [queued]>
[2025-02-10T10:04:10.190+0000] {taskinstance.py:1103} INFO - Dependencies all met for dep_context=requeueable deps ti=<TaskInstance: DAG_ETL_daily_jobs_v2.gold_job scheduled__2025-02-09T09:00:00+00:00 [queued]>
[2025-02-10T10:04:10.191+0000] {taskinstance.py:1308} INFO - Starting attempt 1 of 2
[2025-02-10T10:04:10.204+0000] {taskinstance.py:1327} INFO - Executing <Task(SparkSubmitOperator): gold_job> on 2025-02-09 09:00:00+00:00
[2025-02-10T10:04:10.210+0000] {standard_task_runner.py:57} INFO - Started process 1224 to run task
[2025-02-10T10:04:10.214+0000] {standard_task_runner.py:84} INFO - Running: ['***', 'tasks', 'run', 'DAG_ETL_daily_jobs_v2', 'gold_job', 'scheduled__2025-02-09T09:00:00+00:00', '--job-id', '18', '--raw', '--subdir', 'DAGS_FOLDER/dag_ETL_final_prueba.py', '--cfg-path', '/tmp/tmp5qx4p9k1']
[2025-02-10T10:04:10.216+0000] {standard_task_runner.py:85} INFO - Job 18: Subtask gold_job
[2025-02-10T10:04:10.280+0000] {task_command.py:410} INFO - Running <TaskInstance: DAG_ETL_daily_jobs_v2.gold_job scheduled__2025-02-09T09:00:00+00:00 [running]> on host 4ace1a0fe0eb
[2025-02-10T10:04:10.516+0000] {taskinstance.py:1545} INFO - Exporting env vars: AIRFLOW_CTX_DAG_OWNER='saadelbekkali' AIRFLOW_CTX_DAG_ID='DAG_ETL_daily_jobs_v2' AIRFLOW_CTX_TASK_ID='gold_job' AIRFLOW_CTX_EXECUTION_DATE='2025-02-09T09:00:00+00:00' AIRFLOW_CTX_TRY_NUMBER='1' AIRFLOW_CTX_DAG_RUN_ID='scheduled__2025-02-09T09:00:00+00:00'
[2025-02-10T10:04:10.542+0000] {base.py:73} INFO - Using connection ID 'spark_default' for task execution.
[2025-02-10T10:04:10.567+0000] {spark_submit.py:340} INFO - Spark-Submit cmd: spark-submit --master spark://spark:7077 --conf spark.jars.packages=com.typesafe:config:1.4.2,com.lihaoyi:requests_2.12:0.8.0,io.circe:circe-core_2.12:0.14.1,io.circe:circe-parser_2.12:0.14.1,io.circe:circe-generic_2.12:0.14.1,org.apache.hadoop:hadoop-aws:3.3.1,com.amazonaws:aws-java-sdk-bundle:1.12.539,org.apache.iceberg:iceberg-spark-runtime-3.4_2.12:1.3.1 --conf spark.driver.extraClassPath=/opt/***/jars/* --conf spark.executor.extraClassPath=/opt/***/jars/* --conf spark.hadoop.fs.s3a.endpoint=http://minio:9000 --conf spark.hadoop.fs.s3a.access.key=minio --conf spark.hadoop.fs.s3a.secret.key=****** --conf spark.hadoop.fs.s3a.path.style.access=true --conf spark.hadoop.fs.s3a.impl=org.apache.hadoop.fs.s3a.S3AFileSystem --conf spark.hadoop.fs.s3a.aws.credentials.provider=org.apache.hadoop.fs.s3a.SimpleAWSCredentialsProvider --conf spark.driver.userClassPathFirst=true --conf spark.executor.userClassPathFirst=true --conf spark.sql.extensions=org.apache.iceberg.spark.extensions.IcebergSparkSessionExtensions --conf spark.sql.catalog.silver_catalog=org.apache.iceberg.spark.SparkCatalog --conf spark.sql.catalog.silver_catalog.type=hadoop --conf spark.sql.catalog.silver_catalog.warehouse=s3a://silver/ --conf spark.sql.catalog.gold_catalog=org.apache.iceberg.spark.SparkCatalog --conf spark.sql.catalog.gold_catalog.type=hadoop --conf spark.sql.catalog.gold_catalog.warehouse=s3a://gold/ --packages com.typesafe:config:1.4.2,com.lihaoyi:requests_2.12:0.8.0,io.circe:circe-core_2.12:0.14.1,io.circe:circe-parser_2.12:0.14.1,io.circe:circe-generic_2.12:0.14.1,org.apache.hadoop:hadoop-aws:3.3.1,com.amazonaws:aws-java-sdk-bundle:1.12.539,org.apache.iceberg:iceberg-spark-runtime-3.4_2.12:1.3.1 --name arrow-spark --class com.Main --verbose /opt/***/jars/scala-maven-project-2.0-SNAPSHOT.jar gold
[2025-02-10T10:04:13.845+0000] {spark_submit.py:491} INFO - Using properties file: null
[2025-02-10T10:04:14.120+0000] {spark_submit.py:491} INFO - Parsed arguments:
[2025-02-10T10:04:14.123+0000] {spark_submit.py:491} INFO - master                  spark://spark:7077
[2025-02-10T10:04:14.123+0000] {spark_submit.py:491} INFO - remote                  null
[2025-02-10T10:04:14.124+0000] {spark_submit.py:491} INFO - deployMode              null
[2025-02-10T10:04:14.124+0000] {spark_submit.py:491} INFO - executorMemory          null
[2025-02-10T10:04:14.125+0000] {spark_submit.py:491} INFO - executorCores           null
[2025-02-10T10:04:14.127+0000] {spark_submit.py:491} INFO - totalExecutorCores      null
[2025-02-10T10:04:14.130+0000] {spark_submit.py:491} INFO - propertiesFile          null
[2025-02-10T10:04:14.137+0000] {spark_submit.py:491} INFO - driverMemory            null
[2025-02-10T10:04:14.139+0000] {spark_submit.py:491} INFO - driverCores             null
[2025-02-10T10:04:14.139+0000] {spark_submit.py:491} INFO - driverExtraClassPath    /opt/***/jars/*
[2025-02-10T10:04:14.140+0000] {spark_submit.py:491} INFO - driverExtraLibraryPath  null
[2025-02-10T10:04:14.140+0000] {spark_submit.py:491} INFO - driverExtraJavaOptions  null
[2025-02-10T10:04:14.141+0000] {spark_submit.py:491} INFO - supervise               false
[2025-02-10T10:04:14.141+0000] {spark_submit.py:491} INFO - queue                   null
[2025-02-10T10:04:14.142+0000] {spark_submit.py:491} INFO - numExecutors            null
[2025-02-10T10:04:14.142+0000] {spark_submit.py:491} INFO - files                   null
[2025-02-10T10:04:14.143+0000] {spark_submit.py:491} INFO - pyFiles                 null
[2025-02-10T10:04:14.143+0000] {spark_submit.py:491} INFO - archives                null
[2025-02-10T10:04:14.144+0000] {spark_submit.py:491} INFO - mainClass               com.Main
[2025-02-10T10:04:14.144+0000] {spark_submit.py:491} INFO - primaryResource         file:/opt/***/jars/scala-maven-project-2.0-SNAPSHOT.jar
[2025-02-10T10:04:14.144+0000] {spark_submit.py:491} INFO - name                    arrow-spark
[2025-02-10T10:04:14.145+0000] {spark_submit.py:491} INFO - childArgs               [gold]
[2025-02-10T10:04:14.145+0000] {spark_submit.py:491} INFO - jars                    null
[2025-02-10T10:04:14.146+0000] {spark_submit.py:491} INFO - packages                com.typesafe:config:1.4.2,com.lihaoyi:requests_2.12:0.8.0,io.circe:circe-core_2.12:0.14.1,io.circe:circe-parser_2.12:0.14.1,io.circe:circe-generic_2.12:0.14.1,org.apache.hadoop:hadoop-aws:3.3.1,com.amazonaws:aws-java-sdk-bundle:1.12.539,org.apache.iceberg:iceberg-spark-runtime-3.4_2.12:1.3.1
[2025-02-10T10:04:14.146+0000] {spark_submit.py:491} INFO - packagesExclusions      null
[2025-02-10T10:04:14.147+0000] {spark_submit.py:491} INFO - repositories            null
[2025-02-10T10:04:14.149+0000] {spark_submit.py:491} INFO - verbose                 true
[2025-02-10T10:04:14.150+0000] {spark_submit.py:491} INFO - 
[2025-02-10T10:04:14.151+0000] {spark_submit.py:491} INFO - Spark properties used, including those specified through
[2025-02-10T10:04:14.152+0000] {spark_submit.py:491} INFO - --conf and those from the properties file null:
[2025-02-10T10:04:14.153+0000] {spark_submit.py:491} INFO - (spark.driver.extraClassPath,/opt/***/jars/*)
[2025-02-10T10:04:14.153+0000] {spark_submit.py:491} INFO - (spark.driver.userClassPathFirst,true)
[2025-02-10T10:04:14.154+0000] {spark_submit.py:491} INFO - (spark.executor.extraClassPath,/opt/***/jars/*)
[2025-02-10T10:04:14.154+0000] {spark_submit.py:491} INFO - (spark.executor.userClassPathFirst,true)
[2025-02-10T10:04:14.155+0000] {spark_submit.py:491} INFO - (spark.hadoop.fs.s3a.access.key,*********(redacted))
[2025-02-10T10:04:14.155+0000] {spark_submit.py:491} INFO - (spark.hadoop.fs.s3a.aws.credentials.provider,org.apache.hadoop.fs.s3a.SimpleAWSCredentialsProvider)
[2025-02-10T10:04:14.156+0000] {spark_submit.py:491} INFO - (spark.hadoop.fs.s3a.endpoint,http://minio:9000)
[2025-02-10T10:04:14.156+0000] {spark_submit.py:491} INFO - (spark.hadoop.fs.s3a.impl,org.apache.hadoop.fs.s3a.S3AFileSystem)
[2025-02-10T10:04:14.157+0000] {spark_submit.py:491} INFO - (spark.hadoop.fs.s3a.path.style.access,true)
[2025-02-10T10:04:14.158+0000] {spark_submit.py:491} INFO - (spark.hadoop.fs.s3a.secret.key,*********(redacted))
[2025-02-10T10:04:14.158+0000] {spark_submit.py:491} INFO - (spark.jars.packages,com.typesafe:config:1.4.2,com.lihaoyi:requests_2.12:0.8.0,io.circe:circe-core_2.12:0.14.1,io.circe:circe-parser_2.12:0.14.1,io.circe:circe-generic_2.12:0.14.1,org.apache.hadoop:hadoop-aws:3.3.1,com.amazonaws:aws-java-sdk-bundle:1.12.539,org.apache.iceberg:iceberg-spark-runtime-3.4_2.12:1.3.1)
[2025-02-10T10:04:14.160+0000] {spark_submit.py:491} INFO - (spark.sql.catalog.gold_catalog,org.apache.iceberg.spark.SparkCatalog)
[2025-02-10T10:04:14.160+0000] {spark_submit.py:491} INFO - (spark.sql.catalog.gold_catalog.type,hadoop)
[2025-02-10T10:04:14.161+0000] {spark_submit.py:491} INFO - (spark.sql.catalog.gold_catalog.warehouse,s3a://gold/)
[2025-02-10T10:04:14.161+0000] {spark_submit.py:491} INFO - (spark.sql.catalog.silver_catalog,org.apache.iceberg.spark.SparkCatalog)
[2025-02-10T10:04:14.162+0000] {spark_submit.py:491} INFO - (spark.sql.catalog.silver_catalog.type,hadoop)
[2025-02-10T10:04:14.163+0000] {spark_submit.py:491} INFO - (spark.sql.catalog.silver_catalog.warehouse,s3a://silver/)
[2025-02-10T10:04:14.163+0000] {spark_submit.py:491} INFO - (spark.sql.extensions,org.apache.iceberg.spark.extensions.IcebergSparkSessionExtensions)
[2025-02-10T10:04:14.164+0000] {spark_submit.py:491} INFO - 
[2025-02-10T10:04:14.164+0000] {spark_submit.py:491} INFO - 
[2025-02-10T10:04:14.476+0000] {spark_submit.py:491} INFO - :: loading settings :: url = jar:file:/opt/spark-3.4.0-bin-hadoop3/jars/ivy-2.5.1.jar!/org/apache/ivy/core/settings/ivysettings.xml
[2025-02-10T10:04:14.672+0000] {spark_submit.py:491} INFO - Ivy Default Cache set to: /home/***/.ivy2/cache
[2025-02-10T10:04:14.673+0000] {spark_submit.py:491} INFO - The jars for the packages stored in: /home/***/.ivy2/jars
[2025-02-10T10:04:14.678+0000] {spark_submit.py:491} INFO - com.typesafe#config added as a dependency
[2025-02-10T10:04:14.679+0000] {spark_submit.py:491} INFO - com.lihaoyi#requests_2.12 added as a dependency
[2025-02-10T10:04:14.679+0000] {spark_submit.py:491} INFO - io.circe#circe-core_2.12 added as a dependency
[2025-02-10T10:04:14.680+0000] {spark_submit.py:491} INFO - io.circe#circe-parser_2.12 added as a dependency
[2025-02-10T10:04:14.680+0000] {spark_submit.py:491} INFO - io.circe#circe-generic_2.12 added as a dependency
[2025-02-10T10:04:14.681+0000] {spark_submit.py:491} INFO - org.apache.hadoop#hadoop-aws added as a dependency
[2025-02-10T10:04:14.681+0000] {spark_submit.py:491} INFO - com.amazonaws#aws-java-sdk-bundle added as a dependency
[2025-02-10T10:04:14.682+0000] {spark_submit.py:491} INFO - org.apache.iceberg#iceberg-spark-runtime-3.4_2.12 added as a dependency
[2025-02-10T10:04:14.682+0000] {spark_submit.py:491} INFO - :: resolving dependencies :: org.apache.spark#spark-submit-parent-529db4ab-b23f-4f0b-a9ce-6fef05918d32;1.0
[2025-02-10T10:04:14.682+0000] {spark_submit.py:491} INFO - confs: [default]
[2025-02-10T10:04:14.902+0000] {spark_submit.py:491} INFO - found com.typesafe#config;1.4.2 in central
[2025-02-10T10:04:14.951+0000] {spark_submit.py:491} INFO - found com.lihaoyi#requests_2.12;0.8.0 in central
[2025-02-10T10:04:14.995+0000] {spark_submit.py:491} INFO - found com.lihaoyi#geny_2.12;1.0.0 in central
[2025-02-10T10:04:15.043+0000] {spark_submit.py:491} INFO - found io.circe#circe-core_2.12;0.14.1 in central
[2025-02-10T10:04:15.080+0000] {spark_submit.py:491} INFO - found io.circe#circe-numbers_2.12;0.14.1 in central
[2025-02-10T10:04:15.109+0000] {spark_submit.py:491} INFO - found org.typelevel#cats-core_2.12;2.6.1 in central
[2025-02-10T10:04:15.150+0000] {spark_submit.py:491} INFO - found org.typelevel#cats-kernel_2.12;2.6.1 in central
[2025-02-10T10:04:15.183+0000] {spark_submit.py:491} INFO - found org.typelevel#simulacrum-scalafix-annotations_2.12;0.5.4 in central
[2025-02-10T10:04:15.219+0000] {spark_submit.py:491} INFO - found io.circe#circe-parser_2.12;0.14.1 in central
[2025-02-10T10:04:15.253+0000] {spark_submit.py:491} INFO - found io.circe#circe-jawn_2.12;0.14.1 in central
[2025-02-10T10:04:15.314+0000] {spark_submit.py:491} INFO - found org.typelevel#jawn-parser_2.12;1.1.2 in central
[2025-02-10T10:04:15.336+0000] {spark_submit.py:491} INFO - found io.circe#circe-generic_2.12;0.14.1 in central
[2025-02-10T10:04:15.364+0000] {spark_submit.py:491} INFO - found com.chuusai#shapeless_2.12;2.3.7 in central
[2025-02-10T10:04:15.436+0000] {spark_submit.py:491} INFO - found org.apache.hadoop#hadoop-aws;3.3.1 in central
[2025-02-10T10:04:15.476+0000] {spark_submit.py:491} INFO - found org.wildfly.openssl#wildfly-openssl;1.0.7.Final in central
[2025-02-10T10:04:15.499+0000] {spark_submit.py:491} INFO - found com.amazonaws#aws-java-sdk-bundle;1.12.539 in central
[2025-02-10T10:04:15.524+0000] {spark_submit.py:491} INFO - found org.apache.iceberg#iceberg-spark-runtime-3.4_2.12;1.3.1 in central
[2025-02-10T10:04:15.588+0000] {spark_submit.py:491} INFO - :: resolution report :: resolve 872ms :: artifacts dl 35ms
[2025-02-10T10:04:15.588+0000] {spark_submit.py:491} INFO - :: modules in use:
[2025-02-10T10:04:15.589+0000] {spark_submit.py:491} INFO - com.amazonaws#aws-java-sdk-bundle;1.12.539 from central in [default]
[2025-02-10T10:04:15.589+0000] {spark_submit.py:491} INFO - com.chuusai#shapeless_2.12;2.3.7 from central in [default]
[2025-02-10T10:04:15.590+0000] {spark_submit.py:491} INFO - com.lihaoyi#geny_2.12;1.0.0 from central in [default]
[2025-02-10T10:04:15.591+0000] {spark_submit.py:491} INFO - com.lihaoyi#requests_2.12;0.8.0 from central in [default]
[2025-02-10T10:04:15.591+0000] {spark_submit.py:491} INFO - com.typesafe#config;1.4.2 from central in [default]
[2025-02-10T10:04:15.592+0000] {spark_submit.py:491} INFO - io.circe#circe-core_2.12;0.14.1 from central in [default]
[2025-02-10T10:04:15.592+0000] {spark_submit.py:491} INFO - io.circe#circe-generic_2.12;0.14.1 from central in [default]
[2025-02-10T10:04:15.592+0000] {spark_submit.py:491} INFO - io.circe#circe-jawn_2.12;0.14.1 from central in [default]
[2025-02-10T10:04:15.596+0000] {spark_submit.py:491} INFO - io.circe#circe-numbers_2.12;0.14.1 from central in [default]
[2025-02-10T10:04:15.597+0000] {spark_submit.py:491} INFO - io.circe#circe-parser_2.12;0.14.1 from central in [default]
[2025-02-10T10:04:15.598+0000] {spark_submit.py:491} INFO - org.apache.hadoop#hadoop-aws;3.3.1 from central in [default]
[2025-02-10T10:04:15.598+0000] {spark_submit.py:491} INFO - org.apache.iceberg#iceberg-spark-runtime-3.4_2.12;1.3.1 from central in [default]
[2025-02-10T10:04:15.599+0000] {spark_submit.py:491} INFO - org.typelevel#cats-core_2.12;2.6.1 from central in [default]
[2025-02-10T10:04:15.599+0000] {spark_submit.py:491} INFO - org.typelevel#cats-kernel_2.12;2.6.1 from central in [default]
[2025-02-10T10:04:15.600+0000] {spark_submit.py:491} INFO - org.typelevel#jawn-parser_2.12;1.1.2 from central in [default]
[2025-02-10T10:04:15.600+0000] {spark_submit.py:491} INFO - org.typelevel#simulacrum-scalafix-annotations_2.12;0.5.4 from central in [default]
[2025-02-10T10:04:15.602+0000] {spark_submit.py:491} INFO - org.wildfly.openssl#wildfly-openssl;1.0.7.Final from central in [default]
[2025-02-10T10:04:15.603+0000] {spark_submit.py:491} INFO - :: evicted modules:
[2025-02-10T10:04:15.603+0000] {spark_submit.py:491} INFO - com.amazonaws#aws-java-sdk-bundle;1.11.901 by [com.amazonaws#aws-java-sdk-bundle;1.12.539] in [default]
[2025-02-10T10:04:15.606+0000] {spark_submit.py:491} INFO - ---------------------------------------------------------------------
[2025-02-10T10:04:15.606+0000] {spark_submit.py:491} INFO - |                  |            modules            ||   artifacts   |
[2025-02-10T10:04:15.607+0000] {spark_submit.py:491} INFO - |       conf       | number| search|dwnlded|evicted|| number|dwnlded|
[2025-02-10T10:04:15.607+0000] {spark_submit.py:491} INFO - ---------------------------------------------------------------------
[2025-02-10T10:04:15.608+0000] {spark_submit.py:491} INFO - |      default     |   18  |   0   |   0   |   1   ||   17  |   0   |
[2025-02-10T10:04:15.609+0000] {spark_submit.py:491} INFO - ---------------------------------------------------------------------
[2025-02-10T10:04:15.609+0000] {spark_submit.py:491} INFO - :: retrieving :: org.apache.spark#spark-submit-parent-529db4ab-b23f-4f0b-a9ce-6fef05918d32
[2025-02-10T10:04:15.610+0000] {spark_submit.py:491} INFO - confs: [default]
[2025-02-10T10:04:15.626+0000] {spark_submit.py:491} INFO - 0 artifacts copied, 17 already retrieved (0kB/22ms)
[2025-02-10T10:04:16.045+0000] {spark_submit.py:491} INFO - 25/02/10 10:04:16 WARN NativeCodeLoader: Unable to load native-hadoop library for your platform... using builtin-java classes where applicable
[2025-02-10T10:04:16.466+0000] {spark_submit.py:491} INFO - Main class:
[2025-02-10T10:04:16.469+0000] {spark_submit.py:491} INFO - com.Main
[2025-02-10T10:04:16.473+0000] {spark_submit.py:491} INFO - Arguments:
[2025-02-10T10:04:16.473+0000] {spark_submit.py:491} INFO - gold
[2025-02-10T10:04:16.474+0000] {spark_submit.py:491} INFO - Spark config:
[2025-02-10T10:04:16.475+0000] {spark_submit.py:491} INFO - (spark.app.name,arrow-spark)
[2025-02-10T10:04:16.476+0000] {spark_submit.py:491} INFO - (spark.app.submitTime,1739181856427)
[2025-02-10T10:04:16.476+0000] {spark_submit.py:491} INFO - (spark.driver.extraClassPath,/opt/***/jars/*)
[2025-02-10T10:04:16.478+0000] {spark_submit.py:491} INFO - (spark.driver.userClassPathFirst,true)
[2025-02-10T10:04:16.478+0000] {spark_submit.py:491} INFO - (spark.executor.extraClassPath,/opt/***/jars/*)
[2025-02-10T10:04:16.479+0000] {spark_submit.py:491} INFO - (spark.executor.userClassPathFirst,true)
[2025-02-10T10:04:16.482+0000] {spark_submit.py:491} INFO - (spark.hadoop.fs.s3a.access.key,*********(redacted))
[2025-02-10T10:04:16.483+0000] {spark_submit.py:491} INFO - (spark.hadoop.fs.s3a.aws.credentials.provider,org.apache.hadoop.fs.s3a.SimpleAWSCredentialsProvider)
[2025-02-10T10:04:16.483+0000] {spark_submit.py:491} INFO - (spark.hadoop.fs.s3a.endpoint,http://minio:9000)
[2025-02-10T10:04:16.484+0000] {spark_submit.py:491} INFO - (spark.hadoop.fs.s3a.impl,org.apache.hadoop.fs.s3a.S3AFileSystem)
[2025-02-10T10:04:16.484+0000] {spark_submit.py:491} INFO - (spark.hadoop.fs.s3a.path.style.access,true)
[2025-02-10T10:04:16.485+0000] {spark_submit.py:491} INFO - (spark.hadoop.fs.s3a.secret.key,*********(redacted))
[2025-02-10T10:04:16.485+0000] {spark_submit.py:491} INFO - (spark.jars,file:///home/***/.ivy2/jars/com.typesafe_config-1.4.2.jar,file:///home/***/.ivy2/jars/com.lihaoyi_requests_2.12-0.8.0.jar,file:///home/***/.ivy2/jars/io.circe_circe-core_2.12-0.14.1.jar,file:///home/***/.ivy2/jars/io.circe_circe-parser_2.12-0.14.1.jar,file:///home/***/.ivy2/jars/io.circe_circe-generic_2.12-0.14.1.jar,file:///home/***/.ivy2/jars/org.apache.hadoop_hadoop-aws-3.3.1.jar,file:///home/***/.ivy2/jars/com.amazonaws_aws-java-sdk-bundle-1.12.539.jar,file:///home/***/.ivy2/jars/org.apache.iceberg_iceberg-spark-runtime-3.4_2.12-1.3.1.jar,file:///home/***/.ivy2/jars/com.lihaoyi_geny_2.12-1.0.0.jar,file:///home/***/.ivy2/jars/io.circe_circe-numbers_2.12-0.14.1.jar,file:///home/***/.ivy2/jars/org.typelevel_cats-core_2.12-2.6.1.jar,file:///home/***/.ivy2/jars/org.typelevel_cats-kernel_2.12-2.6.1.jar,file:///home/***/.ivy2/jars/org.typelevel_simulacrum-scalafix-annotations_2.12-0.5.4.jar,file:///home/***/.ivy2/jars/io.circe_circe-jawn_2.12-0.14.1.jar,file:///home/***/.ivy2/jars/org.typelevel_jawn-parser_2.12-1.1.2.jar,file:///home/***/.ivy2/jars/com.chuusai_shapeless_2.12-2.3.7.jar,file:///home/***/.ivy2/jars/org.wildfly.openssl_wildfly-openssl-1.0.7.Final.jar,file:/opt/***/jars/scala-maven-project-2.0-SNAPSHOT.jar)
[2025-02-10T10:04:16.486+0000] {spark_submit.py:491} INFO - (spark.jars.packages,com.typesafe:config:1.4.2,com.lihaoyi:requests_2.12:0.8.0,io.circe:circe-core_2.12:0.14.1,io.circe:circe-parser_2.12:0.14.1,io.circe:circe-generic_2.12:0.14.1,org.apache.hadoop:hadoop-aws:3.3.1,com.amazonaws:aws-java-sdk-bundle:1.12.539,org.apache.iceberg:iceberg-spark-runtime-3.4_2.12:1.3.1)
[2025-02-10T10:04:16.487+0000] {spark_submit.py:491} INFO - (spark.master,spark://spark:7077)
[2025-02-10T10:04:16.488+0000] {spark_submit.py:491} INFO - (spark.repl.local.jars,file:///home/***/.ivy2/jars/com.typesafe_config-1.4.2.jar,file:///home/***/.ivy2/jars/com.lihaoyi_requests_2.12-0.8.0.jar,file:///home/***/.ivy2/jars/io.circe_circe-core_2.12-0.14.1.jar,file:///home/***/.ivy2/jars/io.circe_circe-parser_2.12-0.14.1.jar,file:///home/***/.ivy2/jars/io.circe_circe-generic_2.12-0.14.1.jar,file:///home/***/.ivy2/jars/org.apache.hadoop_hadoop-aws-3.3.1.jar,file:///home/***/.ivy2/jars/com.amazonaws_aws-java-sdk-bundle-1.12.539.jar,file:///home/***/.ivy2/jars/org.apache.iceberg_iceberg-spark-runtime-3.4_2.12-1.3.1.jar,file:///home/***/.ivy2/jars/com.lihaoyi_geny_2.12-1.0.0.jar,file:///home/***/.ivy2/jars/io.circe_circe-numbers_2.12-0.14.1.jar,file:///home/***/.ivy2/jars/org.typelevel_cats-core_2.12-2.6.1.jar,file:///home/***/.ivy2/jars/org.typelevel_cats-kernel_2.12-2.6.1.jar,file:///home/***/.ivy2/jars/org.typelevel_simulacrum-scalafix-annotations_2.12-0.5.4.jar,file:///home/***/.ivy2/jars/io.circe_circe-jawn_2.12-0.14.1.jar,file:///home/***/.ivy2/jars/org.typelevel_jawn-parser_2.12-1.1.2.jar,file:///home/***/.ivy2/jars/com.chuusai_shapeless_2.12-2.3.7.jar,file:///home/***/.ivy2/jars/org.wildfly.openssl_wildfly-openssl-1.0.7.Final.jar)
[2025-02-10T10:04:16.490+0000] {spark_submit.py:491} INFO - (spark.sql.catalog.gold_catalog,org.apache.iceberg.spark.SparkCatalog)
[2025-02-10T10:04:16.491+0000] {spark_submit.py:491} INFO - (spark.sql.catalog.gold_catalog.type,hadoop)
[2025-02-10T10:04:16.492+0000] {spark_submit.py:491} INFO - (spark.sql.catalog.gold_catalog.warehouse,s3a://gold/)
[2025-02-10T10:04:16.493+0000] {spark_submit.py:491} INFO - (spark.sql.catalog.silver_catalog,org.apache.iceberg.spark.SparkCatalog)
[2025-02-10T10:04:16.494+0000] {spark_submit.py:491} INFO - (spark.sql.catalog.silver_catalog.type,hadoop)
[2025-02-10T10:04:16.495+0000] {spark_submit.py:491} INFO - (spark.sql.catalog.silver_catalog.warehouse,s3a://silver/)
[2025-02-10T10:04:16.495+0000] {spark_submit.py:491} INFO - (spark.sql.extensions,org.apache.iceberg.spark.extensions.IcebergSparkSessionExtensions)
[2025-02-10T10:04:16.496+0000] {spark_submit.py:491} INFO - (spark.submit.deployMode,client)
[2025-02-10T10:04:16.496+0000] {spark_submit.py:491} INFO - (spark.submit.pyFiles,)
[2025-02-10T10:04:16.497+0000] {spark_submit.py:491} INFO - Classpath elements:
[2025-02-10T10:04:16.499+0000] {spark_submit.py:491} INFO - file:/opt/***/jars/scala-maven-project-2.0-SNAPSHOT.jar
[2025-02-10T10:04:16.499+0000] {spark_submit.py:491} INFO - file:///home/***/.ivy2/jars/com.typesafe_config-1.4.2.jar
[2025-02-10T10:04:16.500+0000] {spark_submit.py:491} INFO - file:///home/***/.ivy2/jars/com.lihaoyi_requests_2.12-0.8.0.jar
[2025-02-10T10:04:16.501+0000] {spark_submit.py:491} INFO - file:///home/***/.ivy2/jars/io.circe_circe-core_2.12-0.14.1.jar
[2025-02-10T10:04:16.501+0000] {spark_submit.py:491} INFO - file:///home/***/.ivy2/jars/io.circe_circe-parser_2.12-0.14.1.jar
[2025-02-10T10:04:16.502+0000] {spark_submit.py:491} INFO - file:///home/***/.ivy2/jars/io.circe_circe-generic_2.12-0.14.1.jar
[2025-02-10T10:04:16.503+0000] {spark_submit.py:491} INFO - file:///home/***/.ivy2/jars/org.apache.hadoop_hadoop-aws-3.3.1.jar
[2025-02-10T10:04:16.504+0000] {spark_submit.py:491} INFO - file:///home/***/.ivy2/jars/com.amazonaws_aws-java-sdk-bundle-1.12.539.jar
[2025-02-10T10:04:16.504+0000] {spark_submit.py:491} INFO - file:///home/***/.ivy2/jars/org.apache.iceberg_iceberg-spark-runtime-3.4_2.12-1.3.1.jar
[2025-02-10T10:04:16.505+0000] {spark_submit.py:491} INFO - file:///home/***/.ivy2/jars/com.lihaoyi_geny_2.12-1.0.0.jar
[2025-02-10T10:04:16.505+0000] {spark_submit.py:491} INFO - file:///home/***/.ivy2/jars/io.circe_circe-numbers_2.12-0.14.1.jar
[2025-02-10T10:04:16.506+0000] {spark_submit.py:491} INFO - file:///home/***/.ivy2/jars/org.typelevel_cats-core_2.12-2.6.1.jar
[2025-02-10T10:04:16.506+0000] {spark_submit.py:491} INFO - file:///home/***/.ivy2/jars/org.typelevel_cats-kernel_2.12-2.6.1.jar
[2025-02-10T10:04:16.507+0000] {spark_submit.py:491} INFO - file:///home/***/.ivy2/jars/org.typelevel_simulacrum-scalafix-annotations_2.12-0.5.4.jar
[2025-02-10T10:04:16.507+0000] {spark_submit.py:491} INFO - file:///home/***/.ivy2/jars/io.circe_circe-jawn_2.12-0.14.1.jar
[2025-02-10T10:04:16.508+0000] {spark_submit.py:491} INFO - file:///home/***/.ivy2/jars/org.typelevel_jawn-parser_2.12-1.1.2.jar
[2025-02-10T10:04:16.509+0000] {spark_submit.py:491} INFO - file:///home/***/.ivy2/jars/com.chuusai_shapeless_2.12-2.3.7.jar
[2025-02-10T10:04:16.509+0000] {spark_submit.py:491} INFO - file:///home/***/.ivy2/jars/org.wildfly.openssl_wildfly-openssl-1.0.7.Final.jar
[2025-02-10T10:04:16.510+0000] {spark_submit.py:491} INFO - 
[2025-02-10T10:04:16.511+0000] {spark_submit.py:491} INFO - 
[2025-02-10T10:04:16.747+0000] {spark_submit.py:491} INFO - Starting data ingestion process (Gold)...
[2025-02-10T10:04:16.817+0000] {spark_submit.py:491} INFO - 25/02/10 10:04:16 INFO SparkContext: Running Spark version 3.4.0
[2025-02-10T10:04:16.859+0000] {spark_submit.py:491} INFO - 25/02/10 10:04:16 INFO ResourceUtils: ==============================================================
[2025-02-10T10:04:16.860+0000] {spark_submit.py:491} INFO - 25/02/10 10:04:16 INFO ResourceUtils: No custom resources configured for spark.driver.
[2025-02-10T10:04:16.861+0000] {spark_submit.py:491} INFO - 25/02/10 10:04:16 INFO ResourceUtils: ==============================================================
[2025-02-10T10:04:16.862+0000] {spark_submit.py:491} INFO - 25/02/10 10:04:16 INFO SparkContext: Submitted application: Gold Process
[2025-02-10T10:04:16.906+0000] {spark_submit.py:491} INFO - 25/02/10 10:04:16 INFO ResourceProfile: Default ResourceProfile created, executor resources: Map(memory -> name: memory, amount: 1024, script: , vendor: , offHeap -> name: offHeap, amount: 0, script: , vendor: ), task resources: Map(cpus -> name: cpus, amount: 1.0)
[2025-02-10T10:04:16.932+0000] {spark_submit.py:491} INFO - 25/02/10 10:04:16 INFO ResourceProfile: Limiting resource is cpu
[2025-02-10T10:04:16.933+0000] {spark_submit.py:491} INFO - 25/02/10 10:04:16 INFO ResourceProfileManager: Added ResourceProfile id: 0
[2025-02-10T10:04:17.069+0000] {spark_submit.py:491} INFO - 25/02/10 10:04:17 INFO SecurityManager: Changing view acls to: ***
[2025-02-10T10:04:17.070+0000] {spark_submit.py:491} INFO - 25/02/10 10:04:17 INFO SecurityManager: Changing modify acls to: ***
[2025-02-10T10:04:17.071+0000] {spark_submit.py:491} INFO - 25/02/10 10:04:17 INFO SecurityManager: Changing view acls groups to:
[2025-02-10T10:04:17.072+0000] {spark_submit.py:491} INFO - 25/02/10 10:04:17 INFO SecurityManager: Changing modify acls groups to:
[2025-02-10T10:04:17.073+0000] {spark_submit.py:491} INFO - 25/02/10 10:04:17 INFO SecurityManager: SecurityManager: authentication disabled; ui acls disabled; users with view permissions: ***; groups with view permissions: EMPTY; users with modify permissions: ***; groups with modify permissions: EMPTY
[2025-02-10T10:04:17.635+0000] {spark_submit.py:491} INFO - 25/02/10 10:04:17 INFO Utils: Successfully started service 'sparkDriver' on port 44165.
[2025-02-10T10:04:17.698+0000] {spark_submit.py:491} INFO - 25/02/10 10:04:17 INFO SparkEnv: Registering MapOutputTracker
[2025-02-10T10:04:17.759+0000] {spark_submit.py:491} INFO - 25/02/10 10:04:17 INFO SparkEnv: Registering BlockManagerMaster
[2025-02-10T10:04:17.795+0000] {spark_submit.py:491} INFO - 25/02/10 10:04:17 INFO BlockManagerMasterEndpoint: Using org.apache.spark.storage.DefaultTopologyMapper for getting topology information
[2025-02-10T10:04:17.796+0000] {spark_submit.py:491} INFO - 25/02/10 10:04:17 INFO BlockManagerMasterEndpoint: BlockManagerMasterEndpoint up
[2025-02-10T10:04:17.801+0000] {spark_submit.py:491} INFO - 25/02/10 10:04:17 INFO SparkEnv: Registering BlockManagerMasterHeartbeat
[2025-02-10T10:04:17.842+0000] {spark_submit.py:491} INFO - 25/02/10 10:04:17 INFO DiskBlockManager: Created local directory at /tmp/blockmgr-f436a2b1-075d-407f-b846-d28e4a238f0f
[2025-02-10T10:04:17.876+0000] {spark_submit.py:491} INFO - 25/02/10 10:04:17 INFO MemoryStore: MemoryStore started with capacity 434.4 MiB
[2025-02-10T10:04:17.915+0000] {spark_submit.py:491} INFO - 25/02/10 10:04:17 INFO SparkEnv: Registering OutputCommitCoordinator
[2025-02-10T10:04:18.274+0000] {spark_submit.py:491} INFO - 25/02/10 10:04:18 INFO JettyUtils: Start Jetty 0.0.0.0:4040 for SparkUI
[2025-02-10T10:04:18.432+0000] {spark_submit.py:491} INFO - 25/02/10 10:04:18 INFO Utils: Successfully started service 'SparkUI' on port 4040.
[2025-02-10T10:04:18.523+0000] {spark_submit.py:491} INFO - 25/02/10 10:04:18 INFO SparkContext: Added JAR file:///home/***/.ivy2/jars/com.typesafe_config-1.4.2.jar at spark://4ace1a0fe0eb:44165/jars/com.typesafe_config-1.4.2.jar with timestamp 1739181856797
[2025-02-10T10:04:18.525+0000] {spark_submit.py:491} INFO - 25/02/10 10:04:18 INFO SparkContext: Added JAR file:///home/***/.ivy2/jars/com.lihaoyi_requests_2.12-0.8.0.jar at spark://4ace1a0fe0eb:44165/jars/com.lihaoyi_requests_2.12-0.8.0.jar with timestamp 1739181856797
[2025-02-10T10:04:18.528+0000] {spark_submit.py:491} INFO - 25/02/10 10:04:18 INFO SparkContext: Added JAR file:///home/***/.ivy2/jars/io.circe_circe-core_2.12-0.14.1.jar at spark://4ace1a0fe0eb:44165/jars/io.circe_circe-core_2.12-0.14.1.jar with timestamp 1739181856797
[2025-02-10T10:04:18.529+0000] {spark_submit.py:491} INFO - 25/02/10 10:04:18 INFO SparkContext: Added JAR file:///home/***/.ivy2/jars/io.circe_circe-parser_2.12-0.14.1.jar at spark://4ace1a0fe0eb:44165/jars/io.circe_circe-parser_2.12-0.14.1.jar with timestamp 1739181856797
[2025-02-10T10:04:18.530+0000] {spark_submit.py:491} INFO - 25/02/10 10:04:18 INFO SparkContext: Added JAR file:///home/***/.ivy2/jars/io.circe_circe-generic_2.12-0.14.1.jar at spark://4ace1a0fe0eb:44165/jars/io.circe_circe-generic_2.12-0.14.1.jar with timestamp 1739181856797
[2025-02-10T10:04:18.531+0000] {spark_submit.py:491} INFO - 25/02/10 10:04:18 INFO SparkContext: Added JAR file:///home/***/.ivy2/jars/org.apache.hadoop_hadoop-aws-3.3.1.jar at spark://4ace1a0fe0eb:44165/jars/org.apache.hadoop_hadoop-aws-3.3.1.jar with timestamp 1739181856797
[2025-02-10T10:04:18.532+0000] {spark_submit.py:491} INFO - 25/02/10 10:04:18 INFO SparkContext: Added JAR file:///home/***/.ivy2/jars/com.amazonaws_aws-java-sdk-bundle-1.12.539.jar at spark://4ace1a0fe0eb:44165/jars/com.amazonaws_aws-java-sdk-bundle-1.12.539.jar with timestamp 1739181856797
[2025-02-10T10:04:18.533+0000] {spark_submit.py:491} INFO - 25/02/10 10:04:18 INFO SparkContext: Added JAR file:///home/***/.ivy2/jars/org.apache.iceberg_iceberg-spark-runtime-3.4_2.12-1.3.1.jar at spark://4ace1a0fe0eb:44165/jars/org.apache.iceberg_iceberg-spark-runtime-3.4_2.12-1.3.1.jar with timestamp 1739181856797
[2025-02-10T10:04:18.534+0000] {spark_submit.py:491} INFO - 25/02/10 10:04:18 INFO SparkContext: Added JAR file:///home/***/.ivy2/jars/com.lihaoyi_geny_2.12-1.0.0.jar at spark://4ace1a0fe0eb:44165/jars/com.lihaoyi_geny_2.12-1.0.0.jar with timestamp 1739181856797
[2025-02-10T10:04:18.535+0000] {spark_submit.py:491} INFO - 25/02/10 10:04:18 INFO SparkContext: Added JAR file:///home/***/.ivy2/jars/io.circe_circe-numbers_2.12-0.14.1.jar at spark://4ace1a0fe0eb:44165/jars/io.circe_circe-numbers_2.12-0.14.1.jar with timestamp 1739181856797
[2025-02-10T10:04:18.536+0000] {spark_submit.py:491} INFO - 25/02/10 10:04:18 INFO SparkContext: Added JAR file:///home/***/.ivy2/jars/org.typelevel_cats-core_2.12-2.6.1.jar at spark://4ace1a0fe0eb:44165/jars/org.typelevel_cats-core_2.12-2.6.1.jar with timestamp 1739181856797
[2025-02-10T10:04:18.536+0000] {spark_submit.py:491} INFO - 25/02/10 10:04:18 INFO SparkContext: Added JAR file:///home/***/.ivy2/jars/org.typelevel_cats-kernel_2.12-2.6.1.jar at spark://4ace1a0fe0eb:44165/jars/org.typelevel_cats-kernel_2.12-2.6.1.jar with timestamp 1739181856797
[2025-02-10T10:04:18.537+0000] {spark_submit.py:491} INFO - 25/02/10 10:04:18 INFO SparkContext: Added JAR file:///home/***/.ivy2/jars/org.typelevel_simulacrum-scalafix-annotations_2.12-0.5.4.jar at spark://4ace1a0fe0eb:44165/jars/org.typelevel_simulacrum-scalafix-annotations_2.12-0.5.4.jar with timestamp 1739181856797
[2025-02-10T10:04:18.538+0000] {spark_submit.py:491} INFO - 25/02/10 10:04:18 INFO SparkContext: Added JAR file:///home/***/.ivy2/jars/io.circe_circe-jawn_2.12-0.14.1.jar at spark://4ace1a0fe0eb:44165/jars/io.circe_circe-jawn_2.12-0.14.1.jar with timestamp 1739181856797
[2025-02-10T10:04:18.539+0000] {spark_submit.py:491} INFO - 25/02/10 10:04:18 INFO SparkContext: Added JAR file:///home/***/.ivy2/jars/org.typelevel_jawn-parser_2.12-1.1.2.jar at spark://4ace1a0fe0eb:44165/jars/org.typelevel_jawn-parser_2.12-1.1.2.jar with timestamp 1739181856797
[2025-02-10T10:04:18.540+0000] {spark_submit.py:491} INFO - 25/02/10 10:04:18 INFO SparkContext: Added JAR file:///home/***/.ivy2/jars/com.chuusai_shapeless_2.12-2.3.7.jar at spark://4ace1a0fe0eb:44165/jars/com.chuusai_shapeless_2.12-2.3.7.jar with timestamp 1739181856797
[2025-02-10T10:04:18.541+0000] {spark_submit.py:491} INFO - 25/02/10 10:04:18 INFO SparkContext: Added JAR file:///home/***/.ivy2/jars/org.wildfly.openssl_wildfly-openssl-1.0.7.Final.jar at spark://4ace1a0fe0eb:44165/jars/org.wildfly.openssl_wildfly-openssl-1.0.7.Final.jar with timestamp 1739181856797
[2025-02-10T10:04:18.542+0000] {spark_submit.py:491} INFO - 25/02/10 10:04:18 INFO SparkContext: Added JAR file:/opt/***/jars/scala-maven-project-2.0-SNAPSHOT.jar at spark://4ace1a0fe0eb:44165/jars/scala-maven-project-2.0-SNAPSHOT.jar with timestamp 1739181856797
[2025-02-10T10:04:18.704+0000] {spark_submit.py:491} INFO - 25/02/10 10:04:18 INFO StandaloneAppClient$ClientEndpoint: Connecting to master spark://spark:7077...
[2025-02-10T10:04:18.785+0000] {spark_submit.py:491} INFO - 25/02/10 10:04:18 INFO TransportClientFactory: Successfully created connection to spark/172.18.0.2:7077 after 45 ms (0 ms spent in bootstraps)
[2025-02-10T10:04:18.960+0000] {spark_submit.py:491} INFO - 25/02/10 10:04:18 INFO StandaloneSchedulerBackend: Connected to Spark cluster with app ID app-20250210100418-0002
[2025-02-10T10:04:18.970+0000] {spark_submit.py:491} INFO - 25/02/10 10:04:18 INFO StandaloneAppClient$ClientEndpoint: Executor added: app-20250210100418-0002/0 on worker-20250210093813-172.18.0.5-36199 (172.18.0.5:36199) with 2 core(s)
[2025-02-10T10:04:18.974+0000] {spark_submit.py:491} INFO - 25/02/10 10:04:18 INFO StandaloneSchedulerBackend: Granted executor ID app-20250210100418-0002/0 on hostPort 172.18.0.5:36199 with 2 core(s), 1024.0 MiB RAM
[2025-02-10T10:04:18.978+0000] {spark_submit.py:491} INFO - 25/02/10 10:04:18 INFO Utils: Successfully started service 'org.apache.spark.network.netty.NettyBlockTransferService' on port 37937.
[2025-02-10T10:04:18.979+0000] {spark_submit.py:491} INFO - 25/02/10 10:04:18 INFO NettyBlockTransferService: Server created on 4ace1a0fe0eb:37937
[2025-02-10T10:04:18.982+0000] {spark_submit.py:491} INFO - 25/02/10 10:04:18 INFO BlockManager: Using org.apache.spark.storage.RandomBlockReplicationPolicy for block replication policy
[2025-02-10T10:04:18.995+0000] {spark_submit.py:491} INFO - 25/02/10 10:04:18 INFO BlockManagerMaster: Registering BlockManager BlockManagerId(driver, 4ace1a0fe0eb, 37937, None)
[2025-02-10T10:04:19.002+0000] {spark_submit.py:491} INFO - 25/02/10 10:04:19 INFO BlockManagerMasterEndpoint: Registering block manager 4ace1a0fe0eb:37937 with 434.4 MiB RAM, BlockManagerId(driver, 4ace1a0fe0eb, 37937, None)
[2025-02-10T10:04:19.003+0000] {spark_submit.py:491} INFO - 25/02/10 10:04:19 INFO BlockManagerMaster: Registered BlockManager BlockManagerId(driver, 4ace1a0fe0eb, 37937, None)
[2025-02-10T10:04:19.005+0000] {spark_submit.py:491} INFO - 25/02/10 10:04:19 INFO BlockManager: Initialized BlockManager: BlockManagerId(driver, 4ace1a0fe0eb, 37937, None)
[2025-02-10T10:04:19.168+0000] {spark_submit.py:491} INFO - 25/02/10 10:04:19 INFO StandaloneAppClient$ClientEndpoint: Executor updated: app-20250210100418-0002/0 is now RUNNING
[2025-02-10T10:04:19.424+0000] {spark_submit.py:491} INFO - 25/02/10 10:04:19 INFO StandaloneSchedulerBackend: SchedulerBackend is ready for scheduling beginning after reached minRegisteredResourcesRatio: 0.0
[2025-02-10T10:04:19.745+0000] {spark_submit.py:491} INFO - 25/02/10 10:04:19 INFO SharedState: Setting hive.metastore.warehouse.dir ('null') to the value of spark.sql.warehouse.dir.
[2025-02-10T10:04:19.750+0000] {spark_submit.py:491} INFO - 25/02/10 10:04:19 INFO SharedState: Warehouse path is 'file:/opt/***/spark-warehouse'.
[2025-02-10T10:04:22.511+0000] {spark_submit.py:491} INFO - 25/02/10 10:04:22 WARN MetricsConfig: Cannot locate configuration: tried hadoop-metrics2-s3a-file-system.properties,hadoop-metrics2.properties
[2025-02-10T10:04:22.547+0000] {spark_submit.py:491} INFO - 25/02/10 10:04:22 INFO MetricsSystemImpl: Scheduled Metric snapshot period at 10 second(s).
[2025-02-10T10:04:22.548+0000] {spark_submit.py:491} INFO - 25/02/10 10:04:22 INFO MetricsSystemImpl: s3a-file-system metrics system started
[2025-02-10T10:04:26.765+0000] {spark_submit.py:491} INFO - 25/02/10 10:04:26 INFO StandaloneSchedulerBackend$StandaloneDriverEndpoint: Registered executor NettyRpcEndpointRef(spark-client://Executor) (172.18.0.5:36256) with ID 0,  ResourceProfileId 0
[2025-02-10T10:04:26.925+0000] {spark_submit.py:491} INFO - 25/02/10 10:04:26 INFO BlockManagerMasterEndpoint: Registering block manager 172.18.0.5:42751 with 434.4 MiB RAM, BlockManagerId(0, 172.18.0.5, 42751, None)
[2025-02-10T10:04:36.008+0000] {spark_submit.py:491} INFO - Reading dfProductSilver from Silver layer
[2025-02-10T10:04:37.921+0000] {spark_submit.py:491} INFO - Reading dfUsersSilver from Silver layer
[2025-02-10T10:04:38.122+0000] {spark_submit.py:491} INFO - Processing Product Information for Gold layer
[2025-02-10T10:04:38.125+0000] {spark_submit.py:491} INFO - Starting Product processing
[2025-02-10T10:04:38.461+0000] {spark_submit.py:491} INFO - Writing Processed Product Information to Gold layer
[2025-02-10T10:04:38.466+0000] {spark_submit.py:491} INFO - Starting to write gold_catalog.infoProducts
[2025-02-10T10:04:40.457+0000] {spark_submit.py:491} INFO - 25/02/10 10:04:40 INFO V2ScanRelationPushDown:
[2025-02-10T10:04:40.460+0000] {spark_submit.py:491} INFO - Pushing operators to silver_catalog.products
[2025-02-10T10:04:40.461+0000] {spark_submit.py:491} INFO - Pushed Filters: IsNotNull(DateIngestion), EqualTo(DateIngestion,2025-02-10)
[2025-02-10T10:04:40.461+0000] {spark_submit.py:491} INFO - Post-Scan Filters:
[2025-02-10T10:04:40.462+0000] {spark_submit.py:491} INFO - 
[2025-02-10T10:04:40.535+0000] {spark_submit.py:491} INFO - 25/02/10 10:04:40 INFO V2ScanRelationPushDown:
[2025-02-10T10:04:40.536+0000] {spark_submit.py:491} INFO - Output: id#0, title#1, price#2, category#5, price_range#7, popularity#8, DateIngestion#10
[2025-02-10T10:04:40.536+0000] {spark_submit.py:491} INFO - 
[2025-02-10T10:04:41.823+0000] {spark_submit.py:491} INFO - 25/02/10 10:04:41 INFO MemoryStore: Block broadcast_0 stored as values in memory (estimated size 32.0 KiB, free 434.4 MiB)
[2025-02-10T10:04:42.040+0000] {spark_submit.py:491} INFO - 25/02/10 10:04:42 INFO MemoryStore: Block broadcast_0_piece0 stored as bytes in memory (estimated size 31.0 KiB, free 434.3 MiB)
[2025-02-10T10:04:42.048+0000] {spark_submit.py:491} INFO - 25/02/10 10:04:42 INFO BlockManagerInfo: Added broadcast_0_piece0 in memory on 4ace1a0fe0eb:37937 (size: 31.0 KiB, free: 434.4 MiB)
[2025-02-10T10:04:42.128+0000] {spark_submit.py:491} INFO - 25/02/10 10:04:42 INFO SparkContext: Created broadcast 0 from broadcast at SparkBatch.java:77
[2025-02-10T10:04:42.292+0000] {spark_submit.py:491} INFO - 25/02/10 10:04:42 INFO MemoryStore: Block broadcast_1 stored as values in memory (estimated size 32.0 KiB, free 434.3 MiB)
[2025-02-10T10:04:42.322+0000] {spark_submit.py:491} INFO - 25/02/10 10:04:42 INFO MemoryStore: Block broadcast_1_piece0 stored as bytes in memory (estimated size 31.0 KiB, free 434.3 MiB)
[2025-02-10T10:04:42.325+0000] {spark_submit.py:491} INFO - 25/02/10 10:04:42 INFO BlockManagerInfo: Added broadcast_1_piece0 in memory on 4ace1a0fe0eb:37937 (size: 31.0 KiB, free: 434.3 MiB)
[2025-02-10T10:04:42.329+0000] {spark_submit.py:491} INFO - 25/02/10 10:04:42 INFO SparkContext: Created broadcast 1 from broadcast at SparkBatch.java:77
[2025-02-10T10:04:43.102+0000] {spark_submit.py:491} INFO - 25/02/10 10:04:43 INFO CodeGenerator: Code generated in 388.459397 ms
[2025-02-10T10:04:43.262+0000] {spark_submit.py:491} INFO - 25/02/10 10:04:43 INFO DAGScheduler: Registering RDD 3 (save at WriterIcebergBase.scala:33) as input to shuffle 0
[2025-02-10T10:04:43.270+0000] {spark_submit.py:491} INFO - 25/02/10 10:04:43 INFO DAGScheduler: Got map stage job 0 (save at WriterIcebergBase.scala:33) with 1 output partitions
[2025-02-10T10:04:43.271+0000] {spark_submit.py:491} INFO - 25/02/10 10:04:43 INFO DAGScheduler: Final stage: ShuffleMapStage 0 (save at WriterIcebergBase.scala:33)
[2025-02-10T10:04:43.272+0000] {spark_submit.py:491} INFO - 25/02/10 10:04:43 INFO DAGScheduler: Parents of final stage: List()
[2025-02-10T10:04:43.273+0000] {spark_submit.py:491} INFO - 25/02/10 10:04:43 INFO DAGScheduler: Missing parents: List()
[2025-02-10T10:04:43.279+0000] {spark_submit.py:491} INFO - 25/02/10 10:04:43 INFO DAGScheduler: Submitting ShuffleMapStage 0 (MapPartitionsRDD[3] at save at WriterIcebergBase.scala:33), which has no missing parents
[2025-02-10T10:04:43.417+0000] {spark_submit.py:491} INFO - 25/02/10 10:04:43 INFO MemoryStore: Block broadcast_2 stored as values in memory (estimated size 17.3 KiB, free 434.3 MiB)
[2025-02-10T10:04:43.429+0000] {spark_submit.py:491} INFO - 25/02/10 10:04:43 INFO MemoryStore: Block broadcast_2_piece0 stored as bytes in memory (estimated size 7.2 KiB, free 434.3 MiB)
[2025-02-10T10:04:43.430+0000] {spark_submit.py:491} INFO - 25/02/10 10:04:43 INFO BlockManagerInfo: Added broadcast_2_piece0 in memory on 4ace1a0fe0eb:37937 (size: 7.2 KiB, free: 434.3 MiB)
[2025-02-10T10:04:43.432+0000] {spark_submit.py:491} INFO - 25/02/10 10:04:43 INFO SparkContext: Created broadcast 2 from broadcast at DAGScheduler.scala:1535
[2025-02-10T10:04:43.453+0000] {spark_submit.py:491} INFO - 25/02/10 10:04:43 INFO DAGScheduler: Submitting 1 missing tasks from ShuffleMapStage 0 (MapPartitionsRDD[3] at save at WriterIcebergBase.scala:33) (first 15 tasks are for partitions Vector(0))
[2025-02-10T10:04:43.456+0000] {spark_submit.py:491} INFO - 25/02/10 10:04:43 INFO TaskSchedulerImpl: Adding task set 0.0 with 1 tasks resource profile 0
[2025-02-10T10:04:43.784+0000] {spark_submit.py:491} INFO - 25/02/10 10:04:43 INFO TaskSetManager: Starting task 0.0 in stage 0.0 (TID 0) (172.18.0.5, executor 0, partition 0, PROCESS_LOCAL, 14014 bytes)
[2025-02-10T10:04:45.824+0000] {spark_submit.py:491} INFO - 25/02/10 10:04:45 INFO BlockManagerInfo: Added broadcast_2_piece0 in memory on 172.18.0.5:42751 (size: 7.2 KiB, free: 434.4 MiB)
[2025-02-10T10:04:49.604+0000] {spark_submit.py:491} INFO - 25/02/10 10:04:49 INFO BlockManagerInfo: Added broadcast_1_piece0 in memory on 172.18.0.5:42751 (size: 31.0 KiB, free: 434.4 MiB)
[2025-02-10T10:04:56.035+0000] {spark_submit.py:491} INFO - 25/02/10 10:04:56 INFO TaskSetManager: Finished task 0.0 in stage 0.0 (TID 0) in 12359 ms on 172.18.0.5 (executor 0) (1/1)
[2025-02-10T10:04:56.054+0000] {spark_submit.py:491} INFO - 25/02/10 10:04:56 INFO TaskSchedulerImpl: Removed TaskSet 0.0, whose tasks have all completed, from pool
[2025-02-10T10:04:56.142+0000] {spark_submit.py:491} INFO - 25/02/10 10:04:56 INFO DAGScheduler: ShuffleMapStage 0 (save at WriterIcebergBase.scala:33) finished in 12.833 s
[2025-02-10T10:04:56.143+0000] {spark_submit.py:491} INFO - 25/02/10 10:04:56 INFO DAGScheduler: looking for newly runnable stages
[2025-02-10T10:04:56.145+0000] {spark_submit.py:491} INFO - 25/02/10 10:04:56 INFO DAGScheduler: running: Set()
[2025-02-10T10:04:56.146+0000] {spark_submit.py:491} INFO - 25/02/10 10:04:56 INFO DAGScheduler: waiting: Set()
[2025-02-10T10:04:56.147+0000] {spark_submit.py:491} INFO - 25/02/10 10:04:56 INFO DAGScheduler: failed: Set()
[2025-02-10T10:04:56.277+0000] {spark_submit.py:491} INFO - 25/02/10 10:04:56 INFO ShufflePartitionsUtil: For shuffle(0), advisory target size: 67108864, actual target size 1048576, minimum partition size: 1048576
[2025-02-10T10:04:56.479+0000] {spark_submit.py:491} INFO - 25/02/10 10:04:56 INFO CodeGenerator: Code generated in 104.532575 ms
[2025-02-10T10:04:56.648+0000] {spark_submit.py:491} INFO - 25/02/10 10:04:56 INFO MemoryStore: Block broadcast_3 stored as values in memory (estimated size 32.0 KiB, free 434.2 MiB)
[2025-02-10T10:04:56.726+0000] {spark_submit.py:491} INFO - 25/02/10 10:04:56 INFO MemoryStore: Block broadcast_3_piece0 stored as bytes in memory (estimated size 30.8 KiB, free 434.2 MiB)
[2025-02-10T10:04:56.729+0000] {spark_submit.py:491} INFO - 25/02/10 10:04:56 INFO BlockManagerInfo: Added broadcast_3_piece0 in memory on 4ace1a0fe0eb:37937 (size: 30.8 KiB, free: 434.3 MiB)
[2025-02-10T10:04:56.730+0000] {spark_submit.py:491} INFO - 25/02/10 10:04:56 INFO SparkContext: Created broadcast 3 from broadcast at SparkWrite.java:180
[2025-02-10T10:04:56.733+0000] {spark_submit.py:491} INFO - 25/02/10 10:04:56 INFO OverwriteByExpressionExec: Start processing data source write support: IcebergBatchWrite(table=gold_catalog.infoProducts, format=PARQUET). The input RDD has 1 partitions.
[2025-02-10T10:04:56.765+0000] {spark_submit.py:491} INFO - 25/02/10 10:04:56 INFO SparkContext: Starting job: save at WriterIcebergBase.scala:33
[2025-02-10T10:04:56.777+0000] {spark_submit.py:491} INFO - 25/02/10 10:04:56 INFO DAGScheduler: Got job 1 (save at WriterIcebergBase.scala:33) with 1 output partitions
[2025-02-10T10:04:56.778+0000] {spark_submit.py:491} INFO - 25/02/10 10:04:56 INFO DAGScheduler: Final stage: ResultStage 2 (save at WriterIcebergBase.scala:33)
[2025-02-10T10:04:56.782+0000] {spark_submit.py:491} INFO - 25/02/10 10:04:56 INFO DAGScheduler: Parents of final stage: List(ShuffleMapStage 1)
[2025-02-10T10:04:56.782+0000] {spark_submit.py:491} INFO - 25/02/10 10:04:56 INFO DAGScheduler: Missing parents: List()
[2025-02-10T10:04:56.785+0000] {spark_submit.py:491} INFO - 25/02/10 10:04:56 INFO DAGScheduler: Submitting ResultStage 2 (MapPartitionsRDD[5] at save at WriterIcebergBase.scala:33), which has no missing parents
[2025-02-10T10:04:56.792+0000] {spark_submit.py:491} INFO - 25/02/10 10:04:56 INFO BlockManagerInfo: Removed broadcast_2_piece0 on 4ace1a0fe0eb:37937 in memory (size: 7.2 KiB, free: 434.3 MiB)
[2025-02-10T10:04:56.829+0000] {spark_submit.py:491} INFO - 25/02/10 10:04:56 INFO MemoryStore: Block broadcast_4 stored as values in memory (estimated size 29.0 KiB, free 434.2 MiB)
[2025-02-10T10:04:56.833+0000] {spark_submit.py:491} INFO - 25/02/10 10:04:56 INFO BlockManagerInfo: Removed broadcast_2_piece0 on 172.18.0.5:42751 in memory (size: 7.2 KiB, free: 434.4 MiB)
[2025-02-10T10:04:56.898+0000] {spark_submit.py:491} INFO - 25/02/10 10:04:56 INFO MemoryStore: Block broadcast_4_piece0 stored as bytes in memory (estimated size 14.0 KiB, free 434.2 MiB)
[2025-02-10T10:04:56.901+0000] {spark_submit.py:491} INFO - 25/02/10 10:04:56 INFO BlockManagerInfo: Added broadcast_4_piece0 in memory on 4ace1a0fe0eb:37937 (size: 14.0 KiB, free: 434.3 MiB)
[2025-02-10T10:04:56.902+0000] {spark_submit.py:491} INFO - 25/02/10 10:04:56 INFO SparkContext: Created broadcast 4 from broadcast at DAGScheduler.scala:1535
[2025-02-10T10:04:56.907+0000] {spark_submit.py:491} INFO - 25/02/10 10:04:56 INFO DAGScheduler: Submitting 1 missing tasks from ResultStage 2 (MapPartitionsRDD[5] at save at WriterIcebergBase.scala:33) (first 15 tasks are for partitions Vector(0))
[2025-02-10T10:04:56.910+0000] {spark_submit.py:491} INFO - 25/02/10 10:04:56 INFO TaskSchedulerImpl: Adding task set 2.0 with 1 tasks resource profile 0
[2025-02-10T10:04:56.976+0000] {spark_submit.py:491} INFO - 25/02/10 10:04:56 INFO TaskSetManager: Starting task 0.0 in stage 2.0 (TID 1) (172.18.0.5, executor 0, partition 0, NODE_LOCAL, 7367 bytes)
[2025-02-10T10:04:57.068+0000] {spark_submit.py:491} INFO - 25/02/10 10:04:57 INFO BlockManagerInfo: Added broadcast_4_piece0 in memory on 172.18.0.5:42751 (size: 14.0 KiB, free: 434.4 MiB)
[2025-02-10T10:04:58.087+0000] {spark_submit.py:491} INFO - 25/02/10 10:04:58 INFO MapOutputTrackerMasterEndpoint: Asked to send map output locations for shuffle 0 to 172.18.0.5:36256
[2025-02-10T10:04:59.762+0000] {spark_submit.py:491} INFO - 25/02/10 10:04:59 INFO BlockManagerInfo: Added broadcast_3_piece0 in memory on 172.18.0.5:42751 (size: 30.8 KiB, free: 434.3 MiB)
[2025-02-10T10:05:02.197+0000] {spark_submit.py:491} INFO - 25/02/10 10:05:02 INFO TaskSetManager: Finished task 0.0 in stage 2.0 (TID 1) in 5224 ms on 172.18.0.5 (executor 0) (1/1)
[2025-02-10T10:05:02.203+0000] {spark_submit.py:491} INFO - 25/02/10 10:05:02 INFO TaskSchedulerImpl: Removed TaskSet 2.0, whose tasks have all completed, from pool
[2025-02-10T10:05:02.230+0000] {spark_submit.py:491} INFO - 25/02/10 10:05:02 INFO DAGScheduler: ResultStage 2 (save at WriterIcebergBase.scala:33) finished in 5.381 s
[2025-02-10T10:05:02.237+0000] {spark_submit.py:491} INFO - 25/02/10 10:05:02 INFO DAGScheduler: Job 1 is finished. Cancelling potential speculative or zombie tasks for this job
[2025-02-10T10:05:02.239+0000] {spark_submit.py:491} INFO - 25/02/10 10:05:02 INFO TaskSchedulerImpl: Killing all running tasks in stage 2: Stage finished
[2025-02-10T10:05:02.244+0000] {spark_submit.py:491} INFO - 25/02/10 10:05:02 INFO DAGScheduler: Job 1 finished: save at WriterIcebergBase.scala:33, took 5.480844 s
[2025-02-10T10:05:02.265+0000] {spark_submit.py:491} INFO - 25/02/10 10:05:02 INFO OverwriteByExpressionExec: Data source write support IcebergBatchWrite(table=gold_catalog.infoProducts, format=PARQUET) is committing.
[2025-02-10T10:05:04.581+0000] {spark_submit.py:491} INFO - 25/02/10 10:05:04 INFO BlockManagerInfo: Removed broadcast_4_piece0 on 4ace1a0fe0eb:37937 in memory (size: 14.0 KiB, free: 434.3 MiB)
[2025-02-10T10:05:04.601+0000] {spark_submit.py:491} INFO - 25/02/10 10:05:04 INFO BlockManagerInfo: Removed broadcast_4_piece0 on 172.18.0.5:42751 in memory (size: 14.0 KiB, free: 434.3 MiB)
[2025-02-10T10:05:04.628+0000] {spark_submit.py:491} INFO - 25/02/10 10:05:04 INFO OverwriteByExpressionExec: Data source write support IcebergBatchWrite(table=gold_catalog.infoProducts, format=PARQUET) committed.
[2025-02-10T10:05:04.634+0000] {spark_submit.py:491} INFO - Data written successfully to Iceberg table in MinIO: s3a://gold/gold_catalog.infoProducts
[2025-02-10T10:05:04.634+0000] {spark_submit.py:491} INFO - Processing Aggregated Product Data for Gold layer
[2025-02-10T10:05:04.635+0000] {spark_submit.py:491} INFO - Starting Product processing
[2025-02-10T10:05:05.044+0000] {spark_submit.py:491} INFO - Writing Aggregated Product Data to Gold layer
[2025-02-10T10:05:05.045+0000] {spark_submit.py:491} INFO - Starting to write gold_catalog.aggProducts
[2025-02-10T10:05:05.243+0000] {spark_submit.py:491} INFO - 25/02/10 10:05:05 INFO V2ScanRelationPushDown:
[2025-02-10T10:05:05.248+0000] {spark_submit.py:491} INFO - Pushing operators to silver_catalog.products
[2025-02-10T10:05:05.249+0000] {spark_submit.py:491} INFO - Pushed Filters: IsNotNull(DateIngestion), EqualTo(DateIngestion,2025-02-10)
[2025-02-10T10:05:05.249+0000] {spark_submit.py:491} INFO - Post-Scan Filters:
[2025-02-10T10:05:05.249+0000] {spark_submit.py:491} INFO - 
[2025-02-10T10:05:05.308+0000] {spark_submit.py:491} INFO - 25/02/10 10:05:05 INFO V2ScanRelationPushDown:
[2025-02-10T10:05:05.311+0000] {spark_submit.py:491} INFO - Output: id#0, price#2, rate#4, category#5, Benefits#6, tax#9, DateIngestion#10
[2025-02-10T10:05:05.312+0000] {spark_submit.py:491} INFO - 
[2025-02-10T10:05:05.514+0000] {spark_submit.py:491} INFO - 25/02/10 10:05:05 INFO MemoryStore: Block broadcast_5 stored as values in memory (estimated size 32.0 KiB, free 434.2 MiB)
[2025-02-10T10:05:05.548+0000] {spark_submit.py:491} INFO - 25/02/10 10:05:05 INFO BlockManagerInfo: Removed broadcast_3_piece0 on 4ace1a0fe0eb:37937 in memory (size: 30.8 KiB, free: 434.3 MiB)
[2025-02-10T10:05:05.553+0000] {spark_submit.py:491} INFO - 25/02/10 10:05:05 INFO MemoryStore: Block broadcast_5_piece0 stored as bytes in memory (estimated size 31.0 KiB, free 434.2 MiB)
[2025-02-10T10:05:05.556+0000] {spark_submit.py:491} INFO - 25/02/10 10:05:05 INFO BlockManagerInfo: Added broadcast_5_piece0 in memory on 4ace1a0fe0eb:37937 (size: 31.0 KiB, free: 434.3 MiB)
[2025-02-10T10:05:05.559+0000] {spark_submit.py:491} INFO - 25/02/10 10:05:05 INFO SparkContext: Created broadcast 5 from broadcast at SparkBatch.java:77
[2025-02-10T10:05:05.561+0000] {spark_submit.py:491} INFO - 25/02/10 10:05:05 INFO BlockManagerInfo: Removed broadcast_3_piece0 on 172.18.0.5:42751 in memory (size: 30.8 KiB, free: 434.4 MiB)
[2025-02-10T10:05:05.588+0000] {spark_submit.py:491} INFO - 25/02/10 10:05:05 INFO MemoryStore: Block broadcast_6 stored as values in memory (estimated size 32.0 KiB, free 434.2 MiB)
[2025-02-10T10:05:05.749+0000] {spark_submit.py:491} INFO - 25/02/10 10:05:05 INFO MemoryStore: Block broadcast_6_piece0 stored as bytes in memory (estimated size 31.0 KiB, free 434.2 MiB)
[2025-02-10T10:05:05.751+0000] {spark_submit.py:491} INFO - 25/02/10 10:05:05 INFO BlockManagerInfo: Added broadcast_6_piece0 in memory on 4ace1a0fe0eb:37937 (size: 31.0 KiB, free: 434.3 MiB)
[2025-02-10T10:05:05.754+0000] {spark_submit.py:491} INFO - 25/02/10 10:05:05 INFO SparkContext: Created broadcast 6 from broadcast at SparkBatch.java:77
[2025-02-10T10:05:05.861+0000] {spark_submit.py:491} INFO - 25/02/10 10:05:05 INFO HashAggregateExec: spark.sql.codegen.aggregate.map.twolevel.enabled is set to true, but current version of codegened fast hashmap does not support this aggregate.
[2025-02-10T10:05:05.869+0000] {spark_submit.py:491} INFO - 25/02/10 10:05:05 INFO HashAggregateExec: spark.sql.codegen.aggregate.map.twolevel.enabled is set to true, but current version of codegened fast hashmap does not support this aggregate.
[2025-02-10T10:05:06.275+0000] {spark_submit.py:491} INFO - 25/02/10 10:05:06 INFO CodeGenerator: Code generated in 235.560353 ms
[2025-02-10T10:05:06.381+0000] {spark_submit.py:491} INFO - 25/02/10 10:05:06 INFO DAGScheduler: Registering RDD 9 (save at WriterIcebergBase.scala:33) as input to shuffle 1
[2025-02-10T10:05:06.382+0000] {spark_submit.py:491} INFO - 25/02/10 10:05:06 INFO DAGScheduler: Got map stage job 2 (save at WriterIcebergBase.scala:33) with 1 output partitions
[2025-02-10T10:05:06.385+0000] {spark_submit.py:491} INFO - 25/02/10 10:05:06 INFO DAGScheduler: Final stage: ShuffleMapStage 3 (save at WriterIcebergBase.scala:33)
[2025-02-10T10:05:06.385+0000] {spark_submit.py:491} INFO - 25/02/10 10:05:06 INFO DAGScheduler: Parents of final stage: List()
[2025-02-10T10:05:06.387+0000] {spark_submit.py:491} INFO - 25/02/10 10:05:06 INFO DAGScheduler: Missing parents: List()
[2025-02-10T10:05:06.391+0000] {spark_submit.py:491} INFO - 25/02/10 10:05:06 INFO DAGScheduler: Submitting ShuffleMapStage 3 (MapPartitionsRDD[9] at save at WriterIcebergBase.scala:33), which has no missing parents
[2025-02-10T10:05:06.395+0000] {spark_submit.py:491} INFO - 25/02/10 10:05:06 INFO MemoryStore: Block broadcast_7 stored as values in memory (estimated size 85.4 KiB, free 434.1 MiB)
[2025-02-10T10:05:06.417+0000] {spark_submit.py:491} INFO - 25/02/10 10:05:06 INFO MemoryStore: Block broadcast_7_piece0 stored as bytes in memory (estimated size 30.7 KiB, free 434.0 MiB)
[2025-02-10T10:05:06.423+0000] {spark_submit.py:491} INFO - 25/02/10 10:05:06 INFO BlockManagerInfo: Added broadcast_7_piece0 in memory on 4ace1a0fe0eb:37937 (size: 30.7 KiB, free: 434.2 MiB)
[2025-02-10T10:05:06.425+0000] {spark_submit.py:491} INFO - 25/02/10 10:05:06 INFO SparkContext: Created broadcast 7 from broadcast at DAGScheduler.scala:1535
[2025-02-10T10:05:06.427+0000] {spark_submit.py:491} INFO - 25/02/10 10:05:06 INFO DAGScheduler: Submitting 1 missing tasks from ShuffleMapStage 3 (MapPartitionsRDD[9] at save at WriterIcebergBase.scala:33) (first 15 tasks are for partitions Vector(0))
[2025-02-10T10:05:06.428+0000] {spark_submit.py:491} INFO - 25/02/10 10:05:06 INFO TaskSchedulerImpl: Adding task set 3.0 with 1 tasks resource profile 0
[2025-02-10T10:05:06.433+0000] {spark_submit.py:491} INFO - 25/02/10 10:05:06 INFO TaskSetManager: Starting task 0.0 in stage 3.0 (TID 2) (172.18.0.5, executor 0, partition 0, PROCESS_LOCAL, 14028 bytes)
[2025-02-10T10:05:06.527+0000] {spark_submit.py:491} INFO - 25/02/10 10:05:06 INFO BlockManagerInfo: Removed broadcast_0_piece0 on 4ace1a0fe0eb:37937 in memory (size: 31.0 KiB, free: 434.3 MiB)
[2025-02-10T10:05:06.534+0000] {spark_submit.py:491} INFO - 25/02/10 10:05:06 INFO BlockManagerInfo: Added broadcast_7_piece0 in memory on 172.18.0.5:42751 (size: 30.7 KiB, free: 434.3 MiB)
[2025-02-10T10:05:08.278+0000] {spark_submit.py:491} INFO - 25/02/10 10:05:08 INFO BlockManagerInfo: Added broadcast_6_piece0 in memory on 172.18.0.5:42751 (size: 31.0 KiB, free: 434.3 MiB)
[2025-02-10T10:05:08.674+0000] {spark_submit.py:491} INFO - 25/02/10 10:05:08 INFO TaskSetManager: Finished task 0.0 in stage 3.0 (TID 2) in 2244 ms on 172.18.0.5 (executor 0) (1/1)
[2025-02-10T10:05:08.675+0000] {spark_submit.py:491} INFO - 25/02/10 10:05:08 INFO TaskSchedulerImpl: Removed TaskSet 3.0, whose tasks have all completed, from pool
[2025-02-10T10:05:08.678+0000] {spark_submit.py:491} INFO - 25/02/10 10:05:08 INFO DAGScheduler: ShuffleMapStage 3 (save at WriterIcebergBase.scala:33) finished in 2.292 s
[2025-02-10T10:05:08.682+0000] {spark_submit.py:491} INFO - 25/02/10 10:05:08 INFO DAGScheduler: looking for newly runnable stages
[2025-02-10T10:05:08.683+0000] {spark_submit.py:491} INFO - 25/02/10 10:05:08 INFO DAGScheduler: running: Set()
[2025-02-10T10:05:08.683+0000] {spark_submit.py:491} INFO - 25/02/10 10:05:08 INFO DAGScheduler: waiting: Set()
[2025-02-10T10:05:08.684+0000] {spark_submit.py:491} INFO - 25/02/10 10:05:08 INFO DAGScheduler: failed: Set()
[2025-02-10T10:05:08.705+0000] {spark_submit.py:491} INFO - 25/02/10 10:05:08 INFO ShufflePartitionsUtil: For shuffle(1), advisory target size: 67108864, actual target size 1048576, minimum partition size: 1048576
[2025-02-10T10:05:08.788+0000] {spark_submit.py:491} INFO - 25/02/10 10:05:08 INFO MemoryStore: Block broadcast_8 stored as values in memory (estimated size 32.0 KiB, free 434.1 MiB)
[2025-02-10T10:05:08.829+0000] {spark_submit.py:491} INFO - 25/02/10 10:05:08 INFO MemoryStore: Block broadcast_8_piece0 stored as bytes in memory (estimated size 30.8 KiB, free 434.0 MiB)
[2025-02-10T10:05:08.837+0000] {spark_submit.py:491} INFO - 25/02/10 10:05:08 INFO BlockManagerInfo: Added broadcast_8_piece0 in memory on 4ace1a0fe0eb:37937 (size: 30.8 KiB, free: 434.2 MiB)
[2025-02-10T10:05:08.846+0000] {spark_submit.py:491} INFO - 25/02/10 10:05:08 INFO SparkContext: Created broadcast 8 from broadcast at SparkWrite.java:180
[2025-02-10T10:05:08.848+0000] {spark_submit.py:491} INFO - 25/02/10 10:05:08 INFO OverwriteByExpressionExec: Start processing data source write support: IcebergBatchWrite(table=gold_catalog.aggProducts, format=PARQUET). The input RDD has 1 partitions.
[2025-02-10T10:05:08.849+0000] {spark_submit.py:491} INFO - 25/02/10 10:05:08 INFO BlockManagerInfo: Removed broadcast_7_piece0 on 4ace1a0fe0eb:37937 in memory (size: 30.7 KiB, free: 434.3 MiB)
[2025-02-10T10:05:08.853+0000] {spark_submit.py:491} INFO - 25/02/10 10:05:08 INFO BlockManagerInfo: Removed broadcast_7_piece0 on 172.18.0.5:42751 in memory (size: 30.7 KiB, free: 434.3 MiB)
[2025-02-10T10:05:08.853+0000] {spark_submit.py:491} INFO - 25/02/10 10:05:08 INFO SparkContext: Starting job: save at WriterIcebergBase.scala:33
[2025-02-10T10:05:08.859+0000] {spark_submit.py:491} INFO - 25/02/10 10:05:08 INFO DAGScheduler: Got job 3 (save at WriterIcebergBase.scala:33) with 1 output partitions
[2025-02-10T10:05:08.860+0000] {spark_submit.py:491} INFO - 25/02/10 10:05:08 INFO DAGScheduler: Final stage: ResultStage 5 (save at WriterIcebergBase.scala:33)
[2025-02-10T10:05:08.861+0000] {spark_submit.py:491} INFO - 25/02/10 10:05:08 INFO DAGScheduler: Parents of final stage: List(ShuffleMapStage 4)
[2025-02-10T10:05:08.861+0000] {spark_submit.py:491} INFO - 25/02/10 10:05:08 INFO DAGScheduler: Missing parents: List()
[2025-02-10T10:05:08.863+0000] {spark_submit.py:491} INFO - 25/02/10 10:05:08 INFO DAGScheduler: Submitting ResultStage 5 (MapPartitionsRDD[11] at save at WriterIcebergBase.scala:33), which has no missing parents
[2025-02-10T10:05:08.890+0000] {spark_submit.py:491} INFO - 25/02/10 10:05:08 INFO MemoryStore: Block broadcast_9 stored as values in memory (estimated size 55.0 KiB, free 434.1 MiB)
[2025-02-10T10:05:08.893+0000] {spark_submit.py:491} INFO - 25/02/10 10:05:08 INFO MemoryStore: Block broadcast_9_piece0 stored as bytes in memory (estimated size 22.6 KiB, free 434.1 MiB)
[2025-02-10T10:05:08.899+0000] {spark_submit.py:491} INFO - 25/02/10 10:05:08 INFO BlockManagerInfo: Added broadcast_9_piece0 in memory on 4ace1a0fe0eb:37937 (size: 22.6 KiB, free: 434.3 MiB)
[2025-02-10T10:05:08.901+0000] {spark_submit.py:491} INFO - 25/02/10 10:05:08 INFO SparkContext: Created broadcast 9 from broadcast at DAGScheduler.scala:1535
[2025-02-10T10:05:08.902+0000] {spark_submit.py:491} INFO - 25/02/10 10:05:08 INFO DAGScheduler: Submitting 1 missing tasks from ResultStage 5 (MapPartitionsRDD[11] at save at WriterIcebergBase.scala:33) (first 15 tasks are for partitions Vector(0))
[2025-02-10T10:05:08.903+0000] {spark_submit.py:491} INFO - 25/02/10 10:05:08 INFO TaskSchedulerImpl: Adding task set 5.0 with 1 tasks resource profile 0
[2025-02-10T10:05:08.907+0000] {spark_submit.py:491} INFO - 25/02/10 10:05:08 INFO TaskSetManager: Starting task 0.0 in stage 5.0 (TID 3) (172.18.0.5, executor 0, partition 0, NODE_LOCAL, 7367 bytes)
[2025-02-10T10:05:08.939+0000] {spark_submit.py:491} INFO - 25/02/10 10:05:08 INFO BlockManagerInfo: Added broadcast_9_piece0 in memory on 172.18.0.5:42751 (size: 22.6 KiB, free: 434.3 MiB)
[2025-02-10T10:05:08.988+0000] {spark_submit.py:491} INFO - 25/02/10 10:05:08 INFO BlockManagerInfo: Removed broadcast_1_piece0 on 4ace1a0fe0eb:37937 in memory (size: 31.0 KiB, free: 434.3 MiB)
[2025-02-10T10:05:08.992+0000] {spark_submit.py:491} INFO - 25/02/10 10:05:08 INFO BlockManagerInfo: Removed broadcast_1_piece0 on 172.18.0.5:42751 in memory (size: 31.0 KiB, free: 434.3 MiB)
[2025-02-10T10:05:09.032+0000] {spark_submit.py:491} INFO - 25/02/10 10:05:09 INFO MapOutputTrackerMasterEndpoint: Asked to send map output locations for shuffle 1 to 172.18.0.5:36256
[2025-02-10T10:05:09.152+0000] {spark_submit.py:491} INFO - 25/02/10 10:05:09 INFO BlockManagerInfo: Added broadcast_8_piece0 in memory on 172.18.0.5:42751 (size: 30.8 KiB, free: 434.3 MiB)
[2025-02-10T10:05:09.322+0000] {spark_submit.py:491} INFO - 25/02/10 10:05:09 INFO TaskSetManager: Finished task 0.0 in stage 5.0 (TID 3) in 415 ms on 172.18.0.5 (executor 0) (1/1)
[2025-02-10T10:05:09.324+0000] {spark_submit.py:491} INFO - 25/02/10 10:05:09 INFO TaskSchedulerImpl: Removed TaskSet 5.0, whose tasks have all completed, from pool
[2025-02-10T10:05:09.325+0000] {spark_submit.py:491} INFO - 25/02/10 10:05:09 INFO DAGScheduler: ResultStage 5 (save at WriterIcebergBase.scala:33) finished in 0.452 s
[2025-02-10T10:05:09.327+0000] {spark_submit.py:491} INFO - 25/02/10 10:05:09 INFO DAGScheduler: Job 3 is finished. Cancelling potential speculative or zombie tasks for this job
[2025-02-10T10:05:09.329+0000] {spark_submit.py:491} INFO - 25/02/10 10:05:09 INFO TaskSchedulerImpl: Killing all running tasks in stage 5: Stage finished
[2025-02-10T10:05:09.330+0000] {spark_submit.py:491} INFO - 25/02/10 10:05:09 INFO DAGScheduler: Job 3 finished: save at WriterIcebergBase.scala:33, took 0.473993 s
[2025-02-10T10:05:09.331+0000] {spark_submit.py:491} INFO - 25/02/10 10:05:09 INFO OverwriteByExpressionExec: Data source write support IcebergBatchWrite(table=gold_catalog.aggProducts, format=PARQUET) is committing.
[2025-02-10T10:05:09.994+0000] {spark_submit.py:491} INFO - 25/02/10 10:05:09 INFO OverwriteByExpressionExec: Data source write support IcebergBatchWrite(table=gold_catalog.aggProducts, format=PARQUET) committed.
[2025-02-10T10:05:09.995+0000] {spark_submit.py:491} INFO - Data written successfully to Iceberg table in MinIO: s3a://gold/gold_catalog.aggProducts
[2025-02-10T10:05:09.995+0000] {spark_submit.py:491} INFO - Processing User Information for Gold layer
[2025-02-10T10:05:09.997+0000] {spark_submit.py:491} INFO - Starting User processing
[2025-02-10T10:05:10.038+0000] {spark_submit.py:491} INFO - Writing Processed User Information to Gold layer
[2025-02-10T10:05:10.040+0000] {spark_submit.py:491} INFO - Starting to write gold_catalog.infoUsers
[2025-02-10T10:05:10.205+0000] {spark_submit.py:491} INFO - 25/02/10 10:05:10 INFO V2ScanRelationPushDown:
[2025-02-10T10:05:10.208+0000] {spark_submit.py:491} INFO - Pushing operators to silver_catalog.users
[2025-02-10T10:05:10.223+0000] {spark_submit.py:491} INFO - Pushed Filters: IsNotNull(DateIngestion), EqualTo(DateIngestion,2025-02-10)
[2025-02-10T10:05:10.225+0000] {spark_submit.py:491} INFO - Post-Scan Filters:
[2025-02-10T10:05:10.226+0000] {spark_submit.py:491} INFO - 
[2025-02-10T10:05:10.228+0000] {spark_submit.py:491} INFO - 25/02/10 10:05:10 INFO V2ScanRelationPushDown:
[2025-02-10T10:05:10.229+0000] {spark_submit.py:491} INFO - Output: id#27, fullName#28, phone#33, email#34, username#35, password#36, DateIngestion#37
[2025-02-10T10:05:10.230+0000] {spark_submit.py:491} INFO - 
[2025-02-10T10:05:10.291+0000] {spark_submit.py:491} INFO - 25/02/10 10:05:10 INFO MemoryStore: Block broadcast_10 stored as values in memory (estimated size 32.0 KiB, free 434.1 MiB)
[2025-02-10T10:05:10.315+0000] {spark_submit.py:491} INFO - 25/02/10 10:05:10 INFO MemoryStore: Block broadcast_10_piece0 stored as bytes in memory (estimated size 31.0 KiB, free 434.1 MiB)
[2025-02-10T10:05:10.321+0000] {spark_submit.py:491} INFO - 25/02/10 10:05:10 INFO BlockManagerInfo: Removed broadcast_9_piece0 on 4ace1a0fe0eb:37937 in memory (size: 22.6 KiB, free: 434.3 MiB)
[2025-02-10T10:05:10.325+0000] {spark_submit.py:491} INFO - 25/02/10 10:05:10 INFO BlockManagerInfo: Added broadcast_10_piece0 in memory on 4ace1a0fe0eb:37937 (size: 31.0 KiB, free: 434.3 MiB)
[2025-02-10T10:05:10.326+0000] {spark_submit.py:491} INFO - 25/02/10 10:05:10 INFO SparkContext: Created broadcast 10 from broadcast at SparkBatch.java:77
[2025-02-10T10:05:10.327+0000] {spark_submit.py:491} INFO - 25/02/10 10:05:10 INFO BlockManagerInfo: Removed broadcast_9_piece0 on 172.18.0.5:42751 in memory (size: 22.6 KiB, free: 434.3 MiB)
[2025-02-10T10:05:10.331+0000] {spark_submit.py:491} INFO - 25/02/10 10:05:10 INFO MemoryStore: Block broadcast_11 stored as values in memory (estimated size 32.0 KiB, free 434.1 MiB)
[2025-02-10T10:05:10.337+0000] {spark_submit.py:491} INFO - 25/02/10 10:05:10 INFO MemoryStore: Block broadcast_11_piece0 stored as bytes in memory (estimated size 31.0 KiB, free 434.1 MiB)
[2025-02-10T10:05:10.341+0000] {spark_submit.py:491} INFO - 25/02/10 10:05:10 INFO BlockManagerInfo: Added broadcast_11_piece0 in memory on 4ace1a0fe0eb:37937 (size: 31.0 KiB, free: 434.2 MiB)
[2025-02-10T10:05:10.342+0000] {spark_submit.py:491} INFO - 25/02/10 10:05:10 INFO SparkContext: Created broadcast 11 from broadcast at SparkBatch.java:77
[2025-02-10T10:05:10.418+0000] {spark_submit.py:491} INFO - 25/02/10 10:05:10 INFO BlockManagerInfo: Removed broadcast_8_piece0 on 172.18.0.5:42751 in memory (size: 30.8 KiB, free: 434.4 MiB)
[2025-02-10T10:05:10.427+0000] {spark_submit.py:491} INFO - 25/02/10 10:05:10 INFO BlockManagerInfo: Removed broadcast_8_piece0 on 4ace1a0fe0eb:37937 in memory (size: 30.8 KiB, free: 434.3 MiB)
[2025-02-10T10:05:10.468+0000] {spark_submit.py:491} INFO - 25/02/10 10:05:10 INFO CodeGenerator: Code generated in 42.083141 ms
[2025-02-10T10:05:10.477+0000] {spark_submit.py:491} INFO - 25/02/10 10:05:10 INFO DAGScheduler: Registering RDD 15 (save at WriterIcebergBase.scala:33) as input to shuffle 2
[2025-02-10T10:05:10.478+0000] {spark_submit.py:491} INFO - 25/02/10 10:05:10 INFO DAGScheduler: Got map stage job 4 (save at WriterIcebergBase.scala:33) with 1 output partitions
[2025-02-10T10:05:10.478+0000] {spark_submit.py:491} INFO - 25/02/10 10:05:10 INFO DAGScheduler: Final stage: ShuffleMapStage 6 (save at WriterIcebergBase.scala:33)
[2025-02-10T10:05:10.479+0000] {spark_submit.py:491} INFO - 25/02/10 10:05:10 INFO DAGScheduler: Parents of final stage: List()
[2025-02-10T10:05:10.480+0000] {spark_submit.py:491} INFO - 25/02/10 10:05:10 INFO DAGScheduler: Missing parents: List()
[2025-02-10T10:05:10.481+0000] {spark_submit.py:491} INFO - 25/02/10 10:05:10 INFO DAGScheduler: Submitting ShuffleMapStage 6 (MapPartitionsRDD[15] at save at WriterIcebergBase.scala:33), which has no missing parents
[2025-02-10T10:05:10.495+0000] {spark_submit.py:491} INFO - 25/02/10 10:05:10 INFO MemoryStore: Block broadcast_12 stored as values in memory (estimated size 16.9 KiB, free 434.1 MiB)
[2025-02-10T10:05:10.511+0000] {spark_submit.py:491} INFO - 25/02/10 10:05:10 INFO MemoryStore: Block broadcast_12_piece0 stored as bytes in memory (estimated size 6.9 KiB, free 434.1 MiB)
[2025-02-10T10:05:10.517+0000] {spark_submit.py:491} INFO - 25/02/10 10:05:10 INFO BlockManagerInfo: Added broadcast_12_piece0 in memory on 4ace1a0fe0eb:37937 (size: 6.9 KiB, free: 434.3 MiB)
[2025-02-10T10:05:10.520+0000] {spark_submit.py:491} INFO - 25/02/10 10:05:10 INFO SparkContext: Created broadcast 12 from broadcast at DAGScheduler.scala:1535
[2025-02-10T10:05:10.521+0000] {spark_submit.py:491} INFO - 25/02/10 10:05:10 INFO BlockManagerInfo: Removed broadcast_5_piece0 on 4ace1a0fe0eb:37937 in memory (size: 31.0 KiB, free: 434.3 MiB)
[2025-02-10T10:05:10.522+0000] {spark_submit.py:491} INFO - 25/02/10 10:05:10 INFO DAGScheduler: Submitting 1 missing tasks from ShuffleMapStage 6 (MapPartitionsRDD[15] at save at WriterIcebergBase.scala:33) (first 15 tasks are for partitions Vector(0))
[2025-02-10T10:05:10.523+0000] {spark_submit.py:491} INFO - 25/02/10 10:05:10 INFO TaskSchedulerImpl: Adding task set 6.0 with 1 tasks resource profile 0
[2025-02-10T10:05:10.533+0000] {spark_submit.py:491} INFO - 25/02/10 10:05:10 INFO TaskSetManager: Starting task 0.0 in stage 6.0 (TID 4) (172.18.0.5, executor 0, partition 0, PROCESS_LOCAL, 13915 bytes)
[2025-02-10T10:05:10.550+0000] {spark_submit.py:491} INFO - 25/02/10 10:05:10 INFO BlockManagerInfo: Removed broadcast_6_piece0 on 172.18.0.5:42751 in memory (size: 31.0 KiB, free: 434.4 MiB)
[2025-02-10T10:05:10.558+0000] {spark_submit.py:491} INFO - 25/02/10 10:05:10 INFO BlockManagerInfo: Removed broadcast_6_piece0 on 4ace1a0fe0eb:37937 in memory (size: 31.0 KiB, free: 434.3 MiB)
[2025-02-10T10:05:10.568+0000] {spark_submit.py:491} INFO - 25/02/10 10:05:10 INFO BlockManagerInfo: Added broadcast_12_piece0 in memory on 172.18.0.5:42751 (size: 6.9 KiB, free: 434.4 MiB)
[2025-02-10T10:05:10.627+0000] {spark_submit.py:491} INFO - 25/02/10 10:05:10 INFO BlockManagerInfo: Added broadcast_11_piece0 in memory on 172.18.0.5:42751 (size: 31.0 KiB, free: 434.4 MiB)
[2025-02-10T10:05:10.721+0000] {spark_submit.py:491} INFO - 25/02/10 10:05:10 INFO TaskSetManager: Finished task 0.0 in stage 6.0 (TID 4) in 201 ms on 172.18.0.5 (executor 0) (1/1)
[2025-02-10T10:05:10.724+0000] {spark_submit.py:491} INFO - 25/02/10 10:05:10 INFO TaskSchedulerImpl: Removed TaskSet 6.0, whose tasks have all completed, from pool
[2025-02-10T10:05:10.725+0000] {spark_submit.py:491} INFO - 25/02/10 10:05:10 INFO DAGScheduler: ShuffleMapStage 6 (save at WriterIcebergBase.scala:33) finished in 0.241 s
[2025-02-10T10:05:10.725+0000] {spark_submit.py:491} INFO - 25/02/10 10:05:10 INFO DAGScheduler: looking for newly runnable stages
[2025-02-10T10:05:10.726+0000] {spark_submit.py:491} INFO - 25/02/10 10:05:10 INFO DAGScheduler: running: Set()
[2025-02-10T10:05:10.727+0000] {spark_submit.py:491} INFO - 25/02/10 10:05:10 INFO DAGScheduler: waiting: Set()
[2025-02-10T10:05:10.727+0000] {spark_submit.py:491} INFO - 25/02/10 10:05:10 INFO DAGScheduler: failed: Set()
[2025-02-10T10:05:10.733+0000] {spark_submit.py:491} INFO - 25/02/10 10:05:10 INFO ShufflePartitionsUtil: For shuffle(2), advisory target size: 67108864, actual target size 1048576, minimum partition size: 1048576
[2025-02-10T10:05:10.764+0000] {spark_submit.py:491} INFO - 25/02/10 10:05:10 INFO MemoryStore: Block broadcast_13 stored as values in memory (estimated size 32.0 KiB, free 434.2 MiB)
[2025-02-10T10:05:10.786+0000] {spark_submit.py:491} INFO - 25/02/10 10:05:10 INFO MemoryStore: Block broadcast_13_piece0 stored as bytes in memory (estimated size 30.8 KiB, free 434.2 MiB)
[2025-02-10T10:05:10.787+0000] {spark_submit.py:491} INFO - 25/02/10 10:05:10 INFO BlockManagerInfo: Added broadcast_13_piece0 in memory on 4ace1a0fe0eb:37937 (size: 30.8 KiB, free: 434.3 MiB)
[2025-02-10T10:05:10.788+0000] {spark_submit.py:491} INFO - 25/02/10 10:05:10 INFO SparkContext: Created broadcast 13 from broadcast at SparkWrite.java:180
[2025-02-10T10:05:10.788+0000] {spark_submit.py:491} INFO - 25/02/10 10:05:10 INFO OverwriteByExpressionExec: Start processing data source write support: IcebergBatchWrite(table=gold_catalog.infoUsers, format=PARQUET). The input RDD has 1 partitions.
[2025-02-10T10:05:10.790+0000] {spark_submit.py:491} INFO - 25/02/10 10:05:10 INFO SparkContext: Starting job: save at WriterIcebergBase.scala:33
[2025-02-10T10:05:10.790+0000] {spark_submit.py:491} INFO - 25/02/10 10:05:10 INFO DAGScheduler: Got job 5 (save at WriterIcebergBase.scala:33) with 1 output partitions
[2025-02-10T10:05:10.796+0000] {spark_submit.py:491} INFO - 25/02/10 10:05:10 INFO DAGScheduler: Final stage: ResultStage 8 (save at WriterIcebergBase.scala:33)
[2025-02-10T10:05:10.796+0000] {spark_submit.py:491} INFO - 25/02/10 10:05:10 INFO DAGScheduler: Parents of final stage: List(ShuffleMapStage 7)
[2025-02-10T10:05:10.799+0000] {spark_submit.py:491} INFO - 25/02/10 10:05:10 INFO DAGScheduler: Missing parents: List()
[2025-02-10T10:05:10.799+0000] {spark_submit.py:491} INFO - 25/02/10 10:05:10 INFO DAGScheduler: Submitting ResultStage 8 (MapPartitionsRDD[17] at save at WriterIcebergBase.scala:33), which has no missing parents
[2025-02-10T10:05:10.804+0000] {spark_submit.py:491} INFO - 25/02/10 10:05:10 INFO BlockManagerInfo: Removed broadcast_12_piece0 on 4ace1a0fe0eb:37937 in memory (size: 6.9 KiB, free: 434.3 MiB)
[2025-02-10T10:05:10.805+0000] {spark_submit.py:491} INFO - 25/02/10 10:05:10 INFO BlockManagerInfo: Removed broadcast_12_piece0 on 172.18.0.5:42751 in memory (size: 6.9 KiB, free: 434.4 MiB)
[2025-02-10T10:05:10.807+0000] {spark_submit.py:491} INFO - 25/02/10 10:05:10 INFO MemoryStore: Block broadcast_14 stored as values in memory (estimated size 28.7 KiB, free 434.2 MiB)
[2025-02-10T10:05:10.807+0000] {spark_submit.py:491} INFO - 25/02/10 10:05:10 INFO MemoryStore: Block broadcast_14_piece0 stored as bytes in memory (estimated size 13.8 KiB, free 434.2 MiB)
[2025-02-10T10:05:10.812+0000] {spark_submit.py:491} INFO - 25/02/10 10:05:10 INFO BlockManagerInfo: Added broadcast_14_piece0 in memory on 4ace1a0fe0eb:37937 (size: 13.8 KiB, free: 434.3 MiB)
[2025-02-10T10:05:10.813+0000] {spark_submit.py:491} INFO - 25/02/10 10:05:10 INFO SparkContext: Created broadcast 14 from broadcast at DAGScheduler.scala:1535
[2025-02-10T10:05:10.814+0000] {spark_submit.py:491} INFO - 25/02/10 10:05:10 INFO DAGScheduler: Submitting 1 missing tasks from ResultStage 8 (MapPartitionsRDD[17] at save at WriterIcebergBase.scala:33) (first 15 tasks are for partitions Vector(0))
[2025-02-10T10:05:10.815+0000] {spark_submit.py:491} INFO - 25/02/10 10:05:10 INFO TaskSchedulerImpl: Adding task set 8.0 with 1 tasks resource profile 0
[2025-02-10T10:05:10.818+0000] {spark_submit.py:491} INFO - 25/02/10 10:05:10 INFO TaskSetManager: Starting task 0.0 in stage 8.0 (TID 5) (172.18.0.5, executor 0, partition 0, NODE_LOCAL, 7367 bytes)
[2025-02-10T10:05:10.854+0000] {spark_submit.py:491} INFO - 25/02/10 10:05:10 INFO BlockManagerInfo: Added broadcast_14_piece0 in memory on 172.18.0.5:42751 (size: 13.8 KiB, free: 434.4 MiB)
[2025-02-10T10:05:10.877+0000] {spark_submit.py:491} INFO - 25/02/10 10:05:10 INFO MapOutputTrackerMasterEndpoint: Asked to send map output locations for shuffle 2 to 172.18.0.5:36256
[2025-02-10T10:05:10.926+0000] {spark_submit.py:491} INFO - 25/02/10 10:05:10 INFO BlockManagerInfo: Added broadcast_13_piece0 in memory on 172.18.0.5:42751 (size: 30.8 KiB, free: 434.3 MiB)
[2025-02-10T10:05:11.057+0000] {spark_submit.py:491} INFO - 25/02/10 10:05:11 INFO TaskSetManager: Finished task 0.0 in stage 8.0 (TID 5) in 249 ms on 172.18.0.5 (executor 0) (1/1)
[2025-02-10T10:05:11.058+0000] {spark_submit.py:491} INFO - 25/02/10 10:05:11 INFO TaskSchedulerImpl: Removed TaskSet 8.0, whose tasks have all completed, from pool
[2025-02-10T10:05:11.059+0000] {spark_submit.py:491} INFO - 25/02/10 10:05:11 INFO DAGScheduler: ResultStage 8 (save at WriterIcebergBase.scala:33) finished in 0.265 s
[2025-02-10T10:05:11.062+0000] {spark_submit.py:491} INFO - 25/02/10 10:05:11 INFO DAGScheduler: Job 5 is finished. Cancelling potential speculative or zombie tasks for this job
[2025-02-10T10:05:11.067+0000] {spark_submit.py:491} INFO - 25/02/10 10:05:11 INFO TaskSchedulerImpl: Killing all running tasks in stage 8: Stage finished
[2025-02-10T10:05:11.067+0000] {spark_submit.py:491} INFO - 25/02/10 10:05:11 INFO DAGScheduler: Job 5 finished: save at WriterIcebergBase.scala:33, took 0.278970 s
[2025-02-10T10:05:11.068+0000] {spark_submit.py:491} INFO - 25/02/10 10:05:11 INFO OverwriteByExpressionExec: Data source write support IcebergBatchWrite(table=gold_catalog.infoUsers, format=PARQUET) is committing.
[2025-02-10T10:05:11.720+0000] {spark_submit.py:491} INFO - 25/02/10 10:05:11 INFO OverwriteByExpressionExec: Data source write support IcebergBatchWrite(table=gold_catalog.infoUsers, format=PARQUET) committed.
[2025-02-10T10:05:11.721+0000] {spark_submit.py:491} INFO - Data written successfully to Iceberg table in MinIO: s3a://gold/gold_catalog.infoUsers
[2025-02-10T10:05:11.722+0000] {spark_submit.py:491} INFO - Processing Aggregated User Data for Gold layer
[2025-02-10T10:05:11.722+0000] {spark_submit.py:491} INFO - Starting User processing
[2025-02-10T10:05:11.778+0000] {spark_submit.py:491} INFO - Writing Aggregated User Data to Gold layer
[2025-02-10T10:05:11.792+0000] {spark_submit.py:491} INFO - Starting to write gold_catalog.aggUsers
[2025-02-10T10:05:11.877+0000] {spark_submit.py:491} INFO - 25/02/10 10:05:11 INFO V2ScanRelationPushDown:
[2025-02-10T10:05:11.878+0000] {spark_submit.py:491} INFO - Pushing operators to silver_catalog.users
[2025-02-10T10:05:11.878+0000] {spark_submit.py:491} INFO - Pushed Filters: IsNotNull(DateIngestion), EqualTo(DateIngestion,2025-02-10)
[2025-02-10T10:05:11.879+0000] {spark_submit.py:491} INFO - Post-Scan Filters:
[2025-02-10T10:05:11.880+0000] {spark_submit.py:491} INFO - 
[2025-02-10T10:05:11.881+0000] {spark_submit.py:491} INFO - 25/02/10 10:05:11 INFO V2ScanRelationPushDown:
[2025-02-10T10:05:11.881+0000] {spark_submit.py:491} INFO - Output: id#27, city#31, DateIngestion#37
[2025-02-10T10:05:11.881+0000] {spark_submit.py:491} INFO - 
[2025-02-10T10:05:11.918+0000] {spark_submit.py:491} INFO - 25/02/10 10:05:11 INFO MemoryStore: Block broadcast_15 stored as values in memory (estimated size 32.0 KiB, free 434.1 MiB)
[2025-02-10T10:05:11.935+0000] {spark_submit.py:491} INFO - 25/02/10 10:05:11 INFO MemoryStore: Block broadcast_15_piece0 stored as bytes in memory (estimated size 31.0 KiB, free 434.1 MiB)
[2025-02-10T10:05:11.940+0000] {spark_submit.py:491} INFO - 25/02/10 10:05:11 INFO BlockManagerInfo: Added broadcast_15_piece0 in memory on 4ace1a0fe0eb:37937 (size: 31.0 KiB, free: 434.3 MiB)
[2025-02-10T10:05:11.940+0000] {spark_submit.py:491} INFO - 25/02/10 10:05:11 INFO BlockManagerInfo: Removed broadcast_13_piece0 on 4ace1a0fe0eb:37937 in memory (size: 30.8 KiB, free: 434.3 MiB)
[2025-02-10T10:05:11.944+0000] {spark_submit.py:491} INFO - 25/02/10 10:05:11 INFO SparkContext: Created broadcast 15 from broadcast at SparkBatch.java:77
[2025-02-10T10:05:11.945+0000] {spark_submit.py:491} INFO - 25/02/10 10:05:11 INFO BlockManagerInfo: Removed broadcast_13_piece0 on 172.18.0.5:42751 in memory (size: 30.8 KiB, free: 434.4 MiB)
[2025-02-10T10:05:11.946+0000] {spark_submit.py:491} INFO - 25/02/10 10:05:11 INFO MemoryStore: Block broadcast_16 stored as values in memory (estimated size 32.0 KiB, free 434.1 MiB)
[2025-02-10T10:05:11.951+0000] {spark_submit.py:491} INFO - 25/02/10 10:05:11 INFO MemoryStore: Block broadcast_16_piece0 stored as bytes in memory (estimated size 31.0 KiB, free 434.1 MiB)
[2025-02-10T10:05:11.953+0000] {spark_submit.py:491} INFO - 25/02/10 10:05:11 INFO BlockManagerInfo: Added broadcast_16_piece0 in memory on 4ace1a0fe0eb:37937 (size: 31.0 KiB, free: 434.3 MiB)
[2025-02-10T10:05:11.953+0000] {spark_submit.py:491} INFO - 25/02/10 10:05:11 INFO SparkContext: Created broadcast 16 from broadcast at SparkBatch.java:77
[2025-02-10T10:05:11.963+0000] {spark_submit.py:491} INFO - 25/02/10 10:05:11 INFO BlockManagerInfo: Removed broadcast_14_piece0 on 172.18.0.5:42751 in memory (size: 13.8 KiB, free: 434.4 MiB)
[2025-02-10T10:05:11.973+0000] {spark_submit.py:491} INFO - 25/02/10 10:05:11 INFO BlockManagerInfo: Removed broadcast_14_piece0 on 4ace1a0fe0eb:37937 in memory (size: 13.8 KiB, free: 434.3 MiB)
[2025-02-10T10:05:12.001+0000] {spark_submit.py:491} INFO - 25/02/10 10:05:12 INFO HashAggregateExec: spark.sql.codegen.aggregate.map.twolevel.enabled is set to true, but current version of codegened fast hashmap does not support this aggregate.
[2025-02-10T10:05:12.176+0000] {spark_submit.py:491} INFO - 25/02/10 10:05:12 INFO CodeGenerator: Code generated in 122.820383 ms
[2025-02-10T10:05:12.199+0000] {spark_submit.py:491} INFO - 25/02/10 10:05:12 INFO DAGScheduler: Registering RDD 21 (save at WriterIcebergBase.scala:33) as input to shuffle 3
[2025-02-10T10:05:12.199+0000] {spark_submit.py:491} INFO - 25/02/10 10:05:12 INFO DAGScheduler: Got map stage job 6 (save at WriterIcebergBase.scala:33) with 1 output partitions
[2025-02-10T10:05:12.200+0000] {spark_submit.py:491} INFO - 25/02/10 10:05:12 INFO DAGScheduler: Final stage: ShuffleMapStage 9 (save at WriterIcebergBase.scala:33)
[2025-02-10T10:05:12.201+0000] {spark_submit.py:491} INFO - 25/02/10 10:05:12 INFO DAGScheduler: Parents of final stage: List()
[2025-02-10T10:05:12.202+0000] {spark_submit.py:491} INFO - 25/02/10 10:05:12 INFO DAGScheduler: Missing parents: List()
[2025-02-10T10:05:12.202+0000] {spark_submit.py:491} INFO - 25/02/10 10:05:12 INFO DAGScheduler: Submitting ShuffleMapStage 9 (MapPartitionsRDD[21] at save at WriterIcebergBase.scala:33), which has no missing parents
[2025-02-10T10:05:12.209+0000] {spark_submit.py:491} INFO - 25/02/10 10:05:12 INFO MemoryStore: Block broadcast_17 stored as values in memory (estimated size 43.7 KiB, free 434.1 MiB)
[2025-02-10T10:05:12.219+0000] {spark_submit.py:491} INFO - 25/02/10 10:05:12 INFO MemoryStore: Block broadcast_17_piece0 stored as bytes in memory (estimated size 18.6 KiB, free 434.1 MiB)
[2025-02-10T10:05:12.220+0000] {spark_submit.py:491} INFO - 25/02/10 10:05:12 INFO BlockManagerInfo: Added broadcast_17_piece0 in memory on 4ace1a0fe0eb:37937 (size: 18.6 KiB, free: 434.3 MiB)
[2025-02-10T10:05:12.222+0000] {spark_submit.py:491} INFO - 25/02/10 10:05:12 INFO SparkContext: Created broadcast 17 from broadcast at DAGScheduler.scala:1535
[2025-02-10T10:05:12.223+0000] {spark_submit.py:491} INFO - 25/02/10 10:05:12 INFO BlockManagerInfo: Removed broadcast_11_piece0 on 4ace1a0fe0eb:37937 in memory (size: 31.0 KiB, free: 434.3 MiB)
[2025-02-10T10:05:12.226+0000] {spark_submit.py:491} INFO - 25/02/10 10:05:12 INFO DAGScheduler: Submitting 1 missing tasks from ShuffleMapStage 9 (MapPartitionsRDD[21] at save at WriterIcebergBase.scala:33) (first 15 tasks are for partitions Vector(0))
[2025-02-10T10:05:12.227+0000] {spark_submit.py:491} INFO - 25/02/10 10:05:12 INFO TaskSchedulerImpl: Adding task set 9.0 with 1 tasks resource profile 0
[2025-02-10T10:05:12.228+0000] {spark_submit.py:491} INFO - 25/02/10 10:05:12 INFO BlockManagerInfo: Removed broadcast_11_piece0 on 172.18.0.5:42751 in memory (size: 31.0 KiB, free: 434.4 MiB)
[2025-02-10T10:05:12.230+0000] {spark_submit.py:491} INFO - 25/02/10 10:05:12 INFO TaskSetManager: Starting task 0.0 in stage 9.0 (TID 6) (172.18.0.5, executor 0, partition 0, PROCESS_LOCAL, 13676 bytes)
[2025-02-10T10:05:12.239+0000] {spark_submit.py:491} INFO - 25/02/10 10:05:12 INFO BlockManagerInfo: Removed broadcast_10_piece0 on 4ace1a0fe0eb:37937 in memory (size: 31.0 KiB, free: 434.3 MiB)
[2025-02-10T10:05:12.259+0000] {spark_submit.py:491} INFO - 25/02/10 10:05:12 INFO BlockManagerInfo: Added broadcast_17_piece0 in memory on 172.18.0.5:42751 (size: 18.6 KiB, free: 434.4 MiB)
[2025-02-10T10:05:12.431+0000] {spark_submit.py:491} INFO - 25/02/10 10:05:12 INFO BlockManagerInfo: Added broadcast_16_piece0 in memory on 172.18.0.5:42751 (size: 31.0 KiB, free: 434.4 MiB)
[2025-02-10T10:05:12.526+0000] {spark_submit.py:491} INFO - 25/02/10 10:05:12 INFO TaskSetManager: Finished task 0.0 in stage 9.0 (TID 6) in 300 ms on 172.18.0.5 (executor 0) (1/1)
[2025-02-10T10:05:12.529+0000] {spark_submit.py:491} INFO - 25/02/10 10:05:12 INFO TaskSchedulerImpl: Removed TaskSet 9.0, whose tasks have all completed, from pool
[2025-02-10T10:05:12.532+0000] {spark_submit.py:491} INFO - 25/02/10 10:05:12 INFO DAGScheduler: ShuffleMapStage 9 (save at WriterIcebergBase.scala:33) finished in 0.326 s
[2025-02-10T10:05:12.533+0000] {spark_submit.py:491} INFO - 25/02/10 10:05:12 INFO DAGScheduler: looking for newly runnable stages
[2025-02-10T10:05:12.534+0000] {spark_submit.py:491} INFO - 25/02/10 10:05:12 INFO DAGScheduler: running: Set()
[2025-02-10T10:05:12.534+0000] {spark_submit.py:491} INFO - 25/02/10 10:05:12 INFO DAGScheduler: waiting: Set()
[2025-02-10T10:05:12.535+0000] {spark_submit.py:491} INFO - 25/02/10 10:05:12 INFO DAGScheduler: failed: Set()
[2025-02-10T10:05:12.539+0000] {spark_submit.py:491} INFO - 25/02/10 10:05:12 INFO ShufflePartitionsUtil: For shuffle(3), advisory target size: 67108864, actual target size 1048576, minimum partition size: 1048576
[2025-02-10T10:05:12.567+0000] {spark_submit.py:491} INFO - 25/02/10 10:05:12 INFO MemoryStore: Block broadcast_18 stored as values in memory (estimated size 32.0 KiB, free 434.2 MiB)
[2025-02-10T10:05:12.586+0000] {spark_submit.py:491} INFO - 25/02/10 10:05:12 INFO MemoryStore: Block broadcast_18_piece0 stored as bytes in memory (estimated size 30.7 KiB, free 434.2 MiB)
[2025-02-10T10:05:12.595+0000] {spark_submit.py:491} INFO - 25/02/10 10:05:12 INFO BlockManagerInfo: Added broadcast_18_piece0 in memory on 4ace1a0fe0eb:37937 (size: 30.7 KiB, free: 434.3 MiB)
[2025-02-10T10:05:12.601+0000] {spark_submit.py:491} INFO - 25/02/10 10:05:12 INFO SparkContext: Created broadcast 18 from broadcast at SparkWrite.java:180
[2025-02-10T10:05:12.605+0000] {spark_submit.py:491} INFO - 25/02/10 10:05:12 INFO BlockManagerInfo: Removed broadcast_17_piece0 on 4ace1a0fe0eb:37937 in memory (size: 18.6 KiB, free: 434.3 MiB)
[2025-02-10T10:05:12.607+0000] {spark_submit.py:491} INFO - 25/02/10 10:05:12 INFO OverwriteByExpressionExec: Start processing data source write support: IcebergBatchWrite(table=gold_catalog.aggUsers, format=PARQUET). The input RDD has 1 partitions.
[2025-02-10T10:05:12.608+0000] {spark_submit.py:491} INFO - 25/02/10 10:05:12 INFO SparkContext: Starting job: save at WriterIcebergBase.scala:33
[2025-02-10T10:05:12.611+0000] {spark_submit.py:491} INFO - 25/02/10 10:05:12 INFO DAGScheduler: Got job 7 (save at WriterIcebergBase.scala:33) with 1 output partitions
[2025-02-10T10:05:12.613+0000] {spark_submit.py:491} INFO - 25/02/10 10:05:12 INFO BlockManagerInfo: Removed broadcast_17_piece0 on 172.18.0.5:42751 in memory (size: 18.6 KiB, free: 434.4 MiB)
[2025-02-10T10:05:12.614+0000] {spark_submit.py:491} INFO - 25/02/10 10:05:12 INFO DAGScheduler: Final stage: ResultStage 11 (save at WriterIcebergBase.scala:33)
[2025-02-10T10:05:12.615+0000] {spark_submit.py:491} INFO - 25/02/10 10:05:12 INFO DAGScheduler: Parents of final stage: List(ShuffleMapStage 10)
[2025-02-10T10:05:12.618+0000] {spark_submit.py:491} INFO - 25/02/10 10:05:12 INFO DAGScheduler: Missing parents: List()
[2025-02-10T10:05:12.620+0000] {spark_submit.py:491} INFO - 25/02/10 10:05:12 INFO DAGScheduler: Submitting ResultStage 11 (MapPartitionsRDD[23] at save at WriterIcebergBase.scala:33), which has no missing parents
[2025-02-10T10:05:12.634+0000] {spark_submit.py:491} INFO - 25/02/10 10:05:12 INFO MemoryStore: Block broadcast_19 stored as values in memory (estimated size 35.5 KiB, free 434.2 MiB)
[2025-02-10T10:05:12.636+0000] {spark_submit.py:491} INFO - 25/02/10 10:05:12 INFO MemoryStore: Block broadcast_19_piece0 stored as bytes in memory (estimated size 17.1 KiB, free 434.2 MiB)
[2025-02-10T10:05:12.640+0000] {spark_submit.py:491} INFO - 25/02/10 10:05:12 INFO BlockManagerInfo: Added broadcast_19_piece0 in memory on 4ace1a0fe0eb:37937 (size: 17.1 KiB, free: 434.3 MiB)
[2025-02-10T10:05:12.644+0000] {spark_submit.py:491} INFO - 25/02/10 10:05:12 INFO SparkContext: Created broadcast 19 from broadcast at DAGScheduler.scala:1535
[2025-02-10T10:05:12.644+0000] {spark_submit.py:491} INFO - 25/02/10 10:05:12 INFO DAGScheduler: Submitting 1 missing tasks from ResultStage 11 (MapPartitionsRDD[23] at save at WriterIcebergBase.scala:33) (first 15 tasks are for partitions Vector(0))
[2025-02-10T10:05:12.649+0000] {spark_submit.py:491} INFO - 25/02/10 10:05:12 INFO TaskSchedulerImpl: Adding task set 11.0 with 1 tasks resource profile 0
[2025-02-10T10:05:12.651+0000] {spark_submit.py:491} INFO - 25/02/10 10:05:12 INFO TaskSetManager: Starting task 0.0 in stage 11.0 (TID 7) (172.18.0.5, executor 0, partition 0, NODE_LOCAL, 7367 bytes)
[2025-02-10T10:05:12.675+0000] {spark_submit.py:491} INFO - 25/02/10 10:05:12 INFO BlockManagerInfo: Added broadcast_19_piece0 in memory on 172.18.0.5:42751 (size: 17.1 KiB, free: 434.4 MiB)
[2025-02-10T10:05:12.709+0000] {spark_submit.py:491} INFO - 25/02/10 10:05:12 INFO MapOutputTrackerMasterEndpoint: Asked to send map output locations for shuffle 3 to 172.18.0.5:36256
[2025-02-10T10:05:12.774+0000] {spark_submit.py:491} INFO - 25/02/10 10:05:12 INFO BlockManagerInfo: Added broadcast_18_piece0 in memory on 172.18.0.5:42751 (size: 30.7 KiB, free: 434.3 MiB)
[2025-02-10T10:05:12.867+0000] {spark_submit.py:491} INFO - 25/02/10 10:05:12 INFO TaskSetManager: Finished task 0.0 in stage 11.0 (TID 7) in 222 ms on 172.18.0.5 (executor 0) (1/1)
[2025-02-10T10:05:12.891+0000] {spark_submit.py:491} INFO - 25/02/10 10:05:12 INFO TaskSchedulerImpl: Removed TaskSet 11.0, whose tasks have all completed, from pool
[2025-02-10T10:05:12.893+0000] {spark_submit.py:491} INFO - 25/02/10 10:05:12 INFO DAGScheduler: ResultStage 11 (save at WriterIcebergBase.scala:33) finished in 0.241 s
[2025-02-10T10:05:12.913+0000] {spark_submit.py:491} INFO - 25/02/10 10:05:12 INFO DAGScheduler: Job 7 is finished. Cancelling potential speculative or zombie tasks for this job
[2025-02-10T10:05:12.918+0000] {spark_submit.py:491} INFO - 25/02/10 10:05:12 INFO TaskSchedulerImpl: Killing all running tasks in stage 11: Stage finished
[2025-02-10T10:05:12.938+0000] {spark_submit.py:491} INFO - 25/02/10 10:05:12 INFO DAGScheduler: Job 7 finished: save at WriterIcebergBase.scala:33, took 0.267162 s
[2025-02-10T10:05:12.939+0000] {spark_submit.py:491} INFO - 25/02/10 10:05:12 INFO OverwriteByExpressionExec: Data source write support IcebergBatchWrite(table=gold_catalog.aggUsers, format=PARQUET) is committing.
[2025-02-10T10:05:13.362+0000] {spark_submit.py:491} INFO - 25/02/10 10:05:13 INFO OverwriteByExpressionExec: Data source write support IcebergBatchWrite(table=gold_catalog.aggUsers, format=PARQUET) committed.
[2025-02-10T10:05:13.368+0000] {spark_submit.py:491} INFO - Data written successfully to Iceberg table in MinIO: s3a://gold/gold_catalog.aggUsers
[2025-02-10T10:05:13.369+0000] {spark_submit.py:491} INFO - Gold layer processing completed successfully.
[2025-02-10T10:05:13.382+0000] {spark_submit.py:491} INFO - 25/02/10 10:05:13 INFO SparkContext: Invoking stop() from shutdown hook
[2025-02-10T10:05:13.384+0000] {spark_submit.py:491} INFO - 25/02/10 10:05:13 INFO SparkContext: SparkContext is stopping with exitCode 0.
[2025-02-10T10:05:13.420+0000] {spark_submit.py:491} INFO - 25/02/10 10:05:13 INFO SparkUI: Stopped Spark web UI at http://4ace1a0fe0eb:4040
[2025-02-10T10:05:13.436+0000] {spark_submit.py:491} INFO - 25/02/10 10:05:13 INFO StandaloneSchedulerBackend: Shutting down all executors
[2025-02-10T10:05:13.436+0000] {spark_submit.py:491} INFO - 25/02/10 10:05:13 INFO StandaloneSchedulerBackend$StandaloneDriverEndpoint: Asking each executor to shut down
[2025-02-10T10:05:13.526+0000] {spark_submit.py:491} INFO - 25/02/10 10:05:13 INFO MapOutputTrackerMasterEndpoint: MapOutputTrackerMasterEndpoint stopped!
[2025-02-10T10:05:13.618+0000] {spark_submit.py:491} INFO - 25/02/10 10:05:13 INFO MemoryStore: MemoryStore cleared
[2025-02-10T10:05:13.621+0000] {spark_submit.py:491} INFO - 25/02/10 10:05:13 INFO BlockManager: BlockManager stopped
[2025-02-10T10:05:13.637+0000] {spark_submit.py:491} INFO - 25/02/10 10:05:13 INFO BlockManagerMaster: BlockManagerMaster stopped
[2025-02-10T10:05:13.672+0000] {spark_submit.py:491} INFO - 25/02/10 10:05:13 INFO OutputCommitCoordinator$OutputCommitCoordinatorEndpoint: OutputCommitCoordinator stopped!
[2025-02-10T10:05:13.795+0000] {spark_submit.py:491} INFO - 25/02/10 10:05:13 INFO SparkContext: Successfully stopped SparkContext
[2025-02-10T10:05:13.801+0000] {spark_submit.py:491} INFO - 25/02/10 10:05:13 INFO ShutdownHookManager: Shutdown hook called
[2025-02-10T10:05:13.803+0000] {spark_submit.py:491} INFO - 25/02/10 10:05:13 INFO ShutdownHookManager: Deleting directory /tmp/spark-e4e493e5-91d3-4a64-8078-f11580d3b5ec
[2025-02-10T10:05:13.837+0000] {spark_submit.py:491} INFO - 25/02/10 10:05:13 INFO ShutdownHookManager: Deleting directory /tmp/spark-f15c83a1-fc75-4178-80dc-354e1a5a8eca
[2025-02-10T10:05:14.002+0000] {spark_submit.py:491} INFO - 25/02/10 10:05:14 INFO MetricsSystemImpl: Stopping s3a-file-system metrics system...
[2025-02-10T10:05:14.005+0000] {spark_submit.py:491} INFO - 25/02/10 10:05:14 INFO MetricsSystemImpl: s3a-file-system metrics system stopped.
[2025-02-10T10:05:14.009+0000] {spark_submit.py:491} INFO - 25/02/10 10:05:14 INFO MetricsSystemImpl: s3a-file-system metrics system shutdown complete.
[2025-02-10T10:05:14.534+0000] {taskinstance.py:1345} INFO - Marking task as SUCCESS. dag_id=DAG_ETL_daily_jobs_v2, task_id=gold_job, execution_date=20250209T090000, start_date=20250210T100410, end_date=20250210T100514
[2025-02-10T10:05:14.727+0000] {local_task_job_runner.py:225} INFO - Task exited with return code 0
[2025-02-10T10:05:14.881+0000] {taskinstance.py:2653} INFO - 0 downstream tasks scheduled from follow-on schedule check
