[2025-02-11T15:57:17.509+0000] {taskinstance.py:1103} INFO - Dependencies all met for dep_context=non-requeueable deps ti=<TaskInstance: DAG_ETL_daily_jobs.bronze_job manual__2025-02-11T15:56:57.124554+00:00 [queued]>
[2025-02-11T15:57:17.556+0000] {taskinstance.py:1103} INFO - Dependencies all met for dep_context=requeueable deps ti=<TaskInstance: DAG_ETL_daily_jobs.bronze_job manual__2025-02-11T15:56:57.124554+00:00 [queued]>
[2025-02-11T15:57:17.557+0000] {taskinstance.py:1308} INFO - Starting attempt 1 of 2
[2025-02-11T15:57:17.631+0000] {taskinstance.py:1327} INFO - Executing <Task(SparkSubmitOperator): bronze_job> on 2025-02-11 15:56:57.124554+00:00
[2025-02-11T15:57:17.679+0000] {standard_task_runner.py:57} INFO - Started process 1934 to run task
[2025-02-11T15:57:17.717+0000] {standard_task_runner.py:84} INFO - Running: ['***', 'tasks', 'run', 'DAG_ETL_daily_jobs', 'bronze_job', 'manual__2025-02-11T15:56:57.124554+00:00', '--job-id', '15', '--raw', '--subdir', 'DAGS_FOLDER/dag_ETL.py', '--cfg-path', '/tmp/tmp80cxxom2']
[2025-02-11T15:57:17.724+0000] {standard_task_runner.py:85} INFO - Job 15: Subtask bronze_job
[2025-02-11T15:57:19.091+0000] {task_command.py:410} INFO - Running <TaskInstance: DAG_ETL_daily_jobs.bronze_job manual__2025-02-11T15:56:57.124554+00:00 [running]> on host 1921aa867cda
[2025-02-11T15:57:20.264+0000] {taskinstance.py:1545} INFO - Exporting env vars: AIRFLOW_CTX_DAG_OWNER='saadelbekkali' AIRFLOW_CTX_DAG_ID='DAG_ETL_daily_jobs' AIRFLOW_CTX_TASK_ID='bronze_job' AIRFLOW_CTX_EXECUTION_DATE='2025-02-11T15:56:57.124554+00:00' AIRFLOW_CTX_TRY_NUMBER='1' AIRFLOW_CTX_DAG_RUN_ID='manual__2025-02-11T15:56:57.124554+00:00'
[2025-02-11T15:57:20.350+0000] {base.py:73} INFO - Using connection ID 'spark_default' for task execution.
[2025-02-11T15:57:20.450+0000] {spark_submit.py:340} INFO - Spark-Submit cmd: spark-submit --master spark://spark:7077 --conf spark.jars.packages=com.typesafe:config:1.4.2,com.lihaoyi:requests_2.12:0.8.0,io.circe:circe-core_2.12:0.14.1,io.circe:circe-parser_2.12:0.14.1,io.circe:circe-generic_2.12:0.14.1,org.apache.hadoop:hadoop-aws:3.3.1,com.amazonaws:aws-java-sdk-bundle:1.12.539,org.apache.iceberg:iceberg-spark-runtime-3.4_2.12:1.3.1 --conf spark.driver.extraClassPath=/opt/***/jars/* --conf spark.executor.extraClassPath=/opt/***/jars/* --conf spark.hadoop.fs.s3a.endpoint=http://minio:9000 --conf spark.hadoop.fs.s3a.access.key=minio --conf spark.hadoop.fs.s3a.secret.key=****** --conf spark.hadoop.fs.s3a.path.style.access=true --conf spark.hadoop.fs.s3a.impl=org.apache.hadoop.fs.s3a.S3AFileSystem --conf spark.hadoop.fs.s3a.aws.credentials.provider=org.apache.hadoop.fs.s3a.SimpleAWSCredentialsProvider --conf spark.driver.userClassPathFirst=true --conf spark.executor.userClassPathFirst=true --conf spark.sql.extensions=org.apache.iceberg.spark.extensions.IcebergSparkSessionExtensions --conf spark.sql.catalog.silver_catalog=org.apache.iceberg.spark.SparkCatalog --conf spark.sql.catalog.silver_catalog.type=hadoop --conf spark.sql.catalog.silver_catalog.warehouse=s3a://silver/ --conf spark.sql.catalog.gold_catalog=org.apache.iceberg.spark.SparkCatalog --conf spark.sql.catalog.gold_catalog.type=hadoop --conf spark.sql.catalog.gold_catalog.warehouse=s3a://gold/ --packages com.typesafe:config:1.4.2,com.lihaoyi:requests_2.12:0.8.0,io.circe:circe-core_2.12:0.14.1,io.circe:circe-parser_2.12:0.14.1,io.circe:circe-generic_2.12:0.14.1,org.apache.hadoop:hadoop-aws:3.3.1,com.amazonaws:aws-java-sdk-bundle:1.12.539,org.apache.iceberg:iceberg-spark-runtime-3.4_2.12:1.3.1 --name arrow-spark --class com.Main --verbose /opt/***/jars/scala-maven-project-1.0.jar bronze
[2025-02-11T15:57:32.019+0000] {spark_submit.py:491} INFO - Using properties file: null
[2025-02-11T15:57:32.495+0000] {spark_submit.py:491} INFO - Parsed arguments:
[2025-02-11T15:57:32.496+0000] {spark_submit.py:491} INFO - master                  spark://spark:7077
[2025-02-11T15:57:32.497+0000] {spark_submit.py:491} INFO - remote                  null
[2025-02-11T15:57:32.497+0000] {spark_submit.py:491} INFO - deployMode              null
[2025-02-11T15:57:32.498+0000] {spark_submit.py:491} INFO - executorMemory          null
[2025-02-11T15:57:32.499+0000] {spark_submit.py:491} INFO - executorCores           null
[2025-02-11T15:57:32.499+0000] {spark_submit.py:491} INFO - totalExecutorCores      null
[2025-02-11T15:57:32.499+0000] {spark_submit.py:491} INFO - propertiesFile          null
[2025-02-11T15:57:32.500+0000] {spark_submit.py:491} INFO - driverMemory            null
[2025-02-11T15:57:32.501+0000] {spark_submit.py:491} INFO - driverCores             null
[2025-02-11T15:57:32.501+0000] {spark_submit.py:491} INFO - driverExtraClassPath    /opt/***/jars/*
[2025-02-11T15:57:32.503+0000] {spark_submit.py:491} INFO - driverExtraLibraryPath  null
[2025-02-11T15:57:32.506+0000] {spark_submit.py:491} INFO - driverExtraJavaOptions  null
[2025-02-11T15:57:32.509+0000] {spark_submit.py:491} INFO - supervise               false
[2025-02-11T15:57:32.513+0000] {spark_submit.py:491} INFO - queue                   null
[2025-02-11T15:57:32.515+0000] {spark_submit.py:491} INFO - numExecutors            null
[2025-02-11T15:57:32.521+0000] {spark_submit.py:491} INFO - files                   null
[2025-02-11T15:57:32.524+0000] {spark_submit.py:491} INFO - pyFiles                 null
[2025-02-11T15:57:32.525+0000] {spark_submit.py:491} INFO - archives                null
[2025-02-11T15:57:32.527+0000] {spark_submit.py:491} INFO - mainClass               com.Main
[2025-02-11T15:57:32.528+0000] {spark_submit.py:491} INFO - primaryResource         file:/opt/***/jars/scala-maven-project-1.0.jar
[2025-02-11T15:57:32.529+0000] {spark_submit.py:491} INFO - name                    arrow-spark
[2025-02-11T15:57:32.530+0000] {spark_submit.py:491} INFO - childArgs               [bronze]
[2025-02-11T15:57:32.531+0000] {spark_submit.py:491} INFO - jars                    null
[2025-02-11T15:57:32.532+0000] {spark_submit.py:491} INFO - packages                com.typesafe:config:1.4.2,com.lihaoyi:requests_2.12:0.8.0,io.circe:circe-core_2.12:0.14.1,io.circe:circe-parser_2.12:0.14.1,io.circe:circe-generic_2.12:0.14.1,org.apache.hadoop:hadoop-aws:3.3.1,com.amazonaws:aws-java-sdk-bundle:1.12.539,org.apache.iceberg:iceberg-spark-runtime-3.4_2.12:1.3.1
[2025-02-11T15:57:32.532+0000] {spark_submit.py:491} INFO - packagesExclusions      null
[2025-02-11T15:57:32.533+0000] {spark_submit.py:491} INFO - repositories            null
[2025-02-11T15:57:32.533+0000] {spark_submit.py:491} INFO - verbose                 true
[2025-02-11T15:57:32.534+0000] {spark_submit.py:491} INFO - 
[2025-02-11T15:57:32.535+0000] {spark_submit.py:491} INFO - Spark properties used, including those specified through
[2025-02-11T15:57:32.535+0000] {spark_submit.py:491} INFO - --conf and those from the properties file null:
[2025-02-11T15:57:32.536+0000] {spark_submit.py:491} INFO - (spark.driver.extraClassPath,/opt/***/jars/*)
[2025-02-11T15:57:32.537+0000] {spark_submit.py:491} INFO - (spark.driver.userClassPathFirst,true)
[2025-02-11T15:57:32.537+0000] {spark_submit.py:491} INFO - (spark.executor.extraClassPath,/opt/***/jars/*)
[2025-02-11T15:57:32.538+0000] {spark_submit.py:491} INFO - (spark.executor.userClassPathFirst,true)
[2025-02-11T15:57:32.539+0000] {spark_submit.py:491} INFO - (spark.hadoop.fs.s3a.access.key,*********(redacted))
[2025-02-11T15:57:32.539+0000] {spark_submit.py:491} INFO - (spark.hadoop.fs.s3a.aws.credentials.provider,org.apache.hadoop.fs.s3a.SimpleAWSCredentialsProvider)
[2025-02-11T15:57:32.540+0000] {spark_submit.py:491} INFO - (spark.hadoop.fs.s3a.endpoint,http://minio:9000)
[2025-02-11T15:57:32.540+0000] {spark_submit.py:491} INFO - (spark.hadoop.fs.s3a.impl,org.apache.hadoop.fs.s3a.S3AFileSystem)
[2025-02-11T15:57:32.541+0000] {spark_submit.py:491} INFO - (spark.hadoop.fs.s3a.path.style.access,true)
[2025-02-11T15:57:32.542+0000] {spark_submit.py:491} INFO - (spark.hadoop.fs.s3a.secret.key,*********(redacted))
[2025-02-11T15:57:32.542+0000] {spark_submit.py:491} INFO - (spark.jars.packages,com.typesafe:config:1.4.2,com.lihaoyi:requests_2.12:0.8.0,io.circe:circe-core_2.12:0.14.1,io.circe:circe-parser_2.12:0.14.1,io.circe:circe-generic_2.12:0.14.1,org.apache.hadoop:hadoop-aws:3.3.1,com.amazonaws:aws-java-sdk-bundle:1.12.539,org.apache.iceberg:iceberg-spark-runtime-3.4_2.12:1.3.1)
[2025-02-11T15:57:32.543+0000] {spark_submit.py:491} INFO - (spark.sql.catalog.gold_catalog,org.apache.iceberg.spark.SparkCatalog)
[2025-02-11T15:57:32.544+0000] {spark_submit.py:491} INFO - (spark.sql.catalog.gold_catalog.type,hadoop)
[2025-02-11T15:57:32.545+0000] {spark_submit.py:491} INFO - (spark.sql.catalog.gold_catalog.warehouse,s3a://gold/)
[2025-02-11T15:57:32.545+0000] {spark_submit.py:491} INFO - (spark.sql.catalog.silver_catalog,org.apache.iceberg.spark.SparkCatalog)
[2025-02-11T15:57:32.546+0000] {spark_submit.py:491} INFO - (spark.sql.catalog.silver_catalog.type,hadoop)
[2025-02-11T15:57:32.546+0000] {spark_submit.py:491} INFO - (spark.sql.catalog.silver_catalog.warehouse,s3a://silver/)
[2025-02-11T15:57:32.547+0000] {spark_submit.py:491} INFO - (spark.sql.extensions,org.apache.iceberg.spark.extensions.IcebergSparkSessionExtensions)
[2025-02-11T15:57:32.547+0000] {spark_submit.py:491} INFO - 
[2025-02-11T15:57:32.548+0000] {spark_submit.py:491} INFO - 
[2025-02-11T15:57:33.170+0000] {spark_submit.py:491} INFO - :: loading settings :: url = jar:file:/opt/spark-3.4.0-bin-hadoop3/jars/ivy-2.5.1.jar!/org/apache/ivy/core/settings/ivysettings.xml
[2025-02-11T15:57:33.989+0000] {spark_submit.py:491} INFO - Ivy Default Cache set to: /home/***/.ivy2/cache
[2025-02-11T15:57:33.991+0000] {spark_submit.py:491} INFO - The jars for the packages stored in: /home/***/.ivy2/jars
[2025-02-11T15:57:34.000+0000] {spark_submit.py:491} INFO - com.typesafe#config added as a dependency
[2025-02-11T15:57:34.001+0000] {spark_submit.py:491} INFO - com.lihaoyi#requests_2.12 added as a dependency
[2025-02-11T15:57:34.001+0000] {spark_submit.py:491} INFO - io.circe#circe-core_2.12 added as a dependency
[2025-02-11T15:57:34.002+0000] {spark_submit.py:491} INFO - io.circe#circe-parser_2.12 added as a dependency
[2025-02-11T15:57:34.003+0000] {spark_submit.py:491} INFO - io.circe#circe-generic_2.12 added as a dependency
[2025-02-11T15:57:34.004+0000] {spark_submit.py:491} INFO - org.apache.hadoop#hadoop-aws added as a dependency
[2025-02-11T15:57:34.005+0000] {spark_submit.py:491} INFO - com.amazonaws#aws-java-sdk-bundle added as a dependency
[2025-02-11T15:57:34.006+0000] {spark_submit.py:491} INFO - org.apache.iceberg#iceberg-spark-runtime-3.4_2.12 added as a dependency
[2025-02-11T15:57:34.008+0000] {spark_submit.py:491} INFO - :: resolving dependencies :: org.apache.spark#spark-submit-parent-c8d9b594-9118-44ca-b60f-e1f222a18b92;1.0
[2025-02-11T15:57:34.010+0000] {spark_submit.py:491} INFO - confs: [default]
[2025-02-11T15:57:34.837+0000] {spark_submit.py:491} INFO - found com.typesafe#config;1.4.2 in central
[2025-02-11T15:57:34.923+0000] {spark_submit.py:491} INFO - found com.lihaoyi#requests_2.12;0.8.0 in central
[2025-02-11T15:57:35.024+0000] {spark_submit.py:491} INFO - found com.lihaoyi#geny_2.12;1.0.0 in central
[2025-02-11T15:57:35.112+0000] {spark_submit.py:491} INFO - found io.circe#circe-core_2.12;0.14.1 in central
[2025-02-11T15:57:35.165+0000] {spark_submit.py:491} INFO - found io.circe#circe-numbers_2.12;0.14.1 in central
[2025-02-11T15:57:35.356+0000] {spark_submit.py:491} INFO - found org.typelevel#cats-core_2.12;2.6.1 in central
[2025-02-11T15:57:35.423+0000] {spark_submit.py:491} INFO - found org.typelevel#cats-kernel_2.12;2.6.1 in central
[2025-02-11T15:57:35.511+0000] {spark_submit.py:491} INFO - found org.typelevel#simulacrum-scalafix-annotations_2.12;0.5.4 in central
[2025-02-11T15:57:35.557+0000] {spark_submit.py:491} INFO - found io.circe#circe-parser_2.12;0.14.1 in central
[2025-02-11T15:57:35.593+0000] {spark_submit.py:491} INFO - found io.circe#circe-jawn_2.12;0.14.1 in central
[2025-02-11T15:57:35.654+0000] {spark_submit.py:491} INFO - found org.typelevel#jawn-parser_2.12;1.1.2 in central
[2025-02-11T15:57:35.691+0000] {spark_submit.py:491} INFO - found io.circe#circe-generic_2.12;0.14.1 in central
[2025-02-11T15:57:35.743+0000] {spark_submit.py:491} INFO - found com.chuusai#shapeless_2.12;2.3.7 in central
[2025-02-11T15:57:35.848+0000] {spark_submit.py:491} INFO - found org.apache.hadoop#hadoop-aws;3.3.1 in central
[2025-02-11T15:57:35.893+0000] {spark_submit.py:491} INFO - found org.wildfly.openssl#wildfly-openssl;1.0.7.Final in central
[2025-02-11T15:57:35.912+0000] {spark_submit.py:491} INFO - found com.amazonaws#aws-java-sdk-bundle;1.12.539 in central
[2025-02-11T15:57:35.936+0000] {spark_submit.py:491} INFO - found org.apache.iceberg#iceberg-spark-runtime-3.4_2.12;1.3.1 in central
[2025-02-11T15:57:36.078+0000] {spark_submit.py:491} INFO - :: resolution report :: resolve 1961ms :: artifacts dl 114ms
[2025-02-11T15:57:36.079+0000] {spark_submit.py:491} INFO - :: modules in use:
[2025-02-11T15:57:36.079+0000] {spark_submit.py:491} INFO - com.amazonaws#aws-java-sdk-bundle;1.12.539 from central in [default]
[2025-02-11T15:57:36.080+0000] {spark_submit.py:491} INFO - com.chuusai#shapeless_2.12;2.3.7 from central in [default]
[2025-02-11T15:57:36.081+0000] {spark_submit.py:491} INFO - com.lihaoyi#geny_2.12;1.0.0 from central in [default]
[2025-02-11T15:57:36.082+0000] {spark_submit.py:491} INFO - com.lihaoyi#requests_2.12;0.8.0 from central in [default]
[2025-02-11T15:57:36.082+0000] {spark_submit.py:491} INFO - com.typesafe#config;1.4.2 from central in [default]
[2025-02-11T15:57:36.083+0000] {spark_submit.py:491} INFO - io.circe#circe-core_2.12;0.14.1 from central in [default]
[2025-02-11T15:57:36.083+0000] {spark_submit.py:491} INFO - io.circe#circe-generic_2.12;0.14.1 from central in [default]
[2025-02-11T15:57:36.084+0000] {spark_submit.py:491} INFO - io.circe#circe-jawn_2.12;0.14.1 from central in [default]
[2025-02-11T15:57:36.084+0000] {spark_submit.py:491} INFO - io.circe#circe-numbers_2.12;0.14.1 from central in [default]
[2025-02-11T15:57:36.085+0000] {spark_submit.py:491} INFO - io.circe#circe-parser_2.12;0.14.1 from central in [default]
[2025-02-11T15:57:36.085+0000] {spark_submit.py:491} INFO - org.apache.hadoop#hadoop-aws;3.3.1 from central in [default]
[2025-02-11T15:57:36.086+0000] {spark_submit.py:491} INFO - org.apache.iceberg#iceberg-spark-runtime-3.4_2.12;1.3.1 from central in [default]
[2025-02-11T15:57:36.086+0000] {spark_submit.py:491} INFO - org.typelevel#cats-core_2.12;2.6.1 from central in [default]
[2025-02-11T15:57:36.087+0000] {spark_submit.py:491} INFO - org.typelevel#cats-kernel_2.12;2.6.1 from central in [default]
[2025-02-11T15:57:36.088+0000] {spark_submit.py:491} INFO - org.typelevel#jawn-parser_2.12;1.1.2 from central in [default]
[2025-02-11T15:57:36.088+0000] {spark_submit.py:491} INFO - org.typelevel#simulacrum-scalafix-annotations_2.12;0.5.4 from central in [default]
[2025-02-11T15:57:36.089+0000] {spark_submit.py:491} INFO - org.wildfly.openssl#wildfly-openssl;1.0.7.Final from central in [default]
[2025-02-11T15:57:36.090+0000] {spark_submit.py:491} INFO - :: evicted modules:
[2025-02-11T15:57:36.090+0000] {spark_submit.py:491} INFO - com.amazonaws#aws-java-sdk-bundle;1.11.901 by [com.amazonaws#aws-java-sdk-bundle;1.12.539] in [default]
[2025-02-11T15:57:36.091+0000] {spark_submit.py:491} INFO - ---------------------------------------------------------------------
[2025-02-11T15:57:36.091+0000] {spark_submit.py:491} INFO - |                  |            modules            ||   artifacts   |
[2025-02-11T15:57:36.092+0000] {spark_submit.py:491} INFO - |       conf       | number| search|dwnlded|evicted|| number|dwnlded|
[2025-02-11T15:57:36.093+0000] {spark_submit.py:491} INFO - ---------------------------------------------------------------------
[2025-02-11T15:57:36.093+0000] {spark_submit.py:491} INFO - |      default     |   18  |   0   |   0   |   1   ||   17  |   0   |
[2025-02-11T15:57:36.094+0000] {spark_submit.py:491} INFO - ---------------------------------------------------------------------
[2025-02-11T15:57:36.104+0000] {spark_submit.py:491} INFO - :: retrieving :: org.apache.spark#spark-submit-parent-c8d9b594-9118-44ca-b60f-e1f222a18b92
[2025-02-11T15:57:36.105+0000] {spark_submit.py:491} INFO - confs: [default]
[2025-02-11T15:57:36.189+0000] {spark_submit.py:491} INFO - 0 artifacts copied, 17 already retrieved (0kB/83ms)
[2025-02-11T15:57:37.997+0000] {spark_submit.py:491} INFO - 25/02/11 15:57:37 WARN NativeCodeLoader: Unable to load native-hadoop library for your platform... using builtin-java classes where applicable
[2025-02-11T15:57:40.589+0000] {spark_submit.py:491} INFO - Main class:
[2025-02-11T15:57:40.599+0000] {spark_submit.py:491} INFO - com.Main
[2025-02-11T15:57:40.654+0000] {spark_submit.py:491} INFO - Arguments:
[2025-02-11T15:57:40.657+0000] {spark_submit.py:491} INFO - bronze
[2025-02-11T15:57:40.748+0000] {spark_submit.py:491} INFO - Spark config:
[2025-02-11T15:57:40.809+0000] {spark_submit.py:491} INFO - (spark.app.name,arrow-spark)
[2025-02-11T15:57:40.812+0000] {spark_submit.py:491} INFO - (spark.app.submitTime,1739289460455)
[2025-02-11T15:57:40.813+0000] {spark_submit.py:491} INFO - (spark.driver.extraClassPath,/opt/***/jars/*)
[2025-02-11T15:57:40.815+0000] {spark_submit.py:491} INFO - (spark.driver.userClassPathFirst,true)
[2025-02-11T15:57:40.817+0000] {spark_submit.py:491} INFO - (spark.executor.extraClassPath,/opt/***/jars/*)
[2025-02-11T15:57:40.818+0000] {spark_submit.py:491} INFO - (spark.executor.userClassPathFirst,true)
[2025-02-11T15:57:40.820+0000] {spark_submit.py:491} INFO - (spark.hadoop.fs.s3a.access.key,*********(redacted))
[2025-02-11T15:57:40.822+0000] {spark_submit.py:491} INFO - (spark.hadoop.fs.s3a.aws.credentials.provider,org.apache.hadoop.fs.s3a.SimpleAWSCredentialsProvider)
[2025-02-11T15:57:40.825+0000] {spark_submit.py:491} INFO - (spark.hadoop.fs.s3a.endpoint,http://minio:9000)
[2025-02-11T15:57:40.827+0000] {spark_submit.py:491} INFO - (spark.hadoop.fs.s3a.impl,org.apache.hadoop.fs.s3a.S3AFileSystem)
[2025-02-11T15:57:40.829+0000] {spark_submit.py:491} INFO - (spark.hadoop.fs.s3a.path.style.access,true)
[2025-02-11T15:57:40.831+0000] {spark_submit.py:491} INFO - (spark.hadoop.fs.s3a.secret.key,*********(redacted))
[2025-02-11T15:57:40.832+0000] {spark_submit.py:491} INFO - (spark.jars,file:///home/***/.ivy2/jars/com.typesafe_config-1.4.2.jar,file:///home/***/.ivy2/jars/com.lihaoyi_requests_2.12-0.8.0.jar,file:///home/***/.ivy2/jars/io.circe_circe-core_2.12-0.14.1.jar,file:///home/***/.ivy2/jars/io.circe_circe-parser_2.12-0.14.1.jar,file:///home/***/.ivy2/jars/io.circe_circe-generic_2.12-0.14.1.jar,file:///home/***/.ivy2/jars/org.apache.hadoop_hadoop-aws-3.3.1.jar,file:///home/***/.ivy2/jars/com.amazonaws_aws-java-sdk-bundle-1.12.539.jar,file:///home/***/.ivy2/jars/org.apache.iceberg_iceberg-spark-runtime-3.4_2.12-1.3.1.jar,file:///home/***/.ivy2/jars/com.lihaoyi_geny_2.12-1.0.0.jar,file:///home/***/.ivy2/jars/io.circe_circe-numbers_2.12-0.14.1.jar,file:///home/***/.ivy2/jars/org.typelevel_cats-core_2.12-2.6.1.jar,file:///home/***/.ivy2/jars/org.typelevel_cats-kernel_2.12-2.6.1.jar,file:///home/***/.ivy2/jars/org.typelevel_simulacrum-scalafix-annotations_2.12-0.5.4.jar,file:///home/***/.ivy2/jars/io.circe_circe-jawn_2.12-0.14.1.jar,file:///home/***/.ivy2/jars/org.typelevel_jawn-parser_2.12-1.1.2.jar,file:///home/***/.ivy2/jars/com.chuusai_shapeless_2.12-2.3.7.jar,file:///home/***/.ivy2/jars/org.wildfly.openssl_wildfly-openssl-1.0.7.Final.jar,file:/opt/***/jars/scala-maven-project-1.0.jar)
[2025-02-11T15:57:40.834+0000] {spark_submit.py:491} INFO - (spark.jars.packages,com.typesafe:config:1.4.2,com.lihaoyi:requests_2.12:0.8.0,io.circe:circe-core_2.12:0.14.1,io.circe:circe-parser_2.12:0.14.1,io.circe:circe-generic_2.12:0.14.1,org.apache.hadoop:hadoop-aws:3.3.1,com.amazonaws:aws-java-sdk-bundle:1.12.539,org.apache.iceberg:iceberg-spark-runtime-3.4_2.12:1.3.1)
[2025-02-11T15:57:40.835+0000] {spark_submit.py:491} INFO - (spark.master,spark://spark:7077)
[2025-02-11T15:57:40.837+0000] {spark_submit.py:491} INFO - (spark.repl.local.jars,file:///home/***/.ivy2/jars/com.typesafe_config-1.4.2.jar,file:///home/***/.ivy2/jars/com.lihaoyi_requests_2.12-0.8.0.jar,file:///home/***/.ivy2/jars/io.circe_circe-core_2.12-0.14.1.jar,file:///home/***/.ivy2/jars/io.circe_circe-parser_2.12-0.14.1.jar,file:///home/***/.ivy2/jars/io.circe_circe-generic_2.12-0.14.1.jar,file:///home/***/.ivy2/jars/org.apache.hadoop_hadoop-aws-3.3.1.jar,file:///home/***/.ivy2/jars/com.amazonaws_aws-java-sdk-bundle-1.12.539.jar,file:///home/***/.ivy2/jars/org.apache.iceberg_iceberg-spark-runtime-3.4_2.12-1.3.1.jar,file:///home/***/.ivy2/jars/com.lihaoyi_geny_2.12-1.0.0.jar,file:///home/***/.ivy2/jars/io.circe_circe-numbers_2.12-0.14.1.jar,file:///home/***/.ivy2/jars/org.typelevel_cats-core_2.12-2.6.1.jar,file:///home/***/.ivy2/jars/org.typelevel_cats-kernel_2.12-2.6.1.jar,file:///home/***/.ivy2/jars/org.typelevel_simulacrum-scalafix-annotations_2.12-0.5.4.jar,file:///home/***/.ivy2/jars/io.circe_circe-jawn_2.12-0.14.1.jar,file:///home/***/.ivy2/jars/org.typelevel_jawn-parser_2.12-1.1.2.jar,file:///home/***/.ivy2/jars/com.chuusai_shapeless_2.12-2.3.7.jar,file:///home/***/.ivy2/jars/org.wildfly.openssl_wildfly-openssl-1.0.7.Final.jar)
[2025-02-11T15:57:40.854+0000] {spark_submit.py:491} INFO - (spark.sql.catalog.gold_catalog,org.apache.iceberg.spark.SparkCatalog)
[2025-02-11T15:57:40.858+0000] {spark_submit.py:491} INFO - (spark.sql.catalog.gold_catalog.type,hadoop)
[2025-02-11T15:57:40.866+0000] {spark_submit.py:491} INFO - (spark.sql.catalog.gold_catalog.warehouse,s3a://gold/)
[2025-02-11T15:57:40.867+0000] {spark_submit.py:491} INFO - (spark.sql.catalog.silver_catalog,org.apache.iceberg.spark.SparkCatalog)
[2025-02-11T15:57:40.869+0000] {spark_submit.py:491} INFO - (spark.sql.catalog.silver_catalog.type,hadoop)
[2025-02-11T15:57:40.870+0000] {spark_submit.py:491} INFO - (spark.sql.catalog.silver_catalog.warehouse,s3a://silver/)
[2025-02-11T15:57:40.873+0000] {spark_submit.py:491} INFO - (spark.sql.extensions,org.apache.iceberg.spark.extensions.IcebergSparkSessionExtensions)
[2025-02-11T15:57:40.877+0000] {spark_submit.py:491} INFO - (spark.submit.deployMode,client)
[2025-02-11T15:57:40.878+0000] {spark_submit.py:491} INFO - (spark.submit.pyFiles,)
[2025-02-11T15:57:40.882+0000] {spark_submit.py:491} INFO - Classpath elements:
[2025-02-11T15:57:40.883+0000] {spark_submit.py:491} INFO - file:/opt/***/jars/scala-maven-project-1.0.jar
[2025-02-11T15:57:40.889+0000] {spark_submit.py:491} INFO - file:///home/***/.ivy2/jars/com.typesafe_config-1.4.2.jar
[2025-02-11T15:57:40.894+0000] {spark_submit.py:491} INFO - file:///home/***/.ivy2/jars/com.lihaoyi_requests_2.12-0.8.0.jar
[2025-02-11T15:57:40.897+0000] {spark_submit.py:491} INFO - file:///home/***/.ivy2/jars/io.circe_circe-core_2.12-0.14.1.jar
[2025-02-11T15:57:40.898+0000] {spark_submit.py:491} INFO - file:///home/***/.ivy2/jars/io.circe_circe-parser_2.12-0.14.1.jar
[2025-02-11T15:57:40.899+0000] {spark_submit.py:491} INFO - file:///home/***/.ivy2/jars/io.circe_circe-generic_2.12-0.14.1.jar
[2025-02-11T15:57:40.900+0000] {spark_submit.py:491} INFO - file:///home/***/.ivy2/jars/org.apache.hadoop_hadoop-aws-3.3.1.jar
[2025-02-11T15:57:40.901+0000] {spark_submit.py:491} INFO - file:///home/***/.ivy2/jars/com.amazonaws_aws-java-sdk-bundle-1.12.539.jar
[2025-02-11T15:57:40.902+0000] {spark_submit.py:491} INFO - file:///home/***/.ivy2/jars/org.apache.iceberg_iceberg-spark-runtime-3.4_2.12-1.3.1.jar
[2025-02-11T15:57:40.904+0000] {spark_submit.py:491} INFO - file:///home/***/.ivy2/jars/com.lihaoyi_geny_2.12-1.0.0.jar
[2025-02-11T15:57:40.905+0000] {spark_submit.py:491} INFO - file:///home/***/.ivy2/jars/io.circe_circe-numbers_2.12-0.14.1.jar
[2025-02-11T15:57:40.905+0000] {spark_submit.py:491} INFO - file:///home/***/.ivy2/jars/org.typelevel_cats-core_2.12-2.6.1.jar
[2025-02-11T15:57:40.906+0000] {spark_submit.py:491} INFO - file:///home/***/.ivy2/jars/org.typelevel_cats-kernel_2.12-2.6.1.jar
[2025-02-11T15:57:40.912+0000] {spark_submit.py:491} INFO - file:///home/***/.ivy2/jars/org.typelevel_simulacrum-scalafix-annotations_2.12-0.5.4.jar
[2025-02-11T15:57:40.920+0000] {spark_submit.py:491} INFO - file:///home/***/.ivy2/jars/io.circe_circe-jawn_2.12-0.14.1.jar
[2025-02-11T15:57:40.921+0000] {spark_submit.py:491} INFO - file:///home/***/.ivy2/jars/org.typelevel_jawn-parser_2.12-1.1.2.jar
[2025-02-11T15:57:40.923+0000] {spark_submit.py:491} INFO - file:///home/***/.ivy2/jars/com.chuusai_shapeless_2.12-2.3.7.jar
[2025-02-11T15:57:40.926+0000] {spark_submit.py:491} INFO - file:///home/***/.ivy2/jars/org.wildfly.openssl_wildfly-openssl-1.0.7.Final.jar
[2025-02-11T15:57:40.928+0000] {spark_submit.py:491} INFO - 
[2025-02-11T15:57:40.929+0000] {spark_submit.py:491} INFO - 
[2025-02-11T15:57:42.094+0000] {spark_submit.py:491} INFO - Starting data ingestion process (Bronze)...
[2025-02-11T15:57:42.097+0000] {spark_submit.py:491} INFO - Fetching Products Info...
[2025-02-11T15:57:42.373+0000] {spark_submit.py:491} INFO - Fetching data from: https://fakestoreapi.com/products
[2025-02-11T15:57:45.290+0000] {spark_submit.py:491} INFO - Fetching Users Info...
[2025-02-11T15:57:45.295+0000] {spark_submit.py:491} INFO - Fetching data from: https://fakestoreapi.com/users
[2025-02-11T15:57:45.562+0000] {spark_submit.py:491} INFO - Writing data to MinIO...
[2025-02-11T15:57:45.840+0000] {spark_submit.py:491} INFO - 25/02/11 15:57:45 INFO SparkContext: Running Spark version 3.4.0
[2025-02-11T15:57:45.955+0000] {spark_submit.py:491} INFO - 25/02/11 15:57:45 INFO ResourceUtils: ==============================================================
[2025-02-11T15:57:45.957+0000] {spark_submit.py:491} INFO - 25/02/11 15:57:45 INFO ResourceUtils: No custom resources configured for spark.driver.
[2025-02-11T15:57:45.959+0000] {spark_submit.py:491} INFO - 25/02/11 15:57:45 INFO ResourceUtils: ==============================================================
[2025-02-11T15:57:45.982+0000] {spark_submit.py:491} INFO - 25/02/11 15:57:45 INFO SparkContext: Submitted application: Write Json in Bronze
[2025-02-11T15:57:46.127+0000] {spark_submit.py:491} INFO - 25/02/11 15:57:46 INFO ResourceProfile: Default ResourceProfile created, executor resources: Map(memory -> name: memory, amount: 1024, script: , vendor: , offHeap -> name: offHeap, amount: 0, script: , vendor: ), task resources: Map(cpus -> name: cpus, amount: 1.0)
[2025-02-11T15:57:46.234+0000] {spark_submit.py:491} INFO - 25/02/11 15:57:46 INFO ResourceProfile: Limiting resource is cpu
[2025-02-11T15:57:46.236+0000] {spark_submit.py:491} INFO - 25/02/11 15:57:46 INFO ResourceProfileManager: Added ResourceProfile id: 0
[2025-02-11T15:57:47.111+0000] {spark_submit.py:491} INFO - 25/02/11 15:57:47 INFO SecurityManager: Changing view acls to: ***
[2025-02-11T15:57:47.135+0000] {spark_submit.py:491} INFO - 25/02/11 15:57:47 INFO SecurityManager: Changing modify acls to: ***
[2025-02-11T15:57:47.167+0000] {spark_submit.py:491} INFO - 25/02/11 15:57:47 INFO SecurityManager: Changing view acls groups to:
[2025-02-11T15:57:47.174+0000] {spark_submit.py:491} INFO - 25/02/11 15:57:47 INFO SecurityManager: Changing modify acls groups to:
[2025-02-11T15:57:47.183+0000] {spark_submit.py:491} INFO - 25/02/11 15:57:47 INFO SecurityManager: SecurityManager: authentication disabled; ui acls disabled; users with view permissions: ***; groups with view permissions: EMPTY; users with modify permissions: ***; groups with modify permissions: EMPTY
[2025-02-11T15:57:49.224+0000] {spark_submit.py:491} INFO - 25/02/11 15:57:49 INFO Utils: Successfully started service 'sparkDriver' on port 44419.
[2025-02-11T15:57:49.332+0000] {spark_submit.py:491} INFO - 25/02/11 15:57:49 INFO SparkEnv: Registering MapOutputTracker
[2025-02-11T15:57:49.915+0000] {spark_submit.py:491} INFO - 25/02/11 15:57:49 INFO SparkEnv: Registering BlockManagerMaster
[2025-02-11T15:57:50.098+0000] {spark_submit.py:491} INFO - 25/02/11 15:57:50 INFO BlockManagerMasterEndpoint: Using org.apache.spark.storage.DefaultTopologyMapper for getting topology information
[2025-02-11T15:57:50.101+0000] {spark_submit.py:491} INFO - 25/02/11 15:57:50 INFO BlockManagerMasterEndpoint: BlockManagerMasterEndpoint up
[2025-02-11T15:57:50.117+0000] {spark_submit.py:491} INFO - 25/02/11 15:57:50 INFO SparkEnv: Registering BlockManagerMasterHeartbeat
[2025-02-11T15:57:50.668+0000] {spark_submit.py:491} INFO - 25/02/11 15:57:50 INFO DiskBlockManager: Created local directory at /tmp/blockmgr-2f6dd09d-1ce2-44b2-b2df-f59ecfa1c63f
[2025-02-11T15:57:50.813+0000] {spark_submit.py:491} INFO - 25/02/11 15:57:50 INFO MemoryStore: MemoryStore started with capacity 434.4 MiB
[2025-02-11T15:57:50.936+0000] {spark_submit.py:491} INFO - 25/02/11 15:57:50 INFO SparkEnv: Registering OutputCommitCoordinator
[2025-02-11T15:57:52.288+0000] {spark_submit.py:491} INFO - 25/02/11 15:57:52 INFO JettyUtils: Start Jetty 0.0.0.0:4040 for SparkUI
[2025-02-11T15:57:52.694+0000] {spark_submit.py:491} INFO - 25/02/11 15:57:52 INFO Utils: Successfully started service 'SparkUI' on port 4040.
[2025-02-11T15:57:52.787+0000] {spark_submit.py:491} INFO - 25/02/11 15:57:52 INFO SparkContext: Added JAR file:///home/***/.ivy2/jars/com.typesafe_config-1.4.2.jar at spark://1921aa867cda:44419/jars/com.typesafe_config-1.4.2.jar with timestamp 1739289465793
[2025-02-11T15:57:52.788+0000] {spark_submit.py:491} INFO - 25/02/11 15:57:52 INFO SparkContext: Added JAR file:///home/***/.ivy2/jars/com.lihaoyi_requests_2.12-0.8.0.jar at spark://1921aa867cda:44419/jars/com.lihaoyi_requests_2.12-0.8.0.jar with timestamp 1739289465793
[2025-02-11T15:57:52.789+0000] {spark_submit.py:491} INFO - 25/02/11 15:57:52 INFO SparkContext: Added JAR file:///home/***/.ivy2/jars/io.circe_circe-core_2.12-0.14.1.jar at spark://1921aa867cda:44419/jars/io.circe_circe-core_2.12-0.14.1.jar with timestamp 1739289465793
[2025-02-11T15:57:52.789+0000] {spark_submit.py:491} INFO - 25/02/11 15:57:52 INFO SparkContext: Added JAR file:///home/***/.ivy2/jars/io.circe_circe-parser_2.12-0.14.1.jar at spark://1921aa867cda:44419/jars/io.circe_circe-parser_2.12-0.14.1.jar with timestamp 1739289465793
[2025-02-11T15:57:52.790+0000] {spark_submit.py:491} INFO - 25/02/11 15:57:52 INFO SparkContext: Added JAR file:///home/***/.ivy2/jars/io.circe_circe-generic_2.12-0.14.1.jar at spark://1921aa867cda:44419/jars/io.circe_circe-generic_2.12-0.14.1.jar with timestamp 1739289465793
[2025-02-11T15:57:52.791+0000] {spark_submit.py:491} INFO - 25/02/11 15:57:52 INFO SparkContext: Added JAR file:///home/***/.ivy2/jars/org.apache.hadoop_hadoop-aws-3.3.1.jar at spark://1921aa867cda:44419/jars/org.apache.hadoop_hadoop-aws-3.3.1.jar with timestamp 1739289465793
[2025-02-11T15:57:52.791+0000] {spark_submit.py:491} INFO - 25/02/11 15:57:52 INFO SparkContext: Added JAR file:///home/***/.ivy2/jars/com.amazonaws_aws-java-sdk-bundle-1.12.539.jar at spark://1921aa867cda:44419/jars/com.amazonaws_aws-java-sdk-bundle-1.12.539.jar with timestamp 1739289465793
[2025-02-11T15:57:52.792+0000] {spark_submit.py:491} INFO - 25/02/11 15:57:52 INFO SparkContext: Added JAR file:///home/***/.ivy2/jars/org.apache.iceberg_iceberg-spark-runtime-3.4_2.12-1.3.1.jar at spark://1921aa867cda:44419/jars/org.apache.iceberg_iceberg-spark-runtime-3.4_2.12-1.3.1.jar with timestamp 1739289465793
[2025-02-11T15:57:52.793+0000] {spark_submit.py:491} INFO - 25/02/11 15:57:52 INFO SparkContext: Added JAR file:///home/***/.ivy2/jars/com.lihaoyi_geny_2.12-1.0.0.jar at spark://1921aa867cda:44419/jars/com.lihaoyi_geny_2.12-1.0.0.jar with timestamp 1739289465793
[2025-02-11T15:57:52.793+0000] {spark_submit.py:491} INFO - 25/02/11 15:57:52 INFO SparkContext: Added JAR file:///home/***/.ivy2/jars/io.circe_circe-numbers_2.12-0.14.1.jar at spark://1921aa867cda:44419/jars/io.circe_circe-numbers_2.12-0.14.1.jar with timestamp 1739289465793
[2025-02-11T15:57:52.794+0000] {spark_submit.py:491} INFO - 25/02/11 15:57:52 INFO SparkContext: Added JAR file:///home/***/.ivy2/jars/org.typelevel_cats-core_2.12-2.6.1.jar at spark://1921aa867cda:44419/jars/org.typelevel_cats-core_2.12-2.6.1.jar with timestamp 1739289465793
[2025-02-11T15:57:52.799+0000] {spark_submit.py:491} INFO - 25/02/11 15:57:52 INFO SparkContext: Added JAR file:///home/***/.ivy2/jars/org.typelevel_cats-kernel_2.12-2.6.1.jar at spark://1921aa867cda:44419/jars/org.typelevel_cats-kernel_2.12-2.6.1.jar with timestamp 1739289465793
[2025-02-11T15:57:52.806+0000] {spark_submit.py:491} INFO - 25/02/11 15:57:52 INFO SparkContext: Added JAR file:///home/***/.ivy2/jars/org.typelevel_simulacrum-scalafix-annotations_2.12-0.5.4.jar at spark://1921aa867cda:44419/jars/org.typelevel_simulacrum-scalafix-annotations_2.12-0.5.4.jar with timestamp 1739289465793
[2025-02-11T15:57:52.807+0000] {spark_submit.py:491} INFO - 25/02/11 15:57:52 INFO SparkContext: Added JAR file:///home/***/.ivy2/jars/io.circe_circe-jawn_2.12-0.14.1.jar at spark://1921aa867cda:44419/jars/io.circe_circe-jawn_2.12-0.14.1.jar with timestamp 1739289465793
[2025-02-11T15:57:52.809+0000] {spark_submit.py:491} INFO - 25/02/11 15:57:52 INFO SparkContext: Added JAR file:///home/***/.ivy2/jars/org.typelevel_jawn-parser_2.12-1.1.2.jar at spark://1921aa867cda:44419/jars/org.typelevel_jawn-parser_2.12-1.1.2.jar with timestamp 1739289465793
[2025-02-11T15:57:52.810+0000] {spark_submit.py:491} INFO - 25/02/11 15:57:52 INFO SparkContext: Added JAR file:///home/***/.ivy2/jars/com.chuusai_shapeless_2.12-2.3.7.jar at spark://1921aa867cda:44419/jars/com.chuusai_shapeless_2.12-2.3.7.jar with timestamp 1739289465793
[2025-02-11T15:57:52.811+0000] {spark_submit.py:491} INFO - 25/02/11 15:57:52 INFO SparkContext: Added JAR file:///home/***/.ivy2/jars/org.wildfly.openssl_wildfly-openssl-1.0.7.Final.jar at spark://1921aa867cda:44419/jars/org.wildfly.openssl_wildfly-openssl-1.0.7.Final.jar with timestamp 1739289465793
[2025-02-11T15:57:52.811+0000] {spark_submit.py:491} INFO - 25/02/11 15:57:52 INFO SparkContext: Added JAR file:/opt/***/jars/scala-maven-project-1.0.jar at spark://1921aa867cda:44419/jars/scala-maven-project-1.0.jar with timestamp 1739289465793
[2025-02-11T15:57:53.123+0000] {spark_submit.py:491} INFO - 25/02/11 15:57:53 INFO StandaloneAppClient$ClientEndpoint: Connecting to master spark://spark:7077...
[2025-02-11T15:57:53.360+0000] {spark_submit.py:491} INFO - 25/02/11 15:57:53 INFO TransportClientFactory: Successfully created connection to spark/172.19.0.4:7077 after 108 ms (0 ms spent in bootstraps)
[2025-02-11T15:57:54.124+0000] {spark_submit.py:491} INFO - 25/02/11 15:57:54 INFO StandaloneSchedulerBackend: Connected to Spark cluster with app ID app-20250211155754-0006
[2025-02-11T15:57:54.206+0000] {spark_submit.py:491} INFO - 25/02/11 15:57:54 INFO StandaloneAppClient$ClientEndpoint: Executor added: app-20250211155754-0006/0 on worker-20250211151700-172.19.0.5-35911 (172.19.0.5:35911) with 2 core(s)
[2025-02-11T15:57:54.210+0000] {spark_submit.py:491} INFO - 25/02/11 15:57:54 INFO Utils: Successfully started service 'org.apache.spark.network.netty.NettyBlockTransferService' on port 34259.
[2025-02-11T15:57:54.212+0000] {spark_submit.py:491} INFO - 25/02/11 15:57:54 INFO NettyBlockTransferService: Server created on 1921aa867cda:34259
[2025-02-11T15:57:54.223+0000] {spark_submit.py:491} INFO - 25/02/11 15:57:54 INFO StandaloneSchedulerBackend: Granted executor ID app-20250211155754-0006/0 on hostPort 172.19.0.5:35911 with 2 core(s), 1024.0 MiB RAM
[2025-02-11T15:57:54.227+0000] {spark_submit.py:491} INFO - 25/02/11 15:57:54 INFO BlockManager: Using org.apache.spark.storage.RandomBlockReplicationPolicy for block replication policy
[2025-02-11T15:57:54.255+0000] {spark_submit.py:491} INFO - 25/02/11 15:57:54 INFO BlockManagerMaster: Registering BlockManager BlockManagerId(driver, 1921aa867cda, 34259, None)
[2025-02-11T15:57:54.276+0000] {spark_submit.py:491} INFO - 25/02/11 15:57:54 INFO BlockManagerMasterEndpoint: Registering block manager 1921aa867cda:34259 with 434.4 MiB RAM, BlockManagerId(driver, 1921aa867cda, 34259, None)
[2025-02-11T15:57:54.289+0000] {spark_submit.py:491} INFO - 25/02/11 15:57:54 INFO BlockManagerMaster: Registered BlockManager BlockManagerId(driver, 1921aa867cda, 34259, None)
[2025-02-11T15:57:54.295+0000] {spark_submit.py:491} INFO - 25/02/11 15:57:54 INFO BlockManager: Initialized BlockManager: BlockManagerId(driver, 1921aa867cda, 34259, None)
[2025-02-11T15:57:55.197+0000] {spark_submit.py:491} INFO - 25/02/11 15:57:55 INFO StandaloneAppClient$ClientEndpoint: Executor updated: app-20250211155754-0006/0 is now RUNNING
[2025-02-11T15:57:55.455+0000] {spark_submit.py:491} INFO - 25/02/11 15:57:55 INFO StandaloneSchedulerBackend: SchedulerBackend is ready for scheduling beginning after reached minRegisteredResourcesRatio: 0.0
[2025-02-11T15:57:56.237+0000] {spark_submit.py:491} INFO - new method:
[2025-02-11T15:57:56.250+0000] {spark_submit.py:491} INFO - Starting writeToMinIO for path: Products/Products_20250211
[2025-02-11T15:57:56.251+0000] {spark_submit.py:491} INFO - Using bucket: bronze
[2025-02-11T15:57:56.327+0000] {spark_submit.py:491} INFO - JSON string length: 10614
[2025-02-11T15:57:56.328+0000] {spark_submit.py:491} INFO - Converting to Dataset...
[2025-02-11T15:58:06.489+0000] {spark_submit.py:491} INFO - 25/02/11 15:58:06 INFO SharedState: Setting hive.metastore.warehouse.dir ('null') to the value of spark.sql.warehouse.dir.
[2025-02-11T15:58:06.499+0000] {spark_submit.py:491} INFO - 25/02/11 15:58:06 INFO SharedState: Warehouse path is 'file:/opt/***/spark-warehouse'.
[2025-02-11T15:58:12.228+0000] {spark_submit.py:491} INFO - 25/02/11 15:58:12 INFO CodeGenerator: Code generated in 1361.458393 ms
[2025-02-11T15:58:16.452+0000] {spark_submit.py:491} INFO - Reading as DataFrame...
[2025-02-11T15:58:19.504+0000] {spark_submit.py:491} INFO - 25/02/11 15:58:19 INFO StandaloneSchedulerBackend$StandaloneDriverEndpoint: Registered executor NettyRpcEndpointRef(spark-client://Executor) (172.19.0.5:47012) with ID 0,  ResourceProfileId 0
[2025-02-11T15:58:20.209+0000] {spark_submit.py:491} INFO - 25/02/11 15:58:20 INFO BlockManagerMasterEndpoint: Registering block manager 172.19.0.5:43703 with 434.4 MiB RAM, BlockManagerId(0, 172.19.0.5, 43703, None)
[2025-02-11T15:58:22.431+0000] {spark_submit.py:491} INFO - 25/02/11 15:58:22 INFO CodeGenerator: Code generated in 86.099271 ms
[2025-02-11T15:58:24.518+0000] {spark_submit.py:491} INFO - 25/02/11 15:58:24 INFO SparkContext: Starting job: json at WriterJsonBase.scala:33
[2025-02-11T15:58:25.516+0000] {spark_submit.py:491} INFO - 25/02/11 15:58:25 INFO DAGScheduler: Got job 0 (json at WriterJsonBase.scala:33) with 1 output partitions
[2025-02-11T15:58:25.520+0000] {spark_submit.py:491} INFO - 25/02/11 15:58:25 INFO DAGScheduler: Final stage: ResultStage 0 (json at WriterJsonBase.scala:33)
[2025-02-11T15:58:25.521+0000] {spark_submit.py:491} INFO - 25/02/11 15:58:25 INFO DAGScheduler: Parents of final stage: List()
[2025-02-11T15:58:25.531+0000] {spark_submit.py:491} INFO - 25/02/11 15:58:25 INFO DAGScheduler: Missing parents: List()
[2025-02-11T15:58:25.584+0000] {spark_submit.py:491} INFO - 25/02/11 15:58:25 INFO DAGScheduler: Submitting ResultStage 0 (MapPartitionsRDD[3] at json at WriterJsonBase.scala:33), which has no missing parents
[2025-02-11T15:58:30.574+0000] {spark_submit.py:491} INFO - 25/02/11 15:58:30 INFO MemoryStore: Block broadcast_0 stored as values in memory (estimated size 16.9 KiB, free 434.4 MiB)
[2025-02-11T15:58:31.441+0000] {spark_submit.py:491} INFO - 25/02/11 15:58:31 INFO MemoryStore: Block broadcast_0_piece0 stored as bytes in memory (estimated size 7.0 KiB, free 434.4 MiB)
[2025-02-11T15:58:31.619+0000] {spark_submit.py:491} INFO - 25/02/11 15:58:31 INFO BlockManagerInfo: Added broadcast_0_piece0 in memory on 1921aa867cda:34259 (size: 7.0 KiB, free: 434.4 MiB)
[2025-02-11T15:58:32.213+0000] {spark_submit.py:491} INFO - 25/02/11 15:58:32 INFO SparkContext: Created broadcast 0 from broadcast at DAGScheduler.scala:1535
[2025-02-11T15:58:32.307+0000] {spark_submit.py:491} INFO - 25/02/11 15:58:32 INFO DAGScheduler: Submitting 1 missing tasks from ResultStage 0 (MapPartitionsRDD[3] at json at WriterJsonBase.scala:33) (first 15 tasks are for partitions Vector(0))
[2025-02-11T15:58:32.312+0000] {spark_submit.py:491} INFO - 25/02/11 15:58:32 INFO TaskSchedulerImpl: Adding task set 0.0 with 1 tasks resource profile 0
[2025-02-11T15:58:59.463+0000] {spark_submit.py:491} INFO - 25/02/11 15:58:59 INFO TaskSetManager: Starting task 0.0 in stage 0.0 (TID 0) (172.19.0.5, executor 0, partition 0, PROCESS_LOCAL, 18216 bytes)
