[2025-02-11T15:38:40.427+0000] {taskinstance.py:1103} INFO - Dependencies all met for dep_context=non-requeueable deps ti=<TaskInstance: DAG_ETL_daily_jobs.bronze_job manual__2025-02-11T15:38:25.393934+00:00 [queued]>
[2025-02-11T15:38:40.450+0000] {taskinstance.py:1103} INFO - Dependencies all met for dep_context=requeueable deps ti=<TaskInstance: DAG_ETL_daily_jobs.bronze_job manual__2025-02-11T15:38:25.393934+00:00 [queued]>
[2025-02-11T15:38:40.452+0000] {taskinstance.py:1308} INFO - Starting attempt 1 of 2
[2025-02-11T15:38:40.503+0000] {taskinstance.py:1327} INFO - Executing <Task(SparkSubmitOperator): bronze_job> on 2025-02-11 15:38:25.393934+00:00
[2025-02-11T15:38:40.514+0000] {standard_task_runner.py:57} INFO - Started process 964 to run task
[2025-02-11T15:38:40.536+0000] {standard_task_runner.py:84} INFO - Running: ['***', 'tasks', 'run', 'DAG_ETL_daily_jobs', 'bronze_job', 'manual__2025-02-11T15:38:25.393934+00:00', '--job-id', '12', '--raw', '--subdir', 'DAGS_FOLDER/dag_ETL.py', '--cfg-path', '/tmp/tmpej6wd66k']
[2025-02-11T15:38:40.539+0000] {standard_task_runner.py:85} INFO - Job 12: Subtask bronze_job
[2025-02-11T15:38:40.955+0000] {task_command.py:410} INFO - Running <TaskInstance: DAG_ETL_daily_jobs.bronze_job manual__2025-02-11T15:38:25.393934+00:00 [running]> on host 1921aa867cda
[2025-02-11T15:38:41.358+0000] {taskinstance.py:1545} INFO - Exporting env vars: AIRFLOW_CTX_DAG_OWNER='saadelbekkali' AIRFLOW_CTX_DAG_ID='DAG_ETL_daily_jobs' AIRFLOW_CTX_TASK_ID='bronze_job' AIRFLOW_CTX_EXECUTION_DATE='2025-02-11T15:38:25.393934+00:00' AIRFLOW_CTX_TRY_NUMBER='1' AIRFLOW_CTX_DAG_RUN_ID='manual__2025-02-11T15:38:25.393934+00:00'
[2025-02-11T15:38:41.385+0000] {base.py:73} INFO - Using connection ID 'spark_default' for task execution.
[2025-02-11T15:38:41.420+0000] {spark_submit.py:340} INFO - Spark-Submit cmd: spark-submit --master spark://spark:7077 --conf spark.jars.packages=com.typesafe:config:1.4.2,com.lihaoyi:requests_2.12:0.8.0,io.circe:circe-core_2.12:0.14.1,io.circe:circe-parser_2.12:0.14.1,io.circe:circe-generic_2.12:0.14.1,org.apache.hadoop:hadoop-aws:3.3.1,com.amazonaws:aws-java-sdk-bundle:1.12.539,org.apache.iceberg:iceberg-spark-runtime-3.4_2.12:1.3.1 --conf spark.driver.extraClassPath=/opt/***/jars/* --conf spark.executor.extraClassPath=/opt/***/jars/* --conf spark.hadoop.fs.s3a.endpoint=http://minio:9000 --conf spark.hadoop.fs.s3a.access.key=minio --conf spark.hadoop.fs.s3a.secret.key=****** --conf spark.hadoop.fs.s3a.path.style.access=true --conf spark.hadoop.fs.s3a.impl=org.apache.hadoop.fs.s3a.S3AFileSystem --conf spark.hadoop.fs.s3a.aws.credentials.provider=org.apache.hadoop.fs.s3a.SimpleAWSCredentialsProvider --conf spark.driver.userClassPathFirst=true --conf spark.executor.userClassPathFirst=true --conf spark.sql.extensions=org.apache.iceberg.spark.extensions.IcebergSparkSessionExtensions --conf spark.sql.catalog.silver_catalog=org.apache.iceberg.spark.SparkCatalog --conf spark.sql.catalog.silver_catalog.type=hadoop --conf spark.sql.catalog.silver_catalog.warehouse=s3a://silver/ --conf spark.sql.catalog.gold_catalog=org.apache.iceberg.spark.SparkCatalog --conf spark.sql.catalog.gold_catalog.type=hadoop --conf spark.sql.catalog.gold_catalog.warehouse=s3a://gold/ --packages com.typesafe:config:1.4.2,com.lihaoyi:requests_2.12:0.8.0,io.circe:circe-core_2.12:0.14.1,io.circe:circe-parser_2.12:0.14.1,io.circe:circe-generic_2.12:0.14.1,org.apache.hadoop:hadoop-aws:3.3.1,com.amazonaws:aws-java-sdk-bundle:1.12.539,org.apache.iceberg:iceberg-spark-runtime-3.4_2.12:1.3.1 --name arrow-spark --class com.Main --verbose /opt/***/jars/scala-maven-project-2.0-SNAPSHOT.jar bronze
[2025-02-11T15:38:49.634+0000] {spark_submit.py:491} INFO - Using properties file: null
[2025-02-11T15:38:50.068+0000] {spark_submit.py:491} INFO - Parsed arguments:
[2025-02-11T15:38:50.072+0000] {spark_submit.py:491} INFO - master                  spark://spark:7077
[2025-02-11T15:38:50.073+0000] {spark_submit.py:491} INFO - remote                  null
[2025-02-11T15:38:50.073+0000] {spark_submit.py:491} INFO - deployMode              null
[2025-02-11T15:38:50.074+0000] {spark_submit.py:491} INFO - executorMemory          null
[2025-02-11T15:38:50.075+0000] {spark_submit.py:491} INFO - executorCores           null
[2025-02-11T15:38:50.075+0000] {spark_submit.py:491} INFO - totalExecutorCores      null
[2025-02-11T15:38:50.075+0000] {spark_submit.py:491} INFO - propertiesFile          null
[2025-02-11T15:38:50.076+0000] {spark_submit.py:491} INFO - driverMemory            null
[2025-02-11T15:38:50.076+0000] {spark_submit.py:491} INFO - driverCores             null
[2025-02-11T15:38:50.077+0000] {spark_submit.py:491} INFO - driverExtraClassPath    /opt/***/jars/*
[2025-02-11T15:38:50.078+0000] {spark_submit.py:491} INFO - driverExtraLibraryPath  null
[2025-02-11T15:38:50.078+0000] {spark_submit.py:491} INFO - driverExtraJavaOptions  null
[2025-02-11T15:38:50.079+0000] {spark_submit.py:491} INFO - supervise               false
[2025-02-11T15:38:50.079+0000] {spark_submit.py:491} INFO - queue                   null
[2025-02-11T15:38:50.080+0000] {spark_submit.py:491} INFO - numExecutors            null
[2025-02-11T15:38:50.080+0000] {spark_submit.py:491} INFO - files                   null
[2025-02-11T15:38:50.081+0000] {spark_submit.py:491} INFO - pyFiles                 null
[2025-02-11T15:38:50.081+0000] {spark_submit.py:491} INFO - archives                null
[2025-02-11T15:38:50.082+0000] {spark_submit.py:491} INFO - mainClass               com.Main
[2025-02-11T15:38:50.082+0000] {spark_submit.py:491} INFO - primaryResource         file:/opt/***/jars/scala-maven-project-2.0-SNAPSHOT.jar
[2025-02-11T15:38:50.083+0000] {spark_submit.py:491} INFO - name                    arrow-spark
[2025-02-11T15:38:50.083+0000] {spark_submit.py:491} INFO - childArgs               [bronze]
[2025-02-11T15:38:50.084+0000] {spark_submit.py:491} INFO - jars                    null
[2025-02-11T15:38:50.084+0000] {spark_submit.py:491} INFO - packages                com.typesafe:config:1.4.2,com.lihaoyi:requests_2.12:0.8.0,io.circe:circe-core_2.12:0.14.1,io.circe:circe-parser_2.12:0.14.1,io.circe:circe-generic_2.12:0.14.1,org.apache.hadoop:hadoop-aws:3.3.1,com.amazonaws:aws-java-sdk-bundle:1.12.539,org.apache.iceberg:iceberg-spark-runtime-3.4_2.12:1.3.1
[2025-02-11T15:38:50.085+0000] {spark_submit.py:491} INFO - packagesExclusions      null
[2025-02-11T15:38:50.085+0000] {spark_submit.py:491} INFO - repositories            null
[2025-02-11T15:38:50.086+0000] {spark_submit.py:491} INFO - verbose                 true
[2025-02-11T15:38:50.086+0000] {spark_submit.py:491} INFO - 
[2025-02-11T15:38:50.087+0000] {spark_submit.py:491} INFO - Spark properties used, including those specified through
[2025-02-11T15:38:50.087+0000] {spark_submit.py:491} INFO - --conf and those from the properties file null:
[2025-02-11T15:38:50.088+0000] {spark_submit.py:491} INFO - (spark.driver.extraClassPath,/opt/***/jars/*)
[2025-02-11T15:38:50.088+0000] {spark_submit.py:491} INFO - (spark.driver.userClassPathFirst,true)
[2025-02-11T15:38:50.089+0000] {spark_submit.py:491} INFO - (spark.executor.extraClassPath,/opt/***/jars/*)
[2025-02-11T15:38:50.089+0000] {spark_submit.py:491} INFO - (spark.executor.userClassPathFirst,true)
[2025-02-11T15:38:50.090+0000] {spark_submit.py:491} INFO - (spark.hadoop.fs.s3a.access.key,*********(redacted))
[2025-02-11T15:38:50.090+0000] {spark_submit.py:491} INFO - (spark.hadoop.fs.s3a.aws.credentials.provider,org.apache.hadoop.fs.s3a.SimpleAWSCredentialsProvider)
[2025-02-11T15:38:50.091+0000] {spark_submit.py:491} INFO - (spark.hadoop.fs.s3a.endpoint,http://minio:9000)
[2025-02-11T15:38:50.091+0000] {spark_submit.py:491} INFO - (spark.hadoop.fs.s3a.impl,org.apache.hadoop.fs.s3a.S3AFileSystem)
[2025-02-11T15:38:50.092+0000] {spark_submit.py:491} INFO - (spark.hadoop.fs.s3a.path.style.access,true)
[2025-02-11T15:38:50.106+0000] {spark_submit.py:491} INFO - (spark.hadoop.fs.s3a.secret.key,*********(redacted))
[2025-02-11T15:38:50.113+0000] {spark_submit.py:491} INFO - (spark.jars.packages,com.typesafe:config:1.4.2,com.lihaoyi:requests_2.12:0.8.0,io.circe:circe-core_2.12:0.14.1,io.circe:circe-parser_2.12:0.14.1,io.circe:circe-generic_2.12:0.14.1,org.apache.hadoop:hadoop-aws:3.3.1,com.amazonaws:aws-java-sdk-bundle:1.12.539,org.apache.iceberg:iceberg-spark-runtime-3.4_2.12:1.3.1)
[2025-02-11T15:38:50.115+0000] {spark_submit.py:491} INFO - (spark.sql.catalog.gold_catalog,org.apache.iceberg.spark.SparkCatalog)
[2025-02-11T15:38:50.115+0000] {spark_submit.py:491} INFO - (spark.sql.catalog.gold_catalog.type,hadoop)
[2025-02-11T15:38:50.116+0000] {spark_submit.py:491} INFO - (spark.sql.catalog.gold_catalog.warehouse,s3a://gold/)
[2025-02-11T15:38:50.116+0000] {spark_submit.py:491} INFO - (spark.sql.catalog.silver_catalog,org.apache.iceberg.spark.SparkCatalog)
[2025-02-11T15:38:50.117+0000] {spark_submit.py:491} INFO - (spark.sql.catalog.silver_catalog.type,hadoop)
[2025-02-11T15:38:50.117+0000] {spark_submit.py:491} INFO - (spark.sql.catalog.silver_catalog.warehouse,s3a://silver/)
[2025-02-11T15:38:50.118+0000] {spark_submit.py:491} INFO - (spark.sql.extensions,org.apache.iceberg.spark.extensions.IcebergSparkSessionExtensions)
[2025-02-11T15:38:50.119+0000] {spark_submit.py:491} INFO - 
[2025-02-11T15:38:50.119+0000] {spark_submit.py:491} INFO - 
[2025-02-11T15:38:50.471+0000] {spark_submit.py:491} INFO - :: loading settings :: url = jar:file:/opt/spark-3.4.0-bin-hadoop3/jars/ivy-2.5.1.jar!/org/apache/ivy/core/settings/ivysettings.xml
[2025-02-11T15:38:50.707+0000] {spark_submit.py:491} INFO - Ivy Default Cache set to: /home/***/.ivy2/cache
[2025-02-11T15:38:50.713+0000] {spark_submit.py:491} INFO - The jars for the packages stored in: /home/***/.ivy2/jars
[2025-02-11T15:38:50.720+0000] {spark_submit.py:491} INFO - com.typesafe#config added as a dependency
[2025-02-11T15:38:50.721+0000] {spark_submit.py:491} INFO - com.lihaoyi#requests_2.12 added as a dependency
[2025-02-11T15:38:50.721+0000] {spark_submit.py:491} INFO - io.circe#circe-core_2.12 added as a dependency
[2025-02-11T15:38:50.725+0000] {spark_submit.py:491} INFO - io.circe#circe-parser_2.12 added as a dependency
[2025-02-11T15:38:50.726+0000] {spark_submit.py:491} INFO - io.circe#circe-generic_2.12 added as a dependency
[2025-02-11T15:38:50.726+0000] {spark_submit.py:491} INFO - org.apache.hadoop#hadoop-aws added as a dependency
[2025-02-11T15:38:50.727+0000] {spark_submit.py:491} INFO - com.amazonaws#aws-java-sdk-bundle added as a dependency
[2025-02-11T15:38:50.727+0000] {spark_submit.py:491} INFO - org.apache.iceberg#iceberg-spark-runtime-3.4_2.12 added as a dependency
[2025-02-11T15:38:50.734+0000] {spark_submit.py:491} INFO - :: resolving dependencies :: org.apache.spark#spark-submit-parent-58142b25-7766-47ea-86a8-f4802ed7374f;1.0
[2025-02-11T15:38:50.735+0000] {spark_submit.py:491} INFO - confs: [default]
[2025-02-11T15:38:51.392+0000] {spark_submit.py:491} INFO - found com.typesafe#config;1.4.2 in central
[2025-02-11T15:38:51.547+0000] {spark_submit.py:491} INFO - found com.lihaoyi#requests_2.12;0.8.0 in central
[2025-02-11T15:38:51.642+0000] {spark_submit.py:491} INFO - found com.lihaoyi#geny_2.12;1.0.0 in central
[2025-02-11T15:38:51.712+0000] {spark_submit.py:491} INFO - found io.circe#circe-core_2.12;0.14.1 in central
[2025-02-11T15:38:51.777+0000] {spark_submit.py:491} INFO - found io.circe#circe-numbers_2.12;0.14.1 in central
[2025-02-11T15:38:51.825+0000] {spark_submit.py:491} INFO - found org.typelevel#cats-core_2.12;2.6.1 in central
[2025-02-11T15:38:51.921+0000] {spark_submit.py:491} INFO - found org.typelevel#cats-kernel_2.12;2.6.1 in central
[2025-02-11T15:38:51.984+0000] {spark_submit.py:491} INFO - found org.typelevel#simulacrum-scalafix-annotations_2.12;0.5.4 in central
[2025-02-11T15:38:52.084+0000] {spark_submit.py:491} INFO - found io.circe#circe-parser_2.12;0.14.1 in central
[2025-02-11T15:38:52.238+0000] {spark_submit.py:491} INFO - found io.circe#circe-jawn_2.12;0.14.1 in central
[2025-02-11T15:38:52.330+0000] {spark_submit.py:491} INFO - found org.typelevel#jawn-parser_2.12;1.1.2 in central
[2025-02-11T15:38:52.379+0000] {spark_submit.py:491} INFO - found io.circe#circe-generic_2.12;0.14.1 in central
[2025-02-11T15:38:52.411+0000] {spark_submit.py:491} INFO - found com.chuusai#shapeless_2.12;2.3.7 in central
[2025-02-11T15:38:52.552+0000] {spark_submit.py:491} INFO - found org.apache.hadoop#hadoop-aws;3.3.1 in central
[2025-02-11T15:38:52.630+0000] {spark_submit.py:491} INFO - found org.wildfly.openssl#wildfly-openssl;1.0.7.Final in central
[2025-02-11T15:38:52.655+0000] {spark_submit.py:491} INFO - found com.amazonaws#aws-java-sdk-bundle;1.12.539 in central
[2025-02-11T15:38:52.876+0000] {spark_submit.py:491} INFO - found org.apache.iceberg#iceberg-spark-runtime-3.4_2.12;1.3.1 in central
[2025-02-11T15:38:52.943+0000] {spark_submit.py:491} INFO - :: resolution report :: resolve 2180ms :: artifacts dl 42ms
[2025-02-11T15:38:52.958+0000] {spark_submit.py:491} INFO - :: modules in use:
[2025-02-11T15:38:53.001+0000] {spark_submit.py:491} INFO - com.amazonaws#aws-java-sdk-bundle;1.12.539 from central in [default]
[2025-02-11T15:38:53.001+0000] {spark_submit.py:491} INFO - com.chuusai#shapeless_2.12;2.3.7 from central in [default]
[2025-02-11T15:38:53.003+0000] {spark_submit.py:491} INFO - com.lihaoyi#geny_2.12;1.0.0 from central in [default]
[2025-02-11T15:38:53.004+0000] {spark_submit.py:491} INFO - com.lihaoyi#requests_2.12;0.8.0 from central in [default]
[2025-02-11T15:38:53.005+0000] {spark_submit.py:491} INFO - com.typesafe#config;1.4.2 from central in [default]
[2025-02-11T15:38:53.006+0000] {spark_submit.py:491} INFO - io.circe#circe-core_2.12;0.14.1 from central in [default]
[2025-02-11T15:38:53.007+0000] {spark_submit.py:491} INFO - io.circe#circe-generic_2.12;0.14.1 from central in [default]
[2025-02-11T15:38:53.007+0000] {spark_submit.py:491} INFO - io.circe#circe-jawn_2.12;0.14.1 from central in [default]
[2025-02-11T15:38:53.038+0000] {spark_submit.py:491} INFO - io.circe#circe-numbers_2.12;0.14.1 from central in [default]
[2025-02-11T15:38:53.040+0000] {spark_submit.py:491} INFO - io.circe#circe-parser_2.12;0.14.1 from central in [default]
[2025-02-11T15:38:53.040+0000] {spark_submit.py:491} INFO - org.apache.hadoop#hadoop-aws;3.3.1 from central in [default]
[2025-02-11T15:38:53.041+0000] {spark_submit.py:491} INFO - org.apache.iceberg#iceberg-spark-runtime-3.4_2.12;1.3.1 from central in [default]
[2025-02-11T15:38:53.043+0000] {spark_submit.py:491} INFO - org.typelevel#cats-core_2.12;2.6.1 from central in [default]
[2025-02-11T15:38:53.044+0000] {spark_submit.py:491} INFO - org.typelevel#cats-kernel_2.12;2.6.1 from central in [default]
[2025-02-11T15:38:53.044+0000] {spark_submit.py:491} INFO - org.typelevel#jawn-parser_2.12;1.1.2 from central in [default]
[2025-02-11T15:38:53.045+0000] {spark_submit.py:491} INFO - org.typelevel#simulacrum-scalafix-annotations_2.12;0.5.4 from central in [default]
[2025-02-11T15:38:53.046+0000] {spark_submit.py:491} INFO - org.wildfly.openssl#wildfly-openssl;1.0.7.Final from central in [default]
[2025-02-11T15:38:53.046+0000] {spark_submit.py:491} INFO - :: evicted modules:
[2025-02-11T15:38:53.047+0000] {spark_submit.py:491} INFO - com.amazonaws#aws-java-sdk-bundle;1.11.901 by [com.amazonaws#aws-java-sdk-bundle;1.12.539] in [default]
[2025-02-11T15:38:53.047+0000] {spark_submit.py:491} INFO - ---------------------------------------------------------------------
[2025-02-11T15:38:53.047+0000] {spark_submit.py:491} INFO - |                  |            modules            ||   artifacts   |
[2025-02-11T15:38:53.048+0000] {spark_submit.py:491} INFO - |       conf       | number| search|dwnlded|evicted|| number|dwnlded|
[2025-02-11T15:38:53.049+0000] {spark_submit.py:491} INFO - ---------------------------------------------------------------------
[2025-02-11T15:38:53.049+0000] {spark_submit.py:491} INFO - |      default     |   18  |   0   |   0   |   1   ||   17  |   0   |
[2025-02-11T15:38:53.049+0000] {spark_submit.py:491} INFO - ---------------------------------------------------------------------
[2025-02-11T15:38:53.050+0000] {spark_submit.py:491} INFO - :: retrieving :: org.apache.spark#spark-submit-parent-58142b25-7766-47ea-86a8-f4802ed7374f
[2025-02-11T15:38:53.050+0000] {spark_submit.py:491} INFO - confs: [default]
[2025-02-11T15:38:53.052+0000] {spark_submit.py:491} INFO - 0 artifacts copied, 17 already retrieved (0kB/20ms)
[2025-02-11T15:38:53.780+0000] {spark_submit.py:491} INFO - 25/02/11 15:38:53 WARN NativeCodeLoader: Unable to load native-hadoop library for your platform... using builtin-java classes where applicable
[2025-02-11T15:38:54.717+0000] {spark_submit.py:491} INFO - Main class:
[2025-02-11T15:38:54.719+0000] {spark_submit.py:491} INFO - com.Main
[2025-02-11T15:38:54.719+0000] {spark_submit.py:491} INFO - Arguments:
[2025-02-11T15:38:54.720+0000] {spark_submit.py:491} INFO - bronze
[2025-02-11T15:38:54.739+0000] {spark_submit.py:491} INFO - Spark config:
[2025-02-11T15:38:54.740+0000] {spark_submit.py:491} INFO - (spark.app.name,arrow-spark)
[2025-02-11T15:38:54.741+0000] {spark_submit.py:491} INFO - (spark.app.submitTime,1739288334635)
[2025-02-11T15:38:54.741+0000] {spark_submit.py:491} INFO - (spark.driver.extraClassPath,/opt/***/jars/*)
[2025-02-11T15:38:54.742+0000] {spark_submit.py:491} INFO - (spark.driver.userClassPathFirst,true)
[2025-02-11T15:38:54.744+0000] {spark_submit.py:491} INFO - (spark.executor.extraClassPath,/opt/***/jars/*)
[2025-02-11T15:38:54.745+0000] {spark_submit.py:491} INFO - (spark.executor.userClassPathFirst,true)
[2025-02-11T15:38:54.745+0000] {spark_submit.py:491} INFO - (spark.hadoop.fs.s3a.access.key,*********(redacted))
[2025-02-11T15:38:54.747+0000] {spark_submit.py:491} INFO - (spark.hadoop.fs.s3a.aws.credentials.provider,org.apache.hadoop.fs.s3a.SimpleAWSCredentialsProvider)
[2025-02-11T15:38:54.748+0000] {spark_submit.py:491} INFO - (spark.hadoop.fs.s3a.endpoint,http://minio:9000)
[2025-02-11T15:38:54.748+0000] {spark_submit.py:491} INFO - (spark.hadoop.fs.s3a.impl,org.apache.hadoop.fs.s3a.S3AFileSystem)
[2025-02-11T15:38:54.748+0000] {spark_submit.py:491} INFO - (spark.hadoop.fs.s3a.path.style.access,true)
[2025-02-11T15:38:54.749+0000] {spark_submit.py:491} INFO - (spark.hadoop.fs.s3a.secret.key,*********(redacted))
[2025-02-11T15:38:54.749+0000] {spark_submit.py:491} INFO - (spark.jars,file:///home/***/.ivy2/jars/com.typesafe_config-1.4.2.jar,file:///home/***/.ivy2/jars/com.lihaoyi_requests_2.12-0.8.0.jar,file:///home/***/.ivy2/jars/io.circe_circe-core_2.12-0.14.1.jar,file:///home/***/.ivy2/jars/io.circe_circe-parser_2.12-0.14.1.jar,file:///home/***/.ivy2/jars/io.circe_circe-generic_2.12-0.14.1.jar,file:///home/***/.ivy2/jars/org.apache.hadoop_hadoop-aws-3.3.1.jar,file:///home/***/.ivy2/jars/com.amazonaws_aws-java-sdk-bundle-1.12.539.jar,file:///home/***/.ivy2/jars/org.apache.iceberg_iceberg-spark-runtime-3.4_2.12-1.3.1.jar,file:///home/***/.ivy2/jars/com.lihaoyi_geny_2.12-1.0.0.jar,file:///home/***/.ivy2/jars/io.circe_circe-numbers_2.12-0.14.1.jar,file:///home/***/.ivy2/jars/org.typelevel_cats-core_2.12-2.6.1.jar,file:///home/***/.ivy2/jars/org.typelevel_cats-kernel_2.12-2.6.1.jar,file:///home/***/.ivy2/jars/org.typelevel_simulacrum-scalafix-annotations_2.12-0.5.4.jar,file:///home/***/.ivy2/jars/io.circe_circe-jawn_2.12-0.14.1.jar,file:///home/***/.ivy2/jars/org.typelevel_jawn-parser_2.12-1.1.2.jar,file:///home/***/.ivy2/jars/com.chuusai_shapeless_2.12-2.3.7.jar,file:///home/***/.ivy2/jars/org.wildfly.openssl_wildfly-openssl-1.0.7.Final.jar,file:/opt/***/jars/scala-maven-project-2.0-SNAPSHOT.jar)
[2025-02-11T15:38:54.750+0000] {spark_submit.py:491} INFO - (spark.jars.packages,com.typesafe:config:1.4.2,com.lihaoyi:requests_2.12:0.8.0,io.circe:circe-core_2.12:0.14.1,io.circe:circe-parser_2.12:0.14.1,io.circe:circe-generic_2.12:0.14.1,org.apache.hadoop:hadoop-aws:3.3.1,com.amazonaws:aws-java-sdk-bundle:1.12.539,org.apache.iceberg:iceberg-spark-runtime-3.4_2.12:1.3.1)
[2025-02-11T15:38:54.751+0000] {spark_submit.py:491} INFO - (spark.master,spark://spark:7077)
[2025-02-11T15:38:54.751+0000] {spark_submit.py:491} INFO - (spark.repl.local.jars,file:///home/***/.ivy2/jars/com.typesafe_config-1.4.2.jar,file:///home/***/.ivy2/jars/com.lihaoyi_requests_2.12-0.8.0.jar,file:///home/***/.ivy2/jars/io.circe_circe-core_2.12-0.14.1.jar,file:///home/***/.ivy2/jars/io.circe_circe-parser_2.12-0.14.1.jar,file:///home/***/.ivy2/jars/io.circe_circe-generic_2.12-0.14.1.jar,file:///home/***/.ivy2/jars/org.apache.hadoop_hadoop-aws-3.3.1.jar,file:///home/***/.ivy2/jars/com.amazonaws_aws-java-sdk-bundle-1.12.539.jar,file:///home/***/.ivy2/jars/org.apache.iceberg_iceberg-spark-runtime-3.4_2.12-1.3.1.jar,file:///home/***/.ivy2/jars/com.lihaoyi_geny_2.12-1.0.0.jar,file:///home/***/.ivy2/jars/io.circe_circe-numbers_2.12-0.14.1.jar,file:///home/***/.ivy2/jars/org.typelevel_cats-core_2.12-2.6.1.jar,file:///home/***/.ivy2/jars/org.typelevel_cats-kernel_2.12-2.6.1.jar,file:///home/***/.ivy2/jars/org.typelevel_simulacrum-scalafix-annotations_2.12-0.5.4.jar,file:///home/***/.ivy2/jars/io.circe_circe-jawn_2.12-0.14.1.jar,file:///home/***/.ivy2/jars/org.typelevel_jawn-parser_2.12-1.1.2.jar,file:///home/***/.ivy2/jars/com.chuusai_shapeless_2.12-2.3.7.jar,file:///home/***/.ivy2/jars/org.wildfly.openssl_wildfly-openssl-1.0.7.Final.jar)
[2025-02-11T15:38:54.753+0000] {spark_submit.py:491} INFO - (spark.sql.catalog.gold_catalog,org.apache.iceberg.spark.SparkCatalog)
[2025-02-11T15:38:54.753+0000] {spark_submit.py:491} INFO - (spark.sql.catalog.gold_catalog.type,hadoop)
[2025-02-11T15:38:54.754+0000] {spark_submit.py:491} INFO - (spark.sql.catalog.gold_catalog.warehouse,s3a://gold/)
[2025-02-11T15:38:54.754+0000] {spark_submit.py:491} INFO - (spark.sql.catalog.silver_catalog,org.apache.iceberg.spark.SparkCatalog)
[2025-02-11T15:38:54.755+0000] {spark_submit.py:491} INFO - (spark.sql.catalog.silver_catalog.type,hadoop)
[2025-02-11T15:38:54.755+0000] {spark_submit.py:491} INFO - (spark.sql.catalog.silver_catalog.warehouse,s3a://silver/)
[2025-02-11T15:38:54.755+0000] {spark_submit.py:491} INFO - (spark.sql.extensions,org.apache.iceberg.spark.extensions.IcebergSparkSessionExtensions)
[2025-02-11T15:38:54.756+0000] {spark_submit.py:491} INFO - (spark.submit.deployMode,client)
[2025-02-11T15:38:54.756+0000] {spark_submit.py:491} INFO - (spark.submit.pyFiles,)
[2025-02-11T15:38:54.757+0000] {spark_submit.py:491} INFO - Classpath elements:
[2025-02-11T15:38:54.757+0000] {spark_submit.py:491} INFO - file:/opt/***/jars/scala-maven-project-2.0-SNAPSHOT.jar
[2025-02-11T15:38:54.759+0000] {spark_submit.py:491} INFO - file:///home/***/.ivy2/jars/com.typesafe_config-1.4.2.jar
[2025-02-11T15:38:54.762+0000] {spark_submit.py:491} INFO - file:///home/***/.ivy2/jars/com.lihaoyi_requests_2.12-0.8.0.jar
[2025-02-11T15:38:54.763+0000] {spark_submit.py:491} INFO - file:///home/***/.ivy2/jars/io.circe_circe-core_2.12-0.14.1.jar
[2025-02-11T15:38:54.765+0000] {spark_submit.py:491} INFO - file:///home/***/.ivy2/jars/io.circe_circe-parser_2.12-0.14.1.jar
[2025-02-11T15:38:54.766+0000] {spark_submit.py:491} INFO - file:///home/***/.ivy2/jars/io.circe_circe-generic_2.12-0.14.1.jar
[2025-02-11T15:38:54.766+0000] {spark_submit.py:491} INFO - file:///home/***/.ivy2/jars/org.apache.hadoop_hadoop-aws-3.3.1.jar
[2025-02-11T15:38:54.768+0000] {spark_submit.py:491} INFO - file:///home/***/.ivy2/jars/com.amazonaws_aws-java-sdk-bundle-1.12.539.jar
[2025-02-11T15:38:54.768+0000] {spark_submit.py:491} INFO - file:///home/***/.ivy2/jars/org.apache.iceberg_iceberg-spark-runtime-3.4_2.12-1.3.1.jar
[2025-02-11T15:38:54.770+0000] {spark_submit.py:491} INFO - file:///home/***/.ivy2/jars/com.lihaoyi_geny_2.12-1.0.0.jar
[2025-02-11T15:38:54.771+0000] {spark_submit.py:491} INFO - file:///home/***/.ivy2/jars/io.circe_circe-numbers_2.12-0.14.1.jar
[2025-02-11T15:38:54.773+0000] {spark_submit.py:491} INFO - file:///home/***/.ivy2/jars/org.typelevel_cats-core_2.12-2.6.1.jar
[2025-02-11T15:38:54.774+0000] {spark_submit.py:491} INFO - file:///home/***/.ivy2/jars/org.typelevel_cats-kernel_2.12-2.6.1.jar
[2025-02-11T15:38:54.774+0000] {spark_submit.py:491} INFO - file:///home/***/.ivy2/jars/org.typelevel_simulacrum-scalafix-annotations_2.12-0.5.4.jar
[2025-02-11T15:38:54.777+0000] {spark_submit.py:491} INFO - file:///home/***/.ivy2/jars/io.circe_circe-jawn_2.12-0.14.1.jar
[2025-02-11T15:38:54.778+0000] {spark_submit.py:491} INFO - file:///home/***/.ivy2/jars/org.typelevel_jawn-parser_2.12-1.1.2.jar
[2025-02-11T15:38:54.781+0000] {spark_submit.py:491} INFO - file:///home/***/.ivy2/jars/com.chuusai_shapeless_2.12-2.3.7.jar
[2025-02-11T15:38:54.781+0000] {spark_submit.py:491} INFO - file:///home/***/.ivy2/jars/org.wildfly.openssl_wildfly-openssl-1.0.7.Final.jar
[2025-02-11T15:38:54.784+0000] {spark_submit.py:491} INFO - 
[2025-02-11T15:38:54.785+0000] {spark_submit.py:491} INFO - 
[2025-02-11T15:38:56.585+0000] {spark_submit.py:491} INFO - Starting data ingestion process (Bronze)...
[2025-02-11T15:38:56.589+0000] {spark_submit.py:491} INFO - Fetching Products Info...
[2025-02-11T15:38:56.748+0000] {spark_submit.py:491} INFO - Fetching data from: https://fakestoreapi.com/products
[2025-02-11T15:39:00.435+0000] {spark_submit.py:491} INFO - Fetching Users Info...
[2025-02-11T15:39:00.443+0000] {spark_submit.py:491} INFO - Fetching data from: https://fakestoreapi.com/users
[2025-02-11T15:39:01.126+0000] {spark_submit.py:491} INFO - Writing data to MinIO...
[2025-02-11T15:39:01.462+0000] {spark_submit.py:491} INFO - 25/02/11 15:39:01 INFO SparkContext: Running Spark version 3.4.0
[2025-02-11T15:39:01.661+0000] {spark_submit.py:491} INFO - 25/02/11 15:39:01 INFO ResourceUtils: ==============================================================
[2025-02-11T15:39:01.662+0000] {spark_submit.py:491} INFO - 25/02/11 15:39:01 INFO ResourceUtils: No custom resources configured for spark.driver.
[2025-02-11T15:39:01.664+0000] {spark_submit.py:491} INFO - 25/02/11 15:39:01 INFO ResourceUtils: ==============================================================
[2025-02-11T15:39:01.665+0000] {spark_submit.py:491} INFO - 25/02/11 15:39:01 INFO SparkContext: Submitted application: Write Json in Bronze
[2025-02-11T15:39:01.782+0000] {spark_submit.py:491} INFO - 25/02/11 15:39:01 INFO ResourceProfile: Default ResourceProfile created, executor resources: Map(memory -> name: memory, amount: 1024, script: , vendor: , offHeap -> name: offHeap, amount: 0, script: , vendor: ), task resources: Map(cpus -> name: cpus, amount: 1.0)
[2025-02-11T15:39:01.827+0000] {spark_submit.py:491} INFO - 25/02/11 15:39:01 INFO ResourceProfile: Limiting resource is cpu
[2025-02-11T15:39:01.838+0000] {spark_submit.py:491} INFO - 25/02/11 15:39:01 INFO ResourceProfileManager: Added ResourceProfile id: 0
[2025-02-11T15:39:02.397+0000] {spark_submit.py:491} INFO - 25/02/11 15:39:02 INFO SecurityManager: Changing view acls to: ***
[2025-02-11T15:39:02.399+0000] {spark_submit.py:491} INFO - 25/02/11 15:39:02 INFO SecurityManager: Changing modify acls to: ***
[2025-02-11T15:39:02.400+0000] {spark_submit.py:491} INFO - 25/02/11 15:39:02 INFO SecurityManager: Changing view acls groups to:
[2025-02-11T15:39:02.400+0000] {spark_submit.py:491} INFO - 25/02/11 15:39:02 INFO SecurityManager: Changing modify acls groups to:
[2025-02-11T15:39:02.401+0000] {spark_submit.py:491} INFO - 25/02/11 15:39:02 INFO SecurityManager: SecurityManager: authentication disabled; ui acls disabled; users with view permissions: ***; groups with view permissions: EMPTY; users with modify permissions: ***; groups with modify permissions: EMPTY
[2025-02-11T15:39:03.680+0000] {spark_submit.py:491} INFO - 25/02/11 15:39:03 INFO Utils: Successfully started service 'sparkDriver' on port 44601.
[2025-02-11T15:39:03.770+0000] {spark_submit.py:491} INFO - 25/02/11 15:39:03 INFO SparkEnv: Registering MapOutputTracker
[2025-02-11T15:39:03.880+0000] {spark_submit.py:491} INFO - 25/02/11 15:39:03 INFO SparkEnv: Registering BlockManagerMaster
[2025-02-11T15:39:03.942+0000] {spark_submit.py:491} INFO - 25/02/11 15:39:03 INFO BlockManagerMasterEndpoint: Using org.apache.spark.storage.DefaultTopologyMapper for getting topology information
[2025-02-11T15:39:03.943+0000] {spark_submit.py:491} INFO - 25/02/11 15:39:03 INFO BlockManagerMasterEndpoint: BlockManagerMasterEndpoint up
[2025-02-11T15:39:03.952+0000] {spark_submit.py:491} INFO - 25/02/11 15:39:03 INFO SparkEnv: Registering BlockManagerMasterHeartbeat
[2025-02-11T15:39:04.014+0000] {spark_submit.py:491} INFO - 25/02/11 15:39:04 INFO DiskBlockManager: Created local directory at /tmp/blockmgr-124816ce-3edb-4eef-a432-1b3df797d497
[2025-02-11T15:39:04.051+0000] {spark_submit.py:491} INFO - 25/02/11 15:39:04 INFO MemoryStore: MemoryStore started with capacity 434.4 MiB
[2025-02-11T15:39:04.099+0000] {spark_submit.py:491} INFO - 25/02/11 15:39:04 INFO SparkEnv: Registering OutputCommitCoordinator
[2025-02-11T15:39:04.725+0000] {spark_submit.py:491} INFO - 25/02/11 15:39:04 INFO JettyUtils: Start Jetty 0.0.0.0:4040 for SparkUI
[2025-02-11T15:39:04.934+0000] {spark_submit.py:491} INFO - 25/02/11 15:39:04 INFO Utils: Successfully started service 'SparkUI' on port 4040.
[2025-02-11T15:39:05.036+0000] {spark_submit.py:491} INFO - 25/02/11 15:39:05 INFO SparkContext: Added JAR file:///home/***/.ivy2/jars/com.typesafe_config-1.4.2.jar at spark://1921aa867cda:44601/jars/com.typesafe_config-1.4.2.jar with timestamp 1739288341216
[2025-02-11T15:39:05.036+0000] {spark_submit.py:491} INFO - 25/02/11 15:39:05 INFO SparkContext: Added JAR file:///home/***/.ivy2/jars/com.lihaoyi_requests_2.12-0.8.0.jar at spark://1921aa867cda:44601/jars/com.lihaoyi_requests_2.12-0.8.0.jar with timestamp 1739288341216
[2025-02-11T15:39:05.037+0000] {spark_submit.py:491} INFO - 25/02/11 15:39:05 INFO SparkContext: Added JAR file:///home/***/.ivy2/jars/io.circe_circe-core_2.12-0.14.1.jar at spark://1921aa867cda:44601/jars/io.circe_circe-core_2.12-0.14.1.jar with timestamp 1739288341216
[2025-02-11T15:39:05.037+0000] {spark_submit.py:491} INFO - 25/02/11 15:39:05 INFO SparkContext: Added JAR file:///home/***/.ivy2/jars/io.circe_circe-parser_2.12-0.14.1.jar at spark://1921aa867cda:44601/jars/io.circe_circe-parser_2.12-0.14.1.jar with timestamp 1739288341216
[2025-02-11T15:39:05.038+0000] {spark_submit.py:491} INFO - 25/02/11 15:39:05 INFO SparkContext: Added JAR file:///home/***/.ivy2/jars/io.circe_circe-generic_2.12-0.14.1.jar at spark://1921aa867cda:44601/jars/io.circe_circe-generic_2.12-0.14.1.jar with timestamp 1739288341216
[2025-02-11T15:39:05.038+0000] {spark_submit.py:491} INFO - 25/02/11 15:39:05 INFO SparkContext: Added JAR file:///home/***/.ivy2/jars/org.apache.hadoop_hadoop-aws-3.3.1.jar at spark://1921aa867cda:44601/jars/org.apache.hadoop_hadoop-aws-3.3.1.jar with timestamp 1739288341216
[2025-02-11T15:39:05.039+0000] {spark_submit.py:491} INFO - 25/02/11 15:39:05 INFO SparkContext: Added JAR file:///home/***/.ivy2/jars/com.amazonaws_aws-java-sdk-bundle-1.12.539.jar at spark://1921aa867cda:44601/jars/com.amazonaws_aws-java-sdk-bundle-1.12.539.jar with timestamp 1739288341216
[2025-02-11T15:39:05.040+0000] {spark_submit.py:491} INFO - 25/02/11 15:39:05 INFO SparkContext: Added JAR file:///home/***/.ivy2/jars/org.apache.iceberg_iceberg-spark-runtime-3.4_2.12-1.3.1.jar at spark://1921aa867cda:44601/jars/org.apache.iceberg_iceberg-spark-runtime-3.4_2.12-1.3.1.jar with timestamp 1739288341216
[2025-02-11T15:39:05.040+0000] {spark_submit.py:491} INFO - 25/02/11 15:39:05 INFO SparkContext: Added JAR file:///home/***/.ivy2/jars/com.lihaoyi_geny_2.12-1.0.0.jar at spark://1921aa867cda:44601/jars/com.lihaoyi_geny_2.12-1.0.0.jar with timestamp 1739288341216
[2025-02-11T15:39:05.044+0000] {spark_submit.py:491} INFO - 25/02/11 15:39:05 INFO SparkContext: Added JAR file:///home/***/.ivy2/jars/io.circe_circe-numbers_2.12-0.14.1.jar at spark://1921aa867cda:44601/jars/io.circe_circe-numbers_2.12-0.14.1.jar with timestamp 1739288341216
[2025-02-11T15:39:05.045+0000] {spark_submit.py:491} INFO - 25/02/11 15:39:05 INFO SparkContext: Added JAR file:///home/***/.ivy2/jars/org.typelevel_cats-core_2.12-2.6.1.jar at spark://1921aa867cda:44601/jars/org.typelevel_cats-core_2.12-2.6.1.jar with timestamp 1739288341216
[2025-02-11T15:39:05.051+0000] {spark_submit.py:491} INFO - 25/02/11 15:39:05 INFO SparkContext: Added JAR file:///home/***/.ivy2/jars/org.typelevel_cats-kernel_2.12-2.6.1.jar at spark://1921aa867cda:44601/jars/org.typelevel_cats-kernel_2.12-2.6.1.jar with timestamp 1739288341216
[2025-02-11T15:39:05.052+0000] {spark_submit.py:491} INFO - 25/02/11 15:39:05 INFO SparkContext: Added JAR file:///home/***/.ivy2/jars/org.typelevel_simulacrum-scalafix-annotations_2.12-0.5.4.jar at spark://1921aa867cda:44601/jars/org.typelevel_simulacrum-scalafix-annotations_2.12-0.5.4.jar with timestamp 1739288341216
[2025-02-11T15:39:05.063+0000] {spark_submit.py:491} INFO - 25/02/11 15:39:05 INFO SparkContext: Added JAR file:///home/***/.ivy2/jars/io.circe_circe-jawn_2.12-0.14.1.jar at spark://1921aa867cda:44601/jars/io.circe_circe-jawn_2.12-0.14.1.jar with timestamp 1739288341216
[2025-02-11T15:39:05.064+0000] {spark_submit.py:491} INFO - 25/02/11 15:39:05 INFO SparkContext: Added JAR file:///home/***/.ivy2/jars/org.typelevel_jawn-parser_2.12-1.1.2.jar at spark://1921aa867cda:44601/jars/org.typelevel_jawn-parser_2.12-1.1.2.jar with timestamp 1739288341216
[2025-02-11T15:39:05.066+0000] {spark_submit.py:491} INFO - 25/02/11 15:39:05 INFO SparkContext: Added JAR file:///home/***/.ivy2/jars/com.chuusai_shapeless_2.12-2.3.7.jar at spark://1921aa867cda:44601/jars/com.chuusai_shapeless_2.12-2.3.7.jar with timestamp 1739288341216
[2025-02-11T15:39:05.067+0000] {spark_submit.py:491} INFO - 25/02/11 15:39:05 INFO SparkContext: Added JAR file:///home/***/.ivy2/jars/org.wildfly.openssl_wildfly-openssl-1.0.7.Final.jar at spark://1921aa867cda:44601/jars/org.wildfly.openssl_wildfly-openssl-1.0.7.Final.jar with timestamp 1739288341216
[2025-02-11T15:39:05.068+0000] {spark_submit.py:491} INFO - 25/02/11 15:39:05 INFO SparkContext: Added JAR file:/opt/***/jars/scala-maven-project-2.0-SNAPSHOT.jar at spark://1921aa867cda:44601/jars/scala-maven-project-2.0-SNAPSHOT.jar with timestamp 1739288341216
[2025-02-11T15:39:05.337+0000] {spark_submit.py:491} INFO - 25/02/11 15:39:05 INFO StandaloneAppClient$ClientEndpoint: Connecting to master spark://spark:7077...
[2025-02-11T15:39:05.544+0000] {spark_submit.py:491} INFO - 25/02/11 15:39:05 INFO TransportClientFactory: Successfully created connection to spark/172.19.0.4:7077 after 145 ms (0 ms spent in bootstraps)
[2025-02-11T15:39:06.689+0000] {spark_submit.py:491} INFO - 25/02/11 15:39:06 INFO StandaloneSchedulerBackend: Connected to Spark cluster with app ID app-20250211153906-0003
[2025-02-11T15:39:06.716+0000] {spark_submit.py:491} INFO - 25/02/11 15:39:06 INFO Utils: Successfully started service 'org.apache.spark.network.netty.NettyBlockTransferService' on port 43479.
[2025-02-11T15:39:06.716+0000] {spark_submit.py:491} INFO - 25/02/11 15:39:06 INFO NettyBlockTransferService: Server created on 1921aa867cda:43479
[2025-02-11T15:39:06.727+0000] {spark_submit.py:491} INFO - 25/02/11 15:39:06 INFO BlockManager: Using org.apache.spark.storage.RandomBlockReplicationPolicy for block replication policy
[2025-02-11T15:39:06.746+0000] {spark_submit.py:491} INFO - 25/02/11 15:39:06 INFO StandaloneAppClient$ClientEndpoint: Executor added: app-20250211153906-0003/0 on worker-20250211151700-172.19.0.5-35911 (172.19.0.5:35911) with 2 core(s)
[2025-02-11T15:39:06.756+0000] {spark_submit.py:491} INFO - 25/02/11 15:39:06 INFO StandaloneSchedulerBackend: Granted executor ID app-20250211153906-0003/0 on hostPort 172.19.0.5:35911 with 2 core(s), 1024.0 MiB RAM
[2025-02-11T15:39:06.760+0000] {spark_submit.py:491} INFO - 25/02/11 15:39:06 INFO BlockManagerMaster: Registering BlockManager BlockManagerId(driver, 1921aa867cda, 43479, None)
[2025-02-11T15:39:06.777+0000] {spark_submit.py:491} INFO - 25/02/11 15:39:06 INFO BlockManagerMasterEndpoint: Registering block manager 1921aa867cda:43479 with 434.4 MiB RAM, BlockManagerId(driver, 1921aa867cda, 43479, None)
[2025-02-11T15:39:06.784+0000] {spark_submit.py:491} INFO - 25/02/11 15:39:06 INFO BlockManagerMaster: Registered BlockManager BlockManagerId(driver, 1921aa867cda, 43479, None)
[2025-02-11T15:39:06.787+0000] {spark_submit.py:491} INFO - 25/02/11 15:39:06 INFO BlockManager: Initialized BlockManager: BlockManagerId(driver, 1921aa867cda, 43479, None)
[2025-02-11T15:39:07.874+0000] {spark_submit.py:491} INFO - 25/02/11 15:39:07 INFO StandaloneAppClient$ClientEndpoint: Executor updated: app-20250211153906-0003/0 is now RUNNING
[2025-02-11T15:39:08.284+0000] {spark_submit.py:491} INFO - 25/02/11 15:39:08 INFO StandaloneSchedulerBackend: SchedulerBackend is ready for scheduling beginning after reached minRegisteredResourcesRatio: 0.0
[2025-02-11T15:39:09.671+0000] {spark_submit.py:491} INFO - new method:
[2025-02-11T15:39:09.676+0000] {spark_submit.py:491} INFO - Starting writeToMinIO for path: Products/Products_20250211
[2025-02-11T15:39:09.677+0000] {spark_submit.py:491} INFO - Using bucket: bronze
[2025-02-11T15:39:09.713+0000] {spark_submit.py:491} INFO - JSON string length: 10614
[2025-02-11T15:39:09.714+0000] {spark_submit.py:491} INFO - Converting to Dataset...
[2025-02-11T15:39:19.774+0000] {spark_submit.py:491} INFO - 25/02/11 15:39:19 INFO SharedState: Setting hive.metastore.warehouse.dir ('null') to the value of spark.sql.warehouse.dir.
[2025-02-11T15:39:19.790+0000] {spark_submit.py:491} INFO - 25/02/11 15:39:19 INFO SharedState: Warehouse path is 'file:/opt/***/spark-warehouse'.
[2025-02-11T15:39:26.842+0000] {spark_submit.py:491} INFO - 25/02/11 15:39:26 INFO CodeGenerator: Code generated in 1490.858903 ms
[2025-02-11T15:39:29.819+0000] {spark_submit.py:491} INFO - 25/02/11 15:39:29 INFO StandaloneSchedulerBackend$StandaloneDriverEndpoint: Registered executor NettyRpcEndpointRef(spark-client://Executor) (172.19.0.5:34332) with ID 0,  ResourceProfileId 0
[2025-02-11T15:39:30.594+0000] {spark_submit.py:491} INFO - 25/02/11 15:39:30 INFO BlockManagerMasterEndpoint: Registering block manager 172.19.0.5:37181 with 434.4 MiB RAM, BlockManagerId(0, 172.19.0.5, 37181, None)
[2025-02-11T15:39:31.872+0000] {spark_submit.py:491} INFO - Reading as DataFrame...
[2025-02-11T15:39:36.991+0000] {spark_submit.py:491} INFO - 25/02/11 15:39:36 INFO CodeGenerator: Code generated in 51.593256 ms
[2025-02-11T15:39:39.111+0000] {spark_submit.py:491} INFO - 25/02/11 15:39:39 INFO SparkContext: Starting job: json at WriterJsonBase.scala:33
[2025-02-11T15:39:39.357+0000] {spark_submit.py:491} INFO - 25/02/11 15:39:39 INFO DAGScheduler: Got job 0 (json at WriterJsonBase.scala:33) with 1 output partitions
[2025-02-11T15:39:39.399+0000] {spark_submit.py:491} INFO - 25/02/11 15:39:39 INFO DAGScheduler: Final stage: ResultStage 0 (json at WriterJsonBase.scala:33)
[2025-02-11T15:39:39.404+0000] {spark_submit.py:491} INFO - 25/02/11 15:39:39 INFO DAGScheduler: Parents of final stage: List()
[2025-02-11T15:39:39.417+0000] {spark_submit.py:491} INFO - 25/02/11 15:39:39 INFO DAGScheduler: Missing parents: List()
[2025-02-11T15:39:39.578+0000] {spark_submit.py:491} INFO - 25/02/11 15:39:39 INFO DAGScheduler: Submitting ResultStage 0 (MapPartitionsRDD[3] at json at WriterJsonBase.scala:33), which has no missing parents
[2025-02-11T15:39:43.286+0000] {spark_submit.py:491} INFO - 25/02/11 15:39:43 INFO MemoryStore: Block broadcast_0 stored as values in memory (estimated size 16.9 KiB, free 434.4 MiB)
[2025-02-11T15:39:44.273+0000] {spark_submit.py:491} INFO - 25/02/11 15:39:44 INFO MemoryStore: Block broadcast_0_piece0 stored as bytes in memory (estimated size 7.2 KiB, free 434.4 MiB)
[2025-02-11T15:39:44.286+0000] {spark_submit.py:491} INFO - 25/02/11 15:39:44 INFO BlockManagerInfo: Added broadcast_0_piece0 in memory on 1921aa867cda:43479 (size: 7.2 KiB, free: 434.4 MiB)
[2025-02-11T15:39:44.302+0000] {spark_submit.py:491} INFO - 25/02/11 15:39:44 INFO SparkContext: Created broadcast 0 from broadcast at DAGScheduler.scala:1535
[2025-02-11T15:39:44.349+0000] {spark_submit.py:491} INFO - 25/02/11 15:39:44 INFO DAGScheduler: Submitting 1 missing tasks from ResultStage 0 (MapPartitionsRDD[3] at json at WriterJsonBase.scala:33) (first 15 tasks are for partitions Vector(0))
[2025-02-11T15:39:44.352+0000] {spark_submit.py:491} INFO - 25/02/11 15:39:44 INFO TaskSchedulerImpl: Adding task set 0.0 with 1 tasks resource profile 0
[2025-02-11T15:40:24.366+0000] {spark_submit.py:491} INFO - 25/02/11 15:40:24 INFO TaskSetManager: Starting task 0.0 in stage 0.0 (TID 0) (172.19.0.5, executor 0, partition 0, PROCESS_LOCAL, 18216 bytes)
[2025-02-11T15:40:25.986+0000] {spark_submit.py:491} INFO - 25/02/11 15:40:25 INFO BlockManagerInfo: Added broadcast_0_piece0 in memory on 172.19.0.5:37181 (size: 7.2 KiB, free: 434.4 MiB)
[2025-02-11T15:40:27.669+0000] {spark_submit.py:491} INFO - 25/02/11 15:40:27 INFO TaskSetManager: Finished task 0.0 in stage 0.0 (TID 0) in 3508 ms on 172.19.0.5 (executor 0) (1/1)
[2025-02-11T15:40:27.680+0000] {spark_submit.py:491} INFO - 25/02/11 15:40:27 INFO TaskSchedulerImpl: Removed TaskSet 0.0, whose tasks have all completed, from pool
[2025-02-11T15:40:27.698+0000] {spark_submit.py:491} INFO - 25/02/11 15:40:27 INFO DAGScheduler: ResultStage 0 (json at WriterJsonBase.scala:33) finished in 47.961 s
[2025-02-11T15:40:27.705+0000] {spark_submit.py:491} INFO - 25/02/11 15:40:27 INFO DAGScheduler: Job 0 is finished. Cancelling potential speculative or zombie tasks for this job
[2025-02-11T15:40:27.708+0000] {spark_submit.py:491} INFO - 25/02/11 15:40:27 INFO TaskSchedulerImpl: Killing all running tasks in stage 0: Stage finished
[2025-02-11T15:40:27.721+0000] {spark_submit.py:491} INFO - 25/02/11 15:40:27 INFO DAGScheduler: Job 0 finished: json at WriterJsonBase.scala:33, took 48.632490 s
[2025-02-11T15:40:28.679+0000] {spark_submit.py:491} INFO - Writing to full path: s3a://bronze/Products/Products_20250211
[2025-02-11T15:40:29.302+0000] {spark_submit.py:491} INFO - 25/02/11 15:40:29 INFO BlockManagerInfo: Removed broadcast_0_piece0 on 1921aa867cda:43479 in memory (size: 7.2 KiB, free: 434.4 MiB)
[2025-02-11T15:40:29.309+0000] {spark_submit.py:491} INFO - 25/02/11 15:40:29 INFO BlockManagerInfo: Removed broadcast_0_piece0 on 172.19.0.5:37181 in memory (size: 7.2 KiB, free: 434.4 MiB)
[2025-02-11T15:40:29.975+0000] {spark_submit.py:491} INFO - 25/02/11 15:40:29 WARN MetricsConfig: Cannot locate configuration: tried hadoop-metrics2-s3a-file-system.properties,hadoop-metrics2.properties
[2025-02-11T15:40:30.164+0000] {spark_submit.py:491} INFO - 25/02/11 15:40:30 INFO MetricsSystemImpl: Scheduled Metric snapshot period at 10 second(s).
[2025-02-11T15:40:30.165+0000] {spark_submit.py:491} INFO - 25/02/11 15:40:30 INFO MetricsSystemImpl: s3a-file-system metrics system started
[2025-02-11T15:40:35.236+0000] {spark_submit.py:491} INFO - 25/02/11 15:40:35 INFO FileOutputCommitter: File Output Committer Algorithm version is 1
[2025-02-11T15:40:35.241+0000] {spark_submit.py:491} INFO - 25/02/11 15:40:35 INFO FileOutputCommitter: FileOutputCommitter skip cleanup _temporary folders under output directory:false, ignore cleanup failures: false
[2025-02-11T15:40:35.243+0000] {spark_submit.py:491} INFO - 25/02/11 15:40:35 INFO SQLHadoopMapReduceCommitProtocol: Using output committer class org.apache.hadoop.mapreduce.lib.output.FileOutputCommitter
[2025-02-11T15:40:36.191+0000] {spark_submit.py:491} INFO - 25/02/11 15:40:36 INFO CodeGenerator: Code generated in 230.549206 ms
[2025-02-11T15:40:36.242+0000] {spark_submit.py:491} INFO - 25/02/11 15:40:36 INFO SparkContext: Starting job: save at WriterJsonBase.scala:43
[2025-02-11T15:40:36.256+0000] {spark_submit.py:491} INFO - 25/02/11 15:40:36 INFO DAGScheduler: Got job 1 (save at WriterJsonBase.scala:43) with 1 output partitions
[2025-02-11T15:40:36.257+0000] {spark_submit.py:491} INFO - 25/02/11 15:40:36 INFO DAGScheduler: Final stage: ResultStage 1 (save at WriterJsonBase.scala:43)
[2025-02-11T15:40:36.258+0000] {spark_submit.py:491} INFO - 25/02/11 15:40:36 INFO DAGScheduler: Parents of final stage: List()
[2025-02-11T15:40:36.258+0000] {spark_submit.py:491} INFO - 25/02/11 15:40:36 INFO DAGScheduler: Missing parents: List()
[2025-02-11T15:40:36.264+0000] {spark_submit.py:491} INFO - 25/02/11 15:40:36 INFO DAGScheduler: Submitting ResultStage 1 (MapPartitionsRDD[11] at save at WriterJsonBase.scala:43), which has no missing parents
[2025-02-11T15:40:36.423+0000] {spark_submit.py:491} INFO - 25/02/11 15:40:36 INFO MemoryStore: Block broadcast_1 stored as values in memory (estimated size 244.3 KiB, free 434.2 MiB)
[2025-02-11T15:40:36.505+0000] {spark_submit.py:491} INFO - 25/02/11 15:40:36 INFO MemoryStore: Block broadcast_1_piece0 stored as bytes in memory (estimated size 88.5 KiB, free 434.1 MiB)
[2025-02-11T15:40:36.513+0000] {spark_submit.py:491} INFO - 25/02/11 15:40:36 INFO BlockManagerInfo: Added broadcast_1_piece0 in memory on 1921aa867cda:43479 (size: 88.5 KiB, free: 434.3 MiB)
[2025-02-11T15:40:36.515+0000] {spark_submit.py:491} INFO - 25/02/11 15:40:36 INFO SparkContext: Created broadcast 1 from broadcast at DAGScheduler.scala:1535
[2025-02-11T15:40:36.524+0000] {spark_submit.py:491} INFO - 25/02/11 15:40:36 INFO DAGScheduler: Submitting 1 missing tasks from ResultStage 1 (MapPartitionsRDD[11] at save at WriterJsonBase.scala:43) (first 15 tasks are for partitions Vector(0))
[2025-02-11T15:40:36.525+0000] {spark_submit.py:491} INFO - 25/02/11 15:40:36 INFO TaskSchedulerImpl: Adding task set 1.0 with 1 tasks resource profile 0
[2025-02-11T15:40:36.531+0000] {spark_submit.py:491} INFO - 25/02/11 15:40:36 INFO TaskSetManager: Starting task 0.0 in stage 1.0 (TID 1) (172.19.0.5, executor 0, partition 0, PROCESS_LOCAL, 18216 bytes)
[2025-02-11T15:40:36.601+0000] {spark_submit.py:491} INFO - 25/02/11 15:40:36 INFO BlockManagerInfo: Added broadcast_1_piece0 in memory on 172.19.0.5:37181 (size: 88.5 KiB, free: 434.3 MiB)
[2025-02-11T15:40:49.072+0000] {spark_submit.py:491} INFO - 25/02/11 15:40:49 INFO TaskSetManager: Finished task 0.0 in stage 1.0 (TID 1) in 12534 ms on 172.19.0.5 (executor 0) (1/1)
[2025-02-11T15:40:49.083+0000] {spark_submit.py:491} INFO - 25/02/11 15:40:49 INFO TaskSchedulerImpl: Removed TaskSet 1.0, whose tasks have all completed, from pool
[2025-02-11T15:40:49.085+0000] {spark_submit.py:491} INFO - 25/02/11 15:40:49 INFO DAGScheduler: ResultStage 1 (save at WriterJsonBase.scala:43) finished in 12.803 s
[2025-02-11T15:40:49.085+0000] {spark_submit.py:491} INFO - 25/02/11 15:40:49 INFO DAGScheduler: Job 1 is finished. Cancelling potential speculative or zombie tasks for this job
[2025-02-11T15:40:49.086+0000] {spark_submit.py:491} INFO - 25/02/11 15:40:49 INFO TaskSchedulerImpl: Killing all running tasks in stage 1: Stage finished
[2025-02-11T15:40:49.090+0000] {spark_submit.py:491} INFO - 25/02/11 15:40:49 INFO DAGScheduler: Job 1 finished: save at WriterJsonBase.scala:43, took 12.831317 s
[2025-02-11T15:40:49.091+0000] {spark_submit.py:491} INFO - 25/02/11 15:40:49 INFO FileFormatWriter: Start to commit write Job eab6bdd7-dc33-48b4-b788-a57560da76b7.
[2025-02-11T15:40:49.708+0000] {spark_submit.py:491} INFO - 25/02/11 15:40:49 INFO FileFormatWriter: Write Job eab6bdd7-dc33-48b4-b788-a57560da76b7 committed. Elapsed time: 615 ms.
[2025-02-11T15:40:49.717+0000] {spark_submit.py:491} INFO - 25/02/11 15:40:49 INFO FileFormatWriter: Finished processing stats for write job eab6bdd7-dc33-48b4-b788-a57560da76b7.
[2025-02-11T15:40:49.731+0000] {spark_submit.py:491} INFO - Data written successfully to MinIO: s3a://bronze/Products/Products_20250211
[2025-02-11T15:40:49.757+0000] {spark_submit.py:491} INFO - new method:
[2025-02-11T15:40:49.765+0000] {spark_submit.py:491} INFO - Starting writeToMinIO for path: Users/Users_20250211
[2025-02-11T15:40:49.766+0000] {spark_submit.py:491} INFO - Using bucket: bronze
[2025-02-11T15:40:49.771+0000] {spark_submit.py:491} INFO - JSON string length: 2990
[2025-02-11T15:40:49.776+0000] {spark_submit.py:491} INFO - Converting to Dataset...
[2025-02-11T15:40:50.021+0000] {spark_submit.py:491} INFO - Reading as DataFrame...
[2025-02-11T15:40:50.081+0000] {spark_submit.py:491} INFO - 25/02/11 15:40:50 INFO SparkContext: Starting job: json at WriterJsonBase.scala:33
[2025-02-11T15:40:50.085+0000] {spark_submit.py:491} INFO - 25/02/11 15:40:50 INFO DAGScheduler: Got job 2 (json at WriterJsonBase.scala:33) with 1 output partitions
[2025-02-11T15:40:50.088+0000] {spark_submit.py:491} INFO - 25/02/11 15:40:50 INFO DAGScheduler: Final stage: ResultStage 2 (json at WriterJsonBase.scala:33)
[2025-02-11T15:40:50.089+0000] {spark_submit.py:491} INFO - 25/02/11 15:40:50 INFO DAGScheduler: Parents of final stage: List()
[2025-02-11T15:40:50.090+0000] {spark_submit.py:491} INFO - 25/02/11 15:40:50 INFO DAGScheduler: Missing parents: List()
[2025-02-11T15:40:50.092+0000] {spark_submit.py:491} INFO - 25/02/11 15:40:50 INFO DAGScheduler: Submitting ResultStage 2 (MapPartitionsRDD[15] at json at WriterJsonBase.scala:33), which has no missing parents
[2025-02-11T15:40:50.106+0000] {spark_submit.py:491} INFO - 25/02/11 15:40:50 INFO MemoryStore: Block broadcast_2 stored as values in memory (estimated size 16.9 KiB, free 434.1 MiB)
[2025-02-11T15:40:50.169+0000] {spark_submit.py:491} INFO - 25/02/11 15:40:50 INFO MemoryStore: Block broadcast_2_piece0 stored as bytes in memory (estimated size 7.2 KiB, free 434.1 MiB)
[2025-02-11T15:40:50.174+0000] {spark_submit.py:491} INFO - 25/02/11 15:40:50 INFO BlockManagerInfo: Added broadcast_2_piece0 in memory on 1921aa867cda:43479 (size: 7.2 KiB, free: 434.3 MiB)
[2025-02-11T15:40:50.175+0000] {spark_submit.py:491} INFO - 25/02/11 15:40:50 INFO SparkContext: Created broadcast 2 from broadcast at DAGScheduler.scala:1535
[2025-02-11T15:40:50.177+0000] {spark_submit.py:491} INFO - 25/02/11 15:40:50 INFO DAGScheduler: Submitting 1 missing tasks from ResultStage 2 (MapPartitionsRDD[15] at json at WriterJsonBase.scala:33) (first 15 tasks are for partitions Vector(0))
[2025-02-11T15:40:50.179+0000] {spark_submit.py:491} INFO - 25/02/11 15:40:50 INFO TaskSchedulerImpl: Adding task set 2.0 with 1 tasks resource profile 0
[2025-02-11T15:40:50.182+0000] {spark_submit.py:491} INFO - 25/02/11 15:40:50 INFO TaskSetManager: Starting task 0.0 in stage 2.0 (TID 2) (172.19.0.5, executor 0, partition 0, PROCESS_LOCAL, 10544 bytes)
[2025-02-11T15:40:50.256+0000] {spark_submit.py:491} INFO - 25/02/11 15:40:50 INFO BlockManagerInfo: Added broadcast_2_piece0 in memory on 172.19.0.5:37181 (size: 7.2 KiB, free: 434.3 MiB)
[2025-02-11T15:40:50.305+0000] {spark_submit.py:491} INFO - 25/02/11 15:40:50 INFO TaskSetManager: Finished task 0.0 in stage 2.0 (TID 2) in 125 ms on 172.19.0.5 (executor 0) (1/1)
[2025-02-11T15:40:50.306+0000] {spark_submit.py:491} INFO - 25/02/11 15:40:50 INFO TaskSchedulerImpl: Removed TaskSet 2.0, whose tasks have all completed, from pool
[2025-02-11T15:40:50.307+0000] {spark_submit.py:491} INFO - 25/02/11 15:40:50 INFO DAGScheduler: ResultStage 2 (json at WriterJsonBase.scala:33) finished in 0.214 s
[2025-02-11T15:40:50.309+0000] {spark_submit.py:491} INFO - 25/02/11 15:40:50 INFO DAGScheduler: Job 2 is finished. Cancelling potential speculative or zombie tasks for this job
[2025-02-11T15:40:50.311+0000] {spark_submit.py:491} INFO - 25/02/11 15:40:50 INFO TaskSchedulerImpl: Killing all running tasks in stage 2: Stage finished
[2025-02-11T15:40:50.312+0000] {spark_submit.py:491} INFO - 25/02/11 15:40:50 INFO DAGScheduler: Job 2 finished: json at WriterJsonBase.scala:33, took 0.226013 s
[2025-02-11T15:40:50.414+0000] {spark_submit.py:491} INFO - Writing to full path: s3a://bronze/Users/Users_20250211
[2025-02-11T15:40:50.639+0000] {spark_submit.py:491} INFO - 25/02/11 15:40:50 INFO FileOutputCommitter: File Output Committer Algorithm version is 1
[2025-02-11T15:40:50.640+0000] {spark_submit.py:491} INFO - 25/02/11 15:40:50 INFO FileOutputCommitter: FileOutputCommitter skip cleanup _temporary folders under output directory:false, ignore cleanup failures: false
[2025-02-11T15:40:50.641+0000] {spark_submit.py:491} INFO - 25/02/11 15:40:50 INFO SQLHadoopMapReduceCommitProtocol: Using output committer class org.apache.hadoop.mapreduce.lib.output.FileOutputCommitter
[2025-02-11T15:40:50.903+0000] {spark_submit.py:491} INFO - 25/02/11 15:40:50 INFO CodeGenerator: Code generated in 145.387905 ms
[2025-02-11T15:40:50.944+0000] {spark_submit.py:491} INFO - 25/02/11 15:40:50 INFO SparkContext: Starting job: save at WriterJsonBase.scala:43
[2025-02-11T15:40:50.955+0000] {spark_submit.py:491} INFO - 25/02/11 15:40:50 INFO DAGScheduler: Got job 3 (save at WriterJsonBase.scala:43) with 1 output partitions
[2025-02-11T15:40:50.956+0000] {spark_submit.py:491} INFO - 25/02/11 15:40:50 INFO DAGScheduler: Final stage: ResultStage 3 (save at WriterJsonBase.scala:43)
[2025-02-11T15:40:50.957+0000] {spark_submit.py:491} INFO - 25/02/11 15:40:50 INFO DAGScheduler: Parents of final stage: List()
[2025-02-11T15:40:50.960+0000] {spark_submit.py:491} INFO - 25/02/11 15:40:50 INFO DAGScheduler: Missing parents: List()
[2025-02-11T15:40:50.961+0000] {spark_submit.py:491} INFO - 25/02/11 15:40:50 INFO DAGScheduler: Submitting ResultStage 3 (MapPartitionsRDD[23] at save at WriterJsonBase.scala:43), which has no missing parents
[2025-02-11T15:40:51.073+0000] {spark_submit.py:491} INFO - 25/02/11 15:40:51 INFO MemoryStore: Block broadcast_3 stored as values in memory (estimated size 247.2 KiB, free 433.8 MiB)
[2025-02-11T15:40:51.178+0000] {spark_submit.py:491} INFO - 25/02/11 15:40:51 INFO MemoryStore: Block broadcast_3_piece0 stored as bytes in memory (estimated size 89.7 KiB, free 433.7 MiB)
[2025-02-11T15:40:51.179+0000] {spark_submit.py:491} INFO - 25/02/11 15:40:51 INFO BlockManagerInfo: Added broadcast_3_piece0 in memory on 1921aa867cda:43479 (size: 89.7 KiB, free: 434.2 MiB)
[2025-02-11T15:40:51.180+0000] {spark_submit.py:491} INFO - 25/02/11 15:40:51 INFO SparkContext: Created broadcast 3 from broadcast at DAGScheduler.scala:1535
[2025-02-11T15:40:51.183+0000] {spark_submit.py:491} INFO - 25/02/11 15:40:51 INFO DAGScheduler: Submitting 1 missing tasks from ResultStage 3 (MapPartitionsRDD[23] at save at WriterJsonBase.scala:43) (first 15 tasks are for partitions Vector(0))
[2025-02-11T15:40:51.184+0000] {spark_submit.py:491} INFO - 25/02/11 15:40:51 INFO TaskSchedulerImpl: Adding task set 3.0 with 1 tasks resource profile 0
[2025-02-11T15:40:51.185+0000] {spark_submit.py:491} INFO - 25/02/11 15:40:51 INFO TaskSetManager: Starting task 0.0 in stage 3.0 (TID 3) (172.19.0.5, executor 0, partition 0, PROCESS_LOCAL, 10544 bytes)
[2025-02-11T15:40:51.219+0000] {spark_submit.py:491} INFO - 25/02/11 15:40:51 INFO BlockManagerInfo: Added broadcast_3_piece0 in memory on 172.19.0.5:37181 (size: 89.7 KiB, free: 434.2 MiB)
[2025-02-11T15:40:51.986+0000] {spark_submit.py:491} INFO - 25/02/11 15:40:51 INFO TaskSetManager: Finished task 0.0 in stage 3.0 (TID 3) in 801 ms on 172.19.0.5 (executor 0) (1/1)
[2025-02-11T15:40:51.990+0000] {spark_submit.py:491} INFO - 25/02/11 15:40:51 INFO TaskSchedulerImpl: Removed TaskSet 3.0, whose tasks have all completed, from pool
[2025-02-11T15:40:51.993+0000] {spark_submit.py:491} INFO - 25/02/11 15:40:51 INFO DAGScheduler: ResultStage 3 (save at WriterJsonBase.scala:43) finished in 1.042 s
[2025-02-11T15:40:51.994+0000] {spark_submit.py:491} INFO - 25/02/11 15:40:51 INFO DAGScheduler: Job 3 is finished. Cancelling potential speculative or zombie tasks for this job
[2025-02-11T15:40:51.995+0000] {spark_submit.py:491} INFO - 25/02/11 15:40:51 INFO TaskSchedulerImpl: Killing all running tasks in stage 3: Stage finished
[2025-02-11T15:40:52.006+0000] {spark_submit.py:491} INFO - 25/02/11 15:40:52 INFO DAGScheduler: Job 3 finished: save at WriterJsonBase.scala:43, took 1.051519 s
[2025-02-11T15:40:52.010+0000] {spark_submit.py:491} INFO - 25/02/11 15:40:52 INFO FileFormatWriter: Start to commit write Job 2213673d-0fda-49fe-8c2b-faaf46f4a995.
[2025-02-11T15:40:52.358+0000] {spark_submit.py:491} INFO - 25/02/11 15:40:52 INFO BlockManagerInfo: Removed broadcast_1_piece0 on 1921aa867cda:43479 in memory (size: 88.5 KiB, free: 434.3 MiB)
[2025-02-11T15:40:52.359+0000] {spark_submit.py:491} INFO - 25/02/11 15:40:52 INFO BlockManagerInfo: Removed broadcast_1_piece0 on 172.19.0.5:37181 in memory (size: 88.5 KiB, free: 434.3 MiB)
[2025-02-11T15:40:52.381+0000] {spark_submit.py:491} INFO - 25/02/11 15:40:52 INFO BlockManagerInfo: Removed broadcast_2_piece0 on 1921aa867cda:43479 in memory (size: 7.2 KiB, free: 434.3 MiB)
[2025-02-11T15:40:52.385+0000] {spark_submit.py:491} INFO - 25/02/11 15:40:52 INFO BlockManagerInfo: Removed broadcast_2_piece0 on 172.19.0.5:37181 in memory (size: 7.2 KiB, free: 434.3 MiB)
[2025-02-11T15:40:52.456+0000] {spark_submit.py:491} INFO - 25/02/11 15:40:52 INFO BlockManagerInfo: Removed broadcast_3_piece0 on 1921aa867cda:43479 in memory (size: 89.7 KiB, free: 434.4 MiB)
[2025-02-11T15:40:52.461+0000] {spark_submit.py:491} INFO - 25/02/11 15:40:52 INFO BlockManagerInfo: Removed broadcast_3_piece0 on 172.19.0.5:37181 in memory (size: 89.7 KiB, free: 434.4 MiB)
[2025-02-11T15:40:52.491+0000] {spark_submit.py:491} INFO - 25/02/11 15:40:52 INFO FileFormatWriter: Write Job 2213673d-0fda-49fe-8c2b-faaf46f4a995 committed. Elapsed time: 481 ms.
[2025-02-11T15:40:52.494+0000] {spark_submit.py:491} INFO - 25/02/11 15:40:52 INFO FileFormatWriter: Finished processing stats for write job 2213673d-0fda-49fe-8c2b-faaf46f4a995.
[2025-02-11T15:40:52.495+0000] {spark_submit.py:491} INFO - Data written successfully to MinIO: s3a://bronze/Users/Users_20250211
[2025-02-11T15:40:52.496+0000] {spark_submit.py:491} INFO - Data ingestion completed successfully in Bronze.
[2025-02-11T15:40:52.512+0000] {spark_submit.py:491} INFO - 25/02/11 15:40:52 INFO SparkContext: Invoking stop() from shutdown hook
[2025-02-11T15:40:52.513+0000] {spark_submit.py:491} INFO - 25/02/11 15:40:52 INFO SparkContext: SparkContext is stopping with exitCode 0.
[2025-02-11T15:40:52.583+0000] {spark_submit.py:491} INFO - 25/02/11 15:40:52 INFO SparkUI: Stopped Spark web UI at http://1921aa867cda:4040
[2025-02-11T15:40:52.599+0000] {spark_submit.py:491} INFO - 25/02/11 15:40:52 INFO StandaloneSchedulerBackend: Shutting down all executors
[2025-02-11T15:40:52.600+0000] {spark_submit.py:491} INFO - 25/02/11 15:40:52 INFO StandaloneSchedulerBackend$StandaloneDriverEndpoint: Asking each executor to shut down
[2025-02-11T15:40:52.715+0000] {spark_submit.py:491} INFO - 25/02/11 15:40:52 INFO MapOutputTrackerMasterEndpoint: MapOutputTrackerMasterEndpoint stopped!
[2025-02-11T15:40:53.163+0000] {spark_submit.py:491} INFO - 25/02/11 15:40:53 INFO MemoryStore: MemoryStore cleared
[2025-02-11T15:40:53.173+0000] {spark_submit.py:491} INFO - 25/02/11 15:40:53 INFO BlockManager: BlockManager stopped
[2025-02-11T15:40:53.186+0000] {spark_submit.py:491} INFO - 25/02/11 15:40:53 INFO BlockManagerMaster: BlockManagerMaster stopped
[2025-02-11T15:40:53.192+0000] {spark_submit.py:491} INFO - 25/02/11 15:40:53 INFO OutputCommitCoordinator$OutputCommitCoordinatorEndpoint: OutputCommitCoordinator stopped!
[2025-02-11T15:40:53.281+0000] {spark_submit.py:491} INFO - 25/02/11 15:40:53 INFO SparkContext: Successfully stopped SparkContext
[2025-02-11T15:40:53.283+0000] {spark_submit.py:491} INFO - 25/02/11 15:40:53 INFO ShutdownHookManager: Shutdown hook called
[2025-02-11T15:40:53.284+0000] {spark_submit.py:491} INFO - 25/02/11 15:40:53 INFO ShutdownHookManager: Deleting directory /tmp/spark-8feb33d4-a1be-4ebe-9736-42f5f8881607
[2025-02-11T15:40:53.313+0000] {spark_submit.py:491} INFO - 25/02/11 15:40:53 INFO ShutdownHookManager: Deleting directory /tmp/spark-17caad95-a3b4-42bf-a2d3-0cb2226cf3cc
[2025-02-11T15:40:53.419+0000] {spark_submit.py:491} INFO - 25/02/11 15:40:53 INFO MetricsSystemImpl: Stopping s3a-file-system metrics system...
[2025-02-11T15:40:53.419+0000] {spark_submit.py:491} INFO - 25/02/11 15:40:53 INFO MetricsSystemImpl: s3a-file-system metrics system stopped.
[2025-02-11T15:40:53.422+0000] {spark_submit.py:491} INFO - 25/02/11 15:40:53 INFO MetricsSystemImpl: s3a-file-system metrics system shutdown complete.
[2025-02-11T15:40:54.667+0000] {taskinstance.py:1345} INFO - Marking task as SUCCESS. dag_id=DAG_ETL_daily_jobs, task_id=bronze_job, execution_date=20250211T153825, start_date=20250211T153840, end_date=20250211T154054
[2025-02-11T15:40:54.913+0000] {local_task_job_runner.py:225} INFO - Task exited with return code 0
[2025-02-11T15:40:55.169+0000] {taskinstance.py:2653} INFO - 1 downstream tasks scheduled from follow-on schedule check
